[2024-05-20T02:51:41.716+0000] {processor.py:161} INFO - Started process (PID=73) to work on /home/airflow/.local/lib/python3.12/site-packages/airflow/example_dags/example_task_group_decorator.py
[2024-05-20T02:51:41.717+0000] {processor.py:830} INFO - Processing file /home/airflow/.local/lib/python3.12/site-packages/airflow/example_dags/example_task_group_decorator.py for tasks to queue
[2024-05-20T02:51:41.718+0000] {logging_mixin.py:188} INFO - [2024-05-20T02:51:41.718+0000] {dagbag.py:545} INFO - Filling up the DagBag from /home/airflow/.local/lib/python3.12/site-packages/airflow/example_dags/example_task_group_decorator.py
[2024-05-20T02:51:41.725+0000] {processor.py:840} INFO - DAG(s) 'example_task_group_decorator' retrieved from /home/airflow/.local/lib/python3.12/site-packages/airflow/example_dags/example_task_group_decorator.py
[2024-05-20T02:51:41.733+0000] {logging_mixin.py:188} INFO - [2024-05-20T02:51:41.733+0000] {dag.py:3096} INFO - Sync 1 DAGs
[2024-05-20T02:51:41.749+0000] {logging_mixin.py:188} INFO - [2024-05-20T02:51:41.749+0000] {dag.py:3954} INFO - Setting next_dagrun for example_task_group_decorator to 2024-05-19 00:00:00+00:00, run_after=2024-05-20 00:00:00+00:00
[2024-05-20T02:51:41.760+0000] {processor.py:183} INFO - Processing /home/airflow/.local/lib/python3.12/site-packages/airflow/example_dags/example_task_group_decorator.py took 0.047 seconds
[2024-05-20T02:52:12.084+0000] {processor.py:161} INFO - Started process (PID=131) to work on /home/airflow/.local/lib/python3.12/site-packages/airflow/example_dags/example_task_group_decorator.py
[2024-05-20T02:52:12.085+0000] {processor.py:830} INFO - Processing file /home/airflow/.local/lib/python3.12/site-packages/airflow/example_dags/example_task_group_decorator.py for tasks to queue
[2024-05-20T02:52:12.089+0000] {logging_mixin.py:188} INFO - [2024-05-20T02:52:12.088+0000] {dagbag.py:545} INFO - Filling up the DagBag from /home/airflow/.local/lib/python3.12/site-packages/airflow/example_dags/example_task_group_decorator.py
[2024-05-20T02:52:12.096+0000] {processor.py:840} INFO - DAG(s) 'example_task_group_decorator' retrieved from /home/airflow/.local/lib/python3.12/site-packages/airflow/example_dags/example_task_group_decorator.py
[2024-05-20T02:52:12.144+0000] {logging_mixin.py:188} INFO - [2024-05-20T02:52:12.144+0000] {dag.py:3096} INFO - Sync 1 DAGs
[2024-05-20T02:52:12.155+0000] {logging_mixin.py:188} INFO - [2024-05-20T02:52:12.155+0000] {dag.py:3954} INFO - Setting next_dagrun for example_task_group_decorator to 2024-05-19 00:00:00+00:00, run_after=2024-05-20 00:00:00+00:00
[2024-05-20T02:52:12.164+0000] {processor.py:183} INFO - Processing /home/airflow/.local/lib/python3.12/site-packages/airflow/example_dags/example_task_group_decorator.py took 0.083 seconds
[2024-05-20T02:52:43.048+0000] {processor.py:161} INFO - Started process (PID=189) to work on /home/airflow/.local/lib/python3.12/site-packages/airflow/example_dags/example_task_group_decorator.py
[2024-05-20T02:52:43.049+0000] {processor.py:830} INFO - Processing file /home/airflow/.local/lib/python3.12/site-packages/airflow/example_dags/example_task_group_decorator.py for tasks to queue
[2024-05-20T02:52:43.050+0000] {logging_mixin.py:188} INFO - [2024-05-20T02:52:43.050+0000] {dagbag.py:545} INFO - Filling up the DagBag from /home/airflow/.local/lib/python3.12/site-packages/airflow/example_dags/example_task_group_decorator.py
[2024-05-20T02:52:43.057+0000] {processor.py:840} INFO - DAG(s) 'example_task_group_decorator' retrieved from /home/airflow/.local/lib/python3.12/site-packages/airflow/example_dags/example_task_group_decorator.py
[2024-05-20T02:52:43.070+0000] {logging_mixin.py:188} INFO - [2024-05-20T02:52:43.070+0000] {dag.py:3096} INFO - Sync 1 DAGs
[2024-05-20T02:52:43.081+0000] {logging_mixin.py:188} INFO - [2024-05-20T02:52:43.081+0000] {dag.py:3954} INFO - Setting next_dagrun for example_task_group_decorator to 2024-05-19 00:00:00+00:00, run_after=2024-05-20 00:00:00+00:00
[2024-05-20T02:52:43.091+0000] {processor.py:183} INFO - Processing /home/airflow/.local/lib/python3.12/site-packages/airflow/example_dags/example_task_group_decorator.py took 0.045 seconds
[2024-05-20T02:53:13.219+0000] {processor.py:161} INFO - Started process (PID=247) to work on /home/airflow/.local/lib/python3.12/site-packages/airflow/example_dags/example_task_group_decorator.py
[2024-05-20T02:53:13.220+0000] {processor.py:830} INFO - Processing file /home/airflow/.local/lib/python3.12/site-packages/airflow/example_dags/example_task_group_decorator.py for tasks to queue
[2024-05-20T02:53:13.221+0000] {logging_mixin.py:188} INFO - [2024-05-20T02:53:13.221+0000] {dagbag.py:545} INFO - Filling up the DagBag from /home/airflow/.local/lib/python3.12/site-packages/airflow/example_dags/example_task_group_decorator.py
[2024-05-20T02:53:13.228+0000] {processor.py:840} INFO - DAG(s) 'example_task_group_decorator' retrieved from /home/airflow/.local/lib/python3.12/site-packages/airflow/example_dags/example_task_group_decorator.py
[2024-05-20T02:53:13.242+0000] {logging_mixin.py:188} INFO - [2024-05-20T02:53:13.242+0000] {dag.py:3096} INFO - Sync 1 DAGs
[2024-05-20T02:53:13.253+0000] {logging_mixin.py:188} INFO - [2024-05-20T02:53:13.253+0000] {dag.py:3954} INFO - Setting next_dagrun for example_task_group_decorator to 2024-05-19 00:00:00+00:00, run_after=2024-05-20 00:00:00+00:00
[2024-05-20T02:53:13.262+0000] {processor.py:183} INFO - Processing /home/airflow/.local/lib/python3.12/site-packages/airflow/example_dags/example_task_group_decorator.py took 0.046 seconds
[2024-05-20T02:53:44.213+0000] {processor.py:161} INFO - Started process (PID=305) to work on /home/airflow/.local/lib/python3.12/site-packages/airflow/example_dags/example_task_group_decorator.py
[2024-05-20T02:53:44.213+0000] {processor.py:830} INFO - Processing file /home/airflow/.local/lib/python3.12/site-packages/airflow/example_dags/example_task_group_decorator.py for tasks to queue
[2024-05-20T02:53:44.214+0000] {logging_mixin.py:188} INFO - [2024-05-20T02:53:44.214+0000] {dagbag.py:545} INFO - Filling up the DagBag from /home/airflow/.local/lib/python3.12/site-packages/airflow/example_dags/example_task_group_decorator.py
[2024-05-20T02:53:44.220+0000] {processor.py:840} INFO - DAG(s) 'example_task_group_decorator' retrieved from /home/airflow/.local/lib/python3.12/site-packages/airflow/example_dags/example_task_group_decorator.py
[2024-05-20T02:53:44.233+0000] {logging_mixin.py:188} INFO - [2024-05-20T02:53:44.232+0000] {dag.py:3096} INFO - Sync 1 DAGs
[2024-05-20T02:53:44.244+0000] {logging_mixin.py:188} INFO - [2024-05-20T02:53:44.243+0000] {dag.py:3954} INFO - Setting next_dagrun for example_task_group_decorator to 2024-05-19 00:00:00+00:00, run_after=2024-05-20 00:00:00+00:00
[2024-05-20T02:53:44.253+0000] {processor.py:183} INFO - Processing /home/airflow/.local/lib/python3.12/site-packages/airflow/example_dags/example_task_group_decorator.py took 0.043 seconds
[2024-05-20T02:54:14.895+0000] {processor.py:161} INFO - Started process (PID=363) to work on /home/airflow/.local/lib/python3.12/site-packages/airflow/example_dags/example_task_group_decorator.py
[2024-05-20T02:54:14.896+0000] {processor.py:830} INFO - Processing file /home/airflow/.local/lib/python3.12/site-packages/airflow/example_dags/example_task_group_decorator.py for tasks to queue
[2024-05-20T02:54:14.897+0000] {logging_mixin.py:188} INFO - [2024-05-20T02:54:14.897+0000] {dagbag.py:545} INFO - Filling up the DagBag from /home/airflow/.local/lib/python3.12/site-packages/airflow/example_dags/example_task_group_decorator.py
[2024-05-20T02:54:14.903+0000] {processor.py:840} INFO - DAG(s) 'example_task_group_decorator' retrieved from /home/airflow/.local/lib/python3.12/site-packages/airflow/example_dags/example_task_group_decorator.py
[2024-05-20T02:54:14.916+0000] {logging_mixin.py:188} INFO - [2024-05-20T02:54:14.916+0000] {dag.py:3096} INFO - Sync 1 DAGs
[2024-05-20T02:54:14.925+0000] {logging_mixin.py:188} INFO - [2024-05-20T02:54:14.925+0000] {dag.py:3954} INFO - Setting next_dagrun for example_task_group_decorator to 2024-05-19 00:00:00+00:00, run_after=2024-05-20 00:00:00+00:00
[2024-05-20T02:54:14.934+0000] {processor.py:183} INFO - Processing /home/airflow/.local/lib/python3.12/site-packages/airflow/example_dags/example_task_group_decorator.py took 0.041 seconds
[2024-05-20T02:54:45.657+0000] {processor.py:161} INFO - Started process (PID=421) to work on /home/airflow/.local/lib/python3.12/site-packages/airflow/example_dags/example_task_group_decorator.py
[2024-05-20T02:54:45.658+0000] {processor.py:830} INFO - Processing file /home/airflow/.local/lib/python3.12/site-packages/airflow/example_dags/example_task_group_decorator.py for tasks to queue
[2024-05-20T02:54:45.659+0000] {logging_mixin.py:188} INFO - [2024-05-20T02:54:45.659+0000] {dagbag.py:545} INFO - Filling up the DagBag from /home/airflow/.local/lib/python3.12/site-packages/airflow/example_dags/example_task_group_decorator.py
[2024-05-20T02:54:45.666+0000] {processor.py:840} INFO - DAG(s) 'example_task_group_decorator' retrieved from /home/airflow/.local/lib/python3.12/site-packages/airflow/example_dags/example_task_group_decorator.py
[2024-05-20T02:54:45.678+0000] {logging_mixin.py:188} INFO - [2024-05-20T02:54:45.678+0000] {dag.py:3096} INFO - Sync 1 DAGs
[2024-05-20T02:54:45.689+0000] {logging_mixin.py:188} INFO - [2024-05-20T02:54:45.689+0000] {dag.py:3954} INFO - Setting next_dagrun for example_task_group_decorator to 2024-05-19 00:00:00+00:00, run_after=2024-05-20 00:00:00+00:00
[2024-05-20T02:54:45.700+0000] {processor.py:183} INFO - Processing /home/airflow/.local/lib/python3.12/site-packages/airflow/example_dags/example_task_group_decorator.py took 0.046 seconds
[2024-05-20T02:55:16.439+0000] {processor.py:161} INFO - Started process (PID=479) to work on /home/airflow/.local/lib/python3.12/site-packages/airflow/example_dags/example_task_group_decorator.py
[2024-05-20T02:55:16.439+0000] {processor.py:830} INFO - Processing file /home/airflow/.local/lib/python3.12/site-packages/airflow/example_dags/example_task_group_decorator.py for tasks to queue
[2024-05-20T02:55:16.440+0000] {logging_mixin.py:188} INFO - [2024-05-20T02:55:16.440+0000] {dagbag.py:545} INFO - Filling up the DagBag from /home/airflow/.local/lib/python3.12/site-packages/airflow/example_dags/example_task_group_decorator.py
[2024-05-20T02:55:16.446+0000] {processor.py:840} INFO - DAG(s) 'example_task_group_decorator' retrieved from /home/airflow/.local/lib/python3.12/site-packages/airflow/example_dags/example_task_group_decorator.py
[2024-05-20T02:55:16.459+0000] {logging_mixin.py:188} INFO - [2024-05-20T02:55:16.458+0000] {dag.py:3096} INFO - Sync 1 DAGs
[2024-05-20T02:55:16.470+0000] {logging_mixin.py:188} INFO - [2024-05-20T02:55:16.470+0000] {dag.py:3954} INFO - Setting next_dagrun for example_task_group_decorator to 2024-05-19 00:00:00+00:00, run_after=2024-05-20 00:00:00+00:00
[2024-05-20T02:55:16.479+0000] {processor.py:183} INFO - Processing /home/airflow/.local/lib/python3.12/site-packages/airflow/example_dags/example_task_group_decorator.py took 0.044 seconds
[2024-05-20T02:55:47.313+0000] {processor.py:161} INFO - Started process (PID=537) to work on /home/airflow/.local/lib/python3.12/site-packages/airflow/example_dags/example_task_group_decorator.py
[2024-05-20T02:55:47.314+0000] {processor.py:830} INFO - Processing file /home/airflow/.local/lib/python3.12/site-packages/airflow/example_dags/example_task_group_decorator.py for tasks to queue
[2024-05-20T02:55:47.315+0000] {logging_mixin.py:188} INFO - [2024-05-20T02:55:47.315+0000] {dagbag.py:545} INFO - Filling up the DagBag from /home/airflow/.local/lib/python3.12/site-packages/airflow/example_dags/example_task_group_decorator.py
[2024-05-20T02:55:47.322+0000] {processor.py:840} INFO - DAG(s) 'example_task_group_decorator' retrieved from /home/airflow/.local/lib/python3.12/site-packages/airflow/example_dags/example_task_group_decorator.py
[2024-05-20T02:55:47.334+0000] {logging_mixin.py:188} INFO - [2024-05-20T02:55:47.334+0000] {dag.py:3096} INFO - Sync 1 DAGs
[2024-05-20T02:55:47.345+0000] {logging_mixin.py:188} INFO - [2024-05-20T02:55:47.345+0000] {dag.py:3954} INFO - Setting next_dagrun for example_task_group_decorator to 2024-05-19 00:00:00+00:00, run_after=2024-05-20 00:00:00+00:00
[2024-05-20T02:55:47.355+0000] {processor.py:183} INFO - Processing /home/airflow/.local/lib/python3.12/site-packages/airflow/example_dags/example_task_group_decorator.py took 0.045 seconds
[2024-05-20T02:56:17.759+0000] {processor.py:161} INFO - Started process (PID=595) to work on /home/airflow/.local/lib/python3.12/site-packages/airflow/example_dags/example_task_group_decorator.py
[2024-05-20T02:56:17.760+0000] {processor.py:830} INFO - Processing file /home/airflow/.local/lib/python3.12/site-packages/airflow/example_dags/example_task_group_decorator.py for tasks to queue
[2024-05-20T02:56:17.761+0000] {logging_mixin.py:188} INFO - [2024-05-20T02:56:17.761+0000] {dagbag.py:545} INFO - Filling up the DagBag from /home/airflow/.local/lib/python3.12/site-packages/airflow/example_dags/example_task_group_decorator.py
[2024-05-20T02:56:17.769+0000] {processor.py:840} INFO - DAG(s) 'example_task_group_decorator' retrieved from /home/airflow/.local/lib/python3.12/site-packages/airflow/example_dags/example_task_group_decorator.py
[2024-05-20T02:56:17.784+0000] {logging_mixin.py:188} INFO - [2024-05-20T02:56:17.784+0000] {dag.py:3096} INFO - Sync 1 DAGs
[2024-05-20T02:56:17.796+0000] {logging_mixin.py:188} INFO - [2024-05-20T02:56:17.796+0000] {dag.py:3954} INFO - Setting next_dagrun for example_task_group_decorator to 2024-05-19 00:00:00+00:00, run_after=2024-05-20 00:00:00+00:00
[2024-05-20T02:56:17.807+0000] {processor.py:183} INFO - Processing /home/airflow/.local/lib/python3.12/site-packages/airflow/example_dags/example_task_group_decorator.py took 0.051 seconds
[2024-05-20T02:56:48.654+0000] {processor.py:161} INFO - Started process (PID=653) to work on /home/airflow/.local/lib/python3.12/site-packages/airflow/example_dags/example_task_group_decorator.py
[2024-05-20T02:56:48.655+0000] {processor.py:830} INFO - Processing file /home/airflow/.local/lib/python3.12/site-packages/airflow/example_dags/example_task_group_decorator.py for tasks to queue
[2024-05-20T02:56:48.656+0000] {logging_mixin.py:188} INFO - [2024-05-20T02:56:48.656+0000] {dagbag.py:545} INFO - Filling up the DagBag from /home/airflow/.local/lib/python3.12/site-packages/airflow/example_dags/example_task_group_decorator.py
[2024-05-20T02:56:48.663+0000] {processor.py:840} INFO - DAG(s) 'example_task_group_decorator' retrieved from /home/airflow/.local/lib/python3.12/site-packages/airflow/example_dags/example_task_group_decorator.py
[2024-05-20T02:56:48.674+0000] {logging_mixin.py:188} INFO - [2024-05-20T02:56:48.673+0000] {dag.py:3096} INFO - Sync 1 DAGs
[2024-05-20T02:56:48.684+0000] {logging_mixin.py:188} INFO - [2024-05-20T02:56:48.684+0000] {dag.py:3954} INFO - Setting next_dagrun for example_task_group_decorator to 2024-05-19 00:00:00+00:00, run_after=2024-05-20 00:00:00+00:00
[2024-05-20T02:56:48.692+0000] {processor.py:183} INFO - Processing /home/airflow/.local/lib/python3.12/site-packages/airflow/example_dags/example_task_group_decorator.py took 0.041 seconds
[2024-05-20T02:57:19.455+0000] {processor.py:161} INFO - Started process (PID=711) to work on /home/airflow/.local/lib/python3.12/site-packages/airflow/example_dags/example_task_group_decorator.py
[2024-05-20T02:57:19.455+0000] {processor.py:830} INFO - Processing file /home/airflow/.local/lib/python3.12/site-packages/airflow/example_dags/example_task_group_decorator.py for tasks to queue
[2024-05-20T02:57:19.456+0000] {logging_mixin.py:188} INFO - [2024-05-20T02:57:19.456+0000] {dagbag.py:545} INFO - Filling up the DagBag from /home/airflow/.local/lib/python3.12/site-packages/airflow/example_dags/example_task_group_decorator.py
[2024-05-20T02:57:19.462+0000] {processor.py:840} INFO - DAG(s) 'example_task_group_decorator' retrieved from /home/airflow/.local/lib/python3.12/site-packages/airflow/example_dags/example_task_group_decorator.py
[2024-05-20T02:57:19.474+0000] {logging_mixin.py:188} INFO - [2024-05-20T02:57:19.474+0000] {dag.py:3096} INFO - Sync 1 DAGs
[2024-05-20T02:57:19.485+0000] {logging_mixin.py:188} INFO - [2024-05-20T02:57:19.485+0000] {dag.py:3954} INFO - Setting next_dagrun for example_task_group_decorator to 2024-05-19 00:00:00+00:00, run_after=2024-05-20 00:00:00+00:00
[2024-05-20T02:57:19.494+0000] {processor.py:183} INFO - Processing /home/airflow/.local/lib/python3.12/site-packages/airflow/example_dags/example_task_group_decorator.py took 0.042 seconds
[2024-05-20T02:57:50.384+0000] {processor.py:161} INFO - Started process (PID=769) to work on /home/airflow/.local/lib/python3.12/site-packages/airflow/example_dags/example_task_group_decorator.py
[2024-05-20T02:57:50.385+0000] {processor.py:830} INFO - Processing file /home/airflow/.local/lib/python3.12/site-packages/airflow/example_dags/example_task_group_decorator.py for tasks to queue
[2024-05-20T02:57:50.386+0000] {logging_mixin.py:188} INFO - [2024-05-20T02:57:50.386+0000] {dagbag.py:545} INFO - Filling up the DagBag from /home/airflow/.local/lib/python3.12/site-packages/airflow/example_dags/example_task_group_decorator.py
[2024-05-20T02:57:50.392+0000] {processor.py:840} INFO - DAG(s) 'example_task_group_decorator' retrieved from /home/airflow/.local/lib/python3.12/site-packages/airflow/example_dags/example_task_group_decorator.py
[2024-05-20T02:57:50.404+0000] {logging_mixin.py:188} INFO - [2024-05-20T02:57:50.404+0000] {dag.py:3096} INFO - Sync 1 DAGs
[2024-05-20T02:57:50.415+0000] {logging_mixin.py:188} INFO - [2024-05-20T02:57:50.414+0000] {dag.py:3954} INFO - Setting next_dagrun for example_task_group_decorator to 2024-05-19 00:00:00+00:00, run_after=2024-05-20 00:00:00+00:00
[2024-05-20T02:57:50.424+0000] {processor.py:183} INFO - Processing /home/airflow/.local/lib/python3.12/site-packages/airflow/example_dags/example_task_group_decorator.py took 0.043 seconds
[2024-05-20T02:58:21.340+0000] {processor.py:161} INFO - Started process (PID=827) to work on /home/airflow/.local/lib/python3.12/site-packages/airflow/example_dags/example_task_group_decorator.py
[2024-05-20T02:58:21.340+0000] {processor.py:830} INFO - Processing file /home/airflow/.local/lib/python3.12/site-packages/airflow/example_dags/example_task_group_decorator.py for tasks to queue
[2024-05-20T02:58:21.341+0000] {logging_mixin.py:188} INFO - [2024-05-20T02:58:21.341+0000] {dagbag.py:545} INFO - Filling up the DagBag from /home/airflow/.local/lib/python3.12/site-packages/airflow/example_dags/example_task_group_decorator.py
[2024-05-20T02:58:21.348+0000] {processor.py:840} INFO - DAG(s) 'example_task_group_decorator' retrieved from /home/airflow/.local/lib/python3.12/site-packages/airflow/example_dags/example_task_group_decorator.py
[2024-05-20T02:58:21.360+0000] {logging_mixin.py:188} INFO - [2024-05-20T02:58:21.360+0000] {dag.py:3096} INFO - Sync 1 DAGs
[2024-05-20T02:58:21.372+0000] {logging_mixin.py:188} INFO - [2024-05-20T02:58:21.372+0000] {dag.py:3954} INFO - Setting next_dagrun for example_task_group_decorator to 2024-05-19 00:00:00+00:00, run_after=2024-05-20 00:00:00+00:00
[2024-05-20T02:58:21.382+0000] {processor.py:183} INFO - Processing /home/airflow/.local/lib/python3.12/site-packages/airflow/example_dags/example_task_group_decorator.py took 0.045 seconds
[2024-05-20T02:58:52.099+0000] {processor.py:161} INFO - Started process (PID=885) to work on /home/airflow/.local/lib/python3.12/site-packages/airflow/example_dags/example_task_group_decorator.py
[2024-05-20T02:58:52.100+0000] {processor.py:830} INFO - Processing file /home/airflow/.local/lib/python3.12/site-packages/airflow/example_dags/example_task_group_decorator.py for tasks to queue
[2024-05-20T02:58:52.101+0000] {logging_mixin.py:188} INFO - [2024-05-20T02:58:52.101+0000] {dagbag.py:545} INFO - Filling up the DagBag from /home/airflow/.local/lib/python3.12/site-packages/airflow/example_dags/example_task_group_decorator.py
[2024-05-20T02:58:52.107+0000] {processor.py:840} INFO - DAG(s) 'example_task_group_decorator' retrieved from /home/airflow/.local/lib/python3.12/site-packages/airflow/example_dags/example_task_group_decorator.py
[2024-05-20T02:58:52.119+0000] {logging_mixin.py:188} INFO - [2024-05-20T02:58:52.119+0000] {dag.py:3096} INFO - Sync 1 DAGs
[2024-05-20T02:58:52.130+0000] {logging_mixin.py:188} INFO - [2024-05-20T02:58:52.130+0000] {dag.py:3954} INFO - Setting next_dagrun for example_task_group_decorator to 2024-05-19 00:00:00+00:00, run_after=2024-05-20 00:00:00+00:00
[2024-05-20T02:58:52.139+0000] {processor.py:183} INFO - Processing /home/airflow/.local/lib/python3.12/site-packages/airflow/example_dags/example_task_group_decorator.py took 0.042 seconds
[2024-05-20T02:59:22.955+0000] {processor.py:161} INFO - Started process (PID=943) to work on /home/airflow/.local/lib/python3.12/site-packages/airflow/example_dags/example_task_group_decorator.py
[2024-05-20T02:59:22.956+0000] {processor.py:830} INFO - Processing file /home/airflow/.local/lib/python3.12/site-packages/airflow/example_dags/example_task_group_decorator.py for tasks to queue
[2024-05-20T02:59:22.957+0000] {logging_mixin.py:188} INFO - [2024-05-20T02:59:22.957+0000] {dagbag.py:545} INFO - Filling up the DagBag from /home/airflow/.local/lib/python3.12/site-packages/airflow/example_dags/example_task_group_decorator.py
[2024-05-20T02:59:22.964+0000] {processor.py:840} INFO - DAG(s) 'example_task_group_decorator' retrieved from /home/airflow/.local/lib/python3.12/site-packages/airflow/example_dags/example_task_group_decorator.py
[2024-05-20T02:59:22.979+0000] {logging_mixin.py:188} INFO - [2024-05-20T02:59:22.978+0000] {dag.py:3096} INFO - Sync 1 DAGs
[2024-05-20T02:59:22.991+0000] {logging_mixin.py:188} INFO - [2024-05-20T02:59:22.991+0000] {dag.py:3954} INFO - Setting next_dagrun for example_task_group_decorator to 2024-05-19 00:00:00+00:00, run_after=2024-05-20 00:00:00+00:00
[2024-05-20T02:59:23.001+0000] {processor.py:183} INFO - Processing /home/airflow/.local/lib/python3.12/site-packages/airflow/example_dags/example_task_group_decorator.py took 0.049 seconds
[2024-05-20T02:59:53.767+0000] {processor.py:161} INFO - Started process (PID=1001) to work on /home/airflow/.local/lib/python3.12/site-packages/airflow/example_dags/example_task_group_decorator.py
[2024-05-20T02:59:53.768+0000] {processor.py:830} INFO - Processing file /home/airflow/.local/lib/python3.12/site-packages/airflow/example_dags/example_task_group_decorator.py for tasks to queue
[2024-05-20T02:59:53.769+0000] {logging_mixin.py:188} INFO - [2024-05-20T02:59:53.769+0000] {dagbag.py:545} INFO - Filling up the DagBag from /home/airflow/.local/lib/python3.12/site-packages/airflow/example_dags/example_task_group_decorator.py
[2024-05-20T02:59:53.776+0000] {processor.py:840} INFO - DAG(s) 'example_task_group_decorator' retrieved from /home/airflow/.local/lib/python3.12/site-packages/airflow/example_dags/example_task_group_decorator.py
[2024-05-20T02:59:53.789+0000] {logging_mixin.py:188} INFO - [2024-05-20T02:59:53.789+0000] {dag.py:3096} INFO - Sync 1 DAGs
[2024-05-20T02:59:53.799+0000] {logging_mixin.py:188} INFO - [2024-05-20T02:59:53.799+0000] {dag.py:3954} INFO - Setting next_dagrun for example_task_group_decorator to 2024-05-19 00:00:00+00:00, run_after=2024-05-20 00:00:00+00:00
[2024-05-20T02:59:53.808+0000] {processor.py:183} INFO - Processing /home/airflow/.local/lib/python3.12/site-packages/airflow/example_dags/example_task_group_decorator.py took 0.044 seconds
[2024-05-20T03:00:24.420+0000] {processor.py:161} INFO - Started process (PID=1059) to work on /home/airflow/.local/lib/python3.12/site-packages/airflow/example_dags/example_task_group_decorator.py
[2024-05-20T03:00:24.421+0000] {processor.py:830} INFO - Processing file /home/airflow/.local/lib/python3.12/site-packages/airflow/example_dags/example_task_group_decorator.py for tasks to queue
[2024-05-20T03:00:24.422+0000] {logging_mixin.py:188} INFO - [2024-05-20T03:00:24.422+0000] {dagbag.py:545} INFO - Filling up the DagBag from /home/airflow/.local/lib/python3.12/site-packages/airflow/example_dags/example_task_group_decorator.py
[2024-05-20T03:00:24.428+0000] {processor.py:840} INFO - DAG(s) 'example_task_group_decorator' retrieved from /home/airflow/.local/lib/python3.12/site-packages/airflow/example_dags/example_task_group_decorator.py
[2024-05-20T03:00:24.440+0000] {logging_mixin.py:188} INFO - [2024-05-20T03:00:24.440+0000] {dag.py:3096} INFO - Sync 1 DAGs
[2024-05-20T03:00:24.451+0000] {logging_mixin.py:188} INFO - [2024-05-20T03:00:24.451+0000] {dag.py:3954} INFO - Setting next_dagrun for example_task_group_decorator to 2024-05-19 00:00:00+00:00, run_after=2024-05-20 00:00:00+00:00
[2024-05-20T03:00:24.460+0000] {processor.py:183} INFO - Processing /home/airflow/.local/lib/python3.12/site-packages/airflow/example_dags/example_task_group_decorator.py took 0.042 seconds
[2024-05-20T03:00:55.348+0000] {processor.py:161} INFO - Started process (PID=1117) to work on /home/airflow/.local/lib/python3.12/site-packages/airflow/example_dags/example_task_group_decorator.py
[2024-05-20T03:00:55.348+0000] {processor.py:830} INFO - Processing file /home/airflow/.local/lib/python3.12/site-packages/airflow/example_dags/example_task_group_decorator.py for tasks to queue
[2024-05-20T03:00:55.349+0000] {logging_mixin.py:188} INFO - [2024-05-20T03:00:55.349+0000] {dagbag.py:545} INFO - Filling up the DagBag from /home/airflow/.local/lib/python3.12/site-packages/airflow/example_dags/example_task_group_decorator.py
[2024-05-20T03:00:55.356+0000] {processor.py:840} INFO - DAG(s) 'example_task_group_decorator' retrieved from /home/airflow/.local/lib/python3.12/site-packages/airflow/example_dags/example_task_group_decorator.py
[2024-05-20T03:00:55.369+0000] {logging_mixin.py:188} INFO - [2024-05-20T03:00:55.369+0000] {dag.py:3096} INFO - Sync 1 DAGs
[2024-05-20T03:00:55.382+0000] {logging_mixin.py:188} INFO - [2024-05-20T03:00:55.382+0000] {dag.py:3954} INFO - Setting next_dagrun for example_task_group_decorator to 2024-05-19 00:00:00+00:00, run_after=2024-05-20 00:00:00+00:00
[2024-05-20T03:00:55.394+0000] {processor.py:183} INFO - Processing /home/airflow/.local/lib/python3.12/site-packages/airflow/example_dags/example_task_group_decorator.py took 0.049 seconds
[2024-05-20T03:01:25.456+0000] {processor.py:161} INFO - Started process (PID=1175) to work on /home/airflow/.local/lib/python3.12/site-packages/airflow/example_dags/example_task_group_decorator.py
[2024-05-20T03:01:25.456+0000] {processor.py:830} INFO - Processing file /home/airflow/.local/lib/python3.12/site-packages/airflow/example_dags/example_task_group_decorator.py for tasks to queue
[2024-05-20T03:01:25.457+0000] {logging_mixin.py:188} INFO - [2024-05-20T03:01:25.457+0000] {dagbag.py:545} INFO - Filling up the DagBag from /home/airflow/.local/lib/python3.12/site-packages/airflow/example_dags/example_task_group_decorator.py
[2024-05-20T03:01:25.464+0000] {processor.py:840} INFO - DAG(s) 'example_task_group_decorator' retrieved from /home/airflow/.local/lib/python3.12/site-packages/airflow/example_dags/example_task_group_decorator.py
[2024-05-20T03:01:25.477+0000] {logging_mixin.py:188} INFO - [2024-05-20T03:01:25.477+0000] {dag.py:3096} INFO - Sync 1 DAGs
[2024-05-20T03:01:25.487+0000] {logging_mixin.py:188} INFO - [2024-05-20T03:01:25.487+0000] {dag.py:3954} INFO - Setting next_dagrun for example_task_group_decorator to 2024-05-19 00:00:00+00:00, run_after=2024-05-20 00:00:00+00:00
[2024-05-20T03:01:25.496+0000] {processor.py:183} INFO - Processing /home/airflow/.local/lib/python3.12/site-packages/airflow/example_dags/example_task_group_decorator.py took 0.044 seconds
[2024-05-20T03:01:56.105+0000] {processor.py:161} INFO - Started process (PID=1233) to work on /home/airflow/.local/lib/python3.12/site-packages/airflow/example_dags/example_task_group_decorator.py
[2024-05-20T03:01:56.105+0000] {processor.py:830} INFO - Processing file /home/airflow/.local/lib/python3.12/site-packages/airflow/example_dags/example_task_group_decorator.py for tasks to queue
[2024-05-20T03:01:56.106+0000] {logging_mixin.py:188} INFO - [2024-05-20T03:01:56.106+0000] {dagbag.py:545} INFO - Filling up the DagBag from /home/airflow/.local/lib/python3.12/site-packages/airflow/example_dags/example_task_group_decorator.py
[2024-05-20T03:01:56.114+0000] {processor.py:840} INFO - DAG(s) 'example_task_group_decorator' retrieved from /home/airflow/.local/lib/python3.12/site-packages/airflow/example_dags/example_task_group_decorator.py
[2024-05-20T03:01:56.134+0000] {logging_mixin.py:188} INFO - [2024-05-20T03:01:56.134+0000] {dag.py:3096} INFO - Sync 1 DAGs
[2024-05-20T03:01:56.149+0000] {logging_mixin.py:188} INFO - [2024-05-20T03:01:56.149+0000] {dag.py:3954} INFO - Setting next_dagrun for example_task_group_decorator to 2024-05-19 00:00:00+00:00, run_after=2024-05-20 00:00:00+00:00
[2024-05-20T03:01:56.161+0000] {processor.py:183} INFO - Processing /home/airflow/.local/lib/python3.12/site-packages/airflow/example_dags/example_task_group_decorator.py took 0.059 seconds
[2024-05-20T03:02:27.005+0000] {processor.py:161} INFO - Started process (PID=1291) to work on /home/airflow/.local/lib/python3.12/site-packages/airflow/example_dags/example_task_group_decorator.py
[2024-05-20T03:02:27.006+0000] {processor.py:830} INFO - Processing file /home/airflow/.local/lib/python3.12/site-packages/airflow/example_dags/example_task_group_decorator.py for tasks to queue
[2024-05-20T03:02:27.007+0000] {logging_mixin.py:188} INFO - [2024-05-20T03:02:27.007+0000] {dagbag.py:545} INFO - Filling up the DagBag from /home/airflow/.local/lib/python3.12/site-packages/airflow/example_dags/example_task_group_decorator.py
[2024-05-20T03:02:27.014+0000] {processor.py:840} INFO - DAG(s) 'example_task_group_decorator' retrieved from /home/airflow/.local/lib/python3.12/site-packages/airflow/example_dags/example_task_group_decorator.py
[2024-05-20T03:02:27.028+0000] {logging_mixin.py:188} INFO - [2024-05-20T03:02:27.028+0000] {dag.py:3096} INFO - Sync 1 DAGs
[2024-05-20T03:02:27.040+0000] {logging_mixin.py:188} INFO - [2024-05-20T03:02:27.040+0000] {dag.py:3954} INFO - Setting next_dagrun for example_task_group_decorator to 2024-05-19 00:00:00+00:00, run_after=2024-05-20 00:00:00+00:00
[2024-05-20T03:02:27.050+0000] {processor.py:183} INFO - Processing /home/airflow/.local/lib/python3.12/site-packages/airflow/example_dags/example_task_group_decorator.py took 0.048 seconds
[2024-05-20T03:02:57.107+0000] {processor.py:161} INFO - Started process (PID=1349) to work on /home/airflow/.local/lib/python3.12/site-packages/airflow/example_dags/example_task_group_decorator.py
[2024-05-20T03:02:57.107+0000] {processor.py:830} INFO - Processing file /home/airflow/.local/lib/python3.12/site-packages/airflow/example_dags/example_task_group_decorator.py for tasks to queue
[2024-05-20T03:02:57.109+0000] {logging_mixin.py:188} INFO - [2024-05-20T03:02:57.108+0000] {dagbag.py:545} INFO - Filling up the DagBag from /home/airflow/.local/lib/python3.12/site-packages/airflow/example_dags/example_task_group_decorator.py
[2024-05-20T03:02:57.115+0000] {processor.py:840} INFO - DAG(s) 'example_task_group_decorator' retrieved from /home/airflow/.local/lib/python3.12/site-packages/airflow/example_dags/example_task_group_decorator.py
[2024-05-20T03:02:57.128+0000] {logging_mixin.py:188} INFO - [2024-05-20T03:02:57.128+0000] {dag.py:3096} INFO - Sync 1 DAGs
[2024-05-20T03:02:57.139+0000] {logging_mixin.py:188} INFO - [2024-05-20T03:02:57.139+0000] {dag.py:3954} INFO - Setting next_dagrun for example_task_group_decorator to 2024-05-19 00:00:00+00:00, run_after=2024-05-20 00:00:00+00:00
[2024-05-20T03:02:57.150+0000] {processor.py:183} INFO - Processing /home/airflow/.local/lib/python3.12/site-packages/airflow/example_dags/example_task_group_decorator.py took 0.046 seconds
[2024-05-20T03:03:27.945+0000] {processor.py:161} INFO - Started process (PID=1407) to work on /home/airflow/.local/lib/python3.12/site-packages/airflow/example_dags/example_task_group_decorator.py
[2024-05-20T03:03:27.945+0000] {processor.py:830} INFO - Processing file /home/airflow/.local/lib/python3.12/site-packages/airflow/example_dags/example_task_group_decorator.py for tasks to queue
[2024-05-20T03:03:27.947+0000] {logging_mixin.py:188} INFO - [2024-05-20T03:03:27.946+0000] {dagbag.py:545} INFO - Filling up the DagBag from /home/airflow/.local/lib/python3.12/site-packages/airflow/example_dags/example_task_group_decorator.py
[2024-05-20T03:03:27.955+0000] {processor.py:840} INFO - DAG(s) 'example_task_group_decorator' retrieved from /home/airflow/.local/lib/python3.12/site-packages/airflow/example_dags/example_task_group_decorator.py
[2024-05-20T03:03:27.971+0000] {logging_mixin.py:188} INFO - [2024-05-20T03:03:27.971+0000] {dag.py:3096} INFO - Sync 1 DAGs
[2024-05-20T03:03:27.985+0000] {logging_mixin.py:188} INFO - [2024-05-20T03:03:27.985+0000] {dag.py:3954} INFO - Setting next_dagrun for example_task_group_decorator to 2024-05-19 00:00:00+00:00, run_after=2024-05-20 00:00:00+00:00
[2024-05-20T03:03:27.995+0000] {processor.py:183} INFO - Processing /home/airflow/.local/lib/python3.12/site-packages/airflow/example_dags/example_task_group_decorator.py took 0.053 seconds
[2024-05-20T03:04:14.285+0000] {processor.py:161} INFO - Started process (PID=72) to work on /home/airflow/.local/lib/python3.12/site-packages/airflow/example_dags/example_task_group_decorator.py
[2024-05-20T03:04:14.286+0000] {processor.py:830} INFO - Processing file /home/airflow/.local/lib/python3.12/site-packages/airflow/example_dags/example_task_group_decorator.py for tasks to queue
[2024-05-20T03:04:14.288+0000] {logging_mixin.py:188} INFO - [2024-05-20T03:04:14.288+0000] {dagbag.py:545} INFO - Filling up the DagBag from /home/airflow/.local/lib/python3.12/site-packages/airflow/example_dags/example_task_group_decorator.py
[2024-05-20T03:04:14.301+0000] {processor.py:840} INFO - DAG(s) 'example_task_group_decorator' retrieved from /home/airflow/.local/lib/python3.12/site-packages/airflow/example_dags/example_task_group_decorator.py
[2024-05-20T03:04:14.312+0000] {logging_mixin.py:188} INFO - [2024-05-20T03:04:14.312+0000] {dag.py:3096} INFO - Sync 1 DAGs
[2024-05-20T03:04:14.340+0000] {logging_mixin.py:188} INFO - [2024-05-20T03:04:14.340+0000] {dag.py:3954} INFO - Setting next_dagrun for example_task_group_decorator to 2024-05-19 00:00:00+00:00, run_after=2024-05-20 00:00:00+00:00
[2024-05-20T03:04:14.355+0000] {processor.py:183} INFO - Processing /home/airflow/.local/lib/python3.12/site-packages/airflow/example_dags/example_task_group_decorator.py took 0.075 seconds
[2024-05-20T03:04:45.020+0000] {processor.py:161} INFO - Started process (PID=130) to work on /home/airflow/.local/lib/python3.12/site-packages/airflow/example_dags/example_task_group_decorator.py
[2024-05-20T03:04:45.021+0000] {processor.py:830} INFO - Processing file /home/airflow/.local/lib/python3.12/site-packages/airflow/example_dags/example_task_group_decorator.py for tasks to queue
[2024-05-20T03:04:45.022+0000] {logging_mixin.py:188} INFO - [2024-05-20T03:04:45.021+0000] {dagbag.py:545} INFO - Filling up the DagBag from /home/airflow/.local/lib/python3.12/site-packages/airflow/example_dags/example_task_group_decorator.py
[2024-05-20T03:04:45.028+0000] {processor.py:840} INFO - DAG(s) 'example_task_group_decorator' retrieved from /home/airflow/.local/lib/python3.12/site-packages/airflow/example_dags/example_task_group_decorator.py
[2024-05-20T03:04:45.075+0000] {logging_mixin.py:188} INFO - [2024-05-20T03:04:45.075+0000] {dag.py:3096} INFO - Sync 1 DAGs
[2024-05-20T03:04:45.085+0000] {logging_mixin.py:188} INFO - [2024-05-20T03:04:45.085+0000] {dag.py:3954} INFO - Setting next_dagrun for example_task_group_decorator to 2024-05-19 00:00:00+00:00, run_after=2024-05-20 00:00:00+00:00
[2024-05-20T03:04:45.094+0000] {processor.py:183} INFO - Processing /home/airflow/.local/lib/python3.12/site-packages/airflow/example_dags/example_task_group_decorator.py took 0.077 seconds
[2024-05-20T03:05:15.702+0000] {processor.py:161} INFO - Started process (PID=187) to work on /home/airflow/.local/lib/python3.12/site-packages/airflow/example_dags/example_task_group_decorator.py
[2024-05-20T03:05:15.703+0000] {processor.py:830} INFO - Processing file /home/airflow/.local/lib/python3.12/site-packages/airflow/example_dags/example_task_group_decorator.py for tasks to queue
[2024-05-20T03:05:15.704+0000] {logging_mixin.py:188} INFO - [2024-05-20T03:05:15.704+0000] {dagbag.py:545} INFO - Filling up the DagBag from /home/airflow/.local/lib/python3.12/site-packages/airflow/example_dags/example_task_group_decorator.py
[2024-05-20T03:05:15.711+0000] {processor.py:840} INFO - DAG(s) 'example_task_group_decorator' retrieved from /home/airflow/.local/lib/python3.12/site-packages/airflow/example_dags/example_task_group_decorator.py
[2024-05-20T03:05:15.723+0000] {logging_mixin.py:188} INFO - [2024-05-20T03:05:15.723+0000] {dag.py:3096} INFO - Sync 1 DAGs
[2024-05-20T03:05:15.734+0000] {logging_mixin.py:188} INFO - [2024-05-20T03:05:15.734+0000] {dag.py:3954} INFO - Setting next_dagrun for example_task_group_decorator to 2024-05-19 00:00:00+00:00, run_after=2024-05-20 00:00:00+00:00
[2024-05-20T03:05:15.743+0000] {processor.py:183} INFO - Processing /home/airflow/.local/lib/python3.12/site-packages/airflow/example_dags/example_task_group_decorator.py took 0.044 seconds
[2024-05-20T03:05:46.367+0000] {processor.py:161} INFO - Started process (PID=245) to work on /home/airflow/.local/lib/python3.12/site-packages/airflow/example_dags/example_task_group_decorator.py
[2024-05-20T03:05:46.368+0000] {processor.py:830} INFO - Processing file /home/airflow/.local/lib/python3.12/site-packages/airflow/example_dags/example_task_group_decorator.py for tasks to queue
[2024-05-20T03:05:46.369+0000] {logging_mixin.py:188} INFO - [2024-05-20T03:05:46.368+0000] {dagbag.py:545} INFO - Filling up the DagBag from /home/airflow/.local/lib/python3.12/site-packages/airflow/example_dags/example_task_group_decorator.py
[2024-05-20T03:05:46.375+0000] {processor.py:840} INFO - DAG(s) 'example_task_group_decorator' retrieved from /home/airflow/.local/lib/python3.12/site-packages/airflow/example_dags/example_task_group_decorator.py
[2024-05-20T03:05:46.388+0000] {logging_mixin.py:188} INFO - [2024-05-20T03:05:46.388+0000] {dag.py:3096} INFO - Sync 1 DAGs
[2024-05-20T03:05:46.398+0000] {logging_mixin.py:188} INFO - [2024-05-20T03:05:46.398+0000] {dag.py:3954} INFO - Setting next_dagrun for example_task_group_decorator to 2024-05-19 00:00:00+00:00, run_after=2024-05-20 00:00:00+00:00
[2024-05-20T03:05:46.407+0000] {processor.py:183} INFO - Processing /home/airflow/.local/lib/python3.12/site-packages/airflow/example_dags/example_task_group_decorator.py took 0.043 seconds
[2024-05-20T03:06:17.076+0000] {processor.py:161} INFO - Started process (PID=302) to work on /home/airflow/.local/lib/python3.12/site-packages/airflow/example_dags/example_task_group_decorator.py
[2024-05-20T03:06:17.077+0000] {processor.py:830} INFO - Processing file /home/airflow/.local/lib/python3.12/site-packages/airflow/example_dags/example_task_group_decorator.py for tasks to queue
[2024-05-20T03:06:17.078+0000] {logging_mixin.py:188} INFO - [2024-05-20T03:06:17.077+0000] {dagbag.py:545} INFO - Filling up the DagBag from /home/airflow/.local/lib/python3.12/site-packages/airflow/example_dags/example_task_group_decorator.py
[2024-05-20T03:06:17.084+0000] {processor.py:840} INFO - DAG(s) 'example_task_group_decorator' retrieved from /home/airflow/.local/lib/python3.12/site-packages/airflow/example_dags/example_task_group_decorator.py
[2024-05-20T03:06:17.095+0000] {logging_mixin.py:188} INFO - [2024-05-20T03:06:17.095+0000] {dag.py:3096} INFO - Sync 1 DAGs
[2024-05-20T03:06:17.105+0000] {logging_mixin.py:188} INFO - [2024-05-20T03:06:17.105+0000] {dag.py:3954} INFO - Setting next_dagrun for example_task_group_decorator to 2024-05-19 00:00:00+00:00, run_after=2024-05-20 00:00:00+00:00
[2024-05-20T03:06:17.113+0000] {processor.py:183} INFO - Processing /home/airflow/.local/lib/python3.12/site-packages/airflow/example_dags/example_task_group_decorator.py took 0.040 seconds
[2024-05-20T03:06:47.763+0000] {processor.py:161} INFO - Started process (PID=360) to work on /home/airflow/.local/lib/python3.12/site-packages/airflow/example_dags/example_task_group_decorator.py
[2024-05-20T03:06:47.763+0000] {processor.py:830} INFO - Processing file /home/airflow/.local/lib/python3.12/site-packages/airflow/example_dags/example_task_group_decorator.py for tasks to queue
[2024-05-20T03:06:47.764+0000] {logging_mixin.py:188} INFO - [2024-05-20T03:06:47.764+0000] {dagbag.py:545} INFO - Filling up the DagBag from /home/airflow/.local/lib/python3.12/site-packages/airflow/example_dags/example_task_group_decorator.py
[2024-05-20T03:06:47.771+0000] {processor.py:840} INFO - DAG(s) 'example_task_group_decorator' retrieved from /home/airflow/.local/lib/python3.12/site-packages/airflow/example_dags/example_task_group_decorator.py
[2024-05-20T03:06:47.783+0000] {logging_mixin.py:188} INFO - [2024-05-20T03:06:47.783+0000] {dag.py:3096} INFO - Sync 1 DAGs
[2024-05-20T03:06:47.793+0000] {logging_mixin.py:188} INFO - [2024-05-20T03:06:47.793+0000] {dag.py:3954} INFO - Setting next_dagrun for example_task_group_decorator to 2024-05-19 00:00:00+00:00, run_after=2024-05-20 00:00:00+00:00
[2024-05-20T03:06:47.802+0000] {processor.py:183} INFO - Processing /home/airflow/.local/lib/python3.12/site-packages/airflow/example_dags/example_task_group_decorator.py took 0.042 seconds
[2024-05-20T03:07:18.571+0000] {processor.py:161} INFO - Started process (PID=418) to work on /home/airflow/.local/lib/python3.12/site-packages/airflow/example_dags/example_task_group_decorator.py
[2024-05-20T03:07:18.572+0000] {processor.py:830} INFO - Processing file /home/airflow/.local/lib/python3.12/site-packages/airflow/example_dags/example_task_group_decorator.py for tasks to queue
[2024-05-20T03:07:18.572+0000] {logging_mixin.py:188} INFO - [2024-05-20T03:07:18.572+0000] {dagbag.py:545} INFO - Filling up the DagBag from /home/airflow/.local/lib/python3.12/site-packages/airflow/example_dags/example_task_group_decorator.py
[2024-05-20T03:07:18.579+0000] {processor.py:840} INFO - DAG(s) 'example_task_group_decorator' retrieved from /home/airflow/.local/lib/python3.12/site-packages/airflow/example_dags/example_task_group_decorator.py
[2024-05-20T03:07:18.590+0000] {logging_mixin.py:188} INFO - [2024-05-20T03:07:18.590+0000] {dag.py:3096} INFO - Sync 1 DAGs
[2024-05-20T03:07:18.599+0000] {logging_mixin.py:188} INFO - [2024-05-20T03:07:18.599+0000] {dag.py:3954} INFO - Setting next_dagrun for example_task_group_decorator to 2024-05-19 00:00:00+00:00, run_after=2024-05-20 00:00:00+00:00
[2024-05-20T03:07:18.607+0000] {processor.py:183} INFO - Processing /home/airflow/.local/lib/python3.12/site-packages/airflow/example_dags/example_task_group_decorator.py took 0.039 seconds
[2024-05-20T03:07:59.808+0000] {processor.py:161} INFO - Started process (PID=73) to work on /home/airflow/.local/lib/python3.12/site-packages/airflow/example_dags/example_task_group_decorator.py
[2024-05-20T03:07:59.809+0000] {processor.py:830} INFO - Processing file /home/airflow/.local/lib/python3.12/site-packages/airflow/example_dags/example_task_group_decorator.py for tasks to queue
[2024-05-20T03:07:59.811+0000] {logging_mixin.py:188} INFO - [2024-05-20T03:07:59.811+0000] {dagbag.py:545} INFO - Filling up the DagBag from /home/airflow/.local/lib/python3.12/site-packages/airflow/example_dags/example_task_group_decorator.py
[2024-05-20T03:07:59.822+0000] {processor.py:840} INFO - DAG(s) 'example_task_group_decorator' retrieved from /home/airflow/.local/lib/python3.12/site-packages/airflow/example_dags/example_task_group_decorator.py
[2024-05-20T03:07:59.833+0000] {logging_mixin.py:188} INFO - [2024-05-20T03:07:59.833+0000] {dag.py:3096} INFO - Sync 1 DAGs
[2024-05-20T03:07:59.846+0000] {logging_mixin.py:188} INFO - [2024-05-20T03:07:59.846+0000] {dag.py:3954} INFO - Setting next_dagrun for example_task_group_decorator to 2024-05-19 00:00:00+00:00, run_after=2024-05-20 00:00:00+00:00
[2024-05-20T03:07:59.857+0000] {processor.py:183} INFO - Processing /home/airflow/.local/lib/python3.12/site-packages/airflow/example_dags/example_task_group_decorator.py took 0.053 seconds
[2024-05-20T03:08:31.469+0000] {processor.py:161} INFO - Started process (PID=131) to work on /home/airflow/.local/lib/python3.12/site-packages/airflow/example_dags/example_task_group_decorator.py
[2024-05-20T03:08:31.470+0000] {processor.py:830} INFO - Processing file /home/airflow/.local/lib/python3.12/site-packages/airflow/example_dags/example_task_group_decorator.py for tasks to queue
[2024-05-20T03:08:31.471+0000] {logging_mixin.py:188} INFO - [2024-05-20T03:08:31.471+0000] {dagbag.py:545} INFO - Filling up the DagBag from /home/airflow/.local/lib/python3.12/site-packages/airflow/example_dags/example_task_group_decorator.py
[2024-05-20T03:08:31.478+0000] {processor.py:840} INFO - DAG(s) 'example_task_group_decorator' retrieved from /home/airflow/.local/lib/python3.12/site-packages/airflow/example_dags/example_task_group_decorator.py
[2024-05-20T03:08:31.524+0000] {logging_mixin.py:188} INFO - [2024-05-20T03:08:31.524+0000] {dag.py:3096} INFO - Sync 1 DAGs
[2024-05-20T03:08:31.532+0000] {logging_mixin.py:188} INFO - [2024-05-20T03:08:31.532+0000] {dag.py:3954} INFO - Setting next_dagrun for example_task_group_decorator to 2024-05-19 00:00:00+00:00, run_after=2024-05-20 00:00:00+00:00
[2024-05-20T03:08:31.542+0000] {processor.py:183} INFO - Processing /home/airflow/.local/lib/python3.12/site-packages/airflow/example_dags/example_task_group_decorator.py took 0.076 seconds
[2024-05-20T03:09:02.241+0000] {processor.py:161} INFO - Started process (PID=189) to work on /home/airflow/.local/lib/python3.12/site-packages/airflow/example_dags/example_task_group_decorator.py
[2024-05-20T03:09:02.242+0000] {processor.py:830} INFO - Processing file /home/airflow/.local/lib/python3.12/site-packages/airflow/example_dags/example_task_group_decorator.py for tasks to queue
[2024-05-20T03:09:02.243+0000] {logging_mixin.py:188} INFO - [2024-05-20T03:09:02.243+0000] {dagbag.py:545} INFO - Filling up the DagBag from /home/airflow/.local/lib/python3.12/site-packages/airflow/example_dags/example_task_group_decorator.py
[2024-05-20T03:09:02.250+0000] {processor.py:840} INFO - DAG(s) 'example_task_group_decorator' retrieved from /home/airflow/.local/lib/python3.12/site-packages/airflow/example_dags/example_task_group_decorator.py
[2024-05-20T03:09:02.261+0000] {logging_mixin.py:188} INFO - [2024-05-20T03:09:02.261+0000] {dag.py:3096} INFO - Sync 1 DAGs
[2024-05-20T03:09:02.271+0000] {logging_mixin.py:188} INFO - [2024-05-20T03:09:02.271+0000] {dag.py:3954} INFO - Setting next_dagrun for example_task_group_decorator to 2024-05-19 00:00:00+00:00, run_after=2024-05-20 00:00:00+00:00
[2024-05-20T03:09:02.280+0000] {processor.py:183} INFO - Processing /home/airflow/.local/lib/python3.12/site-packages/airflow/example_dags/example_task_group_decorator.py took 0.041 seconds
