[2024-05-20T02:51:41.211+0000] {processor.py:161} INFO - Started process (PID=60) to work on /home/airflow/.local/lib/python3.12/site-packages/airflow/example_dags/example_task_group.py
[2024-05-20T02:51:41.212+0000] {processor.py:830} INFO - Processing file /home/airflow/.local/lib/python3.12/site-packages/airflow/example_dags/example_task_group.py for tasks to queue
[2024-05-20T02:51:41.214+0000] {logging_mixin.py:188} INFO - [2024-05-20T02:51:41.213+0000] {dagbag.py:545} INFO - Filling up the DagBag from /home/airflow/.local/lib/python3.12/site-packages/airflow/example_dags/example_task_group.py
[2024-05-20T02:51:41.219+0000] {processor.py:840} INFO - DAG(s) 'example_task_group' retrieved from /home/airflow/.local/lib/python3.12/site-packages/airflow/example_dags/example_task_group.py
[2024-05-20T02:51:41.228+0000] {logging_mixin.py:188} INFO - [2024-05-20T02:51:41.228+0000] {dag.py:3096} INFO - Sync 1 DAGs
[2024-05-20T02:51:41.249+0000] {logging_mixin.py:188} INFO - [2024-05-20T02:51:41.249+0000] {dag.py:3954} INFO - Setting next_dagrun for example_task_group to 2024-05-19 00:00:00+00:00, run_after=2024-05-20 00:00:00+00:00
[2024-05-20T02:51:41.273+0000] {processor.py:183} INFO - Processing /home/airflow/.local/lib/python3.12/site-packages/airflow/example_dags/example_task_group.py took 0.066 seconds
[2024-05-20T02:52:11.513+0000] {processor.py:161} INFO - Started process (PID=117) to work on /home/airflow/.local/lib/python3.12/site-packages/airflow/example_dags/example_task_group.py
[2024-05-20T02:52:11.513+0000] {processor.py:830} INFO - Processing file /home/airflow/.local/lib/python3.12/site-packages/airflow/example_dags/example_task_group.py for tasks to queue
[2024-05-20T02:52:11.514+0000] {logging_mixin.py:188} INFO - [2024-05-20T02:52:11.514+0000] {dagbag.py:545} INFO - Filling up the DagBag from /home/airflow/.local/lib/python3.12/site-packages/airflow/example_dags/example_task_group.py
[2024-05-20T02:52:11.518+0000] {processor.py:840} INFO - DAG(s) 'example_task_group' retrieved from /home/airflow/.local/lib/python3.12/site-packages/airflow/example_dags/example_task_group.py
[2024-05-20T02:52:11.567+0000] {logging_mixin.py:188} INFO - [2024-05-20T02:52:11.567+0000] {dag.py:3096} INFO - Sync 1 DAGs
[2024-05-20T02:52:11.576+0000] {logging_mixin.py:188} INFO - [2024-05-20T02:52:11.576+0000] {dag.py:3954} INFO - Setting next_dagrun for example_task_group to 2024-05-19 00:00:00+00:00, run_after=2024-05-20 00:00:00+00:00
[2024-05-20T02:52:11.585+0000] {processor.py:183} INFO - Processing /home/airflow/.local/lib/python3.12/site-packages/airflow/example_dags/example_task_group.py took 0.076 seconds
[2024-05-20T02:52:42.605+0000] {processor.py:161} INFO - Started process (PID=176) to work on /home/airflow/.local/lib/python3.12/site-packages/airflow/example_dags/example_task_group.py
[2024-05-20T02:52:42.606+0000] {processor.py:830} INFO - Processing file /home/airflow/.local/lib/python3.12/site-packages/airflow/example_dags/example_task_group.py for tasks to queue
[2024-05-20T02:52:42.607+0000] {logging_mixin.py:188} INFO - [2024-05-20T02:52:42.607+0000] {dagbag.py:545} INFO - Filling up the DagBag from /home/airflow/.local/lib/python3.12/site-packages/airflow/example_dags/example_task_group.py
[2024-05-20T02:52:42.613+0000] {processor.py:840} INFO - DAG(s) 'example_task_group' retrieved from /home/airflow/.local/lib/python3.12/site-packages/airflow/example_dags/example_task_group.py
[2024-05-20T02:52:42.627+0000] {logging_mixin.py:188} INFO - [2024-05-20T02:52:42.627+0000] {dag.py:3096} INFO - Sync 1 DAGs
[2024-05-20T02:52:42.638+0000] {logging_mixin.py:188} INFO - [2024-05-20T02:52:42.638+0000] {dag.py:3954} INFO - Setting next_dagrun for example_task_group to 2024-05-19 00:00:00+00:00, run_after=2024-05-20 00:00:00+00:00
[2024-05-20T02:52:42.652+0000] {processor.py:183} INFO - Processing /home/airflow/.local/lib/python3.12/site-packages/airflow/example_dags/example_task_group.py took 0.052 seconds
[2024-05-20T02:53:12.730+0000] {processor.py:161} INFO - Started process (PID=233) to work on /home/airflow/.local/lib/python3.12/site-packages/airflow/example_dags/example_task_group.py
[2024-05-20T02:53:12.730+0000] {processor.py:830} INFO - Processing file /home/airflow/.local/lib/python3.12/site-packages/airflow/example_dags/example_task_group.py for tasks to queue
[2024-05-20T02:53:12.732+0000] {logging_mixin.py:188} INFO - [2024-05-20T02:53:12.731+0000] {dagbag.py:545} INFO - Filling up the DagBag from /home/airflow/.local/lib/python3.12/site-packages/airflow/example_dags/example_task_group.py
[2024-05-20T02:53:12.736+0000] {processor.py:840} INFO - DAG(s) 'example_task_group' retrieved from /home/airflow/.local/lib/python3.12/site-packages/airflow/example_dags/example_task_group.py
[2024-05-20T02:53:12.749+0000] {logging_mixin.py:188} INFO - [2024-05-20T02:53:12.749+0000] {dag.py:3096} INFO - Sync 1 DAGs
[2024-05-20T02:53:12.762+0000] {logging_mixin.py:188} INFO - [2024-05-20T02:53:12.762+0000] {dag.py:3954} INFO - Setting next_dagrun for example_task_group to 2024-05-19 00:00:00+00:00, run_after=2024-05-20 00:00:00+00:00
[2024-05-20T02:53:12.815+0000] {processor.py:183} INFO - Processing /home/airflow/.local/lib/python3.12/site-packages/airflow/example_dags/example_task_group.py took 0.088 seconds
[2024-05-20T02:53:42.827+0000] {processor.py:161} INFO - Started process (PID=291) to work on /home/airflow/.local/lib/python3.12/site-packages/airflow/example_dags/example_task_group.py
[2024-05-20T02:53:42.828+0000] {processor.py:830} INFO - Processing file /home/airflow/.local/lib/python3.12/site-packages/airflow/example_dags/example_task_group.py for tasks to queue
[2024-05-20T02:53:42.829+0000] {logging_mixin.py:188} INFO - [2024-05-20T02:53:42.828+0000] {dagbag.py:545} INFO - Filling up the DagBag from /home/airflow/.local/lib/python3.12/site-packages/airflow/example_dags/example_task_group.py
[2024-05-20T02:53:42.832+0000] {processor.py:840} INFO - DAG(s) 'example_task_group' retrieved from /home/airflow/.local/lib/python3.12/site-packages/airflow/example_dags/example_task_group.py
[2024-05-20T02:53:42.842+0000] {logging_mixin.py:188} INFO - [2024-05-20T02:53:42.842+0000] {dag.py:3096} INFO - Sync 1 DAGs
[2024-05-20T02:53:42.851+0000] {logging_mixin.py:188} INFO - [2024-05-20T02:53:42.851+0000] {dag.py:3954} INFO - Setting next_dagrun for example_task_group to 2024-05-19 00:00:00+00:00, run_after=2024-05-20 00:00:00+00:00
[2024-05-20T02:53:42.859+0000] {processor.py:183} INFO - Processing /home/airflow/.local/lib/python3.12/site-packages/airflow/example_dags/example_task_group.py took 0.034 seconds
[2024-05-20T02:54:13.475+0000] {processor.py:161} INFO - Started process (PID=349) to work on /home/airflow/.local/lib/python3.12/site-packages/airflow/example_dags/example_task_group.py
[2024-05-20T02:54:13.476+0000] {processor.py:830} INFO - Processing file /home/airflow/.local/lib/python3.12/site-packages/airflow/example_dags/example_task_group.py for tasks to queue
[2024-05-20T02:54:13.477+0000] {logging_mixin.py:188} INFO - [2024-05-20T02:54:13.477+0000] {dagbag.py:545} INFO - Filling up the DagBag from /home/airflow/.local/lib/python3.12/site-packages/airflow/example_dags/example_task_group.py
[2024-05-20T02:54:13.480+0000] {processor.py:840} INFO - DAG(s) 'example_task_group' retrieved from /home/airflow/.local/lib/python3.12/site-packages/airflow/example_dags/example_task_group.py
[2024-05-20T02:54:13.492+0000] {logging_mixin.py:188} INFO - [2024-05-20T02:54:13.492+0000] {dag.py:3096} INFO - Sync 1 DAGs
[2024-05-20T02:54:13.504+0000] {logging_mixin.py:188} INFO - [2024-05-20T02:54:13.504+0000] {dag.py:3954} INFO - Setting next_dagrun for example_task_group to 2024-05-19 00:00:00+00:00, run_after=2024-05-20 00:00:00+00:00
[2024-05-20T02:54:13.512+0000] {processor.py:183} INFO - Processing /home/airflow/.local/lib/python3.12/site-packages/airflow/example_dags/example_task_group.py took 0.040 seconds
[2024-05-20T02:54:44.228+0000] {processor.py:161} INFO - Started process (PID=407) to work on /home/airflow/.local/lib/python3.12/site-packages/airflow/example_dags/example_task_group.py
[2024-05-20T02:54:44.229+0000] {processor.py:830} INFO - Processing file /home/airflow/.local/lib/python3.12/site-packages/airflow/example_dags/example_task_group.py for tasks to queue
[2024-05-20T02:54:44.230+0000] {logging_mixin.py:188} INFO - [2024-05-20T02:54:44.230+0000] {dagbag.py:545} INFO - Filling up the DagBag from /home/airflow/.local/lib/python3.12/site-packages/airflow/example_dags/example_task_group.py
[2024-05-20T02:54:44.234+0000] {processor.py:840} INFO - DAG(s) 'example_task_group' retrieved from /home/airflow/.local/lib/python3.12/site-packages/airflow/example_dags/example_task_group.py
[2024-05-20T02:54:44.245+0000] {logging_mixin.py:188} INFO - [2024-05-20T02:54:44.245+0000] {dag.py:3096} INFO - Sync 1 DAGs
[2024-05-20T02:54:44.255+0000] {logging_mixin.py:188} INFO - [2024-05-20T02:54:44.255+0000] {dag.py:3954} INFO - Setting next_dagrun for example_task_group to 2024-05-19 00:00:00+00:00, run_after=2024-05-20 00:00:00+00:00
[2024-05-20T02:54:44.264+0000] {processor.py:183} INFO - Processing /home/airflow/.local/lib/python3.12/site-packages/airflow/example_dags/example_task_group.py took 0.038 seconds
[2024-05-20T02:55:15.031+0000] {processor.py:161} INFO - Started process (PID=465) to work on /home/airflow/.local/lib/python3.12/site-packages/airflow/example_dags/example_task_group.py
[2024-05-20T02:55:15.031+0000] {processor.py:830} INFO - Processing file /home/airflow/.local/lib/python3.12/site-packages/airflow/example_dags/example_task_group.py for tasks to queue
[2024-05-20T02:55:15.032+0000] {logging_mixin.py:188} INFO - [2024-05-20T02:55:15.032+0000] {dagbag.py:545} INFO - Filling up the DagBag from /home/airflow/.local/lib/python3.12/site-packages/airflow/example_dags/example_task_group.py
[2024-05-20T02:55:15.036+0000] {processor.py:840} INFO - DAG(s) 'example_task_group' retrieved from /home/airflow/.local/lib/python3.12/site-packages/airflow/example_dags/example_task_group.py
[2024-05-20T02:55:15.046+0000] {logging_mixin.py:188} INFO - [2024-05-20T02:55:15.046+0000] {dag.py:3096} INFO - Sync 1 DAGs
[2024-05-20T02:55:15.056+0000] {logging_mixin.py:188} INFO - [2024-05-20T02:55:15.056+0000] {dag.py:3954} INFO - Setting next_dagrun for example_task_group to 2024-05-19 00:00:00+00:00, run_after=2024-05-20 00:00:00+00:00
[2024-05-20T02:55:15.064+0000] {processor.py:183} INFO - Processing /home/airflow/.local/lib/python3.12/site-packages/airflow/example_dags/example_task_group.py took 0.036 seconds
[2024-05-20T02:55:45.818+0000] {processor.py:161} INFO - Started process (PID=523) to work on /home/airflow/.local/lib/python3.12/site-packages/airflow/example_dags/example_task_group.py
[2024-05-20T02:55:45.819+0000] {processor.py:830} INFO - Processing file /home/airflow/.local/lib/python3.12/site-packages/airflow/example_dags/example_task_group.py for tasks to queue
[2024-05-20T02:55:45.820+0000] {logging_mixin.py:188} INFO - [2024-05-20T02:55:45.819+0000] {dagbag.py:545} INFO - Filling up the DagBag from /home/airflow/.local/lib/python3.12/site-packages/airflow/example_dags/example_task_group.py
[2024-05-20T02:55:45.823+0000] {processor.py:840} INFO - DAG(s) 'example_task_group' retrieved from /home/airflow/.local/lib/python3.12/site-packages/airflow/example_dags/example_task_group.py
[2024-05-20T02:55:45.833+0000] {logging_mixin.py:188} INFO - [2024-05-20T02:55:45.833+0000] {dag.py:3096} INFO - Sync 1 DAGs
[2024-05-20T02:55:45.843+0000] {logging_mixin.py:188} INFO - [2024-05-20T02:55:45.843+0000] {dag.py:3954} INFO - Setting next_dagrun for example_task_group to 2024-05-19 00:00:00+00:00, run_after=2024-05-20 00:00:00+00:00
[2024-05-20T02:55:45.851+0000] {processor.py:183} INFO - Processing /home/airflow/.local/lib/python3.12/site-packages/airflow/example_dags/example_task_group.py took 0.036 seconds
[2024-05-20T02:56:16.102+0000] {processor.py:161} INFO - Started process (PID=581) to work on /home/airflow/.local/lib/python3.12/site-packages/airflow/example_dags/example_task_group.py
[2024-05-20T02:56:16.103+0000] {processor.py:830} INFO - Processing file /home/airflow/.local/lib/python3.12/site-packages/airflow/example_dags/example_task_group.py for tasks to queue
[2024-05-20T02:56:16.104+0000] {logging_mixin.py:188} INFO - [2024-05-20T02:56:16.104+0000] {dagbag.py:545} INFO - Filling up the DagBag from /home/airflow/.local/lib/python3.12/site-packages/airflow/example_dags/example_task_group.py
[2024-05-20T02:56:16.108+0000] {processor.py:840} INFO - DAG(s) 'example_task_group' retrieved from /home/airflow/.local/lib/python3.12/site-packages/airflow/example_dags/example_task_group.py
[2024-05-20T02:56:16.123+0000] {logging_mixin.py:188} INFO - [2024-05-20T02:56:16.123+0000] {dag.py:3096} INFO - Sync 1 DAGs
[2024-05-20T02:56:16.136+0000] {logging_mixin.py:188} INFO - [2024-05-20T02:56:16.136+0000] {dag.py:3954} INFO - Setting next_dagrun for example_task_group to 2024-05-19 00:00:00+00:00, run_after=2024-05-20 00:00:00+00:00
[2024-05-20T02:56:16.156+0000] {processor.py:183} INFO - Processing /home/airflow/.local/lib/python3.12/site-packages/airflow/example_dags/example_task_group.py took 0.058 seconds
[2024-05-20T02:56:46.188+0000] {processor.py:161} INFO - Started process (PID=639) to work on /home/airflow/.local/lib/python3.12/site-packages/airflow/example_dags/example_task_group.py
[2024-05-20T02:56:46.189+0000] {processor.py:830} INFO - Processing file /home/airflow/.local/lib/python3.12/site-packages/airflow/example_dags/example_task_group.py for tasks to queue
[2024-05-20T02:56:46.191+0000] {logging_mixin.py:188} INFO - [2024-05-20T02:56:46.191+0000] {dagbag.py:545} INFO - Filling up the DagBag from /home/airflow/.local/lib/python3.12/site-packages/airflow/example_dags/example_task_group.py
[2024-05-20T02:56:46.195+0000] {processor.py:840} INFO - DAG(s) 'example_task_group' retrieved from /home/airflow/.local/lib/python3.12/site-packages/airflow/example_dags/example_task_group.py
[2024-05-20T02:56:46.205+0000] {logging_mixin.py:188} INFO - [2024-05-20T02:56:46.204+0000] {dag.py:3096} INFO - Sync 1 DAGs
[2024-05-20T02:56:46.214+0000] {logging_mixin.py:188} INFO - [2024-05-20T02:56:46.214+0000] {dag.py:3954} INFO - Setting next_dagrun for example_task_group to 2024-05-19 00:00:00+00:00, run_after=2024-05-20 00:00:00+00:00
[2024-05-20T02:56:46.223+0000] {processor.py:183} INFO - Processing /home/airflow/.local/lib/python3.12/site-packages/airflow/example_dags/example_task_group.py took 0.037 seconds
[2024-05-20T02:57:16.984+0000] {processor.py:161} INFO - Started process (PID=697) to work on /home/airflow/.local/lib/python3.12/site-packages/airflow/example_dags/example_task_group.py
[2024-05-20T02:57:16.985+0000] {processor.py:830} INFO - Processing file /home/airflow/.local/lib/python3.12/site-packages/airflow/example_dags/example_task_group.py for tasks to queue
[2024-05-20T02:57:16.986+0000] {logging_mixin.py:188} INFO - [2024-05-20T02:57:16.986+0000] {dagbag.py:545} INFO - Filling up the DagBag from /home/airflow/.local/lib/python3.12/site-packages/airflow/example_dags/example_task_group.py
[2024-05-20T02:57:16.989+0000] {processor.py:840} INFO - DAG(s) 'example_task_group' retrieved from /home/airflow/.local/lib/python3.12/site-packages/airflow/example_dags/example_task_group.py
[2024-05-20T02:57:17.000+0000] {logging_mixin.py:188} INFO - [2024-05-20T02:57:17.000+0000] {dag.py:3096} INFO - Sync 1 DAGs
[2024-05-20T02:57:17.015+0000] {logging_mixin.py:188} INFO - [2024-05-20T02:57:17.015+0000] {dag.py:3954} INFO - Setting next_dagrun for example_task_group to 2024-05-19 00:00:00+00:00, run_after=2024-05-20 00:00:00+00:00
[2024-05-20T02:57:17.059+0000] {processor.py:183} INFO - Processing /home/airflow/.local/lib/python3.12/site-packages/airflow/example_dags/example_task_group.py took 0.078 seconds
[2024-05-20T02:57:47.908+0000] {processor.py:161} INFO - Started process (PID=755) to work on /home/airflow/.local/lib/python3.12/site-packages/airflow/example_dags/example_task_group.py
[2024-05-20T02:57:47.909+0000] {processor.py:830} INFO - Processing file /home/airflow/.local/lib/python3.12/site-packages/airflow/example_dags/example_task_group.py for tasks to queue
[2024-05-20T02:57:47.910+0000] {logging_mixin.py:188} INFO - [2024-05-20T02:57:47.909+0000] {dagbag.py:545} INFO - Filling up the DagBag from /home/airflow/.local/lib/python3.12/site-packages/airflow/example_dags/example_task_group.py
[2024-05-20T02:57:47.913+0000] {processor.py:840} INFO - DAG(s) 'example_task_group' retrieved from /home/airflow/.local/lib/python3.12/site-packages/airflow/example_dags/example_task_group.py
[2024-05-20T02:57:47.924+0000] {logging_mixin.py:188} INFO - [2024-05-20T02:57:47.924+0000] {dag.py:3096} INFO - Sync 1 DAGs
[2024-05-20T02:57:47.935+0000] {logging_mixin.py:188} INFO - [2024-05-20T02:57:47.934+0000] {dag.py:3954} INFO - Setting next_dagrun for example_task_group to 2024-05-19 00:00:00+00:00, run_after=2024-05-20 00:00:00+00:00
[2024-05-20T02:57:47.943+0000] {processor.py:183} INFO - Processing /home/airflow/.local/lib/python3.12/site-packages/airflow/example_dags/example_task_group.py took 0.038 seconds
[2024-05-20T02:58:18.871+0000] {processor.py:161} INFO - Started process (PID=813) to work on /home/airflow/.local/lib/python3.12/site-packages/airflow/example_dags/example_task_group.py
[2024-05-20T02:58:18.872+0000] {processor.py:830} INFO - Processing file /home/airflow/.local/lib/python3.12/site-packages/airflow/example_dags/example_task_group.py for tasks to queue
[2024-05-20T02:58:18.873+0000] {logging_mixin.py:188} INFO - [2024-05-20T02:58:18.873+0000] {dagbag.py:545} INFO - Filling up the DagBag from /home/airflow/.local/lib/python3.12/site-packages/airflow/example_dags/example_task_group.py
[2024-05-20T02:58:18.877+0000] {processor.py:840} INFO - DAG(s) 'example_task_group' retrieved from /home/airflow/.local/lib/python3.12/site-packages/airflow/example_dags/example_task_group.py
[2024-05-20T02:58:18.888+0000] {logging_mixin.py:188} INFO - [2024-05-20T02:58:18.888+0000] {dag.py:3096} INFO - Sync 1 DAGs
[2024-05-20T02:58:18.899+0000] {logging_mixin.py:188} INFO - [2024-05-20T02:58:18.899+0000] {dag.py:3954} INFO - Setting next_dagrun for example_task_group to 2024-05-19 00:00:00+00:00, run_after=2024-05-20 00:00:00+00:00
[2024-05-20T02:58:18.909+0000] {processor.py:183} INFO - Processing /home/airflow/.local/lib/python3.12/site-packages/airflow/example_dags/example_task_group.py took 0.041 seconds
[2024-05-20T02:58:49.628+0000] {processor.py:161} INFO - Started process (PID=871) to work on /home/airflow/.local/lib/python3.12/site-packages/airflow/example_dags/example_task_group.py
[2024-05-20T02:58:49.628+0000] {processor.py:830} INFO - Processing file /home/airflow/.local/lib/python3.12/site-packages/airflow/example_dags/example_task_group.py for tasks to queue
[2024-05-20T02:58:49.630+0000] {logging_mixin.py:188} INFO - [2024-05-20T02:58:49.629+0000] {dagbag.py:545} INFO - Filling up the DagBag from /home/airflow/.local/lib/python3.12/site-packages/airflow/example_dags/example_task_group.py
[2024-05-20T02:58:49.633+0000] {processor.py:840} INFO - DAG(s) 'example_task_group' retrieved from /home/airflow/.local/lib/python3.12/site-packages/airflow/example_dags/example_task_group.py
[2024-05-20T02:58:49.648+0000] {logging_mixin.py:188} INFO - [2024-05-20T02:58:49.648+0000] {dag.py:3096} INFO - Sync 1 DAGs
[2024-05-20T02:58:49.659+0000] {logging_mixin.py:188} INFO - [2024-05-20T02:58:49.659+0000] {dag.py:3954} INFO - Setting next_dagrun for example_task_group to 2024-05-19 00:00:00+00:00, run_after=2024-05-20 00:00:00+00:00
[2024-05-20T02:58:49.668+0000] {processor.py:183} INFO - Processing /home/airflow/.local/lib/python3.12/site-packages/airflow/example_dags/example_task_group.py took 0.044 seconds
[2024-05-20T02:59:20.421+0000] {processor.py:161} INFO - Started process (PID=929) to work on /home/airflow/.local/lib/python3.12/site-packages/airflow/example_dags/example_task_group.py
[2024-05-20T02:59:20.422+0000] {processor.py:830} INFO - Processing file /home/airflow/.local/lib/python3.12/site-packages/airflow/example_dags/example_task_group.py for tasks to queue
[2024-05-20T02:59:20.423+0000] {logging_mixin.py:188} INFO - [2024-05-20T02:59:20.422+0000] {dagbag.py:545} INFO - Filling up the DagBag from /home/airflow/.local/lib/python3.12/site-packages/airflow/example_dags/example_task_group.py
[2024-05-20T02:59:20.426+0000] {processor.py:840} INFO - DAG(s) 'example_task_group' retrieved from /home/airflow/.local/lib/python3.12/site-packages/airflow/example_dags/example_task_group.py
[2024-05-20T02:59:20.437+0000] {logging_mixin.py:188} INFO - [2024-05-20T02:59:20.437+0000] {dag.py:3096} INFO - Sync 1 DAGs
[2024-05-20T02:59:20.448+0000] {logging_mixin.py:188} INFO - [2024-05-20T02:59:20.448+0000] {dag.py:3954} INFO - Setting next_dagrun for example_task_group to 2024-05-19 00:00:00+00:00, run_after=2024-05-20 00:00:00+00:00
[2024-05-20T02:59:20.457+0000] {processor.py:183} INFO - Processing /home/airflow/.local/lib/python3.12/site-packages/airflow/example_dags/example_task_group.py took 0.038 seconds
[2024-05-20T02:59:51.315+0000] {processor.py:161} INFO - Started process (PID=987) to work on /home/airflow/.local/lib/python3.12/site-packages/airflow/example_dags/example_task_group.py
[2024-05-20T02:59:51.316+0000] {processor.py:830} INFO - Processing file /home/airflow/.local/lib/python3.12/site-packages/airflow/example_dags/example_task_group.py for tasks to queue
[2024-05-20T02:59:51.317+0000] {logging_mixin.py:188} INFO - [2024-05-20T02:59:51.317+0000] {dagbag.py:545} INFO - Filling up the DagBag from /home/airflow/.local/lib/python3.12/site-packages/airflow/example_dags/example_task_group.py
[2024-05-20T02:59:51.321+0000] {processor.py:840} INFO - DAG(s) 'example_task_group' retrieved from /home/airflow/.local/lib/python3.12/site-packages/airflow/example_dags/example_task_group.py
[2024-05-20T02:59:51.332+0000] {logging_mixin.py:188} INFO - [2024-05-20T02:59:51.332+0000] {dag.py:3096} INFO - Sync 1 DAGs
[2024-05-20T02:59:51.342+0000] {logging_mixin.py:188} INFO - [2024-05-20T02:59:51.342+0000] {dag.py:3954} INFO - Setting next_dagrun for example_task_group to 2024-05-19 00:00:00+00:00, run_after=2024-05-20 00:00:00+00:00
[2024-05-20T02:59:51.351+0000] {processor.py:183} INFO - Processing /home/airflow/.local/lib/python3.12/site-packages/airflow/example_dags/example_task_group.py took 0.039 seconds
[2024-05-20T03:00:22.089+0000] {processor.py:161} INFO - Started process (PID=1045) to work on /home/airflow/.local/lib/python3.12/site-packages/airflow/example_dags/example_task_group.py
[2024-05-20T03:00:22.090+0000] {processor.py:830} INFO - Processing file /home/airflow/.local/lib/python3.12/site-packages/airflow/example_dags/example_task_group.py for tasks to queue
[2024-05-20T03:00:22.091+0000] {logging_mixin.py:188} INFO - [2024-05-20T03:00:22.091+0000] {dagbag.py:545} INFO - Filling up the DagBag from /home/airflow/.local/lib/python3.12/site-packages/airflow/example_dags/example_task_group.py
[2024-05-20T03:00:22.095+0000] {processor.py:840} INFO - DAG(s) 'example_task_group' retrieved from /home/airflow/.local/lib/python3.12/site-packages/airflow/example_dags/example_task_group.py
[2024-05-20T03:00:22.108+0000] {logging_mixin.py:188} INFO - [2024-05-20T03:00:22.107+0000] {dag.py:3096} INFO - Sync 1 DAGs
[2024-05-20T03:00:22.118+0000] {logging_mixin.py:188} INFO - [2024-05-20T03:00:22.118+0000] {dag.py:3954} INFO - Setting next_dagrun for example_task_group to 2024-05-19 00:00:00+00:00, run_after=2024-05-20 00:00:00+00:00
[2024-05-20T03:00:22.127+0000] {processor.py:183} INFO - Processing /home/airflow/.local/lib/python3.12/site-packages/airflow/example_dags/example_task_group.py took 0.041 seconds
[2024-05-20T03:00:52.733+0000] {processor.py:161} INFO - Started process (PID=1103) to work on /home/airflow/.local/lib/python3.12/site-packages/airflow/example_dags/example_task_group.py
[2024-05-20T03:00:52.734+0000] {processor.py:830} INFO - Processing file /home/airflow/.local/lib/python3.12/site-packages/airflow/example_dags/example_task_group.py for tasks to queue
[2024-05-20T03:00:52.735+0000] {logging_mixin.py:188} INFO - [2024-05-20T03:00:52.735+0000] {dagbag.py:545} INFO - Filling up the DagBag from /home/airflow/.local/lib/python3.12/site-packages/airflow/example_dags/example_task_group.py
[2024-05-20T03:00:52.739+0000] {processor.py:840} INFO - DAG(s) 'example_task_group' retrieved from /home/airflow/.local/lib/python3.12/site-packages/airflow/example_dags/example_task_group.py
[2024-05-20T03:00:52.750+0000] {logging_mixin.py:188} INFO - [2024-05-20T03:00:52.750+0000] {dag.py:3096} INFO - Sync 1 DAGs
[2024-05-20T03:00:52.762+0000] {logging_mixin.py:188} INFO - [2024-05-20T03:00:52.761+0000] {dag.py:3954} INFO - Setting next_dagrun for example_task_group to 2024-05-19 00:00:00+00:00, run_after=2024-05-20 00:00:00+00:00
[2024-05-20T03:00:52.771+0000] {processor.py:183} INFO - Processing /home/airflow/.local/lib/python3.12/site-packages/airflow/example_dags/example_task_group.py took 0.042 seconds
[2024-05-20T03:01:22.960+0000] {processor.py:161} INFO - Started process (PID=1161) to work on /home/airflow/.local/lib/python3.12/site-packages/airflow/example_dags/example_task_group.py
[2024-05-20T03:01:22.961+0000] {processor.py:830} INFO - Processing file /home/airflow/.local/lib/python3.12/site-packages/airflow/example_dags/example_task_group.py for tasks to queue
[2024-05-20T03:01:22.962+0000] {logging_mixin.py:188} INFO - [2024-05-20T03:01:22.961+0000] {dagbag.py:545} INFO - Filling up the DagBag from /home/airflow/.local/lib/python3.12/site-packages/airflow/example_dags/example_task_group.py
[2024-05-20T03:01:22.965+0000] {processor.py:840} INFO - DAG(s) 'example_task_group' retrieved from /home/airflow/.local/lib/python3.12/site-packages/airflow/example_dags/example_task_group.py
[2024-05-20T03:01:22.976+0000] {logging_mixin.py:188} INFO - [2024-05-20T03:01:22.976+0000] {dag.py:3096} INFO - Sync 1 DAGs
[2024-05-20T03:01:22.987+0000] {logging_mixin.py:188} INFO - [2024-05-20T03:01:22.987+0000] {dag.py:3954} INFO - Setting next_dagrun for example_task_group to 2024-05-19 00:00:00+00:00, run_after=2024-05-20 00:00:00+00:00
[2024-05-20T03:01:22.996+0000] {processor.py:183} INFO - Processing /home/airflow/.local/lib/python3.12/site-packages/airflow/example_dags/example_task_group.py took 0.039 seconds
[2024-05-20T03:01:53.673+0000] {processor.py:161} INFO - Started process (PID=1219) to work on /home/airflow/.local/lib/python3.12/site-packages/airflow/example_dags/example_task_group.py
[2024-05-20T03:01:53.674+0000] {processor.py:830} INFO - Processing file /home/airflow/.local/lib/python3.12/site-packages/airflow/example_dags/example_task_group.py for tasks to queue
[2024-05-20T03:01:53.675+0000] {logging_mixin.py:188} INFO - [2024-05-20T03:01:53.675+0000] {dagbag.py:545} INFO - Filling up the DagBag from /home/airflow/.local/lib/python3.12/site-packages/airflow/example_dags/example_task_group.py
[2024-05-20T03:01:53.679+0000] {processor.py:840} INFO - DAG(s) 'example_task_group' retrieved from /home/airflow/.local/lib/python3.12/site-packages/airflow/example_dags/example_task_group.py
[2024-05-20T03:01:53.689+0000] {logging_mixin.py:188} INFO - [2024-05-20T03:01:53.688+0000] {dag.py:3096} INFO - Sync 1 DAGs
[2024-05-20T03:01:53.698+0000] {logging_mixin.py:188} INFO - [2024-05-20T03:01:53.698+0000] {dag.py:3954} INFO - Setting next_dagrun for example_task_group to 2024-05-19 00:00:00+00:00, run_after=2024-05-20 00:00:00+00:00
[2024-05-20T03:01:53.707+0000] {processor.py:183} INFO - Processing /home/airflow/.local/lib/python3.12/site-packages/airflow/example_dags/example_task_group.py took 0.037 seconds
[2024-05-20T03:02:24.523+0000] {processor.py:161} INFO - Started process (PID=1277) to work on /home/airflow/.local/lib/python3.12/site-packages/airflow/example_dags/example_task_group.py
[2024-05-20T03:02:24.524+0000] {processor.py:830} INFO - Processing file /home/airflow/.local/lib/python3.12/site-packages/airflow/example_dags/example_task_group.py for tasks to queue
[2024-05-20T03:02:24.525+0000] {logging_mixin.py:188} INFO - [2024-05-20T03:02:24.525+0000] {dagbag.py:545} INFO - Filling up the DagBag from /home/airflow/.local/lib/python3.12/site-packages/airflow/example_dags/example_task_group.py
[2024-05-20T03:02:24.529+0000] {processor.py:840} INFO - DAG(s) 'example_task_group' retrieved from /home/airflow/.local/lib/python3.12/site-packages/airflow/example_dags/example_task_group.py
[2024-05-20T03:02:24.541+0000] {logging_mixin.py:188} INFO - [2024-05-20T03:02:24.541+0000] {dag.py:3096} INFO - Sync 1 DAGs
[2024-05-20T03:02:24.554+0000] {logging_mixin.py:188} INFO - [2024-05-20T03:02:24.554+0000] {dag.py:3954} INFO - Setting next_dagrun for example_task_group to 2024-05-19 00:00:00+00:00, run_after=2024-05-20 00:00:00+00:00
[2024-05-20T03:02:24.564+0000] {processor.py:183} INFO - Processing /home/airflow/.local/lib/python3.12/site-packages/airflow/example_dags/example_task_group.py took 0.044 seconds
[2024-05-20T03:02:54.610+0000] {processor.py:161} INFO - Started process (PID=1335) to work on /home/airflow/.local/lib/python3.12/site-packages/airflow/example_dags/example_task_group.py
[2024-05-20T03:02:54.611+0000] {processor.py:830} INFO - Processing file /home/airflow/.local/lib/python3.12/site-packages/airflow/example_dags/example_task_group.py for tasks to queue
[2024-05-20T03:02:54.612+0000] {logging_mixin.py:188} INFO - [2024-05-20T03:02:54.612+0000] {dagbag.py:545} INFO - Filling up the DagBag from /home/airflow/.local/lib/python3.12/site-packages/airflow/example_dags/example_task_group.py
[2024-05-20T03:02:54.617+0000] {processor.py:840} INFO - DAG(s) 'example_task_group' retrieved from /home/airflow/.local/lib/python3.12/site-packages/airflow/example_dags/example_task_group.py
[2024-05-20T03:02:54.627+0000] {logging_mixin.py:188} INFO - [2024-05-20T03:02:54.627+0000] {dag.py:3096} INFO - Sync 1 DAGs
[2024-05-20T03:02:54.637+0000] {logging_mixin.py:188} INFO - [2024-05-20T03:02:54.636+0000] {dag.py:3954} INFO - Setting next_dagrun for example_task_group to 2024-05-19 00:00:00+00:00, run_after=2024-05-20 00:00:00+00:00
[2024-05-20T03:02:54.644+0000] {processor.py:183} INFO - Processing /home/airflow/.local/lib/python3.12/site-packages/airflow/example_dags/example_task_group.py took 0.037 seconds
[2024-05-20T03:03:24.698+0000] {processor.py:161} INFO - Started process (PID=1393) to work on /home/airflow/.local/lib/python3.12/site-packages/airflow/example_dags/example_task_group.py
[2024-05-20T03:03:24.699+0000] {processor.py:830} INFO - Processing file /home/airflow/.local/lib/python3.12/site-packages/airflow/example_dags/example_task_group.py for tasks to queue
[2024-05-20T03:03:24.700+0000] {logging_mixin.py:188} INFO - [2024-05-20T03:03:24.700+0000] {dagbag.py:545} INFO - Filling up the DagBag from /home/airflow/.local/lib/python3.12/site-packages/airflow/example_dags/example_task_group.py
[2024-05-20T03:03:24.704+0000] {processor.py:840} INFO - DAG(s) 'example_task_group' retrieved from /home/airflow/.local/lib/python3.12/site-packages/airflow/example_dags/example_task_group.py
[2024-05-20T03:03:24.714+0000] {logging_mixin.py:188} INFO - [2024-05-20T03:03:24.714+0000] {dag.py:3096} INFO - Sync 1 DAGs
[2024-05-20T03:03:24.726+0000] {logging_mixin.py:188} INFO - [2024-05-20T03:03:24.725+0000] {dag.py:3954} INFO - Setting next_dagrun for example_task_group to 2024-05-19 00:00:00+00:00, run_after=2024-05-20 00:00:00+00:00
[2024-05-20T03:03:24.735+0000] {processor.py:183} INFO - Processing /home/airflow/.local/lib/python3.12/site-packages/airflow/example_dags/example_task_group.py took 0.040 seconds
[2024-05-20T03:04:13.742+0000] {processor.py:161} INFO - Started process (PID=59) to work on /home/airflow/.local/lib/python3.12/site-packages/airflow/example_dags/example_task_group.py
[2024-05-20T03:04:13.743+0000] {processor.py:830} INFO - Processing file /home/airflow/.local/lib/python3.12/site-packages/airflow/example_dags/example_task_group.py for tasks to queue
[2024-05-20T03:04:13.745+0000] {logging_mixin.py:188} INFO - [2024-05-20T03:04:13.744+0000] {dagbag.py:545} INFO - Filling up the DagBag from /home/airflow/.local/lib/python3.12/site-packages/airflow/example_dags/example_task_group.py
[2024-05-20T03:04:13.752+0000] {processor.py:840} INFO - DAG(s) 'example_task_group' retrieved from /home/airflow/.local/lib/python3.12/site-packages/airflow/example_dags/example_task_group.py
[2024-05-20T03:04:13.761+0000] {logging_mixin.py:188} INFO - [2024-05-20T03:04:13.761+0000] {dag.py:3096} INFO - Sync 1 DAGs
[2024-05-20T03:04:13.776+0000] {logging_mixin.py:188} INFO - [2024-05-20T03:04:13.776+0000] {dag.py:3954} INFO - Setting next_dagrun for example_task_group to 2024-05-19 00:00:00+00:00, run_after=2024-05-20 00:00:00+00:00
[2024-05-20T03:04:13.790+0000] {processor.py:183} INFO - Processing /home/airflow/.local/lib/python3.12/site-packages/airflow/example_dags/example_task_group.py took 0.053 seconds
[2024-05-20T03:04:44.420+0000] {processor.py:161} INFO - Started process (PID=117) to work on /home/airflow/.local/lib/python3.12/site-packages/airflow/example_dags/example_task_group.py
[2024-05-20T03:04:44.421+0000] {processor.py:830} INFO - Processing file /home/airflow/.local/lib/python3.12/site-packages/airflow/example_dags/example_task_group.py for tasks to queue
[2024-05-20T03:04:44.422+0000] {logging_mixin.py:188} INFO - [2024-05-20T03:04:44.422+0000] {dagbag.py:545} INFO - Filling up the DagBag from /home/airflow/.local/lib/python3.12/site-packages/airflow/example_dags/example_task_group.py
[2024-05-20T03:04:44.426+0000] {processor.py:840} INFO - DAG(s) 'example_task_group' retrieved from /home/airflow/.local/lib/python3.12/site-packages/airflow/example_dags/example_task_group.py
[2024-05-20T03:04:44.472+0000] {logging_mixin.py:188} INFO - [2024-05-20T03:04:44.472+0000] {dag.py:3096} INFO - Sync 1 DAGs
[2024-05-20T03:04:44.481+0000] {logging_mixin.py:188} INFO - [2024-05-20T03:04:44.481+0000] {dag.py:3954} INFO - Setting next_dagrun for example_task_group to 2024-05-19 00:00:00+00:00, run_after=2024-05-20 00:00:00+00:00
[2024-05-20T03:04:44.490+0000] {processor.py:183} INFO - Processing /home/airflow/.local/lib/python3.12/site-packages/airflow/example_dags/example_task_group.py took 0.073 seconds
[2024-05-20T03:05:15.304+0000] {processor.py:161} INFO - Started process (PID=174) to work on /home/airflow/.local/lib/python3.12/site-packages/airflow/example_dags/example_task_group.py
[2024-05-20T03:05:15.304+0000] {processor.py:830} INFO - Processing file /home/airflow/.local/lib/python3.12/site-packages/airflow/example_dags/example_task_group.py for tasks to queue
[2024-05-20T03:05:15.306+0000] {logging_mixin.py:188} INFO - [2024-05-20T03:05:15.305+0000] {dagbag.py:545} INFO - Filling up the DagBag from /home/airflow/.local/lib/python3.12/site-packages/airflow/example_dags/example_task_group.py
[2024-05-20T03:05:15.310+0000] {processor.py:840} INFO - DAG(s) 'example_task_group' retrieved from /home/airflow/.local/lib/python3.12/site-packages/airflow/example_dags/example_task_group.py
[2024-05-20T03:05:15.322+0000] {logging_mixin.py:188} INFO - [2024-05-20T03:05:15.322+0000] {dag.py:3096} INFO - Sync 1 DAGs
[2024-05-20T03:05:15.333+0000] {logging_mixin.py:188} INFO - [2024-05-20T03:05:15.333+0000] {dag.py:3954} INFO - Setting next_dagrun for example_task_group to 2024-05-19 00:00:00+00:00, run_after=2024-05-20 00:00:00+00:00
[2024-05-20T03:05:15.344+0000] {processor.py:183} INFO - Processing /home/airflow/.local/lib/python3.12/site-packages/airflow/example_dags/example_task_group.py took 0.043 seconds
[2024-05-20T03:05:45.980+0000] {processor.py:161} INFO - Started process (PID=232) to work on /home/airflow/.local/lib/python3.12/site-packages/airflow/example_dags/example_task_group.py
[2024-05-20T03:05:45.981+0000] {processor.py:830} INFO - Processing file /home/airflow/.local/lib/python3.12/site-packages/airflow/example_dags/example_task_group.py for tasks to queue
[2024-05-20T03:05:45.982+0000] {logging_mixin.py:188} INFO - [2024-05-20T03:05:45.982+0000] {dagbag.py:545} INFO - Filling up the DagBag from /home/airflow/.local/lib/python3.12/site-packages/airflow/example_dags/example_task_group.py
[2024-05-20T03:05:45.986+0000] {processor.py:840} INFO - DAG(s) 'example_task_group' retrieved from /home/airflow/.local/lib/python3.12/site-packages/airflow/example_dags/example_task_group.py
[2024-05-20T03:05:45.999+0000] {logging_mixin.py:188} INFO - [2024-05-20T03:05:45.999+0000] {dag.py:3096} INFO - Sync 1 DAGs
[2024-05-20T03:05:46.011+0000] {logging_mixin.py:188} INFO - [2024-05-20T03:05:46.011+0000] {dag.py:3954} INFO - Setting next_dagrun for example_task_group to 2024-05-19 00:00:00+00:00, run_after=2024-05-20 00:00:00+00:00
[2024-05-20T03:05:46.021+0000] {processor.py:183} INFO - Processing /home/airflow/.local/lib/python3.12/site-packages/airflow/example_dags/example_task_group.py took 0.044 seconds
[2024-05-20T03:06:16.706+0000] {processor.py:161} INFO - Started process (PID=289) to work on /home/airflow/.local/lib/python3.12/site-packages/airflow/example_dags/example_task_group.py
[2024-05-20T03:06:16.707+0000] {processor.py:830} INFO - Processing file /home/airflow/.local/lib/python3.12/site-packages/airflow/example_dags/example_task_group.py for tasks to queue
[2024-05-20T03:06:16.708+0000] {logging_mixin.py:188} INFO - [2024-05-20T03:06:16.708+0000] {dagbag.py:545} INFO - Filling up the DagBag from /home/airflow/.local/lib/python3.12/site-packages/airflow/example_dags/example_task_group.py
[2024-05-20T03:06:16.712+0000] {processor.py:840} INFO - DAG(s) 'example_task_group' retrieved from /home/airflow/.local/lib/python3.12/site-packages/airflow/example_dags/example_task_group.py
[2024-05-20T03:06:16.723+0000] {logging_mixin.py:188} INFO - [2024-05-20T03:06:16.723+0000] {dag.py:3096} INFO - Sync 1 DAGs
[2024-05-20T03:06:16.734+0000] {logging_mixin.py:188} INFO - [2024-05-20T03:06:16.734+0000] {dag.py:3954} INFO - Setting next_dagrun for example_task_group to 2024-05-19 00:00:00+00:00, run_after=2024-05-20 00:00:00+00:00
[2024-05-20T03:06:16.744+0000] {processor.py:183} INFO - Processing /home/airflow/.local/lib/python3.12/site-packages/airflow/example_dags/example_task_group.py took 0.040 seconds
[2024-05-20T03:06:47.395+0000] {processor.py:161} INFO - Started process (PID=347) to work on /home/airflow/.local/lib/python3.12/site-packages/airflow/example_dags/example_task_group.py
[2024-05-20T03:06:47.396+0000] {processor.py:830} INFO - Processing file /home/airflow/.local/lib/python3.12/site-packages/airflow/example_dags/example_task_group.py for tasks to queue
[2024-05-20T03:06:47.397+0000] {logging_mixin.py:188} INFO - [2024-05-20T03:06:47.397+0000] {dagbag.py:545} INFO - Filling up the DagBag from /home/airflow/.local/lib/python3.12/site-packages/airflow/example_dags/example_task_group.py
[2024-05-20T03:06:47.400+0000] {processor.py:840} INFO - DAG(s) 'example_task_group' retrieved from /home/airflow/.local/lib/python3.12/site-packages/airflow/example_dags/example_task_group.py
[2024-05-20T03:06:47.410+0000] {logging_mixin.py:188} INFO - [2024-05-20T03:06:47.410+0000] {dag.py:3096} INFO - Sync 1 DAGs
[2024-05-20T03:06:47.419+0000] {logging_mixin.py:188} INFO - [2024-05-20T03:06:47.419+0000] {dag.py:3954} INFO - Setting next_dagrun for example_task_group to 2024-05-19 00:00:00+00:00, run_after=2024-05-20 00:00:00+00:00
[2024-05-20T03:06:47.426+0000] {processor.py:183} INFO - Processing /home/airflow/.local/lib/python3.12/site-packages/airflow/example_dags/example_task_group.py took 0.034 seconds
[2024-05-20T03:07:18.146+0000] {processor.py:161} INFO - Started process (PID=405) to work on /home/airflow/.local/lib/python3.12/site-packages/airflow/example_dags/example_task_group.py
[2024-05-20T03:07:18.147+0000] {processor.py:830} INFO - Processing file /home/airflow/.local/lib/python3.12/site-packages/airflow/example_dags/example_task_group.py for tasks to queue
[2024-05-20T03:07:18.148+0000] {logging_mixin.py:188} INFO - [2024-05-20T03:07:18.147+0000] {dagbag.py:545} INFO - Filling up the DagBag from /home/airflow/.local/lib/python3.12/site-packages/airflow/example_dags/example_task_group.py
[2024-05-20T03:07:18.151+0000] {processor.py:840} INFO - DAG(s) 'example_task_group' retrieved from /home/airflow/.local/lib/python3.12/site-packages/airflow/example_dags/example_task_group.py
[2024-05-20T03:07:18.161+0000] {logging_mixin.py:188} INFO - [2024-05-20T03:07:18.161+0000] {dag.py:3096} INFO - Sync 1 DAGs
[2024-05-20T03:07:18.171+0000] {logging_mixin.py:188} INFO - [2024-05-20T03:07:18.171+0000] {dag.py:3954} INFO - Setting next_dagrun for example_task_group to 2024-05-19 00:00:00+00:00, run_after=2024-05-20 00:00:00+00:00
[2024-05-20T03:07:18.179+0000] {processor.py:183} INFO - Processing /home/airflow/.local/lib/python3.12/site-packages/airflow/example_dags/example_task_group.py took 0.036 seconds
[2024-05-20T03:07:59.277+0000] {processor.py:161} INFO - Started process (PID=60) to work on /home/airflow/.local/lib/python3.12/site-packages/airflow/example_dags/example_task_group.py
[2024-05-20T03:07:59.278+0000] {processor.py:830} INFO - Processing file /home/airflow/.local/lib/python3.12/site-packages/airflow/example_dags/example_task_group.py for tasks to queue
[2024-05-20T03:07:59.279+0000] {logging_mixin.py:188} INFO - [2024-05-20T03:07:59.279+0000] {dagbag.py:545} INFO - Filling up the DagBag from /home/airflow/.local/lib/python3.12/site-packages/airflow/example_dags/example_task_group.py
[2024-05-20T03:07:59.284+0000] {processor.py:840} INFO - DAG(s) 'example_task_group' retrieved from /home/airflow/.local/lib/python3.12/site-packages/airflow/example_dags/example_task_group.py
[2024-05-20T03:07:59.295+0000] {logging_mixin.py:188} INFO - [2024-05-20T03:07:59.295+0000] {dag.py:3096} INFO - Sync 1 DAGs
[2024-05-20T03:07:59.312+0000] {logging_mixin.py:188} INFO - [2024-05-20T03:07:59.312+0000] {dag.py:3954} INFO - Setting next_dagrun for example_task_group to 2024-05-19 00:00:00+00:00, run_after=2024-05-20 00:00:00+00:00
[2024-05-20T03:07:59.325+0000] {processor.py:183} INFO - Processing /home/airflow/.local/lib/python3.12/site-packages/airflow/example_dags/example_task_group.py took 0.052 seconds
[2024-05-20T03:08:30.709+0000] {processor.py:161} INFO - Started process (PID=117) to work on /home/airflow/.local/lib/python3.12/site-packages/airflow/example_dags/example_task_group.py
[2024-05-20T03:08:30.709+0000] {processor.py:830} INFO - Processing file /home/airflow/.local/lib/python3.12/site-packages/airflow/example_dags/example_task_group.py for tasks to queue
[2024-05-20T03:08:30.711+0000] {logging_mixin.py:188} INFO - [2024-05-20T03:08:30.710+0000] {dagbag.py:545} INFO - Filling up the DagBag from /home/airflow/.local/lib/python3.12/site-packages/airflow/example_dags/example_task_group.py
[2024-05-20T03:08:30.714+0000] {processor.py:840} INFO - DAG(s) 'example_task_group' retrieved from /home/airflow/.local/lib/python3.12/site-packages/airflow/example_dags/example_task_group.py
[2024-05-20T03:08:30.761+0000] {logging_mixin.py:188} INFO - [2024-05-20T03:08:30.760+0000] {dag.py:3096} INFO - Sync 1 DAGs
[2024-05-20T03:08:30.769+0000] {logging_mixin.py:188} INFO - [2024-05-20T03:08:30.769+0000] {dag.py:3954} INFO - Setting next_dagrun for example_task_group to 2024-05-19 00:00:00+00:00, run_after=2024-05-20 00:00:00+00:00
[2024-05-20T03:08:30.778+0000] {processor.py:183} INFO - Processing /home/airflow/.local/lib/python3.12/site-packages/airflow/example_dags/example_task_group.py took 0.072 seconds
[2024-05-20T03:09:01.781+0000] {processor.py:161} INFO - Started process (PID=176) to work on /home/airflow/.local/lib/python3.12/site-packages/airflow/example_dags/example_task_group.py
[2024-05-20T03:09:01.781+0000] {processor.py:830} INFO - Processing file /home/airflow/.local/lib/python3.12/site-packages/airflow/example_dags/example_task_group.py for tasks to queue
[2024-05-20T03:09:01.782+0000] {logging_mixin.py:188} INFO - [2024-05-20T03:09:01.782+0000] {dagbag.py:545} INFO - Filling up the DagBag from /home/airflow/.local/lib/python3.12/site-packages/airflow/example_dags/example_task_group.py
[2024-05-20T03:09:01.786+0000] {processor.py:840} INFO - DAG(s) 'example_task_group' retrieved from /home/airflow/.local/lib/python3.12/site-packages/airflow/example_dags/example_task_group.py
[2024-05-20T03:09:01.796+0000] {logging_mixin.py:188} INFO - [2024-05-20T03:09:01.796+0000] {dag.py:3096} INFO - Sync 1 DAGs
[2024-05-20T03:09:01.806+0000] {logging_mixin.py:188} INFO - [2024-05-20T03:09:01.806+0000] {dag.py:3954} INFO - Setting next_dagrun for example_task_group to 2024-05-19 00:00:00+00:00, run_after=2024-05-20 00:00:00+00:00
[2024-05-20T03:09:01.815+0000] {processor.py:183} INFO - Processing /home/airflow/.local/lib/python3.12/site-packages/airflow/example_dags/example_task_group.py took 0.037 seconds
