[2024-05-20T02:51:41.391+0000] {processor.py:161} INFO - Started process (PID=63) to work on /home/airflow/.local/lib/python3.12/site-packages/airflow/example_dags/example_branch_labels.py
[2024-05-20T02:51:41.392+0000] {processor.py:830} INFO - Processing file /home/airflow/.local/lib/python3.12/site-packages/airflow/example_dags/example_branch_labels.py for tasks to queue
[2024-05-20T02:51:41.393+0000] {logging_mixin.py:188} INFO - [2024-05-20T02:51:41.393+0000] {dagbag.py:545} INFO - Filling up the DagBag from /home/airflow/.local/lib/python3.12/site-packages/airflow/example_dags/example_branch_labels.py
[2024-05-20T02:51:41.400+0000] {processor.py:840} INFO - DAG(s) 'example_branch_labels' retrieved from /home/airflow/.local/lib/python3.12/site-packages/airflow/example_dags/example_branch_labels.py
[2024-05-20T02:51:41.410+0000] {logging_mixin.py:188} INFO - [2024-05-20T02:51:41.410+0000] {dag.py:3096} INFO - Sync 1 DAGs
[2024-05-20T02:51:41.426+0000] {logging_mixin.py:188} INFO - [2024-05-20T02:51:41.426+0000] {dag.py:3954} INFO - Setting next_dagrun for example_branch_labels to 2024-05-19 00:00:00+00:00, run_after=2024-05-20 00:00:00+00:00
[2024-05-20T02:51:41.438+0000] {processor.py:183} INFO - Processing /home/airflow/.local/lib/python3.12/site-packages/airflow/example_dags/example_branch_labels.py took 0.052 seconds
[2024-05-20T02:52:11.672+0000] {processor.py:161} INFO - Started process (PID=121) to work on /home/airflow/.local/lib/python3.12/site-packages/airflow/example_dags/example_branch_labels.py
[2024-05-20T02:52:11.673+0000] {processor.py:830} INFO - Processing file /home/airflow/.local/lib/python3.12/site-packages/airflow/example_dags/example_branch_labels.py for tasks to queue
[2024-05-20T02:52:11.674+0000] {logging_mixin.py:188} INFO - [2024-05-20T02:52:11.674+0000] {dagbag.py:545} INFO - Filling up the DagBag from /home/airflow/.local/lib/python3.12/site-packages/airflow/example_dags/example_branch_labels.py
[2024-05-20T02:52:11.677+0000] {processor.py:840} INFO - DAG(s) 'example_branch_labels' retrieved from /home/airflow/.local/lib/python3.12/site-packages/airflow/example_dags/example_branch_labels.py
[2024-05-20T02:52:11.723+0000] {logging_mixin.py:188} INFO - [2024-05-20T02:52:11.723+0000] {dag.py:3096} INFO - Sync 1 DAGs
[2024-05-20T02:52:11.733+0000] {logging_mixin.py:188} INFO - [2024-05-20T02:52:11.733+0000] {dag.py:3954} INFO - Setting next_dagrun for example_branch_labels to 2024-05-19 00:00:00+00:00, run_after=2024-05-20 00:00:00+00:00
[2024-05-20T02:52:11.742+0000] {processor.py:183} INFO - Processing /home/airflow/.local/lib/python3.12/site-packages/airflow/example_dags/example_branch_labels.py took 0.072 seconds
[2024-05-20T02:52:42.738+0000] {processor.py:161} INFO - Started process (PID=179) to work on /home/airflow/.local/lib/python3.12/site-packages/airflow/example_dags/example_branch_labels.py
[2024-05-20T02:52:42.739+0000] {processor.py:830} INFO - Processing file /home/airflow/.local/lib/python3.12/site-packages/airflow/example_dags/example_branch_labels.py for tasks to queue
[2024-05-20T02:52:42.740+0000] {logging_mixin.py:188} INFO - [2024-05-20T02:52:42.740+0000] {dagbag.py:545} INFO - Filling up the DagBag from /home/airflow/.local/lib/python3.12/site-packages/airflow/example_dags/example_branch_labels.py
[2024-05-20T02:52:42.744+0000] {processor.py:840} INFO - DAG(s) 'example_branch_labels' retrieved from /home/airflow/.local/lib/python3.12/site-packages/airflow/example_dags/example_branch_labels.py
[2024-05-20T02:52:42.755+0000] {logging_mixin.py:188} INFO - [2024-05-20T02:52:42.755+0000] {dag.py:3096} INFO - Sync 1 DAGs
[2024-05-20T02:52:42.765+0000] {logging_mixin.py:188} INFO - [2024-05-20T02:52:42.765+0000] {dag.py:3954} INFO - Setting next_dagrun for example_branch_labels to 2024-05-19 00:00:00+00:00, run_after=2024-05-20 00:00:00+00:00
[2024-05-20T02:52:42.774+0000] {processor.py:183} INFO - Processing /home/airflow/.local/lib/python3.12/site-packages/airflow/example_dags/example_branch_labels.py took 0.039 seconds
[2024-05-20T02:53:12.899+0000] {processor.py:161} INFO - Started process (PID=237) to work on /home/airflow/.local/lib/python3.12/site-packages/airflow/example_dags/example_branch_labels.py
[2024-05-20T02:53:12.900+0000] {processor.py:830} INFO - Processing file /home/airflow/.local/lib/python3.12/site-packages/airflow/example_dags/example_branch_labels.py for tasks to queue
[2024-05-20T02:53:12.901+0000] {logging_mixin.py:188} INFO - [2024-05-20T02:53:12.901+0000] {dagbag.py:545} INFO - Filling up the DagBag from /home/airflow/.local/lib/python3.12/site-packages/airflow/example_dags/example_branch_labels.py
[2024-05-20T02:53:12.905+0000] {processor.py:840} INFO - DAG(s) 'example_branch_labels' retrieved from /home/airflow/.local/lib/python3.12/site-packages/airflow/example_dags/example_branch_labels.py
[2024-05-20T02:53:12.918+0000] {logging_mixin.py:188} INFO - [2024-05-20T02:53:12.918+0000] {dag.py:3096} INFO - Sync 1 DAGs
[2024-05-20T02:53:12.929+0000] {logging_mixin.py:188} INFO - [2024-05-20T02:53:12.929+0000] {dag.py:3954} INFO - Setting next_dagrun for example_branch_labels to 2024-05-19 00:00:00+00:00, run_after=2024-05-20 00:00:00+00:00
[2024-05-20T02:53:12.938+0000] {processor.py:183} INFO - Processing /home/airflow/.local/lib/python3.12/site-packages/airflow/example_dags/example_branch_labels.py took 0.042 seconds
[2024-05-20T02:53:43.967+0000] {processor.py:161} INFO - Started process (PID=295) to work on /home/airflow/.local/lib/python3.12/site-packages/airflow/example_dags/example_branch_labels.py
[2024-05-20T02:53:43.968+0000] {processor.py:830} INFO - Processing file /home/airflow/.local/lib/python3.12/site-packages/airflow/example_dags/example_branch_labels.py for tasks to queue
[2024-05-20T02:53:43.969+0000] {logging_mixin.py:188} INFO - [2024-05-20T02:53:43.968+0000] {dagbag.py:545} INFO - Filling up the DagBag from /home/airflow/.local/lib/python3.12/site-packages/airflow/example_dags/example_branch_labels.py
[2024-05-20T02:53:43.972+0000] {processor.py:840} INFO - DAG(s) 'example_branch_labels' retrieved from /home/airflow/.local/lib/python3.12/site-packages/airflow/example_dags/example_branch_labels.py
[2024-05-20T02:53:43.983+0000] {logging_mixin.py:188} INFO - [2024-05-20T02:53:43.983+0000] {dag.py:3096} INFO - Sync 1 DAGs
[2024-05-20T02:53:43.994+0000] {logging_mixin.py:188} INFO - [2024-05-20T02:53:43.994+0000] {dag.py:3954} INFO - Setting next_dagrun for example_branch_labels to 2024-05-19 00:00:00+00:00, run_after=2024-05-20 00:00:00+00:00
[2024-05-20T02:53:44.004+0000] {processor.py:183} INFO - Processing /home/airflow/.local/lib/python3.12/site-packages/airflow/example_dags/example_branch_labels.py took 0.040 seconds
[2024-05-20T02:54:14.648+0000] {processor.py:161} INFO - Started process (PID=353) to work on /home/airflow/.local/lib/python3.12/site-packages/airflow/example_dags/example_branch_labels.py
[2024-05-20T02:54:14.648+0000] {processor.py:830} INFO - Processing file /home/airflow/.local/lib/python3.12/site-packages/airflow/example_dags/example_branch_labels.py for tasks to queue
[2024-05-20T02:54:14.649+0000] {logging_mixin.py:188} INFO - [2024-05-20T02:54:14.649+0000] {dagbag.py:545} INFO - Filling up the DagBag from /home/airflow/.local/lib/python3.12/site-packages/airflow/example_dags/example_branch_labels.py
[2024-05-20T02:54:14.653+0000] {processor.py:840} INFO - DAG(s) 'example_branch_labels' retrieved from /home/airflow/.local/lib/python3.12/site-packages/airflow/example_dags/example_branch_labels.py
[2024-05-20T02:54:14.664+0000] {logging_mixin.py:188} INFO - [2024-05-20T02:54:14.664+0000] {dag.py:3096} INFO - Sync 1 DAGs
[2024-05-20T02:54:14.676+0000] {logging_mixin.py:188} INFO - [2024-05-20T02:54:14.676+0000] {dag.py:3954} INFO - Setting next_dagrun for example_branch_labels to 2024-05-19 00:00:00+00:00, run_after=2024-05-20 00:00:00+00:00
[2024-05-20T02:54:14.684+0000] {processor.py:183} INFO - Processing /home/airflow/.local/lib/python3.12/site-packages/airflow/example_dags/example_branch_labels.py took 0.039 seconds
[2024-05-20T02:54:45.402+0000] {processor.py:161} INFO - Started process (PID=411) to work on /home/airflow/.local/lib/python3.12/site-packages/airflow/example_dags/example_branch_labels.py
[2024-05-20T02:54:45.403+0000] {processor.py:830} INFO - Processing file /home/airflow/.local/lib/python3.12/site-packages/airflow/example_dags/example_branch_labels.py for tasks to queue
[2024-05-20T02:54:45.405+0000] {logging_mixin.py:188} INFO - [2024-05-20T02:54:45.404+0000] {dagbag.py:545} INFO - Filling up the DagBag from /home/airflow/.local/lib/python3.12/site-packages/airflow/example_dags/example_branch_labels.py
[2024-05-20T02:54:45.409+0000] {processor.py:840} INFO - DAG(s) 'example_branch_labels' retrieved from /home/airflow/.local/lib/python3.12/site-packages/airflow/example_dags/example_branch_labels.py
[2024-05-20T02:54:45.420+0000] {logging_mixin.py:188} INFO - [2024-05-20T02:54:45.419+0000] {dag.py:3096} INFO - Sync 1 DAGs
[2024-05-20T02:54:45.431+0000] {logging_mixin.py:188} INFO - [2024-05-20T02:54:45.431+0000] {dag.py:3954} INFO - Setting next_dagrun for example_branch_labels to 2024-05-19 00:00:00+00:00, run_after=2024-05-20 00:00:00+00:00
[2024-05-20T02:54:45.440+0000] {processor.py:183} INFO - Processing /home/airflow/.local/lib/python3.12/site-packages/airflow/example_dags/example_branch_labels.py took 0.040 seconds
[2024-05-20T02:55:16.186+0000] {processor.py:161} INFO - Started process (PID=469) to work on /home/airflow/.local/lib/python3.12/site-packages/airflow/example_dags/example_branch_labels.py
[2024-05-20T02:55:16.186+0000] {processor.py:830} INFO - Processing file /home/airflow/.local/lib/python3.12/site-packages/airflow/example_dags/example_branch_labels.py for tasks to queue
[2024-05-20T02:55:16.187+0000] {logging_mixin.py:188} INFO - [2024-05-20T02:55:16.187+0000] {dagbag.py:545} INFO - Filling up the DagBag from /home/airflow/.local/lib/python3.12/site-packages/airflow/example_dags/example_branch_labels.py
[2024-05-20T02:55:16.191+0000] {processor.py:840} INFO - DAG(s) 'example_branch_labels' retrieved from /home/airflow/.local/lib/python3.12/site-packages/airflow/example_dags/example_branch_labels.py
[2024-05-20T02:55:16.202+0000] {logging_mixin.py:188} INFO - [2024-05-20T02:55:16.202+0000] {dag.py:3096} INFO - Sync 1 DAGs
[2024-05-20T02:55:16.214+0000] {logging_mixin.py:188} INFO - [2024-05-20T02:55:16.213+0000] {dag.py:3954} INFO - Setting next_dagrun for example_branch_labels to 2024-05-19 00:00:00+00:00, run_after=2024-05-20 00:00:00+00:00
[2024-05-20T02:55:16.222+0000] {processor.py:183} INFO - Processing /home/airflow/.local/lib/python3.12/site-packages/airflow/example_dags/example_branch_labels.py took 0.040 seconds
[2024-05-20T02:55:46.997+0000] {processor.py:161} INFO - Started process (PID=527) to work on /home/airflow/.local/lib/python3.12/site-packages/airflow/example_dags/example_branch_labels.py
[2024-05-20T02:55:46.998+0000] {processor.py:830} INFO - Processing file /home/airflow/.local/lib/python3.12/site-packages/airflow/example_dags/example_branch_labels.py for tasks to queue
[2024-05-20T02:55:46.999+0000] {logging_mixin.py:188} INFO - [2024-05-20T02:55:46.999+0000] {dagbag.py:545} INFO - Filling up the DagBag from /home/airflow/.local/lib/python3.12/site-packages/airflow/example_dags/example_branch_labels.py
[2024-05-20T02:55:47.003+0000] {processor.py:840} INFO - DAG(s) 'example_branch_labels' retrieved from /home/airflow/.local/lib/python3.12/site-packages/airflow/example_dags/example_branch_labels.py
[2024-05-20T02:55:47.015+0000] {logging_mixin.py:188} INFO - [2024-05-20T02:55:47.015+0000] {dag.py:3096} INFO - Sync 1 DAGs
[2024-05-20T02:55:47.026+0000] {logging_mixin.py:188} INFO - [2024-05-20T02:55:47.026+0000] {dag.py:3954} INFO - Setting next_dagrun for example_branch_labels to 2024-05-19 00:00:00+00:00, run_after=2024-05-20 00:00:00+00:00
[2024-05-20T02:55:47.035+0000] {processor.py:183} INFO - Processing /home/airflow/.local/lib/python3.12/site-packages/airflow/example_dags/example_branch_labels.py took 0.041 seconds
[2024-05-20T02:56:17.348+0000] {processor.py:161} INFO - Started process (PID=585) to work on /home/airflow/.local/lib/python3.12/site-packages/airflow/example_dags/example_branch_labels.py
[2024-05-20T02:56:17.349+0000] {processor.py:830} INFO - Processing file /home/airflow/.local/lib/python3.12/site-packages/airflow/example_dags/example_branch_labels.py for tasks to queue
[2024-05-20T02:56:17.351+0000] {logging_mixin.py:188} INFO - [2024-05-20T02:56:17.350+0000] {dagbag.py:545} INFO - Filling up the DagBag from /home/airflow/.local/lib/python3.12/site-packages/airflow/example_dags/example_branch_labels.py
[2024-05-20T02:56:17.356+0000] {processor.py:840} INFO - DAG(s) 'example_branch_labels' retrieved from /home/airflow/.local/lib/python3.12/site-packages/airflow/example_dags/example_branch_labels.py
[2024-05-20T02:56:17.369+0000] {logging_mixin.py:188} INFO - [2024-05-20T02:56:17.369+0000] {dag.py:3096} INFO - Sync 1 DAGs
[2024-05-20T02:56:17.383+0000] {logging_mixin.py:188} INFO - [2024-05-20T02:56:17.382+0000] {dag.py:3954} INFO - Setting next_dagrun for example_branch_labels to 2024-05-19 00:00:00+00:00, run_after=2024-05-20 00:00:00+00:00
[2024-05-20T02:56:17.395+0000] {processor.py:183} INFO - Processing /home/airflow/.local/lib/python3.12/site-packages/airflow/example_dags/example_branch_labels.py took 0.052 seconds
[2024-05-20T02:56:48.354+0000] {processor.py:161} INFO - Started process (PID=643) to work on /home/airflow/.local/lib/python3.12/site-packages/airflow/example_dags/example_branch_labels.py
[2024-05-20T02:56:48.354+0000] {processor.py:830} INFO - Processing file /home/airflow/.local/lib/python3.12/site-packages/airflow/example_dags/example_branch_labels.py for tasks to queue
[2024-05-20T02:56:48.356+0000] {logging_mixin.py:188} INFO - [2024-05-20T02:56:48.355+0000] {dagbag.py:545} INFO - Filling up the DagBag from /home/airflow/.local/lib/python3.12/site-packages/airflow/example_dags/example_branch_labels.py
[2024-05-20T02:56:48.360+0000] {processor.py:840} INFO - DAG(s) 'example_branch_labels' retrieved from /home/airflow/.local/lib/python3.12/site-packages/airflow/example_dags/example_branch_labels.py
[2024-05-20T02:56:48.370+0000] {logging_mixin.py:188} INFO - [2024-05-20T02:56:48.370+0000] {dag.py:3096} INFO - Sync 1 DAGs
[2024-05-20T02:56:48.380+0000] {logging_mixin.py:188} INFO - [2024-05-20T02:56:48.380+0000] {dag.py:3954} INFO - Setting next_dagrun for example_branch_labels to 2024-05-19 00:00:00+00:00, run_after=2024-05-20 00:00:00+00:00
[2024-05-20T02:56:48.388+0000] {processor.py:183} INFO - Processing /home/airflow/.local/lib/python3.12/site-packages/airflow/example_dags/example_branch_labels.py took 0.037 seconds
[2024-05-20T02:57:19.214+0000] {processor.py:161} INFO - Started process (PID=701) to work on /home/airflow/.local/lib/python3.12/site-packages/airflow/example_dags/example_branch_labels.py
[2024-05-20T02:57:19.215+0000] {processor.py:830} INFO - Processing file /home/airflow/.local/lib/python3.12/site-packages/airflow/example_dags/example_branch_labels.py for tasks to queue
[2024-05-20T02:57:19.216+0000] {logging_mixin.py:188} INFO - [2024-05-20T02:57:19.215+0000] {dagbag.py:545} INFO - Filling up the DagBag from /home/airflow/.local/lib/python3.12/site-packages/airflow/example_dags/example_branch_labels.py
[2024-05-20T02:57:19.220+0000] {processor.py:840} INFO - DAG(s) 'example_branch_labels' retrieved from /home/airflow/.local/lib/python3.12/site-packages/airflow/example_dags/example_branch_labels.py
[2024-05-20T02:57:19.230+0000] {logging_mixin.py:188} INFO - [2024-05-20T02:57:19.230+0000] {dag.py:3096} INFO - Sync 1 DAGs
[2024-05-20T02:57:19.241+0000] {logging_mixin.py:188} INFO - [2024-05-20T02:57:19.241+0000] {dag.py:3954} INFO - Setting next_dagrun for example_branch_labels to 2024-05-19 00:00:00+00:00, run_after=2024-05-20 00:00:00+00:00
[2024-05-20T02:57:19.250+0000] {processor.py:183} INFO - Processing /home/airflow/.local/lib/python3.12/site-packages/airflow/example_dags/example_branch_labels.py took 0.039 seconds
[2024-05-20T02:57:50.080+0000] {processor.py:161} INFO - Started process (PID=759) to work on /home/airflow/.local/lib/python3.12/site-packages/airflow/example_dags/example_branch_labels.py
[2024-05-20T02:57:50.081+0000] {processor.py:830} INFO - Processing file /home/airflow/.local/lib/python3.12/site-packages/airflow/example_dags/example_branch_labels.py for tasks to queue
[2024-05-20T02:57:50.082+0000] {logging_mixin.py:188} INFO - [2024-05-20T02:57:50.082+0000] {dagbag.py:545} INFO - Filling up the DagBag from /home/airflow/.local/lib/python3.12/site-packages/airflow/example_dags/example_branch_labels.py
[2024-05-20T02:57:50.087+0000] {processor.py:840} INFO - DAG(s) 'example_branch_labels' retrieved from /home/airflow/.local/lib/python3.12/site-packages/airflow/example_dags/example_branch_labels.py
[2024-05-20T02:57:50.097+0000] {logging_mixin.py:188} INFO - [2024-05-20T02:57:50.097+0000] {dag.py:3096} INFO - Sync 1 DAGs
[2024-05-20T02:57:50.108+0000] {logging_mixin.py:188} INFO - [2024-05-20T02:57:50.108+0000] {dag.py:3954} INFO - Setting next_dagrun for example_branch_labels to 2024-05-19 00:00:00+00:00, run_after=2024-05-20 00:00:00+00:00
[2024-05-20T02:57:50.116+0000] {processor.py:183} INFO - Processing /home/airflow/.local/lib/python3.12/site-packages/airflow/example_dags/example_branch_labels.py took 0.039 seconds
[2024-05-20T02:58:21.014+0000] {processor.py:161} INFO - Started process (PID=817) to work on /home/airflow/.local/lib/python3.12/site-packages/airflow/example_dags/example_branch_labels.py
[2024-05-20T02:58:21.015+0000] {processor.py:830} INFO - Processing file /home/airflow/.local/lib/python3.12/site-packages/airflow/example_dags/example_branch_labels.py for tasks to queue
[2024-05-20T02:58:21.016+0000] {logging_mixin.py:188} INFO - [2024-05-20T02:58:21.016+0000] {dagbag.py:545} INFO - Filling up the DagBag from /home/airflow/.local/lib/python3.12/site-packages/airflow/example_dags/example_branch_labels.py
[2024-05-20T02:58:21.020+0000] {processor.py:840} INFO - DAG(s) 'example_branch_labels' retrieved from /home/airflow/.local/lib/python3.12/site-packages/airflow/example_dags/example_branch_labels.py
[2024-05-20T02:58:21.031+0000] {logging_mixin.py:188} INFO - [2024-05-20T02:58:21.031+0000] {dag.py:3096} INFO - Sync 1 DAGs
[2024-05-20T02:58:21.044+0000] {logging_mixin.py:188} INFO - [2024-05-20T02:58:21.043+0000] {dag.py:3954} INFO - Setting next_dagrun for example_branch_labels to 2024-05-19 00:00:00+00:00, run_after=2024-05-20 00:00:00+00:00
[2024-05-20T02:58:21.052+0000] {processor.py:183} INFO - Processing /home/airflow/.local/lib/python3.12/site-packages/airflow/example_dags/example_branch_labels.py took 0.042 seconds
[2024-05-20T02:58:51.802+0000] {processor.py:161} INFO - Started process (PID=875) to work on /home/airflow/.local/lib/python3.12/site-packages/airflow/example_dags/example_branch_labels.py
[2024-05-20T02:58:51.803+0000] {processor.py:830} INFO - Processing file /home/airflow/.local/lib/python3.12/site-packages/airflow/example_dags/example_branch_labels.py for tasks to queue
[2024-05-20T02:58:51.804+0000] {logging_mixin.py:188} INFO - [2024-05-20T02:58:51.804+0000] {dagbag.py:545} INFO - Filling up the DagBag from /home/airflow/.local/lib/python3.12/site-packages/airflow/example_dags/example_branch_labels.py
[2024-05-20T02:58:51.808+0000] {processor.py:840} INFO - DAG(s) 'example_branch_labels' retrieved from /home/airflow/.local/lib/python3.12/site-packages/airflow/example_dags/example_branch_labels.py
[2024-05-20T02:58:51.819+0000] {logging_mixin.py:188} INFO - [2024-05-20T02:58:51.819+0000] {dag.py:3096} INFO - Sync 1 DAGs
[2024-05-20T02:58:51.829+0000] {logging_mixin.py:188} INFO - [2024-05-20T02:58:51.829+0000] {dag.py:3954} INFO - Setting next_dagrun for example_branch_labels to 2024-05-19 00:00:00+00:00, run_after=2024-05-20 00:00:00+00:00
[2024-05-20T02:58:51.838+0000] {processor.py:183} INFO - Processing /home/airflow/.local/lib/python3.12/site-packages/airflow/example_dags/example_branch_labels.py took 0.039 seconds
[2024-05-20T02:59:22.553+0000] {processor.py:161} INFO - Started process (PID=933) to work on /home/airflow/.local/lib/python3.12/site-packages/airflow/example_dags/example_branch_labels.py
[2024-05-20T02:59:22.555+0000] {processor.py:830} INFO - Processing file /home/airflow/.local/lib/python3.12/site-packages/airflow/example_dags/example_branch_labels.py for tasks to queue
[2024-05-20T02:59:22.557+0000] {logging_mixin.py:188} INFO - [2024-05-20T02:59:22.557+0000] {dagbag.py:545} INFO - Filling up the DagBag from /home/airflow/.local/lib/python3.12/site-packages/airflow/example_dags/example_branch_labels.py
[2024-05-20T02:59:22.564+0000] {processor.py:840} INFO - DAG(s) 'example_branch_labels' retrieved from /home/airflow/.local/lib/python3.12/site-packages/airflow/example_dags/example_branch_labels.py
[2024-05-20T02:59:22.585+0000] {logging_mixin.py:188} INFO - [2024-05-20T02:59:22.584+0000] {dag.py:3096} INFO - Sync 1 DAGs
[2024-05-20T02:59:22.605+0000] {logging_mixin.py:188} INFO - [2024-05-20T02:59:22.605+0000] {dag.py:3954} INFO - Setting next_dagrun for example_branch_labels to 2024-05-19 00:00:00+00:00, run_after=2024-05-20 00:00:00+00:00
[2024-05-20T02:59:22.624+0000] {processor.py:183} INFO - Processing /home/airflow/.local/lib/python3.12/site-packages/airflow/example_dags/example_branch_labels.py took 0.076 seconds
[2024-05-20T02:59:53.442+0000] {processor.py:161} INFO - Started process (PID=991) to work on /home/airflow/.local/lib/python3.12/site-packages/airflow/example_dags/example_branch_labels.py
[2024-05-20T02:59:53.443+0000] {processor.py:830} INFO - Processing file /home/airflow/.local/lib/python3.12/site-packages/airflow/example_dags/example_branch_labels.py for tasks to queue
[2024-05-20T02:59:53.444+0000] {logging_mixin.py:188} INFO - [2024-05-20T02:59:53.444+0000] {dagbag.py:545} INFO - Filling up the DagBag from /home/airflow/.local/lib/python3.12/site-packages/airflow/example_dags/example_branch_labels.py
[2024-05-20T02:59:53.450+0000] {processor.py:840} INFO - DAG(s) 'example_branch_labels' retrieved from /home/airflow/.local/lib/python3.12/site-packages/airflow/example_dags/example_branch_labels.py
[2024-05-20T02:59:53.461+0000] {logging_mixin.py:188} INFO - [2024-05-20T02:59:53.461+0000] {dag.py:3096} INFO - Sync 1 DAGs
[2024-05-20T02:59:53.473+0000] {logging_mixin.py:188} INFO - [2024-05-20T02:59:53.473+0000] {dag.py:3954} INFO - Setting next_dagrun for example_branch_labels to 2024-05-19 00:00:00+00:00, run_after=2024-05-20 00:00:00+00:00
[2024-05-20T02:59:53.483+0000] {processor.py:183} INFO - Processing /home/airflow/.local/lib/python3.12/site-packages/airflow/example_dags/example_branch_labels.py took 0.045 seconds
[2024-05-20T03:00:24.158+0000] {processor.py:161} INFO - Started process (PID=1049) to work on /home/airflow/.local/lib/python3.12/site-packages/airflow/example_dags/example_branch_labels.py
[2024-05-20T03:00:24.159+0000] {processor.py:830} INFO - Processing file /home/airflow/.local/lib/python3.12/site-packages/airflow/example_dags/example_branch_labels.py for tasks to queue
[2024-05-20T03:00:24.160+0000] {logging_mixin.py:188} INFO - [2024-05-20T03:00:24.160+0000] {dagbag.py:545} INFO - Filling up the DagBag from /home/airflow/.local/lib/python3.12/site-packages/airflow/example_dags/example_branch_labels.py
[2024-05-20T03:00:24.164+0000] {processor.py:840} INFO - DAG(s) 'example_branch_labels' retrieved from /home/airflow/.local/lib/python3.12/site-packages/airflow/example_dags/example_branch_labels.py
[2024-05-20T03:00:24.175+0000] {logging_mixin.py:188} INFO - [2024-05-20T03:00:24.175+0000] {dag.py:3096} INFO - Sync 1 DAGs
[2024-05-20T03:00:24.186+0000] {logging_mixin.py:188} INFO - [2024-05-20T03:00:24.185+0000] {dag.py:3954} INFO - Setting next_dagrun for example_branch_labels to 2024-05-19 00:00:00+00:00, run_after=2024-05-20 00:00:00+00:00
[2024-05-20T03:00:24.194+0000] {processor.py:183} INFO - Processing /home/airflow/.local/lib/python3.12/site-packages/airflow/example_dags/example_branch_labels.py took 0.039 seconds
[2024-05-20T03:00:54.860+0000] {processor.py:161} INFO - Started process (PID=1107) to work on /home/airflow/.local/lib/python3.12/site-packages/airflow/example_dags/example_branch_labels.py
[2024-05-20T03:00:54.860+0000] {processor.py:830} INFO - Processing file /home/airflow/.local/lib/python3.12/site-packages/airflow/example_dags/example_branch_labels.py for tasks to queue
[2024-05-20T03:00:54.862+0000] {logging_mixin.py:188} INFO - [2024-05-20T03:00:54.861+0000] {dagbag.py:545} INFO - Filling up the DagBag from /home/airflow/.local/lib/python3.12/site-packages/airflow/example_dags/example_branch_labels.py
[2024-05-20T03:00:54.866+0000] {processor.py:840} INFO - DAG(s) 'example_branch_labels' retrieved from /home/airflow/.local/lib/python3.12/site-packages/airflow/example_dags/example_branch_labels.py
[2024-05-20T03:00:54.876+0000] {logging_mixin.py:188} INFO - [2024-05-20T03:00:54.876+0000] {dag.py:3096} INFO - Sync 1 DAGs
[2024-05-20T03:00:54.887+0000] {logging_mixin.py:188} INFO - [2024-05-20T03:00:54.887+0000] {dag.py:3954} INFO - Setting next_dagrun for example_branch_labels to 2024-05-19 00:00:00+00:00, run_after=2024-05-20 00:00:00+00:00
[2024-05-20T03:00:54.895+0000] {processor.py:183} INFO - Processing /home/airflow/.local/lib/python3.12/site-packages/airflow/example_dags/example_branch_labels.py took 0.038 seconds
[2024-05-20T03:01:25.151+0000] {processor.py:161} INFO - Started process (PID=1165) to work on /home/airflow/.local/lib/python3.12/site-packages/airflow/example_dags/example_branch_labels.py
[2024-05-20T03:01:25.152+0000] {processor.py:830} INFO - Processing file /home/airflow/.local/lib/python3.12/site-packages/airflow/example_dags/example_branch_labels.py for tasks to queue
[2024-05-20T03:01:25.153+0000] {logging_mixin.py:188} INFO - [2024-05-20T03:01:25.153+0000] {dagbag.py:545} INFO - Filling up the DagBag from /home/airflow/.local/lib/python3.12/site-packages/airflow/example_dags/example_branch_labels.py
[2024-05-20T03:01:25.157+0000] {processor.py:840} INFO - DAG(s) 'example_branch_labels' retrieved from /home/airflow/.local/lib/python3.12/site-packages/airflow/example_dags/example_branch_labels.py
[2024-05-20T03:01:25.169+0000] {logging_mixin.py:188} INFO - [2024-05-20T03:01:25.169+0000] {dag.py:3096} INFO - Sync 1 DAGs
[2024-05-20T03:01:25.180+0000] {logging_mixin.py:188} INFO - [2024-05-20T03:01:25.180+0000] {dag.py:3954} INFO - Setting next_dagrun for example_branch_labels to 2024-05-19 00:00:00+00:00, run_after=2024-05-20 00:00:00+00:00
[2024-05-20T03:01:25.188+0000] {processor.py:183} INFO - Processing /home/airflow/.local/lib/python3.12/site-packages/airflow/example_dags/example_branch_labels.py took 0.040 seconds
[2024-05-20T03:01:55.839+0000] {processor.py:161} INFO - Started process (PID=1223) to work on /home/airflow/.local/lib/python3.12/site-packages/airflow/example_dags/example_branch_labels.py
[2024-05-20T03:01:55.840+0000] {processor.py:830} INFO - Processing file /home/airflow/.local/lib/python3.12/site-packages/airflow/example_dags/example_branch_labels.py for tasks to queue
[2024-05-20T03:01:55.841+0000] {logging_mixin.py:188} INFO - [2024-05-20T03:01:55.841+0000] {dagbag.py:545} INFO - Filling up the DagBag from /home/airflow/.local/lib/python3.12/site-packages/airflow/example_dags/example_branch_labels.py
[2024-05-20T03:01:55.845+0000] {processor.py:840} INFO - DAG(s) 'example_branch_labels' retrieved from /home/airflow/.local/lib/python3.12/site-packages/airflow/example_dags/example_branch_labels.py
[2024-05-20T03:01:55.856+0000] {logging_mixin.py:188} INFO - [2024-05-20T03:01:55.856+0000] {dag.py:3096} INFO - Sync 1 DAGs
[2024-05-20T03:01:55.867+0000] {logging_mixin.py:188} INFO - [2024-05-20T03:01:55.867+0000] {dag.py:3954} INFO - Setting next_dagrun for example_branch_labels to 2024-05-19 00:00:00+00:00, run_after=2024-05-20 00:00:00+00:00
[2024-05-20T03:01:55.875+0000] {processor.py:183} INFO - Processing /home/airflow/.local/lib/python3.12/site-packages/airflow/example_dags/example_branch_labels.py took 0.039 seconds
[2024-05-20T03:02:26.669+0000] {processor.py:161} INFO - Started process (PID=1281) to work on /home/airflow/.local/lib/python3.12/site-packages/airflow/example_dags/example_branch_labels.py
[2024-05-20T03:02:26.670+0000] {processor.py:830} INFO - Processing file /home/airflow/.local/lib/python3.12/site-packages/airflow/example_dags/example_branch_labels.py for tasks to queue
[2024-05-20T03:02:26.671+0000] {logging_mixin.py:188} INFO - [2024-05-20T03:02:26.671+0000] {dagbag.py:545} INFO - Filling up the DagBag from /home/airflow/.local/lib/python3.12/site-packages/airflow/example_dags/example_branch_labels.py
[2024-05-20T03:02:26.675+0000] {processor.py:840} INFO - DAG(s) 'example_branch_labels' retrieved from /home/airflow/.local/lib/python3.12/site-packages/airflow/example_dags/example_branch_labels.py
[2024-05-20T03:02:26.688+0000] {logging_mixin.py:188} INFO - [2024-05-20T03:02:26.687+0000] {dag.py:3096} INFO - Sync 1 DAGs
[2024-05-20T03:02:26.699+0000] {logging_mixin.py:188} INFO - [2024-05-20T03:02:26.699+0000] {dag.py:3954} INFO - Setting next_dagrun for example_branch_labels to 2024-05-19 00:00:00+00:00, run_after=2024-05-20 00:00:00+00:00
[2024-05-20T03:02:26.710+0000] {processor.py:183} INFO - Processing /home/airflow/.local/lib/python3.12/site-packages/airflow/example_dags/example_branch_labels.py took 0.044 seconds
[2024-05-20T03:02:56.749+0000] {processor.py:161} INFO - Started process (PID=1338) to work on /home/airflow/.local/lib/python3.12/site-packages/airflow/example_dags/example_branch_labels.py
[2024-05-20T03:02:56.750+0000] {processor.py:830} INFO - Processing file /home/airflow/.local/lib/python3.12/site-packages/airflow/example_dags/example_branch_labels.py for tasks to queue
[2024-05-20T03:02:56.751+0000] {logging_mixin.py:188} INFO - [2024-05-20T03:02:56.751+0000] {dagbag.py:545} INFO - Filling up the DagBag from /home/airflow/.local/lib/python3.12/site-packages/airflow/example_dags/example_branch_labels.py
[2024-05-20T03:02:56.756+0000] {processor.py:840} INFO - DAG(s) 'example_branch_labels' retrieved from /home/airflow/.local/lib/python3.12/site-packages/airflow/example_dags/example_branch_labels.py
[2024-05-20T03:02:56.768+0000] {logging_mixin.py:188} INFO - [2024-05-20T03:02:56.768+0000] {dag.py:3096} INFO - Sync 1 DAGs
[2024-05-20T03:02:56.780+0000] {logging_mixin.py:188} INFO - [2024-05-20T03:02:56.779+0000] {dag.py:3954} INFO - Setting next_dagrun for example_branch_labels to 2024-05-19 00:00:00+00:00, run_after=2024-05-20 00:00:00+00:00
[2024-05-20T03:02:56.787+0000] {processor.py:183} INFO - Processing /home/airflow/.local/lib/python3.12/site-packages/airflow/example_dags/example_branch_labels.py took 0.041 seconds
[2024-05-20T03:03:26.823+0000] {processor.py:161} INFO - Started process (PID=1396) to work on /home/airflow/.local/lib/python3.12/site-packages/airflow/example_dags/example_branch_labels.py
[2024-05-20T03:03:26.823+0000] {processor.py:830} INFO - Processing file /home/airflow/.local/lib/python3.12/site-packages/airflow/example_dags/example_branch_labels.py for tasks to queue
[2024-05-20T03:03:26.824+0000] {logging_mixin.py:188} INFO - [2024-05-20T03:03:26.824+0000] {dagbag.py:545} INFO - Filling up the DagBag from /home/airflow/.local/lib/python3.12/site-packages/airflow/example_dags/example_branch_labels.py
[2024-05-20T03:03:26.829+0000] {processor.py:840} INFO - DAG(s) 'example_branch_labels' retrieved from /home/airflow/.local/lib/python3.12/site-packages/airflow/example_dags/example_branch_labels.py
[2024-05-20T03:03:26.839+0000] {logging_mixin.py:188} INFO - [2024-05-20T03:03:26.839+0000] {dag.py:3096} INFO - Sync 1 DAGs
[2024-05-20T03:03:26.849+0000] {logging_mixin.py:188} INFO - [2024-05-20T03:03:26.849+0000] {dag.py:3954} INFO - Setting next_dagrun for example_branch_labels to 2024-05-19 00:00:00+00:00, run_after=2024-05-20 00:00:00+00:00
[2024-05-20T03:03:26.857+0000] {processor.py:183} INFO - Processing /home/airflow/.local/lib/python3.12/site-packages/airflow/example_dags/example_branch_labels.py took 0.037 seconds
[2024-05-20T03:04:13.936+0000] {processor.py:161} INFO - Started process (PID=62) to work on /home/airflow/.local/lib/python3.12/site-packages/airflow/example_dags/example_branch_labels.py
[2024-05-20T03:04:13.937+0000] {processor.py:830} INFO - Processing file /home/airflow/.local/lib/python3.12/site-packages/airflow/example_dags/example_branch_labels.py for tasks to queue
[2024-05-20T03:04:13.939+0000] {logging_mixin.py:188} INFO - [2024-05-20T03:04:13.939+0000] {dagbag.py:545} INFO - Filling up the DagBag from /home/airflow/.local/lib/python3.12/site-packages/airflow/example_dags/example_branch_labels.py
[2024-05-20T03:04:13.946+0000] {processor.py:840} INFO - DAG(s) 'example_branch_labels' retrieved from /home/airflow/.local/lib/python3.12/site-packages/airflow/example_dags/example_branch_labels.py
[2024-05-20T03:04:13.962+0000] {logging_mixin.py:188} INFO - [2024-05-20T03:04:13.962+0000] {dag.py:3096} INFO - Sync 1 DAGs
[2024-05-20T03:04:13.980+0000] {logging_mixin.py:188} INFO - [2024-05-20T03:04:13.979+0000] {dag.py:3954} INFO - Setting next_dagrun for example_branch_labels to 2024-05-19 00:00:00+00:00, run_after=2024-05-20 00:00:00+00:00
[2024-05-20T03:04:13.992+0000] {processor.py:183} INFO - Processing /home/airflow/.local/lib/python3.12/site-packages/airflow/example_dags/example_branch_labels.py took 0.064 seconds
[2024-05-20T03:04:44.564+0000] {processor.py:161} INFO - Started process (PID=120) to work on /home/airflow/.local/lib/python3.12/site-packages/airflow/example_dags/example_branch_labels.py
[2024-05-20T03:04:44.564+0000] {processor.py:830} INFO - Processing file /home/airflow/.local/lib/python3.12/site-packages/airflow/example_dags/example_branch_labels.py for tasks to queue
[2024-05-20T03:04:44.565+0000] {logging_mixin.py:188} INFO - [2024-05-20T03:04:44.565+0000] {dagbag.py:545} INFO - Filling up the DagBag from /home/airflow/.local/lib/python3.12/site-packages/airflow/example_dags/example_branch_labels.py
[2024-05-20T03:04:44.569+0000] {processor.py:840} INFO - DAG(s) 'example_branch_labels' retrieved from /home/airflow/.local/lib/python3.12/site-packages/airflow/example_dags/example_branch_labels.py
[2024-05-20T03:04:44.646+0000] {logging_mixin.py:188} INFO - [2024-05-20T03:04:44.646+0000] {dag.py:3096} INFO - Sync 1 DAGs
[2024-05-20T03:04:44.658+0000] {logging_mixin.py:188} INFO - [2024-05-20T03:04:44.658+0000] {dag.py:3954} INFO - Setting next_dagrun for example_branch_labels to 2024-05-19 00:00:00+00:00, run_after=2024-05-20 00:00:00+00:00
[2024-05-20T03:04:44.668+0000] {processor.py:183} INFO - Processing /home/airflow/.local/lib/python3.12/site-packages/airflow/example_dags/example_branch_labels.py took 0.107 seconds
[2024-05-20T03:05:15.406+0000] {processor.py:161} INFO - Started process (PID=177) to work on /home/airflow/.local/lib/python3.12/site-packages/airflow/example_dags/example_branch_labels.py
[2024-05-20T03:05:15.407+0000] {processor.py:830} INFO - Processing file /home/airflow/.local/lib/python3.12/site-packages/airflow/example_dags/example_branch_labels.py for tasks to queue
[2024-05-20T03:05:15.408+0000] {logging_mixin.py:188} INFO - [2024-05-20T03:05:15.408+0000] {dagbag.py:545} INFO - Filling up the DagBag from /home/airflow/.local/lib/python3.12/site-packages/airflow/example_dags/example_branch_labels.py
[2024-05-20T03:05:15.412+0000] {processor.py:840} INFO - DAG(s) 'example_branch_labels' retrieved from /home/airflow/.local/lib/python3.12/site-packages/airflow/example_dags/example_branch_labels.py
[2024-05-20T03:05:15.424+0000] {logging_mixin.py:188} INFO - [2024-05-20T03:05:15.423+0000] {dag.py:3096} INFO - Sync 1 DAGs
[2024-05-20T03:05:15.434+0000] {logging_mixin.py:188} INFO - [2024-05-20T03:05:15.434+0000] {dag.py:3954} INFO - Setting next_dagrun for example_branch_labels to 2024-05-19 00:00:00+00:00, run_after=2024-05-20 00:00:00+00:00
[2024-05-20T03:05:15.443+0000] {processor.py:183} INFO - Processing /home/airflow/.local/lib/python3.12/site-packages/airflow/example_dags/example_branch_labels.py took 0.039 seconds
[2024-05-20T03:05:46.082+0000] {processor.py:161} INFO - Started process (PID=235) to work on /home/airflow/.local/lib/python3.12/site-packages/airflow/example_dags/example_branch_labels.py
[2024-05-20T03:05:46.082+0000] {processor.py:830} INFO - Processing file /home/airflow/.local/lib/python3.12/site-packages/airflow/example_dags/example_branch_labels.py for tasks to queue
[2024-05-20T03:05:46.083+0000] {logging_mixin.py:188} INFO - [2024-05-20T03:05:46.083+0000] {dagbag.py:545} INFO - Filling up the DagBag from /home/airflow/.local/lib/python3.12/site-packages/airflow/example_dags/example_branch_labels.py
[2024-05-20T03:05:46.087+0000] {processor.py:840} INFO - DAG(s) 'example_branch_labels' retrieved from /home/airflow/.local/lib/python3.12/site-packages/airflow/example_dags/example_branch_labels.py
[2024-05-20T03:05:46.098+0000] {logging_mixin.py:188} INFO - [2024-05-20T03:05:46.098+0000] {dag.py:3096} INFO - Sync 1 DAGs
[2024-05-20T03:05:46.108+0000] {logging_mixin.py:188} INFO - [2024-05-20T03:05:46.108+0000] {dag.py:3954} INFO - Setting next_dagrun for example_branch_labels to 2024-05-19 00:00:00+00:00, run_after=2024-05-20 00:00:00+00:00
[2024-05-20T03:05:46.116+0000] {processor.py:183} INFO - Processing /home/airflow/.local/lib/python3.12/site-packages/airflow/example_dags/example_branch_labels.py took 0.037 seconds
[2024-05-20T03:06:16.799+0000] {processor.py:161} INFO - Started process (PID=292) to work on /home/airflow/.local/lib/python3.12/site-packages/airflow/example_dags/example_branch_labels.py
[2024-05-20T03:06:16.800+0000] {processor.py:830} INFO - Processing file /home/airflow/.local/lib/python3.12/site-packages/airflow/example_dags/example_branch_labels.py for tasks to queue
[2024-05-20T03:06:16.801+0000] {logging_mixin.py:188} INFO - [2024-05-20T03:06:16.801+0000] {dagbag.py:545} INFO - Filling up the DagBag from /home/airflow/.local/lib/python3.12/site-packages/airflow/example_dags/example_branch_labels.py
[2024-05-20T03:06:16.805+0000] {processor.py:840} INFO - DAG(s) 'example_branch_labels' retrieved from /home/airflow/.local/lib/python3.12/site-packages/airflow/example_dags/example_branch_labels.py
[2024-05-20T03:06:16.816+0000] {logging_mixin.py:188} INFO - [2024-05-20T03:06:16.815+0000] {dag.py:3096} INFO - Sync 1 DAGs
[2024-05-20T03:06:16.826+0000] {logging_mixin.py:188} INFO - [2024-05-20T03:06:16.826+0000] {dag.py:3954} INFO - Setting next_dagrun for example_branch_labels to 2024-05-19 00:00:00+00:00, run_after=2024-05-20 00:00:00+00:00
[2024-05-20T03:06:16.835+0000] {processor.py:183} INFO - Processing /home/airflow/.local/lib/python3.12/site-packages/airflow/example_dags/example_branch_labels.py took 0.039 seconds
[2024-05-20T03:06:47.478+0000] {processor.py:161} INFO - Started process (PID=350) to work on /home/airflow/.local/lib/python3.12/site-packages/airflow/example_dags/example_branch_labels.py
[2024-05-20T03:06:47.479+0000] {processor.py:830} INFO - Processing file /home/airflow/.local/lib/python3.12/site-packages/airflow/example_dags/example_branch_labels.py for tasks to queue
[2024-05-20T03:06:47.480+0000] {logging_mixin.py:188} INFO - [2024-05-20T03:06:47.480+0000] {dagbag.py:545} INFO - Filling up the DagBag from /home/airflow/.local/lib/python3.12/site-packages/airflow/example_dags/example_branch_labels.py
[2024-05-20T03:06:47.484+0000] {processor.py:840} INFO - DAG(s) 'example_branch_labels' retrieved from /home/airflow/.local/lib/python3.12/site-packages/airflow/example_dags/example_branch_labels.py
[2024-05-20T03:06:47.494+0000] {logging_mixin.py:188} INFO - [2024-05-20T03:06:47.494+0000] {dag.py:3096} INFO - Sync 1 DAGs
[2024-05-20T03:06:47.503+0000] {logging_mixin.py:188} INFO - [2024-05-20T03:06:47.503+0000] {dag.py:3954} INFO - Setting next_dagrun for example_branch_labels to 2024-05-19 00:00:00+00:00, run_after=2024-05-20 00:00:00+00:00
[2024-05-20T03:06:47.511+0000] {processor.py:183} INFO - Processing /home/airflow/.local/lib/python3.12/site-packages/airflow/example_dags/example_branch_labels.py took 0.035 seconds
[2024-05-20T03:07:18.238+0000] {processor.py:161} INFO - Started process (PID=408) to work on /home/airflow/.local/lib/python3.12/site-packages/airflow/example_dags/example_branch_labels.py
[2024-05-20T03:07:18.238+0000] {processor.py:830} INFO - Processing file /home/airflow/.local/lib/python3.12/site-packages/airflow/example_dags/example_branch_labels.py for tasks to queue
[2024-05-20T03:07:18.239+0000] {logging_mixin.py:188} INFO - [2024-05-20T03:07:18.239+0000] {dagbag.py:545} INFO - Filling up the DagBag from /home/airflow/.local/lib/python3.12/site-packages/airflow/example_dags/example_branch_labels.py
[2024-05-20T03:07:18.243+0000] {processor.py:840} INFO - DAG(s) 'example_branch_labels' retrieved from /home/airflow/.local/lib/python3.12/site-packages/airflow/example_dags/example_branch_labels.py
[2024-05-20T03:07:18.253+0000] {logging_mixin.py:188} INFO - [2024-05-20T03:07:18.253+0000] {dag.py:3096} INFO - Sync 1 DAGs
[2024-05-20T03:07:18.263+0000] {logging_mixin.py:188} INFO - [2024-05-20T03:07:18.263+0000] {dag.py:3954} INFO - Setting next_dagrun for example_branch_labels to 2024-05-19 00:00:00+00:00, run_after=2024-05-20 00:00:00+00:00
[2024-05-20T03:07:18.273+0000] {processor.py:183} INFO - Processing /home/airflow/.local/lib/python3.12/site-packages/airflow/example_dags/example_branch_labels.py took 0.038 seconds
[2024-05-20T03:07:59.455+0000] {processor.py:161} INFO - Started process (PID=63) to work on /home/airflow/.local/lib/python3.12/site-packages/airflow/example_dags/example_branch_labels.py
[2024-05-20T03:07:59.456+0000] {processor.py:830} INFO - Processing file /home/airflow/.local/lib/python3.12/site-packages/airflow/example_dags/example_branch_labels.py for tasks to queue
[2024-05-20T03:07:59.458+0000] {logging_mixin.py:188} INFO - [2024-05-20T03:07:59.458+0000] {dagbag.py:545} INFO - Filling up the DagBag from /home/airflow/.local/lib/python3.12/site-packages/airflow/example_dags/example_branch_labels.py
[2024-05-20T03:07:59.465+0000] {processor.py:840} INFO - DAG(s) 'example_branch_labels' retrieved from /home/airflow/.local/lib/python3.12/site-packages/airflow/example_dags/example_branch_labels.py
[2024-05-20T03:07:59.473+0000] {logging_mixin.py:188} INFO - [2024-05-20T03:07:59.473+0000] {dag.py:3096} INFO - Sync 1 DAGs
[2024-05-20T03:07:59.486+0000] {logging_mixin.py:188} INFO - [2024-05-20T03:07:59.486+0000] {dag.py:3954} INFO - Setting next_dagrun for example_branch_labels to 2024-05-19 00:00:00+00:00, run_after=2024-05-20 00:00:00+00:00
[2024-05-20T03:07:59.501+0000] {processor.py:183} INFO - Processing /home/airflow/.local/lib/python3.12/site-packages/airflow/example_dags/example_branch_labels.py took 0.050 seconds
[2024-05-20T03:08:30.902+0000] {processor.py:161} INFO - Started process (PID=121) to work on /home/airflow/.local/lib/python3.12/site-packages/airflow/example_dags/example_branch_labels.py
[2024-05-20T03:08:30.902+0000] {processor.py:830} INFO - Processing file /home/airflow/.local/lib/python3.12/site-packages/airflow/example_dags/example_branch_labels.py for tasks to queue
[2024-05-20T03:08:30.903+0000] {logging_mixin.py:188} INFO - [2024-05-20T03:08:30.903+0000] {dagbag.py:545} INFO - Filling up the DagBag from /home/airflow/.local/lib/python3.12/site-packages/airflow/example_dags/example_branch_labels.py
[2024-05-20T03:08:30.907+0000] {processor.py:840} INFO - DAG(s) 'example_branch_labels' retrieved from /home/airflow/.local/lib/python3.12/site-packages/airflow/example_dags/example_branch_labels.py
[2024-05-20T03:08:30.954+0000] {logging_mixin.py:188} INFO - [2024-05-20T03:08:30.953+0000] {dag.py:3096} INFO - Sync 1 DAGs
[2024-05-20T03:08:30.962+0000] {logging_mixin.py:188} INFO - [2024-05-20T03:08:30.962+0000] {dag.py:3954} INFO - Setting next_dagrun for example_branch_labels to 2024-05-19 00:00:00+00:00, run_after=2024-05-20 00:00:00+00:00
[2024-05-20T03:08:30.970+0000] {processor.py:183} INFO - Processing /home/airflow/.local/lib/python3.12/site-packages/airflow/example_dags/example_branch_labels.py took 0.072 seconds
[2024-05-20T03:09:01.927+0000] {processor.py:161} INFO - Started process (PID=179) to work on /home/airflow/.local/lib/python3.12/site-packages/airflow/example_dags/example_branch_labels.py
[2024-05-20T03:09:01.928+0000] {processor.py:830} INFO - Processing file /home/airflow/.local/lib/python3.12/site-packages/airflow/example_dags/example_branch_labels.py for tasks to queue
[2024-05-20T03:09:01.929+0000] {logging_mixin.py:188} INFO - [2024-05-20T03:09:01.929+0000] {dagbag.py:545} INFO - Filling up the DagBag from /home/airflow/.local/lib/python3.12/site-packages/airflow/example_dags/example_branch_labels.py
[2024-05-20T03:09:01.934+0000] {processor.py:840} INFO - DAG(s) 'example_branch_labels' retrieved from /home/airflow/.local/lib/python3.12/site-packages/airflow/example_dags/example_branch_labels.py
[2024-05-20T03:09:01.946+0000] {logging_mixin.py:188} INFO - [2024-05-20T03:09:01.945+0000] {dag.py:3096} INFO - Sync 1 DAGs
[2024-05-20T03:09:01.957+0000] {logging_mixin.py:188} INFO - [2024-05-20T03:09:01.957+0000] {dag.py:3954} INFO - Setting next_dagrun for example_branch_labels to 2024-05-19 00:00:00+00:00, run_after=2024-05-20 00:00:00+00:00
[2024-05-20T03:09:01.966+0000] {processor.py:183} INFO - Processing /home/airflow/.local/lib/python3.12/site-packages/airflow/example_dags/example_branch_labels.py took 0.043 seconds
