[2024-05-20T02:51:41.582+0000] {processor.py:161} INFO - Started process (PID=69) to work on /home/airflow/.local/lib/python3.12/site-packages/airflow/example_dags/example_branch_python_dop_operator_3.py
[2024-05-20T02:51:41.582+0000] {processor.py:830} INFO - Processing file /home/airflow/.local/lib/python3.12/site-packages/airflow/example_dags/example_branch_python_dop_operator_3.py for tasks to queue
[2024-05-20T02:51:41.584+0000] {logging_mixin.py:188} INFO - [2024-05-20T02:51:41.584+0000] {dagbag.py:545} INFO - Filling up the DagBag from /home/airflow/.local/lib/python3.12/site-packages/airflow/example_dags/example_branch_python_dop_operator_3.py
[2024-05-20T02:51:41.590+0000] {processor.py:840} INFO - DAG(s) 'example_branch_dop_operator_v3' retrieved from /home/airflow/.local/lib/python3.12/site-packages/airflow/example_dags/example_branch_python_dop_operator_3.py
[2024-05-20T02:51:41.599+0000] {logging_mixin.py:188} INFO - [2024-05-20T02:51:41.599+0000] {dag.py:3096} INFO - Sync 1 DAGs
[2024-05-20T02:51:41.618+0000] {logging_mixin.py:188} INFO - [2024-05-20T02:51:41.617+0000] {dag.py:3954} INFO - Setting next_dagrun for example_branch_dop_operator_v3 to 2024-05-20 02:50:00+00:00, run_after=2024-05-20 02:51:00+00:00
[2024-05-20T02:51:41.629+0000] {processor.py:183} INFO - Processing /home/airflow/.local/lib/python3.12/site-packages/airflow/example_dags/example_branch_python_dop_operator_3.py took 0.051 seconds
[2024-05-20T02:52:11.924+0000] {processor.py:161} INFO - Started process (PID=127) to work on /home/airflow/.local/lib/python3.12/site-packages/airflow/example_dags/example_branch_python_dop_operator_3.py
[2024-05-20T02:52:11.925+0000] {processor.py:830} INFO - Processing file /home/airflow/.local/lib/python3.12/site-packages/airflow/example_dags/example_branch_python_dop_operator_3.py for tasks to queue
[2024-05-20T02:52:11.926+0000] {logging_mixin.py:188} INFO - [2024-05-20T02:52:11.926+0000] {dagbag.py:545} INFO - Filling up the DagBag from /home/airflow/.local/lib/python3.12/site-packages/airflow/example_dags/example_branch_python_dop_operator_3.py
[2024-05-20T02:52:11.930+0000] {processor.py:840} INFO - DAG(s) 'example_branch_dop_operator_v3' retrieved from /home/airflow/.local/lib/python3.12/site-packages/airflow/example_dags/example_branch_python_dop_operator_3.py
[2024-05-20T02:52:11.974+0000] {logging_mixin.py:188} INFO - [2024-05-20T02:52:11.974+0000] {dag.py:3096} INFO - Sync 1 DAGs
[2024-05-20T02:52:11.984+0000] {logging_mixin.py:188} INFO - [2024-05-20T02:52:11.984+0000] {dag.py:3954} INFO - Setting next_dagrun for example_branch_dop_operator_v3 to 2024-05-20 02:51:00+00:00, run_after=2024-05-20 02:52:00+00:00
[2024-05-20T02:52:11.994+0000] {processor.py:183} INFO - Processing /home/airflow/.local/lib/python3.12/site-packages/airflow/example_dags/example_branch_python_dop_operator_3.py took 0.072 seconds
[2024-05-20T02:52:42.938+0000] {processor.py:161} INFO - Started process (PID=185) to work on /home/airflow/.local/lib/python3.12/site-packages/airflow/example_dags/example_branch_python_dop_operator_3.py
[2024-05-20T02:52:42.939+0000] {processor.py:830} INFO - Processing file /home/airflow/.local/lib/python3.12/site-packages/airflow/example_dags/example_branch_python_dop_operator_3.py for tasks to queue
[2024-05-20T02:52:42.940+0000] {logging_mixin.py:188} INFO - [2024-05-20T02:52:42.940+0000] {dagbag.py:545} INFO - Filling up the DagBag from /home/airflow/.local/lib/python3.12/site-packages/airflow/example_dags/example_branch_python_dop_operator_3.py
[2024-05-20T02:52:42.945+0000] {processor.py:840} INFO - DAG(s) 'example_branch_dop_operator_v3' retrieved from /home/airflow/.local/lib/python3.12/site-packages/airflow/example_dags/example_branch_python_dop_operator_3.py
[2024-05-20T02:52:42.956+0000] {logging_mixin.py:188} INFO - [2024-05-20T02:52:42.955+0000] {dag.py:3096} INFO - Sync 1 DAGs
[2024-05-20T02:52:42.969+0000] {logging_mixin.py:188} INFO - [2024-05-20T02:52:42.969+0000] {dag.py:3954} INFO - Setting next_dagrun for example_branch_dop_operator_v3 to 2024-05-20 02:51:00+00:00, run_after=2024-05-20 02:52:00+00:00
[2024-05-20T02:52:42.981+0000] {processor.py:183} INFO - Processing /home/airflow/.local/lib/python3.12/site-packages/airflow/example_dags/example_branch_python_dop_operator_3.py took 0.046 seconds
[2024-05-20T02:53:13.061+0000] {processor.py:161} INFO - Started process (PID=243) to work on /home/airflow/.local/lib/python3.12/site-packages/airflow/example_dags/example_branch_python_dop_operator_3.py
[2024-05-20T02:53:13.062+0000] {processor.py:830} INFO - Processing file /home/airflow/.local/lib/python3.12/site-packages/airflow/example_dags/example_branch_python_dop_operator_3.py for tasks to queue
[2024-05-20T02:53:13.063+0000] {logging_mixin.py:188} INFO - [2024-05-20T02:53:13.063+0000] {dagbag.py:545} INFO - Filling up the DagBag from /home/airflow/.local/lib/python3.12/site-packages/airflow/example_dags/example_branch_python_dop_operator_3.py
[2024-05-20T02:53:13.068+0000] {processor.py:840} INFO - DAG(s) 'example_branch_dop_operator_v3' retrieved from /home/airflow/.local/lib/python3.12/site-packages/airflow/example_dags/example_branch_python_dop_operator_3.py
[2024-05-20T02:53:13.079+0000] {logging_mixin.py:188} INFO - [2024-05-20T02:53:13.079+0000] {dag.py:3096} INFO - Sync 1 DAGs
[2024-05-20T02:53:13.091+0000] {logging_mixin.py:188} INFO - [2024-05-20T02:53:13.091+0000] {dag.py:3954} INFO - Setting next_dagrun for example_branch_dop_operator_v3 to 2024-05-20 02:52:00+00:00, run_after=2024-05-20 02:53:00+00:00
[2024-05-20T02:53:13.102+0000] {processor.py:183} INFO - Processing /home/airflow/.local/lib/python3.12/site-packages/airflow/example_dags/example_branch_python_dop_operator_3.py took 0.044 seconds
[2024-05-20T02:53:44.118+0000] {processor.py:161} INFO - Started process (PID=301) to work on /home/airflow/.local/lib/python3.12/site-packages/airflow/example_dags/example_branch_python_dop_operator_3.py
[2024-05-20T02:53:44.118+0000] {processor.py:830} INFO - Processing file /home/airflow/.local/lib/python3.12/site-packages/airflow/example_dags/example_branch_python_dop_operator_3.py for tasks to queue
[2024-05-20T02:53:44.120+0000] {logging_mixin.py:188} INFO - [2024-05-20T02:53:44.119+0000] {dagbag.py:545} INFO - Filling up the DagBag from /home/airflow/.local/lib/python3.12/site-packages/airflow/example_dags/example_branch_python_dop_operator_3.py
[2024-05-20T02:53:44.124+0000] {processor.py:840} INFO - DAG(s) 'example_branch_dop_operator_v3' retrieved from /home/airflow/.local/lib/python3.12/site-packages/airflow/example_dags/example_branch_python_dop_operator_3.py
[2024-05-20T02:53:44.134+0000] {logging_mixin.py:188} INFO - [2024-05-20T02:53:44.134+0000] {dag.py:3096} INFO - Sync 1 DAGs
[2024-05-20T02:53:44.145+0000] {logging_mixin.py:188} INFO - [2024-05-20T02:53:44.145+0000] {dag.py:3954} INFO - Setting next_dagrun for example_branch_dop_operator_v3 to 2024-05-20 02:52:00+00:00, run_after=2024-05-20 02:53:00+00:00
[2024-05-20T02:53:44.154+0000] {processor.py:183} INFO - Processing /home/airflow/.local/lib/python3.12/site-packages/airflow/example_dags/example_branch_python_dop_operator_3.py took 0.039 seconds
[2024-05-20T02:54:14.792+0000] {processor.py:161} INFO - Started process (PID=359) to work on /home/airflow/.local/lib/python3.12/site-packages/airflow/example_dags/example_branch_python_dop_operator_3.py
[2024-05-20T02:54:14.793+0000] {processor.py:830} INFO - Processing file /home/airflow/.local/lib/python3.12/site-packages/airflow/example_dags/example_branch_python_dop_operator_3.py for tasks to queue
[2024-05-20T02:54:14.794+0000] {logging_mixin.py:188} INFO - [2024-05-20T02:54:14.794+0000] {dagbag.py:545} INFO - Filling up the DagBag from /home/airflow/.local/lib/python3.12/site-packages/airflow/example_dags/example_branch_python_dop_operator_3.py
[2024-05-20T02:54:14.798+0000] {processor.py:840} INFO - DAG(s) 'example_branch_dop_operator_v3' retrieved from /home/airflow/.local/lib/python3.12/site-packages/airflow/example_dags/example_branch_python_dop_operator_3.py
[2024-05-20T02:54:14.808+0000] {logging_mixin.py:188} INFO - [2024-05-20T02:54:14.808+0000] {dag.py:3096} INFO - Sync 1 DAGs
[2024-05-20T02:54:14.820+0000] {logging_mixin.py:188} INFO - [2024-05-20T02:54:14.820+0000] {dag.py:3954} INFO - Setting next_dagrun for example_branch_dop_operator_v3 to 2024-05-20 02:53:00+00:00, run_after=2024-05-20 02:54:00+00:00
[2024-05-20T02:54:14.829+0000] {processor.py:183} INFO - Processing /home/airflow/.local/lib/python3.12/site-packages/airflow/example_dags/example_branch_python_dop_operator_3.py took 0.039 seconds
[2024-05-20T02:54:45.555+0000] {processor.py:161} INFO - Started process (PID=417) to work on /home/airflow/.local/lib/python3.12/site-packages/airflow/example_dags/example_branch_python_dop_operator_3.py
[2024-05-20T02:54:45.555+0000] {processor.py:830} INFO - Processing file /home/airflow/.local/lib/python3.12/site-packages/airflow/example_dags/example_branch_python_dop_operator_3.py for tasks to queue
[2024-05-20T02:54:45.556+0000] {logging_mixin.py:188} INFO - [2024-05-20T02:54:45.556+0000] {dagbag.py:545} INFO - Filling up the DagBag from /home/airflow/.local/lib/python3.12/site-packages/airflow/example_dags/example_branch_python_dop_operator_3.py
[2024-05-20T02:54:45.561+0000] {processor.py:840} INFO - DAG(s) 'example_branch_dop_operator_v3' retrieved from /home/airflow/.local/lib/python3.12/site-packages/airflow/example_dags/example_branch_python_dop_operator_3.py
[2024-05-20T02:54:45.571+0000] {logging_mixin.py:188} INFO - [2024-05-20T02:54:45.571+0000] {dag.py:3096} INFO - Sync 1 DAGs
[2024-05-20T02:54:45.583+0000] {logging_mixin.py:188} INFO - [2024-05-20T02:54:45.583+0000] {dag.py:3954} INFO - Setting next_dagrun for example_branch_dop_operator_v3 to 2024-05-20 02:53:00+00:00, run_after=2024-05-20 02:54:00+00:00
[2024-05-20T02:54:45.593+0000] {processor.py:183} INFO - Processing /home/airflow/.local/lib/python3.12/site-packages/airflow/example_dags/example_branch_python_dop_operator_3.py took 0.041 seconds
[2024-05-20T02:55:16.341+0000] {processor.py:161} INFO - Started process (PID=475) to work on /home/airflow/.local/lib/python3.12/site-packages/airflow/example_dags/example_branch_python_dop_operator_3.py
[2024-05-20T02:55:16.342+0000] {processor.py:830} INFO - Processing file /home/airflow/.local/lib/python3.12/site-packages/airflow/example_dags/example_branch_python_dop_operator_3.py for tasks to queue
[2024-05-20T02:55:16.343+0000] {logging_mixin.py:188} INFO - [2024-05-20T02:55:16.343+0000] {dagbag.py:545} INFO - Filling up the DagBag from /home/airflow/.local/lib/python3.12/site-packages/airflow/example_dags/example_branch_python_dop_operator_3.py
[2024-05-20T02:55:16.347+0000] {processor.py:840} INFO - DAG(s) 'example_branch_dop_operator_v3' retrieved from /home/airflow/.local/lib/python3.12/site-packages/airflow/example_dags/example_branch_python_dop_operator_3.py
[2024-05-20T02:55:16.358+0000] {logging_mixin.py:188} INFO - [2024-05-20T02:55:16.357+0000] {dag.py:3096} INFO - Sync 1 DAGs
[2024-05-20T02:55:16.369+0000] {logging_mixin.py:188} INFO - [2024-05-20T02:55:16.368+0000] {dag.py:3954} INFO - Setting next_dagrun for example_branch_dop_operator_v3 to 2024-05-20 02:54:00+00:00, run_after=2024-05-20 02:55:00+00:00
[2024-05-20T02:55:16.378+0000] {processor.py:183} INFO - Processing /home/airflow/.local/lib/python3.12/site-packages/airflow/example_dags/example_branch_python_dop_operator_3.py took 0.040 seconds
[2024-05-20T02:55:47.157+0000] {processor.py:161} INFO - Started process (PID=533) to work on /home/airflow/.local/lib/python3.12/site-packages/airflow/example_dags/example_branch_python_dop_operator_3.py
[2024-05-20T02:55:47.158+0000] {processor.py:830} INFO - Processing file /home/airflow/.local/lib/python3.12/site-packages/airflow/example_dags/example_branch_python_dop_operator_3.py for tasks to queue
[2024-05-20T02:55:47.159+0000] {logging_mixin.py:188} INFO - [2024-05-20T02:55:47.159+0000] {dagbag.py:545} INFO - Filling up the DagBag from /home/airflow/.local/lib/python3.12/site-packages/airflow/example_dags/example_branch_python_dop_operator_3.py
[2024-05-20T02:55:47.164+0000] {processor.py:840} INFO - DAG(s) 'example_branch_dop_operator_v3' retrieved from /home/airflow/.local/lib/python3.12/site-packages/airflow/example_dags/example_branch_python_dop_operator_3.py
[2024-05-20T02:55:47.175+0000] {logging_mixin.py:188} INFO - [2024-05-20T02:55:47.175+0000] {dag.py:3096} INFO - Sync 1 DAGs
[2024-05-20T02:55:47.196+0000] {logging_mixin.py:188} INFO - [2024-05-20T02:55:47.196+0000] {dag.py:3954} INFO - Setting next_dagrun for example_branch_dop_operator_v3 to 2024-05-20 02:54:00+00:00, run_after=2024-05-20 02:55:00+00:00
[2024-05-20T02:55:47.237+0000] {processor.py:183} INFO - Processing /home/airflow/.local/lib/python3.12/site-packages/airflow/example_dags/example_branch_python_dop_operator_3.py took 0.084 seconds
[2024-05-20T02:56:17.562+0000] {processor.py:161} INFO - Started process (PID=591) to work on /home/airflow/.local/lib/python3.12/site-packages/airflow/example_dags/example_branch_python_dop_operator_3.py
[2024-05-20T02:56:17.562+0000] {processor.py:830} INFO - Processing file /home/airflow/.local/lib/python3.12/site-packages/airflow/example_dags/example_branch_python_dop_operator_3.py for tasks to queue
[2024-05-20T02:56:17.563+0000] {logging_mixin.py:188} INFO - [2024-05-20T02:56:17.563+0000] {dagbag.py:545} INFO - Filling up the DagBag from /home/airflow/.local/lib/python3.12/site-packages/airflow/example_dags/example_branch_python_dop_operator_3.py
[2024-05-20T02:56:17.567+0000] {processor.py:840} INFO - DAG(s) 'example_branch_dop_operator_v3' retrieved from /home/airflow/.local/lib/python3.12/site-packages/airflow/example_dags/example_branch_python_dop_operator_3.py
[2024-05-20T02:56:17.579+0000] {logging_mixin.py:188} INFO - [2024-05-20T02:56:17.579+0000] {dag.py:3096} INFO - Sync 1 DAGs
[2024-05-20T02:56:17.592+0000] {logging_mixin.py:188} INFO - [2024-05-20T02:56:17.591+0000] {dag.py:3954} INFO - Setting next_dagrun for example_branch_dop_operator_v3 to 2024-05-20 02:55:00+00:00, run_after=2024-05-20 02:56:00+00:00
[2024-05-20T02:56:17.603+0000] {processor.py:183} INFO - Processing /home/airflow/.local/lib/python3.12/site-packages/airflow/example_dags/example_branch_python_dop_operator_3.py took 0.045 seconds
[2024-05-20T02:56:48.515+0000] {processor.py:161} INFO - Started process (PID=649) to work on /home/airflow/.local/lib/python3.12/site-packages/airflow/example_dags/example_branch_python_dop_operator_3.py
[2024-05-20T02:56:48.516+0000] {processor.py:830} INFO - Processing file /home/airflow/.local/lib/python3.12/site-packages/airflow/example_dags/example_branch_python_dop_operator_3.py for tasks to queue
[2024-05-20T02:56:48.517+0000] {logging_mixin.py:188} INFO - [2024-05-20T02:56:48.517+0000] {dagbag.py:545} INFO - Filling up the DagBag from /home/airflow/.local/lib/python3.12/site-packages/airflow/example_dags/example_branch_python_dop_operator_3.py
[2024-05-20T02:56:48.521+0000] {processor.py:840} INFO - DAG(s) 'example_branch_dop_operator_v3' retrieved from /home/airflow/.local/lib/python3.12/site-packages/airflow/example_dags/example_branch_python_dop_operator_3.py
[2024-05-20T02:56:48.531+0000] {logging_mixin.py:188} INFO - [2024-05-20T02:56:48.531+0000] {dag.py:3096} INFO - Sync 1 DAGs
[2024-05-20T02:56:48.541+0000] {logging_mixin.py:188} INFO - [2024-05-20T02:56:48.541+0000] {dag.py:3954} INFO - Setting next_dagrun for example_branch_dop_operator_v3 to 2024-05-20 02:55:00+00:00, run_after=2024-05-20 02:56:00+00:00
[2024-05-20T02:56:48.549+0000] {processor.py:183} INFO - Processing /home/airflow/.local/lib/python3.12/site-packages/airflow/example_dags/example_branch_python_dop_operator_3.py took 0.037 seconds
[2024-05-20T02:57:19.362+0000] {processor.py:161} INFO - Started process (PID=707) to work on /home/airflow/.local/lib/python3.12/site-packages/airflow/example_dags/example_branch_python_dop_operator_3.py
[2024-05-20T02:57:19.363+0000] {processor.py:830} INFO - Processing file /home/airflow/.local/lib/python3.12/site-packages/airflow/example_dags/example_branch_python_dop_operator_3.py for tasks to queue
[2024-05-20T02:57:19.364+0000] {logging_mixin.py:188} INFO - [2024-05-20T02:57:19.364+0000] {dagbag.py:545} INFO - Filling up the DagBag from /home/airflow/.local/lib/python3.12/site-packages/airflow/example_dags/example_branch_python_dop_operator_3.py
[2024-05-20T02:57:19.368+0000] {processor.py:840} INFO - DAG(s) 'example_branch_dop_operator_v3' retrieved from /home/airflow/.local/lib/python3.12/site-packages/airflow/example_dags/example_branch_python_dop_operator_3.py
[2024-05-20T02:57:19.378+0000] {logging_mixin.py:188} INFO - [2024-05-20T02:57:19.378+0000] {dag.py:3096} INFO - Sync 1 DAGs
[2024-05-20T02:57:19.390+0000] {logging_mixin.py:188} INFO - [2024-05-20T02:57:19.389+0000] {dag.py:3954} INFO - Setting next_dagrun for example_branch_dop_operator_v3 to 2024-05-20 02:56:00+00:00, run_after=2024-05-20 02:57:00+00:00
[2024-05-20T02:57:19.398+0000] {processor.py:183} INFO - Processing /home/airflow/.local/lib/python3.12/site-packages/airflow/example_dags/example_branch_python_dop_operator_3.py took 0.039 seconds
[2024-05-20T02:57:50.242+0000] {processor.py:161} INFO - Started process (PID=765) to work on /home/airflow/.local/lib/python3.12/site-packages/airflow/example_dags/example_branch_python_dop_operator_3.py
[2024-05-20T02:57:50.243+0000] {processor.py:830} INFO - Processing file /home/airflow/.local/lib/python3.12/site-packages/airflow/example_dags/example_branch_python_dop_operator_3.py for tasks to queue
[2024-05-20T02:57:50.244+0000] {logging_mixin.py:188} INFO - [2024-05-20T02:57:50.244+0000] {dagbag.py:545} INFO - Filling up the DagBag from /home/airflow/.local/lib/python3.12/site-packages/airflow/example_dags/example_branch_python_dop_operator_3.py
[2024-05-20T02:57:50.248+0000] {processor.py:840} INFO - DAG(s) 'example_branch_dop_operator_v3' retrieved from /home/airflow/.local/lib/python3.12/site-packages/airflow/example_dags/example_branch_python_dop_operator_3.py
[2024-05-20T02:57:50.258+0000] {logging_mixin.py:188} INFO - [2024-05-20T02:57:50.258+0000] {dag.py:3096} INFO - Sync 1 DAGs
[2024-05-20T02:57:50.269+0000] {logging_mixin.py:188} INFO - [2024-05-20T02:57:50.268+0000] {dag.py:3954} INFO - Setting next_dagrun for example_branch_dop_operator_v3 to 2024-05-20 02:56:00+00:00, run_after=2024-05-20 02:57:00+00:00
[2024-05-20T02:57:50.276+0000] {processor.py:183} INFO - Processing /home/airflow/.local/lib/python3.12/site-packages/airflow/example_dags/example_branch_python_dop_operator_3.py took 0.037 seconds
[2024-05-20T02:58:21.186+0000] {processor.py:161} INFO - Started process (PID=823) to work on /home/airflow/.local/lib/python3.12/site-packages/airflow/example_dags/example_branch_python_dop_operator_3.py
[2024-05-20T02:58:21.197+0000] {processor.py:830} INFO - Processing file /home/airflow/.local/lib/python3.12/site-packages/airflow/example_dags/example_branch_python_dop_operator_3.py for tasks to queue
[2024-05-20T02:58:21.203+0000] {logging_mixin.py:188} INFO - [2024-05-20T02:58:21.203+0000] {dagbag.py:545} INFO - Filling up the DagBag from /home/airflow/.local/lib/python3.12/site-packages/airflow/example_dags/example_branch_python_dop_operator_3.py
[2024-05-20T02:58:21.217+0000] {processor.py:840} INFO - DAG(s) 'example_branch_dop_operator_v3' retrieved from /home/airflow/.local/lib/python3.12/site-packages/airflow/example_dags/example_branch_python_dop_operator_3.py
[2024-05-20T02:58:21.246+0000] {logging_mixin.py:188} INFO - [2024-05-20T02:58:21.246+0000] {dag.py:3096} INFO - Sync 1 DAGs
[2024-05-20T02:58:21.265+0000] {logging_mixin.py:188} INFO - [2024-05-20T02:58:21.265+0000] {dag.py:3954} INFO - Setting next_dagrun for example_branch_dop_operator_v3 to 2024-05-20 02:57:00+00:00, run_after=2024-05-20 02:58:00+00:00
[2024-05-20T02:58:21.276+0000] {processor.py:183} INFO - Processing /home/airflow/.local/lib/python3.12/site-packages/airflow/example_dags/example_branch_python_dop_operator_3.py took 0.093 seconds
[2024-05-20T02:58:51.961+0000] {processor.py:161} INFO - Started process (PID=881) to work on /home/airflow/.local/lib/python3.12/site-packages/airflow/example_dags/example_branch_python_dop_operator_3.py
[2024-05-20T02:58:51.962+0000] {processor.py:830} INFO - Processing file /home/airflow/.local/lib/python3.12/site-packages/airflow/example_dags/example_branch_python_dop_operator_3.py for tasks to queue
[2024-05-20T02:58:51.963+0000] {logging_mixin.py:188} INFO - [2024-05-20T02:58:51.963+0000] {dagbag.py:545} INFO - Filling up the DagBag from /home/airflow/.local/lib/python3.12/site-packages/airflow/example_dags/example_branch_python_dop_operator_3.py
[2024-05-20T02:58:51.967+0000] {processor.py:840} INFO - DAG(s) 'example_branch_dop_operator_v3' retrieved from /home/airflow/.local/lib/python3.12/site-packages/airflow/example_dags/example_branch_python_dop_operator_3.py
[2024-05-20T02:58:51.977+0000] {logging_mixin.py:188} INFO - [2024-05-20T02:58:51.977+0000] {dag.py:3096} INFO - Sync 1 DAGs
[2024-05-20T02:58:51.988+0000] {logging_mixin.py:188} INFO - [2024-05-20T02:58:51.987+0000] {dag.py:3954} INFO - Setting next_dagrun for example_branch_dop_operator_v3 to 2024-05-20 02:57:00+00:00, run_after=2024-05-20 02:58:00+00:00
[2024-05-20T02:58:51.996+0000] {processor.py:183} INFO - Processing /home/airflow/.local/lib/python3.12/site-packages/airflow/example_dags/example_branch_python_dop_operator_3.py took 0.038 seconds
[2024-05-20T02:59:22.842+0000] {processor.py:161} INFO - Started process (PID=939) to work on /home/airflow/.local/lib/python3.12/site-packages/airflow/example_dags/example_branch_python_dop_operator_3.py
[2024-05-20T02:59:22.843+0000] {processor.py:830} INFO - Processing file /home/airflow/.local/lib/python3.12/site-packages/airflow/example_dags/example_branch_python_dop_operator_3.py for tasks to queue
[2024-05-20T02:59:22.845+0000] {logging_mixin.py:188} INFO - [2024-05-20T02:59:22.844+0000] {dagbag.py:545} INFO - Filling up the DagBag from /home/airflow/.local/lib/python3.12/site-packages/airflow/example_dags/example_branch_python_dop_operator_3.py
[2024-05-20T02:59:22.849+0000] {processor.py:840} INFO - DAG(s) 'example_branch_dop_operator_v3' retrieved from /home/airflow/.local/lib/python3.12/site-packages/airflow/example_dags/example_branch_python_dop_operator_3.py
[2024-05-20T02:59:22.862+0000] {logging_mixin.py:188} INFO - [2024-05-20T02:59:22.862+0000] {dag.py:3096} INFO - Sync 1 DAGs
[2024-05-20T02:59:22.875+0000] {logging_mixin.py:188} INFO - [2024-05-20T02:59:22.875+0000] {dag.py:3954} INFO - Setting next_dagrun for example_branch_dop_operator_v3 to 2024-05-20 02:58:00+00:00, run_after=2024-05-20 02:59:00+00:00
[2024-05-20T02:59:22.886+0000] {processor.py:183} INFO - Processing /home/airflow/.local/lib/python3.12/site-packages/airflow/example_dags/example_branch_python_dop_operator_3.py took 0.047 seconds
[2024-05-20T02:59:53.620+0000] {processor.py:161} INFO - Started process (PID=997) to work on /home/airflow/.local/lib/python3.12/site-packages/airflow/example_dags/example_branch_python_dop_operator_3.py
[2024-05-20T02:59:53.621+0000] {processor.py:830} INFO - Processing file /home/airflow/.local/lib/python3.12/site-packages/airflow/example_dags/example_branch_python_dop_operator_3.py for tasks to queue
[2024-05-20T02:59:53.622+0000] {logging_mixin.py:188} INFO - [2024-05-20T02:59:53.622+0000] {dagbag.py:545} INFO - Filling up the DagBag from /home/airflow/.local/lib/python3.12/site-packages/airflow/example_dags/example_branch_python_dop_operator_3.py
[2024-05-20T02:59:53.627+0000] {processor.py:840} INFO - DAG(s) 'example_branch_dop_operator_v3' retrieved from /home/airflow/.local/lib/python3.12/site-packages/airflow/example_dags/example_branch_python_dop_operator_3.py
[2024-05-20T02:59:53.638+0000] {logging_mixin.py:188} INFO - [2024-05-20T02:59:53.638+0000] {dag.py:3096} INFO - Sync 1 DAGs
[2024-05-20T02:59:53.649+0000] {logging_mixin.py:188} INFO - [2024-05-20T02:59:53.649+0000] {dag.py:3954} INFO - Setting next_dagrun for example_branch_dop_operator_v3 to 2024-05-20 02:58:00+00:00, run_after=2024-05-20 02:59:00+00:00
[2024-05-20T02:59:53.658+0000] {processor.py:183} INFO - Processing /home/airflow/.local/lib/python3.12/site-packages/airflow/example_dags/example_branch_python_dop_operator_3.py took 0.041 seconds
[2024-05-20T03:00:24.322+0000] {processor.py:161} INFO - Started process (PID=1055) to work on /home/airflow/.local/lib/python3.12/site-packages/airflow/example_dags/example_branch_python_dop_operator_3.py
[2024-05-20T03:00:24.322+0000] {processor.py:830} INFO - Processing file /home/airflow/.local/lib/python3.12/site-packages/airflow/example_dags/example_branch_python_dop_operator_3.py for tasks to queue
[2024-05-20T03:00:24.323+0000] {logging_mixin.py:188} INFO - [2024-05-20T03:00:24.323+0000] {dagbag.py:545} INFO - Filling up the DagBag from /home/airflow/.local/lib/python3.12/site-packages/airflow/example_dags/example_branch_python_dop_operator_3.py
[2024-05-20T03:00:24.327+0000] {processor.py:840} INFO - DAG(s) 'example_branch_dop_operator_v3' retrieved from /home/airflow/.local/lib/python3.12/site-packages/airflow/example_dags/example_branch_python_dop_operator_3.py
[2024-05-20T03:00:24.338+0000] {logging_mixin.py:188} INFO - [2024-05-20T03:00:24.338+0000] {dag.py:3096} INFO - Sync 1 DAGs
[2024-05-20T03:00:24.349+0000] {logging_mixin.py:188} INFO - [2024-05-20T03:00:24.349+0000] {dag.py:3954} INFO - Setting next_dagrun for example_branch_dop_operator_v3 to 2024-05-20 02:59:00+00:00, run_after=2024-05-20 03:00:00+00:00
[2024-05-20T03:00:24.360+0000] {processor.py:183} INFO - Processing /home/airflow/.local/lib/python3.12/site-packages/airflow/example_dags/example_branch_python_dop_operator_3.py took 0.041 seconds
[2024-05-20T03:00:55.231+0000] {processor.py:161} INFO - Started process (PID=1113) to work on /home/airflow/.local/lib/python3.12/site-packages/airflow/example_dags/example_branch_python_dop_operator_3.py
[2024-05-20T03:00:55.232+0000] {processor.py:830} INFO - Processing file /home/airflow/.local/lib/python3.12/site-packages/airflow/example_dags/example_branch_python_dop_operator_3.py for tasks to queue
[2024-05-20T03:00:55.234+0000] {logging_mixin.py:188} INFO - [2024-05-20T03:00:55.233+0000] {dagbag.py:545} INFO - Filling up the DagBag from /home/airflow/.local/lib/python3.12/site-packages/airflow/example_dags/example_branch_python_dop_operator_3.py
[2024-05-20T03:00:55.240+0000] {processor.py:840} INFO - DAG(s) 'example_branch_dop_operator_v3' retrieved from /home/airflow/.local/lib/python3.12/site-packages/airflow/example_dags/example_branch_python_dop_operator_3.py
[2024-05-20T03:00:55.252+0000] {logging_mixin.py:188} INFO - [2024-05-20T03:00:55.252+0000] {dag.py:3096} INFO - Sync 1 DAGs
[2024-05-20T03:00:55.266+0000] {logging_mixin.py:188} INFO - [2024-05-20T03:00:55.266+0000] {dag.py:3954} INFO - Setting next_dagrun for example_branch_dop_operator_v3 to 2024-05-20 02:59:00+00:00, run_after=2024-05-20 03:00:00+00:00
[2024-05-20T03:00:55.276+0000] {processor.py:183} INFO - Processing /home/airflow/.local/lib/python3.12/site-packages/airflow/example_dags/example_branch_python_dop_operator_3.py took 0.049 seconds
[2024-05-20T03:01:25.354+0000] {processor.py:161} INFO - Started process (PID=1171) to work on /home/airflow/.local/lib/python3.12/site-packages/airflow/example_dags/example_branch_python_dop_operator_3.py
[2024-05-20T03:01:25.355+0000] {processor.py:830} INFO - Processing file /home/airflow/.local/lib/python3.12/site-packages/airflow/example_dags/example_branch_python_dop_operator_3.py for tasks to queue
[2024-05-20T03:01:25.356+0000] {logging_mixin.py:188} INFO - [2024-05-20T03:01:25.356+0000] {dagbag.py:545} INFO - Filling up the DagBag from /home/airflow/.local/lib/python3.12/site-packages/airflow/example_dags/example_branch_python_dop_operator_3.py
[2024-05-20T03:01:25.361+0000] {processor.py:840} INFO - DAG(s) 'example_branch_dop_operator_v3' retrieved from /home/airflow/.local/lib/python3.12/site-packages/airflow/example_dags/example_branch_python_dop_operator_3.py
[2024-05-20T03:01:25.373+0000] {logging_mixin.py:188} INFO - [2024-05-20T03:01:25.373+0000] {dag.py:3096} INFO - Sync 1 DAGs
[2024-05-20T03:01:25.385+0000] {logging_mixin.py:188} INFO - [2024-05-20T03:01:25.385+0000] {dag.py:3954} INFO - Setting next_dagrun for example_branch_dop_operator_v3 to 2024-05-20 03:00:00+00:00, run_after=2024-05-20 03:01:00+00:00
[2024-05-20T03:01:25.394+0000] {processor.py:183} INFO - Processing /home/airflow/.local/lib/python3.12/site-packages/airflow/example_dags/example_branch_python_dop_operator_3.py took 0.043 seconds
[2024-05-20T03:01:56.007+0000] {processor.py:161} INFO - Started process (PID=1229) to work on /home/airflow/.local/lib/python3.12/site-packages/airflow/example_dags/example_branch_python_dop_operator_3.py
[2024-05-20T03:01:56.008+0000] {processor.py:830} INFO - Processing file /home/airflow/.local/lib/python3.12/site-packages/airflow/example_dags/example_branch_python_dop_operator_3.py for tasks to queue
[2024-05-20T03:01:56.009+0000] {logging_mixin.py:188} INFO - [2024-05-20T03:01:56.009+0000] {dagbag.py:545} INFO - Filling up the DagBag from /home/airflow/.local/lib/python3.12/site-packages/airflow/example_dags/example_branch_python_dop_operator_3.py
[2024-05-20T03:01:56.013+0000] {processor.py:840} INFO - DAG(s) 'example_branch_dop_operator_v3' retrieved from /home/airflow/.local/lib/python3.12/site-packages/airflow/example_dags/example_branch_python_dop_operator_3.py
[2024-05-20T03:01:56.024+0000] {logging_mixin.py:188} INFO - [2024-05-20T03:01:56.023+0000] {dag.py:3096} INFO - Sync 1 DAGs
[2024-05-20T03:01:56.035+0000] {logging_mixin.py:188} INFO - [2024-05-20T03:01:56.035+0000] {dag.py:3954} INFO - Setting next_dagrun for example_branch_dop_operator_v3 to 2024-05-20 03:00:00+00:00, run_after=2024-05-20 03:01:00+00:00
[2024-05-20T03:01:56.044+0000] {processor.py:183} INFO - Processing /home/airflow/.local/lib/python3.12/site-packages/airflow/example_dags/example_branch_python_dop_operator_3.py took 0.040 seconds
[2024-05-20T03:02:26.897+0000] {processor.py:161} INFO - Started process (PID=1287) to work on /home/airflow/.local/lib/python3.12/site-packages/airflow/example_dags/example_branch_python_dop_operator_3.py
[2024-05-20T03:02:26.898+0000] {processor.py:830} INFO - Processing file /home/airflow/.local/lib/python3.12/site-packages/airflow/example_dags/example_branch_python_dop_operator_3.py for tasks to queue
[2024-05-20T03:02:26.899+0000] {logging_mixin.py:188} INFO - [2024-05-20T03:02:26.899+0000] {dagbag.py:545} INFO - Filling up the DagBag from /home/airflow/.local/lib/python3.12/site-packages/airflow/example_dags/example_branch_python_dop_operator_3.py
[2024-05-20T03:02:26.904+0000] {processor.py:840} INFO - DAG(s) 'example_branch_dop_operator_v3' retrieved from /home/airflow/.local/lib/python3.12/site-packages/airflow/example_dags/example_branch_python_dop_operator_3.py
[2024-05-20T03:02:26.915+0000] {logging_mixin.py:188} INFO - [2024-05-20T03:02:26.915+0000] {dag.py:3096} INFO - Sync 1 DAGs
[2024-05-20T03:02:26.927+0000] {logging_mixin.py:188} INFO - [2024-05-20T03:02:26.926+0000] {dag.py:3954} INFO - Setting next_dagrun for example_branch_dop_operator_v3 to 2024-05-20 03:01:00+00:00, run_after=2024-05-20 03:02:00+00:00
[2024-05-20T03:02:26.936+0000] {processor.py:183} INFO - Processing /home/airflow/.local/lib/python3.12/site-packages/airflow/example_dags/example_branch_python_dop_operator_3.py took 0.042 seconds
[2024-05-20T03:02:56.993+0000] {processor.py:161} INFO - Started process (PID=1345) to work on /home/airflow/.local/lib/python3.12/site-packages/airflow/example_dags/example_branch_python_dop_operator_3.py
[2024-05-20T03:02:56.994+0000] {processor.py:830} INFO - Processing file /home/airflow/.local/lib/python3.12/site-packages/airflow/example_dags/example_branch_python_dop_operator_3.py for tasks to queue
[2024-05-20T03:02:56.995+0000] {logging_mixin.py:188} INFO - [2024-05-20T03:02:56.995+0000] {dagbag.py:545} INFO - Filling up the DagBag from /home/airflow/.local/lib/python3.12/site-packages/airflow/example_dags/example_branch_python_dop_operator_3.py
[2024-05-20T03:02:57.000+0000] {processor.py:840} INFO - DAG(s) 'example_branch_dop_operator_v3' retrieved from /home/airflow/.local/lib/python3.12/site-packages/airflow/example_dags/example_branch_python_dop_operator_3.py
[2024-05-20T03:02:57.012+0000] {logging_mixin.py:188} INFO - [2024-05-20T03:02:57.011+0000] {dag.py:3096} INFO - Sync 1 DAGs
[2024-05-20T03:02:57.024+0000] {logging_mixin.py:188} INFO - [2024-05-20T03:02:57.023+0000] {dag.py:3954} INFO - Setting next_dagrun for example_branch_dop_operator_v3 to 2024-05-20 03:01:00+00:00, run_after=2024-05-20 03:02:00+00:00
[2024-05-20T03:02:57.034+0000] {processor.py:183} INFO - Processing /home/airflow/.local/lib/python3.12/site-packages/airflow/example_dags/example_branch_python_dop_operator_3.py took 0.044 seconds
[2024-05-20T03:03:27.780+0000] {processor.py:161} INFO - Started process (PID=1403) to work on /home/airflow/.local/lib/python3.12/site-packages/airflow/example_dags/example_branch_python_dop_operator_3.py
[2024-05-20T03:03:27.781+0000] {processor.py:830} INFO - Processing file /home/airflow/.local/lib/python3.12/site-packages/airflow/example_dags/example_branch_python_dop_operator_3.py for tasks to queue
[2024-05-20T03:03:27.782+0000] {logging_mixin.py:188} INFO - [2024-05-20T03:03:27.782+0000] {dagbag.py:545} INFO - Filling up the DagBag from /home/airflow/.local/lib/python3.12/site-packages/airflow/example_dags/example_branch_python_dop_operator_3.py
[2024-05-20T03:03:27.788+0000] {processor.py:840} INFO - DAG(s) 'example_branch_dop_operator_v3' retrieved from /home/airflow/.local/lib/python3.12/site-packages/airflow/example_dags/example_branch_python_dop_operator_3.py
[2024-05-20T03:03:27.807+0000] {logging_mixin.py:188} INFO - [2024-05-20T03:03:27.807+0000] {dag.py:3096} INFO - Sync 1 DAGs
[2024-05-20T03:03:27.819+0000] {logging_mixin.py:188} INFO - [2024-05-20T03:03:27.819+0000] {dag.py:3954} INFO - Setting next_dagrun for example_branch_dop_operator_v3 to 2024-05-20 03:02:00+00:00, run_after=2024-05-20 03:03:00+00:00
[2024-05-20T03:03:27.830+0000] {processor.py:183} INFO - Processing /home/airflow/.local/lib/python3.12/site-packages/airflow/example_dags/example_branch_python_dop_operator_3.py took 0.054 seconds
[2024-05-20T03:04:14.149+0000] {processor.py:161} INFO - Started process (PID=68) to work on /home/airflow/.local/lib/python3.12/site-packages/airflow/example_dags/example_branch_python_dop_operator_3.py
[2024-05-20T03:04:14.150+0000] {processor.py:830} INFO - Processing file /home/airflow/.local/lib/python3.12/site-packages/airflow/example_dags/example_branch_python_dop_operator_3.py for tasks to queue
[2024-05-20T03:04:14.151+0000] {logging_mixin.py:188} INFO - [2024-05-20T03:04:14.151+0000] {dagbag.py:545} INFO - Filling up the DagBag from /home/airflow/.local/lib/python3.12/site-packages/airflow/example_dags/example_branch_python_dop_operator_3.py
[2024-05-20T03:04:14.157+0000] {processor.py:840} INFO - DAG(s) 'example_branch_dop_operator_v3' retrieved from /home/airflow/.local/lib/python3.12/site-packages/airflow/example_dags/example_branch_python_dop_operator_3.py
[2024-05-20T03:04:14.166+0000] {logging_mixin.py:188} INFO - [2024-05-20T03:04:14.166+0000] {dag.py:3096} INFO - Sync 1 DAGs
[2024-05-20T03:04:14.191+0000] {logging_mixin.py:188} INFO - [2024-05-20T03:04:14.190+0000] {dag.py:3954} INFO - Setting next_dagrun for example_branch_dop_operator_v3 to 2024-05-20 03:03:00+00:00, run_after=2024-05-20 03:04:00+00:00
[2024-05-20T03:04:14.206+0000] {processor.py:183} INFO - Processing /home/airflow/.local/lib/python3.12/site-packages/airflow/example_dags/example_branch_python_dop_operator_3.py took 0.060 seconds
[2024-05-20T03:04:44.857+0000] {processor.py:161} INFO - Started process (PID=126) to work on /home/airflow/.local/lib/python3.12/site-packages/airflow/example_dags/example_branch_python_dop_operator_3.py
[2024-05-20T03:04:44.858+0000] {processor.py:830} INFO - Processing file /home/airflow/.local/lib/python3.12/site-packages/airflow/example_dags/example_branch_python_dop_operator_3.py for tasks to queue
[2024-05-20T03:04:44.859+0000] {logging_mixin.py:188} INFO - [2024-05-20T03:04:44.859+0000] {dagbag.py:545} INFO - Filling up the DagBag from /home/airflow/.local/lib/python3.12/site-packages/airflow/example_dags/example_branch_python_dop_operator_3.py
[2024-05-20T03:04:44.863+0000] {processor.py:840} INFO - DAG(s) 'example_branch_dop_operator_v3' retrieved from /home/airflow/.local/lib/python3.12/site-packages/airflow/example_dags/example_branch_python_dop_operator_3.py
[2024-05-20T03:04:44.910+0000] {logging_mixin.py:188} INFO - [2024-05-20T03:04:44.909+0000] {dag.py:3096} INFO - Sync 1 DAGs
[2024-05-20T03:04:44.919+0000] {logging_mixin.py:188} INFO - [2024-05-20T03:04:44.919+0000] {dag.py:3954} INFO - Setting next_dagrun for example_branch_dop_operator_v3 to 2024-05-20 03:03:00+00:00, run_after=2024-05-20 03:04:00+00:00
[2024-05-20T03:04:44.929+0000] {processor.py:183} INFO - Processing /home/airflow/.local/lib/python3.12/site-packages/airflow/example_dags/example_branch_python_dop_operator_3.py took 0.074 seconds
[2024-05-20T03:05:15.602+0000] {processor.py:161} INFO - Started process (PID=183) to work on /home/airflow/.local/lib/python3.12/site-packages/airflow/example_dags/example_branch_python_dop_operator_3.py
[2024-05-20T03:05:15.602+0000] {processor.py:830} INFO - Processing file /home/airflow/.local/lib/python3.12/site-packages/airflow/example_dags/example_branch_python_dop_operator_3.py for tasks to queue
[2024-05-20T03:05:15.603+0000] {logging_mixin.py:188} INFO - [2024-05-20T03:05:15.603+0000] {dagbag.py:545} INFO - Filling up the DagBag from /home/airflow/.local/lib/python3.12/site-packages/airflow/example_dags/example_branch_python_dop_operator_3.py
[2024-05-20T03:05:15.608+0000] {processor.py:840} INFO - DAG(s) 'example_branch_dop_operator_v3' retrieved from /home/airflow/.local/lib/python3.12/site-packages/airflow/example_dags/example_branch_python_dop_operator_3.py
[2024-05-20T03:05:15.619+0000] {logging_mixin.py:188} INFO - [2024-05-20T03:05:15.618+0000] {dag.py:3096} INFO - Sync 1 DAGs
[2024-05-20T03:05:15.631+0000] {logging_mixin.py:188} INFO - [2024-05-20T03:05:15.631+0000] {dag.py:3954} INFO - Setting next_dagrun for example_branch_dop_operator_v3 to 2024-05-20 03:04:00+00:00, run_after=2024-05-20 03:05:00+00:00
[2024-05-20T03:05:15.640+0000] {processor.py:183} INFO - Processing /home/airflow/.local/lib/python3.12/site-packages/airflow/example_dags/example_branch_python_dop_operator_3.py took 0.042 seconds
[2024-05-20T03:05:46.270+0000] {processor.py:161} INFO - Started process (PID=241) to work on /home/airflow/.local/lib/python3.12/site-packages/airflow/example_dags/example_branch_python_dop_operator_3.py
[2024-05-20T03:05:46.271+0000] {processor.py:830} INFO - Processing file /home/airflow/.local/lib/python3.12/site-packages/airflow/example_dags/example_branch_python_dop_operator_3.py for tasks to queue
[2024-05-20T03:05:46.272+0000] {logging_mixin.py:188} INFO - [2024-05-20T03:05:46.272+0000] {dagbag.py:545} INFO - Filling up the DagBag from /home/airflow/.local/lib/python3.12/site-packages/airflow/example_dags/example_branch_python_dop_operator_3.py
[2024-05-20T03:05:46.276+0000] {processor.py:840} INFO - DAG(s) 'example_branch_dop_operator_v3' retrieved from /home/airflow/.local/lib/python3.12/site-packages/airflow/example_dags/example_branch_python_dop_operator_3.py
[2024-05-20T03:05:46.287+0000] {logging_mixin.py:188} INFO - [2024-05-20T03:05:46.286+0000] {dag.py:3096} INFO - Sync 1 DAGs
[2024-05-20T03:05:46.299+0000] {logging_mixin.py:188} INFO - [2024-05-20T03:05:46.299+0000] {dag.py:3954} INFO - Setting next_dagrun for example_branch_dop_operator_v3 to 2024-05-20 03:04:00+00:00, run_after=2024-05-20 03:05:00+00:00
[2024-05-20T03:05:46.307+0000] {processor.py:183} INFO - Processing /home/airflow/.local/lib/python3.12/site-packages/airflow/example_dags/example_branch_python_dop_operator_3.py took 0.040 seconds
[2024-05-20T03:06:16.948+0000] {processor.py:161} INFO - Started process (PID=298) to work on /home/airflow/.local/lib/python3.12/site-packages/airflow/example_dags/example_branch_python_dop_operator_3.py
[2024-05-20T03:06:16.949+0000] {processor.py:830} INFO - Processing file /home/airflow/.local/lib/python3.12/site-packages/airflow/example_dags/example_branch_python_dop_operator_3.py for tasks to queue
[2024-05-20T03:06:16.950+0000] {logging_mixin.py:188} INFO - [2024-05-20T03:06:16.949+0000] {dagbag.py:545} INFO - Filling up the DagBag from /home/airflow/.local/lib/python3.12/site-packages/airflow/example_dags/example_branch_python_dop_operator_3.py
[2024-05-20T03:06:16.954+0000] {processor.py:840} INFO - DAG(s) 'example_branch_dop_operator_v3' retrieved from /home/airflow/.local/lib/python3.12/site-packages/airflow/example_dags/example_branch_python_dop_operator_3.py
[2024-05-20T03:06:16.963+0000] {logging_mixin.py:188} INFO - [2024-05-20T03:06:16.963+0000] {dag.py:3096} INFO - Sync 1 DAGs
[2024-05-20T03:06:16.974+0000] {logging_mixin.py:188} INFO - [2024-05-20T03:06:16.974+0000] {dag.py:3954} INFO - Setting next_dagrun for example_branch_dop_operator_v3 to 2024-05-20 03:05:00+00:00, run_after=2024-05-20 03:06:00+00:00
[2024-05-20T03:06:16.982+0000] {processor.py:183} INFO - Processing /home/airflow/.local/lib/python3.12/site-packages/airflow/example_dags/example_branch_python_dop_operator_3.py took 0.037 seconds
[2024-05-20T03:06:47.663+0000] {processor.py:161} INFO - Started process (PID=356) to work on /home/airflow/.local/lib/python3.12/site-packages/airflow/example_dags/example_branch_python_dop_operator_3.py
[2024-05-20T03:06:47.664+0000] {processor.py:830} INFO - Processing file /home/airflow/.local/lib/python3.12/site-packages/airflow/example_dags/example_branch_python_dop_operator_3.py for tasks to queue
[2024-05-20T03:06:47.665+0000] {logging_mixin.py:188} INFO - [2024-05-20T03:06:47.665+0000] {dagbag.py:545} INFO - Filling up the DagBag from /home/airflow/.local/lib/python3.12/site-packages/airflow/example_dags/example_branch_python_dop_operator_3.py
[2024-05-20T03:06:47.669+0000] {processor.py:840} INFO - DAG(s) 'example_branch_dop_operator_v3' retrieved from /home/airflow/.local/lib/python3.12/site-packages/airflow/example_dags/example_branch_python_dop_operator_3.py
[2024-05-20T03:06:47.679+0000] {logging_mixin.py:188} INFO - [2024-05-20T03:06:47.679+0000] {dag.py:3096} INFO - Sync 1 DAGs
[2024-05-20T03:06:47.691+0000] {logging_mixin.py:188} INFO - [2024-05-20T03:06:47.691+0000] {dag.py:3954} INFO - Setting next_dagrun for example_branch_dop_operator_v3 to 2024-05-20 03:05:00+00:00, run_after=2024-05-20 03:06:00+00:00
[2024-05-20T03:06:47.699+0000] {processor.py:183} INFO - Processing /home/airflow/.local/lib/python3.12/site-packages/airflow/example_dags/example_branch_python_dop_operator_3.py took 0.039 seconds
[2024-05-20T03:07:18.431+0000] {processor.py:161} INFO - Started process (PID=414) to work on /home/airflow/.local/lib/python3.12/site-packages/airflow/example_dags/example_branch_python_dop_operator_3.py
[2024-05-20T03:07:18.432+0000] {processor.py:830} INFO - Processing file /home/airflow/.local/lib/python3.12/site-packages/airflow/example_dags/example_branch_python_dop_operator_3.py for tasks to queue
[2024-05-20T03:07:18.433+0000] {logging_mixin.py:188} INFO - [2024-05-20T03:07:18.433+0000] {dagbag.py:545} INFO - Filling up the DagBag from /home/airflow/.local/lib/python3.12/site-packages/airflow/example_dags/example_branch_python_dop_operator_3.py
[2024-05-20T03:07:18.437+0000] {processor.py:840} INFO - DAG(s) 'example_branch_dop_operator_v3' retrieved from /home/airflow/.local/lib/python3.12/site-packages/airflow/example_dags/example_branch_python_dop_operator_3.py
[2024-05-20T03:07:18.447+0000] {logging_mixin.py:188} INFO - [2024-05-20T03:07:18.447+0000] {dag.py:3096} INFO - Sync 1 DAGs
[2024-05-20T03:07:18.458+0000] {logging_mixin.py:188} INFO - [2024-05-20T03:07:18.458+0000] {dag.py:3954} INFO - Setting next_dagrun for example_branch_dop_operator_v3 to 2024-05-20 03:06:00+00:00, run_after=2024-05-20 03:07:00+00:00
[2024-05-20T03:07:18.466+0000] {processor.py:183} INFO - Processing /home/airflow/.local/lib/python3.12/site-packages/airflow/example_dags/example_branch_python_dop_operator_3.py took 0.038 seconds
[2024-05-20T03:07:59.682+0000] {processor.py:161} INFO - Started process (PID=69) to work on /home/airflow/.local/lib/python3.12/site-packages/airflow/example_dags/example_branch_python_dop_operator_3.py
[2024-05-20T03:07:59.684+0000] {processor.py:830} INFO - Processing file /home/airflow/.local/lib/python3.12/site-packages/airflow/example_dags/example_branch_python_dop_operator_3.py for tasks to queue
[2024-05-20T03:07:59.688+0000] {logging_mixin.py:188} INFO - [2024-05-20T03:07:59.687+0000] {dagbag.py:545} INFO - Filling up the DagBag from /home/airflow/.local/lib/python3.12/site-packages/airflow/example_dags/example_branch_python_dop_operator_3.py
[2024-05-20T03:07:59.697+0000] {processor.py:840} INFO - DAG(s) 'example_branch_dop_operator_v3' retrieved from /home/airflow/.local/lib/python3.12/site-packages/airflow/example_dags/example_branch_python_dop_operator_3.py
[2024-05-20T03:07:59.704+0000] {logging_mixin.py:188} INFO - [2024-05-20T03:07:59.704+0000] {dag.py:3096} INFO - Sync 1 DAGs
[2024-05-20T03:07:59.723+0000] {logging_mixin.py:188} INFO - [2024-05-20T03:07:59.723+0000] {dag.py:3954} INFO - Setting next_dagrun for example_branch_dop_operator_v3 to 2024-05-20 03:06:00+00:00, run_after=2024-05-20 03:07:00+00:00
[2024-05-20T03:07:59.735+0000] {processor.py:183} INFO - Processing /home/airflow/.local/lib/python3.12/site-packages/airflow/example_dags/example_branch_python_dop_operator_3.py took 0.066 seconds
[2024-05-20T03:08:31.230+0000] {processor.py:161} INFO - Started process (PID=127) to work on /home/airflow/.local/lib/python3.12/site-packages/airflow/example_dags/example_branch_python_dop_operator_3.py
[2024-05-20T03:08:31.230+0000] {processor.py:830} INFO - Processing file /home/airflow/.local/lib/python3.12/site-packages/airflow/example_dags/example_branch_python_dop_operator_3.py for tasks to queue
[2024-05-20T03:08:31.231+0000] {logging_mixin.py:188} INFO - [2024-05-20T03:08:31.231+0000] {dagbag.py:545} INFO - Filling up the DagBag from /home/airflow/.local/lib/python3.12/site-packages/airflow/example_dags/example_branch_python_dop_operator_3.py
[2024-05-20T03:08:31.235+0000] {processor.py:840} INFO - DAG(s) 'example_branch_dop_operator_v3' retrieved from /home/airflow/.local/lib/python3.12/site-packages/airflow/example_dags/example_branch_python_dop_operator_3.py
[2024-05-20T03:08:31.280+0000] {logging_mixin.py:188} INFO - [2024-05-20T03:08:31.280+0000] {dag.py:3096} INFO - Sync 1 DAGs
[2024-05-20T03:08:31.290+0000] {logging_mixin.py:188} INFO - [2024-05-20T03:08:31.289+0000] {dag.py:3954} INFO - Setting next_dagrun for example_branch_dop_operator_v3 to 2024-05-20 03:07:00+00:00, run_after=2024-05-20 03:08:00+00:00
[2024-05-20T03:08:31.299+0000] {processor.py:183} INFO - Processing /home/airflow/.local/lib/python3.12/site-packages/airflow/example_dags/example_branch_python_dop_operator_3.py took 0.071 seconds
[2024-05-20T03:09:02.145+0000] {processor.py:161} INFO - Started process (PID=185) to work on /home/airflow/.local/lib/python3.12/site-packages/airflow/example_dags/example_branch_python_dop_operator_3.py
[2024-05-20T03:09:02.146+0000] {processor.py:830} INFO - Processing file /home/airflow/.local/lib/python3.12/site-packages/airflow/example_dags/example_branch_python_dop_operator_3.py for tasks to queue
[2024-05-20T03:09:02.147+0000] {logging_mixin.py:188} INFO - [2024-05-20T03:09:02.147+0000] {dagbag.py:545} INFO - Filling up the DagBag from /home/airflow/.local/lib/python3.12/site-packages/airflow/example_dags/example_branch_python_dop_operator_3.py
[2024-05-20T03:09:02.152+0000] {processor.py:840} INFO - DAG(s) 'example_branch_dop_operator_v3' retrieved from /home/airflow/.local/lib/python3.12/site-packages/airflow/example_dags/example_branch_python_dop_operator_3.py
[2024-05-20T03:09:02.162+0000] {logging_mixin.py:188} INFO - [2024-05-20T03:09:02.162+0000] {dag.py:3096} INFO - Sync 1 DAGs
[2024-05-20T03:09:02.172+0000] {logging_mixin.py:188} INFO - [2024-05-20T03:09:02.172+0000] {dag.py:3954} INFO - Setting next_dagrun for example_branch_dop_operator_v3 to 2024-05-20 03:08:00+00:00, run_after=2024-05-20 03:09:00+00:00
[2024-05-20T03:09:02.181+0000] {processor.py:183} INFO - Processing /home/airflow/.local/lib/python3.12/site-packages/airflow/example_dags/example_branch_python_dop_operator_3.py took 0.039 seconds
