[2024-05-20T02:51:41.039+0000] {processor.py:161} INFO - Started process (PID=54) to work on /home/airflow/.local/lib/python3.12/site-packages/airflow/example_dags/example_display_name.py
[2024-05-20T02:51:41.040+0000] {processor.py:830} INFO - Processing file /home/airflow/.local/lib/python3.12/site-packages/airflow/example_dags/example_display_name.py for tasks to queue
[2024-05-20T02:51:41.042+0000] {logging_mixin.py:188} INFO - [2024-05-20T02:51:41.042+0000] {dagbag.py:545} INFO - Filling up the DagBag from /home/airflow/.local/lib/python3.12/site-packages/airflow/example_dags/example_display_name.py
[2024-05-20T02:51:41.047+0000] {processor.py:840} INFO - DAG(s) 'example_display_name' retrieved from /home/airflow/.local/lib/python3.12/site-packages/airflow/example_dags/example_display_name.py
[2024-05-20T02:51:41.055+0000] {logging_mixin.py:188} INFO - [2024-05-20T02:51:41.055+0000] {dag.py:3096} INFO - Sync 1 DAGs
[2024-05-20T02:51:41.065+0000] {logging_mixin.py:188} INFO - [2024-05-20T02:51:41.065+0000] {dag.py:3954} INFO - Setting next_dagrun for example_display_name to None, run_after=None
[2024-05-20T02:51:41.077+0000] {processor.py:183} INFO - Processing /home/airflow/.local/lib/python3.12/site-packages/airflow/example_dags/example_display_name.py took 0.044 seconds
[2024-05-20T02:52:11.271+0000] {processor.py:161} INFO - Started process (PID=112) to work on /home/airflow/.local/lib/python3.12/site-packages/airflow/example_dags/example_display_name.py
[2024-05-20T02:52:11.272+0000] {processor.py:830} INFO - Processing file /home/airflow/.local/lib/python3.12/site-packages/airflow/example_dags/example_display_name.py for tasks to queue
[2024-05-20T02:52:11.273+0000] {logging_mixin.py:188} INFO - [2024-05-20T02:52:11.272+0000] {dagbag.py:545} INFO - Filling up the DagBag from /home/airflow/.local/lib/python3.12/site-packages/airflow/example_dags/example_display_name.py
[2024-05-20T02:52:11.276+0000] {processor.py:840} INFO - DAG(s) 'example_display_name' retrieved from /home/airflow/.local/lib/python3.12/site-packages/airflow/example_dags/example_display_name.py
[2024-05-20T02:52:11.321+0000] {logging_mixin.py:188} INFO - [2024-05-20T02:52:11.321+0000] {dag.py:3096} INFO - Sync 1 DAGs
[2024-05-20T02:52:11.326+0000] {logging_mixin.py:188} INFO - [2024-05-20T02:52:11.325+0000] {dag.py:3954} INFO - Setting next_dagrun for example_display_name to None, run_after=None
[2024-05-20T02:52:11.334+0000] {processor.py:183} INFO - Processing /home/airflow/.local/lib/python3.12/site-packages/airflow/example_dags/example_display_name.py took 0.066 seconds
[2024-05-20T02:52:42.294+0000] {processor.py:161} INFO - Started process (PID=170) to work on /home/airflow/.local/lib/python3.12/site-packages/airflow/example_dags/example_display_name.py
[2024-05-20T02:52:42.295+0000] {processor.py:830} INFO - Processing file /home/airflow/.local/lib/python3.12/site-packages/airflow/example_dags/example_display_name.py for tasks to queue
[2024-05-20T02:52:42.297+0000] {logging_mixin.py:188} INFO - [2024-05-20T02:52:42.296+0000] {dagbag.py:545} INFO - Filling up the DagBag from /home/airflow/.local/lib/python3.12/site-packages/airflow/example_dags/example_display_name.py
[2024-05-20T02:52:42.301+0000] {processor.py:840} INFO - DAG(s) 'example_display_name' retrieved from /home/airflow/.local/lib/python3.12/site-packages/airflow/example_dags/example_display_name.py
[2024-05-20T02:52:42.312+0000] {logging_mixin.py:188} INFO - [2024-05-20T02:52:42.312+0000] {dag.py:3096} INFO - Sync 1 DAGs
[2024-05-20T02:52:42.319+0000] {logging_mixin.py:188} INFO - [2024-05-20T02:52:42.319+0000] {dag.py:3954} INFO - Setting next_dagrun for example_display_name to None, run_after=None
[2024-05-20T02:52:42.330+0000] {processor.py:183} INFO - Processing /home/airflow/.local/lib/python3.12/site-packages/airflow/example_dags/example_display_name.py took 0.040 seconds
[2024-05-20T02:53:12.521+0000] {processor.py:161} INFO - Started process (PID=228) to work on /home/airflow/.local/lib/python3.12/site-packages/airflow/example_dags/example_display_name.py
[2024-05-20T02:53:12.521+0000] {processor.py:830} INFO - Processing file /home/airflow/.local/lib/python3.12/site-packages/airflow/example_dags/example_display_name.py for tasks to queue
[2024-05-20T02:53:12.522+0000] {logging_mixin.py:188} INFO - [2024-05-20T02:53:12.522+0000] {dagbag.py:545} INFO - Filling up the DagBag from /home/airflow/.local/lib/python3.12/site-packages/airflow/example_dags/example_display_name.py
[2024-05-20T02:53:12.525+0000] {processor.py:840} INFO - DAG(s) 'example_display_name' retrieved from /home/airflow/.local/lib/python3.12/site-packages/airflow/example_dags/example_display_name.py
[2024-05-20T02:53:12.539+0000] {logging_mixin.py:188} INFO - [2024-05-20T02:53:12.539+0000] {dag.py:3096} INFO - Sync 1 DAGs
[2024-05-20T02:53:12.546+0000] {logging_mixin.py:188} INFO - [2024-05-20T02:53:12.546+0000] {dag.py:3954} INFO - Setting next_dagrun for example_display_name to None, run_after=None
[2024-05-20T02:53:12.557+0000] {processor.py:183} INFO - Processing /home/airflow/.local/lib/python3.12/site-packages/airflow/example_dags/example_display_name.py took 0.039 seconds
[2024-05-20T02:53:42.609+0000] {processor.py:161} INFO - Started process (PID=286) to work on /home/airflow/.local/lib/python3.12/site-packages/airflow/example_dags/example_display_name.py
[2024-05-20T02:53:42.610+0000] {processor.py:830} INFO - Processing file /home/airflow/.local/lib/python3.12/site-packages/airflow/example_dags/example_display_name.py for tasks to queue
[2024-05-20T02:53:42.611+0000] {logging_mixin.py:188} INFO - [2024-05-20T02:53:42.611+0000] {dagbag.py:545} INFO - Filling up the DagBag from /home/airflow/.local/lib/python3.12/site-packages/airflow/example_dags/example_display_name.py
[2024-05-20T02:53:42.614+0000] {processor.py:840} INFO - DAG(s) 'example_display_name' retrieved from /home/airflow/.local/lib/python3.12/site-packages/airflow/example_dags/example_display_name.py
[2024-05-20T02:53:42.623+0000] {logging_mixin.py:188} INFO - [2024-05-20T02:53:42.623+0000] {dag.py:3096} INFO - Sync 1 DAGs
[2024-05-20T02:53:42.629+0000] {logging_mixin.py:188} INFO - [2024-05-20T02:53:42.628+0000] {dag.py:3954} INFO - Setting next_dagrun for example_display_name to None, run_after=None
[2024-05-20T02:53:42.637+0000] {processor.py:183} INFO - Processing /home/airflow/.local/lib/python3.12/site-packages/airflow/example_dags/example_display_name.py took 0.030 seconds
[2024-05-20T02:54:13.369+0000] {processor.py:161} INFO - Started process (PID=344) to work on /home/airflow/.local/lib/python3.12/site-packages/airflow/example_dags/example_display_name.py
[2024-05-20T02:54:13.370+0000] {processor.py:830} INFO - Processing file /home/airflow/.local/lib/python3.12/site-packages/airflow/example_dags/example_display_name.py for tasks to queue
[2024-05-20T02:54:13.371+0000] {logging_mixin.py:188} INFO - [2024-05-20T02:54:13.371+0000] {dagbag.py:545} INFO - Filling up the DagBag from /home/airflow/.local/lib/python3.12/site-packages/airflow/example_dags/example_display_name.py
[2024-05-20T02:54:13.374+0000] {processor.py:840} INFO - DAG(s) 'example_display_name' retrieved from /home/airflow/.local/lib/python3.12/site-packages/airflow/example_dags/example_display_name.py
[2024-05-20T02:54:13.384+0000] {logging_mixin.py:188} INFO - [2024-05-20T02:54:13.384+0000] {dag.py:3096} INFO - Sync 1 DAGs
[2024-05-20T02:54:13.390+0000] {logging_mixin.py:188} INFO - [2024-05-20T02:54:13.390+0000] {dag.py:3954} INFO - Setting next_dagrun for example_display_name to None, run_after=None
[2024-05-20T02:54:13.398+0000] {processor.py:183} INFO - Processing /home/airflow/.local/lib/python3.12/site-packages/airflow/example_dags/example_display_name.py took 0.032 seconds
[2024-05-20T02:54:44.115+0000] {processor.py:161} INFO - Started process (PID=402) to work on /home/airflow/.local/lib/python3.12/site-packages/airflow/example_dags/example_display_name.py
[2024-05-20T02:54:44.115+0000] {processor.py:830} INFO - Processing file /home/airflow/.local/lib/python3.12/site-packages/airflow/example_dags/example_display_name.py for tasks to queue
[2024-05-20T02:54:44.117+0000] {logging_mixin.py:188} INFO - [2024-05-20T02:54:44.116+0000] {dagbag.py:545} INFO - Filling up the DagBag from /home/airflow/.local/lib/python3.12/site-packages/airflow/example_dags/example_display_name.py
[2024-05-20T02:54:44.120+0000] {processor.py:840} INFO - DAG(s) 'example_display_name' retrieved from /home/airflow/.local/lib/python3.12/site-packages/airflow/example_dags/example_display_name.py
[2024-05-20T02:54:44.131+0000] {logging_mixin.py:188} INFO - [2024-05-20T02:54:44.131+0000] {dag.py:3096} INFO - Sync 1 DAGs
[2024-05-20T02:54:44.137+0000] {logging_mixin.py:188} INFO - [2024-05-20T02:54:44.137+0000] {dag.py:3954} INFO - Setting next_dagrun for example_display_name to None, run_after=None
[2024-05-20T02:54:44.146+0000] {processor.py:183} INFO - Processing /home/airflow/.local/lib/python3.12/site-packages/airflow/example_dags/example_display_name.py took 0.035 seconds
[2024-05-20T02:55:14.890+0000] {processor.py:161} INFO - Started process (PID=460) to work on /home/airflow/.local/lib/python3.12/site-packages/airflow/example_dags/example_display_name.py
[2024-05-20T02:55:14.890+0000] {processor.py:830} INFO - Processing file /home/airflow/.local/lib/python3.12/site-packages/airflow/example_dags/example_display_name.py for tasks to queue
[2024-05-20T02:55:14.891+0000] {logging_mixin.py:188} INFO - [2024-05-20T02:55:14.891+0000] {dagbag.py:545} INFO - Filling up the DagBag from /home/airflow/.local/lib/python3.12/site-packages/airflow/example_dags/example_display_name.py
[2024-05-20T02:55:14.894+0000] {processor.py:840} INFO - DAG(s) 'example_display_name' retrieved from /home/airflow/.local/lib/python3.12/site-packages/airflow/example_dags/example_display_name.py
[2024-05-20T02:55:14.904+0000] {logging_mixin.py:188} INFO - [2024-05-20T02:55:14.903+0000] {dag.py:3096} INFO - Sync 1 DAGs
[2024-05-20T02:55:14.910+0000] {logging_mixin.py:188} INFO - [2024-05-20T02:55:14.910+0000] {dag.py:3954} INFO - Setting next_dagrun for example_display_name to None, run_after=None
[2024-05-20T02:55:14.921+0000] {processor.py:183} INFO - Processing /home/airflow/.local/lib/python3.12/site-packages/airflow/example_dags/example_display_name.py took 0.034 seconds
[2024-05-20T02:55:45.648+0000] {processor.py:161} INFO - Started process (PID=518) to work on /home/airflow/.local/lib/python3.12/site-packages/airflow/example_dags/example_display_name.py
[2024-05-20T02:55:45.650+0000] {processor.py:830} INFO - Processing file /home/airflow/.local/lib/python3.12/site-packages/airflow/example_dags/example_display_name.py for tasks to queue
[2024-05-20T02:55:45.652+0000] {logging_mixin.py:188} INFO - [2024-05-20T02:55:45.652+0000] {dagbag.py:545} INFO - Filling up the DagBag from /home/airflow/.local/lib/python3.12/site-packages/airflow/example_dags/example_display_name.py
[2024-05-20T02:55:45.659+0000] {processor.py:840} INFO - DAG(s) 'example_display_name' retrieved from /home/airflow/.local/lib/python3.12/site-packages/airflow/example_dags/example_display_name.py
[2024-05-20T02:55:45.673+0000] {logging_mixin.py:188} INFO - [2024-05-20T02:55:45.673+0000] {dag.py:3096} INFO - Sync 1 DAGs
[2024-05-20T02:55:45.684+0000] {logging_mixin.py:188} INFO - [2024-05-20T02:55:45.683+0000] {dag.py:3954} INFO - Setting next_dagrun for example_display_name to None, run_after=None
[2024-05-20T02:55:45.693+0000] {processor.py:183} INFO - Processing /home/airflow/.local/lib/python3.12/site-packages/airflow/example_dags/example_display_name.py took 0.048 seconds
[2024-05-20T02:56:15.893+0000] {processor.py:161} INFO - Started process (PID=576) to work on /home/airflow/.local/lib/python3.12/site-packages/airflow/example_dags/example_display_name.py
[2024-05-20T02:56:15.894+0000] {processor.py:830} INFO - Processing file /home/airflow/.local/lib/python3.12/site-packages/airflow/example_dags/example_display_name.py for tasks to queue
[2024-05-20T02:56:15.895+0000] {logging_mixin.py:188} INFO - [2024-05-20T02:56:15.895+0000] {dagbag.py:545} INFO - Filling up the DagBag from /home/airflow/.local/lib/python3.12/site-packages/airflow/example_dags/example_display_name.py
[2024-05-20T02:56:15.898+0000] {processor.py:840} INFO - DAG(s) 'example_display_name' retrieved from /home/airflow/.local/lib/python3.12/site-packages/airflow/example_dags/example_display_name.py
[2024-05-20T02:56:15.908+0000] {logging_mixin.py:188} INFO - [2024-05-20T02:56:15.908+0000] {dag.py:3096} INFO - Sync 1 DAGs
[2024-05-20T02:56:15.914+0000] {logging_mixin.py:188} INFO - [2024-05-20T02:56:15.913+0000] {dag.py:3954} INFO - Setting next_dagrun for example_display_name to None, run_after=None
[2024-05-20T02:56:15.926+0000] {processor.py:183} INFO - Processing /home/airflow/.local/lib/python3.12/site-packages/airflow/example_dags/example_display_name.py took 0.036 seconds
[2024-05-20T02:56:46.007+0000] {processor.py:161} INFO - Started process (PID=634) to work on /home/airflow/.local/lib/python3.12/site-packages/airflow/example_dags/example_display_name.py
[2024-05-20T02:56:46.008+0000] {processor.py:830} INFO - Processing file /home/airflow/.local/lib/python3.12/site-packages/airflow/example_dags/example_display_name.py for tasks to queue
[2024-05-20T02:56:46.009+0000] {logging_mixin.py:188} INFO - [2024-05-20T02:56:46.008+0000] {dagbag.py:545} INFO - Filling up the DagBag from /home/airflow/.local/lib/python3.12/site-packages/airflow/example_dags/example_display_name.py
[2024-05-20T02:56:46.012+0000] {processor.py:840} INFO - DAG(s) 'example_display_name' retrieved from /home/airflow/.local/lib/python3.12/site-packages/airflow/example_dags/example_display_name.py
[2024-05-20T02:56:46.022+0000] {logging_mixin.py:188} INFO - [2024-05-20T02:56:46.022+0000] {dag.py:3096} INFO - Sync 1 DAGs
[2024-05-20T02:56:46.027+0000] {logging_mixin.py:188} INFO - [2024-05-20T02:56:46.027+0000] {dag.py:3954} INFO - Setting next_dagrun for example_display_name to None, run_after=None
[2024-05-20T02:56:46.035+0000] {processor.py:183} INFO - Processing /home/airflow/.local/lib/python3.12/site-packages/airflow/example_dags/example_display_name.py took 0.031 seconds
[2024-05-20T02:57:16.830+0000] {processor.py:161} INFO - Started process (PID=692) to work on /home/airflow/.local/lib/python3.12/site-packages/airflow/example_dags/example_display_name.py
[2024-05-20T02:57:16.830+0000] {processor.py:830} INFO - Processing file /home/airflow/.local/lib/python3.12/site-packages/airflow/example_dags/example_display_name.py for tasks to queue
[2024-05-20T02:57:16.832+0000] {logging_mixin.py:188} INFO - [2024-05-20T02:57:16.831+0000] {dagbag.py:545} INFO - Filling up the DagBag from /home/airflow/.local/lib/python3.12/site-packages/airflow/example_dags/example_display_name.py
[2024-05-20T02:57:16.835+0000] {processor.py:840} INFO - DAG(s) 'example_display_name' retrieved from /home/airflow/.local/lib/python3.12/site-packages/airflow/example_dags/example_display_name.py
[2024-05-20T02:57:16.845+0000] {logging_mixin.py:188} INFO - [2024-05-20T02:57:16.845+0000] {dag.py:3096} INFO - Sync 1 DAGs
[2024-05-20T02:57:16.851+0000] {logging_mixin.py:188} INFO - [2024-05-20T02:57:16.851+0000] {dag.py:3954} INFO - Setting next_dagrun for example_display_name to None, run_after=None
[2024-05-20T02:57:16.860+0000] {processor.py:183} INFO - Processing /home/airflow/.local/lib/python3.12/site-packages/airflow/example_dags/example_display_name.py took 0.033 seconds
[2024-05-20T02:57:47.795+0000] {processor.py:161} INFO - Started process (PID=750) to work on /home/airflow/.local/lib/python3.12/site-packages/airflow/example_dags/example_display_name.py
[2024-05-20T02:57:47.796+0000] {processor.py:830} INFO - Processing file /home/airflow/.local/lib/python3.12/site-packages/airflow/example_dags/example_display_name.py for tasks to queue
[2024-05-20T02:57:47.797+0000] {logging_mixin.py:188} INFO - [2024-05-20T02:57:47.797+0000] {dagbag.py:545} INFO - Filling up the DagBag from /home/airflow/.local/lib/python3.12/site-packages/airflow/example_dags/example_display_name.py
[2024-05-20T02:57:47.800+0000] {processor.py:840} INFO - DAG(s) 'example_display_name' retrieved from /home/airflow/.local/lib/python3.12/site-packages/airflow/example_dags/example_display_name.py
[2024-05-20T02:57:47.811+0000] {logging_mixin.py:188} INFO - [2024-05-20T02:57:47.811+0000] {dag.py:3096} INFO - Sync 1 DAGs
[2024-05-20T02:57:47.818+0000] {logging_mixin.py:188} INFO - [2024-05-20T02:57:47.818+0000] {dag.py:3954} INFO - Setting next_dagrun for example_display_name to None, run_after=None
[2024-05-20T02:57:47.827+0000] {processor.py:183} INFO - Processing /home/airflow/.local/lib/python3.12/site-packages/airflow/example_dags/example_display_name.py took 0.035 seconds
[2024-05-20T02:58:18.709+0000] {processor.py:161} INFO - Started process (PID=808) to work on /home/airflow/.local/lib/python3.12/site-packages/airflow/example_dags/example_display_name.py
[2024-05-20T02:58:18.710+0000] {processor.py:830} INFO - Processing file /home/airflow/.local/lib/python3.12/site-packages/airflow/example_dags/example_display_name.py for tasks to queue
[2024-05-20T02:58:18.711+0000] {logging_mixin.py:188} INFO - [2024-05-20T02:58:18.711+0000] {dagbag.py:545} INFO - Filling up the DagBag from /home/airflow/.local/lib/python3.12/site-packages/airflow/example_dags/example_display_name.py
[2024-05-20T02:58:18.714+0000] {processor.py:840} INFO - DAG(s) 'example_display_name' retrieved from /home/airflow/.local/lib/python3.12/site-packages/airflow/example_dags/example_display_name.py
[2024-05-20T02:58:18.725+0000] {logging_mixin.py:188} INFO - [2024-05-20T02:58:18.725+0000] {dag.py:3096} INFO - Sync 1 DAGs
[2024-05-20T02:58:18.732+0000] {logging_mixin.py:188} INFO - [2024-05-20T02:58:18.732+0000] {dag.py:3954} INFO - Setting next_dagrun for example_display_name to None, run_after=None
[2024-05-20T02:58:18.741+0000] {processor.py:183} INFO - Processing /home/airflow/.local/lib/python3.12/site-packages/airflow/example_dags/example_display_name.py took 0.035 seconds
[2024-05-20T02:58:49.439+0000] {processor.py:161} INFO - Started process (PID=866) to work on /home/airflow/.local/lib/python3.12/site-packages/airflow/example_dags/example_display_name.py
[2024-05-20T02:58:49.440+0000] {processor.py:830} INFO - Processing file /home/airflow/.local/lib/python3.12/site-packages/airflow/example_dags/example_display_name.py for tasks to queue
[2024-05-20T02:58:49.441+0000] {logging_mixin.py:188} INFO - [2024-05-20T02:58:49.441+0000] {dagbag.py:545} INFO - Filling up the DagBag from /home/airflow/.local/lib/python3.12/site-packages/airflow/example_dags/example_display_name.py
[2024-05-20T02:58:49.444+0000] {processor.py:840} INFO - DAG(s) 'example_display_name' retrieved from /home/airflow/.local/lib/python3.12/site-packages/airflow/example_dags/example_display_name.py
[2024-05-20T02:58:49.456+0000] {logging_mixin.py:188} INFO - [2024-05-20T02:58:49.456+0000] {dag.py:3096} INFO - Sync 1 DAGs
[2024-05-20T02:58:49.463+0000] {logging_mixin.py:188} INFO - [2024-05-20T02:58:49.462+0000] {dag.py:3954} INFO - Setting next_dagrun for example_display_name to None, run_after=None
[2024-05-20T02:58:49.473+0000] {processor.py:183} INFO - Processing /home/airflow/.local/lib/python3.12/site-packages/airflow/example_dags/example_display_name.py took 0.038 seconds
[2024-05-20T02:59:20.270+0000] {processor.py:161} INFO - Started process (PID=924) to work on /home/airflow/.local/lib/python3.12/site-packages/airflow/example_dags/example_display_name.py
[2024-05-20T02:59:20.270+0000] {processor.py:830} INFO - Processing file /home/airflow/.local/lib/python3.12/site-packages/airflow/example_dags/example_display_name.py for tasks to queue
[2024-05-20T02:59:20.271+0000] {logging_mixin.py:188} INFO - [2024-05-20T02:59:20.271+0000] {dagbag.py:545} INFO - Filling up the DagBag from /home/airflow/.local/lib/python3.12/site-packages/airflow/example_dags/example_display_name.py
[2024-05-20T02:59:20.275+0000] {processor.py:840} INFO - DAG(s) 'example_display_name' retrieved from /home/airflow/.local/lib/python3.12/site-packages/airflow/example_dags/example_display_name.py
[2024-05-20T02:59:20.284+0000] {logging_mixin.py:188} INFO - [2024-05-20T02:59:20.284+0000] {dag.py:3096} INFO - Sync 1 DAGs
[2024-05-20T02:59:20.290+0000] {logging_mixin.py:188} INFO - [2024-05-20T02:59:20.290+0000] {dag.py:3954} INFO - Setting next_dagrun for example_display_name to None, run_after=None
[2024-05-20T02:59:20.300+0000] {processor.py:183} INFO - Processing /home/airflow/.local/lib/python3.12/site-packages/airflow/example_dags/example_display_name.py took 0.033 seconds
[2024-05-20T02:59:51.156+0000] {processor.py:161} INFO - Started process (PID=982) to work on /home/airflow/.local/lib/python3.12/site-packages/airflow/example_dags/example_display_name.py
[2024-05-20T02:59:51.156+0000] {processor.py:830} INFO - Processing file /home/airflow/.local/lib/python3.12/site-packages/airflow/example_dags/example_display_name.py for tasks to queue
[2024-05-20T02:59:51.158+0000] {logging_mixin.py:188} INFO - [2024-05-20T02:59:51.157+0000] {dagbag.py:545} INFO - Filling up the DagBag from /home/airflow/.local/lib/python3.12/site-packages/airflow/example_dags/example_display_name.py
[2024-05-20T02:59:51.161+0000] {processor.py:840} INFO - DAG(s) 'example_display_name' retrieved from /home/airflow/.local/lib/python3.12/site-packages/airflow/example_dags/example_display_name.py
[2024-05-20T02:59:51.171+0000] {logging_mixin.py:188} INFO - [2024-05-20T02:59:51.171+0000] {dag.py:3096} INFO - Sync 1 DAGs
[2024-05-20T02:59:51.177+0000] {logging_mixin.py:188} INFO - [2024-05-20T02:59:51.177+0000] {dag.py:3954} INFO - Setting next_dagrun for example_display_name to None, run_after=None
[2024-05-20T02:59:51.187+0000] {processor.py:183} INFO - Processing /home/airflow/.local/lib/python3.12/site-packages/airflow/example_dags/example_display_name.py took 0.034 seconds
[2024-05-20T03:00:21.941+0000] {processor.py:161} INFO - Started process (PID=1040) to work on /home/airflow/.local/lib/python3.12/site-packages/airflow/example_dags/example_display_name.py
[2024-05-20T03:00:21.942+0000] {processor.py:830} INFO - Processing file /home/airflow/.local/lib/python3.12/site-packages/airflow/example_dags/example_display_name.py for tasks to queue
[2024-05-20T03:00:21.943+0000] {logging_mixin.py:188} INFO - [2024-05-20T03:00:21.943+0000] {dagbag.py:545} INFO - Filling up the DagBag from /home/airflow/.local/lib/python3.12/site-packages/airflow/example_dags/example_display_name.py
[2024-05-20T03:00:21.946+0000] {processor.py:840} INFO - DAG(s) 'example_display_name' retrieved from /home/airflow/.local/lib/python3.12/site-packages/airflow/example_dags/example_display_name.py
[2024-05-20T03:00:21.956+0000] {logging_mixin.py:188} INFO - [2024-05-20T03:00:21.956+0000] {dag.py:3096} INFO - Sync 1 DAGs
[2024-05-20T03:00:21.962+0000] {logging_mixin.py:188} INFO - [2024-05-20T03:00:21.962+0000] {dag.py:3954} INFO - Setting next_dagrun for example_display_name to None, run_after=None
[2024-05-20T03:00:21.971+0000] {processor.py:183} INFO - Processing /home/airflow/.local/lib/python3.12/site-packages/airflow/example_dags/example_display_name.py took 0.033 seconds
[2024-05-20T03:00:52.566+0000] {processor.py:161} INFO - Started process (PID=1098) to work on /home/airflow/.local/lib/python3.12/site-packages/airflow/example_dags/example_display_name.py
[2024-05-20T03:00:52.567+0000] {processor.py:830} INFO - Processing file /home/airflow/.local/lib/python3.12/site-packages/airflow/example_dags/example_display_name.py for tasks to queue
[2024-05-20T03:00:52.568+0000] {logging_mixin.py:188} INFO - [2024-05-20T03:00:52.568+0000] {dagbag.py:545} INFO - Filling up the DagBag from /home/airflow/.local/lib/python3.12/site-packages/airflow/example_dags/example_display_name.py
[2024-05-20T03:00:52.572+0000] {processor.py:840} INFO - DAG(s) 'example_display_name' retrieved from /home/airflow/.local/lib/python3.12/site-packages/airflow/example_dags/example_display_name.py
[2024-05-20T03:00:52.583+0000] {logging_mixin.py:188} INFO - [2024-05-20T03:00:52.583+0000] {dag.py:3096} INFO - Sync 1 DAGs
[2024-05-20T03:00:52.589+0000] {logging_mixin.py:188} INFO - [2024-05-20T03:00:52.589+0000] {dag.py:3954} INFO - Setting next_dagrun for example_display_name to None, run_after=None
[2024-05-20T03:00:52.598+0000] {processor.py:183} INFO - Processing /home/airflow/.local/lib/python3.12/site-packages/airflow/example_dags/example_display_name.py took 0.036 seconds
[2024-05-20T03:01:22.808+0000] {processor.py:161} INFO - Started process (PID=1156) to work on /home/airflow/.local/lib/python3.12/site-packages/airflow/example_dags/example_display_name.py
[2024-05-20T03:01:22.808+0000] {processor.py:830} INFO - Processing file /home/airflow/.local/lib/python3.12/site-packages/airflow/example_dags/example_display_name.py for tasks to queue
[2024-05-20T03:01:22.810+0000] {logging_mixin.py:188} INFO - [2024-05-20T03:01:22.809+0000] {dagbag.py:545} INFO - Filling up the DagBag from /home/airflow/.local/lib/python3.12/site-packages/airflow/example_dags/example_display_name.py
[2024-05-20T03:01:22.813+0000] {processor.py:840} INFO - DAG(s) 'example_display_name' retrieved from /home/airflow/.local/lib/python3.12/site-packages/airflow/example_dags/example_display_name.py
[2024-05-20T03:01:22.823+0000] {logging_mixin.py:188} INFO - [2024-05-20T03:01:22.823+0000] {dag.py:3096} INFO - Sync 1 DAGs
[2024-05-20T03:01:22.830+0000] {logging_mixin.py:188} INFO - [2024-05-20T03:01:22.829+0000] {dag.py:3954} INFO - Setting next_dagrun for example_display_name to None, run_after=None
[2024-05-20T03:01:22.839+0000] {processor.py:183} INFO - Processing /home/airflow/.local/lib/python3.12/site-packages/airflow/example_dags/example_display_name.py took 0.034 seconds
[2024-05-20T03:01:53.527+0000] {processor.py:161} INFO - Started process (PID=1214) to work on /home/airflow/.local/lib/python3.12/site-packages/airflow/example_dags/example_display_name.py
[2024-05-20T03:01:53.528+0000] {processor.py:830} INFO - Processing file /home/airflow/.local/lib/python3.12/site-packages/airflow/example_dags/example_display_name.py for tasks to queue
[2024-05-20T03:01:53.529+0000] {logging_mixin.py:188} INFO - [2024-05-20T03:01:53.528+0000] {dagbag.py:545} INFO - Filling up the DagBag from /home/airflow/.local/lib/python3.12/site-packages/airflow/example_dags/example_display_name.py
[2024-05-20T03:01:53.532+0000] {processor.py:840} INFO - DAG(s) 'example_display_name' retrieved from /home/airflow/.local/lib/python3.12/site-packages/airflow/example_dags/example_display_name.py
[2024-05-20T03:01:53.541+0000] {logging_mixin.py:188} INFO - [2024-05-20T03:01:53.541+0000] {dag.py:3096} INFO - Sync 1 DAGs
[2024-05-20T03:01:53.547+0000] {logging_mixin.py:188} INFO - [2024-05-20T03:01:53.547+0000] {dag.py:3954} INFO - Setting next_dagrun for example_display_name to None, run_after=None
[2024-05-20T03:01:53.556+0000] {processor.py:183} INFO - Processing /home/airflow/.local/lib/python3.12/site-packages/airflow/example_dags/example_display_name.py took 0.032 seconds
[2024-05-20T03:02:24.322+0000] {processor.py:161} INFO - Started process (PID=1272) to work on /home/airflow/.local/lib/python3.12/site-packages/airflow/example_dags/example_display_name.py
[2024-05-20T03:02:24.323+0000] {processor.py:830} INFO - Processing file /home/airflow/.local/lib/python3.12/site-packages/airflow/example_dags/example_display_name.py for tasks to queue
[2024-05-20T03:02:24.324+0000] {logging_mixin.py:188} INFO - [2024-05-20T03:02:24.324+0000] {dagbag.py:545} INFO - Filling up the DagBag from /home/airflow/.local/lib/python3.12/site-packages/airflow/example_dags/example_display_name.py
[2024-05-20T03:02:24.328+0000] {processor.py:840} INFO - DAG(s) 'example_display_name' retrieved from /home/airflow/.local/lib/python3.12/site-packages/airflow/example_dags/example_display_name.py
[2024-05-20T03:02:24.384+0000] {logging_mixin.py:188} INFO - [2024-05-20T03:02:24.384+0000] {dag.py:3096} INFO - Sync 1 DAGs
[2024-05-20T03:02:24.390+0000] {logging_mixin.py:188} INFO - [2024-05-20T03:02:24.390+0000] {dag.py:3954} INFO - Setting next_dagrun for example_display_name to None, run_after=None
[2024-05-20T03:02:24.408+0000] {processor.py:183} INFO - Processing /home/airflow/.local/lib/python3.12/site-packages/airflow/example_dags/example_display_name.py took 0.089 seconds
[2024-05-20T03:02:54.437+0000] {processor.py:161} INFO - Started process (PID=1330) to work on /home/airflow/.local/lib/python3.12/site-packages/airflow/example_dags/example_display_name.py
[2024-05-20T03:02:54.438+0000] {processor.py:830} INFO - Processing file /home/airflow/.local/lib/python3.12/site-packages/airflow/example_dags/example_display_name.py for tasks to queue
[2024-05-20T03:02:54.439+0000] {logging_mixin.py:188} INFO - [2024-05-20T03:02:54.439+0000] {dagbag.py:545} INFO - Filling up the DagBag from /home/airflow/.local/lib/python3.12/site-packages/airflow/example_dags/example_display_name.py
[2024-05-20T03:02:54.442+0000] {processor.py:840} INFO - DAG(s) 'example_display_name' retrieved from /home/airflow/.local/lib/python3.12/site-packages/airflow/example_dags/example_display_name.py
[2024-05-20T03:02:54.453+0000] {logging_mixin.py:188} INFO - [2024-05-20T03:02:54.452+0000] {dag.py:3096} INFO - Sync 1 DAGs
[2024-05-20T03:02:54.458+0000] {logging_mixin.py:188} INFO - [2024-05-20T03:02:54.458+0000] {dag.py:3954} INFO - Setting next_dagrun for example_display_name to None, run_after=None
[2024-05-20T03:02:54.466+0000] {processor.py:183} INFO - Processing /home/airflow/.local/lib/python3.12/site-packages/airflow/example_dags/example_display_name.py took 0.032 seconds
[2024-05-20T03:03:24.588+0000] {processor.py:161} INFO - Started process (PID=1388) to work on /home/airflow/.local/lib/python3.12/site-packages/airflow/example_dags/example_display_name.py
[2024-05-20T03:03:24.589+0000] {processor.py:830} INFO - Processing file /home/airflow/.local/lib/python3.12/site-packages/airflow/example_dags/example_display_name.py for tasks to queue
[2024-05-20T03:03:24.590+0000] {logging_mixin.py:188} INFO - [2024-05-20T03:03:24.590+0000] {dagbag.py:545} INFO - Filling up the DagBag from /home/airflow/.local/lib/python3.12/site-packages/airflow/example_dags/example_display_name.py
[2024-05-20T03:03:24.593+0000] {processor.py:840} INFO - DAG(s) 'example_display_name' retrieved from /home/airflow/.local/lib/python3.12/site-packages/airflow/example_dags/example_display_name.py
[2024-05-20T03:03:24.603+0000] {logging_mixin.py:188} INFO - [2024-05-20T03:03:24.603+0000] {dag.py:3096} INFO - Sync 1 DAGs
[2024-05-20T03:03:24.609+0000] {logging_mixin.py:188} INFO - [2024-05-20T03:03:24.609+0000] {dag.py:3954} INFO - Setting next_dagrun for example_display_name to None, run_after=None
[2024-05-20T03:03:24.618+0000] {processor.py:183} INFO - Processing /home/airflow/.local/lib/python3.12/site-packages/airflow/example_dags/example_display_name.py took 0.033 seconds
[2024-05-20T03:04:13.461+0000] {processor.py:161} INFO - Started process (PID=53) to work on /home/airflow/.local/lib/python3.12/site-packages/airflow/example_dags/example_display_name.py
[2024-05-20T03:04:13.462+0000] {processor.py:830} INFO - Processing file /home/airflow/.local/lib/python3.12/site-packages/airflow/example_dags/example_display_name.py for tasks to queue
[2024-05-20T03:04:13.464+0000] {logging_mixin.py:188} INFO - [2024-05-20T03:04:13.464+0000] {dagbag.py:545} INFO - Filling up the DagBag from /home/airflow/.local/lib/python3.12/site-packages/airflow/example_dags/example_display_name.py
[2024-05-20T03:04:13.476+0000] {processor.py:840} INFO - DAG(s) 'example_display_name' retrieved from /home/airflow/.local/lib/python3.12/site-packages/airflow/example_dags/example_display_name.py
[2024-05-20T03:04:13.488+0000] {logging_mixin.py:188} INFO - [2024-05-20T03:04:13.487+0000] {dag.py:3096} INFO - Sync 1 DAGs
[2024-05-20T03:04:13.496+0000] {logging_mixin.py:188} INFO - [2024-05-20T03:04:13.496+0000] {dag.py:3954} INFO - Setting next_dagrun for example_display_name to None, run_after=None
[2024-05-20T03:04:13.511+0000] {processor.py:183} INFO - Processing /home/airflow/.local/lib/python3.12/site-packages/airflow/example_dags/example_display_name.py took 0.055 seconds
[2024-05-20T03:04:44.046+0000] {processor.py:161} INFO - Started process (PID=111) to work on /home/airflow/.local/lib/python3.12/site-packages/airflow/example_dags/example_display_name.py
[2024-05-20T03:04:44.047+0000] {processor.py:830} INFO - Processing file /home/airflow/.local/lib/python3.12/site-packages/airflow/example_dags/example_display_name.py for tasks to queue
[2024-05-20T03:04:44.048+0000] {logging_mixin.py:188} INFO - [2024-05-20T03:04:44.048+0000] {dagbag.py:545} INFO - Filling up the DagBag from /home/airflow/.local/lib/python3.12/site-packages/airflow/example_dags/example_display_name.py
[2024-05-20T03:04:44.051+0000] {processor.py:840} INFO - DAG(s) 'example_display_name' retrieved from /home/airflow/.local/lib/python3.12/site-packages/airflow/example_dags/example_display_name.py
[2024-05-20T03:04:44.100+0000] {logging_mixin.py:188} INFO - [2024-05-20T03:04:44.100+0000] {dag.py:3096} INFO - Sync 1 DAGs
[2024-05-20T03:04:44.105+0000] {logging_mixin.py:188} INFO - [2024-05-20T03:04:44.105+0000] {dag.py:3954} INFO - Setting next_dagrun for example_display_name to None, run_after=None
[2024-05-20T03:04:44.114+0000] {processor.py:183} INFO - Processing /home/airflow/.local/lib/python3.12/site-packages/airflow/example_dags/example_display_name.py took 0.071 seconds
[2024-05-20T03:05:15.112+0000] {processor.py:161} INFO - Started process (PID=168) to work on /home/airflow/.local/lib/python3.12/site-packages/airflow/example_dags/example_display_name.py
[2024-05-20T03:05:15.113+0000] {processor.py:830} INFO - Processing file /home/airflow/.local/lib/python3.12/site-packages/airflow/example_dags/example_display_name.py for tasks to queue
[2024-05-20T03:05:15.115+0000] {logging_mixin.py:188} INFO - [2024-05-20T03:05:15.115+0000] {dagbag.py:545} INFO - Filling up the DagBag from /home/airflow/.local/lib/python3.12/site-packages/airflow/example_dags/example_display_name.py
[2024-05-20T03:05:15.121+0000] {processor.py:840} INFO - DAG(s) 'example_display_name' retrieved from /home/airflow/.local/lib/python3.12/site-packages/airflow/example_dags/example_display_name.py
[2024-05-20T03:05:15.136+0000] {logging_mixin.py:188} INFO - [2024-05-20T03:05:15.136+0000] {dag.py:3096} INFO - Sync 1 DAGs
[2024-05-20T03:05:15.143+0000] {logging_mixin.py:188} INFO - [2024-05-20T03:05:15.143+0000] {dag.py:3954} INFO - Setting next_dagrun for example_display_name to None, run_after=None
[2024-05-20T03:05:15.153+0000] {processor.py:183} INFO - Processing /home/airflow/.local/lib/python3.12/site-packages/airflow/example_dags/example_display_name.py took 0.047 seconds
[2024-05-20T03:05:45.780+0000] {processor.py:161} INFO - Started process (PID=226) to work on /home/airflow/.local/lib/python3.12/site-packages/airflow/example_dags/example_display_name.py
[2024-05-20T03:05:45.781+0000] {processor.py:830} INFO - Processing file /home/airflow/.local/lib/python3.12/site-packages/airflow/example_dags/example_display_name.py for tasks to queue
[2024-05-20T03:05:45.782+0000] {logging_mixin.py:188} INFO - [2024-05-20T03:05:45.782+0000] {dagbag.py:545} INFO - Filling up the DagBag from /home/airflow/.local/lib/python3.12/site-packages/airflow/example_dags/example_display_name.py
[2024-05-20T03:05:45.785+0000] {processor.py:840} INFO - DAG(s) 'example_display_name' retrieved from /home/airflow/.local/lib/python3.12/site-packages/airflow/example_dags/example_display_name.py
[2024-05-20T03:05:45.795+0000] {logging_mixin.py:188} INFO - [2024-05-20T03:05:45.794+0000] {dag.py:3096} INFO - Sync 1 DAGs
[2024-05-20T03:05:45.801+0000] {logging_mixin.py:188} INFO - [2024-05-20T03:05:45.801+0000] {dag.py:3954} INFO - Setting next_dagrun for example_display_name to None, run_after=None
[2024-05-20T03:05:45.812+0000] {processor.py:183} INFO - Processing /home/airflow/.local/lib/python3.12/site-packages/airflow/example_dags/example_display_name.py took 0.035 seconds
[2024-05-20T03:06:16.491+0000] {processor.py:161} INFO - Started process (PID=283) to work on /home/airflow/.local/lib/python3.12/site-packages/airflow/example_dags/example_display_name.py
[2024-05-20T03:06:16.493+0000] {processor.py:830} INFO - Processing file /home/airflow/.local/lib/python3.12/site-packages/airflow/example_dags/example_display_name.py for tasks to queue
[2024-05-20T03:06:16.495+0000] {logging_mixin.py:188} INFO - [2024-05-20T03:06:16.494+0000] {dagbag.py:545} INFO - Filling up the DagBag from /home/airflow/.local/lib/python3.12/site-packages/airflow/example_dags/example_display_name.py
[2024-05-20T03:06:16.501+0000] {processor.py:840} INFO - DAG(s) 'example_display_name' retrieved from /home/airflow/.local/lib/python3.12/site-packages/airflow/example_dags/example_display_name.py
[2024-05-20T03:06:16.520+0000] {logging_mixin.py:188} INFO - [2024-05-20T03:06:16.520+0000] {dag.py:3096} INFO - Sync 1 DAGs
[2024-05-20T03:06:16.528+0000] {logging_mixin.py:188} INFO - [2024-05-20T03:06:16.528+0000] {dag.py:3954} INFO - Setting next_dagrun for example_display_name to None, run_after=None
[2024-05-20T03:06:16.538+0000] {processor.py:183} INFO - Processing /home/airflow/.local/lib/python3.12/site-packages/airflow/example_dags/example_display_name.py took 0.053 seconds
[2024-05-20T03:06:47.195+0000] {processor.py:161} INFO - Started process (PID=341) to work on /home/airflow/.local/lib/python3.12/site-packages/airflow/example_dags/example_display_name.py
[2024-05-20T03:06:47.196+0000] {processor.py:830} INFO - Processing file /home/airflow/.local/lib/python3.12/site-packages/airflow/example_dags/example_display_name.py for tasks to queue
[2024-05-20T03:06:47.198+0000] {logging_mixin.py:188} INFO - [2024-05-20T03:06:47.198+0000] {dagbag.py:545} INFO - Filling up the DagBag from /home/airflow/.local/lib/python3.12/site-packages/airflow/example_dags/example_display_name.py
[2024-05-20T03:06:47.205+0000] {processor.py:840} INFO - DAG(s) 'example_display_name' retrieved from /home/airflow/.local/lib/python3.12/site-packages/airflow/example_dags/example_display_name.py
[2024-05-20T03:06:47.223+0000] {logging_mixin.py:188} INFO - [2024-05-20T03:06:47.222+0000] {dag.py:3096} INFO - Sync 1 DAGs
[2024-05-20T03:06:47.231+0000] {logging_mixin.py:188} INFO - [2024-05-20T03:06:47.231+0000] {dag.py:3954} INFO - Setting next_dagrun for example_display_name to None, run_after=None
[2024-05-20T03:06:47.242+0000] {processor.py:183} INFO - Processing /home/airflow/.local/lib/python3.12/site-packages/airflow/example_dags/example_display_name.py took 0.054 seconds
[2024-05-20T03:07:17.946+0000] {processor.py:161} INFO - Started process (PID=399) to work on /home/airflow/.local/lib/python3.12/site-packages/airflow/example_dags/example_display_name.py
[2024-05-20T03:07:17.947+0000] {processor.py:830} INFO - Processing file /home/airflow/.local/lib/python3.12/site-packages/airflow/example_dags/example_display_name.py for tasks to queue
[2024-05-20T03:07:17.949+0000] {logging_mixin.py:188} INFO - [2024-05-20T03:07:17.948+0000] {dagbag.py:545} INFO - Filling up the DagBag from /home/airflow/.local/lib/python3.12/site-packages/airflow/example_dags/example_display_name.py
[2024-05-20T03:07:17.953+0000] {processor.py:840} INFO - DAG(s) 'example_display_name' retrieved from /home/airflow/.local/lib/python3.12/site-packages/airflow/example_dags/example_display_name.py
[2024-05-20T03:07:17.968+0000] {logging_mixin.py:188} INFO - [2024-05-20T03:07:17.967+0000] {dag.py:3096} INFO - Sync 1 DAGs
[2024-05-20T03:07:17.976+0000] {logging_mixin.py:188} INFO - [2024-05-20T03:07:17.976+0000] {dag.py:3954} INFO - Setting next_dagrun for example_display_name to None, run_after=None
[2024-05-20T03:07:17.992+0000] {processor.py:183} INFO - Processing /home/airflow/.local/lib/python3.12/site-packages/airflow/example_dags/example_display_name.py took 0.054 seconds
[2024-05-20T03:07:59.106+0000] {processor.py:161} INFO - Started process (PID=54) to work on /home/airflow/.local/lib/python3.12/site-packages/airflow/example_dags/example_display_name.py
[2024-05-20T03:07:59.107+0000] {processor.py:830} INFO - Processing file /home/airflow/.local/lib/python3.12/site-packages/airflow/example_dags/example_display_name.py for tasks to queue
[2024-05-20T03:07:59.108+0000] {logging_mixin.py:188} INFO - [2024-05-20T03:07:59.108+0000] {dagbag.py:545} INFO - Filling up the DagBag from /home/airflow/.local/lib/python3.12/site-packages/airflow/example_dags/example_display_name.py
[2024-05-20T03:07:59.111+0000] {processor.py:840} INFO - DAG(s) 'example_display_name' retrieved from /home/airflow/.local/lib/python3.12/site-packages/airflow/example_dags/example_display_name.py
[2024-05-20T03:07:59.119+0000] {logging_mixin.py:188} INFO - [2024-05-20T03:07:59.119+0000] {dag.py:3096} INFO - Sync 1 DAGs
[2024-05-20T03:07:59.126+0000] {logging_mixin.py:188} INFO - [2024-05-20T03:07:59.126+0000] {dag.py:3954} INFO - Setting next_dagrun for example_display_name to None, run_after=None
[2024-05-20T03:07:59.137+0000] {processor.py:183} INFO - Processing /home/airflow/.local/lib/python3.12/site-packages/airflow/example_dags/example_display_name.py took 0.033 seconds
[2024-05-20T03:08:30.443+0000] {processor.py:161} INFO - Started process (PID=112) to work on /home/airflow/.local/lib/python3.12/site-packages/airflow/example_dags/example_display_name.py
[2024-05-20T03:08:30.443+0000] {processor.py:830} INFO - Processing file /home/airflow/.local/lib/python3.12/site-packages/airflow/example_dags/example_display_name.py for tasks to queue
[2024-05-20T03:08:30.444+0000] {logging_mixin.py:188} INFO - [2024-05-20T03:08:30.444+0000] {dagbag.py:545} INFO - Filling up the DagBag from /home/airflow/.local/lib/python3.12/site-packages/airflow/example_dags/example_display_name.py
[2024-05-20T03:08:30.447+0000] {processor.py:840} INFO - DAG(s) 'example_display_name' retrieved from /home/airflow/.local/lib/python3.12/site-packages/airflow/example_dags/example_display_name.py
[2024-05-20T03:08:30.491+0000] {logging_mixin.py:188} INFO - [2024-05-20T03:08:30.491+0000] {dag.py:3096} INFO - Sync 1 DAGs
[2024-05-20T03:08:30.499+0000] {logging_mixin.py:188} INFO - [2024-05-20T03:08:30.499+0000] {dag.py:3954} INFO - Setting next_dagrun for example_display_name to None, run_after=None
[2024-05-20T03:08:30.515+0000] {processor.py:183} INFO - Processing /home/airflow/.local/lib/python3.12/site-packages/airflow/example_dags/example_display_name.py took 0.075 seconds
[2024-05-20T03:09:00.602+0000] {processor.py:161} INFO - Started process (PID=170) to work on /home/airflow/.local/lib/python3.12/site-packages/airflow/example_dags/example_display_name.py
[2024-05-20T03:09:00.602+0000] {processor.py:830} INFO - Processing file /home/airflow/.local/lib/python3.12/site-packages/airflow/example_dags/example_display_name.py for tasks to queue
[2024-05-20T03:09:00.603+0000] {logging_mixin.py:188} INFO - [2024-05-20T03:09:00.603+0000] {dagbag.py:545} INFO - Filling up the DagBag from /home/airflow/.local/lib/python3.12/site-packages/airflow/example_dags/example_display_name.py
[2024-05-20T03:09:00.606+0000] {processor.py:840} INFO - DAG(s) 'example_display_name' retrieved from /home/airflow/.local/lib/python3.12/site-packages/airflow/example_dags/example_display_name.py
[2024-05-20T03:09:00.616+0000] {logging_mixin.py:188} INFO - [2024-05-20T03:09:00.616+0000] {dag.py:3096} INFO - Sync 1 DAGs
[2024-05-20T03:09:00.622+0000] {logging_mixin.py:188} INFO - [2024-05-20T03:09:00.622+0000] {dag.py:3954} INFO - Setting next_dagrun for example_display_name to None, run_after=None
[2024-05-20T03:09:00.632+0000] {processor.py:183} INFO - Processing /home/airflow/.local/lib/python3.12/site-packages/airflow/example_dags/example_display_name.py took 0.034 seconds
