[2024-05-20T02:51:40.584+0000] {processor.py:161} INFO - Started process (PID=44) to work on /home/airflow/.local/lib/python3.12/site-packages/airflow/example_dags/example_sla_dag.py
[2024-05-20T02:51:40.585+0000] {processor.py:830} INFO - Processing file /home/airflow/.local/lib/python3.12/site-packages/airflow/example_dags/example_sla_dag.py for tasks to queue
[2024-05-20T02:51:40.587+0000] {logging_mixin.py:188} INFO - [2024-05-20T02:51:40.587+0000] {dagbag.py:545} INFO - Filling up the DagBag from /home/airflow/.local/lib/python3.12/site-packages/airflow/example_dags/example_sla_dag.py
[2024-05-20T02:51:40.596+0000] {processor.py:840} INFO - DAG(s) 'example_sla_dag' retrieved from /home/airflow/.local/lib/python3.12/site-packages/airflow/example_dags/example_sla_dag.py
[2024-05-20T02:51:40.608+0000] {logging_mixin.py:188} INFO - [2024-05-20T02:51:40.608+0000] {dag.py:3096} INFO - Sync 1 DAGs
[2024-05-20T02:51:40.650+0000] {logging_mixin.py:188} INFO - [2024-05-20T02:51:40.650+0000] {dag.py:3954} INFO - Setting next_dagrun for example_sla_dag to 2024-05-20 02:48:00+00:00, run_after=2024-05-20 02:50:00+00:00
[2024-05-20T02:51:40.715+0000] {processor.py:183} INFO - Processing /home/airflow/.local/lib/python3.12/site-packages/airflow/example_dags/example_sla_dag.py took 0.139 seconds
[2024-05-20T02:52:10.854+0000] {processor.py:161} INFO - Started process (PID=102) to work on /home/airflow/.local/lib/python3.12/site-packages/airflow/example_dags/example_sla_dag.py
[2024-05-20T02:52:10.854+0000] {processor.py:830} INFO - Processing file /home/airflow/.local/lib/python3.12/site-packages/airflow/example_dags/example_sla_dag.py for tasks to queue
[2024-05-20T02:52:10.858+0000] {logging_mixin.py:188} INFO - [2024-05-20T02:52:10.858+0000] {dagbag.py:545} INFO - Filling up the DagBag from /home/airflow/.local/lib/python3.12/site-packages/airflow/example_dags/example_sla_dag.py
[2024-05-20T02:52:10.863+0000] {processor.py:840} INFO - DAG(s) 'example_sla_dag' retrieved from /home/airflow/.local/lib/python3.12/site-packages/airflow/example_dags/example_sla_dag.py
[2024-05-20T02:52:10.909+0000] {logging_mixin.py:188} INFO - [2024-05-20T02:52:10.908+0000] {dag.py:3096} INFO - Sync 1 DAGs
[2024-05-20T02:52:10.918+0000] {logging_mixin.py:188} INFO - [2024-05-20T02:52:10.918+0000] {dag.py:3954} INFO - Setting next_dagrun for example_sla_dag to 2024-05-20 02:50:00+00:00, run_after=2024-05-20 02:52:00+00:00
[2024-05-20T02:52:10.926+0000] {processor.py:183} INFO - Processing /home/airflow/.local/lib/python3.12/site-packages/airflow/example_dags/example_sla_dag.py took 0.075 seconds
[2024-05-20T02:52:40.954+0000] {processor.py:161} INFO - Started process (PID=160) to work on /home/airflow/.local/lib/python3.12/site-packages/airflow/example_dags/example_sla_dag.py
[2024-05-20T02:52:40.955+0000] {processor.py:830} INFO - Processing file /home/airflow/.local/lib/python3.12/site-packages/airflow/example_dags/example_sla_dag.py for tasks to queue
[2024-05-20T02:52:40.958+0000] {logging_mixin.py:188} INFO - [2024-05-20T02:52:40.958+0000] {dagbag.py:545} INFO - Filling up the DagBag from /home/airflow/.local/lib/python3.12/site-packages/airflow/example_dags/example_sla_dag.py
[2024-05-20T02:52:40.962+0000] {processor.py:840} INFO - DAG(s) 'example_sla_dag' retrieved from /home/airflow/.local/lib/python3.12/site-packages/airflow/example_dags/example_sla_dag.py
[2024-05-20T02:52:40.972+0000] {logging_mixin.py:188} INFO - [2024-05-20T02:52:40.972+0000] {dag.py:3096} INFO - Sync 1 DAGs
[2024-05-20T02:52:40.982+0000] {logging_mixin.py:188} INFO - [2024-05-20T02:52:40.982+0000] {dag.py:3954} INFO - Setting next_dagrun for example_sla_dag to 2024-05-20 02:50:00+00:00, run_after=2024-05-20 02:52:00+00:00
[2024-05-20T02:52:40.990+0000] {processor.py:183} INFO - Processing /home/airflow/.local/lib/python3.12/site-packages/airflow/example_dags/example_sla_dag.py took 0.039 seconds
[2024-05-20T02:53:11.215+0000] {processor.py:161} INFO - Started process (PID=218) to work on /home/airflow/.local/lib/python3.12/site-packages/airflow/example_dags/example_sla_dag.py
[2024-05-20T02:53:11.216+0000] {processor.py:830} INFO - Processing file /home/airflow/.local/lib/python3.12/site-packages/airflow/example_dags/example_sla_dag.py for tasks to queue
[2024-05-20T02:53:11.217+0000] {logging_mixin.py:188} INFO - [2024-05-20T02:53:11.216+0000] {dagbag.py:545} INFO - Filling up the DagBag from /home/airflow/.local/lib/python3.12/site-packages/airflow/example_dags/example_sla_dag.py
[2024-05-20T02:53:11.221+0000] {processor.py:840} INFO - DAG(s) 'example_sla_dag' retrieved from /home/airflow/.local/lib/python3.12/site-packages/airflow/example_dags/example_sla_dag.py
[2024-05-20T02:53:11.232+0000] {logging_mixin.py:188} INFO - [2024-05-20T02:53:11.232+0000] {dag.py:3096} INFO - Sync 1 DAGs
[2024-05-20T02:53:11.243+0000] {logging_mixin.py:188} INFO - [2024-05-20T02:53:11.243+0000] {dag.py:3954} INFO - Setting next_dagrun for example_sla_dag to 2024-05-20 02:50:00+00:00, run_after=2024-05-20 02:52:00+00:00
[2024-05-20T02:53:11.251+0000] {processor.py:183} INFO - Processing /home/airflow/.local/lib/python3.12/site-packages/airflow/example_dags/example_sla_dag.py took 0.039 seconds
[2024-05-20T02:53:41.315+0000] {processor.py:161} INFO - Started process (PID=276) to work on /home/airflow/.local/lib/python3.12/site-packages/airflow/example_dags/example_sla_dag.py
[2024-05-20T02:53:41.316+0000] {processor.py:830} INFO - Processing file /home/airflow/.local/lib/python3.12/site-packages/airflow/example_dags/example_sla_dag.py for tasks to queue
[2024-05-20T02:53:41.317+0000] {logging_mixin.py:188} INFO - [2024-05-20T02:53:41.317+0000] {dagbag.py:545} INFO - Filling up the DagBag from /home/airflow/.local/lib/python3.12/site-packages/airflow/example_dags/example_sla_dag.py
[2024-05-20T02:53:41.322+0000] {processor.py:840} INFO - DAG(s) 'example_sla_dag' retrieved from /home/airflow/.local/lib/python3.12/site-packages/airflow/example_dags/example_sla_dag.py
[2024-05-20T02:53:41.331+0000] {logging_mixin.py:188} INFO - [2024-05-20T02:53:41.331+0000] {dag.py:3096} INFO - Sync 1 DAGs
[2024-05-20T02:53:41.341+0000] {logging_mixin.py:188} INFO - [2024-05-20T02:53:41.341+0000] {dag.py:3954} INFO - Setting next_dagrun for example_sla_dag to 2024-05-20 02:50:00+00:00, run_after=2024-05-20 02:52:00+00:00
[2024-05-20T02:53:41.349+0000] {processor.py:183} INFO - Processing /home/airflow/.local/lib/python3.12/site-packages/airflow/example_dags/example_sla_dag.py took 0.037 seconds
[2024-05-20T02:54:12.034+0000] {processor.py:161} INFO - Started process (PID=334) to work on /home/airflow/.local/lib/python3.12/site-packages/airflow/example_dags/example_sla_dag.py
[2024-05-20T02:54:12.035+0000] {processor.py:830} INFO - Processing file /home/airflow/.local/lib/python3.12/site-packages/airflow/example_dags/example_sla_dag.py for tasks to queue
[2024-05-20T02:54:12.036+0000] {logging_mixin.py:188} INFO - [2024-05-20T02:54:12.036+0000] {dagbag.py:545} INFO - Filling up the DagBag from /home/airflow/.local/lib/python3.12/site-packages/airflow/example_dags/example_sla_dag.py
[2024-05-20T02:54:12.041+0000] {processor.py:840} INFO - DAG(s) 'example_sla_dag' retrieved from /home/airflow/.local/lib/python3.12/site-packages/airflow/example_dags/example_sla_dag.py
[2024-05-20T02:54:12.052+0000] {logging_mixin.py:188} INFO - [2024-05-20T02:54:12.052+0000] {dag.py:3096} INFO - Sync 1 DAGs
[2024-05-20T02:54:12.063+0000] {logging_mixin.py:188} INFO - [2024-05-20T02:54:12.063+0000] {dag.py:3954} INFO - Setting next_dagrun for example_sla_dag to 2024-05-20 02:52:00+00:00, run_after=2024-05-20 02:54:00+00:00
[2024-05-20T02:54:12.072+0000] {processor.py:183} INFO - Processing /home/airflow/.local/lib/python3.12/site-packages/airflow/example_dags/example_sla_dag.py took 0.041 seconds
[2024-05-20T02:54:42.744+0000] {processor.py:161} INFO - Started process (PID=392) to work on /home/airflow/.local/lib/python3.12/site-packages/airflow/example_dags/example_sla_dag.py
[2024-05-20T02:54:42.745+0000] {processor.py:830} INFO - Processing file /home/airflow/.local/lib/python3.12/site-packages/airflow/example_dags/example_sla_dag.py for tasks to queue
[2024-05-20T02:54:42.746+0000] {logging_mixin.py:188} INFO - [2024-05-20T02:54:42.746+0000] {dagbag.py:545} INFO - Filling up the DagBag from /home/airflow/.local/lib/python3.12/site-packages/airflow/example_dags/example_sla_dag.py
[2024-05-20T02:54:42.751+0000] {processor.py:840} INFO - DAG(s) 'example_sla_dag' retrieved from /home/airflow/.local/lib/python3.12/site-packages/airflow/example_dags/example_sla_dag.py
[2024-05-20T02:54:42.761+0000] {logging_mixin.py:188} INFO - [2024-05-20T02:54:42.761+0000] {dag.py:3096} INFO - Sync 1 DAGs
[2024-05-20T02:54:42.772+0000] {logging_mixin.py:188} INFO - [2024-05-20T02:54:42.772+0000] {dag.py:3954} INFO - Setting next_dagrun for example_sla_dag to 2024-05-20 02:52:00+00:00, run_after=2024-05-20 02:54:00+00:00
[2024-05-20T02:54:42.781+0000] {processor.py:183} INFO - Processing /home/airflow/.local/lib/python3.12/site-packages/airflow/example_dags/example_sla_dag.py took 0.039 seconds
[2024-05-20T02:55:13.601+0000] {processor.py:161} INFO - Started process (PID=450) to work on /home/airflow/.local/lib/python3.12/site-packages/airflow/example_dags/example_sla_dag.py
[2024-05-20T02:55:13.601+0000] {processor.py:830} INFO - Processing file /home/airflow/.local/lib/python3.12/site-packages/airflow/example_dags/example_sla_dag.py for tasks to queue
[2024-05-20T02:55:13.603+0000] {logging_mixin.py:188} INFO - [2024-05-20T02:55:13.602+0000] {dagbag.py:545} INFO - Filling up the DagBag from /home/airflow/.local/lib/python3.12/site-packages/airflow/example_dags/example_sla_dag.py
[2024-05-20T02:55:13.608+0000] {processor.py:840} INFO - DAG(s) 'example_sla_dag' retrieved from /home/airflow/.local/lib/python3.12/site-packages/airflow/example_dags/example_sla_dag.py
[2024-05-20T02:55:13.618+0000] {logging_mixin.py:188} INFO - [2024-05-20T02:55:13.617+0000] {dag.py:3096} INFO - Sync 1 DAGs
[2024-05-20T02:55:13.630+0000] {logging_mixin.py:188} INFO - [2024-05-20T02:55:13.630+0000] {dag.py:3954} INFO - Setting next_dagrun for example_sla_dag to 2024-05-20 02:52:00+00:00, run_after=2024-05-20 02:54:00+00:00
[2024-05-20T02:55:13.639+0000] {processor.py:183} INFO - Processing /home/airflow/.local/lib/python3.12/site-packages/airflow/example_dags/example_sla_dag.py took 0.042 seconds
[2024-05-20T02:55:44.299+0000] {processor.py:161} INFO - Started process (PID=508) to work on /home/airflow/.local/lib/python3.12/site-packages/airflow/example_dags/example_sla_dag.py
[2024-05-20T02:55:44.300+0000] {processor.py:830} INFO - Processing file /home/airflow/.local/lib/python3.12/site-packages/airflow/example_dags/example_sla_dag.py for tasks to queue
[2024-05-20T02:55:44.301+0000] {logging_mixin.py:188} INFO - [2024-05-20T02:55:44.301+0000] {dagbag.py:545} INFO - Filling up the DagBag from /home/airflow/.local/lib/python3.12/site-packages/airflow/example_dags/example_sla_dag.py
[2024-05-20T02:55:44.306+0000] {processor.py:840} INFO - DAG(s) 'example_sla_dag' retrieved from /home/airflow/.local/lib/python3.12/site-packages/airflow/example_dags/example_sla_dag.py
[2024-05-20T02:55:44.316+0000] {logging_mixin.py:188} INFO - [2024-05-20T02:55:44.316+0000] {dag.py:3096} INFO - Sync 1 DAGs
[2024-05-20T02:55:44.346+0000] {logging_mixin.py:188} INFO - [2024-05-20T02:55:44.345+0000] {dag.py:3954} INFO - Setting next_dagrun for example_sla_dag to 2024-05-20 02:52:00+00:00, run_after=2024-05-20 02:54:00+00:00
[2024-05-20T02:55:44.378+0000] {processor.py:183} INFO - Processing /home/airflow/.local/lib/python3.12/site-packages/airflow/example_dags/example_sla_dag.py took 0.082 seconds
[2024-05-20T02:56:14.483+0000] {processor.py:161} INFO - Started process (PID=566) to work on /home/airflow/.local/lib/python3.12/site-packages/airflow/example_dags/example_sla_dag.py
[2024-05-20T02:56:14.483+0000] {processor.py:830} INFO - Processing file /home/airflow/.local/lib/python3.12/site-packages/airflow/example_dags/example_sla_dag.py for tasks to queue
[2024-05-20T02:56:14.484+0000] {logging_mixin.py:188} INFO - [2024-05-20T02:56:14.484+0000] {dagbag.py:545} INFO - Filling up the DagBag from /home/airflow/.local/lib/python3.12/site-packages/airflow/example_dags/example_sla_dag.py
[2024-05-20T02:56:14.490+0000] {processor.py:840} INFO - DAG(s) 'example_sla_dag' retrieved from /home/airflow/.local/lib/python3.12/site-packages/airflow/example_dags/example_sla_dag.py
[2024-05-20T02:56:14.502+0000] {logging_mixin.py:188} INFO - [2024-05-20T02:56:14.502+0000] {dag.py:3096} INFO - Sync 1 DAGs
[2024-05-20T02:56:14.514+0000] {logging_mixin.py:188} INFO - [2024-05-20T02:56:14.514+0000] {dag.py:3954} INFO - Setting next_dagrun for example_sla_dag to 2024-05-20 02:54:00+00:00, run_after=2024-05-20 02:56:00+00:00
[2024-05-20T02:56:14.524+0000] {processor.py:183} INFO - Processing /home/airflow/.local/lib/python3.12/site-packages/airflow/example_dags/example_sla_dag.py took 0.045 seconds
[2024-05-20T02:56:44.709+0000] {processor.py:161} INFO - Started process (PID=624) to work on /home/airflow/.local/lib/python3.12/site-packages/airflow/example_dags/example_sla_dag.py
[2024-05-20T02:56:44.710+0000] {processor.py:830} INFO - Processing file /home/airflow/.local/lib/python3.12/site-packages/airflow/example_dags/example_sla_dag.py for tasks to queue
[2024-05-20T02:56:44.711+0000] {logging_mixin.py:188} INFO - [2024-05-20T02:56:44.711+0000] {dagbag.py:545} INFO - Filling up the DagBag from /home/airflow/.local/lib/python3.12/site-packages/airflow/example_dags/example_sla_dag.py
[2024-05-20T02:56:44.716+0000] {processor.py:840} INFO - DAG(s) 'example_sla_dag' retrieved from /home/airflow/.local/lib/python3.12/site-packages/airflow/example_dags/example_sla_dag.py
[2024-05-20T02:56:44.728+0000] {logging_mixin.py:188} INFO - [2024-05-20T02:56:44.727+0000] {dag.py:3096} INFO - Sync 1 DAGs
[2024-05-20T02:56:44.740+0000] {logging_mixin.py:188} INFO - [2024-05-20T02:56:44.740+0000] {dag.py:3954} INFO - Setting next_dagrun for example_sla_dag to 2024-05-20 02:54:00+00:00, run_after=2024-05-20 02:56:00+00:00
[2024-05-20T02:56:44.750+0000] {processor.py:183} INFO - Processing /home/airflow/.local/lib/python3.12/site-packages/airflow/example_dags/example_sla_dag.py took 0.044 seconds
[2024-05-20T02:57:15.509+0000] {processor.py:161} INFO - Started process (PID=682) to work on /home/airflow/.local/lib/python3.12/site-packages/airflow/example_dags/example_sla_dag.py
[2024-05-20T02:57:15.510+0000] {processor.py:830} INFO - Processing file /home/airflow/.local/lib/python3.12/site-packages/airflow/example_dags/example_sla_dag.py for tasks to queue
[2024-05-20T02:57:15.511+0000] {logging_mixin.py:188} INFO - [2024-05-20T02:57:15.511+0000] {dagbag.py:545} INFO - Filling up the DagBag from /home/airflow/.local/lib/python3.12/site-packages/airflow/example_dags/example_sla_dag.py
[2024-05-20T02:57:15.515+0000] {processor.py:840} INFO - DAG(s) 'example_sla_dag' retrieved from /home/airflow/.local/lib/python3.12/site-packages/airflow/example_dags/example_sla_dag.py
[2024-05-20T02:57:15.526+0000] {logging_mixin.py:188} INFO - [2024-05-20T02:57:15.526+0000] {dag.py:3096} INFO - Sync 1 DAGs
[2024-05-20T02:57:15.539+0000] {logging_mixin.py:188} INFO - [2024-05-20T02:57:15.538+0000] {dag.py:3954} INFO - Setting next_dagrun for example_sla_dag to 2024-05-20 02:54:00+00:00, run_after=2024-05-20 02:56:00+00:00
[2024-05-20T02:57:15.551+0000] {processor.py:183} INFO - Processing /home/airflow/.local/lib/python3.12/site-packages/airflow/example_dags/example_sla_dag.py took 0.045 seconds
[2024-05-20T02:57:46.392+0000] {processor.py:161} INFO - Started process (PID=740) to work on /home/airflow/.local/lib/python3.12/site-packages/airflow/example_dags/example_sla_dag.py
[2024-05-20T02:57:46.392+0000] {processor.py:830} INFO - Processing file /home/airflow/.local/lib/python3.12/site-packages/airflow/example_dags/example_sla_dag.py for tasks to queue
[2024-05-20T02:57:46.394+0000] {logging_mixin.py:188} INFO - [2024-05-20T02:57:46.394+0000] {dagbag.py:545} INFO - Filling up the DagBag from /home/airflow/.local/lib/python3.12/site-packages/airflow/example_dags/example_sla_dag.py
[2024-05-20T02:57:46.399+0000] {processor.py:840} INFO - DAG(s) 'example_sla_dag' retrieved from /home/airflow/.local/lib/python3.12/site-packages/airflow/example_dags/example_sla_dag.py
[2024-05-20T02:57:46.410+0000] {logging_mixin.py:188} INFO - [2024-05-20T02:57:46.410+0000] {dag.py:3096} INFO - Sync 1 DAGs
[2024-05-20T02:57:46.422+0000] {logging_mixin.py:188} INFO - [2024-05-20T02:57:46.422+0000] {dag.py:3954} INFO - Setting next_dagrun for example_sla_dag to 2024-05-20 02:54:00+00:00, run_after=2024-05-20 02:56:00+00:00
[2024-05-20T02:57:46.431+0000] {processor.py:183} INFO - Processing /home/airflow/.local/lib/python3.12/site-packages/airflow/example_dags/example_sla_dag.py took 0.043 seconds
[2024-05-20T02:58:16.484+0000] {processor.py:161} INFO - Started process (PID=798) to work on /home/airflow/.local/lib/python3.12/site-packages/airflow/example_dags/example_sla_dag.py
[2024-05-20T02:58:16.485+0000] {processor.py:830} INFO - Processing file /home/airflow/.local/lib/python3.12/site-packages/airflow/example_dags/example_sla_dag.py for tasks to queue
[2024-05-20T02:58:16.486+0000] {logging_mixin.py:188} INFO - [2024-05-20T02:58:16.486+0000] {dagbag.py:545} INFO - Filling up the DagBag from /home/airflow/.local/lib/python3.12/site-packages/airflow/example_dags/example_sla_dag.py
[2024-05-20T02:58:16.491+0000] {processor.py:840} INFO - DAG(s) 'example_sla_dag' retrieved from /home/airflow/.local/lib/python3.12/site-packages/airflow/example_dags/example_sla_dag.py
[2024-05-20T02:58:16.501+0000] {logging_mixin.py:188} INFO - [2024-05-20T02:58:16.501+0000] {dag.py:3096} INFO - Sync 1 DAGs
[2024-05-20T02:58:16.513+0000] {logging_mixin.py:188} INFO - [2024-05-20T02:58:16.513+0000] {dag.py:3954} INFO - Setting next_dagrun for example_sla_dag to 2024-05-20 02:56:00+00:00, run_after=2024-05-20 02:58:00+00:00
[2024-05-20T02:58:16.523+0000] {processor.py:183} INFO - Processing /home/airflow/.local/lib/python3.12/site-packages/airflow/example_dags/example_sla_dag.py took 0.042 seconds
[2024-05-20T02:58:47.166+0000] {processor.py:161} INFO - Started process (PID=856) to work on /home/airflow/.local/lib/python3.12/site-packages/airflow/example_dags/example_sla_dag.py
[2024-05-20T02:58:47.167+0000] {processor.py:830} INFO - Processing file /home/airflow/.local/lib/python3.12/site-packages/airflow/example_dags/example_sla_dag.py for tasks to queue
[2024-05-20T02:58:47.168+0000] {logging_mixin.py:188} INFO - [2024-05-20T02:58:47.167+0000] {dagbag.py:545} INFO - Filling up the DagBag from /home/airflow/.local/lib/python3.12/site-packages/airflow/example_dags/example_sla_dag.py
[2024-05-20T02:58:47.173+0000] {processor.py:840} INFO - DAG(s) 'example_sla_dag' retrieved from /home/airflow/.local/lib/python3.12/site-packages/airflow/example_dags/example_sla_dag.py
[2024-05-20T02:58:47.183+0000] {logging_mixin.py:188} INFO - [2024-05-20T02:58:47.183+0000] {dag.py:3096} INFO - Sync 1 DAGs
[2024-05-20T02:58:47.194+0000] {logging_mixin.py:188} INFO - [2024-05-20T02:58:47.194+0000] {dag.py:3954} INFO - Setting next_dagrun for example_sla_dag to 2024-05-20 02:56:00+00:00, run_after=2024-05-20 02:58:00+00:00
[2024-05-20T02:58:47.203+0000] {processor.py:183} INFO - Processing /home/airflow/.local/lib/python3.12/site-packages/airflow/example_dags/example_sla_dag.py took 0.040 seconds
[2024-05-20T02:59:18.000+0000] {processor.py:161} INFO - Started process (PID=914) to work on /home/airflow/.local/lib/python3.12/site-packages/airflow/example_dags/example_sla_dag.py
[2024-05-20T02:59:18.001+0000] {processor.py:830} INFO - Processing file /home/airflow/.local/lib/python3.12/site-packages/airflow/example_dags/example_sla_dag.py for tasks to queue
[2024-05-20T02:59:18.002+0000] {logging_mixin.py:188} INFO - [2024-05-20T02:59:18.002+0000] {dagbag.py:545} INFO - Filling up the DagBag from /home/airflow/.local/lib/python3.12/site-packages/airflow/example_dags/example_sla_dag.py
[2024-05-20T02:59:18.007+0000] {processor.py:840} INFO - DAG(s) 'example_sla_dag' retrieved from /home/airflow/.local/lib/python3.12/site-packages/airflow/example_dags/example_sla_dag.py
[2024-05-20T02:59:18.017+0000] {logging_mixin.py:188} INFO - [2024-05-20T02:59:18.016+0000] {dag.py:3096} INFO - Sync 1 DAGs
[2024-05-20T02:59:18.029+0000] {logging_mixin.py:188} INFO - [2024-05-20T02:59:18.029+0000] {dag.py:3954} INFO - Setting next_dagrun for example_sla_dag to 2024-05-20 02:56:00+00:00, run_after=2024-05-20 02:58:00+00:00
[2024-05-20T02:59:18.039+0000] {processor.py:183} INFO - Processing /home/airflow/.local/lib/python3.12/site-packages/airflow/example_dags/example_sla_dag.py took 0.041 seconds
[2024-05-20T02:59:48.825+0000] {processor.py:161} INFO - Started process (PID=972) to work on /home/airflow/.local/lib/python3.12/site-packages/airflow/example_dags/example_sla_dag.py
[2024-05-20T02:59:48.825+0000] {processor.py:830} INFO - Processing file /home/airflow/.local/lib/python3.12/site-packages/airflow/example_dags/example_sla_dag.py for tasks to queue
[2024-05-20T02:59:48.826+0000] {logging_mixin.py:188} INFO - [2024-05-20T02:59:48.826+0000] {dagbag.py:545} INFO - Filling up the DagBag from /home/airflow/.local/lib/python3.12/site-packages/airflow/example_dags/example_sla_dag.py
[2024-05-20T02:59:48.831+0000] {processor.py:840} INFO - DAG(s) 'example_sla_dag' retrieved from /home/airflow/.local/lib/python3.12/site-packages/airflow/example_dags/example_sla_dag.py
[2024-05-20T02:59:48.848+0000] {logging_mixin.py:188} INFO - [2024-05-20T02:59:48.847+0000] {dag.py:3096} INFO - Sync 1 DAGs
[2024-05-20T02:59:48.860+0000] {logging_mixin.py:188} INFO - [2024-05-20T02:59:48.860+0000] {dag.py:3954} INFO - Setting next_dagrun for example_sla_dag to 2024-05-20 02:56:00+00:00, run_after=2024-05-20 02:58:00+00:00
[2024-05-20T02:59:48.870+0000] {processor.py:183} INFO - Processing /home/airflow/.local/lib/python3.12/site-packages/airflow/example_dags/example_sla_dag.py took 0.049 seconds
[2024-05-20T03:00:19.675+0000] {processor.py:161} INFO - Started process (PID=1030) to work on /home/airflow/.local/lib/python3.12/site-packages/airflow/example_dags/example_sla_dag.py
[2024-05-20T03:00:19.676+0000] {processor.py:830} INFO - Processing file /home/airflow/.local/lib/python3.12/site-packages/airflow/example_dags/example_sla_dag.py for tasks to queue
[2024-05-20T03:00:19.677+0000] {logging_mixin.py:188} INFO - [2024-05-20T03:00:19.677+0000] {dagbag.py:545} INFO - Filling up the DagBag from /home/airflow/.local/lib/python3.12/site-packages/airflow/example_dags/example_sla_dag.py
[2024-05-20T03:00:19.681+0000] {processor.py:840} INFO - DAG(s) 'example_sla_dag' retrieved from /home/airflow/.local/lib/python3.12/site-packages/airflow/example_dags/example_sla_dag.py
[2024-05-20T03:00:19.691+0000] {logging_mixin.py:188} INFO - [2024-05-20T03:00:19.691+0000] {dag.py:3096} INFO - Sync 1 DAGs
[2024-05-20T03:00:19.701+0000] {logging_mixin.py:188} INFO - [2024-05-20T03:00:19.701+0000] {dag.py:3954} INFO - Setting next_dagrun for example_sla_dag to 2024-05-20 02:58:00+00:00, run_after=2024-05-20 03:00:00+00:00
[2024-05-20T03:00:19.710+0000] {processor.py:183} INFO - Processing /home/airflow/.local/lib/python3.12/site-packages/airflow/example_dags/example_sla_dag.py took 0.038 seconds
[2024-05-20T03:00:50.297+0000] {processor.py:161} INFO - Started process (PID=1088) to work on /home/airflow/.local/lib/python3.12/site-packages/airflow/example_dags/example_sla_dag.py
[2024-05-20T03:00:50.298+0000] {processor.py:830} INFO - Processing file /home/airflow/.local/lib/python3.12/site-packages/airflow/example_dags/example_sla_dag.py for tasks to queue
[2024-05-20T03:00:50.299+0000] {logging_mixin.py:188} INFO - [2024-05-20T03:00:50.299+0000] {dagbag.py:545} INFO - Filling up the DagBag from /home/airflow/.local/lib/python3.12/site-packages/airflow/example_dags/example_sla_dag.py
[2024-05-20T03:00:50.304+0000] {processor.py:840} INFO - DAG(s) 'example_sla_dag' retrieved from /home/airflow/.local/lib/python3.12/site-packages/airflow/example_dags/example_sla_dag.py
[2024-05-20T03:00:50.314+0000] {logging_mixin.py:188} INFO - [2024-05-20T03:00:50.314+0000] {dag.py:3096} INFO - Sync 1 DAGs
[2024-05-20T03:00:50.325+0000] {logging_mixin.py:188} INFO - [2024-05-20T03:00:50.324+0000] {dag.py:3954} INFO - Setting next_dagrun for example_sla_dag to 2024-05-20 02:58:00+00:00, run_after=2024-05-20 03:00:00+00:00
[2024-05-20T03:00:50.336+0000] {processor.py:183} INFO - Processing /home/airflow/.local/lib/python3.12/site-packages/airflow/example_dags/example_sla_dag.py took 0.042 seconds
[2024-05-20T03:01:20.493+0000] {processor.py:161} INFO - Started process (PID=1146) to work on /home/airflow/.local/lib/python3.12/site-packages/airflow/example_dags/example_sla_dag.py
[2024-05-20T03:01:20.493+0000] {processor.py:830} INFO - Processing file /home/airflow/.local/lib/python3.12/site-packages/airflow/example_dags/example_sla_dag.py for tasks to queue
[2024-05-20T03:01:20.494+0000] {logging_mixin.py:188} INFO - [2024-05-20T03:01:20.494+0000] {dagbag.py:545} INFO - Filling up the DagBag from /home/airflow/.local/lib/python3.12/site-packages/airflow/example_dags/example_sla_dag.py
[2024-05-20T03:01:20.499+0000] {processor.py:840} INFO - DAG(s) 'example_sla_dag' retrieved from /home/airflow/.local/lib/python3.12/site-packages/airflow/example_dags/example_sla_dag.py
[2024-05-20T03:01:20.509+0000] {logging_mixin.py:188} INFO - [2024-05-20T03:01:20.509+0000] {dag.py:3096} INFO - Sync 1 DAGs
[2024-05-20T03:01:20.520+0000] {logging_mixin.py:188} INFO - [2024-05-20T03:01:20.520+0000] {dag.py:3954} INFO - Setting next_dagrun for example_sla_dag to 2024-05-20 02:58:00+00:00, run_after=2024-05-20 03:00:00+00:00
[2024-05-20T03:01:20.530+0000] {processor.py:183} INFO - Processing /home/airflow/.local/lib/python3.12/site-packages/airflow/example_dags/example_sla_dag.py took 0.040 seconds
[2024-05-20T03:01:51.230+0000] {processor.py:161} INFO - Started process (PID=1204) to work on /home/airflow/.local/lib/python3.12/site-packages/airflow/example_dags/example_sla_dag.py
[2024-05-20T03:01:51.230+0000] {processor.py:830} INFO - Processing file /home/airflow/.local/lib/python3.12/site-packages/airflow/example_dags/example_sla_dag.py for tasks to queue
[2024-05-20T03:01:51.232+0000] {logging_mixin.py:188} INFO - [2024-05-20T03:01:51.231+0000] {dagbag.py:545} INFO - Filling up the DagBag from /home/airflow/.local/lib/python3.12/site-packages/airflow/example_dags/example_sla_dag.py
[2024-05-20T03:01:51.236+0000] {processor.py:840} INFO - DAG(s) 'example_sla_dag' retrieved from /home/airflow/.local/lib/python3.12/site-packages/airflow/example_dags/example_sla_dag.py
[2024-05-20T03:01:51.246+0000] {logging_mixin.py:188} INFO - [2024-05-20T03:01:51.246+0000] {dag.py:3096} INFO - Sync 1 DAGs
[2024-05-20T03:01:51.257+0000] {logging_mixin.py:188} INFO - [2024-05-20T03:01:51.257+0000] {dag.py:3954} INFO - Setting next_dagrun for example_sla_dag to 2024-05-20 02:58:00+00:00, run_after=2024-05-20 03:00:00+00:00
[2024-05-20T03:01:51.265+0000] {processor.py:183} INFO - Processing /home/airflow/.local/lib/python3.12/site-packages/airflow/example_dags/example_sla_dag.py took 0.039 seconds
[2024-05-20T03:02:22.001+0000] {processor.py:161} INFO - Started process (PID=1262) to work on /home/airflow/.local/lib/python3.12/site-packages/airflow/example_dags/example_sla_dag.py
[2024-05-20T03:02:22.002+0000] {processor.py:830} INFO - Processing file /home/airflow/.local/lib/python3.12/site-packages/airflow/example_dags/example_sla_dag.py for tasks to queue
[2024-05-20T03:02:22.003+0000] {logging_mixin.py:188} INFO - [2024-05-20T03:02:22.003+0000] {dagbag.py:545} INFO - Filling up the DagBag from /home/airflow/.local/lib/python3.12/site-packages/airflow/example_dags/example_sla_dag.py
[2024-05-20T03:02:22.008+0000] {processor.py:840} INFO - DAG(s) 'example_sla_dag' retrieved from /home/airflow/.local/lib/python3.12/site-packages/airflow/example_dags/example_sla_dag.py
[2024-05-20T03:02:22.019+0000] {logging_mixin.py:188} INFO - [2024-05-20T03:02:22.019+0000] {dag.py:3096} INFO - Sync 1 DAGs
[2024-05-20T03:02:22.031+0000] {logging_mixin.py:188} INFO - [2024-05-20T03:02:22.031+0000] {dag.py:3954} INFO - Setting next_dagrun for example_sla_dag to 2024-05-20 03:00:00+00:00, run_after=2024-05-20 03:02:00+00:00
[2024-05-20T03:02:22.040+0000] {processor.py:183} INFO - Processing /home/airflow/.local/lib/python3.12/site-packages/airflow/example_dags/example_sla_dag.py took 0.042 seconds
[2024-05-20T03:02:52.088+0000] {processor.py:161} INFO - Started process (PID=1320) to work on /home/airflow/.local/lib/python3.12/site-packages/airflow/example_dags/example_sla_dag.py
[2024-05-20T03:02:52.089+0000] {processor.py:830} INFO - Processing file /home/airflow/.local/lib/python3.12/site-packages/airflow/example_dags/example_sla_dag.py for tasks to queue
[2024-05-20T03:02:52.090+0000] {logging_mixin.py:188} INFO - [2024-05-20T03:02:52.090+0000] {dagbag.py:545} INFO - Filling up the DagBag from /home/airflow/.local/lib/python3.12/site-packages/airflow/example_dags/example_sla_dag.py
[2024-05-20T03:02:52.094+0000] {processor.py:840} INFO - DAG(s) 'example_sla_dag' retrieved from /home/airflow/.local/lib/python3.12/site-packages/airflow/example_dags/example_sla_dag.py
[2024-05-20T03:02:52.105+0000] {logging_mixin.py:188} INFO - [2024-05-20T03:02:52.105+0000] {dag.py:3096} INFO - Sync 1 DAGs
[2024-05-20T03:02:52.116+0000] {logging_mixin.py:188} INFO - [2024-05-20T03:02:52.115+0000] {dag.py:3954} INFO - Setting next_dagrun for example_sla_dag to 2024-05-20 03:00:00+00:00, run_after=2024-05-20 03:02:00+00:00
[2024-05-20T03:02:52.124+0000] {processor.py:183} INFO - Processing /home/airflow/.local/lib/python3.12/site-packages/airflow/example_dags/example_sla_dag.py took 0.039 seconds
[2024-05-20T03:03:22.259+0000] {processor.py:161} INFO - Started process (PID=1378) to work on /home/airflow/.local/lib/python3.12/site-packages/airflow/example_dags/example_sla_dag.py
[2024-05-20T03:03:22.259+0000] {processor.py:830} INFO - Processing file /home/airflow/.local/lib/python3.12/site-packages/airflow/example_dags/example_sla_dag.py for tasks to queue
[2024-05-20T03:03:22.260+0000] {logging_mixin.py:188} INFO - [2024-05-20T03:03:22.260+0000] {dagbag.py:545} INFO - Filling up the DagBag from /home/airflow/.local/lib/python3.12/site-packages/airflow/example_dags/example_sla_dag.py
[2024-05-20T03:03:22.264+0000] {processor.py:840} INFO - DAG(s) 'example_sla_dag' retrieved from /home/airflow/.local/lib/python3.12/site-packages/airflow/example_dags/example_sla_dag.py
[2024-05-20T03:03:22.274+0000] {logging_mixin.py:188} INFO - [2024-05-20T03:03:22.273+0000] {dag.py:3096} INFO - Sync 1 DAGs
[2024-05-20T03:03:22.286+0000] {logging_mixin.py:188} INFO - [2024-05-20T03:03:22.286+0000] {dag.py:3954} INFO - Setting next_dagrun for example_sla_dag to 2024-05-20 03:00:00+00:00, run_after=2024-05-20 03:02:00+00:00
[2024-05-20T03:03:22.294+0000] {processor.py:183} INFO - Processing /home/airflow/.local/lib/python3.12/site-packages/airflow/example_dags/example_sla_dag.py took 0.038 seconds
[2024-05-20T03:04:13.096+0000] {processor.py:161} INFO - Started process (PID=43) to work on /home/airflow/.local/lib/python3.12/site-packages/airflow/example_dags/example_sla_dag.py
[2024-05-20T03:04:13.097+0000] {processor.py:830} INFO - Processing file /home/airflow/.local/lib/python3.12/site-packages/airflow/example_dags/example_sla_dag.py for tasks to queue
[2024-05-20T03:04:13.098+0000] {logging_mixin.py:188} INFO - [2024-05-20T03:04:13.098+0000] {dagbag.py:545} INFO - Filling up the DagBag from /home/airflow/.local/lib/python3.12/site-packages/airflow/example_dags/example_sla_dag.py
[2024-05-20T03:04:13.106+0000] {processor.py:840} INFO - DAG(s) 'example_sla_dag' retrieved from /home/airflow/.local/lib/python3.12/site-packages/airflow/example_dags/example_sla_dag.py
[2024-05-20T03:04:13.113+0000] {logging_mixin.py:188} INFO - [2024-05-20T03:04:13.113+0000] {dag.py:3096} INFO - Sync 1 DAGs
[2024-05-20T03:04:13.127+0000] {logging_mixin.py:188} INFO - [2024-05-20T03:04:13.127+0000] {dag.py:3954} INFO - Setting next_dagrun for example_sla_dag to 2024-05-20 03:02:00+00:00, run_after=2024-05-20 03:04:00+00:00
[2024-05-20T03:04:13.138+0000] {processor.py:183} INFO - Processing /home/airflow/.local/lib/python3.12/site-packages/airflow/example_dags/example_sla_dag.py took 0.045 seconds
[2024-05-20T03:04:43.552+0000] {processor.py:161} INFO - Started process (PID=101) to work on /home/airflow/.local/lib/python3.12/site-packages/airflow/example_dags/example_sla_dag.py
[2024-05-20T03:04:43.554+0000] {processor.py:830} INFO - Processing file /home/airflow/.local/lib/python3.12/site-packages/airflow/example_dags/example_sla_dag.py for tasks to queue
[2024-05-20T03:04:43.557+0000] {logging_mixin.py:188} INFO - [2024-05-20T03:04:43.557+0000] {dagbag.py:545} INFO - Filling up the DagBag from /home/airflow/.local/lib/python3.12/site-packages/airflow/example_dags/example_sla_dag.py
[2024-05-20T03:04:43.581+0000] {processor.py:840} INFO - DAG(s) 'example_sla_dag' retrieved from /home/airflow/.local/lib/python3.12/site-packages/airflow/example_dags/example_sla_dag.py
[2024-05-20T03:04:43.639+0000] {logging_mixin.py:188} INFO - [2024-05-20T03:04:43.639+0000] {dag.py:3096} INFO - Sync 1 DAGs
[2024-05-20T03:04:43.650+0000] {logging_mixin.py:188} INFO - [2024-05-20T03:04:43.650+0000] {dag.py:3954} INFO - Setting next_dagrun for example_sla_dag to 2024-05-20 03:02:00+00:00, run_after=2024-05-20 03:04:00+00:00
[2024-05-20T03:04:43.659+0000] {processor.py:183} INFO - Processing /home/airflow/.local/lib/python3.12/site-packages/airflow/example_dags/example_sla_dag.py took 0.110 seconds
[2024-05-20T03:05:13.874+0000] {processor.py:161} INFO - Started process (PID=158) to work on /home/airflow/.local/lib/python3.12/site-packages/airflow/example_dags/example_sla_dag.py
[2024-05-20T03:05:13.875+0000] {processor.py:830} INFO - Processing file /home/airflow/.local/lib/python3.12/site-packages/airflow/example_dags/example_sla_dag.py for tasks to queue
[2024-05-20T03:05:13.876+0000] {logging_mixin.py:188} INFO - [2024-05-20T03:05:13.875+0000] {dagbag.py:545} INFO - Filling up the DagBag from /home/airflow/.local/lib/python3.12/site-packages/airflow/example_dags/example_sla_dag.py
[2024-05-20T03:05:13.880+0000] {processor.py:840} INFO - DAG(s) 'example_sla_dag' retrieved from /home/airflow/.local/lib/python3.12/site-packages/airflow/example_dags/example_sla_dag.py
[2024-05-20T03:05:13.890+0000] {logging_mixin.py:188} INFO - [2024-05-20T03:05:13.890+0000] {dag.py:3096} INFO - Sync 1 DAGs
[2024-05-20T03:05:13.901+0000] {logging_mixin.py:188} INFO - [2024-05-20T03:05:13.901+0000] {dag.py:3954} INFO - Setting next_dagrun for example_sla_dag to 2024-05-20 03:02:00+00:00, run_after=2024-05-20 03:04:00+00:00
[2024-05-20T03:05:13.909+0000] {processor.py:183} INFO - Processing /home/airflow/.local/lib/python3.12/site-packages/airflow/example_dags/example_sla_dag.py took 0.038 seconds
[2024-05-20T03:05:44.523+0000] {processor.py:161} INFO - Started process (PID=216) to work on /home/airflow/.local/lib/python3.12/site-packages/airflow/example_dags/example_sla_dag.py
[2024-05-20T03:05:44.524+0000] {processor.py:830} INFO - Processing file /home/airflow/.local/lib/python3.12/site-packages/airflow/example_dags/example_sla_dag.py for tasks to queue
[2024-05-20T03:05:44.525+0000] {logging_mixin.py:188} INFO - [2024-05-20T03:05:44.525+0000] {dagbag.py:545} INFO - Filling up the DagBag from /home/airflow/.local/lib/python3.12/site-packages/airflow/example_dags/example_sla_dag.py
[2024-05-20T03:05:44.530+0000] {processor.py:840} INFO - DAG(s) 'example_sla_dag' retrieved from /home/airflow/.local/lib/python3.12/site-packages/airflow/example_dags/example_sla_dag.py
[2024-05-20T03:05:44.541+0000] {logging_mixin.py:188} INFO - [2024-05-20T03:05:44.540+0000] {dag.py:3096} INFO - Sync 1 DAGs
[2024-05-20T03:05:44.553+0000] {logging_mixin.py:188} INFO - [2024-05-20T03:05:44.553+0000] {dag.py:3954} INFO - Setting next_dagrun for example_sla_dag to 2024-05-20 03:02:00+00:00, run_after=2024-05-20 03:04:00+00:00
[2024-05-20T03:05:44.562+0000] {processor.py:183} INFO - Processing /home/airflow/.local/lib/python3.12/site-packages/airflow/example_dags/example_sla_dag.py took 0.042 seconds
[2024-05-20T03:06:15.244+0000] {processor.py:161} INFO - Started process (PID=273) to work on /home/airflow/.local/lib/python3.12/site-packages/airflow/example_dags/example_sla_dag.py
[2024-05-20T03:06:15.245+0000] {processor.py:830} INFO - Processing file /home/airflow/.local/lib/python3.12/site-packages/airflow/example_dags/example_sla_dag.py for tasks to queue
[2024-05-20T03:06:15.246+0000] {logging_mixin.py:188} INFO - [2024-05-20T03:06:15.246+0000] {dagbag.py:545} INFO - Filling up the DagBag from /home/airflow/.local/lib/python3.12/site-packages/airflow/example_dags/example_sla_dag.py
[2024-05-20T03:06:15.251+0000] {processor.py:840} INFO - DAG(s) 'example_sla_dag' retrieved from /home/airflow/.local/lib/python3.12/site-packages/airflow/example_dags/example_sla_dag.py
[2024-05-20T03:06:15.261+0000] {logging_mixin.py:188} INFO - [2024-05-20T03:06:15.260+0000] {dag.py:3096} INFO - Sync 1 DAGs
[2024-05-20T03:06:15.271+0000] {logging_mixin.py:188} INFO - [2024-05-20T03:06:15.271+0000] {dag.py:3954} INFO - Setting next_dagrun for example_sla_dag to 2024-05-20 03:04:00+00:00, run_after=2024-05-20 03:06:00+00:00
[2024-05-20T03:06:15.279+0000] {processor.py:183} INFO - Processing /home/airflow/.local/lib/python3.12/site-packages/airflow/example_dags/example_sla_dag.py took 0.038 seconds
[2024-05-20T03:06:45.950+0000] {processor.py:161} INFO - Started process (PID=331) to work on /home/airflow/.local/lib/python3.12/site-packages/airflow/example_dags/example_sla_dag.py
[2024-05-20T03:06:45.951+0000] {processor.py:830} INFO - Processing file /home/airflow/.local/lib/python3.12/site-packages/airflow/example_dags/example_sla_dag.py for tasks to queue
[2024-05-20T03:06:45.952+0000] {logging_mixin.py:188} INFO - [2024-05-20T03:06:45.951+0000] {dagbag.py:545} INFO - Filling up the DagBag from /home/airflow/.local/lib/python3.12/site-packages/airflow/example_dags/example_sla_dag.py
[2024-05-20T03:06:45.956+0000] {processor.py:840} INFO - DAG(s) 'example_sla_dag' retrieved from /home/airflow/.local/lib/python3.12/site-packages/airflow/example_dags/example_sla_dag.py
[2024-05-20T03:06:45.965+0000] {logging_mixin.py:188} INFO - [2024-05-20T03:06:45.965+0000] {dag.py:3096} INFO - Sync 1 DAGs
[2024-05-20T03:06:45.976+0000] {logging_mixin.py:188} INFO - [2024-05-20T03:06:45.976+0000] {dag.py:3954} INFO - Setting next_dagrun for example_sla_dag to 2024-05-20 03:04:00+00:00, run_after=2024-05-20 03:06:00+00:00
[2024-05-20T03:06:45.984+0000] {processor.py:183} INFO - Processing /home/airflow/.local/lib/python3.12/site-packages/airflow/example_dags/example_sla_dag.py took 0.038 seconds
[2024-05-20T03:07:16.628+0000] {processor.py:161} INFO - Started process (PID=389) to work on /home/airflow/.local/lib/python3.12/site-packages/airflow/example_dags/example_sla_dag.py
[2024-05-20T03:07:16.628+0000] {processor.py:830} INFO - Processing file /home/airflow/.local/lib/python3.12/site-packages/airflow/example_dags/example_sla_dag.py for tasks to queue
[2024-05-20T03:07:16.629+0000] {logging_mixin.py:188} INFO - [2024-05-20T03:07:16.629+0000] {dagbag.py:545} INFO - Filling up the DagBag from /home/airflow/.local/lib/python3.12/site-packages/airflow/example_dags/example_sla_dag.py
[2024-05-20T03:07:16.634+0000] {processor.py:840} INFO - DAG(s) 'example_sla_dag' retrieved from /home/airflow/.local/lib/python3.12/site-packages/airflow/example_dags/example_sla_dag.py
[2024-05-20T03:07:16.643+0000] {logging_mixin.py:188} INFO - [2024-05-20T03:07:16.643+0000] {dag.py:3096} INFO - Sync 1 DAGs
[2024-05-20T03:07:16.653+0000] {logging_mixin.py:188} INFO - [2024-05-20T03:07:16.653+0000] {dag.py:3954} INFO - Setting next_dagrun for example_sla_dag to 2024-05-20 03:04:00+00:00, run_after=2024-05-20 03:06:00+00:00
[2024-05-20T03:07:16.662+0000] {processor.py:183} INFO - Processing /home/airflow/.local/lib/python3.12/site-packages/airflow/example_dags/example_sla_dag.py took 0.036 seconds
[2024-05-20T03:07:58.777+0000] {processor.py:161} INFO - Started process (PID=44) to work on /home/airflow/.local/lib/python3.12/site-packages/airflow/example_dags/example_sla_dag.py
[2024-05-20T03:07:58.777+0000] {processor.py:830} INFO - Processing file /home/airflow/.local/lib/python3.12/site-packages/airflow/example_dags/example_sla_dag.py for tasks to queue
[2024-05-20T03:07:58.779+0000] {logging_mixin.py:188} INFO - [2024-05-20T03:07:58.778+0000] {dagbag.py:545} INFO - Filling up the DagBag from /home/airflow/.local/lib/python3.12/site-packages/airflow/example_dags/example_sla_dag.py
[2024-05-20T03:07:58.785+0000] {processor.py:840} INFO - DAG(s) 'example_sla_dag' retrieved from /home/airflow/.local/lib/python3.12/site-packages/airflow/example_dags/example_sla_dag.py
[2024-05-20T03:07:58.794+0000] {logging_mixin.py:188} INFO - [2024-05-20T03:07:58.794+0000] {dag.py:3096} INFO - Sync 1 DAGs
[2024-05-20T03:07:58.811+0000] {logging_mixin.py:188} INFO - [2024-05-20T03:07:58.811+0000] {dag.py:3954} INFO - Setting next_dagrun for example_sla_dag to 2024-05-20 03:04:00+00:00, run_after=2024-05-20 03:06:00+00:00
[2024-05-20T03:07:58.823+0000] {processor.py:183} INFO - Processing /home/airflow/.local/lib/python3.12/site-packages/airflow/example_dags/example_sla_dag.py took 0.050 seconds
[2024-05-20T03:08:30.039+0000] {processor.py:161} INFO - Started process (PID=102) to work on /home/airflow/.local/lib/python3.12/site-packages/airflow/example_dags/example_sla_dag.py
[2024-05-20T03:08:30.040+0000] {processor.py:830} INFO - Processing file /home/airflow/.local/lib/python3.12/site-packages/airflow/example_dags/example_sla_dag.py for tasks to queue
[2024-05-20T03:08:30.041+0000] {logging_mixin.py:188} INFO - [2024-05-20T03:08:30.041+0000] {dagbag.py:545} INFO - Filling up the DagBag from /home/airflow/.local/lib/python3.12/site-packages/airflow/example_dags/example_sla_dag.py
[2024-05-20T03:08:30.045+0000] {processor.py:840} INFO - DAG(s) 'example_sla_dag' retrieved from /home/airflow/.local/lib/python3.12/site-packages/airflow/example_dags/example_sla_dag.py
[2024-05-20T03:08:30.090+0000] {logging_mixin.py:188} INFO - [2024-05-20T03:08:30.090+0000] {dag.py:3096} INFO - Sync 1 DAGs
[2024-05-20T03:08:30.099+0000] {logging_mixin.py:188} INFO - [2024-05-20T03:08:30.099+0000] {dag.py:3954} INFO - Setting next_dagrun for example_sla_dag to 2024-05-20 03:06:00+00:00, run_after=2024-05-20 03:08:00+00:00
[2024-05-20T03:08:30.107+0000] {processor.py:183} INFO - Processing /home/airflow/.local/lib/python3.12/site-packages/airflow/example_dags/example_sla_dag.py took 0.071 seconds
[2024-05-20T03:09:00.355+0000] {processor.py:161} INFO - Started process (PID=160) to work on /home/airflow/.local/lib/python3.12/site-packages/airflow/example_dags/example_sla_dag.py
[2024-05-20T03:09:00.356+0000] {processor.py:830} INFO - Processing file /home/airflow/.local/lib/python3.12/site-packages/airflow/example_dags/example_sla_dag.py for tasks to queue
[2024-05-20T03:09:00.357+0000] {logging_mixin.py:188} INFO - [2024-05-20T03:09:00.357+0000] {dagbag.py:545} INFO - Filling up the DagBag from /home/airflow/.local/lib/python3.12/site-packages/airflow/example_dags/example_sla_dag.py
[2024-05-20T03:09:00.361+0000] {processor.py:840} INFO - DAG(s) 'example_sla_dag' retrieved from /home/airflow/.local/lib/python3.12/site-packages/airflow/example_dags/example_sla_dag.py
[2024-05-20T03:09:00.372+0000] {logging_mixin.py:188} INFO - [2024-05-20T03:09:00.371+0000] {dag.py:3096} INFO - Sync 1 DAGs
[2024-05-20T03:09:00.383+0000] {logging_mixin.py:188} INFO - [2024-05-20T03:09:00.383+0000] {dag.py:3954} INFO - Setting next_dagrun for example_sla_dag to 2024-05-20 03:06:00+00:00, run_after=2024-05-20 03:08:00+00:00
[2024-05-20T03:09:00.391+0000] {processor.py:183} INFO - Processing /home/airflow/.local/lib/python3.12/site-packages/airflow/example_dags/example_sla_dag.py took 0.039 seconds
