[2024-05-20T02:51:41.293+0000] {processor.py:161} INFO - Started process (PID=61) to work on /home/airflow/.local/lib/python3.12/site-packages/airflow/example_dags/example_sensor_decorator.py
[2024-05-20T02:51:41.294+0000] {processor.py:830} INFO - Processing file /home/airflow/.local/lib/python3.12/site-packages/airflow/example_dags/example_sensor_decorator.py for tasks to queue
[2024-05-20T02:51:41.296+0000] {logging_mixin.py:188} INFO - [2024-05-20T02:51:41.295+0000] {dagbag.py:545} INFO - Filling up the DagBag from /home/airflow/.local/lib/python3.12/site-packages/airflow/example_dags/example_sensor_decorator.py
[2024-05-20T02:51:41.306+0000] {processor.py:840} INFO - DAG(s) 'example_sensor_decorator' retrieved from /home/airflow/.local/lib/python3.12/site-packages/airflow/example_dags/example_sensor_decorator.py
[2024-05-20T02:51:41.321+0000] {logging_mixin.py:188} INFO - [2024-05-20T02:51:41.321+0000] {dag.py:3096} INFO - Sync 1 DAGs
[2024-05-20T02:51:41.332+0000] {logging_mixin.py:188} INFO - [2024-05-20T02:51:41.332+0000] {dag.py:3954} INFO - Setting next_dagrun for example_sensor_decorator to None, run_after=None
[2024-05-20T02:51:41.346+0000] {processor.py:183} INFO - Processing /home/airflow/.local/lib/python3.12/site-packages/airflow/example_dags/example_sensor_decorator.py took 0.059 seconds
[2024-05-20T02:52:11.598+0000] {processor.py:161} INFO - Started process (PID=119) to work on /home/airflow/.local/lib/python3.12/site-packages/airflow/example_dags/example_sensor_decorator.py
[2024-05-20T02:52:11.598+0000] {processor.py:830} INFO - Processing file /home/airflow/.local/lib/python3.12/site-packages/airflow/example_dags/example_sensor_decorator.py for tasks to queue
[2024-05-20T02:52:11.600+0000] {logging_mixin.py:188} INFO - [2024-05-20T02:52:11.599+0000] {dagbag.py:545} INFO - Filling up the DagBag from /home/airflow/.local/lib/python3.12/site-packages/airflow/example_dags/example_sensor_decorator.py
[2024-05-20T02:52:11.603+0000] {processor.py:840} INFO - DAG(s) 'example_sensor_decorator' retrieved from /home/airflow/.local/lib/python3.12/site-packages/airflow/example_dags/example_sensor_decorator.py
[2024-05-20T02:52:11.649+0000] {logging_mixin.py:188} INFO - [2024-05-20T02:52:11.649+0000] {dag.py:3096} INFO - Sync 1 DAGs
[2024-05-20T02:52:11.654+0000] {logging_mixin.py:188} INFO - [2024-05-20T02:52:11.653+0000] {dag.py:3954} INFO - Setting next_dagrun for example_sensor_decorator to None, run_after=None
[2024-05-20T02:52:11.661+0000] {processor.py:183} INFO - Processing /home/airflow/.local/lib/python3.12/site-packages/airflow/example_dags/example_sensor_decorator.py took 0.067 seconds
[2024-05-20T02:52:42.678+0000] {processor.py:161} INFO - Started process (PID=177) to work on /home/airflow/.local/lib/python3.12/site-packages/airflow/example_dags/example_sensor_decorator.py
[2024-05-20T02:52:42.679+0000] {processor.py:830} INFO - Processing file /home/airflow/.local/lib/python3.12/site-packages/airflow/example_dags/example_sensor_decorator.py for tasks to queue
[2024-05-20T02:52:42.681+0000] {logging_mixin.py:188} INFO - [2024-05-20T02:52:42.680+0000] {dagbag.py:545} INFO - Filling up the DagBag from /home/airflow/.local/lib/python3.12/site-packages/airflow/example_dags/example_sensor_decorator.py
[2024-05-20T02:52:42.686+0000] {processor.py:840} INFO - DAG(s) 'example_sensor_decorator' retrieved from /home/airflow/.local/lib/python3.12/site-packages/airflow/example_dags/example_sensor_decorator.py
[2024-05-20T02:52:42.698+0000] {logging_mixin.py:188} INFO - [2024-05-20T02:52:42.698+0000] {dag.py:3096} INFO - Sync 1 DAGs
[2024-05-20T02:52:42.705+0000] {logging_mixin.py:188} INFO - [2024-05-20T02:52:42.705+0000] {dag.py:3954} INFO - Setting next_dagrun for example_sensor_decorator to None, run_after=None
[2024-05-20T02:52:42.722+0000] {processor.py:183} INFO - Processing /home/airflow/.local/lib/python3.12/site-packages/airflow/example_dags/example_sensor_decorator.py took 0.047 seconds
[2024-05-20T02:53:12.828+0000] {processor.py:161} INFO - Started process (PID=235) to work on /home/airflow/.local/lib/python3.12/site-packages/airflow/example_dags/example_sensor_decorator.py
[2024-05-20T02:53:12.829+0000] {processor.py:830} INFO - Processing file /home/airflow/.local/lib/python3.12/site-packages/airflow/example_dags/example_sensor_decorator.py for tasks to queue
[2024-05-20T02:53:12.830+0000] {logging_mixin.py:188} INFO - [2024-05-20T02:53:12.830+0000] {dagbag.py:545} INFO - Filling up the DagBag from /home/airflow/.local/lib/python3.12/site-packages/airflow/example_dags/example_sensor_decorator.py
[2024-05-20T02:53:12.834+0000] {processor.py:840} INFO - DAG(s) 'example_sensor_decorator' retrieved from /home/airflow/.local/lib/python3.12/site-packages/airflow/example_dags/example_sensor_decorator.py
[2024-05-20T02:53:12.847+0000] {logging_mixin.py:188} INFO - [2024-05-20T02:53:12.847+0000] {dag.py:3096} INFO - Sync 1 DAGs
[2024-05-20T02:53:12.854+0000] {logging_mixin.py:188} INFO - [2024-05-20T02:53:12.854+0000] {dag.py:3954} INFO - Setting next_dagrun for example_sensor_decorator to None, run_after=None
[2024-05-20T02:53:12.864+0000] {processor.py:183} INFO - Processing /home/airflow/.local/lib/python3.12/site-packages/airflow/example_dags/example_sensor_decorator.py took 0.039 seconds
[2024-05-20T02:53:43.866+0000] {processor.py:161} INFO - Started process (PID=293) to work on /home/airflow/.local/lib/python3.12/site-packages/airflow/example_dags/example_sensor_decorator.py
[2024-05-20T02:53:43.868+0000] {processor.py:830} INFO - Processing file /home/airflow/.local/lib/python3.12/site-packages/airflow/example_dags/example_sensor_decorator.py for tasks to queue
[2024-05-20T02:53:43.869+0000] {logging_mixin.py:188} INFO - [2024-05-20T02:53:43.869+0000] {dagbag.py:545} INFO - Filling up the DagBag from /home/airflow/.local/lib/python3.12/site-packages/airflow/example_dags/example_sensor_decorator.py
[2024-05-20T02:53:43.875+0000] {processor.py:840} INFO - DAG(s) 'example_sensor_decorator' retrieved from /home/airflow/.local/lib/python3.12/site-packages/airflow/example_dags/example_sensor_decorator.py
[2024-05-20T02:53:43.886+0000] {logging_mixin.py:188} INFO - [2024-05-20T02:53:43.886+0000] {dag.py:3096} INFO - Sync 1 DAGs
[2024-05-20T02:53:43.892+0000] {logging_mixin.py:188} INFO - [2024-05-20T02:53:43.892+0000] {dag.py:3954} INFO - Setting next_dagrun for example_sensor_decorator to None, run_after=None
[2024-05-20T02:53:43.903+0000] {processor.py:183} INFO - Processing /home/airflow/.local/lib/python3.12/site-packages/airflow/example_dags/example_sensor_decorator.py took 0.042 seconds
[2024-05-20T02:54:14.540+0000] {processor.py:161} INFO - Started process (PID=351) to work on /home/airflow/.local/lib/python3.12/site-packages/airflow/example_dags/example_sensor_decorator.py
[2024-05-20T02:54:14.541+0000] {processor.py:830} INFO - Processing file /home/airflow/.local/lib/python3.12/site-packages/airflow/example_dags/example_sensor_decorator.py for tasks to queue
[2024-05-20T02:54:14.543+0000] {logging_mixin.py:188} INFO - [2024-05-20T02:54:14.543+0000] {dagbag.py:545} INFO - Filling up the DagBag from /home/airflow/.local/lib/python3.12/site-packages/airflow/example_dags/example_sensor_decorator.py
[2024-05-20T02:54:14.550+0000] {processor.py:840} INFO - DAG(s) 'example_sensor_decorator' retrieved from /home/airflow/.local/lib/python3.12/site-packages/airflow/example_dags/example_sensor_decorator.py
[2024-05-20T02:54:14.567+0000] {logging_mixin.py:188} INFO - [2024-05-20T02:54:14.567+0000] {dag.py:3096} INFO - Sync 1 DAGs
[2024-05-20T02:54:14.574+0000] {logging_mixin.py:188} INFO - [2024-05-20T02:54:14.574+0000] {dag.py:3954} INFO - Setting next_dagrun for example_sensor_decorator to None, run_after=None
[2024-05-20T02:54:14.585+0000] {processor.py:183} INFO - Processing /home/airflow/.local/lib/python3.12/site-packages/airflow/example_dags/example_sensor_decorator.py took 0.050 seconds
[2024-05-20T02:54:45.289+0000] {processor.py:161} INFO - Started process (PID=409) to work on /home/airflow/.local/lib/python3.12/site-packages/airflow/example_dags/example_sensor_decorator.py
[2024-05-20T02:54:45.290+0000] {processor.py:830} INFO - Processing file /home/airflow/.local/lib/python3.12/site-packages/airflow/example_dags/example_sensor_decorator.py for tasks to queue
[2024-05-20T02:54:45.291+0000] {logging_mixin.py:188} INFO - [2024-05-20T02:54:45.291+0000] {dagbag.py:545} INFO - Filling up the DagBag from /home/airflow/.local/lib/python3.12/site-packages/airflow/example_dags/example_sensor_decorator.py
[2024-05-20T02:54:45.296+0000] {processor.py:840} INFO - DAG(s) 'example_sensor_decorator' retrieved from /home/airflow/.local/lib/python3.12/site-packages/airflow/example_dags/example_sensor_decorator.py
[2024-05-20T02:54:45.311+0000] {logging_mixin.py:188} INFO - [2024-05-20T02:54:45.311+0000] {dag.py:3096} INFO - Sync 1 DAGs
[2024-05-20T02:54:45.319+0000] {logging_mixin.py:188} INFO - [2024-05-20T02:54:45.319+0000] {dag.py:3954} INFO - Setting next_dagrun for example_sensor_decorator to None, run_after=None
[2024-05-20T02:54:45.332+0000] {processor.py:183} INFO - Processing /home/airflow/.local/lib/python3.12/site-packages/airflow/example_dags/example_sensor_decorator.py took 0.046 seconds
[2024-05-20T02:55:16.074+0000] {processor.py:161} INFO - Started process (PID=467) to work on /home/airflow/.local/lib/python3.12/site-packages/airflow/example_dags/example_sensor_decorator.py
[2024-05-20T02:55:16.075+0000] {processor.py:830} INFO - Processing file /home/airflow/.local/lib/python3.12/site-packages/airflow/example_dags/example_sensor_decorator.py for tasks to queue
[2024-05-20T02:55:16.076+0000] {logging_mixin.py:188} INFO - [2024-05-20T02:55:16.076+0000] {dagbag.py:545} INFO - Filling up the DagBag from /home/airflow/.local/lib/python3.12/site-packages/airflow/example_dags/example_sensor_decorator.py
[2024-05-20T02:55:16.081+0000] {processor.py:840} INFO - DAG(s) 'example_sensor_decorator' retrieved from /home/airflow/.local/lib/python3.12/site-packages/airflow/example_dags/example_sensor_decorator.py
[2024-05-20T02:55:16.097+0000] {logging_mixin.py:188} INFO - [2024-05-20T02:55:16.097+0000] {dag.py:3096} INFO - Sync 1 DAGs
[2024-05-20T02:55:16.106+0000] {logging_mixin.py:188} INFO - [2024-05-20T02:55:16.105+0000] {dag.py:3954} INFO - Setting next_dagrun for example_sensor_decorator to None, run_after=None
[2024-05-20T02:55:16.118+0000] {processor.py:183} INFO - Processing /home/airflow/.local/lib/python3.12/site-packages/airflow/example_dags/example_sensor_decorator.py took 0.048 seconds
[2024-05-20T02:55:46.887+0000] {processor.py:161} INFO - Started process (PID=525) to work on /home/airflow/.local/lib/python3.12/site-packages/airflow/example_dags/example_sensor_decorator.py
[2024-05-20T02:55:46.888+0000] {processor.py:830} INFO - Processing file /home/airflow/.local/lib/python3.12/site-packages/airflow/example_dags/example_sensor_decorator.py for tasks to queue
[2024-05-20T02:55:46.889+0000] {logging_mixin.py:188} INFO - [2024-05-20T02:55:46.889+0000] {dagbag.py:545} INFO - Filling up the DagBag from /home/airflow/.local/lib/python3.12/site-packages/airflow/example_dags/example_sensor_decorator.py
[2024-05-20T02:55:46.893+0000] {processor.py:840} INFO - DAG(s) 'example_sensor_decorator' retrieved from /home/airflow/.local/lib/python3.12/site-packages/airflow/example_dags/example_sensor_decorator.py
[2024-05-20T02:55:46.905+0000] {logging_mixin.py:188} INFO - [2024-05-20T02:55:46.905+0000] {dag.py:3096} INFO - Sync 1 DAGs
[2024-05-20T02:55:46.912+0000] {logging_mixin.py:188} INFO - [2024-05-20T02:55:46.912+0000] {dag.py:3954} INFO - Setting next_dagrun for example_sensor_decorator to None, run_after=None
[2024-05-20T02:55:46.924+0000] {processor.py:183} INFO - Processing /home/airflow/.local/lib/python3.12/site-packages/airflow/example_dags/example_sensor_decorator.py took 0.040 seconds
[2024-05-20T02:56:17.141+0000] {processor.py:161} INFO - Started process (PID=583) to work on /home/airflow/.local/lib/python3.12/site-packages/airflow/example_dags/example_sensor_decorator.py
[2024-05-20T02:56:17.142+0000] {processor.py:830} INFO - Processing file /home/airflow/.local/lib/python3.12/site-packages/airflow/example_dags/example_sensor_decorator.py for tasks to queue
[2024-05-20T02:56:17.143+0000] {logging_mixin.py:188} INFO - [2024-05-20T02:56:17.143+0000] {dagbag.py:545} INFO - Filling up the DagBag from /home/airflow/.local/lib/python3.12/site-packages/airflow/example_dags/example_sensor_decorator.py
[2024-05-20T02:56:17.148+0000] {processor.py:840} INFO - DAG(s) 'example_sensor_decorator' retrieved from /home/airflow/.local/lib/python3.12/site-packages/airflow/example_dags/example_sensor_decorator.py
[2024-05-20T02:56:17.165+0000] {logging_mixin.py:188} INFO - [2024-05-20T02:56:17.164+0000] {dag.py:3096} INFO - Sync 1 DAGs
[2024-05-20T02:56:17.175+0000] {logging_mixin.py:188} INFO - [2024-05-20T02:56:17.174+0000] {dag.py:3954} INFO - Setting next_dagrun for example_sensor_decorator to None, run_after=None
[2024-05-20T02:56:17.203+0000] {processor.py:183} INFO - Processing /home/airflow/.local/lib/python3.12/site-packages/airflow/example_dags/example_sensor_decorator.py took 0.065 seconds
[2024-05-20T02:56:47.229+0000] {processor.py:161} INFO - Started process (PID=640) to work on /home/airflow/.local/lib/python3.12/site-packages/airflow/example_dags/example_sensor_decorator.py
[2024-05-20T02:56:47.230+0000] {processor.py:830} INFO - Processing file /home/airflow/.local/lib/python3.12/site-packages/airflow/example_dags/example_sensor_decorator.py for tasks to queue
[2024-05-20T02:56:47.232+0000] {logging_mixin.py:188} INFO - [2024-05-20T02:56:47.232+0000] {dagbag.py:545} INFO - Filling up the DagBag from /home/airflow/.local/lib/python3.12/site-packages/airflow/example_dags/example_sensor_decorator.py
[2024-05-20T02:56:47.236+0000] {processor.py:840} INFO - DAG(s) 'example_sensor_decorator' retrieved from /home/airflow/.local/lib/python3.12/site-packages/airflow/example_dags/example_sensor_decorator.py
[2024-05-20T02:56:47.250+0000] {logging_mixin.py:188} INFO - [2024-05-20T02:56:47.249+0000] {dag.py:3096} INFO - Sync 1 DAGs
[2024-05-20T02:56:47.258+0000] {logging_mixin.py:188} INFO - [2024-05-20T02:56:47.258+0000] {dag.py:3954} INFO - Setting next_dagrun for example_sensor_decorator to None, run_after=None
[2024-05-20T02:56:47.272+0000] {processor.py:183} INFO - Processing /home/airflow/.local/lib/python3.12/site-packages/airflow/example_dags/example_sensor_decorator.py took 0.047 seconds
[2024-05-20T02:57:18.101+0000] {processor.py:161} INFO - Started process (PID=698) to work on /home/airflow/.local/lib/python3.12/site-packages/airflow/example_dags/example_sensor_decorator.py
[2024-05-20T02:57:18.103+0000] {processor.py:830} INFO - Processing file /home/airflow/.local/lib/python3.12/site-packages/airflow/example_dags/example_sensor_decorator.py for tasks to queue
[2024-05-20T02:57:18.106+0000] {logging_mixin.py:188} INFO - [2024-05-20T02:57:18.105+0000] {dagbag.py:545} INFO - Filling up the DagBag from /home/airflow/.local/lib/python3.12/site-packages/airflow/example_dags/example_sensor_decorator.py
[2024-05-20T02:57:18.113+0000] {processor.py:840} INFO - DAG(s) 'example_sensor_decorator' retrieved from /home/airflow/.local/lib/python3.12/site-packages/airflow/example_dags/example_sensor_decorator.py
[2024-05-20T02:57:18.130+0000] {logging_mixin.py:188} INFO - [2024-05-20T02:57:18.130+0000] {dag.py:3096} INFO - Sync 1 DAGs
[2024-05-20T02:57:18.137+0000] {logging_mixin.py:188} INFO - [2024-05-20T02:57:18.137+0000] {dag.py:3954} INFO - Setting next_dagrun for example_sensor_decorator to None, run_after=None
[2024-05-20T02:57:18.147+0000] {processor.py:183} INFO - Processing /home/airflow/.local/lib/python3.12/site-packages/airflow/example_dags/example_sensor_decorator.py took 0.054 seconds
[2024-05-20T02:57:48.962+0000] {processor.py:161} INFO - Started process (PID=756) to work on /home/airflow/.local/lib/python3.12/site-packages/airflow/example_dags/example_sensor_decorator.py
[2024-05-20T02:57:48.963+0000] {processor.py:830} INFO - Processing file /home/airflow/.local/lib/python3.12/site-packages/airflow/example_dags/example_sensor_decorator.py for tasks to queue
[2024-05-20T02:57:48.965+0000] {logging_mixin.py:188} INFO - [2024-05-20T02:57:48.965+0000] {dagbag.py:545} INFO - Filling up the DagBag from /home/airflow/.local/lib/python3.12/site-packages/airflow/example_dags/example_sensor_decorator.py
[2024-05-20T02:57:48.970+0000] {processor.py:840} INFO - DAG(s) 'example_sensor_decorator' retrieved from /home/airflow/.local/lib/python3.12/site-packages/airflow/example_dags/example_sensor_decorator.py
[2024-05-20T02:57:48.988+0000] {logging_mixin.py:188} INFO - [2024-05-20T02:57:48.988+0000] {dag.py:3096} INFO - Sync 1 DAGs
[2024-05-20T02:57:48.998+0000] {logging_mixin.py:188} INFO - [2024-05-20T02:57:48.998+0000] {dag.py:3954} INFO - Setting next_dagrun for example_sensor_decorator to None, run_after=None
[2024-05-20T02:57:49.011+0000] {processor.py:183} INFO - Processing /home/airflow/.local/lib/python3.12/site-packages/airflow/example_dags/example_sensor_decorator.py took 0.054 seconds
[2024-05-20T02:58:19.922+0000] {processor.py:161} INFO - Started process (PID=814) to work on /home/airflow/.local/lib/python3.12/site-packages/airflow/example_dags/example_sensor_decorator.py
[2024-05-20T02:58:19.922+0000] {processor.py:830} INFO - Processing file /home/airflow/.local/lib/python3.12/site-packages/airflow/example_dags/example_sensor_decorator.py for tasks to queue
[2024-05-20T02:58:19.924+0000] {logging_mixin.py:188} INFO - [2024-05-20T02:58:19.923+0000] {dagbag.py:545} INFO - Filling up the DagBag from /home/airflow/.local/lib/python3.12/site-packages/airflow/example_dags/example_sensor_decorator.py
[2024-05-20T02:58:19.927+0000] {processor.py:840} INFO - DAG(s) 'example_sensor_decorator' retrieved from /home/airflow/.local/lib/python3.12/site-packages/airflow/example_dags/example_sensor_decorator.py
[2024-05-20T02:58:19.939+0000] {logging_mixin.py:188} INFO - [2024-05-20T02:58:19.939+0000] {dag.py:3096} INFO - Sync 1 DAGs
[2024-05-20T02:58:19.946+0000] {logging_mixin.py:188} INFO - [2024-05-20T02:58:19.946+0000] {dag.py:3954} INFO - Setting next_dagrun for example_sensor_decorator to None, run_after=None
[2024-05-20T02:58:19.956+0000] {processor.py:183} INFO - Processing /home/airflow/.local/lib/python3.12/site-packages/airflow/example_dags/example_sensor_decorator.py took 0.038 seconds
[2024-05-20T02:58:50.671+0000] {processor.py:161} INFO - Started process (PID=872) to work on /home/airflow/.local/lib/python3.12/site-packages/airflow/example_dags/example_sensor_decorator.py
[2024-05-20T02:58:50.672+0000] {processor.py:830} INFO - Processing file /home/airflow/.local/lib/python3.12/site-packages/airflow/example_dags/example_sensor_decorator.py for tasks to queue
[2024-05-20T02:58:50.673+0000] {logging_mixin.py:188} INFO - [2024-05-20T02:58:50.672+0000] {dagbag.py:545} INFO - Filling up the DagBag from /home/airflow/.local/lib/python3.12/site-packages/airflow/example_dags/example_sensor_decorator.py
[2024-05-20T02:58:50.677+0000] {processor.py:840} INFO - DAG(s) 'example_sensor_decorator' retrieved from /home/airflow/.local/lib/python3.12/site-packages/airflow/example_dags/example_sensor_decorator.py
[2024-05-20T02:58:50.688+0000] {logging_mixin.py:188} INFO - [2024-05-20T02:58:50.688+0000] {dag.py:3096} INFO - Sync 1 DAGs
[2024-05-20T02:58:50.694+0000] {logging_mixin.py:188} INFO - [2024-05-20T02:58:50.694+0000] {dag.py:3954} INFO - Setting next_dagrun for example_sensor_decorator to None, run_after=None
[2024-05-20T02:58:50.705+0000] {processor.py:183} INFO - Processing /home/airflow/.local/lib/python3.12/site-packages/airflow/example_dags/example_sensor_decorator.py took 0.038 seconds
[2024-05-20T02:59:21.466+0000] {processor.py:161} INFO - Started process (PID=930) to work on /home/airflow/.local/lib/python3.12/site-packages/airflow/example_dags/example_sensor_decorator.py
[2024-05-20T02:59:21.467+0000] {processor.py:830} INFO - Processing file /home/airflow/.local/lib/python3.12/site-packages/airflow/example_dags/example_sensor_decorator.py for tasks to queue
[2024-05-20T02:59:21.468+0000] {logging_mixin.py:188} INFO - [2024-05-20T02:59:21.468+0000] {dagbag.py:545} INFO - Filling up the DagBag from /home/airflow/.local/lib/python3.12/site-packages/airflow/example_dags/example_sensor_decorator.py
[2024-05-20T02:59:21.472+0000] {processor.py:840} INFO - DAG(s) 'example_sensor_decorator' retrieved from /home/airflow/.local/lib/python3.12/site-packages/airflow/example_dags/example_sensor_decorator.py
[2024-05-20T02:59:21.482+0000] {logging_mixin.py:188} INFO - [2024-05-20T02:59:21.482+0000] {dag.py:3096} INFO - Sync 1 DAGs
[2024-05-20T02:59:21.488+0000] {logging_mixin.py:188} INFO - [2024-05-20T02:59:21.488+0000] {dag.py:3954} INFO - Setting next_dagrun for example_sensor_decorator to None, run_after=None
[2024-05-20T02:59:21.498+0000] {processor.py:183} INFO - Processing /home/airflow/.local/lib/python3.12/site-packages/airflow/example_dags/example_sensor_decorator.py took 0.035 seconds
[2024-05-20T02:59:52.361+0000] {processor.py:161} INFO - Started process (PID=988) to work on /home/airflow/.local/lib/python3.12/site-packages/airflow/example_dags/example_sensor_decorator.py
[2024-05-20T02:59:52.362+0000] {processor.py:830} INFO - Processing file /home/airflow/.local/lib/python3.12/site-packages/airflow/example_dags/example_sensor_decorator.py for tasks to queue
[2024-05-20T02:59:52.364+0000] {logging_mixin.py:188} INFO - [2024-05-20T02:59:52.363+0000] {dagbag.py:545} INFO - Filling up the DagBag from /home/airflow/.local/lib/python3.12/site-packages/airflow/example_dags/example_sensor_decorator.py
[2024-05-20T02:59:52.369+0000] {processor.py:840} INFO - DAG(s) 'example_sensor_decorator' retrieved from /home/airflow/.local/lib/python3.12/site-packages/airflow/example_dags/example_sensor_decorator.py
[2024-05-20T02:59:52.382+0000] {logging_mixin.py:188} INFO - [2024-05-20T02:59:52.382+0000] {dag.py:3096} INFO - Sync 1 DAGs
[2024-05-20T02:59:52.389+0000] {logging_mixin.py:188} INFO - [2024-05-20T02:59:52.389+0000] {dag.py:3954} INFO - Setting next_dagrun for example_sensor_decorator to None, run_after=None
[2024-05-20T02:59:52.399+0000] {processor.py:183} INFO - Processing /home/airflow/.local/lib/python3.12/site-packages/airflow/example_dags/example_sensor_decorator.py took 0.042 seconds
[2024-05-20T03:00:23.096+0000] {processor.py:161} INFO - Started process (PID=1046) to work on /home/airflow/.local/lib/python3.12/site-packages/airflow/example_dags/example_sensor_decorator.py
[2024-05-20T03:00:23.097+0000] {processor.py:830} INFO - Processing file /home/airflow/.local/lib/python3.12/site-packages/airflow/example_dags/example_sensor_decorator.py for tasks to queue
[2024-05-20T03:00:23.097+0000] {logging_mixin.py:188} INFO - [2024-05-20T03:00:23.097+0000] {dagbag.py:545} INFO - Filling up the DagBag from /home/airflow/.local/lib/python3.12/site-packages/airflow/example_dags/example_sensor_decorator.py
[2024-05-20T03:00:23.100+0000] {processor.py:840} INFO - DAG(s) 'example_sensor_decorator' retrieved from /home/airflow/.local/lib/python3.12/site-packages/airflow/example_dags/example_sensor_decorator.py
[2024-05-20T03:00:23.110+0000] {logging_mixin.py:188} INFO - [2024-05-20T03:00:23.110+0000] {dag.py:3096} INFO - Sync 1 DAGs
[2024-05-20T03:00:23.116+0000] {logging_mixin.py:188} INFO - [2024-05-20T03:00:23.116+0000] {dag.py:3954} INFO - Setting next_dagrun for example_sensor_decorator to None, run_after=None
[2024-05-20T03:00:23.127+0000] {processor.py:183} INFO - Processing /home/airflow/.local/lib/python3.12/site-packages/airflow/example_dags/example_sensor_decorator.py took 0.034 seconds
[2024-05-20T03:00:53.791+0000] {processor.py:161} INFO - Started process (PID=1104) to work on /home/airflow/.local/lib/python3.12/site-packages/airflow/example_dags/example_sensor_decorator.py
[2024-05-20T03:00:53.792+0000] {processor.py:830} INFO - Processing file /home/airflow/.local/lib/python3.12/site-packages/airflow/example_dags/example_sensor_decorator.py for tasks to queue
[2024-05-20T03:00:53.794+0000] {logging_mixin.py:188} INFO - [2024-05-20T03:00:53.793+0000] {dagbag.py:545} INFO - Filling up the DagBag from /home/airflow/.local/lib/python3.12/site-packages/airflow/example_dags/example_sensor_decorator.py
[2024-05-20T03:00:53.799+0000] {processor.py:840} INFO - DAG(s) 'example_sensor_decorator' retrieved from /home/airflow/.local/lib/python3.12/site-packages/airflow/example_dags/example_sensor_decorator.py
[2024-05-20T03:00:53.818+0000] {logging_mixin.py:188} INFO - [2024-05-20T03:00:53.818+0000] {dag.py:3096} INFO - Sync 1 DAGs
[2024-05-20T03:00:53.828+0000] {logging_mixin.py:188} INFO - [2024-05-20T03:00:53.828+0000] {dag.py:3954} INFO - Setting next_dagrun for example_sensor_decorator to None, run_after=None
[2024-05-20T03:00:53.841+0000] {processor.py:183} INFO - Processing /home/airflow/.local/lib/python3.12/site-packages/airflow/example_dags/example_sensor_decorator.py took 0.061 seconds
[2024-05-20T03:01:24.035+0000] {processor.py:161} INFO - Started process (PID=1162) to work on /home/airflow/.local/lib/python3.12/site-packages/airflow/example_dags/example_sensor_decorator.py
[2024-05-20T03:01:24.036+0000] {processor.py:830} INFO - Processing file /home/airflow/.local/lib/python3.12/site-packages/airflow/example_dags/example_sensor_decorator.py for tasks to queue
[2024-05-20T03:01:24.038+0000] {logging_mixin.py:188} INFO - [2024-05-20T03:01:24.038+0000] {dagbag.py:545} INFO - Filling up the DagBag from /home/airflow/.local/lib/python3.12/site-packages/airflow/example_dags/example_sensor_decorator.py
[2024-05-20T03:01:24.045+0000] {processor.py:840} INFO - DAG(s) 'example_sensor_decorator' retrieved from /home/airflow/.local/lib/python3.12/site-packages/airflow/example_dags/example_sensor_decorator.py
[2024-05-20T03:01:24.067+0000] {logging_mixin.py:188} INFO - [2024-05-20T03:01:24.067+0000] {dag.py:3096} INFO - Sync 1 DAGs
[2024-05-20T03:01:24.078+0000] {logging_mixin.py:188} INFO - [2024-05-20T03:01:24.078+0000] {dag.py:3954} INFO - Setting next_dagrun for example_sensor_decorator to None, run_after=None
[2024-05-20T03:01:24.090+0000] {processor.py:183} INFO - Processing /home/airflow/.local/lib/python3.12/site-packages/airflow/example_dags/example_sensor_decorator.py took 0.061 seconds
[2024-05-20T03:01:54.740+0000] {processor.py:161} INFO - Started process (PID=1220) to work on /home/airflow/.local/lib/python3.12/site-packages/airflow/example_dags/example_sensor_decorator.py
[2024-05-20T03:01:54.741+0000] {processor.py:830} INFO - Processing file /home/airflow/.local/lib/python3.12/site-packages/airflow/example_dags/example_sensor_decorator.py for tasks to queue
[2024-05-20T03:01:54.742+0000] {logging_mixin.py:188} INFO - [2024-05-20T03:01:54.742+0000] {dagbag.py:545} INFO - Filling up the DagBag from /home/airflow/.local/lib/python3.12/site-packages/airflow/example_dags/example_sensor_decorator.py
[2024-05-20T03:01:54.748+0000] {processor.py:840} INFO - DAG(s) 'example_sensor_decorator' retrieved from /home/airflow/.local/lib/python3.12/site-packages/airflow/example_dags/example_sensor_decorator.py
[2024-05-20T03:01:54.762+0000] {logging_mixin.py:188} INFO - [2024-05-20T03:01:54.761+0000] {dag.py:3096} INFO - Sync 1 DAGs
[2024-05-20T03:01:54.769+0000] {logging_mixin.py:188} INFO - [2024-05-20T03:01:54.769+0000] {dag.py:3954} INFO - Setting next_dagrun for example_sensor_decorator to None, run_after=None
[2024-05-20T03:01:54.781+0000] {processor.py:183} INFO - Processing /home/airflow/.local/lib/python3.12/site-packages/airflow/example_dags/example_sensor_decorator.py took 0.048 seconds
[2024-05-20T03:02:25.548+0000] {processor.py:161} INFO - Started process (PID=1278) to work on /home/airflow/.local/lib/python3.12/site-packages/airflow/example_dags/example_sensor_decorator.py
[2024-05-20T03:02:25.549+0000] {processor.py:830} INFO - Processing file /home/airflow/.local/lib/python3.12/site-packages/airflow/example_dags/example_sensor_decorator.py for tasks to queue
[2024-05-20T03:02:25.551+0000] {logging_mixin.py:188} INFO - [2024-05-20T03:02:25.550+0000] {dagbag.py:545} INFO - Filling up the DagBag from /home/airflow/.local/lib/python3.12/site-packages/airflow/example_dags/example_sensor_decorator.py
[2024-05-20T03:02:25.555+0000] {processor.py:840} INFO - DAG(s) 'example_sensor_decorator' retrieved from /home/airflow/.local/lib/python3.12/site-packages/airflow/example_dags/example_sensor_decorator.py
[2024-05-20T03:02:25.567+0000] {logging_mixin.py:188} INFO - [2024-05-20T03:02:25.567+0000] {dag.py:3096} INFO - Sync 1 DAGs
[2024-05-20T03:02:25.575+0000] {logging_mixin.py:188} INFO - [2024-05-20T03:02:25.574+0000] {dag.py:3954} INFO - Setting next_dagrun for example_sensor_decorator to None, run_after=None
[2024-05-20T03:02:25.586+0000] {processor.py:183} INFO - Processing /home/airflow/.local/lib/python3.12/site-packages/airflow/example_dags/example_sensor_decorator.py took 0.044 seconds
[2024-05-20T03:02:55.658+0000] {processor.py:161} INFO - Started process (PID=1336) to work on /home/airflow/.local/lib/python3.12/site-packages/airflow/example_dags/example_sensor_decorator.py
[2024-05-20T03:02:55.659+0000] {processor.py:830} INFO - Processing file /home/airflow/.local/lib/python3.12/site-packages/airflow/example_dags/example_sensor_decorator.py for tasks to queue
[2024-05-20T03:02:55.661+0000] {logging_mixin.py:188} INFO - [2024-05-20T03:02:55.660+0000] {dagbag.py:545} INFO - Filling up the DagBag from /home/airflow/.local/lib/python3.12/site-packages/airflow/example_dags/example_sensor_decorator.py
[2024-05-20T03:02:55.667+0000] {processor.py:840} INFO - DAG(s) 'example_sensor_decorator' retrieved from /home/airflow/.local/lib/python3.12/site-packages/airflow/example_dags/example_sensor_decorator.py
[2024-05-20T03:02:55.683+0000] {logging_mixin.py:188} INFO - [2024-05-20T03:02:55.683+0000] {dag.py:3096} INFO - Sync 1 DAGs
[2024-05-20T03:02:55.692+0000] {logging_mixin.py:188} INFO - [2024-05-20T03:02:55.692+0000] {dag.py:3954} INFO - Setting next_dagrun for example_sensor_decorator to None, run_after=None
[2024-05-20T03:02:55.702+0000] {processor.py:183} INFO - Processing /home/airflow/.local/lib/python3.12/site-packages/airflow/example_dags/example_sensor_decorator.py took 0.049 seconds
[2024-05-20T03:03:25.750+0000] {processor.py:161} INFO - Started process (PID=1394) to work on /home/airflow/.local/lib/python3.12/site-packages/airflow/example_dags/example_sensor_decorator.py
[2024-05-20T03:03:25.754+0000] {processor.py:830} INFO - Processing file /home/airflow/.local/lib/python3.12/site-packages/airflow/example_dags/example_sensor_decorator.py for tasks to queue
[2024-05-20T03:03:25.758+0000] {logging_mixin.py:188} INFO - [2024-05-20T03:03:25.757+0000] {dagbag.py:545} INFO - Filling up the DagBag from /home/airflow/.local/lib/python3.12/site-packages/airflow/example_dags/example_sensor_decorator.py
[2024-05-20T03:03:25.764+0000] {processor.py:840} INFO - DAG(s) 'example_sensor_decorator' retrieved from /home/airflow/.local/lib/python3.12/site-packages/airflow/example_dags/example_sensor_decorator.py
[2024-05-20T03:03:25.785+0000] {logging_mixin.py:188} INFO - [2024-05-20T03:03:25.785+0000] {dag.py:3096} INFO - Sync 1 DAGs
[2024-05-20T03:03:25.794+0000] {logging_mixin.py:188} INFO - [2024-05-20T03:03:25.794+0000] {dag.py:3954} INFO - Setting next_dagrun for example_sensor_decorator to None, run_after=None
[2024-05-20T03:03:25.806+0000] {processor.py:183} INFO - Processing /home/airflow/.local/lib/python3.12/site-packages/airflow/example_dags/example_sensor_decorator.py took 0.065 seconds
[2024-05-20T03:04:13.813+0000] {processor.py:161} INFO - Started process (PID=60) to work on /home/airflow/.local/lib/python3.12/site-packages/airflow/example_dags/example_sensor_decorator.py
[2024-05-20T03:04:13.814+0000] {processor.py:830} INFO - Processing file /home/airflow/.local/lib/python3.12/site-packages/airflow/example_dags/example_sensor_decorator.py for tasks to queue
[2024-05-20T03:04:13.815+0000] {logging_mixin.py:188} INFO - [2024-05-20T03:04:13.815+0000] {dagbag.py:545} INFO - Filling up the DagBag from /home/airflow/.local/lib/python3.12/site-packages/airflow/example_dags/example_sensor_decorator.py
[2024-05-20T03:04:13.821+0000] {processor.py:840} INFO - DAG(s) 'example_sensor_decorator' retrieved from /home/airflow/.local/lib/python3.12/site-packages/airflow/example_dags/example_sensor_decorator.py
[2024-05-20T03:04:13.835+0000] {logging_mixin.py:188} INFO - [2024-05-20T03:04:13.835+0000] {dag.py:3096} INFO - Sync 1 DAGs
[2024-05-20T03:04:13.851+0000] {logging_mixin.py:188} INFO - [2024-05-20T03:04:13.851+0000] {dag.py:3954} INFO - Setting next_dagrun for example_sensor_decorator to None, run_after=None
[2024-05-20T03:04:13.867+0000] {processor.py:183} INFO - Processing /home/airflow/.local/lib/python3.12/site-packages/airflow/example_dags/example_sensor_decorator.py took 0.062 seconds
[2024-05-20T03:04:44.488+0000] {processor.py:161} INFO - Started process (PID=118) to work on /home/airflow/.local/lib/python3.12/site-packages/airflow/example_dags/example_sensor_decorator.py
[2024-05-20T03:04:44.488+0000] {processor.py:830} INFO - Processing file /home/airflow/.local/lib/python3.12/site-packages/airflow/example_dags/example_sensor_decorator.py for tasks to queue
[2024-05-20T03:04:44.489+0000] {logging_mixin.py:188} INFO - [2024-05-20T03:04:44.489+0000] {dagbag.py:545} INFO - Filling up the DagBag from /home/airflow/.local/lib/python3.12/site-packages/airflow/example_dags/example_sensor_decorator.py
[2024-05-20T03:04:44.493+0000] {processor.py:840} INFO - DAG(s) 'example_sensor_decorator' retrieved from /home/airflow/.local/lib/python3.12/site-packages/airflow/example_dags/example_sensor_decorator.py
[2024-05-20T03:04:44.539+0000] {logging_mixin.py:188} INFO - [2024-05-20T03:04:44.538+0000] {dag.py:3096} INFO - Sync 1 DAGs
[2024-05-20T03:04:44.543+0000] {logging_mixin.py:188} INFO - [2024-05-20T03:04:44.543+0000] {dag.py:3954} INFO - Setting next_dagrun for example_sensor_decorator to None, run_after=None
[2024-05-20T03:04:44.552+0000] {processor.py:183} INFO - Processing /home/airflow/.local/lib/python3.12/site-packages/airflow/example_dags/example_sensor_decorator.py took 0.067 seconds
[2024-05-20T03:05:15.357+0000] {processor.py:161} INFO - Started process (PID=175) to work on /home/airflow/.local/lib/python3.12/site-packages/airflow/example_dags/example_sensor_decorator.py
[2024-05-20T03:05:15.358+0000] {processor.py:830} INFO - Processing file /home/airflow/.local/lib/python3.12/site-packages/airflow/example_dags/example_sensor_decorator.py for tasks to queue
[2024-05-20T03:05:15.360+0000] {logging_mixin.py:188} INFO - [2024-05-20T03:05:15.360+0000] {dagbag.py:545} INFO - Filling up the DagBag from /home/airflow/.local/lib/python3.12/site-packages/airflow/example_dags/example_sensor_decorator.py
[2024-05-20T03:05:15.366+0000] {processor.py:840} INFO - DAG(s) 'example_sensor_decorator' retrieved from /home/airflow/.local/lib/python3.12/site-packages/airflow/example_dags/example_sensor_decorator.py
[2024-05-20T03:05:15.377+0000] {logging_mixin.py:188} INFO - [2024-05-20T03:05:15.377+0000] {dag.py:3096} INFO - Sync 1 DAGs
[2024-05-20T03:05:15.383+0000] {logging_mixin.py:188} INFO - [2024-05-20T03:05:15.383+0000] {dag.py:3954} INFO - Setting next_dagrun for example_sensor_decorator to None, run_after=None
[2024-05-20T03:05:15.393+0000] {processor.py:183} INFO - Processing /home/airflow/.local/lib/python3.12/site-packages/airflow/example_dags/example_sensor_decorator.py took 0.039 seconds
[2024-05-20T03:05:46.034+0000] {processor.py:161} INFO - Started process (PID=233) to work on /home/airflow/.local/lib/python3.12/site-packages/airflow/example_dags/example_sensor_decorator.py
[2024-05-20T03:05:46.035+0000] {processor.py:830} INFO - Processing file /home/airflow/.local/lib/python3.12/site-packages/airflow/example_dags/example_sensor_decorator.py for tasks to queue
[2024-05-20T03:05:46.036+0000] {logging_mixin.py:188} INFO - [2024-05-20T03:05:46.036+0000] {dagbag.py:545} INFO - Filling up the DagBag from /home/airflow/.local/lib/python3.12/site-packages/airflow/example_dags/example_sensor_decorator.py
[2024-05-20T03:05:46.040+0000] {processor.py:840} INFO - DAG(s) 'example_sensor_decorator' retrieved from /home/airflow/.local/lib/python3.12/site-packages/airflow/example_dags/example_sensor_decorator.py
[2024-05-20T03:05:46.051+0000] {logging_mixin.py:188} INFO - [2024-05-20T03:05:46.051+0000] {dag.py:3096} INFO - Sync 1 DAGs
[2024-05-20T03:05:46.057+0000] {logging_mixin.py:188} INFO - [2024-05-20T03:05:46.057+0000] {dag.py:3954} INFO - Setting next_dagrun for example_sensor_decorator to None, run_after=None
[2024-05-20T03:05:46.069+0000] {processor.py:183} INFO - Processing /home/airflow/.local/lib/python3.12/site-packages/airflow/example_dags/example_sensor_decorator.py took 0.038 seconds
[2024-05-20T03:06:16.756+0000] {processor.py:161} INFO - Started process (PID=290) to work on /home/airflow/.local/lib/python3.12/site-packages/airflow/example_dags/example_sensor_decorator.py
[2024-05-20T03:06:16.757+0000] {processor.py:830} INFO - Processing file /home/airflow/.local/lib/python3.12/site-packages/airflow/example_dags/example_sensor_decorator.py for tasks to queue
[2024-05-20T03:06:16.758+0000] {logging_mixin.py:188} INFO - [2024-05-20T03:06:16.758+0000] {dagbag.py:545} INFO - Filling up the DagBag from /home/airflow/.local/lib/python3.12/site-packages/airflow/example_dags/example_sensor_decorator.py
[2024-05-20T03:06:16.762+0000] {processor.py:840} INFO - DAG(s) 'example_sensor_decorator' retrieved from /home/airflow/.local/lib/python3.12/site-packages/airflow/example_dags/example_sensor_decorator.py
[2024-05-20T03:06:16.772+0000] {logging_mixin.py:188} INFO - [2024-05-20T03:06:16.771+0000] {dag.py:3096} INFO - Sync 1 DAGs
[2024-05-20T03:06:16.778+0000] {logging_mixin.py:188} INFO - [2024-05-20T03:06:16.778+0000] {dag.py:3954} INFO - Setting next_dagrun for example_sensor_decorator to None, run_after=None
[2024-05-20T03:06:16.787+0000] {processor.py:183} INFO - Processing /home/airflow/.local/lib/python3.12/site-packages/airflow/example_dags/example_sensor_decorator.py took 0.033 seconds
[2024-05-20T03:06:47.437+0000] {processor.py:161} INFO - Started process (PID=348) to work on /home/airflow/.local/lib/python3.12/site-packages/airflow/example_dags/example_sensor_decorator.py
[2024-05-20T03:06:47.438+0000] {processor.py:830} INFO - Processing file /home/airflow/.local/lib/python3.12/site-packages/airflow/example_dags/example_sensor_decorator.py for tasks to queue
[2024-05-20T03:06:47.439+0000] {logging_mixin.py:188} INFO - [2024-05-20T03:06:47.439+0000] {dagbag.py:545} INFO - Filling up the DagBag from /home/airflow/.local/lib/python3.12/site-packages/airflow/example_dags/example_sensor_decorator.py
[2024-05-20T03:06:47.442+0000] {processor.py:840} INFO - DAG(s) 'example_sensor_decorator' retrieved from /home/airflow/.local/lib/python3.12/site-packages/airflow/example_dags/example_sensor_decorator.py
[2024-05-20T03:06:47.452+0000] {logging_mixin.py:188} INFO - [2024-05-20T03:06:47.452+0000] {dag.py:3096} INFO - Sync 1 DAGs
[2024-05-20T03:06:47.458+0000] {logging_mixin.py:188} INFO - [2024-05-20T03:06:47.458+0000] {dag.py:3954} INFO - Setting next_dagrun for example_sensor_decorator to None, run_after=None
[2024-05-20T03:06:47.466+0000] {processor.py:183} INFO - Processing /home/airflow/.local/lib/python3.12/site-packages/airflow/example_dags/example_sensor_decorator.py took 0.032 seconds
[2024-05-20T03:07:18.191+0000] {processor.py:161} INFO - Started process (PID=406) to work on /home/airflow/.local/lib/python3.12/site-packages/airflow/example_dags/example_sensor_decorator.py
[2024-05-20T03:07:18.192+0000] {processor.py:830} INFO - Processing file /home/airflow/.local/lib/python3.12/site-packages/airflow/example_dags/example_sensor_decorator.py for tasks to queue
[2024-05-20T03:07:18.193+0000] {logging_mixin.py:188} INFO - [2024-05-20T03:07:18.193+0000] {dagbag.py:545} INFO - Filling up the DagBag from /home/airflow/.local/lib/python3.12/site-packages/airflow/example_dags/example_sensor_decorator.py
[2024-05-20T03:07:18.196+0000] {processor.py:840} INFO - DAG(s) 'example_sensor_decorator' retrieved from /home/airflow/.local/lib/python3.12/site-packages/airflow/example_dags/example_sensor_decorator.py
[2024-05-20T03:07:18.208+0000] {logging_mixin.py:188} INFO - [2024-05-20T03:07:18.208+0000] {dag.py:3096} INFO - Sync 1 DAGs
[2024-05-20T03:07:18.215+0000] {logging_mixin.py:188} INFO - [2024-05-20T03:07:18.215+0000] {dag.py:3954} INFO - Setting next_dagrun for example_sensor_decorator to None, run_after=None
[2024-05-20T03:07:18.224+0000] {processor.py:183} INFO - Processing /home/airflow/.local/lib/python3.12/site-packages/airflow/example_dags/example_sensor_decorator.py took 0.035 seconds
[2024-05-20T03:07:59.340+0000] {processor.py:161} INFO - Started process (PID=61) to work on /home/airflow/.local/lib/python3.12/site-packages/airflow/example_dags/example_sensor_decorator.py
[2024-05-20T03:07:59.342+0000] {processor.py:830} INFO - Processing file /home/airflow/.local/lib/python3.12/site-packages/airflow/example_dags/example_sensor_decorator.py for tasks to queue
[2024-05-20T03:07:59.343+0000] {logging_mixin.py:188} INFO - [2024-05-20T03:07:59.343+0000] {dagbag.py:545} INFO - Filling up the DagBag from /home/airflow/.local/lib/python3.12/site-packages/airflow/example_dags/example_sensor_decorator.py
[2024-05-20T03:07:59.350+0000] {processor.py:840} INFO - DAG(s) 'example_sensor_decorator' retrieved from /home/airflow/.local/lib/python3.12/site-packages/airflow/example_dags/example_sensor_decorator.py
[2024-05-20T03:07:59.361+0000] {logging_mixin.py:188} INFO - [2024-05-20T03:07:59.361+0000] {dag.py:3096} INFO - Sync 1 DAGs
[2024-05-20T03:07:59.372+0000] {logging_mixin.py:188} INFO - [2024-05-20T03:07:59.372+0000] {dag.py:3954} INFO - Setting next_dagrun for example_sensor_decorator to None, run_after=None
[2024-05-20T03:07:59.387+0000] {processor.py:183} INFO - Processing /home/airflow/.local/lib/python3.12/site-packages/airflow/example_dags/example_sensor_decorator.py took 0.052 seconds
[2024-05-20T03:08:30.790+0000] {processor.py:161} INFO - Started process (PID=119) to work on /home/airflow/.local/lib/python3.12/site-packages/airflow/example_dags/example_sensor_decorator.py
[2024-05-20T03:08:30.791+0000] {processor.py:830} INFO - Processing file /home/airflow/.local/lib/python3.12/site-packages/airflow/example_dags/example_sensor_decorator.py for tasks to queue
[2024-05-20T03:08:30.792+0000] {logging_mixin.py:188} INFO - [2024-05-20T03:08:30.791+0000] {dagbag.py:545} INFO - Filling up the DagBag from /home/airflow/.local/lib/python3.12/site-packages/airflow/example_dags/example_sensor_decorator.py
[2024-05-20T03:08:30.795+0000] {processor.py:840} INFO - DAG(s) 'example_sensor_decorator' retrieved from /home/airflow/.local/lib/python3.12/site-packages/airflow/example_dags/example_sensor_decorator.py
[2024-05-20T03:08:30.843+0000] {logging_mixin.py:188} INFO - [2024-05-20T03:08:30.843+0000] {dag.py:3096} INFO - Sync 1 DAGs
[2024-05-20T03:08:30.857+0000] {logging_mixin.py:188} INFO - [2024-05-20T03:08:30.857+0000] {dag.py:3954} INFO - Setting next_dagrun for example_sensor_decorator to None, run_after=None
[2024-05-20T03:08:30.871+0000] {processor.py:183} INFO - Processing /home/airflow/.local/lib/python3.12/site-packages/airflow/example_dags/example_sensor_decorator.py took 0.083 seconds
[2024-05-20T03:09:01.825+0000] {processor.py:161} INFO - Started process (PID=177) to work on /home/airflow/.local/lib/python3.12/site-packages/airflow/example_dags/example_sensor_decorator.py
[2024-05-20T03:09:01.826+0000] {processor.py:830} INFO - Processing file /home/airflow/.local/lib/python3.12/site-packages/airflow/example_dags/example_sensor_decorator.py for tasks to queue
[2024-05-20T03:09:01.827+0000] {logging_mixin.py:188} INFO - [2024-05-20T03:09:01.827+0000] {dagbag.py:545} INFO - Filling up the DagBag from /home/airflow/.local/lib/python3.12/site-packages/airflow/example_dags/example_sensor_decorator.py
[2024-05-20T03:09:01.830+0000] {processor.py:840} INFO - DAG(s) 'example_sensor_decorator' retrieved from /home/airflow/.local/lib/python3.12/site-packages/airflow/example_dags/example_sensor_decorator.py
[2024-05-20T03:09:01.840+0000] {logging_mixin.py:188} INFO - [2024-05-20T03:09:01.840+0000] {dag.py:3096} INFO - Sync 1 DAGs
[2024-05-20T03:09:01.846+0000] {logging_mixin.py:188} INFO - [2024-05-20T03:09:01.846+0000] {dag.py:3954} INFO - Setting next_dagrun for example_sensor_decorator to None, run_after=None
[2024-05-20T03:09:01.854+0000] {processor.py:183} INFO - Processing /home/airflow/.local/lib/python3.12/site-packages/airflow/example_dags/example_sensor_decorator.py took 0.032 seconds
