[2024-05-20T02:51:41.634+0000] {processor.py:161} INFO - Started process (PID=70) to work on /home/airflow/.local/lib/python3.12/site-packages/airflow/example_dags/example_bash_operator.py
[2024-05-20T02:51:41.635+0000] {processor.py:830} INFO - Processing file /home/airflow/.local/lib/python3.12/site-packages/airflow/example_dags/example_bash_operator.py for tasks to queue
[2024-05-20T02:51:41.637+0000] {logging_mixin.py:188} INFO - [2024-05-20T02:51:41.637+0000] {dagbag.py:545} INFO - Filling up the DagBag from /home/airflow/.local/lib/python3.12/site-packages/airflow/example_dags/example_bash_operator.py
[2024-05-20T02:51:41.649+0000] {processor.py:840} INFO - DAG(s) 'example_bash_operator' retrieved from /home/airflow/.local/lib/python3.12/site-packages/airflow/example_dags/example_bash_operator.py
[2024-05-20T02:51:41.661+0000] {logging_mixin.py:188} INFO - [2024-05-20T02:51:41.661+0000] {dag.py:3096} INFO - Sync 1 DAGs
[2024-05-20T02:51:41.679+0000] {logging_mixin.py:188} INFO - [2024-05-20T02:51:41.679+0000] {dag.py:3954} INFO - Setting next_dagrun for example_bash_operator to 2024-05-19 00:00:00+00:00, run_after=2024-05-20 00:00:00+00:00
[2024-05-20T02:51:41.690+0000] {processor.py:183} INFO - Processing /home/airflow/.local/lib/python3.12/site-packages/airflow/example_dags/example_bash_operator.py took 0.060 seconds
[2024-05-20T02:52:11.988+0000] {processor.py:161} INFO - Started process (PID=128) to work on /home/airflow/.local/lib/python3.12/site-packages/airflow/example_dags/example_bash_operator.py
[2024-05-20T02:52:11.989+0000] {processor.py:830} INFO - Processing file /home/airflow/.local/lib/python3.12/site-packages/airflow/example_dags/example_bash_operator.py for tasks to queue
[2024-05-20T02:52:11.990+0000] {logging_mixin.py:188} INFO - [2024-05-20T02:52:11.990+0000] {dagbag.py:545} INFO - Filling up the DagBag from /home/airflow/.local/lib/python3.12/site-packages/airflow/example_dags/example_bash_operator.py
[2024-05-20T02:52:11.995+0000] {processor.py:840} INFO - DAG(s) 'example_bash_operator' retrieved from /home/airflow/.local/lib/python3.12/site-packages/airflow/example_dags/example_bash_operator.py
[2024-05-20T02:52:12.042+0000] {logging_mixin.py:188} INFO - [2024-05-20T02:52:12.041+0000] {dag.py:3096} INFO - Sync 1 DAGs
[2024-05-20T02:52:12.051+0000] {logging_mixin.py:188} INFO - [2024-05-20T02:52:12.051+0000] {dag.py:3954} INFO - Setting next_dagrun for example_bash_operator to 2024-05-19 00:00:00+00:00, run_after=2024-05-20 00:00:00+00:00
[2024-05-20T02:52:12.060+0000] {processor.py:183} INFO - Processing /home/airflow/.local/lib/python3.12/site-packages/airflow/example_dags/example_bash_operator.py took 0.075 seconds
[2024-05-20T02:52:42.955+0000] {processor.py:161} INFO - Started process (PID=186) to work on /home/airflow/.local/lib/python3.12/site-packages/airflow/example_dags/example_bash_operator.py
[2024-05-20T02:52:42.955+0000] {processor.py:830} INFO - Processing file /home/airflow/.local/lib/python3.12/site-packages/airflow/example_dags/example_bash_operator.py for tasks to queue
[2024-05-20T02:52:42.957+0000] {logging_mixin.py:188} INFO - [2024-05-20T02:52:42.957+0000] {dagbag.py:545} INFO - Filling up the DagBag from /home/airflow/.local/lib/python3.12/site-packages/airflow/example_dags/example_bash_operator.py
[2024-05-20T02:52:42.962+0000] {processor.py:840} INFO - DAG(s) 'example_bash_operator' retrieved from /home/airflow/.local/lib/python3.12/site-packages/airflow/example_dags/example_bash_operator.py
[2024-05-20T02:52:42.979+0000] {logging_mixin.py:188} INFO - [2024-05-20T02:52:42.979+0000] {dag.py:3096} INFO - Sync 1 DAGs
[2024-05-20T02:52:42.990+0000] {logging_mixin.py:188} INFO - [2024-05-20T02:52:42.990+0000] {dag.py:3954} INFO - Setting next_dagrun for example_bash_operator to 2024-05-19 00:00:00+00:00, run_after=2024-05-20 00:00:00+00:00
[2024-05-20T02:52:43.001+0000] {processor.py:183} INFO - Processing /home/airflow/.local/lib/python3.12/site-packages/airflow/example_dags/example_bash_operator.py took 0.050 seconds
[2024-05-20T02:53:13.109+0000] {processor.py:161} INFO - Started process (PID=244) to work on /home/airflow/.local/lib/python3.12/site-packages/airflow/example_dags/example_bash_operator.py
[2024-05-20T02:53:13.110+0000] {processor.py:830} INFO - Processing file /home/airflow/.local/lib/python3.12/site-packages/airflow/example_dags/example_bash_operator.py for tasks to queue
[2024-05-20T02:53:13.111+0000] {logging_mixin.py:188} INFO - [2024-05-20T02:53:13.110+0000] {dagbag.py:545} INFO - Filling up the DagBag from /home/airflow/.local/lib/python3.12/site-packages/airflow/example_dags/example_bash_operator.py
[2024-05-20T02:53:13.116+0000] {processor.py:840} INFO - DAG(s) 'example_bash_operator' retrieved from /home/airflow/.local/lib/python3.12/site-packages/airflow/example_dags/example_bash_operator.py
[2024-05-20T02:53:13.130+0000] {logging_mixin.py:188} INFO - [2024-05-20T02:53:13.130+0000] {dag.py:3096} INFO - Sync 1 DAGs
[2024-05-20T02:53:13.141+0000] {logging_mixin.py:188} INFO - [2024-05-20T02:53:13.141+0000] {dag.py:3954} INFO - Setting next_dagrun for example_bash_operator to 2024-05-19 00:00:00+00:00, run_after=2024-05-20 00:00:00+00:00
[2024-05-20T02:53:13.151+0000] {processor.py:183} INFO - Processing /home/airflow/.local/lib/python3.12/site-packages/airflow/example_dags/example_bash_operator.py took 0.046 seconds
[2024-05-20T02:53:44.139+0000] {processor.py:161} INFO - Started process (PID=302) to work on /home/airflow/.local/lib/python3.12/site-packages/airflow/example_dags/example_bash_operator.py
[2024-05-20T02:53:44.140+0000] {processor.py:830} INFO - Processing file /home/airflow/.local/lib/python3.12/site-packages/airflow/example_dags/example_bash_operator.py for tasks to queue
[2024-05-20T02:53:44.141+0000] {logging_mixin.py:188} INFO - [2024-05-20T02:53:44.141+0000] {dagbag.py:545} INFO - Filling up the DagBag from /home/airflow/.local/lib/python3.12/site-packages/airflow/example_dags/example_bash_operator.py
[2024-05-20T02:53:44.146+0000] {processor.py:840} INFO - DAG(s) 'example_bash_operator' retrieved from /home/airflow/.local/lib/python3.12/site-packages/airflow/example_dags/example_bash_operator.py
[2024-05-20T02:53:44.159+0000] {logging_mixin.py:188} INFO - [2024-05-20T02:53:44.159+0000] {dag.py:3096} INFO - Sync 1 DAGs
[2024-05-20T02:53:44.172+0000] {logging_mixin.py:188} INFO - [2024-05-20T02:53:44.172+0000] {dag.py:3954} INFO - Setting next_dagrun for example_bash_operator to 2024-05-19 00:00:00+00:00, run_after=2024-05-20 00:00:00+00:00
[2024-05-20T02:53:44.181+0000] {processor.py:183} INFO - Processing /home/airflow/.local/lib/python3.12/site-packages/airflow/example_dags/example_bash_operator.py took 0.045 seconds
[2024-05-20T02:54:14.818+0000] {processor.py:161} INFO - Started process (PID=360) to work on /home/airflow/.local/lib/python3.12/site-packages/airflow/example_dags/example_bash_operator.py
[2024-05-20T02:54:14.819+0000] {processor.py:830} INFO - Processing file /home/airflow/.local/lib/python3.12/site-packages/airflow/example_dags/example_bash_operator.py for tasks to queue
[2024-05-20T02:54:14.820+0000] {logging_mixin.py:188} INFO - [2024-05-20T02:54:14.819+0000] {dagbag.py:545} INFO - Filling up the DagBag from /home/airflow/.local/lib/python3.12/site-packages/airflow/example_dags/example_bash_operator.py
[2024-05-20T02:54:14.825+0000] {processor.py:840} INFO - DAG(s) 'example_bash_operator' retrieved from /home/airflow/.local/lib/python3.12/site-packages/airflow/example_dags/example_bash_operator.py
[2024-05-20T02:54:14.839+0000] {logging_mixin.py:188} INFO - [2024-05-20T02:54:14.839+0000] {dag.py:3096} INFO - Sync 1 DAGs
[2024-05-20T02:54:14.851+0000] {logging_mixin.py:188} INFO - [2024-05-20T02:54:14.850+0000] {dag.py:3954} INFO - Setting next_dagrun for example_bash_operator to 2024-05-19 00:00:00+00:00, run_after=2024-05-20 00:00:00+00:00
[2024-05-20T02:54:14.859+0000] {processor.py:183} INFO - Processing /home/airflow/.local/lib/python3.12/site-packages/airflow/example_dags/example_bash_operator.py took 0.044 seconds
[2024-05-20T02:54:45.582+0000] {processor.py:161} INFO - Started process (PID=418) to work on /home/airflow/.local/lib/python3.12/site-packages/airflow/example_dags/example_bash_operator.py
[2024-05-20T02:54:45.582+0000] {processor.py:830} INFO - Processing file /home/airflow/.local/lib/python3.12/site-packages/airflow/example_dags/example_bash_operator.py for tasks to queue
[2024-05-20T02:54:45.583+0000] {logging_mixin.py:188} INFO - [2024-05-20T02:54:45.583+0000] {dagbag.py:545} INFO - Filling up the DagBag from /home/airflow/.local/lib/python3.12/site-packages/airflow/example_dags/example_bash_operator.py
[2024-05-20T02:54:45.589+0000] {processor.py:840} INFO - DAG(s) 'example_bash_operator' retrieved from /home/airflow/.local/lib/python3.12/site-packages/airflow/example_dags/example_bash_operator.py
[2024-05-20T02:54:45.603+0000] {logging_mixin.py:188} INFO - [2024-05-20T02:54:45.602+0000] {dag.py:3096} INFO - Sync 1 DAGs
[2024-05-20T02:54:45.614+0000] {logging_mixin.py:188} INFO - [2024-05-20T02:54:45.614+0000] {dag.py:3954} INFO - Setting next_dagrun for example_bash_operator to 2024-05-19 00:00:00+00:00, run_after=2024-05-20 00:00:00+00:00
[2024-05-20T02:54:45.624+0000] {processor.py:183} INFO - Processing /home/airflow/.local/lib/python3.12/site-packages/airflow/example_dags/example_bash_operator.py took 0.046 seconds
[2024-05-20T02:55:16.380+0000] {processor.py:161} INFO - Started process (PID=476) to work on /home/airflow/.local/lib/python3.12/site-packages/airflow/example_dags/example_bash_operator.py
[2024-05-20T02:55:16.381+0000] {processor.py:830} INFO - Processing file /home/airflow/.local/lib/python3.12/site-packages/airflow/example_dags/example_bash_operator.py for tasks to queue
[2024-05-20T02:55:16.382+0000] {logging_mixin.py:188} INFO - [2024-05-20T02:55:16.382+0000] {dagbag.py:545} INFO - Filling up the DagBag from /home/airflow/.local/lib/python3.12/site-packages/airflow/example_dags/example_bash_operator.py
[2024-05-20T02:55:16.388+0000] {processor.py:840} INFO - DAG(s) 'example_bash_operator' retrieved from /home/airflow/.local/lib/python3.12/site-packages/airflow/example_dags/example_bash_operator.py
[2024-05-20T02:55:16.400+0000] {logging_mixin.py:188} INFO - [2024-05-20T02:55:16.400+0000] {dag.py:3096} INFO - Sync 1 DAGs
[2024-05-20T02:55:16.411+0000] {logging_mixin.py:188} INFO - [2024-05-20T02:55:16.411+0000] {dag.py:3954} INFO - Setting next_dagrun for example_bash_operator to 2024-05-19 00:00:00+00:00, run_after=2024-05-20 00:00:00+00:00
[2024-05-20T02:55:16.419+0000] {processor.py:183} INFO - Processing /home/airflow/.local/lib/python3.12/site-packages/airflow/example_dags/example_bash_operator.py took 0.043 seconds
[2024-05-20T02:55:47.185+0000] {processor.py:161} INFO - Started process (PID=534) to work on /home/airflow/.local/lib/python3.12/site-packages/airflow/example_dags/example_bash_operator.py
[2024-05-20T02:55:47.185+0000] {processor.py:830} INFO - Processing file /home/airflow/.local/lib/python3.12/site-packages/airflow/example_dags/example_bash_operator.py for tasks to queue
[2024-05-20T02:55:47.202+0000] {logging_mixin.py:188} INFO - [2024-05-20T02:55:47.201+0000] {dagbag.py:545} INFO - Filling up the DagBag from /home/airflow/.local/lib/python3.12/site-packages/airflow/example_dags/example_bash_operator.py
[2024-05-20T02:55:47.217+0000] {processor.py:840} INFO - DAG(s) 'example_bash_operator' retrieved from /home/airflow/.local/lib/python3.12/site-packages/airflow/example_dags/example_bash_operator.py
[2024-05-20T02:55:47.244+0000] {logging_mixin.py:188} INFO - [2024-05-20T02:55:47.244+0000] {dag.py:3096} INFO - Sync 1 DAGs
[2024-05-20T02:55:47.261+0000] {logging_mixin.py:188} INFO - [2024-05-20T02:55:47.261+0000] {dag.py:3954} INFO - Setting next_dagrun for example_bash_operator to 2024-05-19 00:00:00+00:00, run_after=2024-05-20 00:00:00+00:00
[2024-05-20T02:55:47.270+0000] {processor.py:183} INFO - Processing /home/airflow/.local/lib/python3.12/site-packages/airflow/example_dags/example_bash_operator.py took 0.089 seconds
[2024-05-20T02:56:17.617+0000] {processor.py:161} INFO - Started process (PID=592) to work on /home/airflow/.local/lib/python3.12/site-packages/airflow/example_dags/example_bash_operator.py
[2024-05-20T02:56:17.618+0000] {processor.py:830} INFO - Processing file /home/airflow/.local/lib/python3.12/site-packages/airflow/example_dags/example_bash_operator.py for tasks to queue
[2024-05-20T02:56:17.620+0000] {logging_mixin.py:188} INFO - [2024-05-20T02:56:17.620+0000] {dagbag.py:545} INFO - Filling up the DagBag from /home/airflow/.local/lib/python3.12/site-packages/airflow/example_dags/example_bash_operator.py
[2024-05-20T02:56:17.626+0000] {processor.py:840} INFO - DAG(s) 'example_bash_operator' retrieved from /home/airflow/.local/lib/python3.12/site-packages/airflow/example_dags/example_bash_operator.py
[2024-05-20T02:56:17.641+0000] {logging_mixin.py:188} INFO - [2024-05-20T02:56:17.641+0000] {dag.py:3096} INFO - Sync 1 DAGs
[2024-05-20T02:56:17.665+0000] {logging_mixin.py:188} INFO - [2024-05-20T02:56:17.665+0000] {dag.py:3954} INFO - Setting next_dagrun for example_bash_operator to 2024-05-19 00:00:00+00:00, run_after=2024-05-20 00:00:00+00:00
[2024-05-20T02:56:17.688+0000] {processor.py:183} INFO - Processing /home/airflow/.local/lib/python3.12/site-packages/airflow/example_dags/example_bash_operator.py took 0.073 seconds
[2024-05-20T02:56:48.562+0000] {processor.py:161} INFO - Started process (PID=650) to work on /home/airflow/.local/lib/python3.12/site-packages/airflow/example_dags/example_bash_operator.py
[2024-05-20T02:56:48.563+0000] {processor.py:830} INFO - Processing file /home/airflow/.local/lib/python3.12/site-packages/airflow/example_dags/example_bash_operator.py for tasks to queue
[2024-05-20T02:56:48.564+0000] {logging_mixin.py:188} INFO - [2024-05-20T02:56:48.564+0000] {dagbag.py:545} INFO - Filling up the DagBag from /home/airflow/.local/lib/python3.12/site-packages/airflow/example_dags/example_bash_operator.py
[2024-05-20T02:56:48.569+0000] {processor.py:840} INFO - DAG(s) 'example_bash_operator' retrieved from /home/airflow/.local/lib/python3.12/site-packages/airflow/example_dags/example_bash_operator.py
[2024-05-20T02:56:48.581+0000] {logging_mixin.py:188} INFO - [2024-05-20T02:56:48.581+0000] {dag.py:3096} INFO - Sync 1 DAGs
[2024-05-20T02:56:48.591+0000] {logging_mixin.py:188} INFO - [2024-05-20T02:56:48.591+0000] {dag.py:3954} INFO - Setting next_dagrun for example_bash_operator to 2024-05-19 00:00:00+00:00, run_after=2024-05-20 00:00:00+00:00
[2024-05-20T02:56:48.601+0000] {processor.py:183} INFO - Processing /home/airflow/.local/lib/python3.12/site-packages/airflow/example_dags/example_bash_operator.py took 0.041 seconds
[2024-05-20T02:57:19.391+0000] {processor.py:161} INFO - Started process (PID=708) to work on /home/airflow/.local/lib/python3.12/site-packages/airflow/example_dags/example_bash_operator.py
[2024-05-20T02:57:19.392+0000] {processor.py:830} INFO - Processing file /home/airflow/.local/lib/python3.12/site-packages/airflow/example_dags/example_bash_operator.py for tasks to queue
[2024-05-20T02:57:19.393+0000] {logging_mixin.py:188} INFO - [2024-05-20T02:57:19.392+0000] {dagbag.py:545} INFO - Filling up the DagBag from /home/airflow/.local/lib/python3.12/site-packages/airflow/example_dags/example_bash_operator.py
[2024-05-20T02:57:19.398+0000] {processor.py:840} INFO - DAG(s) 'example_bash_operator' retrieved from /home/airflow/.local/lib/python3.12/site-packages/airflow/example_dags/example_bash_operator.py
[2024-05-20T02:57:19.411+0000] {logging_mixin.py:188} INFO - [2024-05-20T02:57:19.411+0000] {dag.py:3096} INFO - Sync 1 DAGs
[2024-05-20T02:57:19.421+0000] {logging_mixin.py:188} INFO - [2024-05-20T02:57:19.421+0000] {dag.py:3954} INFO - Setting next_dagrun for example_bash_operator to 2024-05-19 00:00:00+00:00, run_after=2024-05-20 00:00:00+00:00
[2024-05-20T02:57:19.430+0000] {processor.py:183} INFO - Processing /home/airflow/.local/lib/python3.12/site-packages/airflow/example_dags/example_bash_operator.py took 0.042 seconds
[2024-05-20T02:57:50.288+0000] {processor.py:161} INFO - Started process (PID=766) to work on /home/airflow/.local/lib/python3.12/site-packages/airflow/example_dags/example_bash_operator.py
[2024-05-20T02:57:50.288+0000] {processor.py:830} INFO - Processing file /home/airflow/.local/lib/python3.12/site-packages/airflow/example_dags/example_bash_operator.py for tasks to queue
[2024-05-20T02:57:50.290+0000] {logging_mixin.py:188} INFO - [2024-05-20T02:57:50.289+0000] {dagbag.py:545} INFO - Filling up the DagBag from /home/airflow/.local/lib/python3.12/site-packages/airflow/example_dags/example_bash_operator.py
[2024-05-20T02:57:50.295+0000] {processor.py:840} INFO - DAG(s) 'example_bash_operator' retrieved from /home/airflow/.local/lib/python3.12/site-packages/airflow/example_dags/example_bash_operator.py
[2024-05-20T02:57:50.309+0000] {logging_mixin.py:188} INFO - [2024-05-20T02:57:50.309+0000] {dag.py:3096} INFO - Sync 1 DAGs
[2024-05-20T02:57:50.320+0000] {logging_mixin.py:188} INFO - [2024-05-20T02:57:50.320+0000] {dag.py:3954} INFO - Setting next_dagrun for example_bash_operator to 2024-05-19 00:00:00+00:00, run_after=2024-05-20 00:00:00+00:00
[2024-05-20T02:57:50.328+0000] {processor.py:183} INFO - Processing /home/airflow/.local/lib/python3.12/site-packages/airflow/example_dags/example_bash_operator.py took 0.043 seconds
[2024-05-20T02:58:21.266+0000] {processor.py:161} INFO - Started process (PID=824) to work on /home/airflow/.local/lib/python3.12/site-packages/airflow/example_dags/example_bash_operator.py
[2024-05-20T02:58:21.266+0000] {processor.py:830} INFO - Processing file /home/airflow/.local/lib/python3.12/site-packages/airflow/example_dags/example_bash_operator.py for tasks to queue
[2024-05-20T02:58:21.268+0000] {logging_mixin.py:188} INFO - [2024-05-20T02:58:21.267+0000] {dagbag.py:545} INFO - Filling up the DagBag from /home/airflow/.local/lib/python3.12/site-packages/airflow/example_dags/example_bash_operator.py
[2024-05-20T02:58:21.274+0000] {processor.py:840} INFO - DAG(s) 'example_bash_operator' retrieved from /home/airflow/.local/lib/python3.12/site-packages/airflow/example_dags/example_bash_operator.py
[2024-05-20T02:58:21.287+0000] {logging_mixin.py:188} INFO - [2024-05-20T02:58:21.287+0000] {dag.py:3096} INFO - Sync 1 DAGs
[2024-05-20T02:58:21.299+0000] {logging_mixin.py:188} INFO - [2024-05-20T02:58:21.299+0000] {dag.py:3954} INFO - Setting next_dagrun for example_bash_operator to 2024-05-19 00:00:00+00:00, run_after=2024-05-20 00:00:00+00:00
[2024-05-20T02:58:21.309+0000] {processor.py:183} INFO - Processing /home/airflow/.local/lib/python3.12/site-packages/airflow/example_dags/example_bash_operator.py took 0.046 seconds
[2024-05-20T02:58:52.005+0000] {processor.py:161} INFO - Started process (PID=882) to work on /home/airflow/.local/lib/python3.12/site-packages/airflow/example_dags/example_bash_operator.py
[2024-05-20T02:58:52.006+0000] {processor.py:830} INFO - Processing file /home/airflow/.local/lib/python3.12/site-packages/airflow/example_dags/example_bash_operator.py for tasks to queue
[2024-05-20T02:58:52.007+0000] {logging_mixin.py:188} INFO - [2024-05-20T02:58:52.007+0000] {dagbag.py:545} INFO - Filling up the DagBag from /home/airflow/.local/lib/python3.12/site-packages/airflow/example_dags/example_bash_operator.py
[2024-05-20T02:58:52.013+0000] {processor.py:840} INFO - DAG(s) 'example_bash_operator' retrieved from /home/airflow/.local/lib/python3.12/site-packages/airflow/example_dags/example_bash_operator.py
[2024-05-20T02:58:52.026+0000] {logging_mixin.py:188} INFO - [2024-05-20T02:58:52.026+0000] {dag.py:3096} INFO - Sync 1 DAGs
[2024-05-20T02:58:52.036+0000] {logging_mixin.py:188} INFO - [2024-05-20T02:58:52.036+0000] {dag.py:3954} INFO - Setting next_dagrun for example_bash_operator to 2024-05-19 00:00:00+00:00, run_after=2024-05-20 00:00:00+00:00
[2024-05-20T02:58:52.045+0000] {processor.py:183} INFO - Processing /home/airflow/.local/lib/python3.12/site-packages/airflow/example_dags/example_bash_operator.py took 0.043 seconds
[2024-05-20T02:59:22.864+0000] {processor.py:161} INFO - Started process (PID=940) to work on /home/airflow/.local/lib/python3.12/site-packages/airflow/example_dags/example_bash_operator.py
[2024-05-20T02:59:22.865+0000] {processor.py:830} INFO - Processing file /home/airflow/.local/lib/python3.12/site-packages/airflow/example_dags/example_bash_operator.py for tasks to queue
[2024-05-20T02:59:22.867+0000] {logging_mixin.py:188} INFO - [2024-05-20T02:59:22.866+0000] {dagbag.py:545} INFO - Filling up the DagBag from /home/airflow/.local/lib/python3.12/site-packages/airflow/example_dags/example_bash_operator.py
[2024-05-20T02:59:22.873+0000] {processor.py:840} INFO - DAG(s) 'example_bash_operator' retrieved from /home/airflow/.local/lib/python3.12/site-packages/airflow/example_dags/example_bash_operator.py
[2024-05-20T02:59:22.890+0000] {logging_mixin.py:188} INFO - [2024-05-20T02:59:22.890+0000] {dag.py:3096} INFO - Sync 1 DAGs
[2024-05-20T02:59:22.903+0000] {logging_mixin.py:188} INFO - [2024-05-20T02:59:22.903+0000] {dag.py:3954} INFO - Setting next_dagrun for example_bash_operator to 2024-05-19 00:00:00+00:00, run_after=2024-05-20 00:00:00+00:00
[2024-05-20T02:59:22.914+0000] {processor.py:183} INFO - Processing /home/airflow/.local/lib/python3.12/site-packages/airflow/example_dags/example_bash_operator.py took 0.053 seconds
[2024-05-20T02:59:53.668+0000] {processor.py:161} INFO - Started process (PID=998) to work on /home/airflow/.local/lib/python3.12/site-packages/airflow/example_dags/example_bash_operator.py
[2024-05-20T02:59:53.668+0000] {processor.py:830} INFO - Processing file /home/airflow/.local/lib/python3.12/site-packages/airflow/example_dags/example_bash_operator.py for tasks to queue
[2024-05-20T02:59:53.669+0000] {logging_mixin.py:188} INFO - [2024-05-20T02:59:53.669+0000] {dagbag.py:545} INFO - Filling up the DagBag from /home/airflow/.local/lib/python3.12/site-packages/airflow/example_dags/example_bash_operator.py
[2024-05-20T02:59:53.675+0000] {processor.py:840} INFO - DAG(s) 'example_bash_operator' retrieved from /home/airflow/.local/lib/python3.12/site-packages/airflow/example_dags/example_bash_operator.py
[2024-05-20T02:59:53.689+0000] {logging_mixin.py:188} INFO - [2024-05-20T02:59:53.689+0000] {dag.py:3096} INFO - Sync 1 DAGs
[2024-05-20T02:59:53.700+0000] {logging_mixin.py:188} INFO - [2024-05-20T02:59:53.700+0000] {dag.py:3954} INFO - Setting next_dagrun for example_bash_operator to 2024-05-19 00:00:00+00:00, run_after=2024-05-20 00:00:00+00:00
[2024-05-20T02:59:53.709+0000] {processor.py:183} INFO - Processing /home/airflow/.local/lib/python3.12/site-packages/airflow/example_dags/example_bash_operator.py took 0.044 seconds
[2024-05-20T03:00:24.360+0000] {processor.py:161} INFO - Started process (PID=1056) to work on /home/airflow/.local/lib/python3.12/site-packages/airflow/example_dags/example_bash_operator.py
[2024-05-20T03:00:24.361+0000] {processor.py:830} INFO - Processing file /home/airflow/.local/lib/python3.12/site-packages/airflow/example_dags/example_bash_operator.py for tasks to queue
[2024-05-20T03:00:24.362+0000] {logging_mixin.py:188} INFO - [2024-05-20T03:00:24.362+0000] {dagbag.py:545} INFO - Filling up the DagBag from /home/airflow/.local/lib/python3.12/site-packages/airflow/example_dags/example_bash_operator.py
[2024-05-20T03:00:24.369+0000] {processor.py:840} INFO - DAG(s) 'example_bash_operator' retrieved from /home/airflow/.local/lib/python3.12/site-packages/airflow/example_dags/example_bash_operator.py
[2024-05-20T03:00:24.382+0000] {logging_mixin.py:188} INFO - [2024-05-20T03:00:24.382+0000] {dag.py:3096} INFO - Sync 1 DAGs
[2024-05-20T03:00:24.392+0000] {logging_mixin.py:188} INFO - [2024-05-20T03:00:24.392+0000] {dag.py:3954} INFO - Setting next_dagrun for example_bash_operator to 2024-05-19 00:00:00+00:00, run_after=2024-05-20 00:00:00+00:00
[2024-05-20T03:00:24.401+0000] {processor.py:183} INFO - Processing /home/airflow/.local/lib/python3.12/site-packages/airflow/example_dags/example_bash_operator.py took 0.044 seconds
[2024-05-20T03:00:55.234+0000] {processor.py:161} INFO - Started process (PID=1114) to work on /home/airflow/.local/lib/python3.12/site-packages/airflow/example_dags/example_bash_operator.py
[2024-05-20T03:00:55.235+0000] {processor.py:830} INFO - Processing file /home/airflow/.local/lib/python3.12/site-packages/airflow/example_dags/example_bash_operator.py for tasks to queue
[2024-05-20T03:00:55.236+0000] {logging_mixin.py:188} INFO - [2024-05-20T03:00:55.236+0000] {dagbag.py:545} INFO - Filling up the DagBag from /home/airflow/.local/lib/python3.12/site-packages/airflow/example_dags/example_bash_operator.py
[2024-05-20T03:00:55.244+0000] {processor.py:840} INFO - DAG(s) 'example_bash_operator' retrieved from /home/airflow/.local/lib/python3.12/site-packages/airflow/example_dags/example_bash_operator.py
[2024-05-20T03:00:55.259+0000] {logging_mixin.py:188} INFO - [2024-05-20T03:00:55.258+0000] {dag.py:3096} INFO - Sync 1 DAGs
[2024-05-20T03:00:55.271+0000] {logging_mixin.py:188} INFO - [2024-05-20T03:00:55.271+0000] {dag.py:3954} INFO - Setting next_dagrun for example_bash_operator to 2024-05-19 00:00:00+00:00, run_after=2024-05-20 00:00:00+00:00
[2024-05-20T03:00:55.282+0000] {processor.py:183} INFO - Processing /home/airflow/.local/lib/python3.12/site-packages/airflow/example_dags/example_bash_operator.py took 0.052 seconds
[2024-05-20T03:01:25.376+0000] {processor.py:161} INFO - Started process (PID=1172) to work on /home/airflow/.local/lib/python3.12/site-packages/airflow/example_dags/example_bash_operator.py
[2024-05-20T03:01:25.377+0000] {processor.py:830} INFO - Processing file /home/airflow/.local/lib/python3.12/site-packages/airflow/example_dags/example_bash_operator.py for tasks to queue
[2024-05-20T03:01:25.378+0000] {logging_mixin.py:188} INFO - [2024-05-20T03:01:25.378+0000] {dagbag.py:545} INFO - Filling up the DagBag from /home/airflow/.local/lib/python3.12/site-packages/airflow/example_dags/example_bash_operator.py
[2024-05-20T03:01:25.383+0000] {processor.py:840} INFO - DAG(s) 'example_bash_operator' retrieved from /home/airflow/.local/lib/python3.12/site-packages/airflow/example_dags/example_bash_operator.py
[2024-05-20T03:01:25.397+0000] {logging_mixin.py:188} INFO - [2024-05-20T03:01:25.397+0000] {dag.py:3096} INFO - Sync 1 DAGs
[2024-05-20T03:01:25.408+0000] {logging_mixin.py:188} INFO - [2024-05-20T03:01:25.408+0000] {dag.py:3954} INFO - Setting next_dagrun for example_bash_operator to 2024-05-19 00:00:00+00:00, run_after=2024-05-20 00:00:00+00:00
[2024-05-20T03:01:25.417+0000] {processor.py:183} INFO - Processing /home/airflow/.local/lib/python3.12/site-packages/airflow/example_dags/example_bash_operator.py took 0.044 seconds
[2024-05-20T03:01:56.041+0000] {processor.py:161} INFO - Started process (PID=1230) to work on /home/airflow/.local/lib/python3.12/site-packages/airflow/example_dags/example_bash_operator.py
[2024-05-20T03:01:56.041+0000] {processor.py:830} INFO - Processing file /home/airflow/.local/lib/python3.12/site-packages/airflow/example_dags/example_bash_operator.py for tasks to queue
[2024-05-20T03:01:56.042+0000] {logging_mixin.py:188} INFO - [2024-05-20T03:01:56.042+0000] {dagbag.py:545} INFO - Filling up the DagBag from /home/airflow/.local/lib/python3.12/site-packages/airflow/example_dags/example_bash_operator.py
[2024-05-20T03:01:56.048+0000] {processor.py:840} INFO - DAG(s) 'example_bash_operator' retrieved from /home/airflow/.local/lib/python3.12/site-packages/airflow/example_dags/example_bash_operator.py
[2024-05-20T03:01:56.061+0000] {logging_mixin.py:188} INFO - [2024-05-20T03:01:56.061+0000] {dag.py:3096} INFO - Sync 1 DAGs
[2024-05-20T03:01:56.071+0000] {logging_mixin.py:188} INFO - [2024-05-20T03:01:56.071+0000] {dag.py:3954} INFO - Setting next_dagrun for example_bash_operator to 2024-05-19 00:00:00+00:00, run_after=2024-05-20 00:00:00+00:00
[2024-05-20T03:01:56.080+0000] {processor.py:183} INFO - Processing /home/airflow/.local/lib/python3.12/site-packages/airflow/example_dags/example_bash_operator.py took 0.042 seconds
[2024-05-20T03:02:26.936+0000] {processor.py:161} INFO - Started process (PID=1288) to work on /home/airflow/.local/lib/python3.12/site-packages/airflow/example_dags/example_bash_operator.py
[2024-05-20T03:02:26.937+0000] {processor.py:830} INFO - Processing file /home/airflow/.local/lib/python3.12/site-packages/airflow/example_dags/example_bash_operator.py for tasks to queue
[2024-05-20T03:02:26.938+0000] {logging_mixin.py:188} INFO - [2024-05-20T03:02:26.938+0000] {dagbag.py:545} INFO - Filling up the DagBag from /home/airflow/.local/lib/python3.12/site-packages/airflow/example_dags/example_bash_operator.py
[2024-05-20T03:02:26.945+0000] {processor.py:840} INFO - DAG(s) 'example_bash_operator' retrieved from /home/airflow/.local/lib/python3.12/site-packages/airflow/example_dags/example_bash_operator.py
[2024-05-20T03:02:26.962+0000] {logging_mixin.py:188} INFO - [2024-05-20T03:02:26.962+0000] {dag.py:3096} INFO - Sync 1 DAGs
[2024-05-20T03:02:26.974+0000] {logging_mixin.py:188} INFO - [2024-05-20T03:02:26.974+0000] {dag.py:3954} INFO - Setting next_dagrun for example_bash_operator to 2024-05-19 00:00:00+00:00, run_after=2024-05-20 00:00:00+00:00
[2024-05-20T03:02:26.984+0000] {processor.py:183} INFO - Processing /home/airflow/.local/lib/python3.12/site-packages/airflow/example_dags/example_bash_operator.py took 0.051 seconds
[2024-05-20T03:02:57.030+0000] {processor.py:161} INFO - Started process (PID=1346) to work on /home/airflow/.local/lib/python3.12/site-packages/airflow/example_dags/example_bash_operator.py
[2024-05-20T03:02:57.031+0000] {processor.py:830} INFO - Processing file /home/airflow/.local/lib/python3.12/site-packages/airflow/example_dags/example_bash_operator.py for tasks to queue
[2024-05-20T03:02:57.033+0000] {logging_mixin.py:188} INFO - [2024-05-20T03:02:57.032+0000] {dagbag.py:545} INFO - Filling up the DagBag from /home/airflow/.local/lib/python3.12/site-packages/airflow/example_dags/example_bash_operator.py
[2024-05-20T03:02:57.039+0000] {processor.py:840} INFO - DAG(s) 'example_bash_operator' retrieved from /home/airflow/.local/lib/python3.12/site-packages/airflow/example_dags/example_bash_operator.py
[2024-05-20T03:02:57.053+0000] {logging_mixin.py:188} INFO - [2024-05-20T03:02:57.053+0000] {dag.py:3096} INFO - Sync 1 DAGs
[2024-05-20T03:02:57.064+0000] {logging_mixin.py:188} INFO - [2024-05-20T03:02:57.063+0000] {dag.py:3954} INFO - Setting next_dagrun for example_bash_operator to 2024-05-19 00:00:00+00:00, run_after=2024-05-20 00:00:00+00:00
[2024-05-20T03:02:57.073+0000] {processor.py:183} INFO - Processing /home/airflow/.local/lib/python3.12/site-packages/airflow/example_dags/example_bash_operator.py took 0.046 seconds
[2024-05-20T03:03:27.836+0000] {processor.py:161} INFO - Started process (PID=1404) to work on /home/airflow/.local/lib/python3.12/site-packages/airflow/example_dags/example_bash_operator.py
[2024-05-20T03:03:27.839+0000] {processor.py:830} INFO - Processing file /home/airflow/.local/lib/python3.12/site-packages/airflow/example_dags/example_bash_operator.py for tasks to queue
[2024-05-20T03:03:27.841+0000] {logging_mixin.py:188} INFO - [2024-05-20T03:03:27.841+0000] {dagbag.py:545} INFO - Filling up the DagBag from /home/airflow/.local/lib/python3.12/site-packages/airflow/example_dags/example_bash_operator.py
[2024-05-20T03:03:27.847+0000] {processor.py:840} INFO - DAG(s) 'example_bash_operator' retrieved from /home/airflow/.local/lib/python3.12/site-packages/airflow/example_dags/example_bash_operator.py
[2024-05-20T03:03:27.862+0000] {logging_mixin.py:188} INFO - [2024-05-20T03:03:27.862+0000] {dag.py:3096} INFO - Sync 1 DAGs
[2024-05-20T03:03:27.873+0000] {logging_mixin.py:188} INFO - [2024-05-20T03:03:27.873+0000] {dag.py:3954} INFO - Setting next_dagrun for example_bash_operator to 2024-05-19 00:00:00+00:00, run_after=2024-05-20 00:00:00+00:00
[2024-05-20T03:03:27.883+0000] {processor.py:183} INFO - Processing /home/airflow/.local/lib/python3.12/site-packages/airflow/example_dags/example_bash_operator.py took 0.050 seconds
[2024-05-20T03:04:14.201+0000] {processor.py:161} INFO - Started process (PID=69) to work on /home/airflow/.local/lib/python3.12/site-packages/airflow/example_dags/example_bash_operator.py
[2024-05-20T03:04:14.202+0000] {processor.py:830} INFO - Processing file /home/airflow/.local/lib/python3.12/site-packages/airflow/example_dags/example_bash_operator.py for tasks to queue
[2024-05-20T03:04:14.205+0000] {logging_mixin.py:188} INFO - [2024-05-20T03:04:14.205+0000] {dagbag.py:545} INFO - Filling up the DagBag from /home/airflow/.local/lib/python3.12/site-packages/airflow/example_dags/example_bash_operator.py
[2024-05-20T03:04:14.213+0000] {processor.py:840} INFO - DAG(s) 'example_bash_operator' retrieved from /home/airflow/.local/lib/python3.12/site-packages/airflow/example_dags/example_bash_operator.py
[2024-05-20T03:04:14.223+0000] {logging_mixin.py:188} INFO - [2024-05-20T03:04:14.223+0000] {dag.py:3096} INFO - Sync 1 DAGs
[2024-05-20T03:04:14.241+0000] {logging_mixin.py:188} INFO - [2024-05-20T03:04:14.241+0000] {dag.py:3954} INFO - Setting next_dagrun for example_bash_operator to 2024-05-19 00:00:00+00:00, run_after=2024-05-20 00:00:00+00:00
[2024-05-20T03:04:14.253+0000] {processor.py:183} INFO - Processing /home/airflow/.local/lib/python3.12/site-packages/airflow/example_dags/example_bash_operator.py took 0.058 seconds
[2024-05-20T03:04:44.897+0000] {processor.py:161} INFO - Started process (PID=127) to work on /home/airflow/.local/lib/python3.12/site-packages/airflow/example_dags/example_bash_operator.py
[2024-05-20T03:04:44.897+0000] {processor.py:830} INFO - Processing file /home/airflow/.local/lib/python3.12/site-packages/airflow/example_dags/example_bash_operator.py for tasks to queue
[2024-05-20T03:04:44.898+0000] {logging_mixin.py:188} INFO - [2024-05-20T03:04:44.898+0000] {dagbag.py:545} INFO - Filling up the DagBag from /home/airflow/.local/lib/python3.12/site-packages/airflow/example_dags/example_bash_operator.py
[2024-05-20T03:04:44.904+0000] {processor.py:840} INFO - DAG(s) 'example_bash_operator' retrieved from /home/airflow/.local/lib/python3.12/site-packages/airflow/example_dags/example_bash_operator.py
[2024-05-20T03:04:44.953+0000] {logging_mixin.py:188} INFO - [2024-05-20T03:04:44.953+0000] {dag.py:3096} INFO - Sync 1 DAGs
[2024-05-20T03:04:44.962+0000] {logging_mixin.py:188} INFO - [2024-05-20T03:04:44.962+0000] {dag.py:3954} INFO - Setting next_dagrun for example_bash_operator to 2024-05-19 00:00:00+00:00, run_after=2024-05-20 00:00:00+00:00
[2024-05-20T03:04:44.970+0000] {processor.py:183} INFO - Processing /home/airflow/.local/lib/python3.12/site-packages/airflow/example_dags/example_bash_operator.py took 0.076 seconds
[2024-05-20T03:05:15.619+0000] {processor.py:161} INFO - Started process (PID=184) to work on /home/airflow/.local/lib/python3.12/site-packages/airflow/example_dags/example_bash_operator.py
[2024-05-20T03:05:15.620+0000] {processor.py:830} INFO - Processing file /home/airflow/.local/lib/python3.12/site-packages/airflow/example_dags/example_bash_operator.py for tasks to queue
[2024-05-20T03:05:15.621+0000] {logging_mixin.py:188} INFO - [2024-05-20T03:05:15.621+0000] {dagbag.py:545} INFO - Filling up the DagBag from /home/airflow/.local/lib/python3.12/site-packages/airflow/example_dags/example_bash_operator.py
[2024-05-20T03:05:15.626+0000] {processor.py:840} INFO - DAG(s) 'example_bash_operator' retrieved from /home/airflow/.local/lib/python3.12/site-packages/airflow/example_dags/example_bash_operator.py
[2024-05-20T03:05:15.640+0000] {logging_mixin.py:188} INFO - [2024-05-20T03:05:15.639+0000] {dag.py:3096} INFO - Sync 1 DAGs
[2024-05-20T03:05:15.651+0000] {logging_mixin.py:188} INFO - [2024-05-20T03:05:15.651+0000] {dag.py:3954} INFO - Setting next_dagrun for example_bash_operator to 2024-05-19 00:00:00+00:00, run_after=2024-05-20 00:00:00+00:00
[2024-05-20T03:05:15.661+0000] {processor.py:183} INFO - Processing /home/airflow/.local/lib/python3.12/site-packages/airflow/example_dags/example_bash_operator.py took 0.044 seconds
[2024-05-20T03:05:46.286+0000] {processor.py:161} INFO - Started process (PID=242) to work on /home/airflow/.local/lib/python3.12/site-packages/airflow/example_dags/example_bash_operator.py
[2024-05-20T03:05:46.287+0000] {processor.py:830} INFO - Processing file /home/airflow/.local/lib/python3.12/site-packages/airflow/example_dags/example_bash_operator.py for tasks to queue
[2024-05-20T03:05:46.288+0000] {logging_mixin.py:188} INFO - [2024-05-20T03:05:46.287+0000] {dagbag.py:545} INFO - Filling up the DagBag from /home/airflow/.local/lib/python3.12/site-packages/airflow/example_dags/example_bash_operator.py
[2024-05-20T03:05:46.294+0000] {processor.py:840} INFO - DAG(s) 'example_bash_operator' retrieved from /home/airflow/.local/lib/python3.12/site-packages/airflow/example_dags/example_bash_operator.py
[2024-05-20T03:05:46.307+0000] {logging_mixin.py:188} INFO - [2024-05-20T03:05:46.307+0000] {dag.py:3096} INFO - Sync 1 DAGs
[2024-05-20T03:05:46.318+0000] {logging_mixin.py:188} INFO - [2024-05-20T03:05:46.318+0000] {dag.py:3954} INFO - Setting next_dagrun for example_bash_operator to 2024-05-19 00:00:00+00:00, run_after=2024-05-20 00:00:00+00:00
[2024-05-20T03:05:46.327+0000] {processor.py:183} INFO - Processing /home/airflow/.local/lib/python3.12/site-packages/airflow/example_dags/example_bash_operator.py took 0.045 seconds
[2024-05-20T03:06:16.986+0000] {processor.py:161} INFO - Started process (PID=299) to work on /home/airflow/.local/lib/python3.12/site-packages/airflow/example_dags/example_bash_operator.py
[2024-05-20T03:06:16.986+0000] {processor.py:830} INFO - Processing file /home/airflow/.local/lib/python3.12/site-packages/airflow/example_dags/example_bash_operator.py for tasks to queue
[2024-05-20T03:06:16.987+0000] {logging_mixin.py:188} INFO - [2024-05-20T03:06:16.987+0000] {dagbag.py:545} INFO - Filling up the DagBag from /home/airflow/.local/lib/python3.12/site-packages/airflow/example_dags/example_bash_operator.py
[2024-05-20T03:06:16.993+0000] {processor.py:840} INFO - DAG(s) 'example_bash_operator' retrieved from /home/airflow/.local/lib/python3.12/site-packages/airflow/example_dags/example_bash_operator.py
[2024-05-20T03:06:17.005+0000] {logging_mixin.py:188} INFO - [2024-05-20T03:06:17.005+0000] {dag.py:3096} INFO - Sync 1 DAGs
[2024-05-20T03:06:17.016+0000] {logging_mixin.py:188} INFO - [2024-05-20T03:06:17.016+0000] {dag.py:3954} INFO - Setting next_dagrun for example_bash_operator to 2024-05-19 00:00:00+00:00, run_after=2024-05-20 00:00:00+00:00
[2024-05-20T03:06:17.024+0000] {processor.py:183} INFO - Processing /home/airflow/.local/lib/python3.12/site-packages/airflow/example_dags/example_bash_operator.py took 0.041 seconds
[2024-05-20T03:06:47.679+0000] {processor.py:161} INFO - Started process (PID=357) to work on /home/airflow/.local/lib/python3.12/site-packages/airflow/example_dags/example_bash_operator.py
[2024-05-20T03:06:47.680+0000] {processor.py:830} INFO - Processing file /home/airflow/.local/lib/python3.12/site-packages/airflow/example_dags/example_bash_operator.py for tasks to queue
[2024-05-20T03:06:47.681+0000] {logging_mixin.py:188} INFO - [2024-05-20T03:06:47.680+0000] {dagbag.py:545} INFO - Filling up the DagBag from /home/airflow/.local/lib/python3.12/site-packages/airflow/example_dags/example_bash_operator.py
[2024-05-20T03:06:47.686+0000] {processor.py:840} INFO - DAG(s) 'example_bash_operator' retrieved from /home/airflow/.local/lib/python3.12/site-packages/airflow/example_dags/example_bash_operator.py
[2024-05-20T03:06:47.699+0000] {logging_mixin.py:188} INFO - [2024-05-20T03:06:47.699+0000] {dag.py:3096} INFO - Sync 1 DAGs
[2024-05-20T03:06:47.710+0000] {logging_mixin.py:188} INFO - [2024-05-20T03:06:47.710+0000] {dag.py:3954} INFO - Setting next_dagrun for example_bash_operator to 2024-05-19 00:00:00+00:00, run_after=2024-05-20 00:00:00+00:00
[2024-05-20T03:06:47.719+0000] {processor.py:183} INFO - Processing /home/airflow/.local/lib/python3.12/site-packages/airflow/example_dags/example_bash_operator.py took 0.043 seconds
[2024-05-20T03:07:18.478+0000] {processor.py:161} INFO - Started process (PID=415) to work on /home/airflow/.local/lib/python3.12/site-packages/airflow/example_dags/example_bash_operator.py
[2024-05-20T03:07:18.479+0000] {processor.py:830} INFO - Processing file /home/airflow/.local/lib/python3.12/site-packages/airflow/example_dags/example_bash_operator.py for tasks to queue
[2024-05-20T03:07:18.482+0000] {logging_mixin.py:188} INFO - [2024-05-20T03:07:18.482+0000] {dagbag.py:545} INFO - Filling up the DagBag from /home/airflow/.local/lib/python3.12/site-packages/airflow/example_dags/example_bash_operator.py
[2024-05-20T03:07:18.488+0000] {processor.py:840} INFO - DAG(s) 'example_bash_operator' retrieved from /home/airflow/.local/lib/python3.12/site-packages/airflow/example_dags/example_bash_operator.py
[2024-05-20T03:07:18.500+0000] {logging_mixin.py:188} INFO - [2024-05-20T03:07:18.500+0000] {dag.py:3096} INFO - Sync 1 DAGs
[2024-05-20T03:07:18.511+0000] {logging_mixin.py:188} INFO - [2024-05-20T03:07:18.510+0000] {dag.py:3954} INFO - Setting next_dagrun for example_bash_operator to 2024-05-19 00:00:00+00:00, run_after=2024-05-20 00:00:00+00:00
[2024-05-20T03:07:18.518+0000] {processor.py:183} INFO - Processing /home/airflow/.local/lib/python3.12/site-packages/airflow/example_dags/example_bash_operator.py took 0.043 seconds
[2024-05-20T03:07:59.711+0000] {processor.py:161} INFO - Started process (PID=70) to work on /home/airflow/.local/lib/python3.12/site-packages/airflow/example_dags/example_bash_operator.py
[2024-05-20T03:07:59.712+0000] {processor.py:830} INFO - Processing file /home/airflow/.local/lib/python3.12/site-packages/airflow/example_dags/example_bash_operator.py for tasks to queue
[2024-05-20T03:07:59.714+0000] {logging_mixin.py:188} INFO - [2024-05-20T03:07:59.714+0000] {dagbag.py:545} INFO - Filling up the DagBag from /home/airflow/.local/lib/python3.12/site-packages/airflow/example_dags/example_bash_operator.py
[2024-05-20T03:07:59.724+0000] {processor.py:840} INFO - DAG(s) 'example_bash_operator' retrieved from /home/airflow/.local/lib/python3.12/site-packages/airflow/example_dags/example_bash_operator.py
[2024-05-20T03:07:59.733+0000] {logging_mixin.py:188} INFO - [2024-05-20T03:07:59.733+0000] {dag.py:3096} INFO - Sync 1 DAGs
[2024-05-20T03:07:59.748+0000] {logging_mixin.py:188} INFO - [2024-05-20T03:07:59.748+0000] {dag.py:3954} INFO - Setting next_dagrun for example_bash_operator to 2024-05-19 00:00:00+00:00, run_after=2024-05-20 00:00:00+00:00
[2024-05-20T03:07:59.759+0000] {processor.py:183} INFO - Processing /home/airflow/.local/lib/python3.12/site-packages/airflow/example_dags/example_bash_operator.py took 0.053 seconds
[2024-05-20T03:08:31.310+0000] {processor.py:161} INFO - Started process (PID=128) to work on /home/airflow/.local/lib/python3.12/site-packages/airflow/example_dags/example_bash_operator.py
[2024-05-20T03:08:31.311+0000] {processor.py:830} INFO - Processing file /home/airflow/.local/lib/python3.12/site-packages/airflow/example_dags/example_bash_operator.py for tasks to queue
[2024-05-20T03:08:31.312+0000] {logging_mixin.py:188} INFO - [2024-05-20T03:08:31.311+0000] {dagbag.py:545} INFO - Filling up the DagBag from /home/airflow/.local/lib/python3.12/site-packages/airflow/example_dags/example_bash_operator.py
[2024-05-20T03:08:31.317+0000] {processor.py:840} INFO - DAG(s) 'example_bash_operator' retrieved from /home/airflow/.local/lib/python3.12/site-packages/airflow/example_dags/example_bash_operator.py
[2024-05-20T03:08:31.364+0000] {logging_mixin.py:188} INFO - [2024-05-20T03:08:31.364+0000] {dag.py:3096} INFO - Sync 1 DAGs
[2024-05-20T03:08:31.373+0000] {logging_mixin.py:188} INFO - [2024-05-20T03:08:31.373+0000] {dag.py:3954} INFO - Setting next_dagrun for example_bash_operator to 2024-05-19 00:00:00+00:00, run_after=2024-05-20 00:00:00+00:00
[2024-05-20T03:08:31.382+0000] {processor.py:183} INFO - Processing /home/airflow/.local/lib/python3.12/site-packages/airflow/example_dags/example_bash_operator.py took 0.075 seconds
[2024-05-20T03:09:02.147+0000] {processor.py:161} INFO - Started process (PID=186) to work on /home/airflow/.local/lib/python3.12/site-packages/airflow/example_dags/example_bash_operator.py
[2024-05-20T03:09:02.147+0000] {processor.py:830} INFO - Processing file /home/airflow/.local/lib/python3.12/site-packages/airflow/example_dags/example_bash_operator.py for tasks to queue
[2024-05-20T03:09:02.148+0000] {logging_mixin.py:188} INFO - [2024-05-20T03:09:02.148+0000] {dagbag.py:545} INFO - Filling up the DagBag from /home/airflow/.local/lib/python3.12/site-packages/airflow/example_dags/example_bash_operator.py
[2024-05-20T03:09:02.154+0000] {processor.py:840} INFO - DAG(s) 'example_bash_operator' retrieved from /home/airflow/.local/lib/python3.12/site-packages/airflow/example_dags/example_bash_operator.py
[2024-05-20T03:09:02.166+0000] {logging_mixin.py:188} INFO - [2024-05-20T03:09:02.166+0000] {dag.py:3096} INFO - Sync 1 DAGs
[2024-05-20T03:09:02.176+0000] {logging_mixin.py:188} INFO - [2024-05-20T03:09:02.176+0000] {dag.py:3954} INFO - Setting next_dagrun for example_bash_operator to 2024-05-19 00:00:00+00:00, run_after=2024-05-20 00:00:00+00:00
[2024-05-20T03:09:02.184+0000] {processor.py:183} INFO - Processing /home/airflow/.local/lib/python3.12/site-packages/airflow/example_dags/example_bash_operator.py took 0.040 seconds
