[2024-05-20T02:51:40.869+0000] {processor.py:161} INFO - Started process (PID=49) to work on /home/airflow/.local/lib/python3.12/site-packages/airflow/example_dags/example_setup_teardown.py
[2024-05-20T02:51:40.870+0000] {processor.py:830} INFO - Processing file /home/airflow/.local/lib/python3.12/site-packages/airflow/example_dags/example_setup_teardown.py for tasks to queue
[2024-05-20T02:51:40.871+0000] {logging_mixin.py:188} INFO - [2024-05-20T02:51:40.871+0000] {dagbag.py:545} INFO - Filling up the DagBag from /home/airflow/.local/lib/python3.12/site-packages/airflow/example_dags/example_setup_teardown.py
[2024-05-20T02:51:40.876+0000] {processor.py:840} INFO - DAG(s) 'example_setup_teardown' retrieved from /home/airflow/.local/lib/python3.12/site-packages/airflow/example_dags/example_setup_teardown.py
[2024-05-20T02:51:40.889+0000] {logging_mixin.py:188} INFO - [2024-05-20T02:51:40.888+0000] {dag.py:3096} INFO - Sync 1 DAGs
[2024-05-20T02:51:40.904+0000] {logging_mixin.py:188} INFO - [2024-05-20T02:51:40.903+0000] {dag.py:3954} INFO - Setting next_dagrun for example_setup_teardown to 2024-05-19 00:00:00+00:00, run_after=2024-05-20 00:00:00+00:00
[2024-05-20T02:51:40.917+0000] {processor.py:183} INFO - Processing /home/airflow/.local/lib/python3.12/site-packages/airflow/example_dags/example_setup_teardown.py took 0.052 seconds
[2024-05-20T02:52:11.036+0000] {processor.py:161} INFO - Started process (PID=107) to work on /home/airflow/.local/lib/python3.12/site-packages/airflow/example_dags/example_setup_teardown.py
[2024-05-20T02:52:11.037+0000] {processor.py:830} INFO - Processing file /home/airflow/.local/lib/python3.12/site-packages/airflow/example_dags/example_setup_teardown.py for tasks to queue
[2024-05-20T02:52:11.038+0000] {logging_mixin.py:188} INFO - [2024-05-20T02:52:11.037+0000] {dagbag.py:545} INFO - Filling up the DagBag from /home/airflow/.local/lib/python3.12/site-packages/airflow/example_dags/example_setup_teardown.py
[2024-05-20T02:52:11.041+0000] {processor.py:840} INFO - DAG(s) 'example_setup_teardown' retrieved from /home/airflow/.local/lib/python3.12/site-packages/airflow/example_dags/example_setup_teardown.py
[2024-05-20T02:52:11.086+0000] {logging_mixin.py:188} INFO - [2024-05-20T02:52:11.086+0000] {dag.py:3096} INFO - Sync 1 DAGs
[2024-05-20T02:52:11.096+0000] {logging_mixin.py:188} INFO - [2024-05-20T02:52:11.096+0000] {dag.py:3954} INFO - Setting next_dagrun for example_setup_teardown to 2024-05-19 00:00:00+00:00, run_after=2024-05-20 00:00:00+00:00
[2024-05-20T02:52:11.104+0000] {processor.py:183} INFO - Processing /home/airflow/.local/lib/python3.12/site-packages/airflow/example_dags/example_setup_teardown.py took 0.071 seconds
[2024-05-20T02:52:42.132+0000] {processor.py:161} INFO - Started process (PID=165) to work on /home/airflow/.local/lib/python3.12/site-packages/airflow/example_dags/example_setup_teardown.py
[2024-05-20T02:52:42.133+0000] {processor.py:830} INFO - Processing file /home/airflow/.local/lib/python3.12/site-packages/airflow/example_dags/example_setup_teardown.py for tasks to queue
[2024-05-20T02:52:42.134+0000] {logging_mixin.py:188} INFO - [2024-05-20T02:52:42.134+0000] {dagbag.py:545} INFO - Filling up the DagBag from /home/airflow/.local/lib/python3.12/site-packages/airflow/example_dags/example_setup_teardown.py
[2024-05-20T02:52:42.137+0000] {processor.py:840} INFO - DAG(s) 'example_setup_teardown' retrieved from /home/airflow/.local/lib/python3.12/site-packages/airflow/example_dags/example_setup_teardown.py
[2024-05-20T02:52:42.148+0000] {logging_mixin.py:188} INFO - [2024-05-20T02:52:42.148+0000] {dag.py:3096} INFO - Sync 1 DAGs
[2024-05-20T02:52:42.158+0000] {logging_mixin.py:188} INFO - [2024-05-20T02:52:42.158+0000] {dag.py:3954} INFO - Setting next_dagrun for example_setup_teardown to 2024-05-19 00:00:00+00:00, run_after=2024-05-20 00:00:00+00:00
[2024-05-20T02:52:42.167+0000] {processor.py:183} INFO - Processing /home/airflow/.local/lib/python3.12/site-packages/airflow/example_dags/example_setup_teardown.py took 0.037 seconds
[2024-05-20T02:53:12.410+0000] {processor.py:161} INFO - Started process (PID=223) to work on /home/airflow/.local/lib/python3.12/site-packages/airflow/example_dags/example_setup_teardown.py
[2024-05-20T02:53:12.411+0000] {processor.py:830} INFO - Processing file /home/airflow/.local/lib/python3.12/site-packages/airflow/example_dags/example_setup_teardown.py for tasks to queue
[2024-05-20T02:53:12.413+0000] {logging_mixin.py:188} INFO - [2024-05-20T02:53:12.412+0000] {dagbag.py:545} INFO - Filling up the DagBag from /home/airflow/.local/lib/python3.12/site-packages/airflow/example_dags/example_setup_teardown.py
[2024-05-20T02:53:12.417+0000] {processor.py:840} INFO - DAG(s) 'example_setup_teardown' retrieved from /home/airflow/.local/lib/python3.12/site-packages/airflow/example_dags/example_setup_teardown.py
[2024-05-20T02:53:12.428+0000] {logging_mixin.py:188} INFO - [2024-05-20T02:53:12.428+0000] {dag.py:3096} INFO - Sync 1 DAGs
[2024-05-20T02:53:12.439+0000] {logging_mixin.py:188} INFO - [2024-05-20T02:53:12.439+0000] {dag.py:3954} INFO - Setting next_dagrun for example_setup_teardown to 2024-05-19 00:00:00+00:00, run_after=2024-05-20 00:00:00+00:00
[2024-05-20T02:53:12.448+0000] {processor.py:183} INFO - Processing /home/airflow/.local/lib/python3.12/site-packages/airflow/example_dags/example_setup_teardown.py took 0.042 seconds
[2024-05-20T02:53:42.510+0000] {processor.py:161} INFO - Started process (PID=281) to work on /home/airflow/.local/lib/python3.12/site-packages/airflow/example_dags/example_setup_teardown.py
[2024-05-20T02:53:42.510+0000] {processor.py:830} INFO - Processing file /home/airflow/.local/lib/python3.12/site-packages/airflow/example_dags/example_setup_teardown.py for tasks to queue
[2024-05-20T02:53:42.511+0000] {logging_mixin.py:188} INFO - [2024-05-20T02:53:42.511+0000] {dagbag.py:545} INFO - Filling up the DagBag from /home/airflow/.local/lib/python3.12/site-packages/airflow/example_dags/example_setup_teardown.py
[2024-05-20T02:53:42.515+0000] {processor.py:840} INFO - DAG(s) 'example_setup_teardown' retrieved from /home/airflow/.local/lib/python3.12/site-packages/airflow/example_dags/example_setup_teardown.py
[2024-05-20T02:53:42.525+0000] {logging_mixin.py:188} INFO - [2024-05-20T02:53:42.525+0000] {dag.py:3096} INFO - Sync 1 DAGs
[2024-05-20T02:53:42.534+0000] {logging_mixin.py:188} INFO - [2024-05-20T02:53:42.534+0000] {dag.py:3954} INFO - Setting next_dagrun for example_setup_teardown to 2024-05-19 00:00:00+00:00, run_after=2024-05-20 00:00:00+00:00
[2024-05-20T02:53:42.542+0000] {processor.py:183} INFO - Processing /home/airflow/.local/lib/python3.12/site-packages/airflow/example_dags/example_setup_teardown.py took 0.036 seconds
[2024-05-20T02:54:13.188+0000] {processor.py:161} INFO - Started process (PID=339) to work on /home/airflow/.local/lib/python3.12/site-packages/airflow/example_dags/example_setup_teardown.py
[2024-05-20T02:54:13.189+0000] {processor.py:830} INFO - Processing file /home/airflow/.local/lib/python3.12/site-packages/airflow/example_dags/example_setup_teardown.py for tasks to queue
[2024-05-20T02:54:13.190+0000] {logging_mixin.py:188} INFO - [2024-05-20T02:54:13.190+0000] {dagbag.py:545} INFO - Filling up the DagBag from /home/airflow/.local/lib/python3.12/site-packages/airflow/example_dags/example_setup_teardown.py
[2024-05-20T02:54:13.193+0000] {processor.py:840} INFO - DAG(s) 'example_setup_teardown' retrieved from /home/airflow/.local/lib/python3.12/site-packages/airflow/example_dags/example_setup_teardown.py
[2024-05-20T02:54:13.203+0000] {logging_mixin.py:188} INFO - [2024-05-20T02:54:13.203+0000] {dag.py:3096} INFO - Sync 1 DAGs
[2024-05-20T02:54:13.213+0000] {logging_mixin.py:188} INFO - [2024-05-20T02:54:13.212+0000] {dag.py:3954} INFO - Setting next_dagrun for example_setup_teardown to 2024-05-19 00:00:00+00:00, run_after=2024-05-20 00:00:00+00:00
[2024-05-20T02:54:13.221+0000] {processor.py:183} INFO - Processing /home/airflow/.local/lib/python3.12/site-packages/airflow/example_dags/example_setup_teardown.py took 0.035 seconds
[2024-05-20T02:54:43.902+0000] {processor.py:161} INFO - Started process (PID=397) to work on /home/airflow/.local/lib/python3.12/site-packages/airflow/example_dags/example_setup_teardown.py
[2024-05-20T02:54:43.903+0000] {processor.py:830} INFO - Processing file /home/airflow/.local/lib/python3.12/site-packages/airflow/example_dags/example_setup_teardown.py for tasks to queue
[2024-05-20T02:54:43.905+0000] {logging_mixin.py:188} INFO - [2024-05-20T02:54:43.904+0000] {dagbag.py:545} INFO - Filling up the DagBag from /home/airflow/.local/lib/python3.12/site-packages/airflow/example_dags/example_setup_teardown.py
[2024-05-20T02:54:43.909+0000] {processor.py:840} INFO - DAG(s) 'example_setup_teardown' retrieved from /home/airflow/.local/lib/python3.12/site-packages/airflow/example_dags/example_setup_teardown.py
[2024-05-20T02:54:43.920+0000] {logging_mixin.py:188} INFO - [2024-05-20T02:54:43.920+0000] {dag.py:3096} INFO - Sync 1 DAGs
[2024-05-20T02:54:43.932+0000] {logging_mixin.py:188} INFO - [2024-05-20T02:54:43.932+0000] {dag.py:3954} INFO - Setting next_dagrun for example_setup_teardown to 2024-05-19 00:00:00+00:00, run_after=2024-05-20 00:00:00+00:00
[2024-05-20T02:54:43.942+0000] {processor.py:183} INFO - Processing /home/airflow/.local/lib/python3.12/site-packages/airflow/example_dags/example_setup_teardown.py took 0.044 seconds
[2024-05-20T02:55:14.788+0000] {processor.py:161} INFO - Started process (PID=455) to work on /home/airflow/.local/lib/python3.12/site-packages/airflow/example_dags/example_setup_teardown.py
[2024-05-20T02:55:14.788+0000] {processor.py:830} INFO - Processing file /home/airflow/.local/lib/python3.12/site-packages/airflow/example_dags/example_setup_teardown.py for tasks to queue
[2024-05-20T02:55:14.790+0000] {logging_mixin.py:188} INFO - [2024-05-20T02:55:14.789+0000] {dagbag.py:545} INFO - Filling up the DagBag from /home/airflow/.local/lib/python3.12/site-packages/airflow/example_dags/example_setup_teardown.py
[2024-05-20T02:55:14.793+0000] {processor.py:840} INFO - DAG(s) 'example_setup_teardown' retrieved from /home/airflow/.local/lib/python3.12/site-packages/airflow/example_dags/example_setup_teardown.py
[2024-05-20T02:55:14.803+0000] {logging_mixin.py:188} INFO - [2024-05-20T02:55:14.803+0000] {dag.py:3096} INFO - Sync 1 DAGs
[2024-05-20T02:55:14.814+0000] {logging_mixin.py:188} INFO - [2024-05-20T02:55:14.814+0000] {dag.py:3954} INFO - Setting next_dagrun for example_setup_teardown to 2024-05-19 00:00:00+00:00, run_after=2024-05-20 00:00:00+00:00
[2024-05-20T02:55:14.823+0000] {processor.py:183} INFO - Processing /home/airflow/.local/lib/python3.12/site-packages/airflow/example_dags/example_setup_teardown.py took 0.038 seconds
[2024-05-20T02:55:45.524+0000] {processor.py:161} INFO - Started process (PID=513) to work on /home/airflow/.local/lib/python3.12/site-packages/airflow/example_dags/example_setup_teardown.py
[2024-05-20T02:55:45.525+0000] {processor.py:830} INFO - Processing file /home/airflow/.local/lib/python3.12/site-packages/airflow/example_dags/example_setup_teardown.py for tasks to queue
[2024-05-20T02:55:45.526+0000] {logging_mixin.py:188} INFO - [2024-05-20T02:55:45.526+0000] {dagbag.py:545} INFO - Filling up the DagBag from /home/airflow/.local/lib/python3.12/site-packages/airflow/example_dags/example_setup_teardown.py
[2024-05-20T02:55:45.530+0000] {processor.py:840} INFO - DAG(s) 'example_setup_teardown' retrieved from /home/airflow/.local/lib/python3.12/site-packages/airflow/example_dags/example_setup_teardown.py
[2024-05-20T02:55:45.542+0000] {logging_mixin.py:188} INFO - [2024-05-20T02:55:45.541+0000] {dag.py:3096} INFO - Sync 1 DAGs
[2024-05-20T02:55:45.552+0000] {logging_mixin.py:188} INFO - [2024-05-20T02:55:45.552+0000] {dag.py:3954} INFO - Setting next_dagrun for example_setup_teardown to 2024-05-19 00:00:00+00:00, run_after=2024-05-20 00:00:00+00:00
[2024-05-20T02:55:45.562+0000] {processor.py:183} INFO - Processing /home/airflow/.local/lib/python3.12/site-packages/airflow/example_dags/example_setup_teardown.py took 0.041 seconds
[2024-05-20T02:56:15.699+0000] {processor.py:161} INFO - Started process (PID=571) to work on /home/airflow/.local/lib/python3.12/site-packages/airflow/example_dags/example_setup_teardown.py
[2024-05-20T02:56:15.700+0000] {processor.py:830} INFO - Processing file /home/airflow/.local/lib/python3.12/site-packages/airflow/example_dags/example_setup_teardown.py for tasks to queue
[2024-05-20T02:56:15.701+0000] {logging_mixin.py:188} INFO - [2024-05-20T02:56:15.701+0000] {dagbag.py:545} INFO - Filling up the DagBag from /home/airflow/.local/lib/python3.12/site-packages/airflow/example_dags/example_setup_teardown.py
[2024-05-20T02:56:15.705+0000] {processor.py:840} INFO - DAG(s) 'example_setup_teardown' retrieved from /home/airflow/.local/lib/python3.12/site-packages/airflow/example_dags/example_setup_teardown.py
[2024-05-20T02:56:15.718+0000] {logging_mixin.py:188} INFO - [2024-05-20T02:56:15.718+0000] {dag.py:3096} INFO - Sync 1 DAGs
[2024-05-20T02:56:15.750+0000] {logging_mixin.py:188} INFO - [2024-05-20T02:56:15.750+0000] {dag.py:3954} INFO - Setting next_dagrun for example_setup_teardown to 2024-05-19 00:00:00+00:00, run_after=2024-05-20 00:00:00+00:00
[2024-05-20T02:56:15.774+0000] {processor.py:183} INFO - Processing /home/airflow/.local/lib/python3.12/site-packages/airflow/example_dags/example_setup_teardown.py took 0.080 seconds
[2024-05-20T02:56:45.906+0000] {processor.py:161} INFO - Started process (PID=629) to work on /home/airflow/.local/lib/python3.12/site-packages/airflow/example_dags/example_setup_teardown.py
[2024-05-20T02:56:45.906+0000] {processor.py:830} INFO - Processing file /home/airflow/.local/lib/python3.12/site-packages/airflow/example_dags/example_setup_teardown.py for tasks to queue
[2024-05-20T02:56:45.908+0000] {logging_mixin.py:188} INFO - [2024-05-20T02:56:45.907+0000] {dagbag.py:545} INFO - Filling up the DagBag from /home/airflow/.local/lib/python3.12/site-packages/airflow/example_dags/example_setup_teardown.py
[2024-05-20T02:56:45.911+0000] {processor.py:840} INFO - DAG(s) 'example_setup_teardown' retrieved from /home/airflow/.local/lib/python3.12/site-packages/airflow/example_dags/example_setup_teardown.py
[2024-05-20T02:56:45.922+0000] {logging_mixin.py:188} INFO - [2024-05-20T02:56:45.922+0000] {dag.py:3096} INFO - Sync 1 DAGs
[2024-05-20T02:56:45.932+0000] {logging_mixin.py:188} INFO - [2024-05-20T02:56:45.932+0000] {dag.py:3954} INFO - Setting next_dagrun for example_setup_teardown to 2024-05-19 00:00:00+00:00, run_after=2024-05-20 00:00:00+00:00
[2024-05-20T02:56:45.940+0000] {processor.py:183} INFO - Processing /home/airflow/.local/lib/python3.12/site-packages/airflow/example_dags/example_setup_teardown.py took 0.037 seconds
[2024-05-20T02:57:16.721+0000] {processor.py:161} INFO - Started process (PID=687) to work on /home/airflow/.local/lib/python3.12/site-packages/airflow/example_dags/example_setup_teardown.py
[2024-05-20T02:57:16.722+0000] {processor.py:830} INFO - Processing file /home/airflow/.local/lib/python3.12/site-packages/airflow/example_dags/example_setup_teardown.py for tasks to queue
[2024-05-20T02:57:16.723+0000] {logging_mixin.py:188} INFO - [2024-05-20T02:57:16.723+0000] {dagbag.py:545} INFO - Filling up the DagBag from /home/airflow/.local/lib/python3.12/site-packages/airflow/example_dags/example_setup_teardown.py
[2024-05-20T02:57:16.727+0000] {processor.py:840} INFO - DAG(s) 'example_setup_teardown' retrieved from /home/airflow/.local/lib/python3.12/site-packages/airflow/example_dags/example_setup_teardown.py
[2024-05-20T02:57:16.739+0000] {logging_mixin.py:188} INFO - [2024-05-20T02:57:16.739+0000] {dag.py:3096} INFO - Sync 1 DAGs
[2024-05-20T02:57:16.750+0000] {logging_mixin.py:188} INFO - [2024-05-20T02:57:16.750+0000] {dag.py:3954} INFO - Setting next_dagrun for example_setup_teardown to 2024-05-19 00:00:00+00:00, run_after=2024-05-20 00:00:00+00:00
[2024-05-20T02:57:16.759+0000] {processor.py:183} INFO - Processing /home/airflow/.local/lib/python3.12/site-packages/airflow/example_dags/example_setup_teardown.py took 0.041 seconds
[2024-05-20T02:57:47.572+0000] {processor.py:161} INFO - Started process (PID=745) to work on /home/airflow/.local/lib/python3.12/site-packages/airflow/example_dags/example_setup_teardown.py
[2024-05-20T02:57:47.573+0000] {processor.py:830} INFO - Processing file /home/airflow/.local/lib/python3.12/site-packages/airflow/example_dags/example_setup_teardown.py for tasks to queue
[2024-05-20T02:57:47.574+0000] {logging_mixin.py:188} INFO - [2024-05-20T02:57:47.574+0000] {dagbag.py:545} INFO - Filling up the DagBag from /home/airflow/.local/lib/python3.12/site-packages/airflow/example_dags/example_setup_teardown.py
[2024-05-20T02:57:47.580+0000] {processor.py:840} INFO - DAG(s) 'example_setup_teardown' retrieved from /home/airflow/.local/lib/python3.12/site-packages/airflow/example_dags/example_setup_teardown.py
[2024-05-20T02:57:47.595+0000] {logging_mixin.py:188} INFO - [2024-05-20T02:57:47.594+0000] {dag.py:3096} INFO - Sync 1 DAGs
[2024-05-20T02:57:47.605+0000] {logging_mixin.py:188} INFO - [2024-05-20T02:57:47.605+0000] {dag.py:3954} INFO - Setting next_dagrun for example_setup_teardown to 2024-05-19 00:00:00+00:00, run_after=2024-05-20 00:00:00+00:00
[2024-05-20T02:57:47.637+0000] {processor.py:183} INFO - Processing /home/airflow/.local/lib/python3.12/site-packages/airflow/example_dags/example_setup_teardown.py took 0.070 seconds
[2024-05-20T02:58:18.598+0000] {processor.py:161} INFO - Started process (PID=803) to work on /home/airflow/.local/lib/python3.12/site-packages/airflow/example_dags/example_setup_teardown.py
[2024-05-20T02:58:18.599+0000] {processor.py:830} INFO - Processing file /home/airflow/.local/lib/python3.12/site-packages/airflow/example_dags/example_setup_teardown.py for tasks to queue
[2024-05-20T02:58:18.600+0000] {logging_mixin.py:188} INFO - [2024-05-20T02:58:18.600+0000] {dagbag.py:545} INFO - Filling up the DagBag from /home/airflow/.local/lib/python3.12/site-packages/airflow/example_dags/example_setup_teardown.py
[2024-05-20T02:58:18.604+0000] {processor.py:840} INFO - DAG(s) 'example_setup_teardown' retrieved from /home/airflow/.local/lib/python3.12/site-packages/airflow/example_dags/example_setup_teardown.py
[2024-05-20T02:58:18.615+0000] {logging_mixin.py:188} INFO - [2024-05-20T02:58:18.615+0000] {dag.py:3096} INFO - Sync 1 DAGs
[2024-05-20T02:58:18.626+0000] {logging_mixin.py:188} INFO - [2024-05-20T02:58:18.626+0000] {dag.py:3954} INFO - Setting next_dagrun for example_setup_teardown to 2024-05-19 00:00:00+00:00, run_after=2024-05-20 00:00:00+00:00
[2024-05-20T02:58:18.636+0000] {processor.py:183} INFO - Processing /home/airflow/.local/lib/python3.12/site-packages/airflow/example_dags/example_setup_teardown.py took 0.041 seconds
[2024-05-20T02:58:49.327+0000] {processor.py:161} INFO - Started process (PID=861) to work on /home/airflow/.local/lib/python3.12/site-packages/airflow/example_dags/example_setup_teardown.py
[2024-05-20T02:58:49.328+0000] {processor.py:830} INFO - Processing file /home/airflow/.local/lib/python3.12/site-packages/airflow/example_dags/example_setup_teardown.py for tasks to queue
[2024-05-20T02:58:49.329+0000] {logging_mixin.py:188} INFO - [2024-05-20T02:58:49.328+0000] {dagbag.py:545} INFO - Filling up the DagBag from /home/airflow/.local/lib/python3.12/site-packages/airflow/example_dags/example_setup_teardown.py
[2024-05-20T02:58:49.332+0000] {processor.py:840} INFO - DAG(s) 'example_setup_teardown' retrieved from /home/airflow/.local/lib/python3.12/site-packages/airflow/example_dags/example_setup_teardown.py
[2024-05-20T02:58:49.345+0000] {logging_mixin.py:188} INFO - [2024-05-20T02:58:49.345+0000] {dag.py:3096} INFO - Sync 1 DAGs
[2024-05-20T02:58:49.357+0000] {logging_mixin.py:188} INFO - [2024-05-20T02:58:49.357+0000] {dag.py:3954} INFO - Setting next_dagrun for example_setup_teardown to 2024-05-19 00:00:00+00:00, run_after=2024-05-20 00:00:00+00:00
[2024-05-20T02:58:49.369+0000] {processor.py:183} INFO - Processing /home/airflow/.local/lib/python3.12/site-packages/airflow/example_dags/example_setup_teardown.py took 0.045 seconds
[2024-05-20T02:59:20.157+0000] {processor.py:161} INFO - Started process (PID=919) to work on /home/airflow/.local/lib/python3.12/site-packages/airflow/example_dags/example_setup_teardown.py
[2024-05-20T02:59:20.158+0000] {processor.py:830} INFO - Processing file /home/airflow/.local/lib/python3.12/site-packages/airflow/example_dags/example_setup_teardown.py for tasks to queue
[2024-05-20T02:59:20.159+0000] {logging_mixin.py:188} INFO - [2024-05-20T02:59:20.159+0000] {dagbag.py:545} INFO - Filling up the DagBag from /home/airflow/.local/lib/python3.12/site-packages/airflow/example_dags/example_setup_teardown.py
[2024-05-20T02:59:20.163+0000] {processor.py:840} INFO - DAG(s) 'example_setup_teardown' retrieved from /home/airflow/.local/lib/python3.12/site-packages/airflow/example_dags/example_setup_teardown.py
[2024-05-20T02:59:20.176+0000] {logging_mixin.py:188} INFO - [2024-05-20T02:59:20.176+0000] {dag.py:3096} INFO - Sync 1 DAGs
[2024-05-20T02:59:20.188+0000] {logging_mixin.py:188} INFO - [2024-05-20T02:59:20.187+0000] {dag.py:3954} INFO - Setting next_dagrun for example_setup_teardown to 2024-05-19 00:00:00+00:00, run_after=2024-05-20 00:00:00+00:00
[2024-05-20T02:59:20.198+0000] {processor.py:183} INFO - Processing /home/airflow/.local/lib/python3.12/site-packages/airflow/example_dags/example_setup_teardown.py took 0.044 seconds
[2024-05-20T02:59:51.029+0000] {processor.py:161} INFO - Started process (PID=977) to work on /home/airflow/.local/lib/python3.12/site-packages/airflow/example_dags/example_setup_teardown.py
[2024-05-20T02:59:51.030+0000] {processor.py:830} INFO - Processing file /home/airflow/.local/lib/python3.12/site-packages/airflow/example_dags/example_setup_teardown.py for tasks to queue
[2024-05-20T02:59:51.033+0000] {logging_mixin.py:188} INFO - [2024-05-20T02:59:51.032+0000] {dagbag.py:545} INFO - Filling up the DagBag from /home/airflow/.local/lib/python3.12/site-packages/airflow/example_dags/example_setup_teardown.py
[2024-05-20T02:59:51.041+0000] {processor.py:840} INFO - DAG(s) 'example_setup_teardown' retrieved from /home/airflow/.local/lib/python3.12/site-packages/airflow/example_dags/example_setup_teardown.py
[2024-05-20T02:59:51.058+0000] {logging_mixin.py:188} INFO - [2024-05-20T02:59:51.058+0000] {dag.py:3096} INFO - Sync 1 DAGs
[2024-05-20T02:59:51.070+0000] {logging_mixin.py:188} INFO - [2024-05-20T02:59:51.070+0000] {dag.py:3954} INFO - Setting next_dagrun for example_setup_teardown to 2024-05-19 00:00:00+00:00, run_after=2024-05-20 00:00:00+00:00
[2024-05-20T02:59:51.081+0000] {processor.py:183} INFO - Processing /home/airflow/.local/lib/python3.12/site-packages/airflow/example_dags/example_setup_teardown.py took 0.060 seconds
[2024-05-20T03:00:21.823+0000] {processor.py:161} INFO - Started process (PID=1035) to work on /home/airflow/.local/lib/python3.12/site-packages/airflow/example_dags/example_setup_teardown.py
[2024-05-20T03:00:21.824+0000] {processor.py:830} INFO - Processing file /home/airflow/.local/lib/python3.12/site-packages/airflow/example_dags/example_setup_teardown.py for tasks to queue
[2024-05-20T03:00:21.826+0000] {logging_mixin.py:188} INFO - [2024-05-20T03:00:21.825+0000] {dagbag.py:545} INFO - Filling up the DagBag from /home/airflow/.local/lib/python3.12/site-packages/airflow/example_dags/example_setup_teardown.py
[2024-05-20T03:00:21.830+0000] {processor.py:840} INFO - DAG(s) 'example_setup_teardown' retrieved from /home/airflow/.local/lib/python3.12/site-packages/airflow/example_dags/example_setup_teardown.py
[2024-05-20T03:00:21.848+0000] {logging_mixin.py:188} INFO - [2024-05-20T03:00:21.848+0000] {dag.py:3096} INFO - Sync 1 DAGs
[2024-05-20T03:00:21.858+0000] {logging_mixin.py:188} INFO - [2024-05-20T03:00:21.858+0000] {dag.py:3954} INFO - Setting next_dagrun for example_setup_teardown to 2024-05-19 00:00:00+00:00, run_after=2024-05-20 00:00:00+00:00
[2024-05-20T03:00:21.868+0000] {processor.py:183} INFO - Processing /home/airflow/.local/lib/python3.12/site-packages/airflow/example_dags/example_setup_teardown.py took 0.053 seconds
[2024-05-20T03:00:52.448+0000] {processor.py:161} INFO - Started process (PID=1093) to work on /home/airflow/.local/lib/python3.12/site-packages/airflow/example_dags/example_setup_teardown.py
[2024-05-20T03:00:52.449+0000] {processor.py:830} INFO - Processing file /home/airflow/.local/lib/python3.12/site-packages/airflow/example_dags/example_setup_teardown.py for tasks to queue
[2024-05-20T03:00:52.450+0000] {logging_mixin.py:188} INFO - [2024-05-20T03:00:52.450+0000] {dagbag.py:545} INFO - Filling up the DagBag from /home/airflow/.local/lib/python3.12/site-packages/airflow/example_dags/example_setup_teardown.py
[2024-05-20T03:00:52.455+0000] {processor.py:840} INFO - DAG(s) 'example_setup_teardown' retrieved from /home/airflow/.local/lib/python3.12/site-packages/airflow/example_dags/example_setup_teardown.py
[2024-05-20T03:00:52.467+0000] {logging_mixin.py:188} INFO - [2024-05-20T03:00:52.467+0000] {dag.py:3096} INFO - Sync 1 DAGs
[2024-05-20T03:00:52.478+0000] {logging_mixin.py:188} INFO - [2024-05-20T03:00:52.478+0000] {dag.py:3954} INFO - Setting next_dagrun for example_setup_teardown to 2024-05-19 00:00:00+00:00, run_after=2024-05-20 00:00:00+00:00
[2024-05-20T03:00:52.489+0000] {processor.py:183} INFO - Processing /home/airflow/.local/lib/python3.12/site-packages/airflow/example_dags/example_setup_teardown.py took 0.047 seconds
[2024-05-20T03:01:22.676+0000] {processor.py:161} INFO - Started process (PID=1151) to work on /home/airflow/.local/lib/python3.12/site-packages/airflow/example_dags/example_setup_teardown.py
[2024-05-20T03:01:22.678+0000] {processor.py:830} INFO - Processing file /home/airflow/.local/lib/python3.12/site-packages/airflow/example_dags/example_setup_teardown.py for tasks to queue
[2024-05-20T03:01:22.681+0000] {logging_mixin.py:188} INFO - [2024-05-20T03:01:22.680+0000] {dagbag.py:545} INFO - Filling up the DagBag from /home/airflow/.local/lib/python3.12/site-packages/airflow/example_dags/example_setup_teardown.py
[2024-05-20T03:01:22.692+0000] {processor.py:840} INFO - DAG(s) 'example_setup_teardown' retrieved from /home/airflow/.local/lib/python3.12/site-packages/airflow/example_dags/example_setup_teardown.py
[2024-05-20T03:01:22.710+0000] {logging_mixin.py:188} INFO - [2024-05-20T03:01:22.709+0000] {dag.py:3096} INFO - Sync 1 DAGs
[2024-05-20T03:01:22.722+0000] {logging_mixin.py:188} INFO - [2024-05-20T03:01:22.722+0000] {dag.py:3954} INFO - Setting next_dagrun for example_setup_teardown to 2024-05-19 00:00:00+00:00, run_after=2024-05-20 00:00:00+00:00
[2024-05-20T03:01:22.732+0000] {processor.py:183} INFO - Processing /home/airflow/.local/lib/python3.12/site-packages/airflow/example_dags/example_setup_teardown.py took 0.065 seconds
[2024-05-20T03:01:53.402+0000] {processor.py:161} INFO - Started process (PID=1209) to work on /home/airflow/.local/lib/python3.12/site-packages/airflow/example_dags/example_setup_teardown.py
[2024-05-20T03:01:53.403+0000] {processor.py:830} INFO - Processing file /home/airflow/.local/lib/python3.12/site-packages/airflow/example_dags/example_setup_teardown.py for tasks to queue
[2024-05-20T03:01:53.406+0000] {logging_mixin.py:188} INFO - [2024-05-20T03:01:53.405+0000] {dagbag.py:545} INFO - Filling up the DagBag from /home/airflow/.local/lib/python3.12/site-packages/airflow/example_dags/example_setup_teardown.py
[2024-05-20T03:01:53.414+0000] {processor.py:840} INFO - DAG(s) 'example_setup_teardown' retrieved from /home/airflow/.local/lib/python3.12/site-packages/airflow/example_dags/example_setup_teardown.py
[2024-05-20T03:01:53.434+0000] {logging_mixin.py:188} INFO - [2024-05-20T03:01:53.433+0000] {dag.py:3096} INFO - Sync 1 DAGs
[2024-05-20T03:01:53.447+0000] {logging_mixin.py:188} INFO - [2024-05-20T03:01:53.447+0000] {dag.py:3954} INFO - Setting next_dagrun for example_setup_teardown to 2024-05-19 00:00:00+00:00, run_after=2024-05-20 00:00:00+00:00
[2024-05-20T03:01:53.457+0000] {processor.py:183} INFO - Processing /home/airflow/.local/lib/python3.12/site-packages/airflow/example_dags/example_setup_teardown.py took 0.063 seconds
[2024-05-20T03:02:24.180+0000] {processor.py:161} INFO - Started process (PID=1267) to work on /home/airflow/.local/lib/python3.12/site-packages/airflow/example_dags/example_setup_teardown.py
[2024-05-20T03:02:24.181+0000] {processor.py:830} INFO - Processing file /home/airflow/.local/lib/python3.12/site-packages/airflow/example_dags/example_setup_teardown.py for tasks to queue
[2024-05-20T03:02:24.184+0000] {logging_mixin.py:188} INFO - [2024-05-20T03:02:24.183+0000] {dagbag.py:545} INFO - Filling up the DagBag from /home/airflow/.local/lib/python3.12/site-packages/airflow/example_dags/example_setup_teardown.py
[2024-05-20T03:02:24.190+0000] {processor.py:840} INFO - DAG(s) 'example_setup_teardown' retrieved from /home/airflow/.local/lib/python3.12/site-packages/airflow/example_dags/example_setup_teardown.py
[2024-05-20T03:02:24.211+0000] {logging_mixin.py:188} INFO - [2024-05-20T03:02:24.211+0000] {dag.py:3096} INFO - Sync 1 DAGs
[2024-05-20T03:02:24.226+0000] {logging_mixin.py:188} INFO - [2024-05-20T03:02:24.226+0000] {dag.py:3954} INFO - Setting next_dagrun for example_setup_teardown to 2024-05-19 00:00:00+00:00, run_after=2024-05-20 00:00:00+00:00
[2024-05-20T03:02:24.239+0000] {processor.py:183} INFO - Processing /home/airflow/.local/lib/python3.12/site-packages/airflow/example_dags/example_setup_teardown.py took 0.067 seconds
[2024-05-20T03:02:54.319+0000] {processor.py:161} INFO - Started process (PID=1325) to work on /home/airflow/.local/lib/python3.12/site-packages/airflow/example_dags/example_setup_teardown.py
[2024-05-20T03:02:54.321+0000] {processor.py:830} INFO - Processing file /home/airflow/.local/lib/python3.12/site-packages/airflow/example_dags/example_setup_teardown.py for tasks to queue
[2024-05-20T03:02:54.323+0000] {logging_mixin.py:188} INFO - [2024-05-20T03:02:54.323+0000] {dagbag.py:545} INFO - Filling up the DagBag from /home/airflow/.local/lib/python3.12/site-packages/airflow/example_dags/example_setup_teardown.py
[2024-05-20T03:02:54.332+0000] {processor.py:840} INFO - DAG(s) 'example_setup_teardown' retrieved from /home/airflow/.local/lib/python3.12/site-packages/airflow/example_dags/example_setup_teardown.py
[2024-05-20T03:02:54.350+0000] {logging_mixin.py:188} INFO - [2024-05-20T03:02:54.349+0000] {dag.py:3096} INFO - Sync 1 DAGs
[2024-05-20T03:02:54.361+0000] {logging_mixin.py:188} INFO - [2024-05-20T03:02:54.361+0000] {dag.py:3954} INFO - Setting next_dagrun for example_setup_teardown to 2024-05-19 00:00:00+00:00, run_after=2024-05-20 00:00:00+00:00
[2024-05-20T03:02:54.371+0000] {processor.py:183} INFO - Processing /home/airflow/.local/lib/python3.12/site-packages/airflow/example_dags/example_setup_teardown.py took 0.061 seconds
[2024-05-20T03:03:24.434+0000] {processor.py:161} INFO - Started process (PID=1383) to work on /home/airflow/.local/lib/python3.12/site-packages/airflow/example_dags/example_setup_teardown.py
[2024-05-20T03:03:24.435+0000] {processor.py:830} INFO - Processing file /home/airflow/.local/lib/python3.12/site-packages/airflow/example_dags/example_setup_teardown.py for tasks to queue
[2024-05-20T03:03:24.436+0000] {logging_mixin.py:188} INFO - [2024-05-20T03:03:24.436+0000] {dagbag.py:545} INFO - Filling up the DagBag from /home/airflow/.local/lib/python3.12/site-packages/airflow/example_dags/example_setup_teardown.py
[2024-05-20T03:03:24.443+0000] {processor.py:840} INFO - DAG(s) 'example_setup_teardown' retrieved from /home/airflow/.local/lib/python3.12/site-packages/airflow/example_dags/example_setup_teardown.py
[2024-05-20T03:03:24.456+0000] {logging_mixin.py:188} INFO - [2024-05-20T03:03:24.456+0000] {dag.py:3096} INFO - Sync 1 DAGs
[2024-05-20T03:03:24.470+0000] {logging_mixin.py:188} INFO - [2024-05-20T03:03:24.470+0000] {dag.py:3954} INFO - Setting next_dagrun for example_setup_teardown to 2024-05-19 00:00:00+00:00, run_after=2024-05-20 00:00:00+00:00
[2024-05-20T03:03:24.481+0000] {processor.py:183} INFO - Processing /home/airflow/.local/lib/python3.12/site-packages/airflow/example_dags/example_setup_teardown.py took 0.053 seconds
[2024-05-20T03:04:13.315+0000] {processor.py:161} INFO - Started process (PID=48) to work on /home/airflow/.local/lib/python3.12/site-packages/airflow/example_dags/example_setup_teardown.py
[2024-05-20T03:04:13.318+0000] {processor.py:830} INFO - Processing file /home/airflow/.local/lib/python3.12/site-packages/airflow/example_dags/example_setup_teardown.py for tasks to queue
[2024-05-20T03:04:13.319+0000] {logging_mixin.py:188} INFO - [2024-05-20T03:04:13.319+0000] {dagbag.py:545} INFO - Filling up the DagBag from /home/airflow/.local/lib/python3.12/site-packages/airflow/example_dags/example_setup_teardown.py
[2024-05-20T03:04:13.325+0000] {processor.py:840} INFO - DAG(s) 'example_setup_teardown' retrieved from /home/airflow/.local/lib/python3.12/site-packages/airflow/example_dags/example_setup_teardown.py
[2024-05-20T03:04:13.334+0000] {logging_mixin.py:188} INFO - [2024-05-20T03:04:13.334+0000] {dag.py:3096} INFO - Sync 1 DAGs
[2024-05-20T03:04:13.355+0000] {logging_mixin.py:188} INFO - [2024-05-20T03:04:13.354+0000] {dag.py:3954} INFO - Setting next_dagrun for example_setup_teardown to 2024-05-19 00:00:00+00:00, run_after=2024-05-20 00:00:00+00:00
[2024-05-20T03:04:13.366+0000] {processor.py:183} INFO - Processing /home/airflow/.local/lib/python3.12/site-packages/airflow/example_dags/example_setup_teardown.py took 0.054 seconds
[2024-05-20T03:04:43.780+0000] {processor.py:161} INFO - Started process (PID=106) to work on /home/airflow/.local/lib/python3.12/site-packages/airflow/example_dags/example_setup_teardown.py
[2024-05-20T03:04:43.787+0000] {processor.py:830} INFO - Processing file /home/airflow/.local/lib/python3.12/site-packages/airflow/example_dags/example_setup_teardown.py for tasks to queue
[2024-05-20T03:04:43.788+0000] {logging_mixin.py:188} INFO - [2024-05-20T03:04:43.788+0000] {dagbag.py:545} INFO - Filling up the DagBag from /home/airflow/.local/lib/python3.12/site-packages/airflow/example_dags/example_setup_teardown.py
[2024-05-20T03:04:43.792+0000] {processor.py:840} INFO - DAG(s) 'example_setup_teardown' retrieved from /home/airflow/.local/lib/python3.12/site-packages/airflow/example_dags/example_setup_teardown.py
[2024-05-20T03:04:43.844+0000] {logging_mixin.py:188} INFO - [2024-05-20T03:04:43.844+0000] {dag.py:3096} INFO - Sync 1 DAGs
[2024-05-20T03:04:43.854+0000] {logging_mixin.py:188} INFO - [2024-05-20T03:04:43.854+0000] {dag.py:3954} INFO - Setting next_dagrun for example_setup_teardown to 2024-05-19 00:00:00+00:00, run_after=2024-05-20 00:00:00+00:00
[2024-05-20T03:04:43.864+0000] {processor.py:183} INFO - Processing /home/airflow/.local/lib/python3.12/site-packages/airflow/example_dags/example_setup_teardown.py took 0.087 seconds
[2024-05-20T03:05:14.000+0000] {processor.py:161} INFO - Started process (PID=163) to work on /home/airflow/.local/lib/python3.12/site-packages/airflow/example_dags/example_setup_teardown.py
[2024-05-20T03:05:14.001+0000] {processor.py:830} INFO - Processing file /home/airflow/.local/lib/python3.12/site-packages/airflow/example_dags/example_setup_teardown.py for tasks to queue
[2024-05-20T03:05:14.002+0000] {logging_mixin.py:188} INFO - [2024-05-20T03:05:14.001+0000] {dagbag.py:545} INFO - Filling up the DagBag from /home/airflow/.local/lib/python3.12/site-packages/airflow/example_dags/example_setup_teardown.py
[2024-05-20T03:05:14.005+0000] {processor.py:840} INFO - DAG(s) 'example_setup_teardown' retrieved from /home/airflow/.local/lib/python3.12/site-packages/airflow/example_dags/example_setup_teardown.py
[2024-05-20T03:05:14.015+0000] {logging_mixin.py:188} INFO - [2024-05-20T03:05:14.015+0000] {dag.py:3096} INFO - Sync 1 DAGs
[2024-05-20T03:05:14.025+0000] {logging_mixin.py:188} INFO - [2024-05-20T03:05:14.025+0000] {dag.py:3954} INFO - Setting next_dagrun for example_setup_teardown to 2024-05-19 00:00:00+00:00, run_after=2024-05-20 00:00:00+00:00
[2024-05-20T03:05:14.034+0000] {processor.py:183} INFO - Processing /home/airflow/.local/lib/python3.12/site-packages/airflow/example_dags/example_setup_teardown.py took 0.036 seconds
[2024-05-20T03:05:44.653+0000] {processor.py:161} INFO - Started process (PID=221) to work on /home/airflow/.local/lib/python3.12/site-packages/airflow/example_dags/example_setup_teardown.py
[2024-05-20T03:05:44.654+0000] {processor.py:830} INFO - Processing file /home/airflow/.local/lib/python3.12/site-packages/airflow/example_dags/example_setup_teardown.py for tasks to queue
[2024-05-20T03:05:44.655+0000] {logging_mixin.py:188} INFO - [2024-05-20T03:05:44.655+0000] {dagbag.py:545} INFO - Filling up the DagBag from /home/airflow/.local/lib/python3.12/site-packages/airflow/example_dags/example_setup_teardown.py
[2024-05-20T03:05:44.659+0000] {processor.py:840} INFO - DAG(s) 'example_setup_teardown' retrieved from /home/airflow/.local/lib/python3.12/site-packages/airflow/example_dags/example_setup_teardown.py
[2024-05-20T03:05:44.669+0000] {logging_mixin.py:188} INFO - [2024-05-20T03:05:44.669+0000] {dag.py:3096} INFO - Sync 1 DAGs
[2024-05-20T03:05:44.681+0000] {logging_mixin.py:188} INFO - [2024-05-20T03:05:44.681+0000] {dag.py:3954} INFO - Setting next_dagrun for example_setup_teardown to 2024-05-19 00:00:00+00:00, run_after=2024-05-20 00:00:00+00:00
[2024-05-20T03:05:44.690+0000] {processor.py:183} INFO - Processing /home/airflow/.local/lib/python3.12/site-packages/airflow/example_dags/example_setup_teardown.py took 0.040 seconds
[2024-05-20T03:06:15.359+0000] {processor.py:161} INFO - Started process (PID=278) to work on /home/airflow/.local/lib/python3.12/site-packages/airflow/example_dags/example_setup_teardown.py
[2024-05-20T03:06:15.359+0000] {processor.py:830} INFO - Processing file /home/airflow/.local/lib/python3.12/site-packages/airflow/example_dags/example_setup_teardown.py for tasks to queue
[2024-05-20T03:06:15.360+0000] {logging_mixin.py:188} INFO - [2024-05-20T03:06:15.360+0000] {dagbag.py:545} INFO - Filling up the DagBag from /home/airflow/.local/lib/python3.12/site-packages/airflow/example_dags/example_setup_teardown.py
[2024-05-20T03:06:15.363+0000] {processor.py:840} INFO - DAG(s) 'example_setup_teardown' retrieved from /home/airflow/.local/lib/python3.12/site-packages/airflow/example_dags/example_setup_teardown.py
[2024-05-20T03:06:15.374+0000] {logging_mixin.py:188} INFO - [2024-05-20T03:06:15.374+0000] {dag.py:3096} INFO - Sync 1 DAGs
[2024-05-20T03:06:15.384+0000] {logging_mixin.py:188} INFO - [2024-05-20T03:06:15.384+0000] {dag.py:3954} INFO - Setting next_dagrun for example_setup_teardown to 2024-05-19 00:00:00+00:00, run_after=2024-05-20 00:00:00+00:00
[2024-05-20T03:06:15.394+0000] {processor.py:183} INFO - Processing /home/airflow/.local/lib/python3.12/site-packages/airflow/example_dags/example_setup_teardown.py took 0.038 seconds
[2024-05-20T03:06:46.069+0000] {processor.py:161} INFO - Started process (PID=336) to work on /home/airflow/.local/lib/python3.12/site-packages/airflow/example_dags/example_setup_teardown.py
[2024-05-20T03:06:46.069+0000] {processor.py:830} INFO - Processing file /home/airflow/.local/lib/python3.12/site-packages/airflow/example_dags/example_setup_teardown.py for tasks to queue
[2024-05-20T03:06:46.070+0000] {logging_mixin.py:188} INFO - [2024-05-20T03:06:46.070+0000] {dagbag.py:545} INFO - Filling up the DagBag from /home/airflow/.local/lib/python3.12/site-packages/airflow/example_dags/example_setup_teardown.py
[2024-05-20T03:06:46.073+0000] {processor.py:840} INFO - DAG(s) 'example_setup_teardown' retrieved from /home/airflow/.local/lib/python3.12/site-packages/airflow/example_dags/example_setup_teardown.py
[2024-05-20T03:06:46.083+0000] {logging_mixin.py:188} INFO - [2024-05-20T03:06:46.083+0000] {dag.py:3096} INFO - Sync 1 DAGs
[2024-05-20T03:06:46.094+0000] {logging_mixin.py:188} INFO - [2024-05-20T03:06:46.094+0000] {dag.py:3954} INFO - Setting next_dagrun for example_setup_teardown to 2024-05-19 00:00:00+00:00, run_after=2024-05-20 00:00:00+00:00
[2024-05-20T03:06:46.102+0000] {processor.py:183} INFO - Processing /home/airflow/.local/lib/python3.12/site-packages/airflow/example_dags/example_setup_teardown.py took 0.037 seconds
[2024-05-20T03:07:16.819+0000] {processor.py:161} INFO - Started process (PID=394) to work on /home/airflow/.local/lib/python3.12/site-packages/airflow/example_dags/example_setup_teardown.py
[2024-05-20T03:07:16.819+0000] {processor.py:830} INFO - Processing file /home/airflow/.local/lib/python3.12/site-packages/airflow/example_dags/example_setup_teardown.py for tasks to queue
[2024-05-20T03:07:16.821+0000] {logging_mixin.py:188} INFO - [2024-05-20T03:07:16.820+0000] {dagbag.py:545} INFO - Filling up the DagBag from /home/airflow/.local/lib/python3.12/site-packages/airflow/example_dags/example_setup_teardown.py
[2024-05-20T03:07:16.824+0000] {processor.py:840} INFO - DAG(s) 'example_setup_teardown' retrieved from /home/airflow/.local/lib/python3.12/site-packages/airflow/example_dags/example_setup_teardown.py
[2024-05-20T03:07:16.835+0000] {logging_mixin.py:188} INFO - [2024-05-20T03:07:16.835+0000] {dag.py:3096} INFO - Sync 1 DAGs
[2024-05-20T03:07:16.845+0000] {logging_mixin.py:188} INFO - [2024-05-20T03:07:16.845+0000] {dag.py:3954} INFO - Setting next_dagrun for example_setup_teardown to 2024-05-19 00:00:00+00:00, run_after=2024-05-20 00:00:00+00:00
[2024-05-20T03:07:16.854+0000] {processor.py:183} INFO - Processing /home/airflow/.local/lib/python3.12/site-packages/airflow/example_dags/example_setup_teardown.py took 0.038 seconds
[2024-05-20T03:07:58.941+0000] {processor.py:161} INFO - Started process (PID=49) to work on /home/airflow/.local/lib/python3.12/site-packages/airflow/example_dags/example_setup_teardown.py
[2024-05-20T03:07:58.942+0000] {processor.py:830} INFO - Processing file /home/airflow/.local/lib/python3.12/site-packages/airflow/example_dags/example_setup_teardown.py for tasks to queue
[2024-05-20T03:07:58.944+0000] {logging_mixin.py:188} INFO - [2024-05-20T03:07:58.944+0000] {dagbag.py:545} INFO - Filling up the DagBag from /home/airflow/.local/lib/python3.12/site-packages/airflow/example_dags/example_setup_teardown.py
[2024-05-20T03:07:58.950+0000] {processor.py:840} INFO - DAG(s) 'example_setup_teardown' retrieved from /home/airflow/.local/lib/python3.12/site-packages/airflow/example_dags/example_setup_teardown.py
[2024-05-20T03:07:58.958+0000] {logging_mixin.py:188} INFO - [2024-05-20T03:07:58.958+0000] {dag.py:3096} INFO - Sync 1 DAGs
[2024-05-20T03:07:58.970+0000] {logging_mixin.py:188} INFO - [2024-05-20T03:07:58.970+0000] {dag.py:3954} INFO - Setting next_dagrun for example_setup_teardown to 2024-05-19 00:00:00+00:00, run_after=2024-05-20 00:00:00+00:00
[2024-05-20T03:07:58.980+0000] {processor.py:183} INFO - Processing /home/airflow/.local/lib/python3.12/site-packages/airflow/example_dags/example_setup_teardown.py took 0.044 seconds
[2024-05-20T03:08:30.209+0000] {processor.py:161} INFO - Started process (PID=107) to work on /home/airflow/.local/lib/python3.12/site-packages/airflow/example_dags/example_setup_teardown.py
[2024-05-20T03:08:30.210+0000] {processor.py:830} INFO - Processing file /home/airflow/.local/lib/python3.12/site-packages/airflow/example_dags/example_setup_teardown.py for tasks to queue
[2024-05-20T03:08:30.211+0000] {logging_mixin.py:188} INFO - [2024-05-20T03:08:30.211+0000] {dagbag.py:545} INFO - Filling up the DagBag from /home/airflow/.local/lib/python3.12/site-packages/airflow/example_dags/example_setup_teardown.py
[2024-05-20T03:08:30.214+0000] {processor.py:840} INFO - DAG(s) 'example_setup_teardown' retrieved from /home/airflow/.local/lib/python3.12/site-packages/airflow/example_dags/example_setup_teardown.py
[2024-05-20T03:08:30.259+0000] {logging_mixin.py:188} INFO - [2024-05-20T03:08:30.259+0000] {dag.py:3096} INFO - Sync 1 DAGs
[2024-05-20T03:08:30.268+0000] {logging_mixin.py:188} INFO - [2024-05-20T03:08:30.268+0000] {dag.py:3954} INFO - Setting next_dagrun for example_setup_teardown to 2024-05-19 00:00:00+00:00, run_after=2024-05-20 00:00:00+00:00
[2024-05-20T03:08:30.277+0000] {processor.py:183} INFO - Processing /home/airflow/.local/lib/python3.12/site-packages/airflow/example_dags/example_setup_teardown.py took 0.070 seconds
[2024-05-20T03:09:00.475+0000] {processor.py:161} INFO - Started process (PID=165) to work on /home/airflow/.local/lib/python3.12/site-packages/airflow/example_dags/example_setup_teardown.py
[2024-05-20T03:09:00.476+0000] {processor.py:830} INFO - Processing file /home/airflow/.local/lib/python3.12/site-packages/airflow/example_dags/example_setup_teardown.py for tasks to queue
[2024-05-20T03:09:00.477+0000] {logging_mixin.py:188} INFO - [2024-05-20T03:09:00.477+0000] {dagbag.py:545} INFO - Filling up the DagBag from /home/airflow/.local/lib/python3.12/site-packages/airflow/example_dags/example_setup_teardown.py
[2024-05-20T03:09:00.480+0000] {processor.py:840} INFO - DAG(s) 'example_setup_teardown' retrieved from /home/airflow/.local/lib/python3.12/site-packages/airflow/example_dags/example_setup_teardown.py
[2024-05-20T03:09:00.491+0000] {logging_mixin.py:188} INFO - [2024-05-20T03:09:00.491+0000] {dag.py:3096} INFO - Sync 1 DAGs
[2024-05-20T03:09:00.502+0000] {logging_mixin.py:188} INFO - [2024-05-20T03:09:00.502+0000] {dag.py:3954} INFO - Setting next_dagrun for example_setup_teardown to 2024-05-19 00:00:00+00:00, run_after=2024-05-20 00:00:00+00:00
[2024-05-20T03:09:00.512+0000] {processor.py:183} INFO - Processing /home/airflow/.local/lib/python3.12/site-packages/airflow/example_dags/example_setup_teardown.py took 0.039 seconds
