[2024-05-20T02:51:41.520+0000] {processor.py:161} INFO - Started process (PID=67) to work on /home/airflow/.local/lib/python3.12/site-packages/airflow/example_dags/example_latest_only_with_trigger.py
[2024-05-20T02:51:41.521+0000] {processor.py:830} INFO - Processing file /home/airflow/.local/lib/python3.12/site-packages/airflow/example_dags/example_latest_only_with_trigger.py for tasks to queue
[2024-05-20T02:51:41.523+0000] {logging_mixin.py:188} INFO - [2024-05-20T02:51:41.522+0000] {dagbag.py:545} INFO - Filling up the DagBag from /home/airflow/.local/lib/python3.12/site-packages/airflow/example_dags/example_latest_only_with_trigger.py
[2024-05-20T02:51:41.529+0000] {processor.py:840} INFO - DAG(s) 'latest_only_with_trigger' retrieved from /home/airflow/.local/lib/python3.12/site-packages/airflow/example_dags/example_latest_only_with_trigger.py
[2024-05-20T02:51:41.539+0000] {logging_mixin.py:188} INFO - [2024-05-20T02:51:41.539+0000] {dag.py:3096} INFO - Sync 1 DAGs
[2024-05-20T02:51:41.554+0000] {logging_mixin.py:188} INFO - [2024-05-20T02:51:41.554+0000] {dag.py:3954} INFO - Setting next_dagrun for latest_only_with_trigger to 2024-05-19 20:00:00+00:00, run_after=2024-05-20 00:00:00+00:00
[2024-05-20T02:51:41.567+0000] {processor.py:183} INFO - Processing /home/airflow/.local/lib/python3.12/site-packages/airflow/example_dags/example_latest_only_with_trigger.py took 0.053 seconds
[2024-05-20T02:52:11.844+0000] {processor.py:161} INFO - Started process (PID=125) to work on /home/airflow/.local/lib/python3.12/site-packages/airflow/example_dags/example_latest_only_with_trigger.py
[2024-05-20T02:52:11.844+0000] {processor.py:830} INFO - Processing file /home/airflow/.local/lib/python3.12/site-packages/airflow/example_dags/example_latest_only_with_trigger.py for tasks to queue
[2024-05-20T02:52:11.845+0000] {logging_mixin.py:188} INFO - [2024-05-20T02:52:11.845+0000] {dagbag.py:545} INFO - Filling up the DagBag from /home/airflow/.local/lib/python3.12/site-packages/airflow/example_dags/example_latest_only_with_trigger.py
[2024-05-20T02:52:11.848+0000] {processor.py:840} INFO - DAG(s) 'latest_only_with_trigger' retrieved from /home/airflow/.local/lib/python3.12/site-packages/airflow/example_dags/example_latest_only_with_trigger.py
[2024-05-20T02:52:11.892+0000] {logging_mixin.py:188} INFO - [2024-05-20T02:52:11.892+0000] {dag.py:3096} INFO - Sync 1 DAGs
[2024-05-20T02:52:11.902+0000] {logging_mixin.py:188} INFO - [2024-05-20T02:52:11.902+0000] {dag.py:3954} INFO - Setting next_dagrun for latest_only_with_trigger to 2024-05-19 20:00:00+00:00, run_after=2024-05-20 00:00:00+00:00
[2024-05-20T02:52:11.912+0000] {processor.py:183} INFO - Processing /home/airflow/.local/lib/python3.12/site-packages/airflow/example_dags/example_latest_only_with_trigger.py took 0.071 seconds
[2024-05-20T02:52:42.885+0000] {processor.py:161} INFO - Started process (PID=183) to work on /home/airflow/.local/lib/python3.12/site-packages/airflow/example_dags/example_latest_only_with_trigger.py
[2024-05-20T02:52:42.888+0000] {processor.py:830} INFO - Processing file /home/airflow/.local/lib/python3.12/site-packages/airflow/example_dags/example_latest_only_with_trigger.py for tasks to queue
[2024-05-20T02:52:42.889+0000] {logging_mixin.py:188} INFO - [2024-05-20T02:52:42.889+0000] {dagbag.py:545} INFO - Filling up the DagBag from /home/airflow/.local/lib/python3.12/site-packages/airflow/example_dags/example_latest_only_with_trigger.py
[2024-05-20T02:52:42.892+0000] {processor.py:840} INFO - DAG(s) 'latest_only_with_trigger' retrieved from /home/airflow/.local/lib/python3.12/site-packages/airflow/example_dags/example_latest_only_with_trigger.py
[2024-05-20T02:52:42.903+0000] {logging_mixin.py:188} INFO - [2024-05-20T02:52:42.902+0000] {dag.py:3096} INFO - Sync 1 DAGs
[2024-05-20T02:52:42.913+0000] {logging_mixin.py:188} INFO - [2024-05-20T02:52:42.913+0000] {dag.py:3954} INFO - Setting next_dagrun for latest_only_with_trigger to 2024-05-19 20:00:00+00:00, run_after=2024-05-20 00:00:00+00:00
[2024-05-20T02:52:42.925+0000] {processor.py:183} INFO - Processing /home/airflow/.local/lib/python3.12/site-packages/airflow/example_dags/example_latest_only_with_trigger.py took 0.043 seconds
[2024-05-20T02:53:13.010+0000] {processor.py:161} INFO - Started process (PID=241) to work on /home/airflow/.local/lib/python3.12/site-packages/airflow/example_dags/example_latest_only_with_trigger.py
[2024-05-20T02:53:13.011+0000] {processor.py:830} INFO - Processing file /home/airflow/.local/lib/python3.12/site-packages/airflow/example_dags/example_latest_only_with_trigger.py for tasks to queue
[2024-05-20T02:53:13.012+0000] {logging_mixin.py:188} INFO - [2024-05-20T02:53:13.012+0000] {dagbag.py:545} INFO - Filling up the DagBag from /home/airflow/.local/lib/python3.12/site-packages/airflow/example_dags/example_latest_only_with_trigger.py
[2024-05-20T02:53:13.015+0000] {processor.py:840} INFO - DAG(s) 'latest_only_with_trigger' retrieved from /home/airflow/.local/lib/python3.12/site-packages/airflow/example_dags/example_latest_only_with_trigger.py
[2024-05-20T02:53:13.028+0000] {logging_mixin.py:188} INFO - [2024-05-20T02:53:13.027+0000] {dag.py:3096} INFO - Sync 1 DAGs
[2024-05-20T02:53:13.039+0000] {logging_mixin.py:188} INFO - [2024-05-20T02:53:13.038+0000] {dag.py:3954} INFO - Setting next_dagrun for latest_only_with_trigger to 2024-05-19 20:00:00+00:00, run_after=2024-05-20 00:00:00+00:00
[2024-05-20T02:53:13.048+0000] {processor.py:183} INFO - Processing /home/airflow/.local/lib/python3.12/site-packages/airflow/example_dags/example_latest_only_with_trigger.py took 0.041 seconds
[2024-05-20T02:53:44.070+0000] {processor.py:161} INFO - Started process (PID=299) to work on /home/airflow/.local/lib/python3.12/site-packages/airflow/example_dags/example_latest_only_with_trigger.py
[2024-05-20T02:53:44.070+0000] {processor.py:830} INFO - Processing file /home/airflow/.local/lib/python3.12/site-packages/airflow/example_dags/example_latest_only_with_trigger.py for tasks to queue
[2024-05-20T02:53:44.071+0000] {logging_mixin.py:188} INFO - [2024-05-20T02:53:44.071+0000] {dagbag.py:545} INFO - Filling up the DagBag from /home/airflow/.local/lib/python3.12/site-packages/airflow/example_dags/example_latest_only_with_trigger.py
[2024-05-20T02:53:44.074+0000] {processor.py:840} INFO - DAG(s) 'latest_only_with_trigger' retrieved from /home/airflow/.local/lib/python3.12/site-packages/airflow/example_dags/example_latest_only_with_trigger.py
[2024-05-20T02:53:44.085+0000] {logging_mixin.py:188} INFO - [2024-05-20T02:53:44.085+0000] {dag.py:3096} INFO - Sync 1 DAGs
[2024-05-20T02:53:44.095+0000] {logging_mixin.py:188} INFO - [2024-05-20T02:53:44.095+0000] {dag.py:3954} INFO - Setting next_dagrun for latest_only_with_trigger to 2024-05-19 20:00:00+00:00, run_after=2024-05-20 00:00:00+00:00
[2024-05-20T02:53:44.104+0000] {processor.py:183} INFO - Processing /home/airflow/.local/lib/python3.12/site-packages/airflow/example_dags/example_latest_only_with_trigger.py took 0.038 seconds
[2024-05-20T02:54:14.747+0000] {processor.py:161} INFO - Started process (PID=357) to work on /home/airflow/.local/lib/python3.12/site-packages/airflow/example_dags/example_latest_only_with_trigger.py
[2024-05-20T02:54:14.748+0000] {processor.py:830} INFO - Processing file /home/airflow/.local/lib/python3.12/site-packages/airflow/example_dags/example_latest_only_with_trigger.py for tasks to queue
[2024-05-20T02:54:14.749+0000] {logging_mixin.py:188} INFO - [2024-05-20T02:54:14.749+0000] {dagbag.py:545} INFO - Filling up the DagBag from /home/airflow/.local/lib/python3.12/site-packages/airflow/example_dags/example_latest_only_with_trigger.py
[2024-05-20T02:54:14.752+0000] {processor.py:840} INFO - DAG(s) 'latest_only_with_trigger' retrieved from /home/airflow/.local/lib/python3.12/site-packages/airflow/example_dags/example_latest_only_with_trigger.py
[2024-05-20T02:54:14.762+0000] {logging_mixin.py:188} INFO - [2024-05-20T02:54:14.762+0000] {dag.py:3096} INFO - Sync 1 DAGs
[2024-05-20T02:54:14.772+0000] {logging_mixin.py:188} INFO - [2024-05-20T02:54:14.772+0000] {dag.py:3954} INFO - Setting next_dagrun for latest_only_with_trigger to 2024-05-19 20:00:00+00:00, run_after=2024-05-20 00:00:00+00:00
[2024-05-20T02:54:14.781+0000] {processor.py:183} INFO - Processing /home/airflow/.local/lib/python3.12/site-packages/airflow/example_dags/example_latest_only_with_trigger.py took 0.036 seconds
[2024-05-20T02:54:45.507+0000] {processor.py:161} INFO - Started process (PID=415) to work on /home/airflow/.local/lib/python3.12/site-packages/airflow/example_dags/example_latest_only_with_trigger.py
[2024-05-20T02:54:45.508+0000] {processor.py:830} INFO - Processing file /home/airflow/.local/lib/python3.12/site-packages/airflow/example_dags/example_latest_only_with_trigger.py for tasks to queue
[2024-05-20T02:54:45.509+0000] {logging_mixin.py:188} INFO - [2024-05-20T02:54:45.509+0000] {dagbag.py:545} INFO - Filling up the DagBag from /home/airflow/.local/lib/python3.12/site-packages/airflow/example_dags/example_latest_only_with_trigger.py
[2024-05-20T02:54:45.512+0000] {processor.py:840} INFO - DAG(s) 'latest_only_with_trigger' retrieved from /home/airflow/.local/lib/python3.12/site-packages/airflow/example_dags/example_latest_only_with_trigger.py
[2024-05-20T02:54:45.523+0000] {logging_mixin.py:188} INFO - [2024-05-20T02:54:45.523+0000] {dag.py:3096} INFO - Sync 1 DAGs
[2024-05-20T02:54:45.533+0000] {logging_mixin.py:188} INFO - [2024-05-20T02:54:45.533+0000] {dag.py:3954} INFO - Setting next_dagrun for latest_only_with_trigger to 2024-05-19 20:00:00+00:00, run_after=2024-05-20 00:00:00+00:00
[2024-05-20T02:54:45.542+0000] {processor.py:183} INFO - Processing /home/airflow/.local/lib/python3.12/site-packages/airflow/example_dags/example_latest_only_with_trigger.py took 0.038 seconds
[2024-05-20T02:55:16.292+0000] {processor.py:161} INFO - Started process (PID=473) to work on /home/airflow/.local/lib/python3.12/site-packages/airflow/example_dags/example_latest_only_with_trigger.py
[2024-05-20T02:55:16.292+0000] {processor.py:830} INFO - Processing file /home/airflow/.local/lib/python3.12/site-packages/airflow/example_dags/example_latest_only_with_trigger.py for tasks to queue
[2024-05-20T02:55:16.293+0000] {logging_mixin.py:188} INFO - [2024-05-20T02:55:16.293+0000] {dagbag.py:545} INFO - Filling up the DagBag from /home/airflow/.local/lib/python3.12/site-packages/airflow/example_dags/example_latest_only_with_trigger.py
[2024-05-20T02:55:16.296+0000] {processor.py:840} INFO - DAG(s) 'latest_only_with_trigger' retrieved from /home/airflow/.local/lib/python3.12/site-packages/airflow/example_dags/example_latest_only_with_trigger.py
[2024-05-20T02:55:16.308+0000] {logging_mixin.py:188} INFO - [2024-05-20T02:55:16.307+0000] {dag.py:3096} INFO - Sync 1 DAGs
[2024-05-20T02:55:16.318+0000] {logging_mixin.py:188} INFO - [2024-05-20T02:55:16.318+0000] {dag.py:3954} INFO - Setting next_dagrun for latest_only_with_trigger to 2024-05-19 20:00:00+00:00, run_after=2024-05-20 00:00:00+00:00
[2024-05-20T02:55:16.328+0000] {processor.py:183} INFO - Processing /home/airflow/.local/lib/python3.12/site-packages/airflow/example_dags/example_latest_only_with_trigger.py took 0.040 seconds
[2024-05-20T02:55:47.104+0000] {processor.py:161} INFO - Started process (PID=531) to work on /home/airflow/.local/lib/python3.12/site-packages/airflow/example_dags/example_latest_only_with_trigger.py
[2024-05-20T02:55:47.105+0000] {processor.py:830} INFO - Processing file /home/airflow/.local/lib/python3.12/site-packages/airflow/example_dags/example_latest_only_with_trigger.py for tasks to queue
[2024-05-20T02:55:47.107+0000] {logging_mixin.py:188} INFO - [2024-05-20T02:55:47.106+0000] {dagbag.py:545} INFO - Filling up the DagBag from /home/airflow/.local/lib/python3.12/site-packages/airflow/example_dags/example_latest_only_with_trigger.py
[2024-05-20T02:55:47.110+0000] {processor.py:840} INFO - DAG(s) 'latest_only_with_trigger' retrieved from /home/airflow/.local/lib/python3.12/site-packages/airflow/example_dags/example_latest_only_with_trigger.py
[2024-05-20T02:55:47.121+0000] {logging_mixin.py:188} INFO - [2024-05-20T02:55:47.121+0000] {dag.py:3096} INFO - Sync 1 DAGs
[2024-05-20T02:55:47.132+0000] {logging_mixin.py:188} INFO - [2024-05-20T02:55:47.132+0000] {dag.py:3954} INFO - Setting next_dagrun for latest_only_with_trigger to 2024-05-19 20:00:00+00:00, run_after=2024-05-20 00:00:00+00:00
[2024-05-20T02:55:47.142+0000] {processor.py:183} INFO - Processing /home/airflow/.local/lib/python3.12/site-packages/airflow/example_dags/example_latest_only_with_trigger.py took 0.041 seconds
[2024-05-20T02:56:17.482+0000] {processor.py:161} INFO - Started process (PID=589) to work on /home/airflow/.local/lib/python3.12/site-packages/airflow/example_dags/example_latest_only_with_trigger.py
[2024-05-20T02:56:17.483+0000] {processor.py:830} INFO - Processing file /home/airflow/.local/lib/python3.12/site-packages/airflow/example_dags/example_latest_only_with_trigger.py for tasks to queue
[2024-05-20T02:56:17.484+0000] {logging_mixin.py:188} INFO - [2024-05-20T02:56:17.484+0000] {dagbag.py:545} INFO - Filling up the DagBag from /home/airflow/.local/lib/python3.12/site-packages/airflow/example_dags/example_latest_only_with_trigger.py
[2024-05-20T02:56:17.487+0000] {processor.py:840} INFO - DAG(s) 'latest_only_with_trigger' retrieved from /home/airflow/.local/lib/python3.12/site-packages/airflow/example_dags/example_latest_only_with_trigger.py
[2024-05-20T02:56:17.500+0000] {logging_mixin.py:188} INFO - [2024-05-20T02:56:17.499+0000] {dag.py:3096} INFO - Sync 1 DAGs
[2024-05-20T02:56:17.510+0000] {logging_mixin.py:188} INFO - [2024-05-20T02:56:17.510+0000] {dag.py:3954} INFO - Setting next_dagrun for latest_only_with_trigger to 2024-05-19 20:00:00+00:00, run_after=2024-05-20 00:00:00+00:00
[2024-05-20T02:56:17.543+0000] {processor.py:183} INFO - Processing /home/airflow/.local/lib/python3.12/site-packages/airflow/example_dags/example_latest_only_with_trigger.py took 0.064 seconds
[2024-05-20T02:56:48.468+0000] {processor.py:161} INFO - Started process (PID=647) to work on /home/airflow/.local/lib/python3.12/site-packages/airflow/example_dags/example_latest_only_with_trigger.py
[2024-05-20T02:56:48.469+0000] {processor.py:830} INFO - Processing file /home/airflow/.local/lib/python3.12/site-packages/airflow/example_dags/example_latest_only_with_trigger.py for tasks to queue
[2024-05-20T02:56:48.470+0000] {logging_mixin.py:188} INFO - [2024-05-20T02:56:48.469+0000] {dagbag.py:545} INFO - Filling up the DagBag from /home/airflow/.local/lib/python3.12/site-packages/airflow/example_dags/example_latest_only_with_trigger.py
[2024-05-20T02:56:48.473+0000] {processor.py:840} INFO - DAG(s) 'latest_only_with_trigger' retrieved from /home/airflow/.local/lib/python3.12/site-packages/airflow/example_dags/example_latest_only_with_trigger.py
[2024-05-20T02:56:48.484+0000] {logging_mixin.py:188} INFO - [2024-05-20T02:56:48.484+0000] {dag.py:3096} INFO - Sync 1 DAGs
[2024-05-20T02:56:48.493+0000] {logging_mixin.py:188} INFO - [2024-05-20T02:56:48.493+0000] {dag.py:3954} INFO - Setting next_dagrun for latest_only_with_trigger to 2024-05-19 20:00:00+00:00, run_after=2024-05-20 00:00:00+00:00
[2024-05-20T02:56:48.503+0000] {processor.py:183} INFO - Processing /home/airflow/.local/lib/python3.12/site-packages/airflow/example_dags/example_latest_only_with_trigger.py took 0.038 seconds
[2024-05-20T02:57:19.315+0000] {processor.py:161} INFO - Started process (PID=705) to work on /home/airflow/.local/lib/python3.12/site-packages/airflow/example_dags/example_latest_only_with_trigger.py
[2024-05-20T02:57:19.316+0000] {processor.py:830} INFO - Processing file /home/airflow/.local/lib/python3.12/site-packages/airflow/example_dags/example_latest_only_with_trigger.py for tasks to queue
[2024-05-20T02:57:19.317+0000] {logging_mixin.py:188} INFO - [2024-05-20T02:57:19.317+0000] {dagbag.py:545} INFO - Filling up the DagBag from /home/airflow/.local/lib/python3.12/site-packages/airflow/example_dags/example_latest_only_with_trigger.py
[2024-05-20T02:57:19.320+0000] {processor.py:840} INFO - DAG(s) 'latest_only_with_trigger' retrieved from /home/airflow/.local/lib/python3.12/site-packages/airflow/example_dags/example_latest_only_with_trigger.py
[2024-05-20T02:57:19.330+0000] {logging_mixin.py:188} INFO - [2024-05-20T02:57:19.330+0000] {dag.py:3096} INFO - Sync 1 DAGs
[2024-05-20T02:57:19.341+0000] {logging_mixin.py:188} INFO - [2024-05-20T02:57:19.341+0000] {dag.py:3954} INFO - Setting next_dagrun for latest_only_with_trigger to 2024-05-19 20:00:00+00:00, run_after=2024-05-20 00:00:00+00:00
[2024-05-20T02:57:19.350+0000] {processor.py:183} INFO - Processing /home/airflow/.local/lib/python3.12/site-packages/airflow/example_dags/example_latest_only_with_trigger.py took 0.037 seconds
[2024-05-20T02:57:50.195+0000] {processor.py:161} INFO - Started process (PID=763) to work on /home/airflow/.local/lib/python3.12/site-packages/airflow/example_dags/example_latest_only_with_trigger.py
[2024-05-20T02:57:50.195+0000] {processor.py:830} INFO - Processing file /home/airflow/.local/lib/python3.12/site-packages/airflow/example_dags/example_latest_only_with_trigger.py for tasks to queue
[2024-05-20T02:57:50.197+0000] {logging_mixin.py:188} INFO - [2024-05-20T02:57:50.196+0000] {dagbag.py:545} INFO - Filling up the DagBag from /home/airflow/.local/lib/python3.12/site-packages/airflow/example_dags/example_latest_only_with_trigger.py
[2024-05-20T02:57:50.199+0000] {processor.py:840} INFO - DAG(s) 'latest_only_with_trigger' retrieved from /home/airflow/.local/lib/python3.12/site-packages/airflow/example_dags/example_latest_only_with_trigger.py
[2024-05-20T02:57:50.211+0000] {logging_mixin.py:188} INFO - [2024-05-20T02:57:50.211+0000] {dag.py:3096} INFO - Sync 1 DAGs
[2024-05-20T02:57:50.221+0000] {logging_mixin.py:188} INFO - [2024-05-20T02:57:50.221+0000] {dag.py:3954} INFO - Setting next_dagrun for latest_only_with_trigger to 2024-05-19 20:00:00+00:00, run_after=2024-05-20 00:00:00+00:00
[2024-05-20T02:57:50.230+0000] {processor.py:183} INFO - Processing /home/airflow/.local/lib/python3.12/site-packages/airflow/example_dags/example_latest_only_with_trigger.py took 0.038 seconds
[2024-05-20T02:58:21.134+0000] {processor.py:161} INFO - Started process (PID=821) to work on /home/airflow/.local/lib/python3.12/site-packages/airflow/example_dags/example_latest_only_with_trigger.py
[2024-05-20T02:58:21.135+0000] {processor.py:830} INFO - Processing file /home/airflow/.local/lib/python3.12/site-packages/airflow/example_dags/example_latest_only_with_trigger.py for tasks to queue
[2024-05-20T02:58:21.136+0000] {logging_mixin.py:188} INFO - [2024-05-20T02:58:21.136+0000] {dagbag.py:545} INFO - Filling up the DagBag from /home/airflow/.local/lib/python3.12/site-packages/airflow/example_dags/example_latest_only_with_trigger.py
[2024-05-20T02:58:21.139+0000] {processor.py:840} INFO - DAG(s) 'latest_only_with_trigger' retrieved from /home/airflow/.local/lib/python3.12/site-packages/airflow/example_dags/example_latest_only_with_trigger.py
[2024-05-20T02:58:21.151+0000] {logging_mixin.py:188} INFO - [2024-05-20T02:58:21.150+0000] {dag.py:3096} INFO - Sync 1 DAGs
[2024-05-20T02:58:21.161+0000] {logging_mixin.py:188} INFO - [2024-05-20T02:58:21.161+0000] {dag.py:3954} INFO - Setting next_dagrun for latest_only_with_trigger to 2024-05-19 20:00:00+00:00, run_after=2024-05-20 00:00:00+00:00
[2024-05-20T02:58:21.171+0000] {processor.py:183} INFO - Processing /home/airflow/.local/lib/python3.12/site-packages/airflow/example_dags/example_latest_only_with_trigger.py took 0.040 seconds
[2024-05-20T02:58:51.914+0000] {processor.py:161} INFO - Started process (PID=879) to work on /home/airflow/.local/lib/python3.12/site-packages/airflow/example_dags/example_latest_only_with_trigger.py
[2024-05-20T02:58:51.915+0000] {processor.py:830} INFO - Processing file /home/airflow/.local/lib/python3.12/site-packages/airflow/example_dags/example_latest_only_with_trigger.py for tasks to queue
[2024-05-20T02:58:51.916+0000] {logging_mixin.py:188} INFO - [2024-05-20T02:58:51.916+0000] {dagbag.py:545} INFO - Filling up the DagBag from /home/airflow/.local/lib/python3.12/site-packages/airflow/example_dags/example_latest_only_with_trigger.py
[2024-05-20T02:58:51.919+0000] {processor.py:840} INFO - DAG(s) 'latest_only_with_trigger' retrieved from /home/airflow/.local/lib/python3.12/site-packages/airflow/example_dags/example_latest_only_with_trigger.py
[2024-05-20T02:58:51.930+0000] {logging_mixin.py:188} INFO - [2024-05-20T02:58:51.930+0000] {dag.py:3096} INFO - Sync 1 DAGs
[2024-05-20T02:58:51.939+0000] {logging_mixin.py:188} INFO - [2024-05-20T02:58:51.939+0000] {dag.py:3954} INFO - Setting next_dagrun for latest_only_with_trigger to 2024-05-19 20:00:00+00:00, run_after=2024-05-20 00:00:00+00:00
[2024-05-20T02:58:51.948+0000] {processor.py:183} INFO - Processing /home/airflow/.local/lib/python3.12/site-packages/airflow/example_dags/example_latest_only_with_trigger.py took 0.037 seconds
[2024-05-20T02:59:22.784+0000] {processor.py:161} INFO - Started process (PID=937) to work on /home/airflow/.local/lib/python3.12/site-packages/airflow/example_dags/example_latest_only_with_trigger.py
[2024-05-20T02:59:22.785+0000] {processor.py:830} INFO - Processing file /home/airflow/.local/lib/python3.12/site-packages/airflow/example_dags/example_latest_only_with_trigger.py for tasks to queue
[2024-05-20T02:59:22.786+0000] {logging_mixin.py:188} INFO - [2024-05-20T02:59:22.786+0000] {dagbag.py:545} INFO - Filling up the DagBag from /home/airflow/.local/lib/python3.12/site-packages/airflow/example_dags/example_latest_only_with_trigger.py
[2024-05-20T02:59:22.790+0000] {processor.py:840} INFO - DAG(s) 'latest_only_with_trigger' retrieved from /home/airflow/.local/lib/python3.12/site-packages/airflow/example_dags/example_latest_only_with_trigger.py
[2024-05-20T02:59:22.803+0000] {logging_mixin.py:188} INFO - [2024-05-20T02:59:22.802+0000] {dag.py:3096} INFO - Sync 1 DAGs
[2024-05-20T02:59:22.815+0000] {logging_mixin.py:188} INFO - [2024-05-20T02:59:22.815+0000] {dag.py:3954} INFO - Setting next_dagrun for latest_only_with_trigger to 2024-05-19 20:00:00+00:00, run_after=2024-05-20 00:00:00+00:00
[2024-05-20T02:59:22.827+0000] {processor.py:183} INFO - Processing /home/airflow/.local/lib/python3.12/site-packages/airflow/example_dags/example_latest_only_with_trigger.py took 0.046 seconds
[2024-05-20T02:59:53.572+0000] {processor.py:161} INFO - Started process (PID=995) to work on /home/airflow/.local/lib/python3.12/site-packages/airflow/example_dags/example_latest_only_with_trigger.py
[2024-05-20T02:59:53.572+0000] {processor.py:830} INFO - Processing file /home/airflow/.local/lib/python3.12/site-packages/airflow/example_dags/example_latest_only_with_trigger.py for tasks to queue
[2024-05-20T02:59:53.573+0000] {logging_mixin.py:188} INFO - [2024-05-20T02:59:53.573+0000] {dagbag.py:545} INFO - Filling up the DagBag from /home/airflow/.local/lib/python3.12/site-packages/airflow/example_dags/example_latest_only_with_trigger.py
[2024-05-20T02:59:53.576+0000] {processor.py:840} INFO - DAG(s) 'latest_only_with_trigger' retrieved from /home/airflow/.local/lib/python3.12/site-packages/airflow/example_dags/example_latest_only_with_trigger.py
[2024-05-20T02:59:53.588+0000] {logging_mixin.py:188} INFO - [2024-05-20T02:59:53.588+0000] {dag.py:3096} INFO - Sync 1 DAGs
[2024-05-20T02:59:53.598+0000] {logging_mixin.py:188} INFO - [2024-05-20T02:59:53.598+0000] {dag.py:3954} INFO - Setting next_dagrun for latest_only_with_trigger to 2024-05-19 20:00:00+00:00, run_after=2024-05-20 00:00:00+00:00
[2024-05-20T02:59:53.607+0000] {processor.py:183} INFO - Processing /home/airflow/.local/lib/python3.12/site-packages/airflow/example_dags/example_latest_only_with_trigger.py took 0.039 seconds
[2024-05-20T03:00:24.274+0000] {processor.py:161} INFO - Started process (PID=1053) to work on /home/airflow/.local/lib/python3.12/site-packages/airflow/example_dags/example_latest_only_with_trigger.py
[2024-05-20T03:00:24.275+0000] {processor.py:830} INFO - Processing file /home/airflow/.local/lib/python3.12/site-packages/airflow/example_dags/example_latest_only_with_trigger.py for tasks to queue
[2024-05-20T03:00:24.276+0000] {logging_mixin.py:188} INFO - [2024-05-20T03:00:24.276+0000] {dagbag.py:545} INFO - Filling up the DagBag from /home/airflow/.local/lib/python3.12/site-packages/airflow/example_dags/example_latest_only_with_trigger.py
[2024-05-20T03:00:24.279+0000] {processor.py:840} INFO - DAG(s) 'latest_only_with_trigger' retrieved from /home/airflow/.local/lib/python3.12/site-packages/airflow/example_dags/example_latest_only_with_trigger.py
[2024-05-20T03:00:24.289+0000] {logging_mixin.py:188} INFO - [2024-05-20T03:00:24.289+0000] {dag.py:3096} INFO - Sync 1 DAGs
[2024-05-20T03:00:24.299+0000] {logging_mixin.py:188} INFO - [2024-05-20T03:00:24.299+0000] {dag.py:3954} INFO - Setting next_dagrun for latest_only_with_trigger to 2024-05-19 20:00:00+00:00, run_after=2024-05-20 00:00:00+00:00
[2024-05-20T03:00:24.309+0000] {processor.py:183} INFO - Processing /home/airflow/.local/lib/python3.12/site-packages/airflow/example_dags/example_latest_only_with_trigger.py took 0.038 seconds
[2024-05-20T03:00:55.113+0000] {processor.py:161} INFO - Started process (PID=1111) to work on /home/airflow/.local/lib/python3.12/site-packages/airflow/example_dags/example_latest_only_with_trigger.py
[2024-05-20T03:00:55.114+0000] {processor.py:830} INFO - Processing file /home/airflow/.local/lib/python3.12/site-packages/airflow/example_dags/example_latest_only_with_trigger.py for tasks to queue
[2024-05-20T03:00:55.115+0000] {logging_mixin.py:188} INFO - [2024-05-20T03:00:55.115+0000] {dagbag.py:545} INFO - Filling up the DagBag from /home/airflow/.local/lib/python3.12/site-packages/airflow/example_dags/example_latest_only_with_trigger.py
[2024-05-20T03:00:55.118+0000] {processor.py:840} INFO - DAG(s) 'latest_only_with_trigger' retrieved from /home/airflow/.local/lib/python3.12/site-packages/airflow/example_dags/example_latest_only_with_trigger.py
[2024-05-20T03:00:55.130+0000] {logging_mixin.py:188} INFO - [2024-05-20T03:00:55.129+0000] {dag.py:3096} INFO - Sync 1 DAGs
[2024-05-20T03:00:55.143+0000] {logging_mixin.py:188} INFO - [2024-05-20T03:00:55.142+0000] {dag.py:3954} INFO - Setting next_dagrun for latest_only_with_trigger to 2024-05-19 20:00:00+00:00, run_after=2024-05-20 00:00:00+00:00
[2024-05-20T03:00:55.153+0000] {processor.py:183} INFO - Processing /home/airflow/.local/lib/python3.12/site-packages/airflow/example_dags/example_latest_only_with_trigger.py took 0.043 seconds
[2024-05-20T03:01:25.299+0000] {processor.py:161} INFO - Started process (PID=1169) to work on /home/airflow/.local/lib/python3.12/site-packages/airflow/example_dags/example_latest_only_with_trigger.py
[2024-05-20T03:01:25.300+0000] {processor.py:830} INFO - Processing file /home/airflow/.local/lib/python3.12/site-packages/airflow/example_dags/example_latest_only_with_trigger.py for tasks to queue
[2024-05-20T03:01:25.301+0000] {logging_mixin.py:188} INFO - [2024-05-20T03:01:25.301+0000] {dagbag.py:545} INFO - Filling up the DagBag from /home/airflow/.local/lib/python3.12/site-packages/airflow/example_dags/example_latest_only_with_trigger.py
[2024-05-20T03:01:25.304+0000] {processor.py:840} INFO - DAG(s) 'latest_only_with_trigger' retrieved from /home/airflow/.local/lib/python3.12/site-packages/airflow/example_dags/example_latest_only_with_trigger.py
[2024-05-20T03:01:25.315+0000] {logging_mixin.py:188} INFO - [2024-05-20T03:01:25.315+0000] {dag.py:3096} INFO - Sync 1 DAGs
[2024-05-20T03:01:25.328+0000] {logging_mixin.py:188} INFO - [2024-05-20T03:01:25.328+0000] {dag.py:3954} INFO - Setting next_dagrun for latest_only_with_trigger to 2024-05-19 20:00:00+00:00, run_after=2024-05-20 00:00:00+00:00
[2024-05-20T03:01:25.341+0000] {processor.py:183} INFO - Processing /home/airflow/.local/lib/python3.12/site-packages/airflow/example_dags/example_latest_only_with_trigger.py took 0.045 seconds
[2024-05-20T03:01:55.959+0000] {processor.py:161} INFO - Started process (PID=1227) to work on /home/airflow/.local/lib/python3.12/site-packages/airflow/example_dags/example_latest_only_with_trigger.py
[2024-05-20T03:01:55.960+0000] {processor.py:830} INFO - Processing file /home/airflow/.local/lib/python3.12/site-packages/airflow/example_dags/example_latest_only_with_trigger.py for tasks to queue
[2024-05-20T03:01:55.961+0000] {logging_mixin.py:188} INFO - [2024-05-20T03:01:55.961+0000] {dagbag.py:545} INFO - Filling up the DagBag from /home/airflow/.local/lib/python3.12/site-packages/airflow/example_dags/example_latest_only_with_trigger.py
[2024-05-20T03:01:55.964+0000] {processor.py:840} INFO - DAG(s) 'latest_only_with_trigger' retrieved from /home/airflow/.local/lib/python3.12/site-packages/airflow/example_dags/example_latest_only_with_trigger.py
[2024-05-20T03:01:55.975+0000] {logging_mixin.py:188} INFO - [2024-05-20T03:01:55.975+0000] {dag.py:3096} INFO - Sync 1 DAGs
[2024-05-20T03:01:55.985+0000] {logging_mixin.py:188} INFO - [2024-05-20T03:01:55.985+0000] {dag.py:3954} INFO - Setting next_dagrun for latest_only_with_trigger to 2024-05-19 20:00:00+00:00, run_after=2024-05-20 00:00:00+00:00
[2024-05-20T03:01:55.995+0000] {processor.py:183} INFO - Processing /home/airflow/.local/lib/python3.12/site-packages/airflow/example_dags/example_latest_only_with_trigger.py took 0.039 seconds
[2024-05-20T03:02:26.845+0000] {processor.py:161} INFO - Started process (PID=1285) to work on /home/airflow/.local/lib/python3.12/site-packages/airflow/example_dags/example_latest_only_with_trigger.py
[2024-05-20T03:02:26.845+0000] {processor.py:830} INFO - Processing file /home/airflow/.local/lib/python3.12/site-packages/airflow/example_dags/example_latest_only_with_trigger.py for tasks to queue
[2024-05-20T03:02:26.846+0000] {logging_mixin.py:188} INFO - [2024-05-20T03:02:26.846+0000] {dagbag.py:545} INFO - Filling up the DagBag from /home/airflow/.local/lib/python3.12/site-packages/airflow/example_dags/example_latest_only_with_trigger.py
[2024-05-20T03:02:26.849+0000] {processor.py:840} INFO - DAG(s) 'latest_only_with_trigger' retrieved from /home/airflow/.local/lib/python3.12/site-packages/airflow/example_dags/example_latest_only_with_trigger.py
[2024-05-20T03:02:26.861+0000] {logging_mixin.py:188} INFO - [2024-05-20T03:02:26.861+0000] {dag.py:3096} INFO - Sync 1 DAGs
[2024-05-20T03:02:26.873+0000] {logging_mixin.py:188} INFO - [2024-05-20T03:02:26.873+0000] {dag.py:3954} INFO - Setting next_dagrun for latest_only_with_trigger to 2024-05-19 20:00:00+00:00, run_after=2024-05-20 00:00:00+00:00
[2024-05-20T03:02:26.884+0000] {processor.py:183} INFO - Processing /home/airflow/.local/lib/python3.12/site-packages/airflow/example_dags/example_latest_only_with_trigger.py took 0.043 seconds
[2024-05-20T03:02:56.944+0000] {processor.py:161} INFO - Started process (PID=1343) to work on /home/airflow/.local/lib/python3.12/site-packages/airflow/example_dags/example_latest_only_with_trigger.py
[2024-05-20T03:02:56.944+0000] {processor.py:830} INFO - Processing file /home/airflow/.local/lib/python3.12/site-packages/airflow/example_dags/example_latest_only_with_trigger.py for tasks to queue
[2024-05-20T03:02:56.946+0000] {logging_mixin.py:188} INFO - [2024-05-20T03:02:56.945+0000] {dagbag.py:545} INFO - Filling up the DagBag from /home/airflow/.local/lib/python3.12/site-packages/airflow/example_dags/example_latest_only_with_trigger.py
[2024-05-20T03:02:56.949+0000] {processor.py:840} INFO - DAG(s) 'latest_only_with_trigger' retrieved from /home/airflow/.local/lib/python3.12/site-packages/airflow/example_dags/example_latest_only_with_trigger.py
[2024-05-20T03:02:56.960+0000] {logging_mixin.py:188} INFO - [2024-05-20T03:02:56.960+0000] {dag.py:3096} INFO - Sync 1 DAGs
[2024-05-20T03:02:56.971+0000] {logging_mixin.py:188} INFO - [2024-05-20T03:02:56.971+0000] {dag.py:3954} INFO - Setting next_dagrun for latest_only_with_trigger to 2024-05-19 20:00:00+00:00, run_after=2024-05-20 00:00:00+00:00
[2024-05-20T03:02:56.980+0000] {processor.py:183} INFO - Processing /home/airflow/.local/lib/python3.12/site-packages/airflow/example_dags/example_latest_only_with_trigger.py took 0.039 seconds
[2024-05-20T03:03:27.668+0000] {processor.py:161} INFO - Started process (PID=1401) to work on /home/airflow/.local/lib/python3.12/site-packages/airflow/example_dags/example_latest_only_with_trigger.py
[2024-05-20T03:03:27.669+0000] {processor.py:830} INFO - Processing file /home/airflow/.local/lib/python3.12/site-packages/airflow/example_dags/example_latest_only_with_trigger.py for tasks to queue
[2024-05-20T03:03:27.670+0000] {logging_mixin.py:188} INFO - [2024-05-20T03:03:27.670+0000] {dagbag.py:545} INFO - Filling up the DagBag from /home/airflow/.local/lib/python3.12/site-packages/airflow/example_dags/example_latest_only_with_trigger.py
[2024-05-20T03:03:27.673+0000] {processor.py:840} INFO - DAG(s) 'latest_only_with_trigger' retrieved from /home/airflow/.local/lib/python3.12/site-packages/airflow/example_dags/example_latest_only_with_trigger.py
[2024-05-20T03:03:27.683+0000] {logging_mixin.py:188} INFO - [2024-05-20T03:03:27.683+0000] {dag.py:3096} INFO - Sync 1 DAGs
[2024-05-20T03:03:27.694+0000] {logging_mixin.py:188} INFO - [2024-05-20T03:03:27.694+0000] {dag.py:3954} INFO - Setting next_dagrun for latest_only_with_trigger to 2024-05-19 20:00:00+00:00, run_after=2024-05-20 00:00:00+00:00
[2024-05-20T03:03:27.703+0000] {processor.py:183} INFO - Processing /home/airflow/.local/lib/python3.12/site-packages/airflow/example_dags/example_latest_only_with_trigger.py took 0.038 seconds
[2024-05-20T03:04:14.072+0000] {processor.py:161} INFO - Started process (PID=66) to work on /home/airflow/.local/lib/python3.12/site-packages/airflow/example_dags/example_latest_only_with_trigger.py
[2024-05-20T03:04:14.073+0000] {processor.py:830} INFO - Processing file /home/airflow/.local/lib/python3.12/site-packages/airflow/example_dags/example_latest_only_with_trigger.py for tasks to queue
[2024-05-20T03:04:14.075+0000] {logging_mixin.py:188} INFO - [2024-05-20T03:04:14.075+0000] {dagbag.py:545} INFO - Filling up the DagBag from /home/airflow/.local/lib/python3.12/site-packages/airflow/example_dags/example_latest_only_with_trigger.py
[2024-05-20T03:04:14.081+0000] {processor.py:840} INFO - DAG(s) 'latest_only_with_trigger' retrieved from /home/airflow/.local/lib/python3.12/site-packages/airflow/example_dags/example_latest_only_with_trigger.py
[2024-05-20T03:04:14.092+0000] {logging_mixin.py:188} INFO - [2024-05-20T03:04:14.092+0000] {dag.py:3096} INFO - Sync 1 DAGs
[2024-05-20T03:04:14.118+0000] {logging_mixin.py:188} INFO - [2024-05-20T03:04:14.118+0000] {dag.py:3954} INFO - Setting next_dagrun for latest_only_with_trigger to 2024-05-19 20:00:00+00:00, run_after=2024-05-20 00:00:00+00:00
[2024-05-20T03:04:14.133+0000] {processor.py:183} INFO - Processing /home/airflow/.local/lib/python3.12/site-packages/airflow/example_dags/example_latest_only_with_trigger.py took 0.067 seconds
[2024-05-20T03:04:44.771+0000] {processor.py:161} INFO - Started process (PID=124) to work on /home/airflow/.local/lib/python3.12/site-packages/airflow/example_dags/example_latest_only_with_trigger.py
[2024-05-20T03:04:44.771+0000] {processor.py:830} INFO - Processing file /home/airflow/.local/lib/python3.12/site-packages/airflow/example_dags/example_latest_only_with_trigger.py for tasks to queue
[2024-05-20T03:04:44.773+0000] {logging_mixin.py:188} INFO - [2024-05-20T03:04:44.772+0000] {dagbag.py:545} INFO - Filling up the DagBag from /home/airflow/.local/lib/python3.12/site-packages/airflow/example_dags/example_latest_only_with_trigger.py
[2024-05-20T03:04:44.776+0000] {processor.py:840} INFO - DAG(s) 'latest_only_with_trigger' retrieved from /home/airflow/.local/lib/python3.12/site-packages/airflow/example_dags/example_latest_only_with_trigger.py
[2024-05-20T03:04:44.825+0000] {logging_mixin.py:188} INFO - [2024-05-20T03:04:44.824+0000] {dag.py:3096} INFO - Sync 1 DAGs
[2024-05-20T03:04:44.834+0000] {logging_mixin.py:188} INFO - [2024-05-20T03:04:44.833+0000] {dag.py:3954} INFO - Setting next_dagrun for latest_only_with_trigger to 2024-05-19 20:00:00+00:00, run_after=2024-05-20 00:00:00+00:00
[2024-05-20T03:04:44.844+0000] {processor.py:183} INFO - Processing /home/airflow/.local/lib/python3.12/site-packages/airflow/example_dags/example_latest_only_with_trigger.py took 0.077 seconds
[2024-05-20T03:05:15.554+0000] {processor.py:161} INFO - Started process (PID=181) to work on /home/airflow/.local/lib/python3.12/site-packages/airflow/example_dags/example_latest_only_with_trigger.py
[2024-05-20T03:05:15.555+0000] {processor.py:830} INFO - Processing file /home/airflow/.local/lib/python3.12/site-packages/airflow/example_dags/example_latest_only_with_trigger.py for tasks to queue
[2024-05-20T03:05:15.556+0000] {logging_mixin.py:188} INFO - [2024-05-20T03:05:15.556+0000] {dagbag.py:545} INFO - Filling up the DagBag from /home/airflow/.local/lib/python3.12/site-packages/airflow/example_dags/example_latest_only_with_trigger.py
[2024-05-20T03:05:15.559+0000] {processor.py:840} INFO - DAG(s) 'latest_only_with_trigger' retrieved from /home/airflow/.local/lib/python3.12/site-packages/airflow/example_dags/example_latest_only_with_trigger.py
[2024-05-20T03:05:15.570+0000] {logging_mixin.py:188} INFO - [2024-05-20T03:05:15.570+0000] {dag.py:3096} INFO - Sync 1 DAGs
[2024-05-20T03:05:15.581+0000] {logging_mixin.py:188} INFO - [2024-05-20T03:05:15.581+0000] {dag.py:3954} INFO - Setting next_dagrun for latest_only_with_trigger to 2024-05-19 20:00:00+00:00, run_after=2024-05-20 00:00:00+00:00
[2024-05-20T03:05:15.589+0000] {processor.py:183} INFO - Processing /home/airflow/.local/lib/python3.12/site-packages/airflow/example_dags/example_latest_only_with_trigger.py took 0.038 seconds
[2024-05-20T03:05:46.224+0000] {processor.py:161} INFO - Started process (PID=239) to work on /home/airflow/.local/lib/python3.12/site-packages/airflow/example_dags/example_latest_only_with_trigger.py
[2024-05-20T03:05:46.225+0000] {processor.py:830} INFO - Processing file /home/airflow/.local/lib/python3.12/site-packages/airflow/example_dags/example_latest_only_with_trigger.py for tasks to queue
[2024-05-20T03:05:46.226+0000] {logging_mixin.py:188} INFO - [2024-05-20T03:05:46.226+0000] {dagbag.py:545} INFO - Filling up the DagBag from /home/airflow/.local/lib/python3.12/site-packages/airflow/example_dags/example_latest_only_with_trigger.py
[2024-05-20T03:05:46.230+0000] {processor.py:840} INFO - DAG(s) 'latest_only_with_trigger' retrieved from /home/airflow/.local/lib/python3.12/site-packages/airflow/example_dags/example_latest_only_with_trigger.py
[2024-05-20T03:05:46.240+0000] {logging_mixin.py:188} INFO - [2024-05-20T03:05:46.240+0000] {dag.py:3096} INFO - Sync 1 DAGs
[2024-05-20T03:05:46.250+0000] {logging_mixin.py:188} INFO - [2024-05-20T03:05:46.250+0000] {dag.py:3954} INFO - Setting next_dagrun for latest_only_with_trigger to 2024-05-19 20:00:00+00:00, run_after=2024-05-20 00:00:00+00:00
[2024-05-20T03:05:46.259+0000] {processor.py:183} INFO - Processing /home/airflow/.local/lib/python3.12/site-packages/airflow/example_dags/example_latest_only_with_trigger.py took 0.037 seconds
[2024-05-20T03:06:16.902+0000] {processor.py:161} INFO - Started process (PID=296) to work on /home/airflow/.local/lib/python3.12/site-packages/airflow/example_dags/example_latest_only_with_trigger.py
[2024-05-20T03:06:16.903+0000] {processor.py:830} INFO - Processing file /home/airflow/.local/lib/python3.12/site-packages/airflow/example_dags/example_latest_only_with_trigger.py for tasks to queue
[2024-05-20T03:06:16.904+0000] {logging_mixin.py:188} INFO - [2024-05-20T03:06:16.903+0000] {dagbag.py:545} INFO - Filling up the DagBag from /home/airflow/.local/lib/python3.12/site-packages/airflow/example_dags/example_latest_only_with_trigger.py
[2024-05-20T03:06:16.906+0000] {processor.py:840} INFO - DAG(s) 'latest_only_with_trigger' retrieved from /home/airflow/.local/lib/python3.12/site-packages/airflow/example_dags/example_latest_only_with_trigger.py
[2024-05-20T03:06:16.917+0000] {logging_mixin.py:188} INFO - [2024-05-20T03:06:16.917+0000] {dag.py:3096} INFO - Sync 1 DAGs
[2024-05-20T03:06:16.927+0000] {logging_mixin.py:188} INFO - [2024-05-20T03:06:16.927+0000] {dag.py:3954} INFO - Setting next_dagrun for latest_only_with_trigger to 2024-05-19 20:00:00+00:00, run_after=2024-05-20 00:00:00+00:00
[2024-05-20T03:06:16.936+0000] {processor.py:183} INFO - Processing /home/airflow/.local/lib/python3.12/site-packages/airflow/example_dags/example_latest_only_with_trigger.py took 0.037 seconds
[2024-05-20T03:06:47.618+0000] {processor.py:161} INFO - Started process (PID=354) to work on /home/airflow/.local/lib/python3.12/site-packages/airflow/example_dags/example_latest_only_with_trigger.py
[2024-05-20T03:06:47.619+0000] {processor.py:830} INFO - Processing file /home/airflow/.local/lib/python3.12/site-packages/airflow/example_dags/example_latest_only_with_trigger.py for tasks to queue
[2024-05-20T03:06:47.620+0000] {logging_mixin.py:188} INFO - [2024-05-20T03:06:47.620+0000] {dagbag.py:545} INFO - Filling up the DagBag from /home/airflow/.local/lib/python3.12/site-packages/airflow/example_dags/example_latest_only_with_trigger.py
[2024-05-20T03:06:47.623+0000] {processor.py:840} INFO - DAG(s) 'latest_only_with_trigger' retrieved from /home/airflow/.local/lib/python3.12/site-packages/airflow/example_dags/example_latest_only_with_trigger.py
[2024-05-20T03:06:47.633+0000] {logging_mixin.py:188} INFO - [2024-05-20T03:06:47.633+0000] {dag.py:3096} INFO - Sync 1 DAGs
[2024-05-20T03:06:47.643+0000] {logging_mixin.py:188} INFO - [2024-05-20T03:06:47.643+0000] {dag.py:3954} INFO - Setting next_dagrun for latest_only_with_trigger to 2024-05-19 20:00:00+00:00, run_after=2024-05-20 00:00:00+00:00
[2024-05-20T03:06:47.652+0000] {processor.py:183} INFO - Processing /home/airflow/.local/lib/python3.12/site-packages/airflow/example_dags/example_latest_only_with_trigger.py took 0.037 seconds
[2024-05-20T03:07:18.385+0000] {processor.py:161} INFO - Started process (PID=412) to work on /home/airflow/.local/lib/python3.12/site-packages/airflow/example_dags/example_latest_only_with_trigger.py
[2024-05-20T03:07:18.386+0000] {processor.py:830} INFO - Processing file /home/airflow/.local/lib/python3.12/site-packages/airflow/example_dags/example_latest_only_with_trigger.py for tasks to queue
[2024-05-20T03:07:18.387+0000] {logging_mixin.py:188} INFO - [2024-05-20T03:07:18.387+0000] {dagbag.py:545} INFO - Filling up the DagBag from /home/airflow/.local/lib/python3.12/site-packages/airflow/example_dags/example_latest_only_with_trigger.py
[2024-05-20T03:07:18.390+0000] {processor.py:840} INFO - DAG(s) 'latest_only_with_trigger' retrieved from /home/airflow/.local/lib/python3.12/site-packages/airflow/example_dags/example_latest_only_with_trigger.py
[2024-05-20T03:07:18.400+0000] {logging_mixin.py:188} INFO - [2024-05-20T03:07:18.400+0000] {dag.py:3096} INFO - Sync 1 DAGs
[2024-05-20T03:07:18.410+0000] {logging_mixin.py:188} INFO - [2024-05-20T03:07:18.410+0000] {dag.py:3954} INFO - Setting next_dagrun for latest_only_with_trigger to 2024-05-19 20:00:00+00:00, run_after=2024-05-20 00:00:00+00:00
[2024-05-20T03:07:18.418+0000] {processor.py:183} INFO - Processing /home/airflow/.local/lib/python3.12/site-packages/airflow/example_dags/example_latest_only_with_trigger.py took 0.036 seconds
[2024-05-20T03:07:59.599+0000] {processor.py:161} INFO - Started process (PID=67) to work on /home/airflow/.local/lib/python3.12/site-packages/airflow/example_dags/example_latest_only_with_trigger.py
[2024-05-20T03:07:59.600+0000] {processor.py:830} INFO - Processing file /home/airflow/.local/lib/python3.12/site-packages/airflow/example_dags/example_latest_only_with_trigger.py for tasks to queue
[2024-05-20T03:07:59.602+0000] {logging_mixin.py:188} INFO - [2024-05-20T03:07:59.602+0000] {dagbag.py:545} INFO - Filling up the DagBag from /home/airflow/.local/lib/python3.12/site-packages/airflow/example_dags/example_latest_only_with_trigger.py
[2024-05-20T03:07:59.608+0000] {processor.py:840} INFO - DAG(s) 'latest_only_with_trigger' retrieved from /home/airflow/.local/lib/python3.12/site-packages/airflow/example_dags/example_latest_only_with_trigger.py
[2024-05-20T03:07:59.618+0000] {logging_mixin.py:188} INFO - [2024-05-20T03:07:59.618+0000] {dag.py:3096} INFO - Sync 1 DAGs
[2024-05-20T03:07:59.634+0000] {logging_mixin.py:188} INFO - [2024-05-20T03:07:59.634+0000] {dag.py:3954} INFO - Setting next_dagrun for latest_only_with_trigger to 2024-05-19 20:00:00+00:00, run_after=2024-05-20 00:00:00+00:00
[2024-05-20T03:07:59.654+0000] {processor.py:183} INFO - Processing /home/airflow/.local/lib/python3.12/site-packages/airflow/example_dags/example_latest_only_with_trigger.py took 0.060 seconds
[2024-05-20T03:08:31.150+0000] {processor.py:161} INFO - Started process (PID=125) to work on /home/airflow/.local/lib/python3.12/site-packages/airflow/example_dags/example_latest_only_with_trigger.py
[2024-05-20T03:08:31.151+0000] {processor.py:830} INFO - Processing file /home/airflow/.local/lib/python3.12/site-packages/airflow/example_dags/example_latest_only_with_trigger.py for tasks to queue
[2024-05-20T03:08:31.152+0000] {logging_mixin.py:188} INFO - [2024-05-20T03:08:31.152+0000] {dagbag.py:545} INFO - Filling up the DagBag from /home/airflow/.local/lib/python3.12/site-packages/airflow/example_dags/example_latest_only_with_trigger.py
[2024-05-20T03:08:31.155+0000] {processor.py:840} INFO - DAG(s) 'latest_only_with_trigger' retrieved from /home/airflow/.local/lib/python3.12/site-packages/airflow/example_dags/example_latest_only_with_trigger.py
[2024-05-20T03:08:31.199+0000] {logging_mixin.py:188} INFO - [2024-05-20T03:08:31.199+0000] {dag.py:3096} INFO - Sync 1 DAGs
[2024-05-20T03:08:31.207+0000] {logging_mixin.py:188} INFO - [2024-05-20T03:08:31.207+0000] {dag.py:3954} INFO - Setting next_dagrun for latest_only_with_trigger to 2024-05-19 20:00:00+00:00, run_after=2024-05-20 00:00:00+00:00
[2024-05-20T03:08:31.216+0000] {processor.py:183} INFO - Processing /home/airflow/.local/lib/python3.12/site-packages/airflow/example_dags/example_latest_only_with_trigger.py took 0.068 seconds
[2024-05-20T03:09:02.038+0000] {processor.py:161} INFO - Started process (PID=183) to work on /home/airflow/.local/lib/python3.12/site-packages/airflow/example_dags/example_latest_only_with_trigger.py
[2024-05-20T03:09:02.039+0000] {processor.py:830} INFO - Processing file /home/airflow/.local/lib/python3.12/site-packages/airflow/example_dags/example_latest_only_with_trigger.py for tasks to queue
[2024-05-20T03:09:02.040+0000] {logging_mixin.py:188} INFO - [2024-05-20T03:09:02.040+0000] {dagbag.py:545} INFO - Filling up the DagBag from /home/airflow/.local/lib/python3.12/site-packages/airflow/example_dags/example_latest_only_with_trigger.py
[2024-05-20T03:09:02.043+0000] {processor.py:840} INFO - DAG(s) 'latest_only_with_trigger' retrieved from /home/airflow/.local/lib/python3.12/site-packages/airflow/example_dags/example_latest_only_with_trigger.py
[2024-05-20T03:09:02.054+0000] {logging_mixin.py:188} INFO - [2024-05-20T03:09:02.054+0000] {dag.py:3096} INFO - Sync 1 DAGs
[2024-05-20T03:09:02.065+0000] {logging_mixin.py:188} INFO - [2024-05-20T03:09:02.065+0000] {dag.py:3954} INFO - Setting next_dagrun for latest_only_with_trigger to 2024-05-19 20:00:00+00:00, run_after=2024-05-20 00:00:00+00:00
[2024-05-20T03:09:02.073+0000] {processor.py:183} INFO - Processing /home/airflow/.local/lib/python3.12/site-packages/airflow/example_dags/example_latest_only_with_trigger.py took 0.039 seconds
