[2024-05-20T02:51:40.907+0000] {processor.py:161} INFO - Started process (PID=50) to work on /home/airflow/.local/lib/python3.12/site-packages/airflow/example_dags/example_branch_operator.py
[2024-05-20T02:51:40.908+0000] {processor.py:830} INFO - Processing file /home/airflow/.local/lib/python3.12/site-packages/airflow/example_dags/example_branch_operator.py for tasks to queue
[2024-05-20T02:51:40.911+0000] {logging_mixin.py:188} INFO - [2024-05-20T02:51:40.910+0000] {dagbag.py:545} INFO - Filling up the DagBag from /home/airflow/.local/lib/python3.12/site-packages/airflow/example_dags/example_branch_operator.py
[2024-05-20T02:51:40.924+0000] {processor.py:840} INFO - DAG(s) 'example_branch_operator' retrieved from /home/airflow/.local/lib/python3.12/site-packages/airflow/example_dags/example_branch_operator.py
[2024-05-20T02:51:40.933+0000] {logging_mixin.py:188} INFO - [2024-05-20T02:51:40.933+0000] {dag.py:3096} INFO - Sync 1 DAGs
[2024-05-20T02:51:40.951+0000] {logging_mixin.py:188} INFO - [2024-05-20T02:51:40.951+0000] {dag.py:3954} INFO - Setting next_dagrun for example_branch_operator to 2024-05-19 00:00:00+00:00, run_after=2024-05-20 00:00:00+00:00
[2024-05-20T02:51:40.964+0000] {processor.py:183} INFO - Processing /home/airflow/.local/lib/python3.12/site-packages/airflow/example_dags/example_branch_operator.py took 0.064 seconds
[2024-05-20T02:52:11.104+0000] {processor.py:161} INFO - Started process (PID=108) to work on /home/airflow/.local/lib/python3.12/site-packages/airflow/example_dags/example_branch_operator.py
[2024-05-20T02:52:11.105+0000] {processor.py:830} INFO - Processing file /home/airflow/.local/lib/python3.12/site-packages/airflow/example_dags/example_branch_operator.py for tasks to queue
[2024-05-20T02:52:11.106+0000] {logging_mixin.py:188} INFO - [2024-05-20T02:52:11.106+0000] {dagbag.py:545} INFO - Filling up the DagBag from /home/airflow/.local/lib/python3.12/site-packages/airflow/example_dags/example_branch_operator.py
[2024-05-20T02:52:11.115+0000] {processor.py:840} INFO - DAG(s) 'example_branch_operator' retrieved from /home/airflow/.local/lib/python3.12/site-packages/airflow/example_dags/example_branch_operator.py
[2024-05-20T02:52:11.163+0000] {logging_mixin.py:188} INFO - [2024-05-20T02:52:11.163+0000] {dag.py:3096} INFO - Sync 1 DAGs
[2024-05-20T02:52:11.172+0000] {logging_mixin.py:188} INFO - [2024-05-20T02:52:11.172+0000] {dag.py:3954} INFO - Setting next_dagrun for example_branch_operator to 2024-05-19 00:00:00+00:00, run_after=2024-05-20 00:00:00+00:00
[2024-05-20T02:52:11.182+0000] {processor.py:183} INFO - Processing /home/airflow/.local/lib/python3.12/site-packages/airflow/example_dags/example_branch_operator.py took 0.080 seconds
[2024-05-20T02:52:42.133+0000] {processor.py:161} INFO - Started process (PID=166) to work on /home/airflow/.local/lib/python3.12/site-packages/airflow/example_dags/example_branch_operator.py
[2024-05-20T02:52:42.133+0000] {processor.py:830} INFO - Processing file /home/airflow/.local/lib/python3.12/site-packages/airflow/example_dags/example_branch_operator.py for tasks to queue
[2024-05-20T02:52:42.134+0000] {logging_mixin.py:188} INFO - [2024-05-20T02:52:42.134+0000] {dagbag.py:545} INFO - Filling up the DagBag from /home/airflow/.local/lib/python3.12/site-packages/airflow/example_dags/example_branch_operator.py
[2024-05-20T02:52:42.142+0000] {processor.py:840} INFO - DAG(s) 'example_branch_operator' retrieved from /home/airflow/.local/lib/python3.12/site-packages/airflow/example_dags/example_branch_operator.py
[2024-05-20T02:52:42.154+0000] {logging_mixin.py:188} INFO - [2024-05-20T02:52:42.154+0000] {dag.py:3096} INFO - Sync 1 DAGs
[2024-05-20T02:52:42.165+0000] {logging_mixin.py:188} INFO - [2024-05-20T02:52:42.165+0000] {dag.py:3954} INFO - Setting next_dagrun for example_branch_operator to 2024-05-19 00:00:00+00:00, run_after=2024-05-20 00:00:00+00:00
[2024-05-20T02:52:42.174+0000] {processor.py:183} INFO - Processing /home/airflow/.local/lib/python3.12/site-packages/airflow/example_dags/example_branch_operator.py took 0.044 seconds
[2024-05-20T02:53:12.413+0000] {processor.py:161} INFO - Started process (PID=224) to work on /home/airflow/.local/lib/python3.12/site-packages/airflow/example_dags/example_branch_operator.py
[2024-05-20T02:53:12.414+0000] {processor.py:830} INFO - Processing file /home/airflow/.local/lib/python3.12/site-packages/airflow/example_dags/example_branch_operator.py for tasks to queue
[2024-05-20T02:53:12.415+0000] {logging_mixin.py:188} INFO - [2024-05-20T02:53:12.415+0000] {dagbag.py:545} INFO - Filling up the DagBag from /home/airflow/.local/lib/python3.12/site-packages/airflow/example_dags/example_branch_operator.py
[2024-05-20T02:53:12.423+0000] {processor.py:840} INFO - DAG(s) 'example_branch_operator' retrieved from /home/airflow/.local/lib/python3.12/site-packages/airflow/example_dags/example_branch_operator.py
[2024-05-20T02:53:12.436+0000] {logging_mixin.py:188} INFO - [2024-05-20T02:53:12.436+0000] {dag.py:3096} INFO - Sync 1 DAGs
[2024-05-20T02:53:12.448+0000] {logging_mixin.py:188} INFO - [2024-05-20T02:53:12.447+0000] {dag.py:3954} INFO - Setting next_dagrun for example_branch_operator to 2024-05-19 00:00:00+00:00, run_after=2024-05-20 00:00:00+00:00
[2024-05-20T02:53:12.457+0000] {processor.py:183} INFO - Processing /home/airflow/.local/lib/python3.12/site-packages/airflow/example_dags/example_branch_operator.py took 0.048 seconds
[2024-05-20T02:53:42.512+0000] {processor.py:161} INFO - Started process (PID=282) to work on /home/airflow/.local/lib/python3.12/site-packages/airflow/example_dags/example_branch_operator.py
[2024-05-20T02:53:42.513+0000] {processor.py:830} INFO - Processing file /home/airflow/.local/lib/python3.12/site-packages/airflow/example_dags/example_branch_operator.py for tasks to queue
[2024-05-20T02:53:42.514+0000] {logging_mixin.py:188} INFO - [2024-05-20T02:53:42.514+0000] {dagbag.py:545} INFO - Filling up the DagBag from /home/airflow/.local/lib/python3.12/site-packages/airflow/example_dags/example_branch_operator.py
[2024-05-20T02:53:42.521+0000] {processor.py:840} INFO - DAG(s) 'example_branch_operator' retrieved from /home/airflow/.local/lib/python3.12/site-packages/airflow/example_dags/example_branch_operator.py
[2024-05-20T02:53:42.534+0000] {logging_mixin.py:188} INFO - [2024-05-20T02:53:42.533+0000] {dag.py:3096} INFO - Sync 1 DAGs
[2024-05-20T02:53:42.543+0000] {logging_mixin.py:188} INFO - [2024-05-20T02:53:42.543+0000] {dag.py:3954} INFO - Setting next_dagrun for example_branch_operator to 2024-05-19 00:00:00+00:00, run_after=2024-05-20 00:00:00+00:00
[2024-05-20T02:53:42.553+0000] {processor.py:183} INFO - Processing /home/airflow/.local/lib/python3.12/site-packages/airflow/example_dags/example_branch_operator.py took 0.043 seconds
[2024-05-20T02:54:13.234+0000] {processor.py:161} INFO - Started process (PID=340) to work on /home/airflow/.local/lib/python3.12/site-packages/airflow/example_dags/example_branch_operator.py
[2024-05-20T02:54:13.235+0000] {processor.py:830} INFO - Processing file /home/airflow/.local/lib/python3.12/site-packages/airflow/example_dags/example_branch_operator.py for tasks to queue
[2024-05-20T02:54:13.236+0000] {logging_mixin.py:188} INFO - [2024-05-20T02:54:13.236+0000] {dagbag.py:545} INFO - Filling up the DagBag from /home/airflow/.local/lib/python3.12/site-packages/airflow/example_dags/example_branch_operator.py
[2024-05-20T02:54:13.244+0000] {processor.py:840} INFO - DAG(s) 'example_branch_operator' retrieved from /home/airflow/.local/lib/python3.12/site-packages/airflow/example_dags/example_branch_operator.py
[2024-05-20T02:54:13.256+0000] {logging_mixin.py:188} INFO - [2024-05-20T02:54:13.256+0000] {dag.py:3096} INFO - Sync 1 DAGs
[2024-05-20T02:54:13.266+0000] {logging_mixin.py:188} INFO - [2024-05-20T02:54:13.265+0000] {dag.py:3954} INFO - Setting next_dagrun for example_branch_operator to 2024-05-19 00:00:00+00:00, run_after=2024-05-20 00:00:00+00:00
[2024-05-20T02:54:13.273+0000] {processor.py:183} INFO - Processing /home/airflow/.local/lib/python3.12/site-packages/airflow/example_dags/example_branch_operator.py took 0.042 seconds
[2024-05-20T02:54:43.952+0000] {processor.py:161} INFO - Started process (PID=398) to work on /home/airflow/.local/lib/python3.12/site-packages/airflow/example_dags/example_branch_operator.py
[2024-05-20T02:54:43.953+0000] {processor.py:830} INFO - Processing file /home/airflow/.local/lib/python3.12/site-packages/airflow/example_dags/example_branch_operator.py for tasks to queue
[2024-05-20T02:54:43.954+0000] {logging_mixin.py:188} INFO - [2024-05-20T02:54:43.954+0000] {dagbag.py:545} INFO - Filling up the DagBag from /home/airflow/.local/lib/python3.12/site-packages/airflow/example_dags/example_branch_operator.py
[2024-05-20T02:54:43.962+0000] {processor.py:840} INFO - DAG(s) 'example_branch_operator' retrieved from /home/airflow/.local/lib/python3.12/site-packages/airflow/example_dags/example_branch_operator.py
[2024-05-20T02:54:43.978+0000] {logging_mixin.py:188} INFO - [2024-05-20T02:54:43.978+0000] {dag.py:3096} INFO - Sync 1 DAGs
[2024-05-20T02:54:43.990+0000] {logging_mixin.py:188} INFO - [2024-05-20T02:54:43.990+0000] {dag.py:3954} INFO - Setting next_dagrun for example_branch_operator to 2024-05-19 00:00:00+00:00, run_after=2024-05-20 00:00:00+00:00
[2024-05-20T02:54:44.001+0000] {processor.py:183} INFO - Processing /home/airflow/.local/lib/python3.12/site-packages/airflow/example_dags/example_branch_operator.py took 0.052 seconds
[2024-05-20T02:55:14.788+0000] {processor.py:161} INFO - Started process (PID=456) to work on /home/airflow/.local/lib/python3.12/site-packages/airflow/example_dags/example_branch_operator.py
[2024-05-20T02:55:14.789+0000] {processor.py:830} INFO - Processing file /home/airflow/.local/lib/python3.12/site-packages/airflow/example_dags/example_branch_operator.py for tasks to queue
[2024-05-20T02:55:14.790+0000] {logging_mixin.py:188} INFO - [2024-05-20T02:55:14.790+0000] {dagbag.py:545} INFO - Filling up the DagBag from /home/airflow/.local/lib/python3.12/site-packages/airflow/example_dags/example_branch_operator.py
[2024-05-20T02:55:14.798+0000] {processor.py:840} INFO - DAG(s) 'example_branch_operator' retrieved from /home/airflow/.local/lib/python3.12/site-packages/airflow/example_dags/example_branch_operator.py
[2024-05-20T02:55:14.811+0000] {logging_mixin.py:188} INFO - [2024-05-20T02:55:14.811+0000] {dag.py:3096} INFO - Sync 1 DAGs
[2024-05-20T02:55:14.822+0000] {logging_mixin.py:188} INFO - [2024-05-20T02:55:14.821+0000] {dag.py:3954} INFO - Setting next_dagrun for example_branch_operator to 2024-05-19 00:00:00+00:00, run_after=2024-05-20 00:00:00+00:00
[2024-05-20T02:55:14.830+0000] {processor.py:183} INFO - Processing /home/airflow/.local/lib/python3.12/site-packages/airflow/example_dags/example_branch_operator.py took 0.045 seconds
[2024-05-20T02:55:45.527+0000] {processor.py:161} INFO - Started process (PID=514) to work on /home/airflow/.local/lib/python3.12/site-packages/airflow/example_dags/example_branch_operator.py
[2024-05-20T02:55:45.528+0000] {processor.py:830} INFO - Processing file /home/airflow/.local/lib/python3.12/site-packages/airflow/example_dags/example_branch_operator.py for tasks to queue
[2024-05-20T02:55:45.529+0000] {logging_mixin.py:188} INFO - [2024-05-20T02:55:45.529+0000] {dagbag.py:545} INFO - Filling up the DagBag from /home/airflow/.local/lib/python3.12/site-packages/airflow/example_dags/example_branch_operator.py
[2024-05-20T02:55:45.537+0000] {processor.py:840} INFO - DAG(s) 'example_branch_operator' retrieved from /home/airflow/.local/lib/python3.12/site-packages/airflow/example_dags/example_branch_operator.py
[2024-05-20T02:55:45.552+0000] {logging_mixin.py:188} INFO - [2024-05-20T02:55:45.552+0000] {dag.py:3096} INFO - Sync 1 DAGs
[2024-05-20T02:55:45.563+0000] {logging_mixin.py:188} INFO - [2024-05-20T02:55:45.562+0000] {dag.py:3954} INFO - Setting next_dagrun for example_branch_operator to 2024-05-19 00:00:00+00:00, run_after=2024-05-20 00:00:00+00:00
[2024-05-20T02:55:45.572+0000] {processor.py:183} INFO - Processing /home/airflow/.local/lib/python3.12/site-packages/airflow/example_dags/example_branch_operator.py took 0.048 seconds
[2024-05-20T02:56:15.700+0000] {processor.py:161} INFO - Started process (PID=572) to work on /home/airflow/.local/lib/python3.12/site-packages/airflow/example_dags/example_branch_operator.py
[2024-05-20T02:56:15.701+0000] {processor.py:830} INFO - Processing file /home/airflow/.local/lib/python3.12/site-packages/airflow/example_dags/example_branch_operator.py for tasks to queue
[2024-05-20T02:56:15.702+0000] {logging_mixin.py:188} INFO - [2024-05-20T02:56:15.702+0000] {dagbag.py:545} INFO - Filling up the DagBag from /home/airflow/.local/lib/python3.12/site-packages/airflow/example_dags/example_branch_operator.py
[2024-05-20T02:56:15.710+0000] {processor.py:840} INFO - DAG(s) 'example_branch_operator' retrieved from /home/airflow/.local/lib/python3.12/site-packages/airflow/example_dags/example_branch_operator.py
[2024-05-20T02:56:15.733+0000] {logging_mixin.py:188} INFO - [2024-05-20T02:56:15.732+0000] {dag.py:3096} INFO - Sync 1 DAGs
[2024-05-20T02:56:15.756+0000] {logging_mixin.py:188} INFO - [2024-05-20T02:56:15.756+0000] {dag.py:3954} INFO - Setting next_dagrun for example_branch_operator to 2024-05-19 00:00:00+00:00, run_after=2024-05-20 00:00:00+00:00
[2024-05-20T02:56:15.776+0000] {processor.py:183} INFO - Processing /home/airflow/.local/lib/python3.12/site-packages/airflow/example_dags/example_branch_operator.py took 0.079 seconds
[2024-05-20T02:56:45.908+0000] {processor.py:161} INFO - Started process (PID=630) to work on /home/airflow/.local/lib/python3.12/site-packages/airflow/example_dags/example_branch_operator.py
[2024-05-20T02:56:45.909+0000] {processor.py:830} INFO - Processing file /home/airflow/.local/lib/python3.12/site-packages/airflow/example_dags/example_branch_operator.py for tasks to queue
[2024-05-20T02:56:45.910+0000] {logging_mixin.py:188} INFO - [2024-05-20T02:56:45.909+0000] {dagbag.py:545} INFO - Filling up the DagBag from /home/airflow/.local/lib/python3.12/site-packages/airflow/example_dags/example_branch_operator.py
[2024-05-20T02:56:45.917+0000] {processor.py:840} INFO - DAG(s) 'example_branch_operator' retrieved from /home/airflow/.local/lib/python3.12/site-packages/airflow/example_dags/example_branch_operator.py
[2024-05-20T02:56:45.931+0000] {logging_mixin.py:188} INFO - [2024-05-20T02:56:45.930+0000] {dag.py:3096} INFO - Sync 1 DAGs
[2024-05-20T02:56:45.940+0000] {logging_mixin.py:188} INFO - [2024-05-20T02:56:45.940+0000] {dag.py:3954} INFO - Setting next_dagrun for example_branch_operator to 2024-05-19 00:00:00+00:00, run_after=2024-05-20 00:00:00+00:00
[2024-05-20T02:56:45.950+0000] {processor.py:183} INFO - Processing /home/airflow/.local/lib/python3.12/site-packages/airflow/example_dags/example_branch_operator.py took 0.045 seconds
[2024-05-20T02:57:16.724+0000] {processor.py:161} INFO - Started process (PID=688) to work on /home/airflow/.local/lib/python3.12/site-packages/airflow/example_dags/example_branch_operator.py
[2024-05-20T02:57:16.725+0000] {processor.py:830} INFO - Processing file /home/airflow/.local/lib/python3.12/site-packages/airflow/example_dags/example_branch_operator.py for tasks to queue
[2024-05-20T02:57:16.726+0000] {logging_mixin.py:188} INFO - [2024-05-20T02:57:16.726+0000] {dagbag.py:545} INFO - Filling up the DagBag from /home/airflow/.local/lib/python3.12/site-packages/airflow/example_dags/example_branch_operator.py
[2024-05-20T02:57:16.735+0000] {processor.py:840} INFO - DAG(s) 'example_branch_operator' retrieved from /home/airflow/.local/lib/python3.12/site-packages/airflow/example_dags/example_branch_operator.py
[2024-05-20T02:57:16.749+0000] {logging_mixin.py:188} INFO - [2024-05-20T02:57:16.748+0000] {dag.py:3096} INFO - Sync 1 DAGs
[2024-05-20T02:57:16.759+0000] {logging_mixin.py:188} INFO - [2024-05-20T02:57:16.759+0000] {dag.py:3954} INFO - Setting next_dagrun for example_branch_operator to 2024-05-19 00:00:00+00:00, run_after=2024-05-20 00:00:00+00:00
[2024-05-20T02:57:16.768+0000] {processor.py:183} INFO - Processing /home/airflow/.local/lib/python3.12/site-packages/airflow/example_dags/example_branch_operator.py took 0.047 seconds
[2024-05-20T02:57:47.573+0000] {processor.py:161} INFO - Started process (PID=746) to work on /home/airflow/.local/lib/python3.12/site-packages/airflow/example_dags/example_branch_operator.py
[2024-05-20T02:57:47.574+0000] {processor.py:830} INFO - Processing file /home/airflow/.local/lib/python3.12/site-packages/airflow/example_dags/example_branch_operator.py for tasks to queue
[2024-05-20T02:57:47.575+0000] {logging_mixin.py:188} INFO - [2024-05-20T02:57:47.575+0000] {dagbag.py:545} INFO - Filling up the DagBag from /home/airflow/.local/lib/python3.12/site-packages/airflow/example_dags/example_branch_operator.py
[2024-05-20T02:57:47.588+0000] {processor.py:840} INFO - DAG(s) 'example_branch_operator' retrieved from /home/airflow/.local/lib/python3.12/site-packages/airflow/example_dags/example_branch_operator.py
[2024-05-20T02:57:47.603+0000] {logging_mixin.py:188} INFO - [2024-05-20T02:57:47.603+0000] {dag.py:3096} INFO - Sync 1 DAGs
[2024-05-20T02:57:47.629+0000] {logging_mixin.py:188} INFO - [2024-05-20T02:57:47.629+0000] {dag.py:3954} INFO - Setting next_dagrun for example_branch_operator to 2024-05-19 00:00:00+00:00, run_after=2024-05-20 00:00:00+00:00
[2024-05-20T02:57:47.651+0000] {processor.py:183} INFO - Processing /home/airflow/.local/lib/python3.12/site-packages/airflow/example_dags/example_branch_operator.py took 0.084 seconds
[2024-05-20T02:58:18.601+0000] {processor.py:161} INFO - Started process (PID=804) to work on /home/airflow/.local/lib/python3.12/site-packages/airflow/example_dags/example_branch_operator.py
[2024-05-20T02:58:18.602+0000] {processor.py:830} INFO - Processing file /home/airflow/.local/lib/python3.12/site-packages/airflow/example_dags/example_branch_operator.py for tasks to queue
[2024-05-20T02:58:18.603+0000] {logging_mixin.py:188} INFO - [2024-05-20T02:58:18.603+0000] {dagbag.py:545} INFO - Filling up the DagBag from /home/airflow/.local/lib/python3.12/site-packages/airflow/example_dags/example_branch_operator.py
[2024-05-20T02:58:18.611+0000] {processor.py:840} INFO - DAG(s) 'example_branch_operator' retrieved from /home/airflow/.local/lib/python3.12/site-packages/airflow/example_dags/example_branch_operator.py
[2024-05-20T02:58:18.625+0000] {logging_mixin.py:188} INFO - [2024-05-20T02:58:18.625+0000] {dag.py:3096} INFO - Sync 1 DAGs
[2024-05-20T02:58:18.635+0000] {logging_mixin.py:188} INFO - [2024-05-20T02:58:18.635+0000] {dag.py:3954} INFO - Setting next_dagrun for example_branch_operator to 2024-05-19 00:00:00+00:00, run_after=2024-05-20 00:00:00+00:00
[2024-05-20T02:58:18.646+0000] {processor.py:183} INFO - Processing /home/airflow/.local/lib/python3.12/site-packages/airflow/example_dags/example_branch_operator.py took 0.048 seconds
[2024-05-20T02:58:49.329+0000] {processor.py:161} INFO - Started process (PID=862) to work on /home/airflow/.local/lib/python3.12/site-packages/airflow/example_dags/example_branch_operator.py
[2024-05-20T02:58:49.330+0000] {processor.py:830} INFO - Processing file /home/airflow/.local/lib/python3.12/site-packages/airflow/example_dags/example_branch_operator.py for tasks to queue
[2024-05-20T02:58:49.331+0000] {logging_mixin.py:188} INFO - [2024-05-20T02:58:49.331+0000] {dagbag.py:545} INFO - Filling up the DagBag from /home/airflow/.local/lib/python3.12/site-packages/airflow/example_dags/example_branch_operator.py
[2024-05-20T02:58:49.340+0000] {processor.py:840} INFO - DAG(s) 'example_branch_operator' retrieved from /home/airflow/.local/lib/python3.12/site-packages/airflow/example_dags/example_branch_operator.py
[2024-05-20T02:58:49.355+0000] {logging_mixin.py:188} INFO - [2024-05-20T02:58:49.355+0000] {dag.py:3096} INFO - Sync 1 DAGs
[2024-05-20T02:58:49.368+0000] {logging_mixin.py:188} INFO - [2024-05-20T02:58:49.368+0000] {dag.py:3954} INFO - Setting next_dagrun for example_branch_operator to 2024-05-19 00:00:00+00:00, run_after=2024-05-20 00:00:00+00:00
[2024-05-20T02:58:49.378+0000] {processor.py:183} INFO - Processing /home/airflow/.local/lib/python3.12/site-packages/airflow/example_dags/example_branch_operator.py took 0.052 seconds
[2024-05-20T02:59:20.160+0000] {processor.py:161} INFO - Started process (PID=920) to work on /home/airflow/.local/lib/python3.12/site-packages/airflow/example_dags/example_branch_operator.py
[2024-05-20T02:59:20.160+0000] {processor.py:830} INFO - Processing file /home/airflow/.local/lib/python3.12/site-packages/airflow/example_dags/example_branch_operator.py for tasks to queue
[2024-05-20T02:59:20.161+0000] {logging_mixin.py:188} INFO - [2024-05-20T02:59:20.161+0000] {dagbag.py:545} INFO - Filling up the DagBag from /home/airflow/.local/lib/python3.12/site-packages/airflow/example_dags/example_branch_operator.py
[2024-05-20T02:59:20.170+0000] {processor.py:840} INFO - DAG(s) 'example_branch_operator' retrieved from /home/airflow/.local/lib/python3.12/site-packages/airflow/example_dags/example_branch_operator.py
[2024-05-20T02:59:20.185+0000] {logging_mixin.py:188} INFO - [2024-05-20T02:59:20.185+0000] {dag.py:3096} INFO - Sync 1 DAGs
[2024-05-20T02:59:20.200+0000] {logging_mixin.py:188} INFO - [2024-05-20T02:59:20.200+0000] {dag.py:3954} INFO - Setting next_dagrun for example_branch_operator to 2024-05-19 00:00:00+00:00, run_after=2024-05-20 00:00:00+00:00
[2024-05-20T02:59:20.209+0000] {processor.py:183} INFO - Processing /home/airflow/.local/lib/python3.12/site-packages/airflow/example_dags/example_branch_operator.py took 0.053 seconds
[2024-05-20T02:59:51.033+0000] {processor.py:161} INFO - Started process (PID=978) to work on /home/airflow/.local/lib/python3.12/site-packages/airflow/example_dags/example_branch_operator.py
[2024-05-20T02:59:51.037+0000] {processor.py:830} INFO - Processing file /home/airflow/.local/lib/python3.12/site-packages/airflow/example_dags/example_branch_operator.py for tasks to queue
[2024-05-20T02:59:51.039+0000] {logging_mixin.py:188} INFO - [2024-05-20T02:59:51.039+0000] {dagbag.py:545} INFO - Filling up the DagBag from /home/airflow/.local/lib/python3.12/site-packages/airflow/example_dags/example_branch_operator.py
[2024-05-20T02:59:51.053+0000] {processor.py:840} INFO - DAG(s) 'example_branch_operator' retrieved from /home/airflow/.local/lib/python3.12/site-packages/airflow/example_dags/example_branch_operator.py
[2024-05-20T02:59:51.070+0000] {logging_mixin.py:188} INFO - [2024-05-20T02:59:51.070+0000] {dag.py:3096} INFO - Sync 1 DAGs
[2024-05-20T02:59:51.082+0000] {logging_mixin.py:188} INFO - [2024-05-20T02:59:51.082+0000] {dag.py:3954} INFO - Setting next_dagrun for example_branch_operator to 2024-05-19 00:00:00+00:00, run_after=2024-05-20 00:00:00+00:00
[2024-05-20T02:59:51.091+0000] {processor.py:183} INFO - Processing /home/airflow/.local/lib/python3.12/site-packages/airflow/example_dags/example_branch_operator.py took 0.065 seconds
[2024-05-20T03:00:21.828+0000] {processor.py:161} INFO - Started process (PID=1036) to work on /home/airflow/.local/lib/python3.12/site-packages/airflow/example_dags/example_branch_operator.py
[2024-05-20T03:00:21.830+0000] {processor.py:830} INFO - Processing file /home/airflow/.local/lib/python3.12/site-packages/airflow/example_dags/example_branch_operator.py for tasks to queue
[2024-05-20T03:00:21.835+0000] {logging_mixin.py:188} INFO - [2024-05-20T03:00:21.835+0000] {dagbag.py:545} INFO - Filling up the DagBag from /home/airflow/.local/lib/python3.12/site-packages/airflow/example_dags/example_branch_operator.py
[2024-05-20T03:00:21.845+0000] {processor.py:840} INFO - DAG(s) 'example_branch_operator' retrieved from /home/airflow/.local/lib/python3.12/site-packages/airflow/example_dags/example_branch_operator.py
[2024-05-20T03:00:21.859+0000] {logging_mixin.py:188} INFO - [2024-05-20T03:00:21.859+0000] {dag.py:3096} INFO - Sync 1 DAGs
[2024-05-20T03:00:21.871+0000] {logging_mixin.py:188} INFO - [2024-05-20T03:00:21.871+0000] {dag.py:3954} INFO - Setting next_dagrun for example_branch_operator to 2024-05-19 00:00:00+00:00, run_after=2024-05-20 00:00:00+00:00
[2024-05-20T03:00:21.881+0000] {processor.py:183} INFO - Processing /home/airflow/.local/lib/python3.12/site-packages/airflow/example_dags/example_branch_operator.py took 0.056 seconds
[2024-05-20T03:00:52.452+0000] {processor.py:161} INFO - Started process (PID=1094) to work on /home/airflow/.local/lib/python3.12/site-packages/airflow/example_dags/example_branch_operator.py
[2024-05-20T03:00:52.453+0000] {processor.py:830} INFO - Processing file /home/airflow/.local/lib/python3.12/site-packages/airflow/example_dags/example_branch_operator.py for tasks to queue
[2024-05-20T03:00:52.455+0000] {logging_mixin.py:188} INFO - [2024-05-20T03:00:52.454+0000] {dagbag.py:545} INFO - Filling up the DagBag from /home/airflow/.local/lib/python3.12/site-packages/airflow/example_dags/example_branch_operator.py
[2024-05-20T03:00:52.463+0000] {processor.py:840} INFO - DAG(s) 'example_branch_operator' retrieved from /home/airflow/.local/lib/python3.12/site-packages/airflow/example_dags/example_branch_operator.py
[2024-05-20T03:00:52.479+0000] {logging_mixin.py:188} INFO - [2024-05-20T03:00:52.479+0000] {dag.py:3096} INFO - Sync 1 DAGs
[2024-05-20T03:00:52.490+0000] {logging_mixin.py:188} INFO - [2024-05-20T03:00:52.490+0000] {dag.py:3954} INFO - Setting next_dagrun for example_branch_operator to 2024-05-19 00:00:00+00:00, run_after=2024-05-20 00:00:00+00:00
[2024-05-20T03:00:52.501+0000] {processor.py:183} INFO - Processing /home/airflow/.local/lib/python3.12/site-packages/airflow/example_dags/example_branch_operator.py took 0.052 seconds
[2024-05-20T03:01:22.684+0000] {processor.py:161} INFO - Started process (PID=1152) to work on /home/airflow/.local/lib/python3.12/site-packages/airflow/example_dags/example_branch_operator.py
[2024-05-20T03:01:22.686+0000] {processor.py:830} INFO - Processing file /home/airflow/.local/lib/python3.12/site-packages/airflow/example_dags/example_branch_operator.py for tasks to queue
[2024-05-20T03:01:22.688+0000] {logging_mixin.py:188} INFO - [2024-05-20T03:01:22.688+0000] {dagbag.py:545} INFO - Filling up the DagBag from /home/airflow/.local/lib/python3.12/site-packages/airflow/example_dags/example_branch_operator.py
[2024-05-20T03:01:22.703+0000] {processor.py:840} INFO - DAG(s) 'example_branch_operator' retrieved from /home/airflow/.local/lib/python3.12/site-packages/airflow/example_dags/example_branch_operator.py
[2024-05-20T03:01:22.719+0000] {logging_mixin.py:188} INFO - [2024-05-20T03:01:22.719+0000] {dag.py:3096} INFO - Sync 1 DAGs
[2024-05-20T03:01:22.733+0000] {logging_mixin.py:188} INFO - [2024-05-20T03:01:22.733+0000] {dag.py:3954} INFO - Setting next_dagrun for example_branch_operator to 2024-05-19 00:00:00+00:00, run_after=2024-05-20 00:00:00+00:00
[2024-05-20T03:01:22.745+0000] {processor.py:183} INFO - Processing /home/airflow/.local/lib/python3.12/site-packages/airflow/example_dags/example_branch_operator.py took 0.068 seconds
[2024-05-20T03:01:53.408+0000] {processor.py:161} INFO - Started process (PID=1210) to work on /home/airflow/.local/lib/python3.12/site-packages/airflow/example_dags/example_branch_operator.py
[2024-05-20T03:01:53.409+0000] {processor.py:830} INFO - Processing file /home/airflow/.local/lib/python3.12/site-packages/airflow/example_dags/example_branch_operator.py for tasks to queue
[2024-05-20T03:01:53.411+0000] {logging_mixin.py:188} INFO - [2024-05-20T03:01:53.411+0000] {dagbag.py:545} INFO - Filling up the DagBag from /home/airflow/.local/lib/python3.12/site-packages/airflow/example_dags/example_branch_operator.py
[2024-05-20T03:01:53.426+0000] {processor.py:840} INFO - DAG(s) 'example_branch_operator' retrieved from /home/airflow/.local/lib/python3.12/site-packages/airflow/example_dags/example_branch_operator.py
[2024-05-20T03:01:53.445+0000] {logging_mixin.py:188} INFO - [2024-05-20T03:01:53.445+0000] {dag.py:3096} INFO - Sync 1 DAGs
[2024-05-20T03:01:53.456+0000] {logging_mixin.py:188} INFO - [2024-05-20T03:01:53.456+0000] {dag.py:3954} INFO - Setting next_dagrun for example_branch_operator to 2024-05-19 00:00:00+00:00, run_after=2024-05-20 00:00:00+00:00
[2024-05-20T03:01:53.467+0000] {processor.py:183} INFO - Processing /home/airflow/.local/lib/python3.12/site-packages/airflow/example_dags/example_branch_operator.py took 0.065 seconds
[2024-05-20T03:02:24.191+0000] {processor.py:161} INFO - Started process (PID=1268) to work on /home/airflow/.local/lib/python3.12/site-packages/airflow/example_dags/example_branch_operator.py
[2024-05-20T03:02:24.195+0000] {processor.py:830} INFO - Processing file /home/airflow/.local/lib/python3.12/site-packages/airflow/example_dags/example_branch_operator.py for tasks to queue
[2024-05-20T03:02:24.197+0000] {logging_mixin.py:188} INFO - [2024-05-20T03:02:24.196+0000] {dagbag.py:545} INFO - Filling up the DagBag from /home/airflow/.local/lib/python3.12/site-packages/airflow/example_dags/example_branch_operator.py
[2024-05-20T03:02:24.212+0000] {processor.py:840} INFO - DAG(s) 'example_branch_operator' retrieved from /home/airflow/.local/lib/python3.12/site-packages/airflow/example_dags/example_branch_operator.py
[2024-05-20T03:02:24.232+0000] {logging_mixin.py:188} INFO - [2024-05-20T03:02:24.232+0000] {dag.py:3096} INFO - Sync 1 DAGs
[2024-05-20T03:02:24.245+0000] {logging_mixin.py:188} INFO - [2024-05-20T03:02:24.245+0000] {dag.py:3954} INFO - Setting next_dagrun for example_branch_operator to 2024-05-19 00:00:00+00:00, run_after=2024-05-20 00:00:00+00:00
[2024-05-20T03:02:24.255+0000] {processor.py:183} INFO - Processing /home/airflow/.local/lib/python3.12/site-packages/airflow/example_dags/example_branch_operator.py took 0.070 seconds
[2024-05-20T03:02:54.323+0000] {processor.py:161} INFO - Started process (PID=1326) to work on /home/airflow/.local/lib/python3.12/site-packages/airflow/example_dags/example_branch_operator.py
[2024-05-20T03:02:54.324+0000] {processor.py:830} INFO - Processing file /home/airflow/.local/lib/python3.12/site-packages/airflow/example_dags/example_branch_operator.py for tasks to queue
[2024-05-20T03:02:54.327+0000] {logging_mixin.py:188} INFO - [2024-05-20T03:02:54.326+0000] {dagbag.py:545} INFO - Filling up the DagBag from /home/airflow/.local/lib/python3.12/site-packages/airflow/example_dags/example_branch_operator.py
[2024-05-20T03:02:54.343+0000] {processor.py:840} INFO - DAG(s) 'example_branch_operator' retrieved from /home/airflow/.local/lib/python3.12/site-packages/airflow/example_dags/example_branch_operator.py
[2024-05-20T03:02:54.359+0000] {logging_mixin.py:188} INFO - [2024-05-20T03:02:54.359+0000] {dag.py:3096} INFO - Sync 1 DAGs
[2024-05-20T03:02:54.370+0000] {logging_mixin.py:188} INFO - [2024-05-20T03:02:54.370+0000] {dag.py:3954} INFO - Setting next_dagrun for example_branch_operator to 2024-05-19 00:00:00+00:00, run_after=2024-05-20 00:00:00+00:00
[2024-05-20T03:02:54.380+0000] {processor.py:183} INFO - Processing /home/airflow/.local/lib/python3.12/site-packages/airflow/example_dags/example_branch_operator.py took 0.063 seconds
[2024-05-20T03:03:24.434+0000] {processor.py:161} INFO - Started process (PID=1384) to work on /home/airflow/.local/lib/python3.12/site-packages/airflow/example_dags/example_branch_operator.py
[2024-05-20T03:03:24.435+0000] {processor.py:830} INFO - Processing file /home/airflow/.local/lib/python3.12/site-packages/airflow/example_dags/example_branch_operator.py for tasks to queue
[2024-05-20T03:03:24.436+0000] {logging_mixin.py:188} INFO - [2024-05-20T03:03:24.436+0000] {dagbag.py:545} INFO - Filling up the DagBag from /home/airflow/.local/lib/python3.12/site-packages/airflow/example_dags/example_branch_operator.py
[2024-05-20T03:03:24.447+0000] {processor.py:840} INFO - DAG(s) 'example_branch_operator' retrieved from /home/airflow/.local/lib/python3.12/site-packages/airflow/example_dags/example_branch_operator.py
[2024-05-20T03:03:24.463+0000] {logging_mixin.py:188} INFO - [2024-05-20T03:03:24.463+0000] {dag.py:3096} INFO - Sync 1 DAGs
[2024-05-20T03:03:24.476+0000] {logging_mixin.py:188} INFO - [2024-05-20T03:03:24.475+0000] {dag.py:3954} INFO - Setting next_dagrun for example_branch_operator to 2024-05-19 00:00:00+00:00, run_after=2024-05-20 00:00:00+00:00
[2024-05-20T03:03:24.485+0000] {processor.py:183} INFO - Processing /home/airflow/.local/lib/python3.12/site-packages/airflow/example_dags/example_branch_operator.py took 0.056 seconds
[2024-05-20T03:04:13.324+0000] {processor.py:161} INFO - Started process (PID=49) to work on /home/airflow/.local/lib/python3.12/site-packages/airflow/example_dags/example_branch_operator.py
[2024-05-20T03:04:13.325+0000] {processor.py:830} INFO - Processing file /home/airflow/.local/lib/python3.12/site-packages/airflow/example_dags/example_branch_operator.py for tasks to queue
[2024-05-20T03:04:13.327+0000] {logging_mixin.py:188} INFO - [2024-05-20T03:04:13.327+0000] {dagbag.py:545} INFO - Filling up the DagBag from /home/airflow/.local/lib/python3.12/site-packages/airflow/example_dags/example_branch_operator.py
[2024-05-20T03:04:13.340+0000] {processor.py:840} INFO - DAG(s) 'example_branch_operator' retrieved from /home/airflow/.local/lib/python3.12/site-packages/airflow/example_dags/example_branch_operator.py
[2024-05-20T03:04:13.359+0000] {logging_mixin.py:188} INFO - [2024-05-20T03:04:13.359+0000] {dag.py:3096} INFO - Sync 1 DAGs
[2024-05-20T03:04:13.375+0000] {logging_mixin.py:188} INFO - [2024-05-20T03:04:13.375+0000] {dag.py:3954} INFO - Setting next_dagrun for example_branch_operator to 2024-05-19 00:00:00+00:00, run_after=2024-05-20 00:00:00+00:00
[2024-05-20T03:04:13.385+0000] {processor.py:183} INFO - Processing /home/airflow/.local/lib/python3.12/site-packages/airflow/example_dags/example_branch_operator.py took 0.066 seconds
[2024-05-20T03:04:43.864+0000] {processor.py:161} INFO - Started process (PID=107) to work on /home/airflow/.local/lib/python3.12/site-packages/airflow/example_dags/example_branch_operator.py
[2024-05-20T03:04:43.865+0000] {processor.py:830} INFO - Processing file /home/airflow/.local/lib/python3.12/site-packages/airflow/example_dags/example_branch_operator.py for tasks to queue
[2024-05-20T03:04:43.866+0000] {logging_mixin.py:188} INFO - [2024-05-20T03:04:43.866+0000] {dagbag.py:545} INFO - Filling up the DagBag from /home/airflow/.local/lib/python3.12/site-packages/airflow/example_dags/example_branch_operator.py
[2024-05-20T03:04:43.876+0000] {processor.py:840} INFO - DAG(s) 'example_branch_operator' retrieved from /home/airflow/.local/lib/python3.12/site-packages/airflow/example_dags/example_branch_operator.py
[2024-05-20T03:04:43.928+0000] {logging_mixin.py:188} INFO - [2024-05-20T03:04:43.927+0000] {dag.py:3096} INFO - Sync 1 DAGs
[2024-05-20T03:04:43.938+0000] {logging_mixin.py:188} INFO - [2024-05-20T03:04:43.937+0000] {dag.py:3954} INFO - Setting next_dagrun for example_branch_operator to 2024-05-19 00:00:00+00:00, run_after=2024-05-20 00:00:00+00:00
[2024-05-20T03:04:43.949+0000] {processor.py:183} INFO - Processing /home/airflow/.local/lib/python3.12/site-packages/airflow/example_dags/example_branch_operator.py took 0.088 seconds
[2024-05-20T03:05:14.010+0000] {processor.py:161} INFO - Started process (PID=164) to work on /home/airflow/.local/lib/python3.12/site-packages/airflow/example_dags/example_branch_operator.py
[2024-05-20T03:05:14.011+0000] {processor.py:830} INFO - Processing file /home/airflow/.local/lib/python3.12/site-packages/airflow/example_dags/example_branch_operator.py for tasks to queue
[2024-05-20T03:05:14.012+0000] {logging_mixin.py:188} INFO - [2024-05-20T03:05:14.012+0000] {dagbag.py:545} INFO - Filling up the DagBag from /home/airflow/.local/lib/python3.12/site-packages/airflow/example_dags/example_branch_operator.py
[2024-05-20T03:05:14.019+0000] {processor.py:840} INFO - DAG(s) 'example_branch_operator' retrieved from /home/airflow/.local/lib/python3.12/site-packages/airflow/example_dags/example_branch_operator.py
[2024-05-20T03:05:14.033+0000] {logging_mixin.py:188} INFO - [2024-05-20T03:05:14.032+0000] {dag.py:3096} INFO - Sync 1 DAGs
[2024-05-20T03:05:14.043+0000] {logging_mixin.py:188} INFO - [2024-05-20T03:05:14.043+0000] {dag.py:3954} INFO - Setting next_dagrun for example_branch_operator to 2024-05-19 00:00:00+00:00, run_after=2024-05-20 00:00:00+00:00
[2024-05-20T03:05:14.052+0000] {processor.py:183} INFO - Processing /home/airflow/.local/lib/python3.12/site-packages/airflow/example_dags/example_branch_operator.py took 0.045 seconds
[2024-05-20T03:05:44.677+0000] {processor.py:161} INFO - Started process (PID=222) to work on /home/airflow/.local/lib/python3.12/site-packages/airflow/example_dags/example_branch_operator.py
[2024-05-20T03:05:44.678+0000] {processor.py:830} INFO - Processing file /home/airflow/.local/lib/python3.12/site-packages/airflow/example_dags/example_branch_operator.py for tasks to queue
[2024-05-20T03:05:44.679+0000] {logging_mixin.py:188} INFO - [2024-05-20T03:05:44.679+0000] {dagbag.py:545} INFO - Filling up the DagBag from /home/airflow/.local/lib/python3.12/site-packages/airflow/example_dags/example_branch_operator.py
[2024-05-20T03:05:44.688+0000] {processor.py:840} INFO - DAG(s) 'example_branch_operator' retrieved from /home/airflow/.local/lib/python3.12/site-packages/airflow/example_dags/example_branch_operator.py
[2024-05-20T03:05:44.702+0000] {logging_mixin.py:188} INFO - [2024-05-20T03:05:44.702+0000] {dag.py:3096} INFO - Sync 1 DAGs
[2024-05-20T03:05:44.713+0000] {logging_mixin.py:188} INFO - [2024-05-20T03:05:44.713+0000] {dag.py:3954} INFO - Setting next_dagrun for example_branch_operator to 2024-05-19 00:00:00+00:00, run_after=2024-05-20 00:00:00+00:00
[2024-05-20T03:05:44.722+0000] {processor.py:183} INFO - Processing /home/airflow/.local/lib/python3.12/site-packages/airflow/example_dags/example_branch_operator.py took 0.048 seconds
[2024-05-20T03:06:15.382+0000] {processor.py:161} INFO - Started process (PID=279) to work on /home/airflow/.local/lib/python3.12/site-packages/airflow/example_dags/example_branch_operator.py
[2024-05-20T03:06:15.383+0000] {processor.py:830} INFO - Processing file /home/airflow/.local/lib/python3.12/site-packages/airflow/example_dags/example_branch_operator.py for tasks to queue
[2024-05-20T03:06:15.384+0000] {logging_mixin.py:188} INFO - [2024-05-20T03:06:15.384+0000] {dagbag.py:545} INFO - Filling up the DagBag from /home/airflow/.local/lib/python3.12/site-packages/airflow/example_dags/example_branch_operator.py
[2024-05-20T03:06:15.392+0000] {processor.py:840} INFO - DAG(s) 'example_branch_operator' retrieved from /home/airflow/.local/lib/python3.12/site-packages/airflow/example_dags/example_branch_operator.py
[2024-05-20T03:06:15.405+0000] {logging_mixin.py:188} INFO - [2024-05-20T03:06:15.405+0000] {dag.py:3096} INFO - Sync 1 DAGs
[2024-05-20T03:06:15.416+0000] {logging_mixin.py:188} INFO - [2024-05-20T03:06:15.416+0000] {dag.py:3954} INFO - Setting next_dagrun for example_branch_operator to 2024-05-19 00:00:00+00:00, run_after=2024-05-20 00:00:00+00:00
[2024-05-20T03:06:15.424+0000] {processor.py:183} INFO - Processing /home/airflow/.local/lib/python3.12/site-packages/airflow/example_dags/example_branch_operator.py took 0.045 seconds
[2024-05-20T03:06:46.095+0000] {processor.py:161} INFO - Started process (PID=337) to work on /home/airflow/.local/lib/python3.12/site-packages/airflow/example_dags/example_branch_operator.py
[2024-05-20T03:06:46.096+0000] {processor.py:830} INFO - Processing file /home/airflow/.local/lib/python3.12/site-packages/airflow/example_dags/example_branch_operator.py for tasks to queue
[2024-05-20T03:06:46.097+0000] {logging_mixin.py:188} INFO - [2024-05-20T03:06:46.096+0000] {dagbag.py:545} INFO - Filling up the DagBag from /home/airflow/.local/lib/python3.12/site-packages/airflow/example_dags/example_branch_operator.py
[2024-05-20T03:06:46.104+0000] {processor.py:840} INFO - DAG(s) 'example_branch_operator' retrieved from /home/airflow/.local/lib/python3.12/site-packages/airflow/example_dags/example_branch_operator.py
[2024-05-20T03:06:46.118+0000] {logging_mixin.py:188} INFO - [2024-05-20T03:06:46.118+0000] {dag.py:3096} INFO - Sync 1 DAGs
[2024-05-20T03:06:46.128+0000] {logging_mixin.py:188} INFO - [2024-05-20T03:06:46.128+0000] {dag.py:3954} INFO - Setting next_dagrun for example_branch_operator to 2024-05-19 00:00:00+00:00, run_after=2024-05-20 00:00:00+00:00
[2024-05-20T03:06:46.136+0000] {processor.py:183} INFO - Processing /home/airflow/.local/lib/python3.12/site-packages/airflow/example_dags/example_branch_operator.py took 0.044 seconds
[2024-05-20T03:07:16.820+0000] {processor.py:161} INFO - Started process (PID=395) to work on /home/airflow/.local/lib/python3.12/site-packages/airflow/example_dags/example_branch_operator.py
[2024-05-20T03:07:16.820+0000] {processor.py:830} INFO - Processing file /home/airflow/.local/lib/python3.12/site-packages/airflow/example_dags/example_branch_operator.py for tasks to queue
[2024-05-20T03:07:16.821+0000] {logging_mixin.py:188} INFO - [2024-05-20T03:07:16.821+0000] {dagbag.py:545} INFO - Filling up the DagBag from /home/airflow/.local/lib/python3.12/site-packages/airflow/example_dags/example_branch_operator.py
[2024-05-20T03:07:16.829+0000] {processor.py:840} INFO - DAG(s) 'example_branch_operator' retrieved from /home/airflow/.local/lib/python3.12/site-packages/airflow/example_dags/example_branch_operator.py
[2024-05-20T03:07:16.842+0000] {logging_mixin.py:188} INFO - [2024-05-20T03:07:16.842+0000] {dag.py:3096} INFO - Sync 1 DAGs
[2024-05-20T03:07:16.852+0000] {logging_mixin.py:188} INFO - [2024-05-20T03:07:16.851+0000] {dag.py:3954} INFO - Setting next_dagrun for example_branch_operator to 2024-05-19 00:00:00+00:00, run_after=2024-05-20 00:00:00+00:00
[2024-05-20T03:07:16.860+0000] {processor.py:183} INFO - Processing /home/airflow/.local/lib/python3.12/site-packages/airflow/example_dags/example_branch_operator.py took 0.043 seconds
[2024-05-20T03:07:58.966+0000] {processor.py:161} INFO - Started process (PID=50) to work on /home/airflow/.local/lib/python3.12/site-packages/airflow/example_dags/example_branch_operator.py
[2024-05-20T03:07:58.967+0000] {processor.py:830} INFO - Processing file /home/airflow/.local/lib/python3.12/site-packages/airflow/example_dags/example_branch_operator.py for tasks to queue
[2024-05-20T03:07:58.968+0000] {logging_mixin.py:188} INFO - [2024-05-20T03:07:58.968+0000] {dagbag.py:545} INFO - Filling up the DagBag from /home/airflow/.local/lib/python3.12/site-packages/airflow/example_dags/example_branch_operator.py
[2024-05-20T03:07:58.979+0000] {processor.py:840} INFO - DAG(s) 'example_branch_operator' retrieved from /home/airflow/.local/lib/python3.12/site-packages/airflow/example_dags/example_branch_operator.py
[2024-05-20T03:07:58.987+0000] {logging_mixin.py:188} INFO - [2024-05-20T03:07:58.987+0000] {dag.py:3096} INFO - Sync 1 DAGs
[2024-05-20T03:07:59.003+0000] {logging_mixin.py:188} INFO - [2024-05-20T03:07:59.003+0000] {dag.py:3954} INFO - Setting next_dagrun for example_branch_operator to 2024-05-19 00:00:00+00:00, run_after=2024-05-20 00:00:00+00:00
[2024-05-20T03:07:59.015+0000] {processor.py:183} INFO - Processing /home/airflow/.local/lib/python3.12/site-packages/airflow/example_dags/example_branch_operator.py took 0.053 seconds
[2024-05-20T03:08:30.282+0000] {processor.py:161} INFO - Started process (PID=108) to work on /home/airflow/.local/lib/python3.12/site-packages/airflow/example_dags/example_branch_operator.py
[2024-05-20T03:08:30.282+0000] {processor.py:830} INFO - Processing file /home/airflow/.local/lib/python3.12/site-packages/airflow/example_dags/example_branch_operator.py for tasks to queue
[2024-05-20T03:08:30.284+0000] {logging_mixin.py:188} INFO - [2024-05-20T03:08:30.283+0000] {dagbag.py:545} INFO - Filling up the DagBag from /home/airflow/.local/lib/python3.12/site-packages/airflow/example_dags/example_branch_operator.py
[2024-05-20T03:08:30.292+0000] {processor.py:840} INFO - DAG(s) 'example_branch_operator' retrieved from /home/airflow/.local/lib/python3.12/site-packages/airflow/example_dags/example_branch_operator.py
[2024-05-20T03:08:30.338+0000] {logging_mixin.py:188} INFO - [2024-05-20T03:08:30.338+0000] {dag.py:3096} INFO - Sync 1 DAGs
[2024-05-20T03:08:30.347+0000] {logging_mixin.py:188} INFO - [2024-05-20T03:08:30.347+0000] {dag.py:3954} INFO - Setting next_dagrun for example_branch_operator to 2024-05-19 00:00:00+00:00, run_after=2024-05-20 00:00:00+00:00
[2024-05-20T03:08:30.356+0000] {processor.py:183} INFO - Processing /home/airflow/.local/lib/python3.12/site-packages/airflow/example_dags/example_branch_operator.py took 0.077 seconds
[2024-05-20T03:09:00.497+0000] {processor.py:161} INFO - Started process (PID=166) to work on /home/airflow/.local/lib/python3.12/site-packages/airflow/example_dags/example_branch_operator.py
[2024-05-20T03:09:00.498+0000] {processor.py:830} INFO - Processing file /home/airflow/.local/lib/python3.12/site-packages/airflow/example_dags/example_branch_operator.py for tasks to queue
[2024-05-20T03:09:00.499+0000] {logging_mixin.py:188} INFO - [2024-05-20T03:09:00.498+0000] {dagbag.py:545} INFO - Filling up the DagBag from /home/airflow/.local/lib/python3.12/site-packages/airflow/example_dags/example_branch_operator.py
[2024-05-20T03:09:00.507+0000] {processor.py:840} INFO - DAG(s) 'example_branch_operator' retrieved from /home/airflow/.local/lib/python3.12/site-packages/airflow/example_dags/example_branch_operator.py
[2024-05-20T03:09:00.520+0000] {logging_mixin.py:188} INFO - [2024-05-20T03:09:00.520+0000] {dag.py:3096} INFO - Sync 1 DAGs
[2024-05-20T03:09:00.532+0000] {logging_mixin.py:188} INFO - [2024-05-20T03:09:00.532+0000] {dag.py:3954} INFO - Setting next_dagrun for example_branch_operator to 2024-05-19 00:00:00+00:00, run_after=2024-05-20 00:00:00+00:00
[2024-05-20T03:09:00.543+0000] {processor.py:183} INFO - Processing /home/airflow/.local/lib/python3.12/site-packages/airflow/example_dags/example_branch_operator.py took 0.048 seconds
