[2024-05-20T02:51:40.063+0000] {processor.py:161} INFO - Started process (PID=33) to work on /home/airflow/.local/lib/python3.12/site-packages/airflow/example_dags/example_python_decorator.py
[2024-05-20T02:51:40.064+0000] {processor.py:830} INFO - Processing file /home/airflow/.local/lib/python3.12/site-packages/airflow/example_dags/example_python_decorator.py for tasks to queue
[2024-05-20T02:51:40.065+0000] {logging_mixin.py:188} INFO - [2024-05-20T02:51:40.065+0000] {dagbag.py:545} INFO - Filling up the DagBag from /home/airflow/.local/lib/python3.12/site-packages/airflow/example_dags/example_python_decorator.py
[2024-05-20T02:51:40.074+0000] {processor.py:840} INFO - DAG(s) 'example_python_decorator' retrieved from /home/airflow/.local/lib/python3.12/site-packages/airflow/example_dags/example_python_decorator.py
[2024-05-20T02:51:40.082+0000] {logging_mixin.py:188} INFO - [2024-05-20T02:51:40.082+0000] {dag.py:3096} INFO - Sync 1 DAGs
[2024-05-20T02:51:40.091+0000] {logging_mixin.py:188} INFO - [2024-05-20T02:51:40.090+0000] {dag.py:3954} INFO - Setting next_dagrun for example_python_decorator to None, run_after=None
[2024-05-20T02:51:40.102+0000] {processor.py:183} INFO - Processing /home/airflow/.local/lib/python3.12/site-packages/airflow/example_dags/example_python_decorator.py took 0.043 seconds
[2024-05-20T02:52:10.379+0000] {processor.py:161} INFO - Started process (PID=91) to work on /home/airflow/.local/lib/python3.12/site-packages/airflow/example_dags/example_python_decorator.py
[2024-05-20T02:52:10.381+0000] {processor.py:830} INFO - Processing file /home/airflow/.local/lib/python3.12/site-packages/airflow/example_dags/example_python_decorator.py for tasks to queue
[2024-05-20T02:52:10.382+0000] {logging_mixin.py:188} INFO - [2024-05-20T02:52:10.382+0000] {dagbag.py:545} INFO - Filling up the DagBag from /home/airflow/.local/lib/python3.12/site-packages/airflow/example_dags/example_python_decorator.py
[2024-05-20T02:52:10.388+0000] {processor.py:840} INFO - DAG(s) 'example_python_decorator' retrieved from /home/airflow/.local/lib/python3.12/site-packages/airflow/example_dags/example_python_decorator.py
[2024-05-20T02:52:10.435+0000] {logging_mixin.py:188} INFO - [2024-05-20T02:52:10.435+0000] {dag.py:3096} INFO - Sync 1 DAGs
[2024-05-20T02:52:10.440+0000] {logging_mixin.py:188} INFO - [2024-05-20T02:52:10.440+0000] {dag.py:3954} INFO - Setting next_dagrun for example_python_decorator to None, run_after=None
[2024-05-20T02:52:10.450+0000] {processor.py:183} INFO - Processing /home/airflow/.local/lib/python3.12/site-packages/airflow/example_dags/example_python_decorator.py took 0.074 seconds
[2024-05-20T02:52:40.697+0000] {processor.py:161} INFO - Started process (PID=149) to work on /home/airflow/.local/lib/python3.12/site-packages/airflow/example_dags/example_python_decorator.py
[2024-05-20T02:52:40.697+0000] {processor.py:830} INFO - Processing file /home/airflow/.local/lib/python3.12/site-packages/airflow/example_dags/example_python_decorator.py for tasks to queue
[2024-05-20T02:52:40.698+0000] {logging_mixin.py:188} INFO - [2024-05-20T02:52:40.698+0000] {dagbag.py:545} INFO - Filling up the DagBag from /home/airflow/.local/lib/python3.12/site-packages/airflow/example_dags/example_python_decorator.py
[2024-05-20T02:52:40.705+0000] {processor.py:840} INFO - DAG(s) 'example_python_decorator' retrieved from /home/airflow/.local/lib/python3.12/site-packages/airflow/example_dags/example_python_decorator.py
[2024-05-20T02:52:40.715+0000] {logging_mixin.py:188} INFO - [2024-05-20T02:52:40.715+0000] {dag.py:3096} INFO - Sync 1 DAGs
[2024-05-20T02:52:40.721+0000] {logging_mixin.py:188} INFO - [2024-05-20T02:52:40.721+0000] {dag.py:3954} INFO - Setting next_dagrun for example_python_decorator to None, run_after=None
[2024-05-20T02:52:40.729+0000] {processor.py:183} INFO - Processing /home/airflow/.local/lib/python3.12/site-packages/airflow/example_dags/example_python_decorator.py took 0.035 seconds
[2024-05-20T02:53:10.817+0000] {processor.py:161} INFO - Started process (PID=207) to work on /home/airflow/.local/lib/python3.12/site-packages/airflow/example_dags/example_python_decorator.py
[2024-05-20T02:53:10.818+0000] {processor.py:830} INFO - Processing file /home/airflow/.local/lib/python3.12/site-packages/airflow/example_dags/example_python_decorator.py for tasks to queue
[2024-05-20T02:53:10.819+0000] {logging_mixin.py:188} INFO - [2024-05-20T02:53:10.819+0000] {dagbag.py:545} INFO - Filling up the DagBag from /home/airflow/.local/lib/python3.12/site-packages/airflow/example_dags/example_python_decorator.py
[2024-05-20T02:53:10.827+0000] {processor.py:840} INFO - DAG(s) 'example_python_decorator' retrieved from /home/airflow/.local/lib/python3.12/site-packages/airflow/example_dags/example_python_decorator.py
[2024-05-20T02:53:10.839+0000] {logging_mixin.py:188} INFO - [2024-05-20T02:53:10.839+0000] {dag.py:3096} INFO - Sync 1 DAGs
[2024-05-20T02:53:10.845+0000] {logging_mixin.py:188} INFO - [2024-05-20T02:53:10.845+0000] {dag.py:3954} INFO - Setting next_dagrun for example_python_decorator to None, run_after=None
[2024-05-20T02:53:10.855+0000] {processor.py:183} INFO - Processing /home/airflow/.local/lib/python3.12/site-packages/airflow/example_dags/example_python_decorator.py took 0.042 seconds
[2024-05-20T02:53:41.053+0000] {processor.py:161} INFO - Started process (PID=265) to work on /home/airflow/.local/lib/python3.12/site-packages/airflow/example_dags/example_python_decorator.py
[2024-05-20T02:53:41.054+0000] {processor.py:830} INFO - Processing file /home/airflow/.local/lib/python3.12/site-packages/airflow/example_dags/example_python_decorator.py for tasks to queue
[2024-05-20T02:53:41.055+0000] {logging_mixin.py:188} INFO - [2024-05-20T02:53:41.054+0000] {dagbag.py:545} INFO - Filling up the DagBag from /home/airflow/.local/lib/python3.12/site-packages/airflow/example_dags/example_python_decorator.py
[2024-05-20T02:53:41.061+0000] {processor.py:840} INFO - DAG(s) 'example_python_decorator' retrieved from /home/airflow/.local/lib/python3.12/site-packages/airflow/example_dags/example_python_decorator.py
[2024-05-20T02:53:41.073+0000] {logging_mixin.py:188} INFO - [2024-05-20T02:53:41.073+0000] {dag.py:3096} INFO - Sync 1 DAGs
[2024-05-20T02:53:41.079+0000] {logging_mixin.py:188} INFO - [2024-05-20T02:53:41.079+0000] {dag.py:3954} INFO - Setting next_dagrun for example_python_decorator to None, run_after=None
[2024-05-20T02:53:41.087+0000] {processor.py:183} INFO - Processing /home/airflow/.local/lib/python3.12/site-packages/airflow/example_dags/example_python_decorator.py took 0.038 seconds
[2024-05-20T02:54:11.779+0000] {processor.py:161} INFO - Started process (PID=323) to work on /home/airflow/.local/lib/python3.12/site-packages/airflow/example_dags/example_python_decorator.py
[2024-05-20T02:54:11.779+0000] {processor.py:830} INFO - Processing file /home/airflow/.local/lib/python3.12/site-packages/airflow/example_dags/example_python_decorator.py for tasks to queue
[2024-05-20T02:54:11.780+0000] {logging_mixin.py:188} INFO - [2024-05-20T02:54:11.780+0000] {dagbag.py:545} INFO - Filling up the DagBag from /home/airflow/.local/lib/python3.12/site-packages/airflow/example_dags/example_python_decorator.py
[2024-05-20T02:54:11.786+0000] {processor.py:840} INFO - DAG(s) 'example_python_decorator' retrieved from /home/airflow/.local/lib/python3.12/site-packages/airflow/example_dags/example_python_decorator.py
[2024-05-20T02:54:11.798+0000] {logging_mixin.py:188} INFO - [2024-05-20T02:54:11.798+0000] {dag.py:3096} INFO - Sync 1 DAGs
[2024-05-20T02:54:11.804+0000] {logging_mixin.py:188} INFO - [2024-05-20T02:54:11.803+0000] {dag.py:3954} INFO - Setting next_dagrun for example_python_decorator to None, run_after=None
[2024-05-20T02:54:11.813+0000] {processor.py:183} INFO - Processing /home/airflow/.local/lib/python3.12/site-packages/airflow/example_dags/example_python_decorator.py took 0.037 seconds
[2024-05-20T02:54:42.479+0000] {processor.py:161} INFO - Started process (PID=381) to work on /home/airflow/.local/lib/python3.12/site-packages/airflow/example_dags/example_python_decorator.py
[2024-05-20T02:54:42.480+0000] {processor.py:830} INFO - Processing file /home/airflow/.local/lib/python3.12/site-packages/airflow/example_dags/example_python_decorator.py for tasks to queue
[2024-05-20T02:54:42.481+0000] {logging_mixin.py:188} INFO - [2024-05-20T02:54:42.481+0000] {dagbag.py:545} INFO - Filling up the DagBag from /home/airflow/.local/lib/python3.12/site-packages/airflow/example_dags/example_python_decorator.py
[2024-05-20T02:54:42.488+0000] {processor.py:840} INFO - DAG(s) 'example_python_decorator' retrieved from /home/airflow/.local/lib/python3.12/site-packages/airflow/example_dags/example_python_decorator.py
[2024-05-20T02:54:42.500+0000] {logging_mixin.py:188} INFO - [2024-05-20T02:54:42.500+0000] {dag.py:3096} INFO - Sync 1 DAGs
[2024-05-20T02:54:42.508+0000] {logging_mixin.py:188} INFO - [2024-05-20T02:54:42.508+0000] {dag.py:3954} INFO - Setting next_dagrun for example_python_decorator to None, run_after=None
[2024-05-20T02:54:42.518+0000] {processor.py:183} INFO - Processing /home/airflow/.local/lib/python3.12/site-packages/airflow/example_dags/example_python_decorator.py took 0.042 seconds
[2024-05-20T02:55:13.234+0000] {processor.py:161} INFO - Started process (PID=439) to work on /home/airflow/.local/lib/python3.12/site-packages/airflow/example_dags/example_python_decorator.py
[2024-05-20T02:55:13.235+0000] {processor.py:830} INFO - Processing file /home/airflow/.local/lib/python3.12/site-packages/airflow/example_dags/example_python_decorator.py for tasks to queue
[2024-05-20T02:55:13.236+0000] {logging_mixin.py:188} INFO - [2024-05-20T02:55:13.236+0000] {dagbag.py:545} INFO - Filling up the DagBag from /home/airflow/.local/lib/python3.12/site-packages/airflow/example_dags/example_python_decorator.py
[2024-05-20T02:55:13.244+0000] {processor.py:840} INFO - DAG(s) 'example_python_decorator' retrieved from /home/airflow/.local/lib/python3.12/site-packages/airflow/example_dags/example_python_decorator.py
[2024-05-20T02:55:13.256+0000] {logging_mixin.py:188} INFO - [2024-05-20T02:55:13.256+0000] {dag.py:3096} INFO - Sync 1 DAGs
[2024-05-20T02:55:13.263+0000] {logging_mixin.py:188} INFO - [2024-05-20T02:55:13.262+0000] {dag.py:3954} INFO - Setting next_dagrun for example_python_decorator to None, run_after=None
[2024-05-20T02:55:13.274+0000] {processor.py:183} INFO - Processing /home/airflow/.local/lib/python3.12/site-packages/airflow/example_dags/example_python_decorator.py took 0.044 seconds
[2024-05-20T02:55:43.969+0000] {processor.py:161} INFO - Started process (PID=497) to work on /home/airflow/.local/lib/python3.12/site-packages/airflow/example_dags/example_python_decorator.py
[2024-05-20T02:55:43.970+0000] {processor.py:830} INFO - Processing file /home/airflow/.local/lib/python3.12/site-packages/airflow/example_dags/example_python_decorator.py for tasks to queue
[2024-05-20T02:55:43.971+0000] {logging_mixin.py:188} INFO - [2024-05-20T02:55:43.971+0000] {dagbag.py:545} INFO - Filling up the DagBag from /home/airflow/.local/lib/python3.12/site-packages/airflow/example_dags/example_python_decorator.py
[2024-05-20T02:55:43.978+0000] {processor.py:840} INFO - DAG(s) 'example_python_decorator' retrieved from /home/airflow/.local/lib/python3.12/site-packages/airflow/example_dags/example_python_decorator.py
[2024-05-20T02:55:43.990+0000] {logging_mixin.py:188} INFO - [2024-05-20T02:55:43.990+0000] {dag.py:3096} INFO - Sync 1 DAGs
[2024-05-20T02:55:43.996+0000] {logging_mixin.py:188} INFO - [2024-05-20T02:55:43.995+0000] {dag.py:3954} INFO - Setting next_dagrun for example_python_decorator to None, run_after=None
[2024-05-20T02:55:44.005+0000] {processor.py:183} INFO - Processing /home/airflow/.local/lib/python3.12/site-packages/airflow/example_dags/example_python_decorator.py took 0.039 seconds
[2024-05-20T02:56:14.162+0000] {processor.py:161} INFO - Started process (PID=555) to work on /home/airflow/.local/lib/python3.12/site-packages/airflow/example_dags/example_python_decorator.py
[2024-05-20T02:56:14.163+0000] {processor.py:830} INFO - Processing file /home/airflow/.local/lib/python3.12/site-packages/airflow/example_dags/example_python_decorator.py for tasks to queue
[2024-05-20T02:56:14.164+0000] {logging_mixin.py:188} INFO - [2024-05-20T02:56:14.164+0000] {dagbag.py:545} INFO - Filling up the DagBag from /home/airflow/.local/lib/python3.12/site-packages/airflow/example_dags/example_python_decorator.py
[2024-05-20T02:56:14.171+0000] {processor.py:840} INFO - DAG(s) 'example_python_decorator' retrieved from /home/airflow/.local/lib/python3.12/site-packages/airflow/example_dags/example_python_decorator.py
[2024-05-20T02:56:14.183+0000] {logging_mixin.py:188} INFO - [2024-05-20T02:56:14.183+0000] {dag.py:3096} INFO - Sync 1 DAGs
[2024-05-20T02:56:14.190+0000] {logging_mixin.py:188} INFO - [2024-05-20T02:56:14.190+0000] {dag.py:3954} INFO - Setting next_dagrun for example_python_decorator to None, run_after=None
[2024-05-20T02:56:14.200+0000] {processor.py:183} INFO - Processing /home/airflow/.local/lib/python3.12/site-packages/airflow/example_dags/example_python_decorator.py took 0.041 seconds
[2024-05-20T02:56:44.394+0000] {processor.py:161} INFO - Started process (PID=613) to work on /home/airflow/.local/lib/python3.12/site-packages/airflow/example_dags/example_python_decorator.py
[2024-05-20T02:56:44.395+0000] {processor.py:830} INFO - Processing file /home/airflow/.local/lib/python3.12/site-packages/airflow/example_dags/example_python_decorator.py for tasks to queue
[2024-05-20T02:56:44.399+0000] {logging_mixin.py:188} INFO - [2024-05-20T02:56:44.399+0000] {dagbag.py:545} INFO - Filling up the DagBag from /home/airflow/.local/lib/python3.12/site-packages/airflow/example_dags/example_python_decorator.py
[2024-05-20T02:56:44.411+0000] {processor.py:840} INFO - DAG(s) 'example_python_decorator' retrieved from /home/airflow/.local/lib/python3.12/site-packages/airflow/example_dags/example_python_decorator.py
[2024-05-20T02:56:44.424+0000] {logging_mixin.py:188} INFO - [2024-05-20T02:56:44.424+0000] {dag.py:3096} INFO - Sync 1 DAGs
[2024-05-20T02:56:44.432+0000] {logging_mixin.py:188} INFO - [2024-05-20T02:56:44.432+0000] {dag.py:3954} INFO - Setting next_dagrun for example_python_decorator to None, run_after=None
[2024-05-20T02:56:44.443+0000] {processor.py:183} INFO - Processing /home/airflow/.local/lib/python3.12/site-packages/airflow/example_dags/example_python_decorator.py took 0.053 seconds
[2024-05-20T02:57:15.161+0000] {processor.py:161} INFO - Started process (PID=671) to work on /home/airflow/.local/lib/python3.12/site-packages/airflow/example_dags/example_python_decorator.py
[2024-05-20T02:57:15.162+0000] {processor.py:830} INFO - Processing file /home/airflow/.local/lib/python3.12/site-packages/airflow/example_dags/example_python_decorator.py for tasks to queue
[2024-05-20T02:57:15.163+0000] {logging_mixin.py:188} INFO - [2024-05-20T02:57:15.163+0000] {dagbag.py:545} INFO - Filling up the DagBag from /home/airflow/.local/lib/python3.12/site-packages/airflow/example_dags/example_python_decorator.py
[2024-05-20T02:57:15.171+0000] {processor.py:840} INFO - DAG(s) 'example_python_decorator' retrieved from /home/airflow/.local/lib/python3.12/site-packages/airflow/example_dags/example_python_decorator.py
[2024-05-20T02:57:15.183+0000] {logging_mixin.py:188} INFO - [2024-05-20T02:57:15.183+0000] {dag.py:3096} INFO - Sync 1 DAGs
[2024-05-20T02:57:15.191+0000] {logging_mixin.py:188} INFO - [2024-05-20T02:57:15.191+0000] {dag.py:3954} INFO - Setting next_dagrun for example_python_decorator to None, run_after=None
[2024-05-20T02:57:15.201+0000] {processor.py:183} INFO - Processing /home/airflow/.local/lib/python3.12/site-packages/airflow/example_dags/example_python_decorator.py took 0.043 seconds
[2024-05-20T02:57:45.998+0000] {processor.py:161} INFO - Started process (PID=729) to work on /home/airflow/.local/lib/python3.12/site-packages/airflow/example_dags/example_python_decorator.py
[2024-05-20T02:57:45.998+0000] {processor.py:830} INFO - Processing file /home/airflow/.local/lib/python3.12/site-packages/airflow/example_dags/example_python_decorator.py for tasks to queue
[2024-05-20T02:57:46.000+0000] {logging_mixin.py:188} INFO - [2024-05-20T02:57:45.999+0000] {dagbag.py:545} INFO - Filling up the DagBag from /home/airflow/.local/lib/python3.12/site-packages/airflow/example_dags/example_python_decorator.py
[2024-05-20T02:57:46.006+0000] {processor.py:840} INFO - DAG(s) 'example_python_decorator' retrieved from /home/airflow/.local/lib/python3.12/site-packages/airflow/example_dags/example_python_decorator.py
[2024-05-20T02:57:46.019+0000] {logging_mixin.py:188} INFO - [2024-05-20T02:57:46.019+0000] {dag.py:3096} INFO - Sync 1 DAGs
[2024-05-20T02:57:46.027+0000] {logging_mixin.py:188} INFO - [2024-05-20T02:57:46.027+0000] {dag.py:3954} INFO - Setting next_dagrun for example_python_decorator to None, run_after=None
[2024-05-20T02:57:46.040+0000] {processor.py:183} INFO - Processing /home/airflow/.local/lib/python3.12/site-packages/airflow/example_dags/example_python_decorator.py took 0.046 seconds
[2024-05-20T02:58:16.142+0000] {processor.py:161} INFO - Started process (PID=787) to work on /home/airflow/.local/lib/python3.12/site-packages/airflow/example_dags/example_python_decorator.py
[2024-05-20T02:58:16.143+0000] {processor.py:830} INFO - Processing file /home/airflow/.local/lib/python3.12/site-packages/airflow/example_dags/example_python_decorator.py for tasks to queue
[2024-05-20T02:58:16.144+0000] {logging_mixin.py:188} INFO - [2024-05-20T02:58:16.143+0000] {dagbag.py:545} INFO - Filling up the DagBag from /home/airflow/.local/lib/python3.12/site-packages/airflow/example_dags/example_python_decorator.py
[2024-05-20T02:58:16.151+0000] {processor.py:840} INFO - DAG(s) 'example_python_decorator' retrieved from /home/airflow/.local/lib/python3.12/site-packages/airflow/example_dags/example_python_decorator.py
[2024-05-20T02:58:16.162+0000] {logging_mixin.py:188} INFO - [2024-05-20T02:58:16.162+0000] {dag.py:3096} INFO - Sync 1 DAGs
[2024-05-20T02:58:16.169+0000] {logging_mixin.py:188} INFO - [2024-05-20T02:58:16.169+0000] {dag.py:3954} INFO - Setting next_dagrun for example_python_decorator to None, run_after=None
[2024-05-20T02:58:16.180+0000] {processor.py:183} INFO - Processing /home/airflow/.local/lib/python3.12/site-packages/airflow/example_dags/example_python_decorator.py took 0.041 seconds
[2024-05-20T02:58:46.892+0000] {processor.py:161} INFO - Started process (PID=845) to work on /home/airflow/.local/lib/python3.12/site-packages/airflow/example_dags/example_python_decorator.py
[2024-05-20T02:58:46.892+0000] {processor.py:830} INFO - Processing file /home/airflow/.local/lib/python3.12/site-packages/airflow/example_dags/example_python_decorator.py for tasks to queue
[2024-05-20T02:58:46.893+0000] {logging_mixin.py:188} INFO - [2024-05-20T02:58:46.893+0000] {dagbag.py:545} INFO - Filling up the DagBag from /home/airflow/.local/lib/python3.12/site-packages/airflow/example_dags/example_python_decorator.py
[2024-05-20T02:58:46.900+0000] {processor.py:840} INFO - DAG(s) 'example_python_decorator' retrieved from /home/airflow/.local/lib/python3.12/site-packages/airflow/example_dags/example_python_decorator.py
[2024-05-20T02:58:46.911+0000] {logging_mixin.py:188} INFO - [2024-05-20T02:58:46.911+0000] {dag.py:3096} INFO - Sync 1 DAGs
[2024-05-20T02:58:46.917+0000] {logging_mixin.py:188} INFO - [2024-05-20T02:58:46.917+0000] {dag.py:3954} INFO - Setting next_dagrun for example_python_decorator to None, run_after=None
[2024-05-20T02:58:46.927+0000] {processor.py:183} INFO - Processing /home/airflow/.local/lib/python3.12/site-packages/airflow/example_dags/example_python_decorator.py took 0.038 seconds
[2024-05-20T02:59:17.724+0000] {processor.py:161} INFO - Started process (PID=903) to work on /home/airflow/.local/lib/python3.12/site-packages/airflow/example_dags/example_python_decorator.py
[2024-05-20T02:59:17.725+0000] {processor.py:830} INFO - Processing file /home/airflow/.local/lib/python3.12/site-packages/airflow/example_dags/example_python_decorator.py for tasks to queue
[2024-05-20T02:59:17.726+0000] {logging_mixin.py:188} INFO - [2024-05-20T02:59:17.726+0000] {dagbag.py:545} INFO - Filling up the DagBag from /home/airflow/.local/lib/python3.12/site-packages/airflow/example_dags/example_python_decorator.py
[2024-05-20T02:59:17.732+0000] {processor.py:840} INFO - DAG(s) 'example_python_decorator' retrieved from /home/airflow/.local/lib/python3.12/site-packages/airflow/example_dags/example_python_decorator.py
[2024-05-20T02:59:17.744+0000] {logging_mixin.py:188} INFO - [2024-05-20T02:59:17.744+0000] {dag.py:3096} INFO - Sync 1 DAGs
[2024-05-20T02:59:17.751+0000] {logging_mixin.py:188} INFO - [2024-05-20T02:59:17.751+0000] {dag.py:3954} INFO - Setting next_dagrun for example_python_decorator to None, run_after=None
[2024-05-20T02:59:17.761+0000] {processor.py:183} INFO - Processing /home/airflow/.local/lib/python3.12/site-packages/airflow/example_dags/example_python_decorator.py took 0.040 seconds
[2024-05-20T02:59:48.552+0000] {processor.py:161} INFO - Started process (PID=961) to work on /home/airflow/.local/lib/python3.12/site-packages/airflow/example_dags/example_python_decorator.py
[2024-05-20T02:59:48.553+0000] {processor.py:830} INFO - Processing file /home/airflow/.local/lib/python3.12/site-packages/airflow/example_dags/example_python_decorator.py for tasks to queue
[2024-05-20T02:59:48.554+0000] {logging_mixin.py:188} INFO - [2024-05-20T02:59:48.554+0000] {dagbag.py:545} INFO - Filling up the DagBag from /home/airflow/.local/lib/python3.12/site-packages/airflow/example_dags/example_python_decorator.py
[2024-05-20T02:59:48.560+0000] {processor.py:840} INFO - DAG(s) 'example_python_decorator' retrieved from /home/airflow/.local/lib/python3.12/site-packages/airflow/example_dags/example_python_decorator.py
[2024-05-20T02:59:48.572+0000] {logging_mixin.py:188} INFO - [2024-05-20T02:59:48.572+0000] {dag.py:3096} INFO - Sync 1 DAGs
[2024-05-20T02:59:48.579+0000] {logging_mixin.py:188} INFO - [2024-05-20T02:59:48.578+0000] {dag.py:3954} INFO - Setting next_dagrun for example_python_decorator to None, run_after=None
[2024-05-20T02:59:48.588+0000] {processor.py:183} INFO - Processing /home/airflow/.local/lib/python3.12/site-packages/airflow/example_dags/example_python_decorator.py took 0.039 seconds
[2024-05-20T03:00:19.393+0000] {processor.py:161} INFO - Started process (PID=1019) to work on /home/airflow/.local/lib/python3.12/site-packages/airflow/example_dags/example_python_decorator.py
[2024-05-20T03:00:19.395+0000] {processor.py:830} INFO - Processing file /home/airflow/.local/lib/python3.12/site-packages/airflow/example_dags/example_python_decorator.py for tasks to queue
[2024-05-20T03:00:19.396+0000] {logging_mixin.py:188} INFO - [2024-05-20T03:00:19.396+0000] {dagbag.py:545} INFO - Filling up the DagBag from /home/airflow/.local/lib/python3.12/site-packages/airflow/example_dags/example_python_decorator.py
[2024-05-20T03:00:19.402+0000] {processor.py:840} INFO - DAG(s) 'example_python_decorator' retrieved from /home/airflow/.local/lib/python3.12/site-packages/airflow/example_dags/example_python_decorator.py
[2024-05-20T03:00:19.416+0000] {logging_mixin.py:188} INFO - [2024-05-20T03:00:19.415+0000] {dag.py:3096} INFO - Sync 1 DAGs
[2024-05-20T03:00:19.432+0000] {logging_mixin.py:188} INFO - [2024-05-20T03:00:19.431+0000] {dag.py:3954} INFO - Setting next_dagrun for example_python_decorator to None, run_after=None
[2024-05-20T03:00:19.444+0000] {processor.py:183} INFO - Processing /home/airflow/.local/lib/python3.12/site-packages/airflow/example_dags/example_python_decorator.py took 0.054 seconds
[2024-05-20T03:00:50.005+0000] {processor.py:161} INFO - Started process (PID=1077) to work on /home/airflow/.local/lib/python3.12/site-packages/airflow/example_dags/example_python_decorator.py
[2024-05-20T03:00:50.005+0000] {processor.py:830} INFO - Processing file /home/airflow/.local/lib/python3.12/site-packages/airflow/example_dags/example_python_decorator.py for tasks to queue
[2024-05-20T03:00:50.006+0000] {logging_mixin.py:188} INFO - [2024-05-20T03:00:50.006+0000] {dagbag.py:545} INFO - Filling up the DagBag from /home/airflow/.local/lib/python3.12/site-packages/airflow/example_dags/example_python_decorator.py
[2024-05-20T03:00:50.013+0000] {processor.py:840} INFO - DAG(s) 'example_python_decorator' retrieved from /home/airflow/.local/lib/python3.12/site-packages/airflow/example_dags/example_python_decorator.py
[2024-05-20T03:00:50.025+0000] {logging_mixin.py:188} INFO - [2024-05-20T03:00:50.024+0000] {dag.py:3096} INFO - Sync 1 DAGs
[2024-05-20T03:00:50.031+0000] {logging_mixin.py:188} INFO - [2024-05-20T03:00:50.031+0000] {dag.py:3954} INFO - Setting next_dagrun for example_python_decorator to None, run_after=None
[2024-05-20T03:00:50.040+0000] {processor.py:183} INFO - Processing /home/airflow/.local/lib/python3.12/site-packages/airflow/example_dags/example_python_decorator.py took 0.038 seconds
[2024-05-20T03:01:20.210+0000] {processor.py:161} INFO - Started process (PID=1135) to work on /home/airflow/.local/lib/python3.12/site-packages/airflow/example_dags/example_python_decorator.py
[2024-05-20T03:01:20.210+0000] {processor.py:830} INFO - Processing file /home/airflow/.local/lib/python3.12/site-packages/airflow/example_dags/example_python_decorator.py for tasks to queue
[2024-05-20T03:01:20.212+0000] {logging_mixin.py:188} INFO - [2024-05-20T03:01:20.211+0000] {dagbag.py:545} INFO - Filling up the DagBag from /home/airflow/.local/lib/python3.12/site-packages/airflow/example_dags/example_python_decorator.py
[2024-05-20T03:01:20.218+0000] {processor.py:840} INFO - DAG(s) 'example_python_decorator' retrieved from /home/airflow/.local/lib/python3.12/site-packages/airflow/example_dags/example_python_decorator.py
[2024-05-20T03:01:20.230+0000] {logging_mixin.py:188} INFO - [2024-05-20T03:01:20.230+0000] {dag.py:3096} INFO - Sync 1 DAGs
[2024-05-20T03:01:20.236+0000] {logging_mixin.py:188} INFO - [2024-05-20T03:01:20.236+0000] {dag.py:3954} INFO - Setting next_dagrun for example_python_decorator to None, run_after=None
[2024-05-20T03:01:20.245+0000] {processor.py:183} INFO - Processing /home/airflow/.local/lib/python3.12/site-packages/airflow/example_dags/example_python_decorator.py took 0.038 seconds
[2024-05-20T03:01:50.957+0000] {processor.py:161} INFO - Started process (PID=1193) to work on /home/airflow/.local/lib/python3.12/site-packages/airflow/example_dags/example_python_decorator.py
[2024-05-20T03:01:50.957+0000] {processor.py:830} INFO - Processing file /home/airflow/.local/lib/python3.12/site-packages/airflow/example_dags/example_python_decorator.py for tasks to queue
[2024-05-20T03:01:50.958+0000] {logging_mixin.py:188} INFO - [2024-05-20T03:01:50.958+0000] {dagbag.py:545} INFO - Filling up the DagBag from /home/airflow/.local/lib/python3.12/site-packages/airflow/example_dags/example_python_decorator.py
[2024-05-20T03:01:50.965+0000] {processor.py:840} INFO - DAG(s) 'example_python_decorator' retrieved from /home/airflow/.local/lib/python3.12/site-packages/airflow/example_dags/example_python_decorator.py
[2024-05-20T03:01:50.976+0000] {logging_mixin.py:188} INFO - [2024-05-20T03:01:50.976+0000] {dag.py:3096} INFO - Sync 1 DAGs
[2024-05-20T03:01:50.983+0000] {logging_mixin.py:188} INFO - [2024-05-20T03:01:50.983+0000] {dag.py:3954} INFO - Setting next_dagrun for example_python_decorator to None, run_after=None
[2024-05-20T03:01:50.992+0000] {processor.py:183} INFO - Processing /home/airflow/.local/lib/python3.12/site-packages/airflow/example_dags/example_python_decorator.py took 0.038 seconds
[2024-05-20T03:02:21.694+0000] {processor.py:161} INFO - Started process (PID=1251) to work on /home/airflow/.local/lib/python3.12/site-packages/airflow/example_dags/example_python_decorator.py
[2024-05-20T03:02:21.694+0000] {processor.py:830} INFO - Processing file /home/airflow/.local/lib/python3.12/site-packages/airflow/example_dags/example_python_decorator.py for tasks to queue
[2024-05-20T03:02:21.696+0000] {logging_mixin.py:188} INFO - [2024-05-20T03:02:21.696+0000] {dagbag.py:545} INFO - Filling up the DagBag from /home/airflow/.local/lib/python3.12/site-packages/airflow/example_dags/example_python_decorator.py
[2024-05-20T03:02:21.703+0000] {processor.py:840} INFO - DAG(s) 'example_python_decorator' retrieved from /home/airflow/.local/lib/python3.12/site-packages/airflow/example_dags/example_python_decorator.py
[2024-05-20T03:02:21.715+0000] {logging_mixin.py:188} INFO - [2024-05-20T03:02:21.715+0000] {dag.py:3096} INFO - Sync 1 DAGs
[2024-05-20T03:02:21.722+0000] {logging_mixin.py:188} INFO - [2024-05-20T03:02:21.722+0000] {dag.py:3954} INFO - Setting next_dagrun for example_python_decorator to None, run_after=None
[2024-05-20T03:02:21.732+0000] {processor.py:183} INFO - Processing /home/airflow/.local/lib/python3.12/site-packages/airflow/example_dags/example_python_decorator.py took 0.042 seconds
[2024-05-20T03:02:51.788+0000] {processor.py:161} INFO - Started process (PID=1309) to work on /home/airflow/.local/lib/python3.12/site-packages/airflow/example_dags/example_python_decorator.py
[2024-05-20T03:02:51.789+0000] {processor.py:830} INFO - Processing file /home/airflow/.local/lib/python3.12/site-packages/airflow/example_dags/example_python_decorator.py for tasks to queue
[2024-05-20T03:02:51.791+0000] {logging_mixin.py:188} INFO - [2024-05-20T03:02:51.790+0000] {dagbag.py:545} INFO - Filling up the DagBag from /home/airflow/.local/lib/python3.12/site-packages/airflow/example_dags/example_python_decorator.py
[2024-05-20T03:02:51.798+0000] {processor.py:840} INFO - DAG(s) 'example_python_decorator' retrieved from /home/airflow/.local/lib/python3.12/site-packages/airflow/example_dags/example_python_decorator.py
[2024-05-20T03:02:51.810+0000] {logging_mixin.py:188} INFO - [2024-05-20T03:02:51.810+0000] {dag.py:3096} INFO - Sync 1 DAGs
[2024-05-20T03:02:51.816+0000] {logging_mixin.py:188} INFO - [2024-05-20T03:02:51.816+0000] {dag.py:3954} INFO - Setting next_dagrun for example_python_decorator to None, run_after=None
[2024-05-20T03:02:51.826+0000] {processor.py:183} INFO - Processing /home/airflow/.local/lib/python3.12/site-packages/airflow/example_dags/example_python_decorator.py took 0.041 seconds
[2024-05-20T03:03:21.862+0000] {processor.py:161} INFO - Started process (PID=1366) to work on /home/airflow/.local/lib/python3.12/site-packages/airflow/example_dags/example_python_decorator.py
[2024-05-20T03:03:21.863+0000] {processor.py:830} INFO - Processing file /home/airflow/.local/lib/python3.12/site-packages/airflow/example_dags/example_python_decorator.py for tasks to queue
[2024-05-20T03:03:21.865+0000] {logging_mixin.py:188} INFO - [2024-05-20T03:03:21.865+0000] {dagbag.py:545} INFO - Filling up the DagBag from /home/airflow/.local/lib/python3.12/site-packages/airflow/example_dags/example_python_decorator.py
[2024-05-20T03:03:21.876+0000] {processor.py:840} INFO - DAG(s) 'example_python_decorator' retrieved from /home/airflow/.local/lib/python3.12/site-packages/airflow/example_dags/example_python_decorator.py
[2024-05-20T03:03:21.892+0000] {logging_mixin.py:188} INFO - [2024-05-20T03:03:21.892+0000] {dag.py:3096} INFO - Sync 1 DAGs
[2024-05-20T03:03:21.899+0000] {logging_mixin.py:188} INFO - [2024-05-20T03:03:21.899+0000] {dag.py:3954} INFO - Setting next_dagrun for example_python_decorator to None, run_after=None
[2024-05-20T03:03:21.909+0000] {processor.py:183} INFO - Processing /home/airflow/.local/lib/python3.12/site-packages/airflow/example_dags/example_python_decorator.py took 0.054 seconds
[2024-05-20T03:04:12.631+0000] {processor.py:161} INFO - Started process (PID=32) to work on /home/airflow/.local/lib/python3.12/site-packages/airflow/example_dags/example_python_decorator.py
[2024-05-20T03:04:12.632+0000] {processor.py:830} INFO - Processing file /home/airflow/.local/lib/python3.12/site-packages/airflow/example_dags/example_python_decorator.py for tasks to queue
[2024-05-20T03:04:12.633+0000] {logging_mixin.py:188} INFO - [2024-05-20T03:04:12.632+0000] {dagbag.py:545} INFO - Filling up the DagBag from /home/airflow/.local/lib/python3.12/site-packages/airflow/example_dags/example_python_decorator.py
[2024-05-20T03:04:12.641+0000] {processor.py:840} INFO - DAG(s) 'example_python_decorator' retrieved from /home/airflow/.local/lib/python3.12/site-packages/airflow/example_dags/example_python_decorator.py
[2024-05-20T03:04:12.647+0000] {logging_mixin.py:188} INFO - [2024-05-20T03:04:12.647+0000] {dag.py:3096} INFO - Sync 1 DAGs
[2024-05-20T03:04:12.654+0000] {logging_mixin.py:188} INFO - [2024-05-20T03:04:12.654+0000] {dag.py:3954} INFO - Setting next_dagrun for example_python_decorator to None, run_after=None
[2024-05-20T03:04:12.665+0000] {processor.py:183} INFO - Processing /home/airflow/.local/lib/python3.12/site-packages/airflow/example_dags/example_python_decorator.py took 0.038 seconds
[2024-05-20T03:04:42.983+0000] {processor.py:161} INFO - Started process (PID=90) to work on /home/airflow/.local/lib/python3.12/site-packages/airflow/example_dags/example_python_decorator.py
[2024-05-20T03:04:42.984+0000] {processor.py:830} INFO - Processing file /home/airflow/.local/lib/python3.12/site-packages/airflow/example_dags/example_python_decorator.py for tasks to queue
[2024-05-20T03:04:42.985+0000] {logging_mixin.py:188} INFO - [2024-05-20T03:04:42.985+0000] {dagbag.py:545} INFO - Filling up the DagBag from /home/airflow/.local/lib/python3.12/site-packages/airflow/example_dags/example_python_decorator.py
[2024-05-20T03:04:42.993+0000] {processor.py:840} INFO - DAG(s) 'example_python_decorator' retrieved from /home/airflow/.local/lib/python3.12/site-packages/airflow/example_dags/example_python_decorator.py
[2024-05-20T03:04:43.043+0000] {logging_mixin.py:188} INFO - [2024-05-20T03:04:43.043+0000] {dag.py:3096} INFO - Sync 1 DAGs
[2024-05-20T03:04:43.053+0000] {logging_mixin.py:188} INFO - [2024-05-20T03:04:43.053+0000] {dag.py:3954} INFO - Setting next_dagrun for example_python_decorator to None, run_after=None
[2024-05-20T03:04:43.074+0000] {processor.py:183} INFO - Processing /home/airflow/.local/lib/python3.12/site-packages/airflow/example_dags/example_python_decorator.py took 0.094 seconds
[2024-05-20T03:05:13.616+0000] {processor.py:161} INFO - Started process (PID=147) to work on /home/airflow/.local/lib/python3.12/site-packages/airflow/example_dags/example_python_decorator.py
[2024-05-20T03:05:13.616+0000] {processor.py:830} INFO - Processing file /home/airflow/.local/lib/python3.12/site-packages/airflow/example_dags/example_python_decorator.py for tasks to queue
[2024-05-20T03:05:13.617+0000] {logging_mixin.py:188} INFO - [2024-05-20T03:05:13.617+0000] {dagbag.py:545} INFO - Filling up the DagBag from /home/airflow/.local/lib/python3.12/site-packages/airflow/example_dags/example_python_decorator.py
[2024-05-20T03:05:13.624+0000] {processor.py:840} INFO - DAG(s) 'example_python_decorator' retrieved from /home/airflow/.local/lib/python3.12/site-packages/airflow/example_dags/example_python_decorator.py
[2024-05-20T03:05:13.635+0000] {logging_mixin.py:188} INFO - [2024-05-20T03:05:13.635+0000] {dag.py:3096} INFO - Sync 1 DAGs
[2024-05-20T03:05:13.641+0000] {logging_mixin.py:188} INFO - [2024-05-20T03:05:13.641+0000] {dag.py:3954} INFO - Setting next_dagrun for example_python_decorator to None, run_after=None
[2024-05-20T03:05:13.653+0000] {processor.py:183} INFO - Processing /home/airflow/.local/lib/python3.12/site-packages/airflow/example_dags/example_python_decorator.py took 0.040 seconds
[2024-05-20T03:05:44.232+0000] {processor.py:161} INFO - Started process (PID=205) to work on /home/airflow/.local/lib/python3.12/site-packages/airflow/example_dags/example_python_decorator.py
[2024-05-20T03:05:44.233+0000] {processor.py:830} INFO - Processing file /home/airflow/.local/lib/python3.12/site-packages/airflow/example_dags/example_python_decorator.py for tasks to queue
[2024-05-20T03:05:44.235+0000] {logging_mixin.py:188} INFO - [2024-05-20T03:05:44.234+0000] {dagbag.py:545} INFO - Filling up the DagBag from /home/airflow/.local/lib/python3.12/site-packages/airflow/example_dags/example_python_decorator.py
[2024-05-20T03:05:44.242+0000] {processor.py:840} INFO - DAG(s) 'example_python_decorator' retrieved from /home/airflow/.local/lib/python3.12/site-packages/airflow/example_dags/example_python_decorator.py
[2024-05-20T03:05:44.258+0000] {logging_mixin.py:188} INFO - [2024-05-20T03:05:44.258+0000] {dag.py:3096} INFO - Sync 1 DAGs
[2024-05-20T03:05:44.266+0000] {logging_mixin.py:188} INFO - [2024-05-20T03:05:44.265+0000] {dag.py:3954} INFO - Setting next_dagrun for example_python_decorator to None, run_after=None
[2024-05-20T03:05:44.279+0000] {processor.py:183} INFO - Processing /home/airflow/.local/lib/python3.12/site-packages/airflow/example_dags/example_python_decorator.py took 0.050 seconds
[2024-05-20T03:06:14.994+0000] {processor.py:161} INFO - Started process (PID=262) to work on /home/airflow/.local/lib/python3.12/site-packages/airflow/example_dags/example_python_decorator.py
[2024-05-20T03:06:14.995+0000] {processor.py:830} INFO - Processing file /home/airflow/.local/lib/python3.12/site-packages/airflow/example_dags/example_python_decorator.py for tasks to queue
[2024-05-20T03:06:14.996+0000] {logging_mixin.py:188} INFO - [2024-05-20T03:06:14.996+0000] {dagbag.py:545} INFO - Filling up the DagBag from /home/airflow/.local/lib/python3.12/site-packages/airflow/example_dags/example_python_decorator.py
[2024-05-20T03:06:15.002+0000] {processor.py:840} INFO - DAG(s) 'example_python_decorator' retrieved from /home/airflow/.local/lib/python3.12/site-packages/airflow/example_dags/example_python_decorator.py
[2024-05-20T03:06:15.013+0000] {logging_mixin.py:188} INFO - [2024-05-20T03:06:15.013+0000] {dag.py:3096} INFO - Sync 1 DAGs
[2024-05-20T03:06:15.019+0000] {logging_mixin.py:188} INFO - [2024-05-20T03:06:15.019+0000] {dag.py:3954} INFO - Setting next_dagrun for example_python_decorator to None, run_after=None
[2024-05-20T03:06:15.028+0000] {processor.py:183} INFO - Processing /home/airflow/.local/lib/python3.12/site-packages/airflow/example_dags/example_python_decorator.py took 0.037 seconds
[2024-05-20T03:06:45.697+0000] {processor.py:161} INFO - Started process (PID=320) to work on /home/airflow/.local/lib/python3.12/site-packages/airflow/example_dags/example_python_decorator.py
[2024-05-20T03:06:45.697+0000] {processor.py:830} INFO - Processing file /home/airflow/.local/lib/python3.12/site-packages/airflow/example_dags/example_python_decorator.py for tasks to queue
[2024-05-20T03:06:45.698+0000] {logging_mixin.py:188} INFO - [2024-05-20T03:06:45.698+0000] {dagbag.py:545} INFO - Filling up the DagBag from /home/airflow/.local/lib/python3.12/site-packages/airflow/example_dags/example_python_decorator.py
[2024-05-20T03:06:45.704+0000] {processor.py:840} INFO - DAG(s) 'example_python_decorator' retrieved from /home/airflow/.local/lib/python3.12/site-packages/airflow/example_dags/example_python_decorator.py
[2024-05-20T03:06:45.715+0000] {logging_mixin.py:188} INFO - [2024-05-20T03:06:45.715+0000] {dag.py:3096} INFO - Sync 1 DAGs
[2024-05-20T03:06:45.721+0000] {logging_mixin.py:188} INFO - [2024-05-20T03:06:45.721+0000] {dag.py:3954} INFO - Setting next_dagrun for example_python_decorator to None, run_after=None
[2024-05-20T03:06:45.730+0000] {processor.py:183} INFO - Processing /home/airflow/.local/lib/python3.12/site-packages/airflow/example_dags/example_python_decorator.py took 0.037 seconds
[2024-05-20T03:07:16.360+0000] {processor.py:161} INFO - Started process (PID=378) to work on /home/airflow/.local/lib/python3.12/site-packages/airflow/example_dags/example_python_decorator.py
[2024-05-20T03:07:16.360+0000] {processor.py:830} INFO - Processing file /home/airflow/.local/lib/python3.12/site-packages/airflow/example_dags/example_python_decorator.py for tasks to queue
[2024-05-20T03:07:16.361+0000] {logging_mixin.py:188} INFO - [2024-05-20T03:07:16.361+0000] {dagbag.py:545} INFO - Filling up the DagBag from /home/airflow/.local/lib/python3.12/site-packages/airflow/example_dags/example_python_decorator.py
[2024-05-20T03:07:16.367+0000] {processor.py:840} INFO - DAG(s) 'example_python_decorator' retrieved from /home/airflow/.local/lib/python3.12/site-packages/airflow/example_dags/example_python_decorator.py
[2024-05-20T03:07:16.379+0000] {logging_mixin.py:188} INFO - [2024-05-20T03:07:16.379+0000] {dag.py:3096} INFO - Sync 1 DAGs
[2024-05-20T03:07:16.387+0000] {logging_mixin.py:188} INFO - [2024-05-20T03:07:16.387+0000] {dag.py:3954} INFO - Setting next_dagrun for example_python_decorator to None, run_after=None
[2024-05-20T03:07:16.397+0000] {processor.py:183} INFO - Processing /home/airflow/.local/lib/python3.12/site-packages/airflow/example_dags/example_python_decorator.py took 0.040 seconds
[2024-05-20T03:07:58.409+0000] {processor.py:161} INFO - Started process (PID=33) to work on /home/airflow/.local/lib/python3.12/site-packages/airflow/example_dags/example_python_decorator.py
[2024-05-20T03:07:58.410+0000] {processor.py:830} INFO - Processing file /home/airflow/.local/lib/python3.12/site-packages/airflow/example_dags/example_python_decorator.py for tasks to queue
[2024-05-20T03:07:58.411+0000] {logging_mixin.py:188} INFO - [2024-05-20T03:07:58.411+0000] {dagbag.py:545} INFO - Filling up the DagBag from /home/airflow/.local/lib/python3.12/site-packages/airflow/example_dags/example_python_decorator.py
[2024-05-20T03:07:58.418+0000] {processor.py:840} INFO - DAG(s) 'example_python_decorator' retrieved from /home/airflow/.local/lib/python3.12/site-packages/airflow/example_dags/example_python_decorator.py
[2024-05-20T03:07:58.425+0000] {logging_mixin.py:188} INFO - [2024-05-20T03:07:58.425+0000] {dag.py:3096} INFO - Sync 1 DAGs
[2024-05-20T03:07:58.431+0000] {logging_mixin.py:188} INFO - [2024-05-20T03:07:58.431+0000] {dag.py:3954} INFO - Setting next_dagrun for example_python_decorator to None, run_after=None
[2024-05-20T03:07:58.441+0000] {processor.py:183} INFO - Processing /home/airflow/.local/lib/python3.12/site-packages/airflow/example_dags/example_python_decorator.py took 0.035 seconds
[2024-05-20T03:08:29.566+0000] {processor.py:161} INFO - Started process (PID=91) to work on /home/airflow/.local/lib/python3.12/site-packages/airflow/example_dags/example_python_decorator.py
[2024-05-20T03:08:29.567+0000] {processor.py:830} INFO - Processing file /home/airflow/.local/lib/python3.12/site-packages/airflow/example_dags/example_python_decorator.py for tasks to queue
[2024-05-20T03:08:29.568+0000] {logging_mixin.py:188} INFO - [2024-05-20T03:08:29.568+0000] {dagbag.py:545} INFO - Filling up the DagBag from /home/airflow/.local/lib/python3.12/site-packages/airflow/example_dags/example_python_decorator.py
[2024-05-20T03:08:29.574+0000] {processor.py:840} INFO - DAG(s) 'example_python_decorator' retrieved from /home/airflow/.local/lib/python3.12/site-packages/airflow/example_dags/example_python_decorator.py
[2024-05-20T03:08:29.621+0000] {logging_mixin.py:188} INFO - [2024-05-20T03:08:29.620+0000] {dag.py:3096} INFO - Sync 1 DAGs
[2024-05-20T03:08:29.628+0000] {logging_mixin.py:188} INFO - [2024-05-20T03:08:29.628+0000] {dag.py:3954} INFO - Setting next_dagrun for example_python_decorator to None, run_after=None
[2024-05-20T03:08:29.637+0000] {processor.py:183} INFO - Processing /home/airflow/.local/lib/python3.12/site-packages/airflow/example_dags/example_python_decorator.py took 0.073 seconds
[2024-05-20T03:09:00.095+0000] {processor.py:161} INFO - Started process (PID=149) to work on /home/airflow/.local/lib/python3.12/site-packages/airflow/example_dags/example_python_decorator.py
[2024-05-20T03:09:00.095+0000] {processor.py:830} INFO - Processing file /home/airflow/.local/lib/python3.12/site-packages/airflow/example_dags/example_python_decorator.py for tasks to queue
[2024-05-20T03:09:00.096+0000] {logging_mixin.py:188} INFO - [2024-05-20T03:09:00.096+0000] {dagbag.py:545} INFO - Filling up the DagBag from /home/airflow/.local/lib/python3.12/site-packages/airflow/example_dags/example_python_decorator.py
[2024-05-20T03:09:00.102+0000] {processor.py:840} INFO - DAG(s) 'example_python_decorator' retrieved from /home/airflow/.local/lib/python3.12/site-packages/airflow/example_dags/example_python_decorator.py
[2024-05-20T03:09:00.114+0000] {logging_mixin.py:188} INFO - [2024-05-20T03:09:00.114+0000] {dag.py:3096} INFO - Sync 1 DAGs
[2024-05-20T03:09:00.120+0000] {logging_mixin.py:188} INFO - [2024-05-20T03:09:00.120+0000] {dag.py:3954} INFO - Setting next_dagrun for example_python_decorator to None, run_after=None
[2024-05-20T03:09:00.130+0000] {processor.py:183} INFO - Processing /home/airflow/.local/lib/python3.12/site-packages/airflow/example_dags/example_python_decorator.py took 0.038 seconds
