[2024-05-20T02:51:40.452+0000] {processor.py:161} INFO - Started process (PID=41) to work on /home/airflow/.local/lib/python3.12/site-packages/airflow/example_dags/example_nested_branch_dag.py
[2024-05-20T02:51:40.453+0000] {processor.py:830} INFO - Processing file /home/airflow/.local/lib/python3.12/site-packages/airflow/example_dags/example_nested_branch_dag.py for tasks to queue
[2024-05-20T02:51:40.455+0000] {logging_mixin.py:188} INFO - [2024-05-20T02:51:40.455+0000] {dagbag.py:545} INFO - Filling up the DagBag from /home/airflow/.local/lib/python3.12/site-packages/airflow/example_dags/example_nested_branch_dag.py
[2024-05-20T02:51:40.465+0000] {processor.py:840} INFO - DAG(s) 'example_nested_branch_dag' retrieved from /home/airflow/.local/lib/python3.12/site-packages/airflow/example_dags/example_nested_branch_dag.py
[2024-05-20T02:51:40.472+0000] {logging_mixin.py:188} INFO - [2024-05-20T02:51:40.472+0000] {dag.py:3096} INFO - Sync 1 DAGs
[2024-05-20T02:51:40.492+0000] {logging_mixin.py:188} INFO - [2024-05-20T02:51:40.492+0000] {dag.py:3954} INFO - Setting next_dagrun for example_nested_branch_dag to 2024-05-19 00:00:00+00:00, run_after=2024-05-20 00:00:00+00:00
[2024-05-20T02:51:40.507+0000] {processor.py:183} INFO - Processing /home/airflow/.local/lib/python3.12/site-packages/airflow/example_dags/example_nested_branch_dag.py took 0.062 seconds
[2024-05-20T02:52:10.703+0000] {processor.py:161} INFO - Started process (PID=99) to work on /home/airflow/.local/lib/python3.12/site-packages/airflow/example_dags/example_nested_branch_dag.py
[2024-05-20T02:52:10.703+0000] {processor.py:830} INFO - Processing file /home/airflow/.local/lib/python3.12/site-packages/airflow/example_dags/example_nested_branch_dag.py for tasks to queue
[2024-05-20T02:52:10.705+0000] {logging_mixin.py:188} INFO - [2024-05-20T02:52:10.704+0000] {dagbag.py:545} INFO - Filling up the DagBag from /home/airflow/.local/lib/python3.12/site-packages/airflow/example_dags/example_nested_branch_dag.py
[2024-05-20T02:52:10.710+0000] {processor.py:840} INFO - DAG(s) 'example_nested_branch_dag' retrieved from /home/airflow/.local/lib/python3.12/site-packages/airflow/example_dags/example_nested_branch_dag.py
[2024-05-20T02:52:10.754+0000] {logging_mixin.py:188} INFO - [2024-05-20T02:52:10.754+0000] {dag.py:3096} INFO - Sync 1 DAGs
[2024-05-20T02:52:10.763+0000] {logging_mixin.py:188} INFO - [2024-05-20T02:52:10.763+0000] {dag.py:3954} INFO - Setting next_dagrun for example_nested_branch_dag to 2024-05-19 00:00:00+00:00, run_after=2024-05-20 00:00:00+00:00
[2024-05-20T02:52:10.772+0000] {processor.py:183} INFO - Processing /home/airflow/.local/lib/python3.12/site-packages/airflow/example_dags/example_nested_branch_dag.py took 0.072 seconds
[2024-05-20T02:52:40.872+0000] {processor.py:161} INFO - Started process (PID=157) to work on /home/airflow/.local/lib/python3.12/site-packages/airflow/example_dags/example_nested_branch_dag.py
[2024-05-20T02:52:40.873+0000] {processor.py:830} INFO - Processing file /home/airflow/.local/lib/python3.12/site-packages/airflow/example_dags/example_nested_branch_dag.py for tasks to queue
[2024-05-20T02:52:40.874+0000] {logging_mixin.py:188} INFO - [2024-05-20T02:52:40.874+0000] {dagbag.py:545} INFO - Filling up the DagBag from /home/airflow/.local/lib/python3.12/site-packages/airflow/example_dags/example_nested_branch_dag.py
[2024-05-20T02:52:40.879+0000] {processor.py:840} INFO - DAG(s) 'example_nested_branch_dag' retrieved from /home/airflow/.local/lib/python3.12/site-packages/airflow/example_dags/example_nested_branch_dag.py
[2024-05-20T02:52:40.889+0000] {logging_mixin.py:188} INFO - [2024-05-20T02:52:40.889+0000] {dag.py:3096} INFO - Sync 1 DAGs
[2024-05-20T02:52:40.898+0000] {logging_mixin.py:188} INFO - [2024-05-20T02:52:40.898+0000] {dag.py:3954} INFO - Setting next_dagrun for example_nested_branch_dag to 2024-05-19 00:00:00+00:00, run_after=2024-05-20 00:00:00+00:00
[2024-05-20T02:52:40.907+0000] {processor.py:183} INFO - Processing /home/airflow/.local/lib/python3.12/site-packages/airflow/example_dags/example_nested_branch_dag.py took 0.037 seconds
[2024-05-20T02:53:11.061+0000] {processor.py:161} INFO - Started process (PID=215) to work on /home/airflow/.local/lib/python3.12/site-packages/airflow/example_dags/example_nested_branch_dag.py
[2024-05-20T02:53:11.062+0000] {processor.py:830} INFO - Processing file /home/airflow/.local/lib/python3.12/site-packages/airflow/example_dags/example_nested_branch_dag.py for tasks to queue
[2024-05-20T02:53:11.063+0000] {logging_mixin.py:188} INFO - [2024-05-20T02:53:11.063+0000] {dagbag.py:545} INFO - Filling up the DagBag from /home/airflow/.local/lib/python3.12/site-packages/airflow/example_dags/example_nested_branch_dag.py
[2024-05-20T02:53:11.070+0000] {processor.py:840} INFO - DAG(s) 'example_nested_branch_dag' retrieved from /home/airflow/.local/lib/python3.12/site-packages/airflow/example_dags/example_nested_branch_dag.py
[2024-05-20T02:53:11.081+0000] {logging_mixin.py:188} INFO - [2024-05-20T02:53:11.081+0000] {dag.py:3096} INFO - Sync 1 DAGs
[2024-05-20T02:53:11.104+0000] {logging_mixin.py:188} INFO - [2024-05-20T02:53:11.104+0000] {dag.py:3954} INFO - Setting next_dagrun for example_nested_branch_dag to 2024-05-19 00:00:00+00:00, run_after=2024-05-20 00:00:00+00:00
[2024-05-20T02:53:11.118+0000] {processor.py:183} INFO - Processing /home/airflow/.local/lib/python3.12/site-packages/airflow/example_dags/example_nested_branch_dag.py took 0.061 seconds
[2024-05-20T02:53:41.232+0000] {processor.py:161} INFO - Started process (PID=273) to work on /home/airflow/.local/lib/python3.12/site-packages/airflow/example_dags/example_nested_branch_dag.py
[2024-05-20T02:53:41.233+0000] {processor.py:830} INFO - Processing file /home/airflow/.local/lib/python3.12/site-packages/airflow/example_dags/example_nested_branch_dag.py for tasks to queue
[2024-05-20T02:53:41.234+0000] {logging_mixin.py:188} INFO - [2024-05-20T02:53:41.234+0000] {dagbag.py:545} INFO - Filling up the DagBag from /home/airflow/.local/lib/python3.12/site-packages/airflow/example_dags/example_nested_branch_dag.py
[2024-05-20T02:53:41.239+0000] {processor.py:840} INFO - DAG(s) 'example_nested_branch_dag' retrieved from /home/airflow/.local/lib/python3.12/site-packages/airflow/example_dags/example_nested_branch_dag.py
[2024-05-20T02:53:41.250+0000] {logging_mixin.py:188} INFO - [2024-05-20T02:53:41.250+0000] {dag.py:3096} INFO - Sync 1 DAGs
[2024-05-20T02:53:41.260+0000] {logging_mixin.py:188} INFO - [2024-05-20T02:53:41.260+0000] {dag.py:3954} INFO - Setting next_dagrun for example_nested_branch_dag to 2024-05-19 00:00:00+00:00, run_after=2024-05-20 00:00:00+00:00
[2024-05-20T02:53:41.269+0000] {processor.py:183} INFO - Processing /home/airflow/.local/lib/python3.12/site-packages/airflow/example_dags/example_nested_branch_dag.py took 0.039 seconds
[2024-05-20T02:54:11.954+0000] {processor.py:161} INFO - Started process (PID=331) to work on /home/airflow/.local/lib/python3.12/site-packages/airflow/example_dags/example_nested_branch_dag.py
[2024-05-20T02:54:11.954+0000] {processor.py:830} INFO - Processing file /home/airflow/.local/lib/python3.12/site-packages/airflow/example_dags/example_nested_branch_dag.py for tasks to queue
[2024-05-20T02:54:11.955+0000] {logging_mixin.py:188} INFO - [2024-05-20T02:54:11.955+0000] {dagbag.py:545} INFO - Filling up the DagBag from /home/airflow/.local/lib/python3.12/site-packages/airflow/example_dags/example_nested_branch_dag.py
[2024-05-20T02:54:11.960+0000] {processor.py:840} INFO - DAG(s) 'example_nested_branch_dag' retrieved from /home/airflow/.local/lib/python3.12/site-packages/airflow/example_dags/example_nested_branch_dag.py
[2024-05-20T02:54:11.970+0000] {logging_mixin.py:188} INFO - [2024-05-20T02:54:11.970+0000] {dag.py:3096} INFO - Sync 1 DAGs
[2024-05-20T02:54:11.980+0000] {logging_mixin.py:188} INFO - [2024-05-20T02:54:11.980+0000] {dag.py:3954} INFO - Setting next_dagrun for example_nested_branch_dag to 2024-05-19 00:00:00+00:00, run_after=2024-05-20 00:00:00+00:00
[2024-05-20T02:54:11.988+0000] {processor.py:183} INFO - Processing /home/airflow/.local/lib/python3.12/site-packages/airflow/example_dags/example_nested_branch_dag.py took 0.038 seconds
[2024-05-20T02:54:42.666+0000] {processor.py:161} INFO - Started process (PID=389) to work on /home/airflow/.local/lib/python3.12/site-packages/airflow/example_dags/example_nested_branch_dag.py
[2024-05-20T02:54:42.666+0000] {processor.py:830} INFO - Processing file /home/airflow/.local/lib/python3.12/site-packages/airflow/example_dags/example_nested_branch_dag.py for tasks to queue
[2024-05-20T02:54:42.667+0000] {logging_mixin.py:188} INFO - [2024-05-20T02:54:42.667+0000] {dagbag.py:545} INFO - Filling up the DagBag from /home/airflow/.local/lib/python3.12/site-packages/airflow/example_dags/example_nested_branch_dag.py
[2024-05-20T02:54:42.672+0000] {processor.py:840} INFO - DAG(s) 'example_nested_branch_dag' retrieved from /home/airflow/.local/lib/python3.12/site-packages/airflow/example_dags/example_nested_branch_dag.py
[2024-05-20T02:54:42.683+0000] {logging_mixin.py:188} INFO - [2024-05-20T02:54:42.683+0000] {dag.py:3096} INFO - Sync 1 DAGs
[2024-05-20T02:54:42.693+0000] {logging_mixin.py:188} INFO - [2024-05-20T02:54:42.693+0000] {dag.py:3954} INFO - Setting next_dagrun for example_nested_branch_dag to 2024-05-19 00:00:00+00:00, run_after=2024-05-20 00:00:00+00:00
[2024-05-20T02:54:42.703+0000] {processor.py:183} INFO - Processing /home/airflow/.local/lib/python3.12/site-packages/airflow/example_dags/example_nested_branch_dag.py took 0.040 seconds
[2024-05-20T02:55:13.466+0000] {processor.py:161} INFO - Started process (PID=447) to work on /home/airflow/.local/lib/python3.12/site-packages/airflow/example_dags/example_nested_branch_dag.py
[2024-05-20T02:55:13.469+0000] {processor.py:830} INFO - Processing file /home/airflow/.local/lib/python3.12/site-packages/airflow/example_dags/example_nested_branch_dag.py for tasks to queue
[2024-05-20T02:55:13.474+0000] {logging_mixin.py:188} INFO - [2024-05-20T02:55:13.472+0000] {dagbag.py:545} INFO - Filling up the DagBag from /home/airflow/.local/lib/python3.12/site-packages/airflow/example_dags/example_nested_branch_dag.py
[2024-05-20T02:55:13.480+0000] {processor.py:840} INFO - DAG(s) 'example_nested_branch_dag' retrieved from /home/airflow/.local/lib/python3.12/site-packages/airflow/example_dags/example_nested_branch_dag.py
[2024-05-20T02:55:13.508+0000] {logging_mixin.py:188} INFO - [2024-05-20T02:55:13.508+0000] {dag.py:3096} INFO - Sync 1 DAGs
[2024-05-20T02:55:13.520+0000] {logging_mixin.py:188} INFO - [2024-05-20T02:55:13.520+0000] {dag.py:3954} INFO - Setting next_dagrun for example_nested_branch_dag to 2024-05-19 00:00:00+00:00, run_after=2024-05-20 00:00:00+00:00
[2024-05-20T02:55:13.530+0000] {processor.py:183} INFO - Processing /home/airflow/.local/lib/python3.12/site-packages/airflow/example_dags/example_nested_branch_dag.py took 0.070 seconds
[2024-05-20T02:55:44.198+0000] {processor.py:161} INFO - Started process (PID=505) to work on /home/airflow/.local/lib/python3.12/site-packages/airflow/example_dags/example_nested_branch_dag.py
[2024-05-20T02:55:44.198+0000] {processor.py:830} INFO - Processing file /home/airflow/.local/lib/python3.12/site-packages/airflow/example_dags/example_nested_branch_dag.py for tasks to queue
[2024-05-20T02:55:44.200+0000] {logging_mixin.py:188} INFO - [2024-05-20T02:55:44.199+0000] {dagbag.py:545} INFO - Filling up the DagBag from /home/airflow/.local/lib/python3.12/site-packages/airflow/example_dags/example_nested_branch_dag.py
[2024-05-20T02:55:44.205+0000] {processor.py:840} INFO - DAG(s) 'example_nested_branch_dag' retrieved from /home/airflow/.local/lib/python3.12/site-packages/airflow/example_dags/example_nested_branch_dag.py
[2024-05-20T02:55:44.218+0000] {logging_mixin.py:188} INFO - [2024-05-20T02:55:44.217+0000] {dag.py:3096} INFO - Sync 1 DAGs
[2024-05-20T02:55:44.229+0000] {logging_mixin.py:188} INFO - [2024-05-20T02:55:44.229+0000] {dag.py:3954} INFO - Setting next_dagrun for example_nested_branch_dag to 2024-05-19 00:00:00+00:00, run_after=2024-05-20 00:00:00+00:00
[2024-05-20T02:55:44.237+0000] {processor.py:183} INFO - Processing /home/airflow/.local/lib/python3.12/site-packages/airflow/example_dags/example_nested_branch_dag.py took 0.042 seconds
[2024-05-20T02:56:14.358+0000] {processor.py:161} INFO - Started process (PID=563) to work on /home/airflow/.local/lib/python3.12/site-packages/airflow/example_dags/example_nested_branch_dag.py
[2024-05-20T02:56:14.360+0000] {processor.py:830} INFO - Processing file /home/airflow/.local/lib/python3.12/site-packages/airflow/example_dags/example_nested_branch_dag.py for tasks to queue
[2024-05-20T02:56:14.369+0000] {logging_mixin.py:188} INFO - [2024-05-20T02:56:14.369+0000] {dagbag.py:545} INFO - Filling up the DagBag from /home/airflow/.local/lib/python3.12/site-packages/airflow/example_dags/example_nested_branch_dag.py
[2024-05-20T02:56:14.379+0000] {processor.py:840} INFO - DAG(s) 'example_nested_branch_dag' retrieved from /home/airflow/.local/lib/python3.12/site-packages/airflow/example_dags/example_nested_branch_dag.py
[2024-05-20T02:56:14.399+0000] {logging_mixin.py:188} INFO - [2024-05-20T02:56:14.399+0000] {dag.py:3096} INFO - Sync 1 DAGs
[2024-05-20T02:56:14.412+0000] {logging_mixin.py:188} INFO - [2024-05-20T02:56:14.412+0000] {dag.py:3954} INFO - Setting next_dagrun for example_nested_branch_dag to 2024-05-19 00:00:00+00:00, run_after=2024-05-20 00:00:00+00:00
[2024-05-20T02:56:14.423+0000] {processor.py:183} INFO - Processing /home/airflow/.local/lib/python3.12/site-packages/airflow/example_dags/example_nested_branch_dag.py took 0.069 seconds
[2024-05-20T02:56:44.625+0000] {processor.py:161} INFO - Started process (PID=621) to work on /home/airflow/.local/lib/python3.12/site-packages/airflow/example_dags/example_nested_branch_dag.py
[2024-05-20T02:56:44.625+0000] {processor.py:830} INFO - Processing file /home/airflow/.local/lib/python3.12/site-packages/airflow/example_dags/example_nested_branch_dag.py for tasks to queue
[2024-05-20T02:56:44.627+0000] {logging_mixin.py:188} INFO - [2024-05-20T02:56:44.626+0000] {dagbag.py:545} INFO - Filling up the DagBag from /home/airflow/.local/lib/python3.12/site-packages/airflow/example_dags/example_nested_branch_dag.py
[2024-05-20T02:56:44.632+0000] {processor.py:840} INFO - DAG(s) 'example_nested_branch_dag' retrieved from /home/airflow/.local/lib/python3.12/site-packages/airflow/example_dags/example_nested_branch_dag.py
[2024-05-20T02:56:44.644+0000] {logging_mixin.py:188} INFO - [2024-05-20T02:56:44.644+0000] {dag.py:3096} INFO - Sync 1 DAGs
[2024-05-20T02:56:44.656+0000] {logging_mixin.py:188} INFO - [2024-05-20T02:56:44.656+0000] {dag.py:3954} INFO - Setting next_dagrun for example_nested_branch_dag to 2024-05-19 00:00:00+00:00, run_after=2024-05-20 00:00:00+00:00
[2024-05-20T02:56:44.667+0000] {processor.py:183} INFO - Processing /home/airflow/.local/lib/python3.12/site-packages/airflow/example_dags/example_nested_branch_dag.py took 0.045 seconds
[2024-05-20T02:57:15.416+0000] {processor.py:161} INFO - Started process (PID=679) to work on /home/airflow/.local/lib/python3.12/site-packages/airflow/example_dags/example_nested_branch_dag.py
[2024-05-20T02:57:15.416+0000] {processor.py:830} INFO - Processing file /home/airflow/.local/lib/python3.12/site-packages/airflow/example_dags/example_nested_branch_dag.py for tasks to queue
[2024-05-20T02:57:15.417+0000] {logging_mixin.py:188} INFO - [2024-05-20T02:57:15.417+0000] {dagbag.py:545} INFO - Filling up the DagBag from /home/airflow/.local/lib/python3.12/site-packages/airflow/example_dags/example_nested_branch_dag.py
[2024-05-20T02:57:15.422+0000] {processor.py:840} INFO - DAG(s) 'example_nested_branch_dag' retrieved from /home/airflow/.local/lib/python3.12/site-packages/airflow/example_dags/example_nested_branch_dag.py
[2024-05-20T02:57:15.433+0000] {logging_mixin.py:188} INFO - [2024-05-20T02:57:15.433+0000] {dag.py:3096} INFO - Sync 1 DAGs
[2024-05-20T02:57:15.443+0000] {logging_mixin.py:188} INFO - [2024-05-20T02:57:15.443+0000] {dag.py:3954} INFO - Setting next_dagrun for example_nested_branch_dag to 2024-05-19 00:00:00+00:00, run_after=2024-05-20 00:00:00+00:00
[2024-05-20T02:57:15.452+0000] {processor.py:183} INFO - Processing /home/airflow/.local/lib/python3.12/site-packages/airflow/example_dags/example_nested_branch_dag.py took 0.039 seconds
[2024-05-20T02:57:46.279+0000] {processor.py:161} INFO - Started process (PID=737) to work on /home/airflow/.local/lib/python3.12/site-packages/airflow/example_dags/example_nested_branch_dag.py
[2024-05-20T02:57:46.279+0000] {processor.py:830} INFO - Processing file /home/airflow/.local/lib/python3.12/site-packages/airflow/example_dags/example_nested_branch_dag.py for tasks to queue
[2024-05-20T02:57:46.280+0000] {logging_mixin.py:188} INFO - [2024-05-20T02:57:46.280+0000] {dagbag.py:545} INFO - Filling up the DagBag from /home/airflow/.local/lib/python3.12/site-packages/airflow/example_dags/example_nested_branch_dag.py
[2024-05-20T02:57:46.286+0000] {processor.py:840} INFO - DAG(s) 'example_nested_branch_dag' retrieved from /home/airflow/.local/lib/python3.12/site-packages/airflow/example_dags/example_nested_branch_dag.py
[2024-05-20T02:57:46.299+0000] {logging_mixin.py:188} INFO - [2024-05-20T02:57:46.299+0000] {dag.py:3096} INFO - Sync 1 DAGs
[2024-05-20T02:57:46.312+0000] {logging_mixin.py:188} INFO - [2024-05-20T02:57:46.312+0000] {dag.py:3954} INFO - Setting next_dagrun for example_nested_branch_dag to 2024-05-19 00:00:00+00:00, run_after=2024-05-20 00:00:00+00:00
[2024-05-20T02:57:46.323+0000] {processor.py:183} INFO - Processing /home/airflow/.local/lib/python3.12/site-packages/airflow/example_dags/example_nested_branch_dag.py took 0.047 seconds
[2024-05-20T02:58:16.385+0000] {processor.py:161} INFO - Started process (PID=795) to work on /home/airflow/.local/lib/python3.12/site-packages/airflow/example_dags/example_nested_branch_dag.py
[2024-05-20T02:58:16.385+0000] {processor.py:830} INFO - Processing file /home/airflow/.local/lib/python3.12/site-packages/airflow/example_dags/example_nested_branch_dag.py for tasks to queue
[2024-05-20T02:58:16.387+0000] {logging_mixin.py:188} INFO - [2024-05-20T02:58:16.386+0000] {dagbag.py:545} INFO - Filling up the DagBag from /home/airflow/.local/lib/python3.12/site-packages/airflow/example_dags/example_nested_branch_dag.py
[2024-05-20T02:58:16.392+0000] {processor.py:840} INFO - DAG(s) 'example_nested_branch_dag' retrieved from /home/airflow/.local/lib/python3.12/site-packages/airflow/example_dags/example_nested_branch_dag.py
[2024-05-20T02:58:16.404+0000] {logging_mixin.py:188} INFO - [2024-05-20T02:58:16.403+0000] {dag.py:3096} INFO - Sync 1 DAGs
[2024-05-20T02:58:16.414+0000] {logging_mixin.py:188} INFO - [2024-05-20T02:58:16.414+0000] {dag.py:3954} INFO - Setting next_dagrun for example_nested_branch_dag to 2024-05-19 00:00:00+00:00, run_after=2024-05-20 00:00:00+00:00
[2024-05-20T02:58:16.422+0000] {processor.py:183} INFO - Processing /home/airflow/.local/lib/python3.12/site-packages/airflow/example_dags/example_nested_branch_dag.py took 0.040 seconds
[2024-05-20T02:58:47.077+0000] {processor.py:161} INFO - Started process (PID=853) to work on /home/airflow/.local/lib/python3.12/site-packages/airflow/example_dags/example_nested_branch_dag.py
[2024-05-20T02:58:47.078+0000] {processor.py:830} INFO - Processing file /home/airflow/.local/lib/python3.12/site-packages/airflow/example_dags/example_nested_branch_dag.py for tasks to queue
[2024-05-20T02:58:47.079+0000] {logging_mixin.py:188} INFO - [2024-05-20T02:58:47.079+0000] {dagbag.py:545} INFO - Filling up the DagBag from /home/airflow/.local/lib/python3.12/site-packages/airflow/example_dags/example_nested_branch_dag.py
[2024-05-20T02:58:47.084+0000] {processor.py:840} INFO - DAG(s) 'example_nested_branch_dag' retrieved from /home/airflow/.local/lib/python3.12/site-packages/airflow/example_dags/example_nested_branch_dag.py
[2024-05-20T02:58:47.095+0000] {logging_mixin.py:188} INFO - [2024-05-20T02:58:47.095+0000] {dag.py:3096} INFO - Sync 1 DAGs
[2024-05-20T02:58:47.110+0000] {logging_mixin.py:188} INFO - [2024-05-20T02:58:47.110+0000] {dag.py:3954} INFO - Setting next_dagrun for example_nested_branch_dag to 2024-05-19 00:00:00+00:00, run_after=2024-05-20 00:00:00+00:00
[2024-05-20T02:58:47.120+0000] {processor.py:183} INFO - Processing /home/airflow/.local/lib/python3.12/site-packages/airflow/example_dags/example_nested_branch_dag.py took 0.046 seconds
[2024-05-20T02:59:17.917+0000] {processor.py:161} INFO - Started process (PID=911) to work on /home/airflow/.local/lib/python3.12/site-packages/airflow/example_dags/example_nested_branch_dag.py
[2024-05-20T02:59:17.918+0000] {processor.py:830} INFO - Processing file /home/airflow/.local/lib/python3.12/site-packages/airflow/example_dags/example_nested_branch_dag.py for tasks to queue
[2024-05-20T02:59:17.919+0000] {logging_mixin.py:188} INFO - [2024-05-20T02:59:17.919+0000] {dagbag.py:545} INFO - Filling up the DagBag from /home/airflow/.local/lib/python3.12/site-packages/airflow/example_dags/example_nested_branch_dag.py
[2024-05-20T02:59:17.925+0000] {processor.py:840} INFO - DAG(s) 'example_nested_branch_dag' retrieved from /home/airflow/.local/lib/python3.12/site-packages/airflow/example_dags/example_nested_branch_dag.py
[2024-05-20T02:59:17.938+0000] {logging_mixin.py:188} INFO - [2024-05-20T02:59:17.938+0000] {dag.py:3096} INFO - Sync 1 DAGs
[2024-05-20T02:59:17.952+0000] {logging_mixin.py:188} INFO - [2024-05-20T02:59:17.952+0000] {dag.py:3954} INFO - Setting next_dagrun for example_nested_branch_dag to 2024-05-19 00:00:00+00:00, run_after=2024-05-20 00:00:00+00:00
[2024-05-20T02:59:17.961+0000] {processor.py:183} INFO - Processing /home/airflow/.local/lib/python3.12/site-packages/airflow/example_dags/example_nested_branch_dag.py took 0.048 seconds
[2024-05-20T02:59:48.742+0000] {processor.py:161} INFO - Started process (PID=969) to work on /home/airflow/.local/lib/python3.12/site-packages/airflow/example_dags/example_nested_branch_dag.py
[2024-05-20T02:59:48.743+0000] {processor.py:830} INFO - Processing file /home/airflow/.local/lib/python3.12/site-packages/airflow/example_dags/example_nested_branch_dag.py for tasks to queue
[2024-05-20T02:59:48.744+0000] {logging_mixin.py:188} INFO - [2024-05-20T02:59:48.744+0000] {dagbag.py:545} INFO - Filling up the DagBag from /home/airflow/.local/lib/python3.12/site-packages/airflow/example_dags/example_nested_branch_dag.py
[2024-05-20T02:59:48.750+0000] {processor.py:840} INFO - DAG(s) 'example_nested_branch_dag' retrieved from /home/airflow/.local/lib/python3.12/site-packages/airflow/example_dags/example_nested_branch_dag.py
[2024-05-20T02:59:48.761+0000] {logging_mixin.py:188} INFO - [2024-05-20T02:59:48.760+0000] {dag.py:3096} INFO - Sync 1 DAGs
[2024-05-20T02:59:48.772+0000] {logging_mixin.py:188} INFO - [2024-05-20T02:59:48.772+0000] {dag.py:3954} INFO - Setting next_dagrun for example_nested_branch_dag to 2024-05-19 00:00:00+00:00, run_after=2024-05-20 00:00:00+00:00
[2024-05-20T02:59:48.782+0000] {processor.py:183} INFO - Processing /home/airflow/.local/lib/python3.12/site-packages/airflow/example_dags/example_nested_branch_dag.py took 0.042 seconds
[2024-05-20T03:00:19.589+0000] {processor.py:161} INFO - Started process (PID=1027) to work on /home/airflow/.local/lib/python3.12/site-packages/airflow/example_dags/example_nested_branch_dag.py
[2024-05-20T03:00:19.590+0000] {processor.py:830} INFO - Processing file /home/airflow/.local/lib/python3.12/site-packages/airflow/example_dags/example_nested_branch_dag.py for tasks to queue
[2024-05-20T03:00:19.591+0000] {logging_mixin.py:188} INFO - [2024-05-20T03:00:19.591+0000] {dagbag.py:545} INFO - Filling up the DagBag from /home/airflow/.local/lib/python3.12/site-packages/airflow/example_dags/example_nested_branch_dag.py
[2024-05-20T03:00:19.596+0000] {processor.py:840} INFO - DAG(s) 'example_nested_branch_dag' retrieved from /home/airflow/.local/lib/python3.12/site-packages/airflow/example_dags/example_nested_branch_dag.py
[2024-05-20T03:00:19.607+0000] {logging_mixin.py:188} INFO - [2024-05-20T03:00:19.607+0000] {dag.py:3096} INFO - Sync 1 DAGs
[2024-05-20T03:00:19.617+0000] {logging_mixin.py:188} INFO - [2024-05-20T03:00:19.617+0000] {dag.py:3954} INFO - Setting next_dagrun for example_nested_branch_dag to 2024-05-19 00:00:00+00:00, run_after=2024-05-20 00:00:00+00:00
[2024-05-20T03:00:19.626+0000] {processor.py:183} INFO - Processing /home/airflow/.local/lib/python3.12/site-packages/airflow/example_dags/example_nested_branch_dag.py took 0.039 seconds
[2024-05-20T03:00:50.189+0000] {processor.py:161} INFO - Started process (PID=1085) to work on /home/airflow/.local/lib/python3.12/site-packages/airflow/example_dags/example_nested_branch_dag.py
[2024-05-20T03:00:50.190+0000] {processor.py:830} INFO - Processing file /home/airflow/.local/lib/python3.12/site-packages/airflow/example_dags/example_nested_branch_dag.py for tasks to queue
[2024-05-20T03:00:50.191+0000] {logging_mixin.py:188} INFO - [2024-05-20T03:00:50.191+0000] {dagbag.py:545} INFO - Filling up the DagBag from /home/airflow/.local/lib/python3.12/site-packages/airflow/example_dags/example_nested_branch_dag.py
[2024-05-20T03:00:50.196+0000] {processor.py:840} INFO - DAG(s) 'example_nested_branch_dag' retrieved from /home/airflow/.local/lib/python3.12/site-packages/airflow/example_dags/example_nested_branch_dag.py
[2024-05-20T03:00:50.207+0000] {logging_mixin.py:188} INFO - [2024-05-20T03:00:50.207+0000] {dag.py:3096} INFO - Sync 1 DAGs
[2024-05-20T03:00:50.217+0000] {logging_mixin.py:188} INFO - [2024-05-20T03:00:50.217+0000] {dag.py:3954} INFO - Setting next_dagrun for example_nested_branch_dag to 2024-05-19 00:00:00+00:00, run_after=2024-05-20 00:00:00+00:00
[2024-05-20T03:00:50.226+0000] {processor.py:183} INFO - Processing /home/airflow/.local/lib/python3.12/site-packages/airflow/example_dags/example_nested_branch_dag.py took 0.040 seconds
[2024-05-20T03:01:20.397+0000] {processor.py:161} INFO - Started process (PID=1143) to work on /home/airflow/.local/lib/python3.12/site-packages/airflow/example_dags/example_nested_branch_dag.py
[2024-05-20T03:01:20.397+0000] {processor.py:830} INFO - Processing file /home/airflow/.local/lib/python3.12/site-packages/airflow/example_dags/example_nested_branch_dag.py for tasks to queue
[2024-05-20T03:01:20.398+0000] {logging_mixin.py:188} INFO - [2024-05-20T03:01:20.398+0000] {dagbag.py:545} INFO - Filling up the DagBag from /home/airflow/.local/lib/python3.12/site-packages/airflow/example_dags/example_nested_branch_dag.py
[2024-05-20T03:01:20.403+0000] {processor.py:840} INFO - DAG(s) 'example_nested_branch_dag' retrieved from /home/airflow/.local/lib/python3.12/site-packages/airflow/example_dags/example_nested_branch_dag.py
[2024-05-20T03:01:20.414+0000] {logging_mixin.py:188} INFO - [2024-05-20T03:01:20.414+0000] {dag.py:3096} INFO - Sync 1 DAGs
[2024-05-20T03:01:20.424+0000] {logging_mixin.py:188} INFO - [2024-05-20T03:01:20.424+0000] {dag.py:3954} INFO - Setting next_dagrun for example_nested_branch_dag to 2024-05-19 00:00:00+00:00, run_after=2024-05-20 00:00:00+00:00
[2024-05-20T03:01:20.433+0000] {processor.py:183} INFO - Processing /home/airflow/.local/lib/python3.12/site-packages/airflow/example_dags/example_nested_branch_dag.py took 0.039 seconds
[2024-05-20T03:01:51.143+0000] {processor.py:161} INFO - Started process (PID=1201) to work on /home/airflow/.local/lib/python3.12/site-packages/airflow/example_dags/example_nested_branch_dag.py
[2024-05-20T03:01:51.144+0000] {processor.py:830} INFO - Processing file /home/airflow/.local/lib/python3.12/site-packages/airflow/example_dags/example_nested_branch_dag.py for tasks to queue
[2024-05-20T03:01:51.145+0000] {logging_mixin.py:188} INFO - [2024-05-20T03:01:51.145+0000] {dagbag.py:545} INFO - Filling up the DagBag from /home/airflow/.local/lib/python3.12/site-packages/airflow/example_dags/example_nested_branch_dag.py
[2024-05-20T03:01:51.150+0000] {processor.py:840} INFO - DAG(s) 'example_nested_branch_dag' retrieved from /home/airflow/.local/lib/python3.12/site-packages/airflow/example_dags/example_nested_branch_dag.py
[2024-05-20T03:01:51.161+0000] {logging_mixin.py:188} INFO - [2024-05-20T03:01:51.161+0000] {dag.py:3096} INFO - Sync 1 DAGs
[2024-05-20T03:01:51.172+0000] {logging_mixin.py:188} INFO - [2024-05-20T03:01:51.172+0000] {dag.py:3954} INFO - Setting next_dagrun for example_nested_branch_dag to 2024-05-19 00:00:00+00:00, run_after=2024-05-20 00:00:00+00:00
[2024-05-20T03:01:51.181+0000] {processor.py:183} INFO - Processing /home/airflow/.local/lib/python3.12/site-packages/airflow/example_dags/example_nested_branch_dag.py took 0.041 seconds
[2024-05-20T03:02:21.915+0000] {processor.py:161} INFO - Started process (PID=1259) to work on /home/airflow/.local/lib/python3.12/site-packages/airflow/example_dags/example_nested_branch_dag.py
[2024-05-20T03:02:21.916+0000] {processor.py:830} INFO - Processing file /home/airflow/.local/lib/python3.12/site-packages/airflow/example_dags/example_nested_branch_dag.py for tasks to queue
[2024-05-20T03:02:21.917+0000] {logging_mixin.py:188} INFO - [2024-05-20T03:02:21.917+0000] {dagbag.py:545} INFO - Filling up the DagBag from /home/airflow/.local/lib/python3.12/site-packages/airflow/example_dags/example_nested_branch_dag.py
[2024-05-20T03:02:21.922+0000] {processor.py:840} INFO - DAG(s) 'example_nested_branch_dag' retrieved from /home/airflow/.local/lib/python3.12/site-packages/airflow/example_dags/example_nested_branch_dag.py
[2024-05-20T03:02:21.933+0000] {logging_mixin.py:188} INFO - [2024-05-20T03:02:21.933+0000] {dag.py:3096} INFO - Sync 1 DAGs
[2024-05-20T03:02:21.944+0000] {logging_mixin.py:188} INFO - [2024-05-20T03:02:21.943+0000] {dag.py:3954} INFO - Setting next_dagrun for example_nested_branch_dag to 2024-05-19 00:00:00+00:00, run_after=2024-05-20 00:00:00+00:00
[2024-05-20T03:02:21.953+0000] {processor.py:183} INFO - Processing /home/airflow/.local/lib/python3.12/site-packages/airflow/example_dags/example_nested_branch_dag.py took 0.041 seconds
[2024-05-20T03:02:52.025+0000] {processor.py:161} INFO - Started process (PID=1317) to work on /home/airflow/.local/lib/python3.12/site-packages/airflow/example_dags/example_nested_branch_dag.py
[2024-05-20T03:02:52.025+0000] {processor.py:830} INFO - Processing file /home/airflow/.local/lib/python3.12/site-packages/airflow/example_dags/example_nested_branch_dag.py for tasks to queue
[2024-05-20T03:02:52.026+0000] {logging_mixin.py:188} INFO - [2024-05-20T03:02:52.026+0000] {dagbag.py:545} INFO - Filling up the DagBag from /home/airflow/.local/lib/python3.12/site-packages/airflow/example_dags/example_nested_branch_dag.py
[2024-05-20T03:02:52.032+0000] {processor.py:840} INFO - DAG(s) 'example_nested_branch_dag' retrieved from /home/airflow/.local/lib/python3.12/site-packages/airflow/example_dags/example_nested_branch_dag.py
[2024-05-20T03:02:52.044+0000] {logging_mixin.py:188} INFO - [2024-05-20T03:02:52.044+0000] {dag.py:3096} INFO - Sync 1 DAGs
[2024-05-20T03:02:52.054+0000] {logging_mixin.py:188} INFO - [2024-05-20T03:02:52.054+0000] {dag.py:3954} INFO - Setting next_dagrun for example_nested_branch_dag to 2024-05-19 00:00:00+00:00, run_after=2024-05-20 00:00:00+00:00
[2024-05-20T03:02:52.064+0000] {processor.py:183} INFO - Processing /home/airflow/.local/lib/python3.12/site-packages/airflow/example_dags/example_nested_branch_dag.py took 0.042 seconds
[2024-05-20T03:03:22.167+0000] {processor.py:161} INFO - Started process (PID=1375) to work on /home/airflow/.local/lib/python3.12/site-packages/airflow/example_dags/example_nested_branch_dag.py
[2024-05-20T03:03:22.168+0000] {processor.py:830} INFO - Processing file /home/airflow/.local/lib/python3.12/site-packages/airflow/example_dags/example_nested_branch_dag.py for tasks to queue
[2024-05-20T03:03:22.169+0000] {logging_mixin.py:188} INFO - [2024-05-20T03:03:22.169+0000] {dagbag.py:545} INFO - Filling up the DagBag from /home/airflow/.local/lib/python3.12/site-packages/airflow/example_dags/example_nested_branch_dag.py
[2024-05-20T03:03:22.174+0000] {processor.py:840} INFO - DAG(s) 'example_nested_branch_dag' retrieved from /home/airflow/.local/lib/python3.12/site-packages/airflow/example_dags/example_nested_branch_dag.py
[2024-05-20T03:03:22.184+0000] {logging_mixin.py:188} INFO - [2024-05-20T03:03:22.184+0000] {dag.py:3096} INFO - Sync 1 DAGs
[2024-05-20T03:03:22.194+0000] {logging_mixin.py:188} INFO - [2024-05-20T03:03:22.194+0000] {dag.py:3954} INFO - Setting next_dagrun for example_nested_branch_dag to 2024-05-19 00:00:00+00:00, run_after=2024-05-20 00:00:00+00:00
[2024-05-20T03:03:22.203+0000] {processor.py:183} INFO - Processing /home/airflow/.local/lib/python3.12/site-packages/airflow/example_dags/example_nested_branch_dag.py took 0.039 seconds
[2024-05-20T03:04:12.983+0000] {processor.py:161} INFO - Started process (PID=40) to work on /home/airflow/.local/lib/python3.12/site-packages/airflow/example_dags/example_nested_branch_dag.py
[2024-05-20T03:04:12.983+0000] {processor.py:830} INFO - Processing file /home/airflow/.local/lib/python3.12/site-packages/airflow/example_dags/example_nested_branch_dag.py for tasks to queue
[2024-05-20T03:04:12.984+0000] {logging_mixin.py:188} INFO - [2024-05-20T03:04:12.984+0000] {dagbag.py:545} INFO - Filling up the DagBag from /home/airflow/.local/lib/python3.12/site-packages/airflow/example_dags/example_nested_branch_dag.py
[2024-05-20T03:04:12.992+0000] {processor.py:840} INFO - DAG(s) 'example_nested_branch_dag' retrieved from /home/airflow/.local/lib/python3.12/site-packages/airflow/example_dags/example_nested_branch_dag.py
[2024-05-20T03:04:13.000+0000] {logging_mixin.py:188} INFO - [2024-05-20T03:04:13.000+0000] {dag.py:3096} INFO - Sync 1 DAGs
[2024-05-20T03:04:13.013+0000] {logging_mixin.py:188} INFO - [2024-05-20T03:04:13.013+0000] {dag.py:3954} INFO - Setting next_dagrun for example_nested_branch_dag to 2024-05-19 00:00:00+00:00, run_after=2024-05-20 00:00:00+00:00
[2024-05-20T03:04:13.024+0000] {processor.py:183} INFO - Processing /home/airflow/.local/lib/python3.12/site-packages/airflow/example_dags/example_nested_branch_dag.py took 0.045 seconds
[2024-05-20T03:04:43.368+0000] {processor.py:161} INFO - Started process (PID=98) to work on /home/airflow/.local/lib/python3.12/site-packages/airflow/example_dags/example_nested_branch_dag.py
[2024-05-20T03:04:43.369+0000] {processor.py:830} INFO - Processing file /home/airflow/.local/lib/python3.12/site-packages/airflow/example_dags/example_nested_branch_dag.py for tasks to queue
[2024-05-20T03:04:43.370+0000] {logging_mixin.py:188} INFO - [2024-05-20T03:04:43.369+0000] {dagbag.py:545} INFO - Filling up the DagBag from /home/airflow/.local/lib/python3.12/site-packages/airflow/example_dags/example_nested_branch_dag.py
[2024-05-20T03:04:43.375+0000] {processor.py:840} INFO - DAG(s) 'example_nested_branch_dag' retrieved from /home/airflow/.local/lib/python3.12/site-packages/airflow/example_dags/example_nested_branch_dag.py
[2024-05-20T03:04:43.428+0000] {logging_mixin.py:188} INFO - [2024-05-20T03:04:43.428+0000] {dag.py:3096} INFO - Sync 1 DAGs
[2024-05-20T03:04:43.438+0000] {logging_mixin.py:188} INFO - [2024-05-20T03:04:43.438+0000] {dag.py:3954} INFO - Setting next_dagrun for example_nested_branch_dag to 2024-05-19 00:00:00+00:00, run_after=2024-05-20 00:00:00+00:00
[2024-05-20T03:04:43.454+0000] {processor.py:183} INFO - Processing /home/airflow/.local/lib/python3.12/site-packages/airflow/example_dags/example_nested_branch_dag.py took 0.089 seconds
[2024-05-20T03:05:13.798+0000] {processor.py:161} INFO - Started process (PID=155) to work on /home/airflow/.local/lib/python3.12/site-packages/airflow/example_dags/example_nested_branch_dag.py
[2024-05-20T03:05:13.798+0000] {processor.py:830} INFO - Processing file /home/airflow/.local/lib/python3.12/site-packages/airflow/example_dags/example_nested_branch_dag.py for tasks to queue
[2024-05-20T03:05:13.799+0000] {logging_mixin.py:188} INFO - [2024-05-20T03:05:13.799+0000] {dagbag.py:545} INFO - Filling up the DagBag from /home/airflow/.local/lib/python3.12/site-packages/airflow/example_dags/example_nested_branch_dag.py
[2024-05-20T03:05:13.804+0000] {processor.py:840} INFO - DAG(s) 'example_nested_branch_dag' retrieved from /home/airflow/.local/lib/python3.12/site-packages/airflow/example_dags/example_nested_branch_dag.py
[2024-05-20T03:05:13.815+0000] {logging_mixin.py:188} INFO - [2024-05-20T03:05:13.815+0000] {dag.py:3096} INFO - Sync 1 DAGs
[2024-05-20T03:05:13.825+0000] {logging_mixin.py:188} INFO - [2024-05-20T03:05:13.825+0000] {dag.py:3954} INFO - Setting next_dagrun for example_nested_branch_dag to 2024-05-19 00:00:00+00:00, run_after=2024-05-20 00:00:00+00:00
[2024-05-20T03:05:13.834+0000] {processor.py:183} INFO - Processing /home/airflow/.local/lib/python3.12/site-packages/airflow/example_dags/example_nested_branch_dag.py took 0.040 seconds
[2024-05-20T03:05:44.441+0000] {processor.py:161} INFO - Started process (PID=213) to work on /home/airflow/.local/lib/python3.12/site-packages/airflow/example_dags/example_nested_branch_dag.py
[2024-05-20T03:05:44.441+0000] {processor.py:830} INFO - Processing file /home/airflow/.local/lib/python3.12/site-packages/airflow/example_dags/example_nested_branch_dag.py for tasks to queue
[2024-05-20T03:05:44.442+0000] {logging_mixin.py:188} INFO - [2024-05-20T03:05:44.442+0000] {dagbag.py:545} INFO - Filling up the DagBag from /home/airflow/.local/lib/python3.12/site-packages/airflow/example_dags/example_nested_branch_dag.py
[2024-05-20T03:05:44.447+0000] {processor.py:840} INFO - DAG(s) 'example_nested_branch_dag' retrieved from /home/airflow/.local/lib/python3.12/site-packages/airflow/example_dags/example_nested_branch_dag.py
[2024-05-20T03:05:44.458+0000] {logging_mixin.py:188} INFO - [2024-05-20T03:05:44.458+0000] {dag.py:3096} INFO - Sync 1 DAGs
[2024-05-20T03:05:44.469+0000] {logging_mixin.py:188} INFO - [2024-05-20T03:05:44.468+0000] {dag.py:3954} INFO - Setting next_dagrun for example_nested_branch_dag to 2024-05-19 00:00:00+00:00, run_after=2024-05-20 00:00:00+00:00
[2024-05-20T03:05:44.477+0000] {processor.py:183} INFO - Processing /home/airflow/.local/lib/python3.12/site-packages/airflow/example_dags/example_nested_branch_dag.py took 0.040 seconds
[2024-05-20T03:06:15.166+0000] {processor.py:161} INFO - Started process (PID=270) to work on /home/airflow/.local/lib/python3.12/site-packages/airflow/example_dags/example_nested_branch_dag.py
[2024-05-20T03:06:15.167+0000] {processor.py:830} INFO - Processing file /home/airflow/.local/lib/python3.12/site-packages/airflow/example_dags/example_nested_branch_dag.py for tasks to queue
[2024-05-20T03:06:15.168+0000] {logging_mixin.py:188} INFO - [2024-05-20T03:06:15.168+0000] {dagbag.py:545} INFO - Filling up the DagBag from /home/airflow/.local/lib/python3.12/site-packages/airflow/example_dags/example_nested_branch_dag.py
[2024-05-20T03:06:15.173+0000] {processor.py:840} INFO - DAG(s) 'example_nested_branch_dag' retrieved from /home/airflow/.local/lib/python3.12/site-packages/airflow/example_dags/example_nested_branch_dag.py
[2024-05-20T03:06:15.183+0000] {logging_mixin.py:188} INFO - [2024-05-20T03:06:15.183+0000] {dag.py:3096} INFO - Sync 1 DAGs
[2024-05-20T03:06:15.193+0000] {logging_mixin.py:188} INFO - [2024-05-20T03:06:15.193+0000] {dag.py:3954} INFO - Setting next_dagrun for example_nested_branch_dag to 2024-05-19 00:00:00+00:00, run_after=2024-05-20 00:00:00+00:00
[2024-05-20T03:06:15.201+0000] {processor.py:183} INFO - Processing /home/airflow/.local/lib/python3.12/site-packages/airflow/example_dags/example_nested_branch_dag.py took 0.038 seconds
[2024-05-20T03:06:45.872+0000] {processor.py:161} INFO - Started process (PID=328) to work on /home/airflow/.local/lib/python3.12/site-packages/airflow/example_dags/example_nested_branch_dag.py
[2024-05-20T03:06:45.872+0000] {processor.py:830} INFO - Processing file /home/airflow/.local/lib/python3.12/site-packages/airflow/example_dags/example_nested_branch_dag.py for tasks to queue
[2024-05-20T03:06:45.873+0000] {logging_mixin.py:188} INFO - [2024-05-20T03:06:45.873+0000] {dagbag.py:545} INFO - Filling up the DagBag from /home/airflow/.local/lib/python3.12/site-packages/airflow/example_dags/example_nested_branch_dag.py
[2024-05-20T03:06:45.879+0000] {processor.py:840} INFO - DAG(s) 'example_nested_branch_dag' retrieved from /home/airflow/.local/lib/python3.12/site-packages/airflow/example_dags/example_nested_branch_dag.py
[2024-05-20T03:06:45.890+0000] {logging_mixin.py:188} INFO - [2024-05-20T03:06:45.890+0000] {dag.py:3096} INFO - Sync 1 DAGs
[2024-05-20T03:06:45.900+0000] {logging_mixin.py:188} INFO - [2024-05-20T03:06:45.900+0000] {dag.py:3954} INFO - Setting next_dagrun for example_nested_branch_dag to 2024-05-19 00:00:00+00:00, run_after=2024-05-20 00:00:00+00:00
[2024-05-20T03:06:45.909+0000] {processor.py:183} INFO - Processing /home/airflow/.local/lib/python3.12/site-packages/airflow/example_dags/example_nested_branch_dag.py took 0.040 seconds
[2024-05-20T03:07:16.539+0000] {processor.py:161} INFO - Started process (PID=386) to work on /home/airflow/.local/lib/python3.12/site-packages/airflow/example_dags/example_nested_branch_dag.py
[2024-05-20T03:07:16.539+0000] {processor.py:830} INFO - Processing file /home/airflow/.local/lib/python3.12/site-packages/airflow/example_dags/example_nested_branch_dag.py for tasks to queue
[2024-05-20T03:07:16.540+0000] {logging_mixin.py:188} INFO - [2024-05-20T03:07:16.540+0000] {dagbag.py:545} INFO - Filling up the DagBag from /home/airflow/.local/lib/python3.12/site-packages/airflow/example_dags/example_nested_branch_dag.py
[2024-05-20T03:07:16.545+0000] {processor.py:840} INFO - DAG(s) 'example_nested_branch_dag' retrieved from /home/airflow/.local/lib/python3.12/site-packages/airflow/example_dags/example_nested_branch_dag.py
[2024-05-20T03:07:16.555+0000] {logging_mixin.py:188} INFO - [2024-05-20T03:07:16.555+0000] {dag.py:3096} INFO - Sync 1 DAGs
[2024-05-20T03:07:16.565+0000] {logging_mixin.py:188} INFO - [2024-05-20T03:07:16.565+0000] {dag.py:3954} INFO - Setting next_dagrun for example_nested_branch_dag to 2024-05-19 00:00:00+00:00, run_after=2024-05-20 00:00:00+00:00
[2024-05-20T03:07:16.573+0000] {processor.py:183} INFO - Processing /home/airflow/.local/lib/python3.12/site-packages/airflow/example_dags/example_nested_branch_dag.py took 0.038 seconds
[2024-05-20T03:07:58.688+0000] {processor.py:161} INFO - Started process (PID=41) to work on /home/airflow/.local/lib/python3.12/site-packages/airflow/example_dags/example_nested_branch_dag.py
[2024-05-20T03:07:58.692+0000] {processor.py:830} INFO - Processing file /home/airflow/.local/lib/python3.12/site-packages/airflow/example_dags/example_nested_branch_dag.py for tasks to queue
[2024-05-20T03:07:58.693+0000] {logging_mixin.py:188} INFO - [2024-05-20T03:07:58.692+0000] {dagbag.py:545} INFO - Filling up the DagBag from /home/airflow/.local/lib/python3.12/site-packages/airflow/example_dags/example_nested_branch_dag.py
[2024-05-20T03:07:58.701+0000] {processor.py:840} INFO - DAG(s) 'example_nested_branch_dag' retrieved from /home/airflow/.local/lib/python3.12/site-packages/airflow/example_dags/example_nested_branch_dag.py
[2024-05-20T03:07:58.708+0000] {logging_mixin.py:188} INFO - [2024-05-20T03:07:58.708+0000] {dag.py:3096} INFO - Sync 1 DAGs
[2024-05-20T03:07:58.720+0000] {logging_mixin.py:188} INFO - [2024-05-20T03:07:58.720+0000] {dag.py:3954} INFO - Setting next_dagrun for example_nested_branch_dag to 2024-05-19 00:00:00+00:00, run_after=2024-05-20 00:00:00+00:00
[2024-05-20T03:07:58.731+0000] {processor.py:183} INFO - Processing /home/airflow/.local/lib/python3.12/site-packages/airflow/example_dags/example_nested_branch_dag.py took 0.046 seconds
[2024-05-20T03:08:29.883+0000] {processor.py:161} INFO - Started process (PID=99) to work on /home/airflow/.local/lib/python3.12/site-packages/airflow/example_dags/example_nested_branch_dag.py
[2024-05-20T03:08:29.883+0000] {processor.py:830} INFO - Processing file /home/airflow/.local/lib/python3.12/site-packages/airflow/example_dags/example_nested_branch_dag.py for tasks to queue
[2024-05-20T03:08:29.884+0000] {logging_mixin.py:188} INFO - [2024-05-20T03:08:29.884+0000] {dagbag.py:545} INFO - Filling up the DagBag from /home/airflow/.local/lib/python3.12/site-packages/airflow/example_dags/example_nested_branch_dag.py
[2024-05-20T03:08:29.889+0000] {processor.py:840} INFO - DAG(s) 'example_nested_branch_dag' retrieved from /home/airflow/.local/lib/python3.12/site-packages/airflow/example_dags/example_nested_branch_dag.py
[2024-05-20T03:08:29.933+0000] {logging_mixin.py:188} INFO - [2024-05-20T03:08:29.933+0000] {dag.py:3096} INFO - Sync 1 DAGs
[2024-05-20T03:08:29.942+0000] {logging_mixin.py:188} INFO - [2024-05-20T03:08:29.942+0000] {dag.py:3954} INFO - Setting next_dagrun for example_nested_branch_dag to 2024-05-19 00:00:00+00:00, run_after=2024-05-20 00:00:00+00:00
[2024-05-20T03:08:29.951+0000] {processor.py:183} INFO - Processing /home/airflow/.local/lib/python3.12/site-packages/airflow/example_dags/example_nested_branch_dag.py took 0.071 seconds
[2024-05-20T03:09:00.276+0000] {processor.py:161} INFO - Started process (PID=157) to work on /home/airflow/.local/lib/python3.12/site-packages/airflow/example_dags/example_nested_branch_dag.py
[2024-05-20T03:09:00.278+0000] {processor.py:830} INFO - Processing file /home/airflow/.local/lib/python3.12/site-packages/airflow/example_dags/example_nested_branch_dag.py for tasks to queue
[2024-05-20T03:09:00.279+0000] {logging_mixin.py:188} INFO - [2024-05-20T03:09:00.279+0000] {dagbag.py:545} INFO - Filling up the DagBag from /home/airflow/.local/lib/python3.12/site-packages/airflow/example_dags/example_nested_branch_dag.py
[2024-05-20T03:09:00.284+0000] {processor.py:840} INFO - DAG(s) 'example_nested_branch_dag' retrieved from /home/airflow/.local/lib/python3.12/site-packages/airflow/example_dags/example_nested_branch_dag.py
[2024-05-20T03:09:00.294+0000] {logging_mixin.py:188} INFO - [2024-05-20T03:09:00.294+0000] {dag.py:3096} INFO - Sync 1 DAGs
[2024-05-20T03:09:00.305+0000] {logging_mixin.py:188} INFO - [2024-05-20T03:09:00.305+0000] {dag.py:3954} INFO - Setting next_dagrun for example_nested_branch_dag to 2024-05-19 00:00:00+00:00, run_after=2024-05-20 00:00:00+00:00
[2024-05-20T03:09:00.314+0000] {processor.py:183} INFO - Processing /home/airflow/.local/lib/python3.12/site-packages/airflow/example_dags/example_nested_branch_dag.py took 0.040 seconds
