[2024-05-20T02:51:40.982+0000] {processor.py:161} INFO - Started process (PID=52) to work on /home/airflow/.local/lib/python3.12/site-packages/airflow/example_dags/example_sensors.py
[2024-05-20T02:51:40.984+0000] {processor.py:830} INFO - Processing file /home/airflow/.local/lib/python3.12/site-packages/airflow/example_dags/example_sensors.py for tasks to queue
[2024-05-20T02:51:40.986+0000] {logging_mixin.py:188} INFO - [2024-05-20T02:51:40.986+0000] {dagbag.py:545} INFO - Filling up the DagBag from /home/airflow/.local/lib/python3.12/site-packages/airflow/example_dags/example_sensors.py
[2024-05-20T02:51:40.992+0000] {processor.py:840} INFO - DAG(s) 'example_sensors' retrieved from /home/airflow/.local/lib/python3.12/site-packages/airflow/example_dags/example_sensors.py
[2024-05-20T02:51:41.000+0000] {logging_mixin.py:188} INFO - [2024-05-20T02:51:41.000+0000] {dag.py:3096} INFO - Sync 1 DAGs
[2024-05-20T02:51:41.008+0000] {logging_mixin.py:188} INFO - [2024-05-20T02:51:41.008+0000] {dag.py:3954} INFO - Setting next_dagrun for example_sensors to None, run_after=None
[2024-05-20T02:51:41.021+0000] {processor.py:183} INFO - Processing /home/airflow/.local/lib/python3.12/site-packages/airflow/example_dags/example_sensors.py took 0.042 seconds
[2024-05-20T02:52:11.195+0000] {processor.py:161} INFO - Started process (PID=110) to work on /home/airflow/.local/lib/python3.12/site-packages/airflow/example_dags/example_sensors.py
[2024-05-20T02:52:11.196+0000] {processor.py:830} INFO - Processing file /home/airflow/.local/lib/python3.12/site-packages/airflow/example_dags/example_sensors.py for tasks to queue
[2024-05-20T02:52:11.197+0000] {logging_mixin.py:188} INFO - [2024-05-20T02:52:11.196+0000] {dagbag.py:545} INFO - Filling up the DagBag from /home/airflow/.local/lib/python3.12/site-packages/airflow/example_dags/example_sensors.py
[2024-05-20T02:52:11.201+0000] {processor.py:840} INFO - DAG(s) 'example_sensors' retrieved from /home/airflow/.local/lib/python3.12/site-packages/airflow/example_dags/example_sensors.py
[2024-05-20T02:52:11.246+0000] {logging_mixin.py:188} INFO - [2024-05-20T02:52:11.246+0000] {dag.py:3096} INFO - Sync 1 DAGs
[2024-05-20T02:52:11.251+0000] {logging_mixin.py:188} INFO - [2024-05-20T02:52:11.250+0000] {dag.py:3954} INFO - Setting next_dagrun for example_sensors to None, run_after=None
[2024-05-20T02:52:11.260+0000] {processor.py:183} INFO - Processing /home/airflow/.local/lib/python3.12/site-packages/airflow/example_dags/example_sensors.py took 0.068 seconds
[2024-05-20T02:52:42.186+0000] {processor.py:161} INFO - Started process (PID=168) to work on /home/airflow/.local/lib/python3.12/site-packages/airflow/example_dags/example_sensors.py
[2024-05-20T02:52:42.187+0000] {processor.py:830} INFO - Processing file /home/airflow/.local/lib/python3.12/site-packages/airflow/example_dags/example_sensors.py for tasks to queue
[2024-05-20T02:52:42.188+0000] {logging_mixin.py:188} INFO - [2024-05-20T02:52:42.188+0000] {dagbag.py:545} INFO - Filling up the DagBag from /home/airflow/.local/lib/python3.12/site-packages/airflow/example_dags/example_sensors.py
[2024-05-20T02:52:42.194+0000] {processor.py:840} INFO - DAG(s) 'example_sensors' retrieved from /home/airflow/.local/lib/python3.12/site-packages/airflow/example_dags/example_sensors.py
[2024-05-20T02:52:42.206+0000] {logging_mixin.py:188} INFO - [2024-05-20T02:52:42.206+0000] {dag.py:3096} INFO - Sync 1 DAGs
[2024-05-20T02:52:42.213+0000] {logging_mixin.py:188} INFO - [2024-05-20T02:52:42.212+0000] {dag.py:3954} INFO - Setting next_dagrun for example_sensors to None, run_after=None
[2024-05-20T02:52:42.221+0000] {processor.py:183} INFO - Processing /home/airflow/.local/lib/python3.12/site-packages/airflow/example_dags/example_sensors.py took 0.037 seconds
[2024-05-20T02:53:12.472+0000] {processor.py:161} INFO - Started process (PID=226) to work on /home/airflow/.local/lib/python3.12/site-packages/airflow/example_dags/example_sensors.py
[2024-05-20T02:53:12.473+0000] {processor.py:830} INFO - Processing file /home/airflow/.local/lib/python3.12/site-packages/airflow/example_dags/example_sensors.py for tasks to queue
[2024-05-20T02:53:12.474+0000] {logging_mixin.py:188} INFO - [2024-05-20T02:53:12.474+0000] {dagbag.py:545} INFO - Filling up the DagBag from /home/airflow/.local/lib/python3.12/site-packages/airflow/example_dags/example_sensors.py
[2024-05-20T02:53:12.479+0000] {processor.py:840} INFO - DAG(s) 'example_sensors' retrieved from /home/airflow/.local/lib/python3.12/site-packages/airflow/example_dags/example_sensors.py
[2024-05-20T02:53:12.492+0000] {logging_mixin.py:188} INFO - [2024-05-20T02:53:12.492+0000] {dag.py:3096} INFO - Sync 1 DAGs
[2024-05-20T02:53:12.498+0000] {logging_mixin.py:188} INFO - [2024-05-20T02:53:12.498+0000] {dag.py:3954} INFO - Setting next_dagrun for example_sensors to None, run_after=None
[2024-05-20T02:53:12.507+0000] {processor.py:183} INFO - Processing /home/airflow/.local/lib/python3.12/site-packages/airflow/example_dags/example_sensors.py took 0.039 seconds
[2024-05-20T02:53:42.565+0000] {processor.py:161} INFO - Started process (PID=284) to work on /home/airflow/.local/lib/python3.12/site-packages/airflow/example_dags/example_sensors.py
[2024-05-20T02:53:42.566+0000] {processor.py:830} INFO - Processing file /home/airflow/.local/lib/python3.12/site-packages/airflow/example_dags/example_sensors.py for tasks to queue
[2024-05-20T02:53:42.567+0000] {logging_mixin.py:188} INFO - [2024-05-20T02:53:42.567+0000] {dagbag.py:545} INFO - Filling up the DagBag from /home/airflow/.local/lib/python3.12/site-packages/airflow/example_dags/example_sensors.py
[2024-05-20T02:53:42.571+0000] {processor.py:840} INFO - DAG(s) 'example_sensors' retrieved from /home/airflow/.local/lib/python3.12/site-packages/airflow/example_dags/example_sensors.py
[2024-05-20T02:53:42.583+0000] {logging_mixin.py:188} INFO - [2024-05-20T02:53:42.583+0000] {dag.py:3096} INFO - Sync 1 DAGs
[2024-05-20T02:53:42.589+0000] {logging_mixin.py:188} INFO - [2024-05-20T02:53:42.589+0000] {dag.py:3954} INFO - Setting next_dagrun for example_sensors to None, run_after=None
[2024-05-20T02:53:42.598+0000] {processor.py:183} INFO - Processing /home/airflow/.local/lib/python3.12/site-packages/airflow/example_dags/example_sensors.py took 0.035 seconds
[2024-05-20T02:54:13.287+0000] {processor.py:161} INFO - Started process (PID=342) to work on /home/airflow/.local/lib/python3.12/site-packages/airflow/example_dags/example_sensors.py
[2024-05-20T02:54:13.287+0000] {processor.py:830} INFO - Processing file /home/airflow/.local/lib/python3.12/site-packages/airflow/example_dags/example_sensors.py for tasks to queue
[2024-05-20T02:54:13.288+0000] {logging_mixin.py:188} INFO - [2024-05-20T02:54:13.288+0000] {dagbag.py:545} INFO - Filling up the DagBag from /home/airflow/.local/lib/python3.12/site-packages/airflow/example_dags/example_sensors.py
[2024-05-20T02:54:13.292+0000] {processor.py:840} INFO - DAG(s) 'example_sensors' retrieved from /home/airflow/.local/lib/python3.12/site-packages/airflow/example_dags/example_sensors.py
[2024-05-20T02:54:13.304+0000] {logging_mixin.py:188} INFO - [2024-05-20T02:54:13.304+0000] {dag.py:3096} INFO - Sync 1 DAGs
[2024-05-20T02:54:13.309+0000] {logging_mixin.py:188} INFO - [2024-05-20T02:54:13.309+0000] {dag.py:3954} INFO - Setting next_dagrun for example_sensors to None, run_after=None
[2024-05-20T02:54:13.317+0000] {processor.py:183} INFO - Processing /home/airflow/.local/lib/python3.12/site-packages/airflow/example_dags/example_sensors.py took 0.033 seconds
[2024-05-20T02:54:44.017+0000] {processor.py:161} INFO - Started process (PID=400) to work on /home/airflow/.local/lib/python3.12/site-packages/airflow/example_dags/example_sensors.py
[2024-05-20T02:54:44.017+0000] {processor.py:830} INFO - Processing file /home/airflow/.local/lib/python3.12/site-packages/airflow/example_dags/example_sensors.py for tasks to queue
[2024-05-20T02:54:44.018+0000] {logging_mixin.py:188} INFO - [2024-05-20T02:54:44.018+0000] {dagbag.py:545} INFO - Filling up the DagBag from /home/airflow/.local/lib/python3.12/site-packages/airflow/example_dags/example_sensors.py
[2024-05-20T02:54:44.023+0000] {processor.py:840} INFO - DAG(s) 'example_sensors' retrieved from /home/airflow/.local/lib/python3.12/site-packages/airflow/example_dags/example_sensors.py
[2024-05-20T02:54:44.036+0000] {logging_mixin.py:188} INFO - [2024-05-20T02:54:44.036+0000] {dag.py:3096} INFO - Sync 1 DAGs
[2024-05-20T02:54:44.042+0000] {logging_mixin.py:188} INFO - [2024-05-20T02:54:44.042+0000] {dag.py:3954} INFO - Setting next_dagrun for example_sensors to None, run_after=None
[2024-05-20T02:54:44.051+0000] {processor.py:183} INFO - Processing /home/airflow/.local/lib/python3.12/site-packages/airflow/example_dags/example_sensors.py took 0.038 seconds
[2024-05-20T02:55:14.843+0000] {processor.py:161} INFO - Started process (PID=458) to work on /home/airflow/.local/lib/python3.12/site-packages/airflow/example_dags/example_sensors.py
[2024-05-20T02:55:14.844+0000] {processor.py:830} INFO - Processing file /home/airflow/.local/lib/python3.12/site-packages/airflow/example_dags/example_sensors.py for tasks to queue
[2024-05-20T02:55:14.845+0000] {logging_mixin.py:188} INFO - [2024-05-20T02:55:14.845+0000] {dagbag.py:545} INFO - Filling up the DagBag from /home/airflow/.local/lib/python3.12/site-packages/airflow/example_dags/example_sensors.py
[2024-05-20T02:55:14.850+0000] {processor.py:840} INFO - DAG(s) 'example_sensors' retrieved from /home/airflow/.local/lib/python3.12/site-packages/airflow/example_dags/example_sensors.py
[2024-05-20T02:55:14.861+0000] {logging_mixin.py:188} INFO - [2024-05-20T02:55:14.861+0000] {dag.py:3096} INFO - Sync 1 DAGs
[2024-05-20T02:55:14.867+0000] {logging_mixin.py:188} INFO - [2024-05-20T02:55:14.867+0000] {dag.py:3954} INFO - Setting next_dagrun for example_sensors to None, run_after=None
[2024-05-20T02:55:14.876+0000] {processor.py:183} INFO - Processing /home/airflow/.local/lib/python3.12/site-packages/airflow/example_dags/example_sensors.py took 0.035 seconds
[2024-05-20T02:55:45.586+0000] {processor.py:161} INFO - Started process (PID=516) to work on /home/airflow/.local/lib/python3.12/site-packages/airflow/example_dags/example_sensors.py
[2024-05-20T02:55:45.587+0000] {processor.py:830} INFO - Processing file /home/airflow/.local/lib/python3.12/site-packages/airflow/example_dags/example_sensors.py for tasks to queue
[2024-05-20T02:55:45.588+0000] {logging_mixin.py:188} INFO - [2024-05-20T02:55:45.588+0000] {dagbag.py:545} INFO - Filling up the DagBag from /home/airflow/.local/lib/python3.12/site-packages/airflow/example_dags/example_sensors.py
[2024-05-20T02:55:45.593+0000] {processor.py:840} INFO - DAG(s) 'example_sensors' retrieved from /home/airflow/.local/lib/python3.12/site-packages/airflow/example_dags/example_sensors.py
[2024-05-20T02:55:45.605+0000] {logging_mixin.py:188} INFO - [2024-05-20T02:55:45.605+0000] {dag.py:3096} INFO - Sync 1 DAGs
[2024-05-20T02:55:45.613+0000] {logging_mixin.py:188} INFO - [2024-05-20T02:55:45.613+0000] {dag.py:3954} INFO - Setting next_dagrun for example_sensors to None, run_after=None
[2024-05-20T02:55:45.632+0000] {processor.py:183} INFO - Processing /home/airflow/.local/lib/python3.12/site-packages/airflow/example_dags/example_sensors.py took 0.049 seconds
[2024-05-20T02:56:15.844+0000] {processor.py:161} INFO - Started process (PID=574) to work on /home/airflow/.local/lib/python3.12/site-packages/airflow/example_dags/example_sensors.py
[2024-05-20T02:56:15.844+0000] {processor.py:830} INFO - Processing file /home/airflow/.local/lib/python3.12/site-packages/airflow/example_dags/example_sensors.py for tasks to queue
[2024-05-20T02:56:15.845+0000] {logging_mixin.py:188} INFO - [2024-05-20T02:56:15.845+0000] {dagbag.py:545} INFO - Filling up the DagBag from /home/airflow/.local/lib/python3.12/site-packages/airflow/example_dags/example_sensors.py
[2024-05-20T02:56:15.850+0000] {processor.py:840} INFO - DAG(s) 'example_sensors' retrieved from /home/airflow/.local/lib/python3.12/site-packages/airflow/example_dags/example_sensors.py
[2024-05-20T02:56:15.863+0000] {logging_mixin.py:188} INFO - [2024-05-20T02:56:15.863+0000] {dag.py:3096} INFO - Sync 1 DAGs
[2024-05-20T02:56:15.870+0000] {logging_mixin.py:188} INFO - [2024-05-20T02:56:15.869+0000] {dag.py:3954} INFO - Setting next_dagrun for example_sensors to None, run_after=None
[2024-05-20T02:56:15.878+0000] {processor.py:183} INFO - Processing /home/airflow/.local/lib/python3.12/site-packages/airflow/example_dags/example_sensors.py took 0.038 seconds
[2024-05-20T02:56:45.963+0000] {processor.py:161} INFO - Started process (PID=632) to work on /home/airflow/.local/lib/python3.12/site-packages/airflow/example_dags/example_sensors.py
[2024-05-20T02:56:45.964+0000] {processor.py:830} INFO - Processing file /home/airflow/.local/lib/python3.12/site-packages/airflow/example_dags/example_sensors.py for tasks to queue
[2024-05-20T02:56:45.965+0000] {logging_mixin.py:188} INFO - [2024-05-20T02:56:45.964+0000] {dagbag.py:545} INFO - Filling up the DagBag from /home/airflow/.local/lib/python3.12/site-packages/airflow/example_dags/example_sensors.py
[2024-05-20T02:56:45.969+0000] {processor.py:840} INFO - DAG(s) 'example_sensors' retrieved from /home/airflow/.local/lib/python3.12/site-packages/airflow/example_dags/example_sensors.py
[2024-05-20T02:56:45.981+0000] {logging_mixin.py:188} INFO - [2024-05-20T02:56:45.981+0000] {dag.py:3096} INFO - Sync 1 DAGs
[2024-05-20T02:56:45.987+0000] {logging_mixin.py:188} INFO - [2024-05-20T02:56:45.987+0000] {dag.py:3954} INFO - Setting next_dagrun for example_sensors to None, run_after=None
[2024-05-20T02:56:45.995+0000] {processor.py:183} INFO - Processing /home/airflow/.local/lib/python3.12/site-packages/airflow/example_dags/example_sensors.py took 0.035 seconds
[2024-05-20T02:57:16.783+0000] {processor.py:161} INFO - Started process (PID=690) to work on /home/airflow/.local/lib/python3.12/site-packages/airflow/example_dags/example_sensors.py
[2024-05-20T02:57:16.783+0000] {processor.py:830} INFO - Processing file /home/airflow/.local/lib/python3.12/site-packages/airflow/example_dags/example_sensors.py for tasks to queue
[2024-05-20T02:57:16.784+0000] {logging_mixin.py:188} INFO - [2024-05-20T02:57:16.784+0000] {dagbag.py:545} INFO - Filling up the DagBag from /home/airflow/.local/lib/python3.12/site-packages/airflow/example_dags/example_sensors.py
[2024-05-20T02:57:16.789+0000] {processor.py:840} INFO - DAG(s) 'example_sensors' retrieved from /home/airflow/.local/lib/python3.12/site-packages/airflow/example_dags/example_sensors.py
[2024-05-20T02:57:16.802+0000] {logging_mixin.py:188} INFO - [2024-05-20T02:57:16.802+0000] {dag.py:3096} INFO - Sync 1 DAGs
[2024-05-20T02:57:16.808+0000] {logging_mixin.py:188} INFO - [2024-05-20T02:57:16.808+0000] {dag.py:3954} INFO - Setting next_dagrun for example_sensors to None, run_after=None
[2024-05-20T02:57:16.817+0000] {processor.py:183} INFO - Processing /home/airflow/.local/lib/python3.12/site-packages/airflow/example_dags/example_sensors.py took 0.037 seconds
[2024-05-20T02:57:47.672+0000] {processor.py:161} INFO - Started process (PID=748) to work on /home/airflow/.local/lib/python3.12/site-packages/airflow/example_dags/example_sensors.py
[2024-05-20T02:57:47.674+0000] {processor.py:830} INFO - Processing file /home/airflow/.local/lib/python3.12/site-packages/airflow/example_dags/example_sensors.py for tasks to queue
[2024-05-20T02:57:47.677+0000] {logging_mixin.py:188} INFO - [2024-05-20T02:57:47.677+0000] {dagbag.py:545} INFO - Filling up the DagBag from /home/airflow/.local/lib/python3.12/site-packages/airflow/example_dags/example_sensors.py
[2024-05-20T02:57:47.684+0000] {processor.py:840} INFO - DAG(s) 'example_sensors' retrieved from /home/airflow/.local/lib/python3.12/site-packages/airflow/example_dags/example_sensors.py
[2024-05-20T02:57:47.706+0000] {logging_mixin.py:188} INFO - [2024-05-20T02:57:47.706+0000] {dag.py:3096} INFO - Sync 1 DAGs
[2024-05-20T02:57:47.714+0000] {logging_mixin.py:188} INFO - [2024-05-20T02:57:47.714+0000] {dag.py:3954} INFO - Setting next_dagrun for example_sensors to None, run_after=None
[2024-05-20T02:57:47.732+0000] {processor.py:183} INFO - Processing /home/airflow/.local/lib/python3.12/site-packages/airflow/example_dags/example_sensors.py took 0.064 seconds
[2024-05-20T02:58:18.660+0000] {processor.py:161} INFO - Started process (PID=806) to work on /home/airflow/.local/lib/python3.12/site-packages/airflow/example_dags/example_sensors.py
[2024-05-20T02:58:18.661+0000] {processor.py:830} INFO - Processing file /home/airflow/.local/lib/python3.12/site-packages/airflow/example_dags/example_sensors.py for tasks to queue
[2024-05-20T02:58:18.662+0000] {logging_mixin.py:188} INFO - [2024-05-20T02:58:18.662+0000] {dagbag.py:545} INFO - Filling up the DagBag from /home/airflow/.local/lib/python3.12/site-packages/airflow/example_dags/example_sensors.py
[2024-05-20T02:58:18.667+0000] {processor.py:840} INFO - DAG(s) 'example_sensors' retrieved from /home/airflow/.local/lib/python3.12/site-packages/airflow/example_dags/example_sensors.py
[2024-05-20T02:58:18.680+0000] {logging_mixin.py:188} INFO - [2024-05-20T02:58:18.680+0000] {dag.py:3096} INFO - Sync 1 DAGs
[2024-05-20T02:58:18.686+0000] {logging_mixin.py:188} INFO - [2024-05-20T02:58:18.686+0000] {dag.py:3954} INFO - Setting next_dagrun for example_sensors to None, run_after=None
[2024-05-20T02:58:18.696+0000] {processor.py:183} INFO - Processing /home/airflow/.local/lib/python3.12/site-packages/airflow/example_dags/example_sensors.py took 0.039 seconds
[2024-05-20T02:58:49.391+0000] {processor.py:161} INFO - Started process (PID=864) to work on /home/airflow/.local/lib/python3.12/site-packages/airflow/example_dags/example_sensors.py
[2024-05-20T02:58:49.392+0000] {processor.py:830} INFO - Processing file /home/airflow/.local/lib/python3.12/site-packages/airflow/example_dags/example_sensors.py for tasks to queue
[2024-05-20T02:58:49.393+0000] {logging_mixin.py:188} INFO - [2024-05-20T02:58:49.393+0000] {dagbag.py:545} INFO - Filling up the DagBag from /home/airflow/.local/lib/python3.12/site-packages/airflow/example_dags/example_sensors.py
[2024-05-20T02:58:49.397+0000] {processor.py:840} INFO - DAG(s) 'example_sensors' retrieved from /home/airflow/.local/lib/python3.12/site-packages/airflow/example_dags/example_sensors.py
[2024-05-20T02:58:49.409+0000] {logging_mixin.py:188} INFO - [2024-05-20T02:58:49.409+0000] {dag.py:3096} INFO - Sync 1 DAGs
[2024-05-20T02:58:49.415+0000] {logging_mixin.py:188} INFO - [2024-05-20T02:58:49.415+0000] {dag.py:3954} INFO - Setting next_dagrun for example_sensors to None, run_after=None
[2024-05-20T02:58:49.425+0000] {processor.py:183} INFO - Processing /home/airflow/.local/lib/python3.12/site-packages/airflow/example_dags/example_sensors.py took 0.037 seconds
[2024-05-20T02:59:20.223+0000] {processor.py:161} INFO - Started process (PID=922) to work on /home/airflow/.local/lib/python3.12/site-packages/airflow/example_dags/example_sensors.py
[2024-05-20T02:59:20.224+0000] {processor.py:830} INFO - Processing file /home/airflow/.local/lib/python3.12/site-packages/airflow/example_dags/example_sensors.py for tasks to queue
[2024-05-20T02:59:20.225+0000] {logging_mixin.py:188} INFO - [2024-05-20T02:59:20.224+0000] {dagbag.py:545} INFO - Filling up the DagBag from /home/airflow/.local/lib/python3.12/site-packages/airflow/example_dags/example_sensors.py
[2024-05-20T02:59:20.229+0000] {processor.py:840} INFO - DAG(s) 'example_sensors' retrieved from /home/airflow/.local/lib/python3.12/site-packages/airflow/example_dags/example_sensors.py
[2024-05-20T02:59:20.242+0000] {logging_mixin.py:188} INFO - [2024-05-20T02:59:20.242+0000] {dag.py:3096} INFO - Sync 1 DAGs
[2024-05-20T02:59:20.248+0000] {logging_mixin.py:188} INFO - [2024-05-20T02:59:20.247+0000] {dag.py:3954} INFO - Setting next_dagrun for example_sensors to None, run_after=None
[2024-05-20T02:59:20.257+0000] {processor.py:183} INFO - Processing /home/airflow/.local/lib/python3.12/site-packages/airflow/example_dags/example_sensors.py took 0.037 seconds
[2024-05-20T02:59:51.108+0000] {processor.py:161} INFO - Started process (PID=980) to work on /home/airflow/.local/lib/python3.12/site-packages/airflow/example_dags/example_sensors.py
[2024-05-20T02:59:51.108+0000] {processor.py:830} INFO - Processing file /home/airflow/.local/lib/python3.12/site-packages/airflow/example_dags/example_sensors.py for tasks to queue
[2024-05-20T02:59:51.110+0000] {logging_mixin.py:188} INFO - [2024-05-20T02:59:51.109+0000] {dagbag.py:545} INFO - Filling up the DagBag from /home/airflow/.local/lib/python3.12/site-packages/airflow/example_dags/example_sensors.py
[2024-05-20T02:59:51.114+0000] {processor.py:840} INFO - DAG(s) 'example_sensors' retrieved from /home/airflow/.local/lib/python3.12/site-packages/airflow/example_dags/example_sensors.py
[2024-05-20T02:59:51.128+0000] {logging_mixin.py:188} INFO - [2024-05-20T02:59:51.128+0000] {dag.py:3096} INFO - Sync 1 DAGs
[2024-05-20T02:59:51.134+0000] {logging_mixin.py:188} INFO - [2024-05-20T02:59:51.134+0000] {dag.py:3954} INFO - Setting next_dagrun for example_sensors to None, run_after=None
[2024-05-20T02:59:51.143+0000] {processor.py:183} INFO - Processing /home/airflow/.local/lib/python3.12/site-packages/airflow/example_dags/example_sensors.py took 0.039 seconds
[2024-05-20T03:00:21.895+0000] {processor.py:161} INFO - Started process (PID=1038) to work on /home/airflow/.local/lib/python3.12/site-packages/airflow/example_dags/example_sensors.py
[2024-05-20T03:00:21.896+0000] {processor.py:830} INFO - Processing file /home/airflow/.local/lib/python3.12/site-packages/airflow/example_dags/example_sensors.py for tasks to queue
[2024-05-20T03:00:21.897+0000] {logging_mixin.py:188} INFO - [2024-05-20T03:00:21.897+0000] {dagbag.py:545} INFO - Filling up the DagBag from /home/airflow/.local/lib/python3.12/site-packages/airflow/example_dags/example_sensors.py
[2024-05-20T03:00:21.902+0000] {processor.py:840} INFO - DAG(s) 'example_sensors' retrieved from /home/airflow/.local/lib/python3.12/site-packages/airflow/example_dags/example_sensors.py
[2024-05-20T03:00:21.915+0000] {logging_mixin.py:188} INFO - [2024-05-20T03:00:21.914+0000] {dag.py:3096} INFO - Sync 1 DAGs
[2024-05-20T03:00:21.920+0000] {logging_mixin.py:188} INFO - [2024-05-20T03:00:21.920+0000] {dag.py:3954} INFO - Setting next_dagrun for example_sensors to None, run_after=None
[2024-05-20T03:00:21.928+0000] {processor.py:183} INFO - Processing /home/airflow/.local/lib/python3.12/site-packages/airflow/example_dags/example_sensors.py took 0.036 seconds
[2024-05-20T03:00:52.516+0000] {processor.py:161} INFO - Started process (PID=1096) to work on /home/airflow/.local/lib/python3.12/site-packages/airflow/example_dags/example_sensors.py
[2024-05-20T03:00:52.516+0000] {processor.py:830} INFO - Processing file /home/airflow/.local/lib/python3.12/site-packages/airflow/example_dags/example_sensors.py for tasks to queue
[2024-05-20T03:00:52.518+0000] {logging_mixin.py:188} INFO - [2024-05-20T03:00:52.517+0000] {dagbag.py:545} INFO - Filling up the DagBag from /home/airflow/.local/lib/python3.12/site-packages/airflow/example_dags/example_sensors.py
[2024-05-20T03:00:52.522+0000] {processor.py:840} INFO - DAG(s) 'example_sensors' retrieved from /home/airflow/.local/lib/python3.12/site-packages/airflow/example_dags/example_sensors.py
[2024-05-20T03:00:52.535+0000] {logging_mixin.py:188} INFO - [2024-05-20T03:00:52.535+0000] {dag.py:3096} INFO - Sync 1 DAGs
[2024-05-20T03:00:52.542+0000] {logging_mixin.py:188} INFO - [2024-05-20T03:00:52.542+0000] {dag.py:3954} INFO - Setting next_dagrun for example_sensors to None, run_after=None
[2024-05-20T03:00:52.552+0000] {processor.py:183} INFO - Processing /home/airflow/.local/lib/python3.12/site-packages/airflow/example_dags/example_sensors.py took 0.040 seconds
[2024-05-20T03:01:22.758+0000] {processor.py:161} INFO - Started process (PID=1154) to work on /home/airflow/.local/lib/python3.12/site-packages/airflow/example_dags/example_sensors.py
[2024-05-20T03:01:22.759+0000] {processor.py:830} INFO - Processing file /home/airflow/.local/lib/python3.12/site-packages/airflow/example_dags/example_sensors.py for tasks to queue
[2024-05-20T03:01:22.760+0000] {logging_mixin.py:188} INFO - [2024-05-20T03:01:22.760+0000] {dagbag.py:545} INFO - Filling up the DagBag from /home/airflow/.local/lib/python3.12/site-packages/airflow/example_dags/example_sensors.py
[2024-05-20T03:01:22.765+0000] {processor.py:840} INFO - DAG(s) 'example_sensors' retrieved from /home/airflow/.local/lib/python3.12/site-packages/airflow/example_dags/example_sensors.py
[2024-05-20T03:01:22.778+0000] {logging_mixin.py:188} INFO - [2024-05-20T03:01:22.778+0000] {dag.py:3096} INFO - Sync 1 DAGs
[2024-05-20T03:01:22.784+0000] {logging_mixin.py:188} INFO - [2024-05-20T03:01:22.784+0000] {dag.py:3954} INFO - Setting next_dagrun for example_sensors to None, run_after=None
[2024-05-20T03:01:22.794+0000] {processor.py:183} INFO - Processing /home/airflow/.local/lib/python3.12/site-packages/airflow/example_dags/example_sensors.py took 0.039 seconds
[2024-05-20T03:01:53.480+0000] {processor.py:161} INFO - Started process (PID=1212) to work on /home/airflow/.local/lib/python3.12/site-packages/airflow/example_dags/example_sensors.py
[2024-05-20T03:01:53.481+0000] {processor.py:830} INFO - Processing file /home/airflow/.local/lib/python3.12/site-packages/airflow/example_dags/example_sensors.py for tasks to queue
[2024-05-20T03:01:53.482+0000] {logging_mixin.py:188} INFO - [2024-05-20T03:01:53.482+0000] {dagbag.py:545} INFO - Filling up the DagBag from /home/airflow/.local/lib/python3.12/site-packages/airflow/example_dags/example_sensors.py
[2024-05-20T03:01:53.486+0000] {processor.py:840} INFO - DAG(s) 'example_sensors' retrieved from /home/airflow/.local/lib/python3.12/site-packages/airflow/example_dags/example_sensors.py
[2024-05-20T03:01:53.499+0000] {logging_mixin.py:188} INFO - [2024-05-20T03:01:53.499+0000] {dag.py:3096} INFO - Sync 1 DAGs
[2024-05-20T03:01:53.505+0000] {logging_mixin.py:188} INFO - [2024-05-20T03:01:53.505+0000] {dag.py:3954} INFO - Setting next_dagrun for example_sensors to None, run_after=None
[2024-05-20T03:01:53.514+0000] {processor.py:183} INFO - Processing /home/airflow/.local/lib/python3.12/site-packages/airflow/example_dags/example_sensors.py took 0.038 seconds
[2024-05-20T03:02:24.272+0000] {processor.py:161} INFO - Started process (PID=1270) to work on /home/airflow/.local/lib/python3.12/site-packages/airflow/example_dags/example_sensors.py
[2024-05-20T03:02:24.272+0000] {processor.py:830} INFO - Processing file /home/airflow/.local/lib/python3.12/site-packages/airflow/example_dags/example_sensors.py for tasks to queue
[2024-05-20T03:02:24.273+0000] {logging_mixin.py:188} INFO - [2024-05-20T03:02:24.273+0000] {dagbag.py:545} INFO - Filling up the DagBag from /home/airflow/.local/lib/python3.12/site-packages/airflow/example_dags/example_sensors.py
[2024-05-20T03:02:24.278+0000] {processor.py:840} INFO - DAG(s) 'example_sensors' retrieved from /home/airflow/.local/lib/python3.12/site-packages/airflow/example_dags/example_sensors.py
[2024-05-20T03:02:24.291+0000] {logging_mixin.py:188} INFO - [2024-05-20T03:02:24.290+0000] {dag.py:3096} INFO - Sync 1 DAGs
[2024-05-20T03:02:24.297+0000] {logging_mixin.py:188} INFO - [2024-05-20T03:02:24.297+0000] {dag.py:3954} INFO - Setting next_dagrun for example_sensors to None, run_after=None
[2024-05-20T03:02:24.308+0000] {processor.py:183} INFO - Processing /home/airflow/.local/lib/python3.12/site-packages/airflow/example_dags/example_sensors.py took 0.040 seconds
[2024-05-20T03:02:54.393+0000] {processor.py:161} INFO - Started process (PID=1328) to work on /home/airflow/.local/lib/python3.12/site-packages/airflow/example_dags/example_sensors.py
[2024-05-20T03:02:54.393+0000] {processor.py:830} INFO - Processing file /home/airflow/.local/lib/python3.12/site-packages/airflow/example_dags/example_sensors.py for tasks to queue
[2024-05-20T03:02:54.394+0000] {logging_mixin.py:188} INFO - [2024-05-20T03:02:54.394+0000] {dagbag.py:545} INFO - Filling up the DagBag from /home/airflow/.local/lib/python3.12/site-packages/airflow/example_dags/example_sensors.py
[2024-05-20T03:02:54.399+0000] {processor.py:840} INFO - DAG(s) 'example_sensors' retrieved from /home/airflow/.local/lib/python3.12/site-packages/airflow/example_dags/example_sensors.py
[2024-05-20T03:02:54.411+0000] {logging_mixin.py:188} INFO - [2024-05-20T03:02:54.411+0000] {dag.py:3096} INFO - Sync 1 DAGs
[2024-05-20T03:02:54.417+0000] {logging_mixin.py:188} INFO - [2024-05-20T03:02:54.417+0000] {dag.py:3954} INFO - Setting next_dagrun for example_sensors to None, run_after=None
[2024-05-20T03:02:54.425+0000] {processor.py:183} INFO - Processing /home/airflow/.local/lib/python3.12/site-packages/airflow/example_dags/example_sensors.py took 0.036 seconds
[2024-05-20T03:03:24.501+0000] {processor.py:161} INFO - Started process (PID=1386) to work on /home/airflow/.local/lib/python3.12/site-packages/airflow/example_dags/example_sensors.py
[2024-05-20T03:03:24.502+0000] {processor.py:830} INFO - Processing file /home/airflow/.local/lib/python3.12/site-packages/airflow/example_dags/example_sensors.py for tasks to queue
[2024-05-20T03:03:24.503+0000] {logging_mixin.py:188} INFO - [2024-05-20T03:03:24.503+0000] {dagbag.py:545} INFO - Filling up the DagBag from /home/airflow/.local/lib/python3.12/site-packages/airflow/example_dags/example_sensors.py
[2024-05-20T03:03:24.507+0000] {processor.py:840} INFO - DAG(s) 'example_sensors' retrieved from /home/airflow/.local/lib/python3.12/site-packages/airflow/example_dags/example_sensors.py
[2024-05-20T03:03:24.520+0000] {logging_mixin.py:188} INFO - [2024-05-20T03:03:24.520+0000] {dag.py:3096} INFO - Sync 1 DAGs
[2024-05-20T03:03:24.526+0000] {logging_mixin.py:188} INFO - [2024-05-20T03:03:24.526+0000] {dag.py:3954} INFO - Setting next_dagrun for example_sensors to None, run_after=None
[2024-05-20T03:03:24.534+0000] {processor.py:183} INFO - Processing /home/airflow/.local/lib/python3.12/site-packages/airflow/example_dags/example_sensors.py took 0.036 seconds
[2024-05-20T03:04:13.403+0000] {processor.py:161} INFO - Started process (PID=51) to work on /home/airflow/.local/lib/python3.12/site-packages/airflow/example_dags/example_sensors.py
[2024-05-20T03:04:13.404+0000] {processor.py:830} INFO - Processing file /home/airflow/.local/lib/python3.12/site-packages/airflow/example_dags/example_sensors.py for tasks to queue
[2024-05-20T03:04:13.405+0000] {logging_mixin.py:188} INFO - [2024-05-20T03:04:13.405+0000] {dagbag.py:545} INFO - Filling up the DagBag from /home/airflow/.local/lib/python3.12/site-packages/airflow/example_dags/example_sensors.py
[2024-05-20T03:04:13.410+0000] {processor.py:840} INFO - DAG(s) 'example_sensors' retrieved from /home/airflow/.local/lib/python3.12/site-packages/airflow/example_dags/example_sensors.py
[2024-05-20T03:04:13.422+0000] {logging_mixin.py:188} INFO - [2024-05-20T03:04:13.422+0000] {dag.py:3096} INFO - Sync 1 DAGs
[2024-05-20T03:04:13.431+0000] {logging_mixin.py:188} INFO - [2024-05-20T03:04:13.431+0000] {dag.py:3954} INFO - Setting next_dagrun for example_sensors to None, run_after=None
[2024-05-20T03:04:13.443+0000] {processor.py:183} INFO - Processing /home/airflow/.local/lib/python3.12/site-packages/airflow/example_dags/example_sensors.py took 0.045 seconds
[2024-05-20T03:04:43.961+0000] {processor.py:161} INFO - Started process (PID=109) to work on /home/airflow/.local/lib/python3.12/site-packages/airflow/example_dags/example_sensors.py
[2024-05-20T03:04:43.962+0000] {processor.py:830} INFO - Processing file /home/airflow/.local/lib/python3.12/site-packages/airflow/example_dags/example_sensors.py for tasks to queue
[2024-05-20T03:04:43.963+0000] {logging_mixin.py:188} INFO - [2024-05-20T03:04:43.963+0000] {dagbag.py:545} INFO - Filling up the DagBag from /home/airflow/.local/lib/python3.12/site-packages/airflow/example_dags/example_sensors.py
[2024-05-20T03:04:43.967+0000] {processor.py:840} INFO - DAG(s) 'example_sensors' retrieved from /home/airflow/.local/lib/python3.12/site-packages/airflow/example_dags/example_sensors.py
[2024-05-20T03:04:44.017+0000] {logging_mixin.py:188} INFO - [2024-05-20T03:04:44.017+0000] {dag.py:3096} INFO - Sync 1 DAGs
[2024-05-20T03:04:44.022+0000] {logging_mixin.py:188} INFO - [2024-05-20T03:04:44.022+0000] {dag.py:3954} INFO - Setting next_dagrun for example_sensors to None, run_after=None
[2024-05-20T03:04:44.032+0000] {processor.py:183} INFO - Processing /home/airflow/.local/lib/python3.12/site-packages/airflow/example_dags/example_sensors.py took 0.073 seconds
[2024-05-20T03:05:14.065+0000] {processor.py:161} INFO - Started process (PID=166) to work on /home/airflow/.local/lib/python3.12/site-packages/airflow/example_dags/example_sensors.py
[2024-05-20T03:05:14.066+0000] {processor.py:830} INFO - Processing file /home/airflow/.local/lib/python3.12/site-packages/airflow/example_dags/example_sensors.py for tasks to queue
[2024-05-20T03:05:14.067+0000] {logging_mixin.py:188} INFO - [2024-05-20T03:05:14.066+0000] {dagbag.py:545} INFO - Filling up the DagBag from /home/airflow/.local/lib/python3.12/site-packages/airflow/example_dags/example_sensors.py
[2024-05-20T03:05:14.071+0000] {processor.py:840} INFO - DAG(s) 'example_sensors' retrieved from /home/airflow/.local/lib/python3.12/site-packages/airflow/example_dags/example_sensors.py
[2024-05-20T03:05:14.083+0000] {logging_mixin.py:188} INFO - [2024-05-20T03:05:14.083+0000] {dag.py:3096} INFO - Sync 1 DAGs
[2024-05-20T03:05:14.089+0000] {logging_mixin.py:188} INFO - [2024-05-20T03:05:14.089+0000] {dag.py:3954} INFO - Setting next_dagrun for example_sensors to None, run_after=None
[2024-05-20T03:05:14.097+0000] {processor.py:183} INFO - Processing /home/airflow/.local/lib/python3.12/site-packages/airflow/example_dags/example_sensors.py took 0.035 seconds
[2024-05-20T03:05:44.735+0000] {processor.py:161} INFO - Started process (PID=224) to work on /home/airflow/.local/lib/python3.12/site-packages/airflow/example_dags/example_sensors.py
[2024-05-20T03:05:44.735+0000] {processor.py:830} INFO - Processing file /home/airflow/.local/lib/python3.12/site-packages/airflow/example_dags/example_sensors.py for tasks to queue
[2024-05-20T03:05:44.736+0000] {logging_mixin.py:188} INFO - [2024-05-20T03:05:44.736+0000] {dagbag.py:545} INFO - Filling up the DagBag from /home/airflow/.local/lib/python3.12/site-packages/airflow/example_dags/example_sensors.py
[2024-05-20T03:05:44.741+0000] {processor.py:840} INFO - DAG(s) 'example_sensors' retrieved from /home/airflow/.local/lib/python3.12/site-packages/airflow/example_dags/example_sensors.py
[2024-05-20T03:05:44.757+0000] {logging_mixin.py:188} INFO - [2024-05-20T03:05:44.757+0000] {dag.py:3096} INFO - Sync 1 DAGs
[2024-05-20T03:05:44.764+0000] {logging_mixin.py:188} INFO - [2024-05-20T03:05:44.764+0000] {dag.py:3954} INFO - Setting next_dagrun for example_sensors to None, run_after=None
[2024-05-20T03:05:44.774+0000] {processor.py:183} INFO - Processing /home/airflow/.local/lib/python3.12/site-packages/airflow/example_dags/example_sensors.py took 0.042 seconds
[2024-05-20T03:06:15.436+0000] {processor.py:161} INFO - Started process (PID=281) to work on /home/airflow/.local/lib/python3.12/site-packages/airflow/example_dags/example_sensors.py
[2024-05-20T03:06:15.437+0000] {processor.py:830} INFO - Processing file /home/airflow/.local/lib/python3.12/site-packages/airflow/example_dags/example_sensors.py for tasks to queue
[2024-05-20T03:06:15.438+0000] {logging_mixin.py:188} INFO - [2024-05-20T03:06:15.438+0000] {dagbag.py:545} INFO - Filling up the DagBag from /home/airflow/.local/lib/python3.12/site-packages/airflow/example_dags/example_sensors.py
[2024-05-20T03:06:15.442+0000] {processor.py:840} INFO - DAG(s) 'example_sensors' retrieved from /home/airflow/.local/lib/python3.12/site-packages/airflow/example_dags/example_sensors.py
[2024-05-20T03:06:15.454+0000] {logging_mixin.py:188} INFO - [2024-05-20T03:06:15.454+0000] {dag.py:3096} INFO - Sync 1 DAGs
[2024-05-20T03:06:15.459+0000] {logging_mixin.py:188} INFO - [2024-05-20T03:06:15.459+0000] {dag.py:3954} INFO - Setting next_dagrun for example_sensors to None, run_after=None
[2024-05-20T03:06:15.468+0000] {processor.py:183} INFO - Processing /home/airflow/.local/lib/python3.12/site-packages/airflow/example_dags/example_sensors.py took 0.034 seconds
[2024-05-20T03:06:46.148+0000] {processor.py:161} INFO - Started process (PID=339) to work on /home/airflow/.local/lib/python3.12/site-packages/airflow/example_dags/example_sensors.py
[2024-05-20T03:06:46.149+0000] {processor.py:830} INFO - Processing file /home/airflow/.local/lib/python3.12/site-packages/airflow/example_dags/example_sensors.py for tasks to queue
[2024-05-20T03:06:46.150+0000] {logging_mixin.py:188} INFO - [2024-05-20T03:06:46.150+0000] {dagbag.py:545} INFO - Filling up the DagBag from /home/airflow/.local/lib/python3.12/site-packages/airflow/example_dags/example_sensors.py
[2024-05-20T03:06:46.154+0000] {processor.py:840} INFO - DAG(s) 'example_sensors' retrieved from /home/airflow/.local/lib/python3.12/site-packages/airflow/example_dags/example_sensors.py
[2024-05-20T03:06:46.166+0000] {logging_mixin.py:188} INFO - [2024-05-20T03:06:46.165+0000] {dag.py:3096} INFO - Sync 1 DAGs
[2024-05-20T03:06:46.171+0000] {logging_mixin.py:188} INFO - [2024-05-20T03:06:46.171+0000] {dag.py:3954} INFO - Setting next_dagrun for example_sensors to None, run_after=None
[2024-05-20T03:06:46.179+0000] {processor.py:183} INFO - Processing /home/airflow/.local/lib/python3.12/site-packages/airflow/example_dags/example_sensors.py took 0.034 seconds
[2024-05-20T03:07:16.874+0000] {processor.py:161} INFO - Started process (PID=397) to work on /home/airflow/.local/lib/python3.12/site-packages/airflow/example_dags/example_sensors.py
[2024-05-20T03:07:16.874+0000] {processor.py:830} INFO - Processing file /home/airflow/.local/lib/python3.12/site-packages/airflow/example_dags/example_sensors.py for tasks to queue
[2024-05-20T03:07:16.875+0000] {logging_mixin.py:188} INFO - [2024-05-20T03:07:16.875+0000] {dagbag.py:545} INFO - Filling up the DagBag from /home/airflow/.local/lib/python3.12/site-packages/airflow/example_dags/example_sensors.py
[2024-05-20T03:07:16.880+0000] {processor.py:840} INFO - DAG(s) 'example_sensors' retrieved from /home/airflow/.local/lib/python3.12/site-packages/airflow/example_dags/example_sensors.py
[2024-05-20T03:07:16.894+0000] {logging_mixin.py:188} INFO - [2024-05-20T03:07:16.893+0000] {dag.py:3096} INFO - Sync 1 DAGs
[2024-05-20T03:07:16.899+0000] {logging_mixin.py:188} INFO - [2024-05-20T03:07:16.899+0000] {dag.py:3954} INFO - Setting next_dagrun for example_sensors to None, run_after=None
[2024-05-20T03:07:16.908+0000] {processor.py:183} INFO - Processing /home/airflow/.local/lib/python3.12/site-packages/airflow/example_dags/example_sensors.py took 0.037 seconds
[2024-05-20T03:07:59.045+0000] {processor.py:161} INFO - Started process (PID=52) to work on /home/airflow/.local/lib/python3.12/site-packages/airflow/example_dags/example_sensors.py
[2024-05-20T03:07:59.046+0000] {processor.py:830} INFO - Processing file /home/airflow/.local/lib/python3.12/site-packages/airflow/example_dags/example_sensors.py for tasks to queue
[2024-05-20T03:07:59.048+0000] {logging_mixin.py:188} INFO - [2024-05-20T03:07:59.048+0000] {dagbag.py:545} INFO - Filling up the DagBag from /home/airflow/.local/lib/python3.12/site-packages/airflow/example_dags/example_sensors.py
[2024-05-20T03:07:59.056+0000] {processor.py:840} INFO - DAG(s) 'example_sensors' retrieved from /home/airflow/.local/lib/python3.12/site-packages/airflow/example_dags/example_sensors.py
[2024-05-20T03:07:59.065+0000] {logging_mixin.py:188} INFO - [2024-05-20T03:07:59.064+0000] {dag.py:3096} INFO - Sync 1 DAGs
[2024-05-20T03:07:59.075+0000] {logging_mixin.py:188} INFO - [2024-05-20T03:07:59.075+0000] {dag.py:3954} INFO - Setting next_dagrun for example_sensors to None, run_after=None
[2024-05-20T03:07:59.090+0000] {processor.py:183} INFO - Processing /home/airflow/.local/lib/python3.12/site-packages/airflow/example_dags/example_sensors.py took 0.055 seconds
[2024-05-20T03:08:30.367+0000] {processor.py:161} INFO - Started process (PID=110) to work on /home/airflow/.local/lib/python3.12/site-packages/airflow/example_dags/example_sensors.py
[2024-05-20T03:08:30.368+0000] {processor.py:830} INFO - Processing file /home/airflow/.local/lib/python3.12/site-packages/airflow/example_dags/example_sensors.py for tasks to queue
[2024-05-20T03:08:30.369+0000] {logging_mixin.py:188} INFO - [2024-05-20T03:08:30.369+0000] {dagbag.py:545} INFO - Filling up the DagBag from /home/airflow/.local/lib/python3.12/site-packages/airflow/example_dags/example_sensors.py
[2024-05-20T03:08:30.373+0000] {processor.py:840} INFO - DAG(s) 'example_sensors' retrieved from /home/airflow/.local/lib/python3.12/site-packages/airflow/example_dags/example_sensors.py
[2024-05-20T03:08:30.418+0000] {logging_mixin.py:188} INFO - [2024-05-20T03:08:30.418+0000] {dag.py:3096} INFO - Sync 1 DAGs
[2024-05-20T03:08:30.423+0000] {logging_mixin.py:188} INFO - [2024-05-20T03:08:30.423+0000] {dag.py:3954} INFO - Setting next_dagrun for example_sensors to None, run_after=None
[2024-05-20T03:08:30.431+0000] {processor.py:183} INFO - Processing /home/airflow/.local/lib/python3.12/site-packages/airflow/example_dags/example_sensors.py took 0.067 seconds
[2024-05-20T03:09:00.555+0000] {processor.py:161} INFO - Started process (PID=168) to work on /home/airflow/.local/lib/python3.12/site-packages/airflow/example_dags/example_sensors.py
[2024-05-20T03:09:00.556+0000] {processor.py:830} INFO - Processing file /home/airflow/.local/lib/python3.12/site-packages/airflow/example_dags/example_sensors.py for tasks to queue
[2024-05-20T03:09:00.557+0000] {logging_mixin.py:188} INFO - [2024-05-20T03:09:00.557+0000] {dagbag.py:545} INFO - Filling up the DagBag from /home/airflow/.local/lib/python3.12/site-packages/airflow/example_dags/example_sensors.py
[2024-05-20T03:09:00.561+0000] {processor.py:840} INFO - DAG(s) 'example_sensors' retrieved from /home/airflow/.local/lib/python3.12/site-packages/airflow/example_dags/example_sensors.py
[2024-05-20T03:09:00.574+0000] {logging_mixin.py:188} INFO - [2024-05-20T03:09:00.574+0000] {dag.py:3096} INFO - Sync 1 DAGs
[2024-05-20T03:09:00.580+0000] {logging_mixin.py:188} INFO - [2024-05-20T03:09:00.580+0000] {dag.py:3954} INFO - Setting next_dagrun for example_sensors to None, run_after=None
[2024-05-20T03:09:00.589+0000] {processor.py:183} INFO - Processing /home/airflow/.local/lib/python3.12/site-packages/airflow/example_dags/example_sensors.py took 0.037 seconds
