[2024-05-20T02:51:41.501+0000] {processor.py:161} INFO - Started process (PID=66) to work on /home/airflow/.local/lib/python3.12/site-packages/airflow/example_dags/example_external_task_marker_dag.py
[2024-05-20T02:51:41.502+0000] {processor.py:830} INFO - Processing file /home/airflow/.local/lib/python3.12/site-packages/airflow/example_dags/example_external_task_marker_dag.py for tasks to queue
[2024-05-20T02:51:41.504+0000] {logging_mixin.py:188} INFO - [2024-05-20T02:51:41.504+0000] {dagbag.py:545} INFO - Filling up the DagBag from /home/airflow/.local/lib/python3.12/site-packages/airflow/example_dags/example_external_task_marker_dag.py
[2024-05-20T02:51:41.510+0000] {processor.py:840} INFO - DAG(s) 'example_external_task_marker_parent', 'example_external_task_marker_child' retrieved from /home/airflow/.local/lib/python3.12/site-packages/airflow/example_dags/example_external_task_marker_dag.py
[2024-05-20T02:51:41.518+0000] {logging_mixin.py:188} INFO - [2024-05-20T02:51:41.517+0000] {dag.py:3096} INFO - Sync 2 DAGs
[2024-05-20T02:51:41.528+0000] {logging_mixin.py:188} INFO - [2024-05-20T02:51:41.528+0000] {dag.py:3954} INFO - Setting next_dagrun for example_external_task_marker_child to None, run_after=None
[2024-05-20T02:51:41.531+0000] {logging_mixin.py:188} INFO - [2024-05-20T02:51:41.531+0000] {dag.py:3954} INFO - Setting next_dagrun for example_external_task_marker_parent to None, run_after=None
[2024-05-20T02:51:41.544+0000] {processor.py:183} INFO - Processing /home/airflow/.local/lib/python3.12/site-packages/airflow/example_dags/example_external_task_marker_dag.py took 0.050 seconds
[2024-05-20T02:52:11.816+0000] {processor.py:161} INFO - Started process (PID=124) to work on /home/airflow/.local/lib/python3.12/site-packages/airflow/example_dags/example_external_task_marker_dag.py
[2024-05-20T02:52:11.817+0000] {processor.py:830} INFO - Processing file /home/airflow/.local/lib/python3.12/site-packages/airflow/example_dags/example_external_task_marker_dag.py for tasks to queue
[2024-05-20T02:52:11.818+0000] {logging_mixin.py:188} INFO - [2024-05-20T02:52:11.817+0000] {dagbag.py:545} INFO - Filling up the DagBag from /home/airflow/.local/lib/python3.12/site-packages/airflow/example_dags/example_external_task_marker_dag.py
[2024-05-20T02:52:11.821+0000] {processor.py:840} INFO - DAG(s) 'example_external_task_marker_child', 'example_external_task_marker_parent' retrieved from /home/airflow/.local/lib/python3.12/site-packages/airflow/example_dags/example_external_task_marker_dag.py
[2024-05-20T02:52:11.872+0000] {logging_mixin.py:188} INFO - [2024-05-20T02:52:11.872+0000] {dag.py:3096} INFO - Sync 2 DAGs
[2024-05-20T02:52:11.877+0000] {logging_mixin.py:188} INFO - [2024-05-20T02:52:11.877+0000] {dag.py:3954} INFO - Setting next_dagrun for example_external_task_marker_child to None, run_after=None
[2024-05-20T02:52:11.878+0000] {logging_mixin.py:188} INFO - [2024-05-20T02:52:11.878+0000] {dag.py:3954} INFO - Setting next_dagrun for example_external_task_marker_parent to None, run_after=None
[2024-05-20T02:52:11.886+0000] {processor.py:183} INFO - Processing /home/airflow/.local/lib/python3.12/site-packages/airflow/example_dags/example_external_task_marker_dag.py took 0.073 seconds
[2024-05-20T02:52:42.840+0000] {processor.py:161} INFO - Started process (PID=182) to work on /home/airflow/.local/lib/python3.12/site-packages/airflow/example_dags/example_external_task_marker_dag.py
[2024-05-20T02:52:42.840+0000] {processor.py:830} INFO - Processing file /home/airflow/.local/lib/python3.12/site-packages/airflow/example_dags/example_external_task_marker_dag.py for tasks to queue
[2024-05-20T02:52:42.841+0000] {logging_mixin.py:188} INFO - [2024-05-20T02:52:42.841+0000] {dagbag.py:545} INFO - Filling up the DagBag from /home/airflow/.local/lib/python3.12/site-packages/airflow/example_dags/example_external_task_marker_dag.py
[2024-05-20T02:52:42.845+0000] {processor.py:840} INFO - DAG(s) 'example_external_task_marker_child', 'example_external_task_marker_parent' retrieved from /home/airflow/.local/lib/python3.12/site-packages/airflow/example_dags/example_external_task_marker_dag.py
[2024-05-20T02:52:42.857+0000] {logging_mixin.py:188} INFO - [2024-05-20T02:52:42.857+0000] {dag.py:3096} INFO - Sync 2 DAGs
[2024-05-20T02:52:42.864+0000] {logging_mixin.py:188} INFO - [2024-05-20T02:52:42.864+0000] {dag.py:3954} INFO - Setting next_dagrun for example_external_task_marker_child to None, run_after=None
[2024-05-20T02:52:42.866+0000] {logging_mixin.py:188} INFO - [2024-05-20T02:52:42.866+0000] {dag.py:3954} INFO - Setting next_dagrun for example_external_task_marker_parent to None, run_after=None
[2024-05-20T02:52:42.873+0000] {processor.py:183} INFO - Processing /home/airflow/.local/lib/python3.12/site-packages/airflow/example_dags/example_external_task_marker_dag.py took 0.036 seconds
[2024-05-20T02:53:12.989+0000] {processor.py:161} INFO - Started process (PID=240) to work on /home/airflow/.local/lib/python3.12/site-packages/airflow/example_dags/example_external_task_marker_dag.py
[2024-05-20T02:53:12.990+0000] {processor.py:830} INFO - Processing file /home/airflow/.local/lib/python3.12/site-packages/airflow/example_dags/example_external_task_marker_dag.py for tasks to queue
[2024-05-20T02:53:12.992+0000] {logging_mixin.py:188} INFO - [2024-05-20T02:53:12.992+0000] {dagbag.py:545} INFO - Filling up the DagBag from /home/airflow/.local/lib/python3.12/site-packages/airflow/example_dags/example_external_task_marker_dag.py
[2024-05-20T02:53:12.996+0000] {processor.py:840} INFO - DAG(s) 'example_external_task_marker_parent', 'example_external_task_marker_child' retrieved from /home/airflow/.local/lib/python3.12/site-packages/airflow/example_dags/example_external_task_marker_dag.py
[2024-05-20T02:53:13.010+0000] {logging_mixin.py:188} INFO - [2024-05-20T02:53:13.009+0000] {dag.py:3096} INFO - Sync 2 DAGs
[2024-05-20T02:53:13.016+0000] {logging_mixin.py:188} INFO - [2024-05-20T02:53:13.016+0000] {dag.py:3954} INFO - Setting next_dagrun for example_external_task_marker_child to None, run_after=None
[2024-05-20T02:53:13.019+0000] {logging_mixin.py:188} INFO - [2024-05-20T02:53:13.019+0000] {dag.py:3954} INFO - Setting next_dagrun for example_external_task_marker_parent to None, run_after=None
[2024-05-20T02:53:13.028+0000] {processor.py:183} INFO - Processing /home/airflow/.local/lib/python3.12/site-packages/airflow/example_dags/example_external_task_marker_dag.py took 0.042 seconds
[2024-05-20T02:53:44.039+0000] {processor.py:161} INFO - Started process (PID=298) to work on /home/airflow/.local/lib/python3.12/site-packages/airflow/example_dags/example_external_task_marker_dag.py
[2024-05-20T02:53:44.040+0000] {processor.py:830} INFO - Processing file /home/airflow/.local/lib/python3.12/site-packages/airflow/example_dags/example_external_task_marker_dag.py for tasks to queue
[2024-05-20T02:53:44.041+0000] {logging_mixin.py:188} INFO - [2024-05-20T02:53:44.040+0000] {dagbag.py:545} INFO - Filling up the DagBag from /home/airflow/.local/lib/python3.12/site-packages/airflow/example_dags/example_external_task_marker_dag.py
[2024-05-20T02:53:44.044+0000] {processor.py:840} INFO - DAG(s) 'example_external_task_marker_child', 'example_external_task_marker_parent' retrieved from /home/airflow/.local/lib/python3.12/site-packages/airflow/example_dags/example_external_task_marker_dag.py
[2024-05-20T02:53:44.055+0000] {logging_mixin.py:188} INFO - [2024-05-20T02:53:44.055+0000] {dag.py:3096} INFO - Sync 2 DAGs
[2024-05-20T02:53:44.061+0000] {logging_mixin.py:188} INFO - [2024-05-20T02:53:44.061+0000] {dag.py:3954} INFO - Setting next_dagrun for example_external_task_marker_child to None, run_after=None
[2024-05-20T02:53:44.063+0000] {logging_mixin.py:188} INFO - [2024-05-20T02:53:44.063+0000] {dag.py:3954} INFO - Setting next_dagrun for example_external_task_marker_parent to None, run_after=None
[2024-05-20T02:53:44.071+0000] {processor.py:183} INFO - Processing /home/airflow/.local/lib/python3.12/site-packages/airflow/example_dags/example_external_task_marker_dag.py took 0.035 seconds
[2024-05-20T02:54:14.719+0000] {processor.py:161} INFO - Started process (PID=356) to work on /home/airflow/.local/lib/python3.12/site-packages/airflow/example_dags/example_external_task_marker_dag.py
[2024-05-20T02:54:14.720+0000] {processor.py:830} INFO - Processing file /home/airflow/.local/lib/python3.12/site-packages/airflow/example_dags/example_external_task_marker_dag.py for tasks to queue
[2024-05-20T02:54:14.721+0000] {logging_mixin.py:188} INFO - [2024-05-20T02:54:14.721+0000] {dagbag.py:545} INFO - Filling up the DagBag from /home/airflow/.local/lib/python3.12/site-packages/airflow/example_dags/example_external_task_marker_dag.py
[2024-05-20T02:54:14.724+0000] {processor.py:840} INFO - DAG(s) 'example_external_task_marker_child', 'example_external_task_marker_parent' retrieved from /home/airflow/.local/lib/python3.12/site-packages/airflow/example_dags/example_external_task_marker_dag.py
[2024-05-20T02:54:14.735+0000] {logging_mixin.py:188} INFO - [2024-05-20T02:54:14.735+0000] {dag.py:3096} INFO - Sync 2 DAGs
[2024-05-20T02:54:14.741+0000] {logging_mixin.py:188} INFO - [2024-05-20T02:54:14.741+0000] {dag.py:3954} INFO - Setting next_dagrun for example_external_task_marker_child to None, run_after=None
[2024-05-20T02:54:14.743+0000] {logging_mixin.py:188} INFO - [2024-05-20T02:54:14.743+0000] {dag.py:3954} INFO - Setting next_dagrun for example_external_task_marker_parent to None, run_after=None
[2024-05-20T02:54:14.751+0000] {processor.py:183} INFO - Processing /home/airflow/.local/lib/python3.12/site-packages/airflow/example_dags/example_external_task_marker_dag.py took 0.034 seconds
[2024-05-20T02:54:45.477+0000] {processor.py:161} INFO - Started process (PID=414) to work on /home/airflow/.local/lib/python3.12/site-packages/airflow/example_dags/example_external_task_marker_dag.py
[2024-05-20T02:54:45.478+0000] {processor.py:830} INFO - Processing file /home/airflow/.local/lib/python3.12/site-packages/airflow/example_dags/example_external_task_marker_dag.py for tasks to queue
[2024-05-20T02:54:45.479+0000] {logging_mixin.py:188} INFO - [2024-05-20T02:54:45.479+0000] {dagbag.py:545} INFO - Filling up the DagBag from /home/airflow/.local/lib/python3.12/site-packages/airflow/example_dags/example_external_task_marker_dag.py
[2024-05-20T02:54:45.482+0000] {processor.py:840} INFO - DAG(s) 'example_external_task_marker_child', 'example_external_task_marker_parent' retrieved from /home/airflow/.local/lib/python3.12/site-packages/airflow/example_dags/example_external_task_marker_dag.py
[2024-05-20T02:54:45.494+0000] {logging_mixin.py:188} INFO - [2024-05-20T02:54:45.494+0000] {dag.py:3096} INFO - Sync 2 DAGs
[2024-05-20T02:54:45.501+0000] {logging_mixin.py:188} INFO - [2024-05-20T02:54:45.501+0000] {dag.py:3954} INFO - Setting next_dagrun for example_external_task_marker_child to None, run_after=None
[2024-05-20T02:54:45.503+0000] {logging_mixin.py:188} INFO - [2024-05-20T02:54:45.503+0000] {dag.py:3954} INFO - Setting next_dagrun for example_external_task_marker_parent to None, run_after=None
[2024-05-20T02:54:45.511+0000] {processor.py:183} INFO - Processing /home/airflow/.local/lib/python3.12/site-packages/airflow/example_dags/example_external_task_marker_dag.py took 0.036 seconds
[2024-05-20T02:55:16.264+0000] {processor.py:161} INFO - Started process (PID=472) to work on /home/airflow/.local/lib/python3.12/site-packages/airflow/example_dags/example_external_task_marker_dag.py
[2024-05-20T02:55:16.267+0000] {processor.py:830} INFO - Processing file /home/airflow/.local/lib/python3.12/site-packages/airflow/example_dags/example_external_task_marker_dag.py for tasks to queue
[2024-05-20T02:55:16.268+0000] {logging_mixin.py:188} INFO - [2024-05-20T02:55:16.268+0000] {dagbag.py:545} INFO - Filling up the DagBag from /home/airflow/.local/lib/python3.12/site-packages/airflow/example_dags/example_external_task_marker_dag.py
[2024-05-20T02:55:16.271+0000] {processor.py:840} INFO - DAG(s) 'example_external_task_marker_parent', 'example_external_task_marker_child' retrieved from /home/airflow/.local/lib/python3.12/site-packages/airflow/example_dags/example_external_task_marker_dag.py
[2024-05-20T02:55:16.284+0000] {logging_mixin.py:188} INFO - [2024-05-20T02:55:16.283+0000] {dag.py:3096} INFO - Sync 2 DAGs
[2024-05-20T02:55:16.290+0000] {logging_mixin.py:188} INFO - [2024-05-20T02:55:16.290+0000] {dag.py:3954} INFO - Setting next_dagrun for example_external_task_marker_child to None, run_after=None
[2024-05-20T02:55:16.294+0000] {logging_mixin.py:188} INFO - [2024-05-20T02:55:16.293+0000] {dag.py:3954} INFO - Setting next_dagrun for example_external_task_marker_parent to None, run_after=None
[2024-05-20T02:55:16.304+0000] {processor.py:183} INFO - Processing /home/airflow/.local/lib/python3.12/site-packages/airflow/example_dags/example_external_task_marker_dag.py took 0.044 seconds
[2024-05-20T02:55:47.068+0000] {processor.py:161} INFO - Started process (PID=530) to work on /home/airflow/.local/lib/python3.12/site-packages/airflow/example_dags/example_external_task_marker_dag.py
[2024-05-20T02:55:47.069+0000] {processor.py:830} INFO - Processing file /home/airflow/.local/lib/python3.12/site-packages/airflow/example_dags/example_external_task_marker_dag.py for tasks to queue
[2024-05-20T02:55:47.070+0000] {logging_mixin.py:188} INFO - [2024-05-20T02:55:47.070+0000] {dagbag.py:545} INFO - Filling up the DagBag from /home/airflow/.local/lib/python3.12/site-packages/airflow/example_dags/example_external_task_marker_dag.py
[2024-05-20T02:55:47.073+0000] {processor.py:840} INFO - DAG(s) 'example_external_task_marker_parent', 'example_external_task_marker_child' retrieved from /home/airflow/.local/lib/python3.12/site-packages/airflow/example_dags/example_external_task_marker_dag.py
[2024-05-20T02:55:47.087+0000] {logging_mixin.py:188} INFO - [2024-05-20T02:55:47.087+0000] {dag.py:3096} INFO - Sync 2 DAGs
[2024-05-20T02:55:47.094+0000] {logging_mixin.py:188} INFO - [2024-05-20T02:55:47.094+0000] {dag.py:3954} INFO - Setting next_dagrun for example_external_task_marker_child to None, run_after=None
[2024-05-20T02:55:47.096+0000] {logging_mixin.py:188} INFO - [2024-05-20T02:55:47.096+0000] {dag.py:3954} INFO - Setting next_dagrun for example_external_task_marker_parent to None, run_after=None
[2024-05-20T02:55:47.104+0000] {processor.py:183} INFO - Processing /home/airflow/.local/lib/python3.12/site-packages/airflow/example_dags/example_external_task_marker_dag.py took 0.040 seconds
[2024-05-20T02:56:17.427+0000] {processor.py:161} INFO - Started process (PID=588) to work on /home/airflow/.local/lib/python3.12/site-packages/airflow/example_dags/example_external_task_marker_dag.py
[2024-05-20T02:56:17.428+0000] {processor.py:830} INFO - Processing file /home/airflow/.local/lib/python3.12/site-packages/airflow/example_dags/example_external_task_marker_dag.py for tasks to queue
[2024-05-20T02:56:17.429+0000] {logging_mixin.py:188} INFO - [2024-05-20T02:56:17.429+0000] {dagbag.py:545} INFO - Filling up the DagBag from /home/airflow/.local/lib/python3.12/site-packages/airflow/example_dags/example_external_task_marker_dag.py
[2024-05-20T02:56:17.433+0000] {processor.py:840} INFO - DAG(s) 'example_external_task_marker_parent', 'example_external_task_marker_child' retrieved from /home/airflow/.local/lib/python3.12/site-packages/airflow/example_dags/example_external_task_marker_dag.py
[2024-05-20T02:56:17.448+0000] {logging_mixin.py:188} INFO - [2024-05-20T02:56:17.448+0000] {dag.py:3096} INFO - Sync 2 DAGs
[2024-05-20T02:56:17.456+0000] {logging_mixin.py:188} INFO - [2024-05-20T02:56:17.455+0000] {dag.py:3954} INFO - Setting next_dagrun for example_external_task_marker_child to None, run_after=None
[2024-05-20T02:56:17.459+0000] {logging_mixin.py:188} INFO - [2024-05-20T02:56:17.458+0000] {dag.py:3954} INFO - Setting next_dagrun for example_external_task_marker_parent to None, run_after=None
[2024-05-20T02:56:17.472+0000] {processor.py:183} INFO - Processing /home/airflow/.local/lib/python3.12/site-packages/airflow/example_dags/example_external_task_marker_dag.py took 0.050 seconds
[2024-05-20T02:56:48.454+0000] {processor.py:161} INFO - Started process (PID=646) to work on /home/airflow/.local/lib/python3.12/site-packages/airflow/example_dags/example_external_task_marker_dag.py
[2024-05-20T02:56:48.455+0000] {processor.py:830} INFO - Processing file /home/airflow/.local/lib/python3.12/site-packages/airflow/example_dags/example_external_task_marker_dag.py for tasks to queue
[2024-05-20T02:56:48.456+0000] {logging_mixin.py:188} INFO - [2024-05-20T02:56:48.456+0000] {dagbag.py:545} INFO - Filling up the DagBag from /home/airflow/.local/lib/python3.12/site-packages/airflow/example_dags/example_external_task_marker_dag.py
[2024-05-20T02:56:48.460+0000] {processor.py:840} INFO - DAG(s) 'example_external_task_marker_parent', 'example_external_task_marker_child' retrieved from /home/airflow/.local/lib/python3.12/site-packages/airflow/example_dags/example_external_task_marker_dag.py
[2024-05-20T02:56:48.472+0000] {logging_mixin.py:188} INFO - [2024-05-20T02:56:48.472+0000] {dag.py:3096} INFO - Sync 2 DAGs
[2024-05-20T02:56:48.479+0000] {logging_mixin.py:188} INFO - [2024-05-20T02:56:48.479+0000] {dag.py:3954} INFO - Setting next_dagrun for example_external_task_marker_child to None, run_after=None
[2024-05-20T02:56:48.481+0000] {logging_mixin.py:188} INFO - [2024-05-20T02:56:48.481+0000] {dag.py:3954} INFO - Setting next_dagrun for example_external_task_marker_parent to None, run_after=None
[2024-05-20T02:56:48.489+0000] {processor.py:183} INFO - Processing /home/airflow/.local/lib/python3.12/site-packages/airflow/example_dags/example_external_task_marker_dag.py took 0.039 seconds
[2024-05-20T02:57:19.290+0000] {processor.py:161} INFO - Started process (PID=704) to work on /home/airflow/.local/lib/python3.12/site-packages/airflow/example_dags/example_external_task_marker_dag.py
[2024-05-20T02:57:19.291+0000] {processor.py:830} INFO - Processing file /home/airflow/.local/lib/python3.12/site-packages/airflow/example_dags/example_external_task_marker_dag.py for tasks to queue
[2024-05-20T02:57:19.292+0000] {logging_mixin.py:188} INFO - [2024-05-20T02:57:19.292+0000] {dagbag.py:545} INFO - Filling up the DagBag from /home/airflow/.local/lib/python3.12/site-packages/airflow/example_dags/example_external_task_marker_dag.py
[2024-05-20T02:57:19.295+0000] {processor.py:840} INFO - DAG(s) 'example_external_task_marker_child', 'example_external_task_marker_parent' retrieved from /home/airflow/.local/lib/python3.12/site-packages/airflow/example_dags/example_external_task_marker_dag.py
[2024-05-20T02:57:19.306+0000] {logging_mixin.py:188} INFO - [2024-05-20T02:57:19.306+0000] {dag.py:3096} INFO - Sync 2 DAGs
[2024-05-20T02:57:19.313+0000] {logging_mixin.py:188} INFO - [2024-05-20T02:57:19.313+0000] {dag.py:3954} INFO - Setting next_dagrun for example_external_task_marker_child to None, run_after=None
[2024-05-20T02:57:19.315+0000] {logging_mixin.py:188} INFO - [2024-05-20T02:57:19.315+0000] {dag.py:3954} INFO - Setting next_dagrun for example_external_task_marker_parent to None, run_after=None
[2024-05-20T02:57:19.322+0000] {processor.py:183} INFO - Processing /home/airflow/.local/lib/python3.12/site-packages/airflow/example_dags/example_external_task_marker_dag.py took 0.035 seconds
[2024-05-20T02:57:50.180+0000] {processor.py:161} INFO - Started process (PID=762) to work on /home/airflow/.local/lib/python3.12/site-packages/airflow/example_dags/example_external_task_marker_dag.py
[2024-05-20T02:57:50.181+0000] {processor.py:830} INFO - Processing file /home/airflow/.local/lib/python3.12/site-packages/airflow/example_dags/example_external_task_marker_dag.py for tasks to queue
[2024-05-20T02:57:50.182+0000] {logging_mixin.py:188} INFO - [2024-05-20T02:57:50.181+0000] {dagbag.py:545} INFO - Filling up the DagBag from /home/airflow/.local/lib/python3.12/site-packages/airflow/example_dags/example_external_task_marker_dag.py
[2024-05-20T02:57:50.185+0000] {processor.py:840} INFO - DAG(s) 'example_external_task_marker_parent', 'example_external_task_marker_child' retrieved from /home/airflow/.local/lib/python3.12/site-packages/airflow/example_dags/example_external_task_marker_dag.py
[2024-05-20T02:57:50.198+0000] {logging_mixin.py:188} INFO - [2024-05-20T02:57:50.198+0000] {dag.py:3096} INFO - Sync 2 DAGs
[2024-05-20T02:57:50.204+0000] {logging_mixin.py:188} INFO - [2024-05-20T02:57:50.204+0000] {dag.py:3954} INFO - Setting next_dagrun for example_external_task_marker_child to None, run_after=None
[2024-05-20T02:57:50.207+0000] {logging_mixin.py:188} INFO - [2024-05-20T02:57:50.206+0000] {dag.py:3954} INFO - Setting next_dagrun for example_external_task_marker_parent to None, run_after=None
[2024-05-20T02:57:50.217+0000] {processor.py:183} INFO - Processing /home/airflow/.local/lib/python3.12/site-packages/airflow/example_dags/example_external_task_marker_dag.py took 0.040 seconds
[2024-05-20T02:58:21.117+0000] {processor.py:161} INFO - Started process (PID=820) to work on /home/airflow/.local/lib/python3.12/site-packages/airflow/example_dags/example_external_task_marker_dag.py
[2024-05-20T02:58:21.117+0000] {processor.py:830} INFO - Processing file /home/airflow/.local/lib/python3.12/site-packages/airflow/example_dags/example_external_task_marker_dag.py for tasks to queue
[2024-05-20T02:58:21.119+0000] {logging_mixin.py:188} INFO - [2024-05-20T02:58:21.118+0000] {dagbag.py:545} INFO - Filling up the DagBag from /home/airflow/.local/lib/python3.12/site-packages/airflow/example_dags/example_external_task_marker_dag.py
[2024-05-20T02:58:21.122+0000] {processor.py:840} INFO - DAG(s) 'example_external_task_marker_child', 'example_external_task_marker_parent' retrieved from /home/airflow/.local/lib/python3.12/site-packages/airflow/example_dags/example_external_task_marker_dag.py
[2024-05-20T02:58:21.135+0000] {logging_mixin.py:188} INFO - [2024-05-20T02:58:21.135+0000] {dag.py:3096} INFO - Sync 2 DAGs
[2024-05-20T02:58:21.142+0000] {logging_mixin.py:188} INFO - [2024-05-20T02:58:21.141+0000] {dag.py:3954} INFO - Setting next_dagrun for example_external_task_marker_child to None, run_after=None
[2024-05-20T02:58:21.144+0000] {logging_mixin.py:188} INFO - [2024-05-20T02:58:21.144+0000] {dag.py:3954} INFO - Setting next_dagrun for example_external_task_marker_parent to None, run_after=None
[2024-05-20T02:58:21.153+0000] {processor.py:183} INFO - Processing /home/airflow/.local/lib/python3.12/site-packages/airflow/example_dags/example_external_task_marker_dag.py took 0.039 seconds
[2024-05-20T02:58:51.900+0000] {processor.py:161} INFO - Started process (PID=878) to work on /home/airflow/.local/lib/python3.12/site-packages/airflow/example_dags/example_external_task_marker_dag.py
[2024-05-20T02:58:51.900+0000] {processor.py:830} INFO - Processing file /home/airflow/.local/lib/python3.12/site-packages/airflow/example_dags/example_external_task_marker_dag.py for tasks to queue
[2024-05-20T02:58:51.902+0000] {logging_mixin.py:188} INFO - [2024-05-20T02:58:51.901+0000] {dagbag.py:545} INFO - Filling up the DagBag from /home/airflow/.local/lib/python3.12/site-packages/airflow/example_dags/example_external_task_marker_dag.py
[2024-05-20T02:58:51.905+0000] {processor.py:840} INFO - DAG(s) 'example_external_task_marker_parent', 'example_external_task_marker_child' retrieved from /home/airflow/.local/lib/python3.12/site-packages/airflow/example_dags/example_external_task_marker_dag.py
[2024-05-20T02:58:51.918+0000] {logging_mixin.py:188} INFO - [2024-05-20T02:58:51.917+0000] {dag.py:3096} INFO - Sync 2 DAGs
[2024-05-20T02:58:51.924+0000] {logging_mixin.py:188} INFO - [2024-05-20T02:58:51.924+0000] {dag.py:3954} INFO - Setting next_dagrun for example_external_task_marker_child to None, run_after=None
[2024-05-20T02:58:51.926+0000] {logging_mixin.py:188} INFO - [2024-05-20T02:58:51.926+0000] {dag.py:3954} INFO - Setting next_dagrun for example_external_task_marker_parent to None, run_after=None
[2024-05-20T02:58:51.934+0000] {processor.py:183} INFO - Processing /home/airflow/.local/lib/python3.12/site-packages/airflow/example_dags/example_external_task_marker_dag.py took 0.037 seconds
[2024-05-20T02:59:22.732+0000] {processor.py:161} INFO - Started process (PID=936) to work on /home/airflow/.local/lib/python3.12/site-packages/airflow/example_dags/example_external_task_marker_dag.py
[2024-05-20T02:59:22.733+0000] {processor.py:830} INFO - Processing file /home/airflow/.local/lib/python3.12/site-packages/airflow/example_dags/example_external_task_marker_dag.py for tasks to queue
[2024-05-20T02:59:22.734+0000] {logging_mixin.py:188} INFO - [2024-05-20T02:59:22.734+0000] {dagbag.py:545} INFO - Filling up the DagBag from /home/airflow/.local/lib/python3.12/site-packages/airflow/example_dags/example_external_task_marker_dag.py
[2024-05-20T02:59:22.738+0000] {processor.py:840} INFO - DAG(s) 'example_external_task_marker_parent', 'example_external_task_marker_child' retrieved from /home/airflow/.local/lib/python3.12/site-packages/airflow/example_dags/example_external_task_marker_dag.py
[2024-05-20T02:59:22.753+0000] {logging_mixin.py:188} INFO - [2024-05-20T02:59:22.753+0000] {dag.py:3096} INFO - Sync 2 DAGs
[2024-05-20T02:59:22.765+0000] {logging_mixin.py:188} INFO - [2024-05-20T02:59:22.765+0000] {dag.py:3954} INFO - Setting next_dagrun for example_external_task_marker_child to None, run_after=None
[2024-05-20T02:59:22.768+0000] {logging_mixin.py:188} INFO - [2024-05-20T02:59:22.768+0000] {dag.py:3954} INFO - Setting next_dagrun for example_external_task_marker_parent to None, run_after=None
[2024-05-20T02:59:22.782+0000] {processor.py:183} INFO - Processing /home/airflow/.local/lib/python3.12/site-packages/airflow/example_dags/example_external_task_marker_dag.py took 0.053 seconds
[2024-05-20T02:59:53.559+0000] {processor.py:161} INFO - Started process (PID=994) to work on /home/airflow/.local/lib/python3.12/site-packages/airflow/example_dags/example_external_task_marker_dag.py
[2024-05-20T02:59:53.560+0000] {processor.py:830} INFO - Processing file /home/airflow/.local/lib/python3.12/site-packages/airflow/example_dags/example_external_task_marker_dag.py for tasks to queue
[2024-05-20T02:59:53.561+0000] {logging_mixin.py:188} INFO - [2024-05-20T02:59:53.561+0000] {dagbag.py:545} INFO - Filling up the DagBag from /home/airflow/.local/lib/python3.12/site-packages/airflow/example_dags/example_external_task_marker_dag.py
[2024-05-20T02:59:53.565+0000] {processor.py:840} INFO - DAG(s) 'example_external_task_marker_child', 'example_external_task_marker_parent' retrieved from /home/airflow/.local/lib/python3.12/site-packages/airflow/example_dags/example_external_task_marker_dag.py
[2024-05-20T02:59:53.578+0000] {logging_mixin.py:188} INFO - [2024-05-20T02:59:53.577+0000] {dag.py:3096} INFO - Sync 2 DAGs
[2024-05-20T02:59:53.584+0000] {logging_mixin.py:188} INFO - [2024-05-20T02:59:53.584+0000] {dag.py:3954} INFO - Setting next_dagrun for example_external_task_marker_child to None, run_after=None
[2024-05-20T02:59:53.587+0000] {logging_mixin.py:188} INFO - [2024-05-20T02:59:53.587+0000] {dag.py:3954} INFO - Setting next_dagrun for example_external_task_marker_parent to None, run_after=None
[2024-05-20T02:59:53.594+0000] {processor.py:183} INFO - Processing /home/airflow/.local/lib/python3.12/site-packages/airflow/example_dags/example_external_task_marker_dag.py took 0.039 seconds
[2024-05-20T03:00:24.257+0000] {processor.py:161} INFO - Started process (PID=1052) to work on /home/airflow/.local/lib/python3.12/site-packages/airflow/example_dags/example_external_task_marker_dag.py
[2024-05-20T03:00:24.257+0000] {processor.py:830} INFO - Processing file /home/airflow/.local/lib/python3.12/site-packages/airflow/example_dags/example_external_task_marker_dag.py for tasks to queue
[2024-05-20T03:00:24.258+0000] {logging_mixin.py:188} INFO - [2024-05-20T03:00:24.258+0000] {dagbag.py:545} INFO - Filling up the DagBag from /home/airflow/.local/lib/python3.12/site-packages/airflow/example_dags/example_external_task_marker_dag.py
[2024-05-20T03:00:24.262+0000] {processor.py:840} INFO - DAG(s) 'example_external_task_marker_parent', 'example_external_task_marker_child' retrieved from /home/airflow/.local/lib/python3.12/site-packages/airflow/example_dags/example_external_task_marker_dag.py
[2024-05-20T03:00:24.274+0000] {logging_mixin.py:188} INFO - [2024-05-20T03:00:24.274+0000] {dag.py:3096} INFO - Sync 2 DAGs
[2024-05-20T03:00:24.280+0000] {logging_mixin.py:188} INFO - [2024-05-20T03:00:24.280+0000] {dag.py:3954} INFO - Setting next_dagrun for example_external_task_marker_child to None, run_after=None
[2024-05-20T03:00:24.282+0000] {logging_mixin.py:188} INFO - [2024-05-20T03:00:24.282+0000] {dag.py:3954} INFO - Setting next_dagrun for example_external_task_marker_parent to None, run_after=None
[2024-05-20T03:00:24.290+0000] {processor.py:183} INFO - Processing /home/airflow/.local/lib/python3.12/site-packages/airflow/example_dags/example_external_task_marker_dag.py took 0.036 seconds
[2024-05-20T03:00:55.111+0000] {processor.py:161} INFO - Started process (PID=1110) to work on /home/airflow/.local/lib/python3.12/site-packages/airflow/example_dags/example_external_task_marker_dag.py
[2024-05-20T03:00:55.112+0000] {processor.py:830} INFO - Processing file /home/airflow/.local/lib/python3.12/site-packages/airflow/example_dags/example_external_task_marker_dag.py for tasks to queue
[2024-05-20T03:00:55.113+0000] {logging_mixin.py:188} INFO - [2024-05-20T03:00:55.113+0000] {dagbag.py:545} INFO - Filling up the DagBag from /home/airflow/.local/lib/python3.12/site-packages/airflow/example_dags/example_external_task_marker_dag.py
[2024-05-20T03:00:55.117+0000] {processor.py:840} INFO - DAG(s) 'example_external_task_marker_child', 'example_external_task_marker_parent' retrieved from /home/airflow/.local/lib/python3.12/site-packages/airflow/example_dags/example_external_task_marker_dag.py
[2024-05-20T03:00:55.131+0000] {logging_mixin.py:188} INFO - [2024-05-20T03:00:55.131+0000] {dag.py:3096} INFO - Sync 2 DAGs
[2024-05-20T03:00:55.139+0000] {logging_mixin.py:188} INFO - [2024-05-20T03:00:55.139+0000] {dag.py:3954} INFO - Setting next_dagrun for example_external_task_marker_child to None, run_after=None
[2024-05-20T03:00:55.141+0000] {logging_mixin.py:188} INFO - [2024-05-20T03:00:55.141+0000] {dag.py:3954} INFO - Setting next_dagrun for example_external_task_marker_parent to None, run_after=None
[2024-05-20T03:00:55.151+0000] {processor.py:183} INFO - Processing /home/airflow/.local/lib/python3.12/site-packages/airflow/example_dags/example_external_task_marker_dag.py took 0.043 seconds
[2024-05-20T03:01:25.254+0000] {processor.py:161} INFO - Started process (PID=1168) to work on /home/airflow/.local/lib/python3.12/site-packages/airflow/example_dags/example_external_task_marker_dag.py
[2024-05-20T03:01:25.254+0000] {processor.py:830} INFO - Processing file /home/airflow/.local/lib/python3.12/site-packages/airflow/example_dags/example_external_task_marker_dag.py for tasks to queue
[2024-05-20T03:01:25.255+0000] {logging_mixin.py:188} INFO - [2024-05-20T03:01:25.255+0000] {dagbag.py:545} INFO - Filling up the DagBag from /home/airflow/.local/lib/python3.12/site-packages/airflow/example_dags/example_external_task_marker_dag.py
[2024-05-20T03:01:25.258+0000] {processor.py:840} INFO - DAG(s) 'example_external_task_marker_parent', 'example_external_task_marker_child' retrieved from /home/airflow/.local/lib/python3.12/site-packages/airflow/example_dags/example_external_task_marker_dag.py
[2024-05-20T03:01:25.270+0000] {logging_mixin.py:188} INFO - [2024-05-20T03:01:25.270+0000] {dag.py:3096} INFO - Sync 2 DAGs
[2024-05-20T03:01:25.277+0000] {logging_mixin.py:188} INFO - [2024-05-20T03:01:25.277+0000] {dag.py:3954} INFO - Setting next_dagrun for example_external_task_marker_child to None, run_after=None
[2024-05-20T03:01:25.279+0000] {logging_mixin.py:188} INFO - [2024-05-20T03:01:25.279+0000] {dag.py:3954} INFO - Setting next_dagrun for example_external_task_marker_parent to None, run_after=None
[2024-05-20T03:01:25.287+0000] {processor.py:183} INFO - Processing /home/airflow/.local/lib/python3.12/site-packages/airflow/example_dags/example_external_task_marker_dag.py took 0.036 seconds
[2024-05-20T03:01:55.938+0000] {processor.py:161} INFO - Started process (PID=1226) to work on /home/airflow/.local/lib/python3.12/site-packages/airflow/example_dags/example_external_task_marker_dag.py
[2024-05-20T03:01:55.938+0000] {processor.py:830} INFO - Processing file /home/airflow/.local/lib/python3.12/site-packages/airflow/example_dags/example_external_task_marker_dag.py for tasks to queue
[2024-05-20T03:01:55.939+0000] {logging_mixin.py:188} INFO - [2024-05-20T03:01:55.939+0000] {dagbag.py:545} INFO - Filling up the DagBag from /home/airflow/.local/lib/python3.12/site-packages/airflow/example_dags/example_external_task_marker_dag.py
[2024-05-20T03:01:55.943+0000] {processor.py:840} INFO - DAG(s) 'example_external_task_marker_child', 'example_external_task_marker_parent' retrieved from /home/airflow/.local/lib/python3.12/site-packages/airflow/example_dags/example_external_task_marker_dag.py
[2024-05-20T03:01:55.955+0000] {logging_mixin.py:188} INFO - [2024-05-20T03:01:55.954+0000] {dag.py:3096} INFO - Sync 2 DAGs
[2024-05-20T03:01:55.961+0000] {logging_mixin.py:188} INFO - [2024-05-20T03:01:55.961+0000] {dag.py:3954} INFO - Setting next_dagrun for example_external_task_marker_child to None, run_after=None
[2024-05-20T03:01:55.963+0000] {logging_mixin.py:188} INFO - [2024-05-20T03:01:55.963+0000] {dag.py:3954} INFO - Setting next_dagrun for example_external_task_marker_parent to None, run_after=None
[2024-05-20T03:01:55.972+0000] {processor.py:183} INFO - Processing /home/airflow/.local/lib/python3.12/site-packages/airflow/example_dags/example_external_task_marker_dag.py took 0.037 seconds
[2024-05-20T03:02:26.823+0000] {processor.py:161} INFO - Started process (PID=1284) to work on /home/airflow/.local/lib/python3.12/site-packages/airflow/example_dags/example_external_task_marker_dag.py
[2024-05-20T03:02:26.824+0000] {processor.py:830} INFO - Processing file /home/airflow/.local/lib/python3.12/site-packages/airflow/example_dags/example_external_task_marker_dag.py for tasks to queue
[2024-05-20T03:02:26.825+0000] {logging_mixin.py:188} INFO - [2024-05-20T03:02:26.825+0000] {dagbag.py:545} INFO - Filling up the DagBag from /home/airflow/.local/lib/python3.12/site-packages/airflow/example_dags/example_external_task_marker_dag.py
[2024-05-20T03:02:26.829+0000] {processor.py:840} INFO - DAG(s) 'example_external_task_marker_child', 'example_external_task_marker_parent' retrieved from /home/airflow/.local/lib/python3.12/site-packages/airflow/example_dags/example_external_task_marker_dag.py
[2024-05-20T03:02:26.843+0000] {logging_mixin.py:188} INFO - [2024-05-20T03:02:26.843+0000] {dag.py:3096} INFO - Sync 2 DAGs
[2024-05-20T03:02:26.850+0000] {logging_mixin.py:188} INFO - [2024-05-20T03:02:26.850+0000] {dag.py:3954} INFO - Setting next_dagrun for example_external_task_marker_child to None, run_after=None
[2024-05-20T03:02:26.852+0000] {logging_mixin.py:188} INFO - [2024-05-20T03:02:26.852+0000] {dag.py:3954} INFO - Setting next_dagrun for example_external_task_marker_parent to None, run_after=None
[2024-05-20T03:02:26.861+0000] {processor.py:183} INFO - Processing /home/airflow/.local/lib/python3.12/site-packages/airflow/example_dags/example_external_task_marker_dag.py took 0.041 seconds
[2024-05-20T03:02:56.919+0000] {processor.py:161} INFO - Started process (PID=1342) to work on /home/airflow/.local/lib/python3.12/site-packages/airflow/example_dags/example_external_task_marker_dag.py
[2024-05-20T03:02:56.920+0000] {processor.py:830} INFO - Processing file /home/airflow/.local/lib/python3.12/site-packages/airflow/example_dags/example_external_task_marker_dag.py for tasks to queue
[2024-05-20T03:02:56.921+0000] {logging_mixin.py:188} INFO - [2024-05-20T03:02:56.921+0000] {dagbag.py:545} INFO - Filling up the DagBag from /home/airflow/.local/lib/python3.12/site-packages/airflow/example_dags/example_external_task_marker_dag.py
[2024-05-20T03:02:56.924+0000] {processor.py:840} INFO - DAG(s) 'example_external_task_marker_child', 'example_external_task_marker_parent' retrieved from /home/airflow/.local/lib/python3.12/site-packages/airflow/example_dags/example_external_task_marker_dag.py
[2024-05-20T03:02:56.938+0000] {logging_mixin.py:188} INFO - [2024-05-20T03:02:56.938+0000] {dag.py:3096} INFO - Sync 2 DAGs
[2024-05-20T03:02:56.944+0000] {logging_mixin.py:188} INFO - [2024-05-20T03:02:56.944+0000] {dag.py:3954} INFO - Setting next_dagrun for example_external_task_marker_child to None, run_after=None
[2024-05-20T03:02:56.947+0000] {logging_mixin.py:188} INFO - [2024-05-20T03:02:56.947+0000] {dag.py:3954} INFO - Setting next_dagrun for example_external_task_marker_parent to None, run_after=None
[2024-05-20T03:02:56.955+0000] {processor.py:183} INFO - Processing /home/airflow/.local/lib/python3.12/site-packages/airflow/example_dags/example_external_task_marker_dag.py took 0.039 seconds
[2024-05-20T03:03:27.622+0000] {processor.py:161} INFO - Started process (PID=1400) to work on /home/airflow/.local/lib/python3.12/site-packages/airflow/example_dags/example_external_task_marker_dag.py
[2024-05-20T03:03:27.622+0000] {processor.py:830} INFO - Processing file /home/airflow/.local/lib/python3.12/site-packages/airflow/example_dags/example_external_task_marker_dag.py for tasks to queue
[2024-05-20T03:03:27.623+0000] {logging_mixin.py:188} INFO - [2024-05-20T03:03:27.623+0000] {dagbag.py:545} INFO - Filling up the DagBag from /home/airflow/.local/lib/python3.12/site-packages/airflow/example_dags/example_external_task_marker_dag.py
[2024-05-20T03:03:27.627+0000] {processor.py:840} INFO - DAG(s) 'example_external_task_marker_parent', 'example_external_task_marker_child' retrieved from /home/airflow/.local/lib/python3.12/site-packages/airflow/example_dags/example_external_task_marker_dag.py
[2024-05-20T03:03:27.640+0000] {logging_mixin.py:188} INFO - [2024-05-20T03:03:27.640+0000] {dag.py:3096} INFO - Sync 2 DAGs
[2024-05-20T03:03:27.646+0000] {logging_mixin.py:188} INFO - [2024-05-20T03:03:27.646+0000] {dag.py:3954} INFO - Setting next_dagrun for example_external_task_marker_child to None, run_after=None
[2024-05-20T03:03:27.648+0000] {logging_mixin.py:188} INFO - [2024-05-20T03:03:27.648+0000] {dag.py:3954} INFO - Setting next_dagrun for example_external_task_marker_parent to None, run_after=None
[2024-05-20T03:03:27.656+0000] {processor.py:183} INFO - Processing /home/airflow/.local/lib/python3.12/site-packages/airflow/example_dags/example_external_task_marker_dag.py took 0.038 seconds
[2024-05-20T03:04:14.048+0000] {processor.py:161} INFO - Started process (PID=65) to work on /home/airflow/.local/lib/python3.12/site-packages/airflow/example_dags/example_external_task_marker_dag.py
[2024-05-20T03:04:14.050+0000] {processor.py:830} INFO - Processing file /home/airflow/.local/lib/python3.12/site-packages/airflow/example_dags/example_external_task_marker_dag.py for tasks to queue
[2024-05-20T03:04:14.052+0000] {logging_mixin.py:188} INFO - [2024-05-20T03:04:14.052+0000] {dagbag.py:545} INFO - Filling up the DagBag from /home/airflow/.local/lib/python3.12/site-packages/airflow/example_dags/example_external_task_marker_dag.py
[2024-05-20T03:04:14.061+0000] {processor.py:840} INFO - DAG(s) 'example_external_task_marker_parent', 'example_external_task_marker_child' retrieved from /home/airflow/.local/lib/python3.12/site-packages/airflow/example_dags/example_external_task_marker_dag.py
[2024-05-20T03:04:14.075+0000] {logging_mixin.py:188} INFO - [2024-05-20T03:04:14.075+0000] {dag.py:3096} INFO - Sync 2 DAGs
[2024-05-20T03:04:14.086+0000] {logging_mixin.py:188} INFO - [2024-05-20T03:04:14.086+0000] {dag.py:3954} INFO - Setting next_dagrun for example_external_task_marker_child to None, run_after=None
[2024-05-20T03:04:14.089+0000] {logging_mixin.py:188} INFO - [2024-05-20T03:04:14.089+0000] {dag.py:3954} INFO - Setting next_dagrun for example_external_task_marker_parent to None, run_after=None
[2024-05-20T03:04:14.111+0000] {processor.py:183} INFO - Processing /home/airflow/.local/lib/python3.12/site-packages/airflow/example_dags/example_external_task_marker_dag.py took 0.068 seconds
[2024-05-20T03:04:44.718+0000] {processor.py:161} INFO - Started process (PID=123) to work on /home/airflow/.local/lib/python3.12/site-packages/airflow/example_dags/example_external_task_marker_dag.py
[2024-05-20T03:04:44.718+0000] {processor.py:830} INFO - Processing file /home/airflow/.local/lib/python3.12/site-packages/airflow/example_dags/example_external_task_marker_dag.py for tasks to queue
[2024-05-20T03:04:44.720+0000] {logging_mixin.py:188} INFO - [2024-05-20T03:04:44.719+0000] {dagbag.py:545} INFO - Filling up the DagBag from /home/airflow/.local/lib/python3.12/site-packages/airflow/example_dags/example_external_task_marker_dag.py
[2024-05-20T03:04:44.723+0000] {processor.py:840} INFO - DAG(s) 'example_external_task_marker_child', 'example_external_task_marker_parent' retrieved from /home/airflow/.local/lib/python3.12/site-packages/airflow/example_dags/example_external_task_marker_dag.py
[2024-05-20T03:04:44.775+0000] {logging_mixin.py:188} INFO - [2024-05-20T03:04:44.775+0000] {dag.py:3096} INFO - Sync 2 DAGs
[2024-05-20T03:04:44.781+0000] {logging_mixin.py:188} INFO - [2024-05-20T03:04:44.781+0000] {dag.py:3954} INFO - Setting next_dagrun for example_external_task_marker_child to None, run_after=None
[2024-05-20T03:04:44.783+0000] {logging_mixin.py:188} INFO - [2024-05-20T03:04:44.782+0000] {dag.py:3954} INFO - Setting next_dagrun for example_external_task_marker_parent to None, run_after=None
[2024-05-20T03:04:44.791+0000] {processor.py:183} INFO - Processing /home/airflow/.local/lib/python3.12/site-packages/airflow/example_dags/example_external_task_marker_dag.py took 0.076 seconds
[2024-05-20T03:05:15.509+0000] {processor.py:161} INFO - Started process (PID=180) to work on /home/airflow/.local/lib/python3.12/site-packages/airflow/example_dags/example_external_task_marker_dag.py
[2024-05-20T03:05:15.510+0000] {processor.py:830} INFO - Processing file /home/airflow/.local/lib/python3.12/site-packages/airflow/example_dags/example_external_task_marker_dag.py for tasks to queue
[2024-05-20T03:05:15.511+0000] {logging_mixin.py:188} INFO - [2024-05-20T03:05:15.511+0000] {dagbag.py:545} INFO - Filling up the DagBag from /home/airflow/.local/lib/python3.12/site-packages/airflow/example_dags/example_external_task_marker_dag.py
[2024-05-20T03:05:15.514+0000] {processor.py:840} INFO - DAG(s) 'example_external_task_marker_parent', 'example_external_task_marker_child' retrieved from /home/airflow/.local/lib/python3.12/site-packages/airflow/example_dags/example_external_task_marker_dag.py
[2024-05-20T03:05:15.526+0000] {logging_mixin.py:188} INFO - [2024-05-20T03:05:15.526+0000] {dag.py:3096} INFO - Sync 2 DAGs
[2024-05-20T03:05:15.533+0000] {logging_mixin.py:188} INFO - [2024-05-20T03:05:15.532+0000] {dag.py:3954} INFO - Setting next_dagrun for example_external_task_marker_child to None, run_after=None
[2024-05-20T03:05:15.535+0000] {logging_mixin.py:188} INFO - [2024-05-20T03:05:15.534+0000] {dag.py:3954} INFO - Setting next_dagrun for example_external_task_marker_parent to None, run_after=None
[2024-05-20T03:05:15.542+0000] {processor.py:183} INFO - Processing /home/airflow/.local/lib/python3.12/site-packages/airflow/example_dags/example_external_task_marker_dag.py took 0.036 seconds
[2024-05-20T03:05:46.180+0000] {processor.py:161} INFO - Started process (PID=238) to work on /home/airflow/.local/lib/python3.12/site-packages/airflow/example_dags/example_external_task_marker_dag.py
[2024-05-20T03:05:46.181+0000] {processor.py:830} INFO - Processing file /home/airflow/.local/lib/python3.12/site-packages/airflow/example_dags/example_external_task_marker_dag.py for tasks to queue
[2024-05-20T03:05:46.182+0000] {logging_mixin.py:188} INFO - [2024-05-20T03:05:46.182+0000] {dagbag.py:545} INFO - Filling up the DagBag from /home/airflow/.local/lib/python3.12/site-packages/airflow/example_dags/example_external_task_marker_dag.py
[2024-05-20T03:05:46.185+0000] {processor.py:840} INFO - DAG(s) 'example_external_task_marker_child', 'example_external_task_marker_parent' retrieved from /home/airflow/.local/lib/python3.12/site-packages/airflow/example_dags/example_external_task_marker_dag.py
[2024-05-20T03:05:46.197+0000] {logging_mixin.py:188} INFO - [2024-05-20T03:05:46.197+0000] {dag.py:3096} INFO - Sync 2 DAGs
[2024-05-20T03:05:46.203+0000] {logging_mixin.py:188} INFO - [2024-05-20T03:05:46.203+0000] {dag.py:3954} INFO - Setting next_dagrun for example_external_task_marker_child to None, run_after=None
[2024-05-20T03:05:46.205+0000] {logging_mixin.py:188} INFO - [2024-05-20T03:05:46.205+0000] {dag.py:3954} INFO - Setting next_dagrun for example_external_task_marker_parent to None, run_after=None
[2024-05-20T03:05:46.212+0000] {processor.py:183} INFO - Processing /home/airflow/.local/lib/python3.12/site-packages/airflow/example_dags/example_external_task_marker_dag.py took 0.035 seconds
[2024-05-20T03:06:16.887+0000] {processor.py:161} INFO - Started process (PID=295) to work on /home/airflow/.local/lib/python3.12/site-packages/airflow/example_dags/example_external_task_marker_dag.py
[2024-05-20T03:06:16.887+0000] {processor.py:830} INFO - Processing file /home/airflow/.local/lib/python3.12/site-packages/airflow/example_dags/example_external_task_marker_dag.py for tasks to queue
[2024-05-20T03:06:16.888+0000] {logging_mixin.py:188} INFO - [2024-05-20T03:06:16.888+0000] {dagbag.py:545} INFO - Filling up the DagBag from /home/airflow/.local/lib/python3.12/site-packages/airflow/example_dags/example_external_task_marker_dag.py
[2024-05-20T03:06:16.892+0000] {processor.py:840} INFO - DAG(s) 'example_external_task_marker_parent', 'example_external_task_marker_child' retrieved from /home/airflow/.local/lib/python3.12/site-packages/airflow/example_dags/example_external_task_marker_dag.py
[2024-05-20T03:06:16.903+0000] {logging_mixin.py:188} INFO - [2024-05-20T03:06:16.903+0000] {dag.py:3096} INFO - Sync 2 DAGs
[2024-05-20T03:06:16.909+0000] {logging_mixin.py:188} INFO - [2024-05-20T03:06:16.909+0000] {dag.py:3954} INFO - Setting next_dagrun for example_external_task_marker_child to None, run_after=None
[2024-05-20T03:06:16.911+0000] {logging_mixin.py:188} INFO - [2024-05-20T03:06:16.911+0000] {dag.py:3954} INFO - Setting next_dagrun for example_external_task_marker_parent to None, run_after=None
[2024-05-20T03:06:16.919+0000] {processor.py:183} INFO - Processing /home/airflow/.local/lib/python3.12/site-packages/airflow/example_dags/example_external_task_marker_dag.py took 0.035 seconds
[2024-05-20T03:06:47.573+0000] {processor.py:161} INFO - Started process (PID=353) to work on /home/airflow/.local/lib/python3.12/site-packages/airflow/example_dags/example_external_task_marker_dag.py
[2024-05-20T03:06:47.573+0000] {processor.py:830} INFO - Processing file /home/airflow/.local/lib/python3.12/site-packages/airflow/example_dags/example_external_task_marker_dag.py for tasks to queue
[2024-05-20T03:06:47.574+0000] {logging_mixin.py:188} INFO - [2024-05-20T03:06:47.574+0000] {dagbag.py:545} INFO - Filling up the DagBag from /home/airflow/.local/lib/python3.12/site-packages/airflow/example_dags/example_external_task_marker_dag.py
[2024-05-20T03:06:47.577+0000] {processor.py:840} INFO - DAG(s) 'example_external_task_marker_child', 'example_external_task_marker_parent' retrieved from /home/airflow/.local/lib/python3.12/site-packages/airflow/example_dags/example_external_task_marker_dag.py
[2024-05-20T03:06:47.590+0000] {logging_mixin.py:188} INFO - [2024-05-20T03:06:47.590+0000] {dag.py:3096} INFO - Sync 2 DAGs
[2024-05-20T03:06:47.596+0000] {logging_mixin.py:188} INFO - [2024-05-20T03:06:47.596+0000] {dag.py:3954} INFO - Setting next_dagrun for example_external_task_marker_child to None, run_after=None
[2024-05-20T03:06:47.598+0000] {logging_mixin.py:188} INFO - [2024-05-20T03:06:47.598+0000] {dag.py:3954} INFO - Setting next_dagrun for example_external_task_marker_parent to None, run_after=None
[2024-05-20T03:06:47.606+0000] {processor.py:183} INFO - Processing /home/airflow/.local/lib/python3.12/site-packages/airflow/example_dags/example_external_task_marker_dag.py took 0.036 seconds
[2024-05-20T03:07:18.335+0000] {processor.py:161} INFO - Started process (PID=411) to work on /home/airflow/.local/lib/python3.12/site-packages/airflow/example_dags/example_external_task_marker_dag.py
[2024-05-20T03:07:18.336+0000] {processor.py:830} INFO - Processing file /home/airflow/.local/lib/python3.12/site-packages/airflow/example_dags/example_external_task_marker_dag.py for tasks to queue
[2024-05-20T03:07:18.337+0000] {logging_mixin.py:188} INFO - [2024-05-20T03:07:18.337+0000] {dagbag.py:545} INFO - Filling up the DagBag from /home/airflow/.local/lib/python3.12/site-packages/airflow/example_dags/example_external_task_marker_dag.py
[2024-05-20T03:07:18.340+0000] {processor.py:840} INFO - DAG(s) 'example_external_task_marker_child', 'example_external_task_marker_parent' retrieved from /home/airflow/.local/lib/python3.12/site-packages/airflow/example_dags/example_external_task_marker_dag.py
[2024-05-20T03:07:18.353+0000] {logging_mixin.py:188} INFO - [2024-05-20T03:07:18.352+0000] {dag.py:3096} INFO - Sync 2 DAGs
[2024-05-20T03:07:18.361+0000] {logging_mixin.py:188} INFO - [2024-05-20T03:07:18.361+0000] {dag.py:3954} INFO - Setting next_dagrun for example_external_task_marker_child to None, run_after=None
[2024-05-20T03:07:18.365+0000] {logging_mixin.py:188} INFO - [2024-05-20T03:07:18.365+0000] {dag.py:3954} INFO - Setting next_dagrun for example_external_task_marker_parent to None, run_after=None
[2024-05-20T03:07:18.373+0000] {processor.py:183} INFO - Processing /home/airflow/.local/lib/python3.12/site-packages/airflow/example_dags/example_external_task_marker_dag.py took 0.040 seconds
[2024-05-20T03:07:59.550+0000] {processor.py:161} INFO - Started process (PID=66) to work on /home/airflow/.local/lib/python3.12/site-packages/airflow/example_dags/example_external_task_marker_dag.py
[2024-05-20T03:07:59.551+0000] {processor.py:830} INFO - Processing file /home/airflow/.local/lib/python3.12/site-packages/airflow/example_dags/example_external_task_marker_dag.py for tasks to queue
[2024-05-20T03:07:59.553+0000] {logging_mixin.py:188} INFO - [2024-05-20T03:07:59.553+0000] {dagbag.py:545} INFO - Filling up the DagBag from /home/airflow/.local/lib/python3.12/site-packages/airflow/example_dags/example_external_task_marker_dag.py
[2024-05-20T03:07:59.560+0000] {processor.py:840} INFO - DAG(s) 'example_external_task_marker_parent', 'example_external_task_marker_child' retrieved from /home/airflow/.local/lib/python3.12/site-packages/airflow/example_dags/example_external_task_marker_dag.py
[2024-05-20T03:07:59.579+0000] {logging_mixin.py:188} INFO - [2024-05-20T03:07:59.579+0000] {dag.py:3096} INFO - Sync 2 DAGs
[2024-05-20T03:07:59.590+0000] {logging_mixin.py:188} INFO - [2024-05-20T03:07:59.590+0000] {dag.py:3954} INFO - Setting next_dagrun for example_external_task_marker_child to None, run_after=None
[2024-05-20T03:07:59.593+0000] {logging_mixin.py:188} INFO - [2024-05-20T03:07:59.593+0000] {dag.py:3954} INFO - Setting next_dagrun for example_external_task_marker_parent to None, run_after=None
[2024-05-20T03:07:59.606+0000] {processor.py:183} INFO - Processing /home/airflow/.local/lib/python3.12/site-packages/airflow/example_dags/example_external_task_marker_dag.py took 0.061 seconds
[2024-05-20T03:08:31.068+0000] {processor.py:161} INFO - Started process (PID=124) to work on /home/airflow/.local/lib/python3.12/site-packages/airflow/example_dags/example_external_task_marker_dag.py
[2024-05-20T03:08:31.068+0000] {processor.py:830} INFO - Processing file /home/airflow/.local/lib/python3.12/site-packages/airflow/example_dags/example_external_task_marker_dag.py for tasks to queue
[2024-05-20T03:08:31.069+0000] {logging_mixin.py:188} INFO - [2024-05-20T03:08:31.069+0000] {dagbag.py:545} INFO - Filling up the DagBag from /home/airflow/.local/lib/python3.12/site-packages/airflow/example_dags/example_external_task_marker_dag.py
[2024-05-20T03:08:31.072+0000] {processor.py:840} INFO - DAG(s) 'example_external_task_marker_parent', 'example_external_task_marker_child' retrieved from /home/airflow/.local/lib/python3.12/site-packages/airflow/example_dags/example_external_task_marker_dag.py
[2024-05-20T03:08:31.122+0000] {logging_mixin.py:188} INFO - [2024-05-20T03:08:31.122+0000] {dag.py:3096} INFO - Sync 2 DAGs
[2024-05-20T03:08:31.128+0000] {logging_mixin.py:188} INFO - [2024-05-20T03:08:31.127+0000] {dag.py:3954} INFO - Setting next_dagrun for example_external_task_marker_child to None, run_after=None
[2024-05-20T03:08:31.129+0000] {logging_mixin.py:188} INFO - [2024-05-20T03:08:31.129+0000] {dag.py:3954} INFO - Setting next_dagrun for example_external_task_marker_parent to None, run_after=None
[2024-05-20T03:08:31.137+0000] {processor.py:183} INFO - Processing /home/airflow/.local/lib/python3.12/site-packages/airflow/example_dags/example_external_task_marker_dag.py took 0.072 seconds
[2024-05-20T03:09:02.037+0000] {processor.py:161} INFO - Started process (PID=182) to work on /home/airflow/.local/lib/python3.12/site-packages/airflow/example_dags/example_external_task_marker_dag.py
[2024-05-20T03:09:02.039+0000] {processor.py:830} INFO - Processing file /home/airflow/.local/lib/python3.12/site-packages/airflow/example_dags/example_external_task_marker_dag.py for tasks to queue
[2024-05-20T03:09:02.040+0000] {logging_mixin.py:188} INFO - [2024-05-20T03:09:02.040+0000] {dagbag.py:545} INFO - Filling up the DagBag from /home/airflow/.local/lib/python3.12/site-packages/airflow/example_dags/example_external_task_marker_dag.py
[2024-05-20T03:09:02.043+0000] {processor.py:840} INFO - DAG(s) 'example_external_task_marker_child', 'example_external_task_marker_parent' retrieved from /home/airflow/.local/lib/python3.12/site-packages/airflow/example_dags/example_external_task_marker_dag.py
[2024-05-20T03:09:02.056+0000] {logging_mixin.py:188} INFO - [2024-05-20T03:09:02.055+0000] {dag.py:3096} INFO - Sync 2 DAGs
[2024-05-20T03:09:02.063+0000] {logging_mixin.py:188} INFO - [2024-05-20T03:09:02.063+0000] {dag.py:3954} INFO - Setting next_dagrun for example_external_task_marker_child to None, run_after=None
[2024-05-20T03:09:02.065+0000] {logging_mixin.py:188} INFO - [2024-05-20T03:09:02.065+0000] {dag.py:3954} INFO - Setting next_dagrun for example_external_task_marker_parent to None, run_after=None
[2024-05-20T03:09:02.074+0000] {processor.py:183} INFO - Processing /home/airflow/.local/lib/python3.12/site-packages/airflow/example_dags/example_external_task_marker_dag.py took 0.040 seconds
