[2024-05-20T02:51:41.362+0000] {processor.py:161} INFO - Started process (PID=62) to work on /home/airflow/.local/lib/python3.12/site-packages/airflow/example_dags/example_branch_datetime_operator.py
[2024-05-20T02:51:41.363+0000] {processor.py:830} INFO - Processing file /home/airflow/.local/lib/python3.12/site-packages/airflow/example_dags/example_branch_datetime_operator.py for tasks to queue
[2024-05-20T02:51:41.364+0000] {logging_mixin.py:188} INFO - [2024-05-20T02:51:41.364+0000] {dagbag.py:545} INFO - Filling up the DagBag from /home/airflow/.local/lib/python3.12/site-packages/airflow/example_dags/example_branch_datetime_operator.py
[2024-05-20T02:51:41.370+0000] {processor.py:840} INFO - DAG(s) 'example_branch_datetime_operator_3', 'example_branch_datetime_operator', 'example_branch_datetime_operator_2' retrieved from /home/airflow/.local/lib/python3.12/site-packages/airflow/example_dags/example_branch_datetime_operator.py
[2024-05-20T02:51:41.381+0000] {logging_mixin.py:188} INFO - [2024-05-20T02:51:41.380+0000] {dag.py:3096} INFO - Sync 3 DAGs
[2024-05-20T02:51:41.397+0000] {logging_mixin.py:188} INFO - [2024-05-20T02:51:41.396+0000] {dag.py:3954} INFO - Setting next_dagrun for example_branch_datetime_operator to 2024-05-19 00:00:00+00:00, run_after=2024-05-20 00:00:00+00:00
[2024-05-20T02:51:41.400+0000] {logging_mixin.py:188} INFO - [2024-05-20T02:51:41.400+0000] {dag.py:3954} INFO - Setting next_dagrun for example_branch_datetime_operator_2 to 2024-05-19 00:00:00+00:00, run_after=2024-05-20 00:00:00+00:00
[2024-05-20T02:51:41.402+0000] {logging_mixin.py:188} INFO - [2024-05-20T02:51:41.402+0000] {dag.py:3954} INFO - Setting next_dagrun for example_branch_datetime_operator_3 to 2024-05-19 00:00:00+00:00, run_after=2024-05-20 00:00:00+00:00
[2024-05-20T02:51:41.415+0000] {processor.py:183} INFO - Processing /home/airflow/.local/lib/python3.12/site-packages/airflow/example_dags/example_branch_datetime_operator.py took 0.057 seconds
[2024-05-20T02:52:11.636+0000] {processor.py:161} INFO - Started process (PID=120) to work on /home/airflow/.local/lib/python3.12/site-packages/airflow/example_dags/example_branch_datetime_operator.py
[2024-05-20T02:52:11.637+0000] {processor.py:830} INFO - Processing file /home/airflow/.local/lib/python3.12/site-packages/airflow/example_dags/example_branch_datetime_operator.py for tasks to queue
[2024-05-20T02:52:11.638+0000] {logging_mixin.py:188} INFO - [2024-05-20T02:52:11.638+0000] {dagbag.py:545} INFO - Filling up the DagBag from /home/airflow/.local/lib/python3.12/site-packages/airflow/example_dags/example_branch_datetime_operator.py
[2024-05-20T02:52:11.643+0000] {processor.py:840} INFO - DAG(s) 'example_branch_datetime_operator_2', 'example_branch_datetime_operator', 'example_branch_datetime_operator_3' retrieved from /home/airflow/.local/lib/python3.12/site-packages/airflow/example_dags/example_branch_datetime_operator.py
[2024-05-20T02:52:11.697+0000] {logging_mixin.py:188} INFO - [2024-05-20T02:52:11.697+0000] {dag.py:3096} INFO - Sync 3 DAGs
[2024-05-20T02:52:11.706+0000] {logging_mixin.py:188} INFO - [2024-05-20T02:52:11.706+0000] {dag.py:3954} INFO - Setting next_dagrun for example_branch_datetime_operator to 2024-05-19 00:00:00+00:00, run_after=2024-05-20 00:00:00+00:00
[2024-05-20T02:52:11.708+0000] {logging_mixin.py:188} INFO - [2024-05-20T02:52:11.708+0000] {dag.py:3954} INFO - Setting next_dagrun for example_branch_datetime_operator_2 to 2024-05-19 00:00:00+00:00, run_after=2024-05-20 00:00:00+00:00
[2024-05-20T02:52:11.709+0000] {logging_mixin.py:188} INFO - [2024-05-20T02:52:11.709+0000] {dag.py:3954} INFO - Setting next_dagrun for example_branch_datetime_operator_3 to 2024-05-19 00:00:00+00:00, run_after=2024-05-20 00:00:00+00:00
[2024-05-20T02:52:11.717+0000] {processor.py:183} INFO - Processing /home/airflow/.local/lib/python3.12/site-packages/airflow/example_dags/example_branch_datetime_operator.py took 0.084 seconds
[2024-05-20T02:52:42.732+0000] {processor.py:161} INFO - Started process (PID=178) to work on /home/airflow/.local/lib/python3.12/site-packages/airflow/example_dags/example_branch_datetime_operator.py
[2024-05-20T02:52:42.733+0000] {processor.py:830} INFO - Processing file /home/airflow/.local/lib/python3.12/site-packages/airflow/example_dags/example_branch_datetime_operator.py for tasks to queue
[2024-05-20T02:52:42.734+0000] {logging_mixin.py:188} INFO - [2024-05-20T02:52:42.734+0000] {dagbag.py:545} INFO - Filling up the DagBag from /home/airflow/.local/lib/python3.12/site-packages/airflow/example_dags/example_branch_datetime_operator.py
[2024-05-20T02:52:42.739+0000] {processor.py:840} INFO - DAG(s) 'example_branch_datetime_operator_2', 'example_branch_datetime_operator_3', 'example_branch_datetime_operator' retrieved from /home/airflow/.local/lib/python3.12/site-packages/airflow/example_dags/example_branch_datetime_operator.py
[2024-05-20T02:52:42.754+0000] {logging_mixin.py:188} INFO - [2024-05-20T02:52:42.754+0000] {dag.py:3096} INFO - Sync 3 DAGs
[2024-05-20T02:52:42.765+0000] {logging_mixin.py:188} INFO - [2024-05-20T02:52:42.765+0000] {dag.py:3954} INFO - Setting next_dagrun for example_branch_datetime_operator to 2024-05-19 00:00:00+00:00, run_after=2024-05-20 00:00:00+00:00
[2024-05-20T02:52:42.768+0000] {logging_mixin.py:188} INFO - [2024-05-20T02:52:42.767+0000] {dag.py:3954} INFO - Setting next_dagrun for example_branch_datetime_operator_2 to 2024-05-19 00:00:00+00:00, run_after=2024-05-20 00:00:00+00:00
[2024-05-20T02:52:42.769+0000] {logging_mixin.py:188} INFO - [2024-05-20T02:52:42.769+0000] {dag.py:3954} INFO - Setting next_dagrun for example_branch_datetime_operator_3 to 2024-05-19 00:00:00+00:00, run_after=2024-05-20 00:00:00+00:00
[2024-05-20T02:52:42.777+0000] {processor.py:183} INFO - Processing /home/airflow/.local/lib/python3.12/site-packages/airflow/example_dags/example_branch_datetime_operator.py took 0.050 seconds
[2024-05-20T02:53:12.877+0000] {processor.py:161} INFO - Started process (PID=236) to work on /home/airflow/.local/lib/python3.12/site-packages/airflow/example_dags/example_branch_datetime_operator.py
[2024-05-20T02:53:12.878+0000] {processor.py:830} INFO - Processing file /home/airflow/.local/lib/python3.12/site-packages/airflow/example_dags/example_branch_datetime_operator.py for tasks to queue
[2024-05-20T02:53:12.879+0000] {logging_mixin.py:188} INFO - [2024-05-20T02:53:12.879+0000] {dagbag.py:545} INFO - Filling up the DagBag from /home/airflow/.local/lib/python3.12/site-packages/airflow/example_dags/example_branch_datetime_operator.py
[2024-05-20T02:53:12.884+0000] {processor.py:840} INFO - DAG(s) 'example_branch_datetime_operator_2', 'example_branch_datetime_operator', 'example_branch_datetime_operator_3' retrieved from /home/airflow/.local/lib/python3.12/site-packages/airflow/example_dags/example_branch_datetime_operator.py
[2024-05-20T02:53:12.899+0000] {logging_mixin.py:188} INFO - [2024-05-20T02:53:12.899+0000] {dag.py:3096} INFO - Sync 3 DAGs
[2024-05-20T02:53:12.912+0000] {logging_mixin.py:188} INFO - [2024-05-20T02:53:12.912+0000] {dag.py:3954} INFO - Setting next_dagrun for example_branch_datetime_operator to 2024-05-19 00:00:00+00:00, run_after=2024-05-20 00:00:00+00:00
[2024-05-20T02:53:12.914+0000] {logging_mixin.py:188} INFO - [2024-05-20T02:53:12.914+0000] {dag.py:3954} INFO - Setting next_dagrun for example_branch_datetime_operator_2 to 2024-05-19 00:00:00+00:00, run_after=2024-05-20 00:00:00+00:00
[2024-05-20T02:53:12.916+0000] {logging_mixin.py:188} INFO - [2024-05-20T02:53:12.915+0000] {dag.py:3954} INFO - Setting next_dagrun for example_branch_datetime_operator_3 to 2024-05-19 00:00:00+00:00, run_after=2024-05-20 00:00:00+00:00
[2024-05-20T02:53:12.924+0000] {processor.py:183} INFO - Processing /home/airflow/.local/lib/python3.12/site-packages/airflow/example_dags/example_branch_datetime_operator.py took 0.050 seconds
[2024-05-20T02:53:43.914+0000] {processor.py:161} INFO - Started process (PID=294) to work on /home/airflow/.local/lib/python3.12/site-packages/airflow/example_dags/example_branch_datetime_operator.py
[2024-05-20T02:53:43.915+0000] {processor.py:830} INFO - Processing file /home/airflow/.local/lib/python3.12/site-packages/airflow/example_dags/example_branch_datetime_operator.py for tasks to queue
[2024-05-20T02:53:43.916+0000] {logging_mixin.py:188} INFO - [2024-05-20T02:53:43.916+0000] {dagbag.py:545} INFO - Filling up the DagBag from /home/airflow/.local/lib/python3.12/site-packages/airflow/example_dags/example_branch_datetime_operator.py
[2024-05-20T02:53:43.921+0000] {processor.py:840} INFO - DAG(s) 'example_branch_datetime_operator_3', 'example_branch_datetime_operator_2', 'example_branch_datetime_operator' retrieved from /home/airflow/.local/lib/python3.12/site-packages/airflow/example_dags/example_branch_datetime_operator.py
[2024-05-20T02:53:43.933+0000] {logging_mixin.py:188} INFO - [2024-05-20T02:53:43.933+0000] {dag.py:3096} INFO - Sync 3 DAGs
[2024-05-20T02:53:43.943+0000] {logging_mixin.py:188} INFO - [2024-05-20T02:53:43.943+0000] {dag.py:3954} INFO - Setting next_dagrun for example_branch_datetime_operator to 2024-05-19 00:00:00+00:00, run_after=2024-05-20 00:00:00+00:00
[2024-05-20T02:53:43.946+0000] {logging_mixin.py:188} INFO - [2024-05-20T02:53:43.946+0000] {dag.py:3954} INFO - Setting next_dagrun for example_branch_datetime_operator_2 to 2024-05-19 00:00:00+00:00, run_after=2024-05-20 00:00:00+00:00
[2024-05-20T02:53:43.947+0000] {logging_mixin.py:188} INFO - [2024-05-20T02:53:43.947+0000] {dag.py:3954} INFO - Setting next_dagrun for example_branch_datetime_operator_3 to 2024-05-19 00:00:00+00:00, run_after=2024-05-20 00:00:00+00:00
[2024-05-20T02:53:43.955+0000] {processor.py:183} INFO - Processing /home/airflow/.local/lib/python3.12/site-packages/airflow/example_dags/example_branch_datetime_operator.py took 0.044 seconds
[2024-05-20T02:54:14.596+0000] {processor.py:161} INFO - Started process (PID=352) to work on /home/airflow/.local/lib/python3.12/site-packages/airflow/example_dags/example_branch_datetime_operator.py
[2024-05-20T02:54:14.597+0000] {processor.py:830} INFO - Processing file /home/airflow/.local/lib/python3.12/site-packages/airflow/example_dags/example_branch_datetime_operator.py for tasks to queue
[2024-05-20T02:54:14.598+0000] {logging_mixin.py:188} INFO - [2024-05-20T02:54:14.598+0000] {dagbag.py:545} INFO - Filling up the DagBag from /home/airflow/.local/lib/python3.12/site-packages/airflow/example_dags/example_branch_datetime_operator.py
[2024-05-20T02:54:14.602+0000] {processor.py:840} INFO - DAG(s) 'example_branch_datetime_operator_3', 'example_branch_datetime_operator_2', 'example_branch_datetime_operator' retrieved from /home/airflow/.local/lib/python3.12/site-packages/airflow/example_dags/example_branch_datetime_operator.py
[2024-05-20T02:54:14.615+0000] {logging_mixin.py:188} INFO - [2024-05-20T02:54:14.615+0000] {dag.py:3096} INFO - Sync 3 DAGs
[2024-05-20T02:54:14.625+0000] {logging_mixin.py:188} INFO - [2024-05-20T02:54:14.625+0000] {dag.py:3954} INFO - Setting next_dagrun for example_branch_datetime_operator to 2024-05-19 00:00:00+00:00, run_after=2024-05-20 00:00:00+00:00
[2024-05-20T02:54:14.627+0000] {logging_mixin.py:188} INFO - [2024-05-20T02:54:14.627+0000] {dag.py:3954} INFO - Setting next_dagrun for example_branch_datetime_operator_2 to 2024-05-19 00:00:00+00:00, run_after=2024-05-20 00:00:00+00:00
[2024-05-20T02:54:14.628+0000] {logging_mixin.py:188} INFO - [2024-05-20T02:54:14.628+0000] {dag.py:3954} INFO - Setting next_dagrun for example_branch_datetime_operator_3 to 2024-05-19 00:00:00+00:00, run_after=2024-05-20 00:00:00+00:00
[2024-05-20T02:54:14.635+0000] {processor.py:183} INFO - Processing /home/airflow/.local/lib/python3.12/site-packages/airflow/example_dags/example_branch_datetime_operator.py took 0.042 seconds
[2024-05-20T02:54:45.345+0000] {processor.py:161} INFO - Started process (PID=410) to work on /home/airflow/.local/lib/python3.12/site-packages/airflow/example_dags/example_branch_datetime_operator.py
[2024-05-20T02:54:45.346+0000] {processor.py:830} INFO - Processing file /home/airflow/.local/lib/python3.12/site-packages/airflow/example_dags/example_branch_datetime_operator.py for tasks to queue
[2024-05-20T02:54:45.347+0000] {logging_mixin.py:188} INFO - [2024-05-20T02:54:45.347+0000] {dagbag.py:545} INFO - Filling up the DagBag from /home/airflow/.local/lib/python3.12/site-packages/airflow/example_dags/example_branch_datetime_operator.py
[2024-05-20T02:54:45.352+0000] {processor.py:840} INFO - DAG(s) 'example_branch_datetime_operator_3', 'example_branch_datetime_operator_2', 'example_branch_datetime_operator' retrieved from /home/airflow/.local/lib/python3.12/site-packages/airflow/example_dags/example_branch_datetime_operator.py
[2024-05-20T02:54:45.365+0000] {logging_mixin.py:188} INFO - [2024-05-20T02:54:45.365+0000] {dag.py:3096} INFO - Sync 3 DAGs
[2024-05-20T02:54:45.378+0000] {logging_mixin.py:188} INFO - [2024-05-20T02:54:45.378+0000] {dag.py:3954} INFO - Setting next_dagrun for example_branch_datetime_operator to 2024-05-19 00:00:00+00:00, run_after=2024-05-20 00:00:00+00:00
[2024-05-20T02:54:45.381+0000] {logging_mixin.py:188} INFO - [2024-05-20T02:54:45.380+0000] {dag.py:3954} INFO - Setting next_dagrun for example_branch_datetime_operator_2 to 2024-05-19 00:00:00+00:00, run_after=2024-05-20 00:00:00+00:00
[2024-05-20T02:54:45.382+0000] {logging_mixin.py:188} INFO - [2024-05-20T02:54:45.382+0000] {dag.py:3954} INFO - Setting next_dagrun for example_branch_datetime_operator_3 to 2024-05-19 00:00:00+00:00, run_after=2024-05-20 00:00:00+00:00
[2024-05-20T02:54:45.390+0000] {processor.py:183} INFO - Processing /home/airflow/.local/lib/python3.12/site-packages/airflow/example_dags/example_branch_datetime_operator.py took 0.048 seconds
[2024-05-20T02:55:16.131+0000] {processor.py:161} INFO - Started process (PID=468) to work on /home/airflow/.local/lib/python3.12/site-packages/airflow/example_dags/example_branch_datetime_operator.py
[2024-05-20T02:55:16.132+0000] {processor.py:830} INFO - Processing file /home/airflow/.local/lib/python3.12/site-packages/airflow/example_dags/example_branch_datetime_operator.py for tasks to queue
[2024-05-20T02:55:16.133+0000] {logging_mixin.py:188} INFO - [2024-05-20T02:55:16.133+0000] {dagbag.py:545} INFO - Filling up the DagBag from /home/airflow/.local/lib/python3.12/site-packages/airflow/example_dags/example_branch_datetime_operator.py
[2024-05-20T02:55:16.138+0000] {processor.py:840} INFO - DAG(s) 'example_branch_datetime_operator_3', 'example_branch_datetime_operator_2', 'example_branch_datetime_operator' retrieved from /home/airflow/.local/lib/python3.12/site-packages/airflow/example_dags/example_branch_datetime_operator.py
[2024-05-20T02:55:16.151+0000] {logging_mixin.py:188} INFO - [2024-05-20T02:55:16.151+0000] {dag.py:3096} INFO - Sync 3 DAGs
[2024-05-20T02:55:16.162+0000] {logging_mixin.py:188} INFO - [2024-05-20T02:55:16.161+0000] {dag.py:3954} INFO - Setting next_dagrun for example_branch_datetime_operator to 2024-05-19 00:00:00+00:00, run_after=2024-05-20 00:00:00+00:00
[2024-05-20T02:55:16.164+0000] {logging_mixin.py:188} INFO - [2024-05-20T02:55:16.164+0000] {dag.py:3954} INFO - Setting next_dagrun for example_branch_datetime_operator_2 to 2024-05-19 00:00:00+00:00, run_after=2024-05-20 00:00:00+00:00
[2024-05-20T02:55:16.165+0000] {logging_mixin.py:188} INFO - [2024-05-20T02:55:16.165+0000] {dag.py:3954} INFO - Setting next_dagrun for example_branch_datetime_operator_3 to 2024-05-19 00:00:00+00:00, run_after=2024-05-20 00:00:00+00:00
[2024-05-20T02:55:16.174+0000] {processor.py:183} INFO - Processing /home/airflow/.local/lib/python3.12/site-packages/airflow/example_dags/example_branch_datetime_operator.py took 0.047 seconds
[2024-05-20T02:55:46.938+0000] {processor.py:161} INFO - Started process (PID=526) to work on /home/airflow/.local/lib/python3.12/site-packages/airflow/example_dags/example_branch_datetime_operator.py
[2024-05-20T02:55:46.939+0000] {processor.py:830} INFO - Processing file /home/airflow/.local/lib/python3.12/site-packages/airflow/example_dags/example_branch_datetime_operator.py for tasks to queue
[2024-05-20T02:55:46.940+0000] {logging_mixin.py:188} INFO - [2024-05-20T02:55:46.940+0000] {dagbag.py:545} INFO - Filling up the DagBag from /home/airflow/.local/lib/python3.12/site-packages/airflow/example_dags/example_branch_datetime_operator.py
[2024-05-20T02:55:46.946+0000] {processor.py:840} INFO - DAG(s) 'example_branch_datetime_operator_2', 'example_branch_datetime_operator_3', 'example_branch_datetime_operator' retrieved from /home/airflow/.local/lib/python3.12/site-packages/airflow/example_dags/example_branch_datetime_operator.py
[2024-05-20T02:55:46.961+0000] {logging_mixin.py:188} INFO - [2024-05-20T02:55:46.961+0000] {dag.py:3096} INFO - Sync 3 DAGs
[2024-05-20T02:55:46.972+0000] {logging_mixin.py:188} INFO - [2024-05-20T02:55:46.972+0000] {dag.py:3954} INFO - Setting next_dagrun for example_branch_datetime_operator to 2024-05-19 00:00:00+00:00, run_after=2024-05-20 00:00:00+00:00
[2024-05-20T02:55:46.975+0000] {logging_mixin.py:188} INFO - [2024-05-20T02:55:46.975+0000] {dag.py:3954} INFO - Setting next_dagrun for example_branch_datetime_operator_2 to 2024-05-19 00:00:00+00:00, run_after=2024-05-20 00:00:00+00:00
[2024-05-20T02:55:46.976+0000] {logging_mixin.py:188} INFO - [2024-05-20T02:55:46.976+0000] {dag.py:3954} INFO - Setting next_dagrun for example_branch_datetime_operator_3 to 2024-05-19 00:00:00+00:00, run_after=2024-05-20 00:00:00+00:00
[2024-05-20T02:55:46.985+0000] {processor.py:183} INFO - Processing /home/airflow/.local/lib/python3.12/site-packages/airflow/example_dags/example_branch_datetime_operator.py took 0.050 seconds
[2024-05-20T02:56:17.221+0000] {processor.py:161} INFO - Started process (PID=584) to work on /home/airflow/.local/lib/python3.12/site-packages/airflow/example_dags/example_branch_datetime_operator.py
[2024-05-20T02:56:17.222+0000] {processor.py:830} INFO - Processing file /home/airflow/.local/lib/python3.12/site-packages/airflow/example_dags/example_branch_datetime_operator.py for tasks to queue
[2024-05-20T02:56:17.225+0000] {logging_mixin.py:188} INFO - [2024-05-20T02:56:17.224+0000] {dagbag.py:545} INFO - Filling up the DagBag from /home/airflow/.local/lib/python3.12/site-packages/airflow/example_dags/example_branch_datetime_operator.py
[2024-05-20T02:56:17.231+0000] {processor.py:840} INFO - DAG(s) 'example_branch_datetime_operator', 'example_branch_datetime_operator_2', 'example_branch_datetime_operator_3' retrieved from /home/airflow/.local/lib/python3.12/site-packages/airflow/example_dags/example_branch_datetime_operator.py
[2024-05-20T02:56:17.279+0000] {logging_mixin.py:188} INFO - [2024-05-20T02:56:17.278+0000] {dag.py:3096} INFO - Sync 3 DAGs
[2024-05-20T02:56:17.316+0000] {logging_mixin.py:188} INFO - [2024-05-20T02:56:17.315+0000] {dag.py:3954} INFO - Setting next_dagrun for example_branch_datetime_operator to 2024-05-19 00:00:00+00:00, run_after=2024-05-20 00:00:00+00:00
[2024-05-20T02:56:17.321+0000] {logging_mixin.py:188} INFO - [2024-05-20T02:56:17.321+0000] {dag.py:3954} INFO - Setting next_dagrun for example_branch_datetime_operator_2 to 2024-05-19 00:00:00+00:00, run_after=2024-05-20 00:00:00+00:00
[2024-05-20T02:56:17.324+0000] {logging_mixin.py:188} INFO - [2024-05-20T02:56:17.324+0000] {dag.py:3954} INFO - Setting next_dagrun for example_branch_datetime_operator_3 to 2024-05-19 00:00:00+00:00, run_after=2024-05-20 00:00:00+00:00
[2024-05-20T02:56:17.343+0000] {processor.py:183} INFO - Processing /home/airflow/.local/lib/python3.12/site-packages/airflow/example_dags/example_branch_datetime_operator.py took 0.127 seconds
[2024-05-20T02:56:48.279+0000] {processor.py:161} INFO - Started process (PID=642) to work on /home/airflow/.local/lib/python3.12/site-packages/airflow/example_dags/example_branch_datetime_operator.py
[2024-05-20T02:56:48.280+0000] {processor.py:830} INFO - Processing file /home/airflow/.local/lib/python3.12/site-packages/airflow/example_dags/example_branch_datetime_operator.py for tasks to queue
[2024-05-20T02:56:48.282+0000] {logging_mixin.py:188} INFO - [2024-05-20T02:56:48.282+0000] {dagbag.py:545} INFO - Filling up the DagBag from /home/airflow/.local/lib/python3.12/site-packages/airflow/example_dags/example_branch_datetime_operator.py
[2024-05-20T02:56:48.292+0000] {processor.py:840} INFO - DAG(s) 'example_branch_datetime_operator_3', 'example_branch_datetime_operator_2', 'example_branch_datetime_operator' retrieved from /home/airflow/.local/lib/python3.12/site-packages/airflow/example_dags/example_branch_datetime_operator.py
[2024-05-20T02:56:48.315+0000] {logging_mixin.py:188} INFO - [2024-05-20T02:56:48.314+0000] {dag.py:3096} INFO - Sync 3 DAGs
[2024-05-20T02:56:48.327+0000] {logging_mixin.py:188} INFO - [2024-05-20T02:56:48.327+0000] {dag.py:3954} INFO - Setting next_dagrun for example_branch_datetime_operator to 2024-05-19 00:00:00+00:00, run_after=2024-05-20 00:00:00+00:00
[2024-05-20T02:56:48.330+0000] {logging_mixin.py:188} INFO - [2024-05-20T02:56:48.329+0000] {dag.py:3954} INFO - Setting next_dagrun for example_branch_datetime_operator_2 to 2024-05-19 00:00:00+00:00, run_after=2024-05-20 00:00:00+00:00
[2024-05-20T02:56:48.331+0000] {logging_mixin.py:188} INFO - [2024-05-20T02:56:48.331+0000] {dag.py:3954} INFO - Setting next_dagrun for example_branch_datetime_operator_3 to 2024-05-19 00:00:00+00:00, run_after=2024-05-20 00:00:00+00:00
[2024-05-20T02:56:48.342+0000] {processor.py:183} INFO - Processing /home/airflow/.local/lib/python3.12/site-packages/airflow/example_dags/example_branch_datetime_operator.py took 0.070 seconds
[2024-05-20T02:57:19.145+0000] {processor.py:161} INFO - Started process (PID=700) to work on /home/airflow/.local/lib/python3.12/site-packages/airflow/example_dags/example_branch_datetime_operator.py
[2024-05-20T02:57:19.147+0000] {processor.py:830} INFO - Processing file /home/airflow/.local/lib/python3.12/site-packages/airflow/example_dags/example_branch_datetime_operator.py for tasks to queue
[2024-05-20T02:57:19.149+0000] {logging_mixin.py:188} INFO - [2024-05-20T02:57:19.148+0000] {dagbag.py:545} INFO - Filling up the DagBag from /home/airflow/.local/lib/python3.12/site-packages/airflow/example_dags/example_branch_datetime_operator.py
[2024-05-20T02:57:19.159+0000] {processor.py:840} INFO - DAG(s) 'example_branch_datetime_operator', 'example_branch_datetime_operator_3', 'example_branch_datetime_operator_2' retrieved from /home/airflow/.local/lib/python3.12/site-packages/airflow/example_dags/example_branch_datetime_operator.py
[2024-05-20T02:57:19.177+0000] {logging_mixin.py:188} INFO - [2024-05-20T02:57:19.177+0000] {dag.py:3096} INFO - Sync 3 DAGs
[2024-05-20T02:57:19.190+0000] {logging_mixin.py:188} INFO - [2024-05-20T02:57:19.190+0000] {dag.py:3954} INFO - Setting next_dagrun for example_branch_datetime_operator to 2024-05-19 00:00:00+00:00, run_after=2024-05-20 00:00:00+00:00
[2024-05-20T02:57:19.193+0000] {logging_mixin.py:188} INFO - [2024-05-20T02:57:19.192+0000] {dag.py:3954} INFO - Setting next_dagrun for example_branch_datetime_operator_2 to 2024-05-19 00:00:00+00:00, run_after=2024-05-20 00:00:00+00:00
[2024-05-20T02:57:19.194+0000] {logging_mixin.py:188} INFO - [2024-05-20T02:57:19.194+0000] {dag.py:3954} INFO - Setting next_dagrun for example_branch_datetime_operator_3 to 2024-05-19 00:00:00+00:00, run_after=2024-05-20 00:00:00+00:00
[2024-05-20T02:57:19.202+0000] {processor.py:183} INFO - Processing /home/airflow/.local/lib/python3.12/site-packages/airflow/example_dags/example_branch_datetime_operator.py took 0.065 seconds
[2024-05-20T02:57:50.008+0000] {processor.py:161} INFO - Started process (PID=758) to work on /home/airflow/.local/lib/python3.12/site-packages/airflow/example_dags/example_branch_datetime_operator.py
[2024-05-20T02:57:50.009+0000] {processor.py:830} INFO - Processing file /home/airflow/.local/lib/python3.12/site-packages/airflow/example_dags/example_branch_datetime_operator.py for tasks to queue
[2024-05-20T02:57:50.011+0000] {logging_mixin.py:188} INFO - [2024-05-20T02:57:50.011+0000] {dagbag.py:545} INFO - Filling up the DagBag from /home/airflow/.local/lib/python3.12/site-packages/airflow/example_dags/example_branch_datetime_operator.py
[2024-05-20T02:57:50.022+0000] {processor.py:840} INFO - DAG(s) 'example_branch_datetime_operator', 'example_branch_datetime_operator_2', 'example_branch_datetime_operator_3' retrieved from /home/airflow/.local/lib/python3.12/site-packages/airflow/example_dags/example_branch_datetime_operator.py
[2024-05-20T02:57:50.044+0000] {logging_mixin.py:188} INFO - [2024-05-20T02:57:50.043+0000] {dag.py:3096} INFO - Sync 3 DAGs
[2024-05-20T02:57:50.056+0000] {logging_mixin.py:188} INFO - [2024-05-20T02:57:50.056+0000] {dag.py:3954} INFO - Setting next_dagrun for example_branch_datetime_operator to 2024-05-19 00:00:00+00:00, run_after=2024-05-20 00:00:00+00:00
[2024-05-20T02:57:50.059+0000] {logging_mixin.py:188} INFO - [2024-05-20T02:57:50.059+0000] {dag.py:3954} INFO - Setting next_dagrun for example_branch_datetime_operator_2 to 2024-05-19 00:00:00+00:00, run_after=2024-05-20 00:00:00+00:00
[2024-05-20T02:57:50.060+0000] {logging_mixin.py:188} INFO - [2024-05-20T02:57:50.060+0000] {dag.py:3954} INFO - Setting next_dagrun for example_branch_datetime_operator_3 to 2024-05-19 00:00:00+00:00, run_after=2024-05-20 00:00:00+00:00
[2024-05-20T02:57:50.069+0000] {processor.py:183} INFO - Processing /home/airflow/.local/lib/python3.12/site-packages/airflow/example_dags/example_branch_datetime_operator.py took 0.069 seconds
[2024-05-20T02:58:20.951+0000] {processor.py:161} INFO - Started process (PID=816) to work on /home/airflow/.local/lib/python3.12/site-packages/airflow/example_dags/example_branch_datetime_operator.py
[2024-05-20T02:58:20.952+0000] {processor.py:830} INFO - Processing file /home/airflow/.local/lib/python3.12/site-packages/airflow/example_dags/example_branch_datetime_operator.py for tasks to queue
[2024-05-20T02:58:20.953+0000] {logging_mixin.py:188} INFO - [2024-05-20T02:58:20.953+0000] {dagbag.py:545} INFO - Filling up the DagBag from /home/airflow/.local/lib/python3.12/site-packages/airflow/example_dags/example_branch_datetime_operator.py
[2024-05-20T02:58:20.958+0000] {processor.py:840} INFO - DAG(s) 'example_branch_datetime_operator_2', 'example_branch_datetime_operator', 'example_branch_datetime_operator_3' retrieved from /home/airflow/.local/lib/python3.12/site-packages/airflow/example_dags/example_branch_datetime_operator.py
[2024-05-20T02:58:20.975+0000] {logging_mixin.py:188} INFO - [2024-05-20T02:58:20.975+0000] {dag.py:3096} INFO - Sync 3 DAGs
[2024-05-20T02:58:20.987+0000] {logging_mixin.py:188} INFO - [2024-05-20T02:58:20.987+0000] {dag.py:3954} INFO - Setting next_dagrun for example_branch_datetime_operator to 2024-05-19 00:00:00+00:00, run_after=2024-05-20 00:00:00+00:00
[2024-05-20T02:58:20.990+0000] {logging_mixin.py:188} INFO - [2024-05-20T02:58:20.990+0000] {dag.py:3954} INFO - Setting next_dagrun for example_branch_datetime_operator_2 to 2024-05-19 00:00:00+00:00, run_after=2024-05-20 00:00:00+00:00
[2024-05-20T02:58:20.991+0000] {logging_mixin.py:188} INFO - [2024-05-20T02:58:20.991+0000] {dag.py:3954} INFO - Setting next_dagrun for example_branch_datetime_operator_3 to 2024-05-19 00:00:00+00:00, run_after=2024-05-20 00:00:00+00:00
[2024-05-20T02:58:21.001+0000] {processor.py:183} INFO - Processing /home/airflow/.local/lib/python3.12/site-packages/airflow/example_dags/example_branch_datetime_operator.py took 0.053 seconds
[2024-05-20T02:58:51.726+0000] {processor.py:161} INFO - Started process (PID=874) to work on /home/airflow/.local/lib/python3.12/site-packages/airflow/example_dags/example_branch_datetime_operator.py
[2024-05-20T02:58:51.728+0000] {processor.py:830} INFO - Processing file /home/airflow/.local/lib/python3.12/site-packages/airflow/example_dags/example_branch_datetime_operator.py for tasks to queue
[2024-05-20T02:58:51.730+0000] {logging_mixin.py:188} INFO - [2024-05-20T02:58:51.730+0000] {dagbag.py:545} INFO - Filling up the DagBag from /home/airflow/.local/lib/python3.12/site-packages/airflow/example_dags/example_branch_datetime_operator.py
[2024-05-20T02:58:51.740+0000] {processor.py:840} INFO - DAG(s) 'example_branch_datetime_operator_3', 'example_branch_datetime_operator', 'example_branch_datetime_operator_2' retrieved from /home/airflow/.local/lib/python3.12/site-packages/airflow/example_dags/example_branch_datetime_operator.py
[2024-05-20T02:58:51.760+0000] {logging_mixin.py:188} INFO - [2024-05-20T02:58:51.760+0000] {dag.py:3096} INFO - Sync 3 DAGs
[2024-05-20T02:58:51.773+0000] {logging_mixin.py:188} INFO - [2024-05-20T02:58:51.773+0000] {dag.py:3954} INFO - Setting next_dagrun for example_branch_datetime_operator to 2024-05-19 00:00:00+00:00, run_after=2024-05-20 00:00:00+00:00
[2024-05-20T02:58:51.776+0000] {logging_mixin.py:188} INFO - [2024-05-20T02:58:51.776+0000] {dag.py:3954} INFO - Setting next_dagrun for example_branch_datetime_operator_2 to 2024-05-19 00:00:00+00:00, run_after=2024-05-20 00:00:00+00:00
[2024-05-20T02:58:51.778+0000] {logging_mixin.py:188} INFO - [2024-05-20T02:58:51.778+0000] {dag.py:3954} INFO - Setting next_dagrun for example_branch_datetime_operator_3 to 2024-05-19 00:00:00+00:00, run_after=2024-05-20 00:00:00+00:00
[2024-05-20T02:58:51.790+0000] {processor.py:183} INFO - Processing /home/airflow/.local/lib/python3.12/site-packages/airflow/example_dags/example_branch_datetime_operator.py took 0.071 seconds
[2024-05-20T02:59:22.488+0000] {processor.py:161} INFO - Started process (PID=932) to work on /home/airflow/.local/lib/python3.12/site-packages/airflow/example_dags/example_branch_datetime_operator.py
[2024-05-20T02:59:22.488+0000] {processor.py:830} INFO - Processing file /home/airflow/.local/lib/python3.12/site-packages/airflow/example_dags/example_branch_datetime_operator.py for tasks to queue
[2024-05-20T02:59:22.489+0000] {logging_mixin.py:188} INFO - [2024-05-20T02:59:22.489+0000] {dagbag.py:545} INFO - Filling up the DagBag from /home/airflow/.local/lib/python3.12/site-packages/airflow/example_dags/example_branch_datetime_operator.py
[2024-05-20T02:59:22.495+0000] {processor.py:840} INFO - DAG(s) 'example_branch_datetime_operator', 'example_branch_datetime_operator_2', 'example_branch_datetime_operator_3' retrieved from /home/airflow/.local/lib/python3.12/site-packages/airflow/example_dags/example_branch_datetime_operator.py
[2024-05-20T02:59:22.511+0000] {logging_mixin.py:188} INFO - [2024-05-20T02:59:22.511+0000] {dag.py:3096} INFO - Sync 3 DAGs
[2024-05-20T02:59:22.524+0000] {logging_mixin.py:188} INFO - [2024-05-20T02:59:22.524+0000] {dag.py:3954} INFO - Setting next_dagrun for example_branch_datetime_operator to 2024-05-19 00:00:00+00:00, run_after=2024-05-20 00:00:00+00:00
[2024-05-20T02:59:22.527+0000] {logging_mixin.py:188} INFO - [2024-05-20T02:59:22.527+0000] {dag.py:3954} INFO - Setting next_dagrun for example_branch_datetime_operator_2 to 2024-05-19 00:00:00+00:00, run_after=2024-05-20 00:00:00+00:00
[2024-05-20T02:59:22.528+0000] {logging_mixin.py:188} INFO - [2024-05-20T02:59:22.528+0000] {dag.py:3954} INFO - Setting next_dagrun for example_branch_datetime_operator_3 to 2024-05-19 00:00:00+00:00, run_after=2024-05-20 00:00:00+00:00
[2024-05-20T02:59:22.537+0000] {processor.py:183} INFO - Processing /home/airflow/.local/lib/python3.12/site-packages/airflow/example_dags/example_branch_datetime_operator.py took 0.053 seconds
[2024-05-20T02:59:53.377+0000] {processor.py:161} INFO - Started process (PID=990) to work on /home/airflow/.local/lib/python3.12/site-packages/airflow/example_dags/example_branch_datetime_operator.py
[2024-05-20T02:59:53.378+0000] {processor.py:830} INFO - Processing file /home/airflow/.local/lib/python3.12/site-packages/airflow/example_dags/example_branch_datetime_operator.py for tasks to queue
[2024-05-20T02:59:53.379+0000] {logging_mixin.py:188} INFO - [2024-05-20T02:59:53.379+0000] {dagbag.py:545} INFO - Filling up the DagBag from /home/airflow/.local/lib/python3.12/site-packages/airflow/example_dags/example_branch_datetime_operator.py
[2024-05-20T02:59:53.387+0000] {processor.py:840} INFO - DAG(s) 'example_branch_datetime_operator_2', 'example_branch_datetime_operator_3', 'example_branch_datetime_operator' retrieved from /home/airflow/.local/lib/python3.12/site-packages/airflow/example_dags/example_branch_datetime_operator.py
[2024-05-20T02:59:53.403+0000] {logging_mixin.py:188} INFO - [2024-05-20T02:59:53.403+0000] {dag.py:3096} INFO - Sync 3 DAGs
[2024-05-20T02:59:53.415+0000] {logging_mixin.py:188} INFO - [2024-05-20T02:59:53.415+0000] {dag.py:3954} INFO - Setting next_dagrun for example_branch_datetime_operator to 2024-05-19 00:00:00+00:00, run_after=2024-05-20 00:00:00+00:00
[2024-05-20T02:59:53.419+0000] {logging_mixin.py:188} INFO - [2024-05-20T02:59:53.419+0000] {dag.py:3954} INFO - Setting next_dagrun for example_branch_datetime_operator_2 to 2024-05-19 00:00:00+00:00, run_after=2024-05-20 00:00:00+00:00
[2024-05-20T02:59:53.420+0000] {logging_mixin.py:188} INFO - [2024-05-20T02:59:53.420+0000] {dag.py:3954} INFO - Setting next_dagrun for example_branch_datetime_operator_3 to 2024-05-19 00:00:00+00:00, run_after=2024-05-20 00:00:00+00:00
[2024-05-20T02:59:53.429+0000] {processor.py:183} INFO - Processing /home/airflow/.local/lib/python3.12/site-packages/airflow/example_dags/example_branch_datetime_operator.py took 0.056 seconds
[2024-05-20T03:00:24.103+0000] {processor.py:161} INFO - Started process (PID=1048) to work on /home/airflow/.local/lib/python3.12/site-packages/airflow/example_dags/example_branch_datetime_operator.py
[2024-05-20T03:00:24.104+0000] {processor.py:830} INFO - Processing file /home/airflow/.local/lib/python3.12/site-packages/airflow/example_dags/example_branch_datetime_operator.py for tasks to queue
[2024-05-20T03:00:24.105+0000] {logging_mixin.py:188} INFO - [2024-05-20T03:00:24.105+0000] {dagbag.py:545} INFO - Filling up the DagBag from /home/airflow/.local/lib/python3.12/site-packages/airflow/example_dags/example_branch_datetime_operator.py
[2024-05-20T03:00:24.109+0000] {processor.py:840} INFO - DAG(s) 'example_branch_datetime_operator', 'example_branch_datetime_operator_3', 'example_branch_datetime_operator_2' retrieved from /home/airflow/.local/lib/python3.12/site-packages/airflow/example_dags/example_branch_datetime_operator.py
[2024-05-20T03:00:24.123+0000] {logging_mixin.py:188} INFO - [2024-05-20T03:00:24.123+0000] {dag.py:3096} INFO - Sync 3 DAGs
[2024-05-20T03:00:24.133+0000] {logging_mixin.py:188} INFO - [2024-05-20T03:00:24.133+0000] {dag.py:3954} INFO - Setting next_dagrun for example_branch_datetime_operator to 2024-05-19 00:00:00+00:00, run_after=2024-05-20 00:00:00+00:00
[2024-05-20T03:00:24.136+0000] {logging_mixin.py:188} INFO - [2024-05-20T03:00:24.136+0000] {dag.py:3954} INFO - Setting next_dagrun for example_branch_datetime_operator_2 to 2024-05-19 00:00:00+00:00, run_after=2024-05-20 00:00:00+00:00
[2024-05-20T03:00:24.137+0000] {logging_mixin.py:188} INFO - [2024-05-20T03:00:24.137+0000] {dag.py:3954} INFO - Setting next_dagrun for example_branch_datetime_operator_3 to 2024-05-19 00:00:00+00:00, run_after=2024-05-20 00:00:00+00:00
[2024-05-20T03:00:24.146+0000] {processor.py:183} INFO - Processing /home/airflow/.local/lib/python3.12/site-packages/airflow/example_dags/example_branch_datetime_operator.py took 0.045 seconds
[2024-05-20T03:00:54.804+0000] {processor.py:161} INFO - Started process (PID=1106) to work on /home/airflow/.local/lib/python3.12/site-packages/airflow/example_dags/example_branch_datetime_operator.py
[2024-05-20T03:00:54.805+0000] {processor.py:830} INFO - Processing file /home/airflow/.local/lib/python3.12/site-packages/airflow/example_dags/example_branch_datetime_operator.py for tasks to queue
[2024-05-20T03:00:54.806+0000] {logging_mixin.py:188} INFO - [2024-05-20T03:00:54.806+0000] {dagbag.py:545} INFO - Filling up the DagBag from /home/airflow/.local/lib/python3.12/site-packages/airflow/example_dags/example_branch_datetime_operator.py
[2024-05-20T03:00:54.811+0000] {processor.py:840} INFO - DAG(s) 'example_branch_datetime_operator_3', 'example_branch_datetime_operator_2', 'example_branch_datetime_operator' retrieved from /home/airflow/.local/lib/python3.12/site-packages/airflow/example_dags/example_branch_datetime_operator.py
[2024-05-20T03:00:54.824+0000] {logging_mixin.py:188} INFO - [2024-05-20T03:00:54.824+0000] {dag.py:3096} INFO - Sync 3 DAGs
[2024-05-20T03:00:54.836+0000] {logging_mixin.py:188} INFO - [2024-05-20T03:00:54.836+0000] {dag.py:3954} INFO - Setting next_dagrun for example_branch_datetime_operator to 2024-05-19 00:00:00+00:00, run_after=2024-05-20 00:00:00+00:00
[2024-05-20T03:00:54.839+0000] {logging_mixin.py:188} INFO - [2024-05-20T03:00:54.838+0000] {dag.py:3954} INFO - Setting next_dagrun for example_branch_datetime_operator_2 to 2024-05-19 00:00:00+00:00, run_after=2024-05-20 00:00:00+00:00
[2024-05-20T03:00:54.840+0000] {logging_mixin.py:188} INFO - [2024-05-20T03:00:54.840+0000] {dag.py:3954} INFO - Setting next_dagrun for example_branch_datetime_operator_3 to 2024-05-19 00:00:00+00:00, run_after=2024-05-20 00:00:00+00:00
[2024-05-20T03:00:54.848+0000] {processor.py:183} INFO - Processing /home/airflow/.local/lib/python3.12/site-packages/airflow/example_dags/example_branch_datetime_operator.py took 0.047 seconds
[2024-05-20T03:01:25.077+0000] {processor.py:161} INFO - Started process (PID=1164) to work on /home/airflow/.local/lib/python3.12/site-packages/airflow/example_dags/example_branch_datetime_operator.py
[2024-05-20T03:01:25.081+0000] {processor.py:830} INFO - Processing file /home/airflow/.local/lib/python3.12/site-packages/airflow/example_dags/example_branch_datetime_operator.py for tasks to queue
[2024-05-20T03:01:25.086+0000] {logging_mixin.py:188} INFO - [2024-05-20T03:01:25.086+0000] {dagbag.py:545} INFO - Filling up the DagBag from /home/airflow/.local/lib/python3.12/site-packages/airflow/example_dags/example_branch_datetime_operator.py
[2024-05-20T03:01:25.094+0000] {processor.py:840} INFO - DAG(s) 'example_branch_datetime_operator_2', 'example_branch_datetime_operator_3', 'example_branch_datetime_operator' retrieved from /home/airflow/.local/lib/python3.12/site-packages/airflow/example_dags/example_branch_datetime_operator.py
[2024-05-20T03:01:25.112+0000] {logging_mixin.py:188} INFO - [2024-05-20T03:01:25.111+0000] {dag.py:3096} INFO - Sync 3 DAGs
[2024-05-20T03:01:25.124+0000] {logging_mixin.py:188} INFO - [2024-05-20T03:01:25.124+0000] {dag.py:3954} INFO - Setting next_dagrun for example_branch_datetime_operator to 2024-05-19 00:00:00+00:00, run_after=2024-05-20 00:00:00+00:00
[2024-05-20T03:01:25.127+0000] {logging_mixin.py:188} INFO - [2024-05-20T03:01:25.127+0000] {dag.py:3954} INFO - Setting next_dagrun for example_branch_datetime_operator_2 to 2024-05-19 00:00:00+00:00, run_after=2024-05-20 00:00:00+00:00
[2024-05-20T03:01:25.128+0000] {logging_mixin.py:188} INFO - [2024-05-20T03:01:25.128+0000] {dag.py:3954} INFO - Setting next_dagrun for example_branch_datetime_operator_3 to 2024-05-19 00:00:00+00:00, run_after=2024-05-20 00:00:00+00:00
[2024-05-20T03:01:25.138+0000] {processor.py:183} INFO - Processing /home/airflow/.local/lib/python3.12/site-packages/airflow/example_dags/example_branch_datetime_operator.py took 0.067 seconds
[2024-05-20T03:01:55.772+0000] {processor.py:161} INFO - Started process (PID=1222) to work on /home/airflow/.local/lib/python3.12/site-packages/airflow/example_dags/example_branch_datetime_operator.py
[2024-05-20T03:01:55.772+0000] {processor.py:830} INFO - Processing file /home/airflow/.local/lib/python3.12/site-packages/airflow/example_dags/example_branch_datetime_operator.py for tasks to queue
[2024-05-20T03:01:55.774+0000] {logging_mixin.py:188} INFO - [2024-05-20T03:01:55.774+0000] {dagbag.py:545} INFO - Filling up the DagBag from /home/airflow/.local/lib/python3.12/site-packages/airflow/example_dags/example_branch_datetime_operator.py
[2024-05-20T03:01:55.781+0000] {processor.py:840} INFO - DAG(s) 'example_branch_datetime_operator_2', 'example_branch_datetime_operator', 'example_branch_datetime_operator_3' retrieved from /home/airflow/.local/lib/python3.12/site-packages/airflow/example_dags/example_branch_datetime_operator.py
[2024-05-20T03:01:55.799+0000] {logging_mixin.py:188} INFO - [2024-05-20T03:01:55.799+0000] {dag.py:3096} INFO - Sync 3 DAGs
[2024-05-20T03:01:55.814+0000] {logging_mixin.py:188} INFO - [2024-05-20T03:01:55.814+0000] {dag.py:3954} INFO - Setting next_dagrun for example_branch_datetime_operator to 2024-05-19 00:00:00+00:00, run_after=2024-05-20 00:00:00+00:00
[2024-05-20T03:01:55.817+0000] {logging_mixin.py:188} INFO - [2024-05-20T03:01:55.817+0000] {dag.py:3954} INFO - Setting next_dagrun for example_branch_datetime_operator_2 to 2024-05-19 00:00:00+00:00, run_after=2024-05-20 00:00:00+00:00
[2024-05-20T03:01:55.818+0000] {logging_mixin.py:188} INFO - [2024-05-20T03:01:55.818+0000] {dag.py:3954} INFO - Setting next_dagrun for example_branch_datetime_operator_3 to 2024-05-19 00:00:00+00:00, run_after=2024-05-20 00:00:00+00:00
[2024-05-20T03:01:55.827+0000] {processor.py:183} INFO - Processing /home/airflow/.local/lib/python3.12/site-packages/airflow/example_dags/example_branch_datetime_operator.py took 0.059 seconds
[2024-05-20T03:02:26.606+0000] {processor.py:161} INFO - Started process (PID=1280) to work on /home/airflow/.local/lib/python3.12/site-packages/airflow/example_dags/example_branch_datetime_operator.py
[2024-05-20T03:02:26.607+0000] {processor.py:830} INFO - Processing file /home/airflow/.local/lib/python3.12/site-packages/airflow/example_dags/example_branch_datetime_operator.py for tasks to queue
[2024-05-20T03:02:26.608+0000] {logging_mixin.py:188} INFO - [2024-05-20T03:02:26.608+0000] {dagbag.py:545} INFO - Filling up the DagBag from /home/airflow/.local/lib/python3.12/site-packages/airflow/example_dags/example_branch_datetime_operator.py
[2024-05-20T03:02:26.614+0000] {processor.py:840} INFO - DAG(s) 'example_branch_datetime_operator_2', 'example_branch_datetime_operator', 'example_branch_datetime_operator_3' retrieved from /home/airflow/.local/lib/python3.12/site-packages/airflow/example_dags/example_branch_datetime_operator.py
[2024-05-20T03:02:26.630+0000] {logging_mixin.py:188} INFO - [2024-05-20T03:02:26.630+0000] {dag.py:3096} INFO - Sync 3 DAGs
[2024-05-20T03:02:26.643+0000] {logging_mixin.py:188} INFO - [2024-05-20T03:02:26.643+0000] {dag.py:3954} INFO - Setting next_dagrun for example_branch_datetime_operator to 2024-05-19 00:00:00+00:00, run_after=2024-05-20 00:00:00+00:00
[2024-05-20T03:02:26.646+0000] {logging_mixin.py:188} INFO - [2024-05-20T03:02:26.646+0000] {dag.py:3954} INFO - Setting next_dagrun for example_branch_datetime_operator_2 to 2024-05-19 00:00:00+00:00, run_after=2024-05-20 00:00:00+00:00
[2024-05-20T03:02:26.647+0000] {logging_mixin.py:188} INFO - [2024-05-20T03:02:26.647+0000] {dag.py:3954} INFO - Setting next_dagrun for example_branch_datetime_operator_3 to 2024-05-19 00:00:00+00:00, run_after=2024-05-20 00:00:00+00:00
[2024-05-20T03:02:26.657+0000] {processor.py:183} INFO - Processing /home/airflow/.local/lib/python3.12/site-packages/airflow/example_dags/example_branch_datetime_operator.py took 0.055 seconds
[2024-05-20T03:02:56.685+0000] {processor.py:161} INFO - Started process (PID=1337) to work on /home/airflow/.local/lib/python3.12/site-packages/airflow/example_dags/example_branch_datetime_operator.py
[2024-05-20T03:02:56.685+0000] {processor.py:830} INFO - Processing file /home/airflow/.local/lib/python3.12/site-packages/airflow/example_dags/example_branch_datetime_operator.py for tasks to queue
[2024-05-20T03:02:56.687+0000] {logging_mixin.py:188} INFO - [2024-05-20T03:02:56.686+0000] {dagbag.py:545} INFO - Filling up the DagBag from /home/airflow/.local/lib/python3.12/site-packages/airflow/example_dags/example_branch_datetime_operator.py
[2024-05-20T03:02:56.692+0000] {processor.py:840} INFO - DAG(s) 'example_branch_datetime_operator_3', 'example_branch_datetime_operator_2', 'example_branch_datetime_operator' retrieved from /home/airflow/.local/lib/python3.12/site-packages/airflow/example_dags/example_branch_datetime_operator.py
[2024-05-20T03:02:56.709+0000] {logging_mixin.py:188} INFO - [2024-05-20T03:02:56.708+0000] {dag.py:3096} INFO - Sync 3 DAGs
[2024-05-20T03:02:56.722+0000] {logging_mixin.py:188} INFO - [2024-05-20T03:02:56.722+0000] {dag.py:3954} INFO - Setting next_dagrun for example_branch_datetime_operator to 2024-05-19 00:00:00+00:00, run_after=2024-05-20 00:00:00+00:00
[2024-05-20T03:02:56.725+0000] {logging_mixin.py:188} INFO - [2024-05-20T03:02:56.725+0000] {dag.py:3954} INFO - Setting next_dagrun for example_branch_datetime_operator_2 to 2024-05-19 00:00:00+00:00, run_after=2024-05-20 00:00:00+00:00
[2024-05-20T03:02:56.726+0000] {logging_mixin.py:188} INFO - [2024-05-20T03:02:56.726+0000] {dag.py:3954} INFO - Setting next_dagrun for example_branch_datetime_operator_3 to 2024-05-19 00:00:00+00:00, run_after=2024-05-20 00:00:00+00:00
[2024-05-20T03:02:56.736+0000] {processor.py:183} INFO - Processing /home/airflow/.local/lib/python3.12/site-packages/airflow/example_dags/example_branch_datetime_operator.py took 0.057 seconds
[2024-05-20T03:03:26.778+0000] {processor.py:161} INFO - Started process (PID=1395) to work on /home/airflow/.local/lib/python3.12/site-packages/airflow/example_dags/example_branch_datetime_operator.py
[2024-05-20T03:03:26.778+0000] {processor.py:830} INFO - Processing file /home/airflow/.local/lib/python3.12/site-packages/airflow/example_dags/example_branch_datetime_operator.py for tasks to queue
[2024-05-20T03:03:26.779+0000] {logging_mixin.py:188} INFO - [2024-05-20T03:03:26.779+0000] {dagbag.py:545} INFO - Filling up the DagBag from /home/airflow/.local/lib/python3.12/site-packages/airflow/example_dags/example_branch_datetime_operator.py
[2024-05-20T03:03:26.784+0000] {processor.py:840} INFO - DAG(s) 'example_branch_datetime_operator_3', 'example_branch_datetime_operator_2', 'example_branch_datetime_operator' retrieved from /home/airflow/.local/lib/python3.12/site-packages/airflow/example_dags/example_branch_datetime_operator.py
[2024-05-20T03:03:26.798+0000] {logging_mixin.py:188} INFO - [2024-05-20T03:03:26.798+0000] {dag.py:3096} INFO - Sync 3 DAGs
[2024-05-20T03:03:26.810+0000] {logging_mixin.py:188} INFO - [2024-05-20T03:03:26.810+0000] {dag.py:3954} INFO - Setting next_dagrun for example_branch_datetime_operator to 2024-05-19 00:00:00+00:00, run_after=2024-05-20 00:00:00+00:00
[2024-05-20T03:03:26.812+0000] {logging_mixin.py:188} INFO - [2024-05-20T03:03:26.812+0000] {dag.py:3954} INFO - Setting next_dagrun for example_branch_datetime_operator_2 to 2024-05-19 00:00:00+00:00, run_after=2024-05-20 00:00:00+00:00
[2024-05-20T03:03:26.814+0000] {logging_mixin.py:188} INFO - [2024-05-20T03:03:26.814+0000] {dag.py:3954} INFO - Setting next_dagrun for example_branch_datetime_operator_3 to 2024-05-19 00:00:00+00:00, run_after=2024-05-20 00:00:00+00:00
[2024-05-20T03:03:26.826+0000] {processor.py:183} INFO - Processing /home/airflow/.local/lib/python3.12/site-packages/airflow/example_dags/example_branch_datetime_operator.py took 0.052 seconds
[2024-05-20T03:04:13.890+0000] {processor.py:161} INFO - Started process (PID=61) to work on /home/airflow/.local/lib/python3.12/site-packages/airflow/example_dags/example_branch_datetime_operator.py
[2024-05-20T03:04:13.892+0000] {processor.py:830} INFO - Processing file /home/airflow/.local/lib/python3.12/site-packages/airflow/example_dags/example_branch_datetime_operator.py for tasks to queue
[2024-05-20T03:04:13.896+0000] {logging_mixin.py:188} INFO - [2024-05-20T03:04:13.896+0000] {dagbag.py:545} INFO - Filling up the DagBag from /home/airflow/.local/lib/python3.12/site-packages/airflow/example_dags/example_branch_datetime_operator.py
[2024-05-20T03:04:13.904+0000] {processor.py:840} INFO - DAG(s) 'example_branch_datetime_operator_3', 'example_branch_datetime_operator_2', 'example_branch_datetime_operator' retrieved from /home/airflow/.local/lib/python3.12/site-packages/airflow/example_dags/example_branch_datetime_operator.py
[2024-05-20T03:04:13.917+0000] {logging_mixin.py:188} INFO - [2024-05-20T03:04:13.917+0000] {dag.py:3096} INFO - Sync 3 DAGs
[2024-05-20T03:04:13.935+0000] {logging_mixin.py:188} INFO - [2024-05-20T03:04:13.935+0000] {dag.py:3954} INFO - Setting next_dagrun for example_branch_datetime_operator to 2024-05-19 00:00:00+00:00, run_after=2024-05-20 00:00:00+00:00
[2024-05-20T03:04:13.938+0000] {logging_mixin.py:188} INFO - [2024-05-20T03:04:13.938+0000] {dag.py:3954} INFO - Setting next_dagrun for example_branch_datetime_operator_2 to 2024-05-19 00:00:00+00:00, run_after=2024-05-20 00:00:00+00:00
[2024-05-20T03:04:13.940+0000] {logging_mixin.py:188} INFO - [2024-05-20T03:04:13.940+0000] {dag.py:3954} INFO - Setting next_dagrun for example_branch_datetime_operator_3 to 2024-05-19 00:00:00+00:00, run_after=2024-05-20 00:00:00+00:00
[2024-05-20T03:04:13.963+0000] {processor.py:183} INFO - Processing /home/airflow/.local/lib/python3.12/site-packages/airflow/example_dags/example_branch_datetime_operator.py took 0.076 seconds
[2024-05-20T03:04:44.503+0000] {processor.py:161} INFO - Started process (PID=119) to work on /home/airflow/.local/lib/python3.12/site-packages/airflow/example_dags/example_branch_datetime_operator.py
[2024-05-20T03:04:44.504+0000] {processor.py:830} INFO - Processing file /home/airflow/.local/lib/python3.12/site-packages/airflow/example_dags/example_branch_datetime_operator.py for tasks to queue
[2024-05-20T03:04:44.505+0000] {logging_mixin.py:188} INFO - [2024-05-20T03:04:44.505+0000] {dagbag.py:545} INFO - Filling up the DagBag from /home/airflow/.local/lib/python3.12/site-packages/airflow/example_dags/example_branch_datetime_operator.py
[2024-05-20T03:04:44.510+0000] {processor.py:840} INFO - DAG(s) 'example_branch_datetime_operator_2', 'example_branch_datetime_operator', 'example_branch_datetime_operator_3' retrieved from /home/airflow/.local/lib/python3.12/site-packages/airflow/example_dags/example_branch_datetime_operator.py
[2024-05-20T03:04:44.565+0000] {logging_mixin.py:188} INFO - [2024-05-20T03:04:44.565+0000] {dag.py:3096} INFO - Sync 3 DAGs
[2024-05-20T03:04:44.589+0000] {logging_mixin.py:188} INFO - [2024-05-20T03:04:44.589+0000] {dag.py:3954} INFO - Setting next_dagrun for example_branch_datetime_operator to 2024-05-19 00:00:00+00:00, run_after=2024-05-20 00:00:00+00:00
[2024-05-20T03:04:44.594+0000] {logging_mixin.py:188} INFO - [2024-05-20T03:04:44.594+0000] {dag.py:3954} INFO - Setting next_dagrun for example_branch_datetime_operator_2 to 2024-05-19 00:00:00+00:00, run_after=2024-05-20 00:00:00+00:00
[2024-05-20T03:04:44.597+0000] {logging_mixin.py:188} INFO - [2024-05-20T03:04:44.597+0000] {dag.py:3954} INFO - Setting next_dagrun for example_branch_datetime_operator_3 to 2024-05-19 00:00:00+00:00, run_after=2024-05-20 00:00:00+00:00
[2024-05-20T03:04:44.615+0000] {processor.py:183} INFO - Processing /home/airflow/.local/lib/python3.12/site-packages/airflow/example_dags/example_branch_datetime_operator.py took 0.114 seconds
[2024-05-20T03:05:15.398+0000] {processor.py:161} INFO - Started process (PID=176) to work on /home/airflow/.local/lib/python3.12/site-packages/airflow/example_dags/example_branch_datetime_operator.py
[2024-05-20T03:05:15.399+0000] {processor.py:830} INFO - Processing file /home/airflow/.local/lib/python3.12/site-packages/airflow/example_dags/example_branch_datetime_operator.py for tasks to queue
[2024-05-20T03:05:15.400+0000] {logging_mixin.py:188} INFO - [2024-05-20T03:05:15.400+0000] {dagbag.py:545} INFO - Filling up the DagBag from /home/airflow/.local/lib/python3.12/site-packages/airflow/example_dags/example_branch_datetime_operator.py
[2024-05-20T03:05:15.406+0000] {processor.py:840} INFO - DAG(s) 'example_branch_datetime_operator_3', 'example_branch_datetime_operator_2', 'example_branch_datetime_operator' retrieved from /home/airflow/.local/lib/python3.12/site-packages/airflow/example_dags/example_branch_datetime_operator.py
[2024-05-20T03:05:15.420+0000] {logging_mixin.py:188} INFO - [2024-05-20T03:05:15.420+0000] {dag.py:3096} INFO - Sync 3 DAGs
[2024-05-20T03:05:15.431+0000] {logging_mixin.py:188} INFO - [2024-05-20T03:05:15.431+0000] {dag.py:3954} INFO - Setting next_dagrun for example_branch_datetime_operator to 2024-05-19 00:00:00+00:00, run_after=2024-05-20 00:00:00+00:00
[2024-05-20T03:05:15.434+0000] {logging_mixin.py:188} INFO - [2024-05-20T03:05:15.434+0000] {dag.py:3954} INFO - Setting next_dagrun for example_branch_datetime_operator_2 to 2024-05-19 00:00:00+00:00, run_after=2024-05-20 00:00:00+00:00
[2024-05-20T03:05:15.435+0000] {logging_mixin.py:188} INFO - [2024-05-20T03:05:15.435+0000] {dag.py:3954} INFO - Setting next_dagrun for example_branch_datetime_operator_3 to 2024-05-19 00:00:00+00:00, run_after=2024-05-20 00:00:00+00:00
[2024-05-20T03:05:15.443+0000] {processor.py:183} INFO - Processing /home/airflow/.local/lib/python3.12/site-packages/airflow/example_dags/example_branch_datetime_operator.py took 0.047 seconds
[2024-05-20T03:05:46.073+0000] {processor.py:161} INFO - Started process (PID=234) to work on /home/airflow/.local/lib/python3.12/site-packages/airflow/example_dags/example_branch_datetime_operator.py
[2024-05-20T03:05:46.074+0000] {processor.py:830} INFO - Processing file /home/airflow/.local/lib/python3.12/site-packages/airflow/example_dags/example_branch_datetime_operator.py for tasks to queue
[2024-05-20T03:05:46.075+0000] {logging_mixin.py:188} INFO - [2024-05-20T03:05:46.075+0000] {dagbag.py:545} INFO - Filling up the DagBag from /home/airflow/.local/lib/python3.12/site-packages/airflow/example_dags/example_branch_datetime_operator.py
[2024-05-20T03:05:46.080+0000] {processor.py:840} INFO - DAG(s) 'example_branch_datetime_operator', 'example_branch_datetime_operator_3', 'example_branch_datetime_operator_2' retrieved from /home/airflow/.local/lib/python3.12/site-packages/airflow/example_dags/example_branch_datetime_operator.py
[2024-05-20T03:05:46.094+0000] {logging_mixin.py:188} INFO - [2024-05-20T03:05:46.094+0000] {dag.py:3096} INFO - Sync 3 DAGs
[2024-05-20T03:05:46.104+0000] {logging_mixin.py:188} INFO - [2024-05-20T03:05:46.104+0000] {dag.py:3954} INFO - Setting next_dagrun for example_branch_datetime_operator to 2024-05-19 00:00:00+00:00, run_after=2024-05-20 00:00:00+00:00
[2024-05-20T03:05:46.107+0000] {logging_mixin.py:188} INFO - [2024-05-20T03:05:46.107+0000] {dag.py:3954} INFO - Setting next_dagrun for example_branch_datetime_operator_2 to 2024-05-19 00:00:00+00:00, run_after=2024-05-20 00:00:00+00:00
[2024-05-20T03:05:46.108+0000] {logging_mixin.py:188} INFO - [2024-05-20T03:05:46.108+0000] {dag.py:3954} INFO - Setting next_dagrun for example_branch_datetime_operator_3 to 2024-05-19 00:00:00+00:00, run_after=2024-05-20 00:00:00+00:00
[2024-05-20T03:05:46.116+0000] {processor.py:183} INFO - Processing /home/airflow/.local/lib/python3.12/site-packages/airflow/example_dags/example_branch_datetime_operator.py took 0.046 seconds
[2024-05-20T03:06:16.785+0000] {processor.py:161} INFO - Started process (PID=291) to work on /home/airflow/.local/lib/python3.12/site-packages/airflow/example_dags/example_branch_datetime_operator.py
[2024-05-20T03:06:16.785+0000] {processor.py:830} INFO - Processing file /home/airflow/.local/lib/python3.12/site-packages/airflow/example_dags/example_branch_datetime_operator.py for tasks to queue
[2024-05-20T03:06:16.786+0000] {logging_mixin.py:188} INFO - [2024-05-20T03:06:16.786+0000] {dagbag.py:545} INFO - Filling up the DagBag from /home/airflow/.local/lib/python3.12/site-packages/airflow/example_dags/example_branch_datetime_operator.py
[2024-05-20T03:06:16.791+0000] {processor.py:840} INFO - DAG(s) 'example_branch_datetime_operator_2', 'example_branch_datetime_operator', 'example_branch_datetime_operator_3' retrieved from /home/airflow/.local/lib/python3.12/site-packages/airflow/example_dags/example_branch_datetime_operator.py
[2024-05-20T03:06:16.804+0000] {logging_mixin.py:188} INFO - [2024-05-20T03:06:16.804+0000] {dag.py:3096} INFO - Sync 3 DAGs
[2024-05-20T03:06:16.814+0000] {logging_mixin.py:188} INFO - [2024-05-20T03:06:16.814+0000] {dag.py:3954} INFO - Setting next_dagrun for example_branch_datetime_operator to 2024-05-19 00:00:00+00:00, run_after=2024-05-20 00:00:00+00:00
[2024-05-20T03:06:16.818+0000] {logging_mixin.py:188} INFO - [2024-05-20T03:06:16.818+0000] {dag.py:3954} INFO - Setting next_dagrun for example_branch_datetime_operator_2 to 2024-05-19 00:00:00+00:00, run_after=2024-05-20 00:00:00+00:00
[2024-05-20T03:06:16.819+0000] {logging_mixin.py:188} INFO - [2024-05-20T03:06:16.819+0000] {dag.py:3954} INFO - Setting next_dagrun for example_branch_datetime_operator_3 to 2024-05-19 00:00:00+00:00, run_after=2024-05-20 00:00:00+00:00
[2024-05-20T03:06:16.826+0000] {processor.py:183} INFO - Processing /home/airflow/.local/lib/python3.12/site-packages/airflow/example_dags/example_branch_datetime_operator.py took 0.045 seconds
[2024-05-20T03:06:47.470+0000] {processor.py:161} INFO - Started process (PID=349) to work on /home/airflow/.local/lib/python3.12/site-packages/airflow/example_dags/example_branch_datetime_operator.py
[2024-05-20T03:06:47.470+0000] {processor.py:830} INFO - Processing file /home/airflow/.local/lib/python3.12/site-packages/airflow/example_dags/example_branch_datetime_operator.py for tasks to queue
[2024-05-20T03:06:47.471+0000] {logging_mixin.py:188} INFO - [2024-05-20T03:06:47.471+0000] {dagbag.py:545} INFO - Filling up the DagBag from /home/airflow/.local/lib/python3.12/site-packages/airflow/example_dags/example_branch_datetime_operator.py
[2024-05-20T03:06:47.476+0000] {processor.py:840} INFO - DAG(s) 'example_branch_datetime_operator_3', 'example_branch_datetime_operator', 'example_branch_datetime_operator_2' retrieved from /home/airflow/.local/lib/python3.12/site-packages/airflow/example_dags/example_branch_datetime_operator.py
[2024-05-20T03:06:47.489+0000] {logging_mixin.py:188} INFO - [2024-05-20T03:06:47.489+0000] {dag.py:3096} INFO - Sync 3 DAGs
[2024-05-20T03:06:47.500+0000] {logging_mixin.py:188} INFO - [2024-05-20T03:06:47.500+0000] {dag.py:3954} INFO - Setting next_dagrun for example_branch_datetime_operator to 2024-05-19 00:00:00+00:00, run_after=2024-05-20 00:00:00+00:00
[2024-05-20T03:06:47.502+0000] {logging_mixin.py:188} INFO - [2024-05-20T03:06:47.502+0000] {dag.py:3954} INFO - Setting next_dagrun for example_branch_datetime_operator_2 to 2024-05-19 00:00:00+00:00, run_after=2024-05-20 00:00:00+00:00
[2024-05-20T03:06:47.503+0000] {logging_mixin.py:188} INFO - [2024-05-20T03:06:47.503+0000] {dag.py:3954} INFO - Setting next_dagrun for example_branch_datetime_operator_3 to 2024-05-19 00:00:00+00:00, run_after=2024-05-20 00:00:00+00:00
[2024-05-20T03:06:47.511+0000] {processor.py:183} INFO - Processing /home/airflow/.local/lib/python3.12/site-packages/airflow/example_dags/example_branch_datetime_operator.py took 0.045 seconds
[2024-05-20T03:07:18.231+0000] {processor.py:161} INFO - Started process (PID=407) to work on /home/airflow/.local/lib/python3.12/site-packages/airflow/example_dags/example_branch_datetime_operator.py
[2024-05-20T03:07:18.233+0000] {processor.py:830} INFO - Processing file /home/airflow/.local/lib/python3.12/site-packages/airflow/example_dags/example_branch_datetime_operator.py for tasks to queue
[2024-05-20T03:07:18.235+0000] {logging_mixin.py:188} INFO - [2024-05-20T03:07:18.234+0000] {dagbag.py:545} INFO - Filling up the DagBag from /home/airflow/.local/lib/python3.12/site-packages/airflow/example_dags/example_branch_datetime_operator.py
[2024-05-20T03:07:18.239+0000] {processor.py:840} INFO - DAG(s) 'example_branch_datetime_operator_3', 'example_branch_datetime_operator_2', 'example_branch_datetime_operator' retrieved from /home/airflow/.local/lib/python3.12/site-packages/airflow/example_dags/example_branch_datetime_operator.py
[2024-05-20T03:07:18.252+0000] {logging_mixin.py:188} INFO - [2024-05-20T03:07:18.252+0000] {dag.py:3096} INFO - Sync 3 DAGs
[2024-05-20T03:07:18.262+0000] {logging_mixin.py:188} INFO - [2024-05-20T03:07:18.262+0000] {dag.py:3954} INFO - Setting next_dagrun for example_branch_datetime_operator to 2024-05-19 00:00:00+00:00, run_after=2024-05-20 00:00:00+00:00
[2024-05-20T03:07:18.265+0000] {logging_mixin.py:188} INFO - [2024-05-20T03:07:18.265+0000] {dag.py:3954} INFO - Setting next_dagrun for example_branch_datetime_operator_2 to 2024-05-19 00:00:00+00:00, run_after=2024-05-20 00:00:00+00:00
[2024-05-20T03:07:18.266+0000] {logging_mixin.py:188} INFO - [2024-05-20T03:07:18.266+0000] {dag.py:3954} INFO - Setting next_dagrun for example_branch_datetime_operator_3 to 2024-05-19 00:00:00+00:00, run_after=2024-05-20 00:00:00+00:00
[2024-05-20T03:07:18.275+0000] {processor.py:183} INFO - Processing /home/airflow/.local/lib/python3.12/site-packages/airflow/example_dags/example_branch_datetime_operator.py took 0.047 seconds
[2024-05-20T03:07:59.408+0000] {processor.py:161} INFO - Started process (PID=62) to work on /home/airflow/.local/lib/python3.12/site-packages/airflow/example_dags/example_branch_datetime_operator.py
[2024-05-20T03:07:59.409+0000] {processor.py:830} INFO - Processing file /home/airflow/.local/lib/python3.12/site-packages/airflow/example_dags/example_branch_datetime_operator.py for tasks to queue
[2024-05-20T03:07:59.411+0000] {logging_mixin.py:188} INFO - [2024-05-20T03:07:59.410+0000] {dagbag.py:545} INFO - Filling up the DagBag from /home/airflow/.local/lib/python3.12/site-packages/airflow/example_dags/example_branch_datetime_operator.py
[2024-05-20T03:07:59.419+0000] {processor.py:840} INFO - DAG(s) 'example_branch_datetime_operator_3', 'example_branch_datetime_operator', 'example_branch_datetime_operator_2' retrieved from /home/airflow/.local/lib/python3.12/site-packages/airflow/example_dags/example_branch_datetime_operator.py
[2024-05-20T03:07:59.431+0000] {logging_mixin.py:188} INFO - [2024-05-20T03:07:59.430+0000] {dag.py:3096} INFO - Sync 3 DAGs
[2024-05-20T03:07:59.449+0000] {logging_mixin.py:188} INFO - [2024-05-20T03:07:59.448+0000] {dag.py:3954} INFO - Setting next_dagrun for example_branch_datetime_operator to 2024-05-19 00:00:00+00:00, run_after=2024-05-20 00:00:00+00:00
[2024-05-20T03:07:59.452+0000] {logging_mixin.py:188} INFO - [2024-05-20T03:07:59.452+0000] {dag.py:3954} INFO - Setting next_dagrun for example_branch_datetime_operator_2 to 2024-05-19 00:00:00+00:00, run_after=2024-05-20 00:00:00+00:00
[2024-05-20T03:07:59.453+0000] {logging_mixin.py:188} INFO - [2024-05-20T03:07:59.453+0000] {dag.py:3954} INFO - Setting next_dagrun for example_branch_datetime_operator_3 to 2024-05-19 00:00:00+00:00, run_after=2024-05-20 00:00:00+00:00
[2024-05-20T03:07:59.467+0000] {processor.py:183} INFO - Processing /home/airflow/.local/lib/python3.12/site-packages/airflow/example_dags/example_branch_datetime_operator.py took 0.064 seconds
[2024-05-20T03:08:30.883+0000] {processor.py:161} INFO - Started process (PID=120) to work on /home/airflow/.local/lib/python3.12/site-packages/airflow/example_dags/example_branch_datetime_operator.py
[2024-05-20T03:08:30.884+0000] {processor.py:830} INFO - Processing file /home/airflow/.local/lib/python3.12/site-packages/airflow/example_dags/example_branch_datetime_operator.py for tasks to queue
[2024-05-20T03:08:30.885+0000] {logging_mixin.py:188} INFO - [2024-05-20T03:08:30.884+0000] {dagbag.py:545} INFO - Filling up the DagBag from /home/airflow/.local/lib/python3.12/site-packages/airflow/example_dags/example_branch_datetime_operator.py
[2024-05-20T03:08:30.889+0000] {processor.py:840} INFO - DAG(s) 'example_branch_datetime_operator_2', 'example_branch_datetime_operator', 'example_branch_datetime_operator_3' retrieved from /home/airflow/.local/lib/python3.12/site-packages/airflow/example_dags/example_branch_datetime_operator.py
[2024-05-20T03:08:30.947+0000] {logging_mixin.py:188} INFO - [2024-05-20T03:08:30.947+0000] {dag.py:3096} INFO - Sync 3 DAGs
[2024-05-20T03:08:30.956+0000] {logging_mixin.py:188} INFO - [2024-05-20T03:08:30.956+0000] {dag.py:3954} INFO - Setting next_dagrun for example_branch_datetime_operator to 2024-05-19 00:00:00+00:00, run_after=2024-05-20 00:00:00+00:00
[2024-05-20T03:08:30.958+0000] {logging_mixin.py:188} INFO - [2024-05-20T03:08:30.958+0000] {dag.py:3954} INFO - Setting next_dagrun for example_branch_datetime_operator_2 to 2024-05-19 00:00:00+00:00, run_after=2024-05-20 00:00:00+00:00
[2024-05-20T03:08:30.959+0000] {logging_mixin.py:188} INFO - [2024-05-20T03:08:30.959+0000] {dag.py:3954} INFO - Setting next_dagrun for example_branch_datetime_operator_3 to 2024-05-19 00:00:00+00:00, run_after=2024-05-20 00:00:00+00:00
[2024-05-20T03:08:30.967+0000] {processor.py:183} INFO - Processing /home/airflow/.local/lib/python3.12/site-packages/airflow/example_dags/example_branch_datetime_operator.py took 0.087 seconds
[2024-05-20T03:09:01.867+0000] {processor.py:161} INFO - Started process (PID=178) to work on /home/airflow/.local/lib/python3.12/site-packages/airflow/example_dags/example_branch_datetime_operator.py
[2024-05-20T03:09:01.867+0000] {processor.py:830} INFO - Processing file /home/airflow/.local/lib/python3.12/site-packages/airflow/example_dags/example_branch_datetime_operator.py for tasks to queue
[2024-05-20T03:09:01.868+0000] {logging_mixin.py:188} INFO - [2024-05-20T03:09:01.868+0000] {dagbag.py:545} INFO - Filling up the DagBag from /home/airflow/.local/lib/python3.12/site-packages/airflow/example_dags/example_branch_datetime_operator.py
[2024-05-20T03:09:01.873+0000] {processor.py:840} INFO - DAG(s) 'example_branch_datetime_operator_3', 'example_branch_datetime_operator_2', 'example_branch_datetime_operator' retrieved from /home/airflow/.local/lib/python3.12/site-packages/airflow/example_dags/example_branch_datetime_operator.py
[2024-05-20T03:09:01.886+0000] {logging_mixin.py:188} INFO - [2024-05-20T03:09:01.886+0000] {dag.py:3096} INFO - Sync 3 DAGs
[2024-05-20T03:09:01.899+0000] {logging_mixin.py:188} INFO - [2024-05-20T03:09:01.899+0000] {dag.py:3954} INFO - Setting next_dagrun for example_branch_datetime_operator to 2024-05-19 00:00:00+00:00, run_after=2024-05-20 00:00:00+00:00
[2024-05-20T03:09:01.903+0000] {logging_mixin.py:188} INFO - [2024-05-20T03:09:01.903+0000] {dag.py:3954} INFO - Setting next_dagrun for example_branch_datetime_operator_2 to 2024-05-19 00:00:00+00:00, run_after=2024-05-20 00:00:00+00:00
[2024-05-20T03:09:01.905+0000] {logging_mixin.py:188} INFO - [2024-05-20T03:09:01.904+0000] {dag.py:3954} INFO - Setting next_dagrun for example_branch_datetime_operator_3 to 2024-05-19 00:00:00+00:00, run_after=2024-05-20 00:00:00+00:00
[2024-05-20T03:09:01.914+0000] {processor.py:183} INFO - Processing /home/airflow/.local/lib/python3.12/site-packages/airflow/example_dags/example_branch_datetime_operator.py took 0.050 seconds
