[2024-05-20T02:51:40.515+0000] {processor.py:161} INFO - Started process (PID=42) to work on /home/airflow/.local/lib/python3.12/site-packages/airflow/example_dags/example_xcomargs.py
[2024-05-20T02:51:40.516+0000] {processor.py:830} INFO - Processing file /home/airflow/.local/lib/python3.12/site-packages/airflow/example_dags/example_xcomargs.py for tasks to queue
[2024-05-20T02:51:40.517+0000] {logging_mixin.py:188} INFO - [2024-05-20T02:51:40.517+0000] {dagbag.py:545} INFO - Filling up the DagBag from /home/airflow/.local/lib/python3.12/site-packages/airflow/example_dags/example_xcomargs.py
[2024-05-20T02:51:40.527+0000] {processor.py:840} INFO - DAG(s) 'example_xcom_args_with_operators', 'example_xcom_args' retrieved from /home/airflow/.local/lib/python3.12/site-packages/airflow/example_dags/example_xcomargs.py
[2024-05-20T02:51:40.537+0000] {logging_mixin.py:188} INFO - [2024-05-20T02:51:40.537+0000] {dag.py:3096} INFO - Sync 2 DAGs
[2024-05-20T02:51:40.548+0000] {logging_mixin.py:188} INFO - [2024-05-20T02:51:40.548+0000] {dag.py:3954} INFO - Setting next_dagrun for example_xcom_args to None, run_after=None
[2024-05-20T02:51:40.551+0000] {logging_mixin.py:188} INFO - [2024-05-20T02:51:40.551+0000] {dag.py:3954} INFO - Setting next_dagrun for example_xcom_args_with_operators to None, run_after=None
[2024-05-20T02:51:40.563+0000] {processor.py:183} INFO - Processing /home/airflow/.local/lib/python3.12/site-packages/airflow/example_dags/example_xcomargs.py took 0.051 seconds
[2024-05-20T02:52:10.770+0000] {processor.py:161} INFO - Started process (PID=100) to work on /home/airflow/.local/lib/python3.12/site-packages/airflow/example_dags/example_xcomargs.py
[2024-05-20T02:52:10.771+0000] {processor.py:830} INFO - Processing file /home/airflow/.local/lib/python3.12/site-packages/airflow/example_dags/example_xcomargs.py for tasks to queue
[2024-05-20T02:52:10.772+0000] {logging_mixin.py:188} INFO - [2024-05-20T02:52:10.772+0000] {dagbag.py:545} INFO - Filling up the DagBag from /home/airflow/.local/lib/python3.12/site-packages/airflow/example_dags/example_xcomargs.py
[2024-05-20T02:52:10.777+0000] {processor.py:840} INFO - DAG(s) 'example_xcom_args', 'example_xcom_args_with_operators' retrieved from /home/airflow/.local/lib/python3.12/site-packages/airflow/example_dags/example_xcomargs.py
[2024-05-20T02:52:10.828+0000] {logging_mixin.py:188} INFO - [2024-05-20T02:52:10.827+0000] {dag.py:3096} INFO - Sync 2 DAGs
[2024-05-20T02:52:10.832+0000] {logging_mixin.py:188} INFO - [2024-05-20T02:52:10.832+0000] {dag.py:3954} INFO - Setting next_dagrun for example_xcom_args to None, run_after=None
[2024-05-20T02:52:10.834+0000] {logging_mixin.py:188} INFO - [2024-05-20T02:52:10.834+0000] {dag.py:3954} INFO - Setting next_dagrun for example_xcom_args_with_operators to None, run_after=None
[2024-05-20T02:52:10.842+0000] {processor.py:183} INFO - Processing /home/airflow/.local/lib/python3.12/site-packages/airflow/example_dags/example_xcomargs.py took 0.074 seconds
[2024-05-20T02:52:40.909+0000] {processor.py:161} INFO - Started process (PID=158) to work on /home/airflow/.local/lib/python3.12/site-packages/airflow/example_dags/example_xcomargs.py
[2024-05-20T02:52:40.910+0000] {processor.py:830} INFO - Processing file /home/airflow/.local/lib/python3.12/site-packages/airflow/example_dags/example_xcomargs.py for tasks to queue
[2024-05-20T02:52:40.911+0000] {logging_mixin.py:188} INFO - [2024-05-20T02:52:40.911+0000] {dagbag.py:545} INFO - Filling up the DagBag from /home/airflow/.local/lib/python3.12/site-packages/airflow/example_dags/example_xcomargs.py
[2024-05-20T02:52:40.915+0000] {processor.py:840} INFO - DAG(s) 'example_xcom_args', 'example_xcom_args_with_operators' retrieved from /home/airflow/.local/lib/python3.12/site-packages/airflow/example_dags/example_xcomargs.py
[2024-05-20T02:52:40.927+0000] {logging_mixin.py:188} INFO - [2024-05-20T02:52:40.927+0000] {dag.py:3096} INFO - Sync 2 DAGs
[2024-05-20T02:52:40.933+0000] {logging_mixin.py:188} INFO - [2024-05-20T02:52:40.933+0000] {dag.py:3954} INFO - Setting next_dagrun for example_xcom_args to None, run_after=None
[2024-05-20T02:52:40.935+0000] {logging_mixin.py:188} INFO - [2024-05-20T02:52:40.935+0000] {dag.py:3954} INFO - Setting next_dagrun for example_xcom_args_with_operators to None, run_after=None
[2024-05-20T02:52:40.942+0000] {processor.py:183} INFO - Processing /home/airflow/.local/lib/python3.12/site-packages/airflow/example_dags/example_xcomargs.py took 0.036 seconds
[2024-05-20T02:53:11.126+0000] {processor.py:161} INFO - Started process (PID=216) to work on /home/airflow/.local/lib/python3.12/site-packages/airflow/example_dags/example_xcomargs.py
[2024-05-20T02:53:11.127+0000] {processor.py:830} INFO - Processing file /home/airflow/.local/lib/python3.12/site-packages/airflow/example_dags/example_xcomargs.py for tasks to queue
[2024-05-20T02:53:11.128+0000] {logging_mixin.py:188} INFO - [2024-05-20T02:53:11.128+0000] {dagbag.py:545} INFO - Filling up the DagBag from /home/airflow/.local/lib/python3.12/site-packages/airflow/example_dags/example_xcomargs.py
[2024-05-20T02:53:11.133+0000] {processor.py:840} INFO - DAG(s) 'example_xcom_args', 'example_xcom_args_with_operators' retrieved from /home/airflow/.local/lib/python3.12/site-packages/airflow/example_dags/example_xcomargs.py
[2024-05-20T02:53:11.166+0000] {logging_mixin.py:188} INFO - [2024-05-20T02:53:11.166+0000] {dag.py:3096} INFO - Sync 2 DAGs
[2024-05-20T02:53:11.174+0000] {logging_mixin.py:188} INFO - [2024-05-20T02:53:11.174+0000] {dag.py:3954} INFO - Setting next_dagrun for example_xcom_args to None, run_after=None
[2024-05-20T02:53:11.180+0000] {logging_mixin.py:188} INFO - [2024-05-20T02:53:11.180+0000] {dag.py:3954} INFO - Setting next_dagrun for example_xcom_args_with_operators to None, run_after=None
[2024-05-20T02:53:11.202+0000] {processor.py:183} INFO - Processing /home/airflow/.local/lib/python3.12/site-packages/airflow/example_dags/example_xcomargs.py took 0.079 seconds
[2024-05-20T02:53:41.270+0000] {processor.py:161} INFO - Started process (PID=274) to work on /home/airflow/.local/lib/python3.12/site-packages/airflow/example_dags/example_xcomargs.py
[2024-05-20T02:53:41.271+0000] {processor.py:830} INFO - Processing file /home/airflow/.local/lib/python3.12/site-packages/airflow/example_dags/example_xcomargs.py for tasks to queue
[2024-05-20T02:53:41.272+0000] {logging_mixin.py:188} INFO - [2024-05-20T02:53:41.272+0000] {dagbag.py:545} INFO - Filling up the DagBag from /home/airflow/.local/lib/python3.12/site-packages/airflow/example_dags/example_xcomargs.py
[2024-05-20T02:53:41.276+0000] {processor.py:840} INFO - DAG(s) 'example_xcom_args', 'example_xcom_args_with_operators' retrieved from /home/airflow/.local/lib/python3.12/site-packages/airflow/example_dags/example_xcomargs.py
[2024-05-20T02:53:41.288+0000] {logging_mixin.py:188} INFO - [2024-05-20T02:53:41.288+0000] {dag.py:3096} INFO - Sync 2 DAGs
[2024-05-20T02:53:41.294+0000] {logging_mixin.py:188} INFO - [2024-05-20T02:53:41.293+0000] {dag.py:3954} INFO - Setting next_dagrun for example_xcom_args to None, run_after=None
[2024-05-20T02:53:41.296+0000] {logging_mixin.py:188} INFO - [2024-05-20T02:53:41.296+0000] {dag.py:3954} INFO - Setting next_dagrun for example_xcom_args_with_operators to None, run_after=None
[2024-05-20T02:53:41.303+0000] {processor.py:183} INFO - Processing /home/airflow/.local/lib/python3.12/site-packages/airflow/example_dags/example_xcomargs.py took 0.036 seconds
[2024-05-20T02:54:11.988+0000] {processor.py:161} INFO - Started process (PID=332) to work on /home/airflow/.local/lib/python3.12/site-packages/airflow/example_dags/example_xcomargs.py
[2024-05-20T02:54:11.989+0000] {processor.py:830} INFO - Processing file /home/airflow/.local/lib/python3.12/site-packages/airflow/example_dags/example_xcomargs.py for tasks to queue
[2024-05-20T02:54:11.990+0000] {logging_mixin.py:188} INFO - [2024-05-20T02:54:11.990+0000] {dagbag.py:545} INFO - Filling up the DagBag from /home/airflow/.local/lib/python3.12/site-packages/airflow/example_dags/example_xcomargs.py
[2024-05-20T02:54:11.994+0000] {processor.py:840} INFO - DAG(s) 'example_xcom_args', 'example_xcom_args_with_operators' retrieved from /home/airflow/.local/lib/python3.12/site-packages/airflow/example_dags/example_xcomargs.py
[2024-05-20T02:54:12.006+0000] {logging_mixin.py:188} INFO - [2024-05-20T02:54:12.006+0000] {dag.py:3096} INFO - Sync 2 DAGs
[2024-05-20T02:54:12.012+0000] {logging_mixin.py:188} INFO - [2024-05-20T02:54:12.012+0000] {dag.py:3954} INFO - Setting next_dagrun for example_xcom_args to None, run_after=None
[2024-05-20T02:54:12.014+0000] {logging_mixin.py:188} INFO - [2024-05-20T02:54:12.014+0000] {dag.py:3954} INFO - Setting next_dagrun for example_xcom_args_with_operators to None, run_after=None
[2024-05-20T02:54:12.021+0000] {processor.py:183} INFO - Processing /home/airflow/.local/lib/python3.12/site-packages/airflow/example_dags/example_xcomargs.py took 0.036 seconds
[2024-05-20T02:54:42.698+0000] {processor.py:161} INFO - Started process (PID=390) to work on /home/airflow/.local/lib/python3.12/site-packages/airflow/example_dags/example_xcomargs.py
[2024-05-20T02:54:42.699+0000] {processor.py:830} INFO - Processing file /home/airflow/.local/lib/python3.12/site-packages/airflow/example_dags/example_xcomargs.py for tasks to queue
[2024-05-20T02:54:42.700+0000] {logging_mixin.py:188} INFO - [2024-05-20T02:54:42.700+0000] {dagbag.py:545} INFO - Filling up the DagBag from /home/airflow/.local/lib/python3.12/site-packages/airflow/example_dags/example_xcomargs.py
[2024-05-20T02:54:42.704+0000] {processor.py:840} INFO - DAG(s) 'example_xcom_args', 'example_xcom_args_with_operators' retrieved from /home/airflow/.local/lib/python3.12/site-packages/airflow/example_dags/example_xcomargs.py
[2024-05-20T02:54:42.716+0000] {logging_mixin.py:188} INFO - [2024-05-20T02:54:42.716+0000] {dag.py:3096} INFO - Sync 2 DAGs
[2024-05-20T02:54:42.723+0000] {logging_mixin.py:188} INFO - [2024-05-20T02:54:42.723+0000] {dag.py:3954} INFO - Setting next_dagrun for example_xcom_args to None, run_after=None
[2024-05-20T02:54:42.725+0000] {logging_mixin.py:188} INFO - [2024-05-20T02:54:42.725+0000] {dag.py:3954} INFO - Setting next_dagrun for example_xcom_args_with_operators to None, run_after=None
[2024-05-20T02:54:42.733+0000] {processor.py:183} INFO - Processing /home/airflow/.local/lib/python3.12/site-packages/airflow/example_dags/example_xcomargs.py took 0.037 seconds
[2024-05-20T02:55:13.542+0000] {processor.py:161} INFO - Started process (PID=448) to work on /home/airflow/.local/lib/python3.12/site-packages/airflow/example_dags/example_xcomargs.py
[2024-05-20T02:55:13.543+0000] {processor.py:830} INFO - Processing file /home/airflow/.local/lib/python3.12/site-packages/airflow/example_dags/example_xcomargs.py for tasks to queue
[2024-05-20T02:55:13.544+0000] {logging_mixin.py:188} INFO - [2024-05-20T02:55:13.544+0000] {dagbag.py:545} INFO - Filling up the DagBag from /home/airflow/.local/lib/python3.12/site-packages/airflow/example_dags/example_xcomargs.py
[2024-05-20T02:55:13.550+0000] {processor.py:840} INFO - DAG(s) 'example_xcom_args', 'example_xcom_args_with_operators' retrieved from /home/airflow/.local/lib/python3.12/site-packages/airflow/example_dags/example_xcomargs.py
[2024-05-20T02:55:13.567+0000] {logging_mixin.py:188} INFO - [2024-05-20T02:55:13.567+0000] {dag.py:3096} INFO - Sync 2 DAGs
[2024-05-20T02:55:13.574+0000] {logging_mixin.py:188} INFO - [2024-05-20T02:55:13.574+0000] {dag.py:3954} INFO - Setting next_dagrun for example_xcom_args to None, run_after=None
[2024-05-20T02:55:13.577+0000] {logging_mixin.py:188} INFO - [2024-05-20T02:55:13.576+0000] {dag.py:3954} INFO - Setting next_dagrun for example_xcom_args_with_operators to None, run_after=None
[2024-05-20T02:55:13.586+0000] {processor.py:183} INFO - Processing /home/airflow/.local/lib/python3.12/site-packages/airflow/example_dags/example_xcomargs.py took 0.047 seconds
[2024-05-20T02:55:44.249+0000] {processor.py:161} INFO - Started process (PID=506) to work on /home/airflow/.local/lib/python3.12/site-packages/airflow/example_dags/example_xcomargs.py
[2024-05-20T02:55:44.250+0000] {processor.py:830} INFO - Processing file /home/airflow/.local/lib/python3.12/site-packages/airflow/example_dags/example_xcomargs.py for tasks to queue
[2024-05-20T02:55:44.251+0000] {logging_mixin.py:188} INFO - [2024-05-20T02:55:44.251+0000] {dagbag.py:545} INFO - Filling up the DagBag from /home/airflow/.local/lib/python3.12/site-packages/airflow/example_dags/example_xcomargs.py
[2024-05-20T02:55:44.256+0000] {processor.py:840} INFO - DAG(s) 'example_xcom_args', 'example_xcom_args_with_operators' retrieved from /home/airflow/.local/lib/python3.12/site-packages/airflow/example_dags/example_xcomargs.py
[2024-05-20T02:55:44.269+0000] {logging_mixin.py:188} INFO - [2024-05-20T02:55:44.268+0000] {dag.py:3096} INFO - Sync 2 DAGs
[2024-05-20T02:55:44.275+0000] {logging_mixin.py:188} INFO - [2024-05-20T02:55:44.275+0000] {dag.py:3954} INFO - Setting next_dagrun for example_xcom_args to None, run_after=None
[2024-05-20T02:55:44.277+0000] {logging_mixin.py:188} INFO - [2024-05-20T02:55:44.277+0000] {dag.py:3954} INFO - Setting next_dagrun for example_xcom_args_with_operators to None, run_after=None
[2024-05-20T02:55:44.286+0000] {processor.py:183} INFO - Processing /home/airflow/.local/lib/python3.12/site-packages/airflow/example_dags/example_xcomargs.py took 0.040 seconds
[2024-05-20T02:56:14.427+0000] {processor.py:161} INFO - Started process (PID=564) to work on /home/airflow/.local/lib/python3.12/site-packages/airflow/example_dags/example_xcomargs.py
[2024-05-20T02:56:14.429+0000] {processor.py:830} INFO - Processing file /home/airflow/.local/lib/python3.12/site-packages/airflow/example_dags/example_xcomargs.py for tasks to queue
[2024-05-20T02:56:14.433+0000] {logging_mixin.py:188} INFO - [2024-05-20T02:56:14.433+0000] {dagbag.py:545} INFO - Filling up the DagBag from /home/airflow/.local/lib/python3.12/site-packages/airflow/example_dags/example_xcomargs.py
[2024-05-20T02:56:14.438+0000] {processor.py:840} INFO - DAG(s) 'example_xcom_args_with_operators', 'example_xcom_args' retrieved from /home/airflow/.local/lib/python3.12/site-packages/airflow/example_dags/example_xcomargs.py
[2024-05-20T02:56:14.451+0000] {logging_mixin.py:188} INFO - [2024-05-20T02:56:14.451+0000] {dag.py:3096} INFO - Sync 2 DAGs
[2024-05-20T02:56:14.458+0000] {logging_mixin.py:188} INFO - [2024-05-20T02:56:14.457+0000] {dag.py:3954} INFO - Setting next_dagrun for example_xcom_args to None, run_after=None
[2024-05-20T02:56:14.460+0000] {logging_mixin.py:188} INFO - [2024-05-20T02:56:14.460+0000] {dag.py:3954} INFO - Setting next_dagrun for example_xcom_args_with_operators to None, run_after=None
[2024-05-20T02:56:14.469+0000] {processor.py:183} INFO - Processing /home/airflow/.local/lib/python3.12/site-packages/airflow/example_dags/example_xcomargs.py took 0.046 seconds
[2024-05-20T02:56:44.657+0000] {processor.py:161} INFO - Started process (PID=622) to work on /home/airflow/.local/lib/python3.12/site-packages/airflow/example_dags/example_xcomargs.py
[2024-05-20T02:56:44.658+0000] {processor.py:830} INFO - Processing file /home/airflow/.local/lib/python3.12/site-packages/airflow/example_dags/example_xcomargs.py for tasks to queue
[2024-05-20T02:56:44.659+0000] {logging_mixin.py:188} INFO - [2024-05-20T02:56:44.659+0000] {dagbag.py:545} INFO - Filling up the DagBag from /home/airflow/.local/lib/python3.12/site-packages/airflow/example_dags/example_xcomargs.py
[2024-05-20T02:56:44.664+0000] {processor.py:840} INFO - DAG(s) 'example_xcom_args', 'example_xcom_args_with_operators' retrieved from /home/airflow/.local/lib/python3.12/site-packages/airflow/example_dags/example_xcomargs.py
[2024-05-20T02:56:44.677+0000] {logging_mixin.py:188} INFO - [2024-05-20T02:56:44.677+0000] {dag.py:3096} INFO - Sync 2 DAGs
[2024-05-20T02:56:44.684+0000] {logging_mixin.py:188} INFO - [2024-05-20T02:56:44.684+0000] {dag.py:3954} INFO - Setting next_dagrun for example_xcom_args to None, run_after=None
[2024-05-20T02:56:44.687+0000] {logging_mixin.py:188} INFO - [2024-05-20T02:56:44.687+0000] {dag.py:3954} INFO - Setting next_dagrun for example_xcom_args_with_operators to None, run_after=None
[2024-05-20T02:56:44.696+0000] {processor.py:183} INFO - Processing /home/airflow/.local/lib/python3.12/site-packages/airflow/example_dags/example_xcomargs.py took 0.042 seconds
[2024-05-20T02:57:15.422+0000] {processor.py:161} INFO - Started process (PID=680) to work on /home/airflow/.local/lib/python3.12/site-packages/airflow/example_dags/example_xcomargs.py
[2024-05-20T02:57:15.423+0000] {processor.py:830} INFO - Processing file /home/airflow/.local/lib/python3.12/site-packages/airflow/example_dags/example_xcomargs.py for tasks to queue
[2024-05-20T02:57:15.424+0000] {logging_mixin.py:188} INFO - [2024-05-20T02:57:15.423+0000] {dagbag.py:545} INFO - Filling up the DagBag from /home/airflow/.local/lib/python3.12/site-packages/airflow/example_dags/example_xcomargs.py
[2024-05-20T02:57:15.428+0000] {processor.py:840} INFO - DAG(s) 'example_xcom_args', 'example_xcom_args_with_operators' retrieved from /home/airflow/.local/lib/python3.12/site-packages/airflow/example_dags/example_xcomargs.py
[2024-05-20T02:57:15.439+0000] {logging_mixin.py:188} INFO - [2024-05-20T02:57:15.438+0000] {dag.py:3096} INFO - Sync 2 DAGs
[2024-05-20T02:57:15.444+0000] {logging_mixin.py:188} INFO - [2024-05-20T02:57:15.444+0000] {dag.py:3954} INFO - Setting next_dagrun for example_xcom_args to None, run_after=None
[2024-05-20T02:57:15.446+0000] {logging_mixin.py:188} INFO - [2024-05-20T02:57:15.446+0000] {dag.py:3954} INFO - Setting next_dagrun for example_xcom_args_with_operators to None, run_after=None
[2024-05-20T02:57:15.454+0000] {processor.py:183} INFO - Processing /home/airflow/.local/lib/python3.12/site-packages/airflow/example_dags/example_xcomargs.py took 0.035 seconds
[2024-05-20T02:57:46.333+0000] {processor.py:161} INFO - Started process (PID=738) to work on /home/airflow/.local/lib/python3.12/site-packages/airflow/example_dags/example_xcomargs.py
[2024-05-20T02:57:46.336+0000] {processor.py:830} INFO - Processing file /home/airflow/.local/lib/python3.12/site-packages/airflow/example_dags/example_xcomargs.py for tasks to queue
[2024-05-20T02:57:46.337+0000] {logging_mixin.py:188} INFO - [2024-05-20T02:57:46.337+0000] {dagbag.py:545} INFO - Filling up the DagBag from /home/airflow/.local/lib/python3.12/site-packages/airflow/example_dags/example_xcomargs.py
[2024-05-20T02:57:46.342+0000] {processor.py:840} INFO - DAG(s) 'example_xcom_args', 'example_xcom_args_with_operators' retrieved from /home/airflow/.local/lib/python3.12/site-packages/airflow/example_dags/example_xcomargs.py
[2024-05-20T02:57:46.355+0000] {logging_mixin.py:188} INFO - [2024-05-20T02:57:46.355+0000] {dag.py:3096} INFO - Sync 2 DAGs
[2024-05-20T02:57:46.362+0000] {logging_mixin.py:188} INFO - [2024-05-20T02:57:46.362+0000] {dag.py:3954} INFO - Setting next_dagrun for example_xcom_args to None, run_after=None
[2024-05-20T02:57:46.365+0000] {logging_mixin.py:188} INFO - [2024-05-20T02:57:46.365+0000] {dag.py:3954} INFO - Setting next_dagrun for example_xcom_args_with_operators to None, run_after=None
[2024-05-20T02:57:46.374+0000] {processor.py:183} INFO - Processing /home/airflow/.local/lib/python3.12/site-packages/airflow/example_dags/example_xcomargs.py took 0.046 seconds
[2024-05-20T02:58:16.434+0000] {processor.py:161} INFO - Started process (PID=796) to work on /home/airflow/.local/lib/python3.12/site-packages/airflow/example_dags/example_xcomargs.py
[2024-05-20T02:58:16.435+0000] {processor.py:830} INFO - Processing file /home/airflow/.local/lib/python3.12/site-packages/airflow/example_dags/example_xcomargs.py for tasks to queue
[2024-05-20T02:58:16.436+0000] {logging_mixin.py:188} INFO - [2024-05-20T02:58:16.436+0000] {dagbag.py:545} INFO - Filling up the DagBag from /home/airflow/.local/lib/python3.12/site-packages/airflow/example_dags/example_xcomargs.py
[2024-05-20T02:58:16.442+0000] {processor.py:840} INFO - DAG(s) 'example_xcom_args_with_operators', 'example_xcom_args' retrieved from /home/airflow/.local/lib/python3.12/site-packages/airflow/example_dags/example_xcomargs.py
[2024-05-20T02:58:16.454+0000] {logging_mixin.py:188} INFO - [2024-05-20T02:58:16.454+0000] {dag.py:3096} INFO - Sync 2 DAGs
[2024-05-20T02:58:16.460+0000] {logging_mixin.py:188} INFO - [2024-05-20T02:58:16.460+0000] {dag.py:3954} INFO - Setting next_dagrun for example_xcom_args to None, run_after=None
[2024-05-20T02:58:16.462+0000] {logging_mixin.py:188} INFO - [2024-05-20T02:58:16.462+0000] {dag.py:3954} INFO - Setting next_dagrun for example_xcom_args_with_operators to None, run_after=None
[2024-05-20T02:58:16.470+0000] {processor.py:183} INFO - Processing /home/airflow/.local/lib/python3.12/site-packages/airflow/example_dags/example_xcomargs.py took 0.039 seconds
[2024-05-20T02:58:47.117+0000] {processor.py:161} INFO - Started process (PID=854) to work on /home/airflow/.local/lib/python3.12/site-packages/airflow/example_dags/example_xcomargs.py
[2024-05-20T02:58:47.117+0000] {processor.py:830} INFO - Processing file /home/airflow/.local/lib/python3.12/site-packages/airflow/example_dags/example_xcomargs.py for tasks to queue
[2024-05-20T02:58:47.118+0000] {logging_mixin.py:188} INFO - [2024-05-20T02:58:47.118+0000] {dagbag.py:545} INFO - Filling up the DagBag from /home/airflow/.local/lib/python3.12/site-packages/airflow/example_dags/example_xcomargs.py
[2024-05-20T02:58:47.124+0000] {processor.py:840} INFO - DAG(s) 'example_xcom_args', 'example_xcom_args_with_operators' retrieved from /home/airflow/.local/lib/python3.12/site-packages/airflow/example_dags/example_xcomargs.py
[2024-05-20T02:58:47.136+0000] {logging_mixin.py:188} INFO - [2024-05-20T02:58:47.136+0000] {dag.py:3096} INFO - Sync 2 DAGs
[2024-05-20T02:58:47.143+0000] {logging_mixin.py:188} INFO - [2024-05-20T02:58:47.143+0000] {dag.py:3954} INFO - Setting next_dagrun for example_xcom_args to None, run_after=None
[2024-05-20T02:58:47.146+0000] {logging_mixin.py:188} INFO - [2024-05-20T02:58:47.145+0000] {dag.py:3954} INFO - Setting next_dagrun for example_xcom_args_with_operators to None, run_after=None
[2024-05-20T02:58:47.154+0000] {processor.py:183} INFO - Processing /home/airflow/.local/lib/python3.12/site-packages/airflow/example_dags/example_xcomargs.py took 0.040 seconds
[2024-05-20T02:59:17.950+0000] {processor.py:161} INFO - Started process (PID=912) to work on /home/airflow/.local/lib/python3.12/site-packages/airflow/example_dags/example_xcomargs.py
[2024-05-20T02:59:17.951+0000] {processor.py:830} INFO - Processing file /home/airflow/.local/lib/python3.12/site-packages/airflow/example_dags/example_xcomargs.py for tasks to queue
[2024-05-20T02:59:17.952+0000] {logging_mixin.py:188} INFO - [2024-05-20T02:59:17.952+0000] {dagbag.py:545} INFO - Filling up the DagBag from /home/airflow/.local/lib/python3.12/site-packages/airflow/example_dags/example_xcomargs.py
[2024-05-20T02:59:17.957+0000] {processor.py:840} INFO - DAG(s) 'example_xcom_args', 'example_xcom_args_with_operators' retrieved from /home/airflow/.local/lib/python3.12/site-packages/airflow/example_dags/example_xcomargs.py
[2024-05-20T02:59:17.969+0000] {logging_mixin.py:188} INFO - [2024-05-20T02:59:17.969+0000] {dag.py:3096} INFO - Sync 2 DAGs
[2024-05-20T02:59:17.976+0000] {logging_mixin.py:188} INFO - [2024-05-20T02:59:17.976+0000] {dag.py:3954} INFO - Setting next_dagrun for example_xcom_args to None, run_after=None
[2024-05-20T02:59:17.979+0000] {logging_mixin.py:188} INFO - [2024-05-20T02:59:17.979+0000] {dag.py:3954} INFO - Setting next_dagrun for example_xcom_args_with_operators to None, run_after=None
[2024-05-20T02:59:17.987+0000] {processor.py:183} INFO - Processing /home/airflow/.local/lib/python3.12/site-packages/airflow/example_dags/example_xcomargs.py took 0.040 seconds
[2024-05-20T02:59:48.778+0000] {processor.py:161} INFO - Started process (PID=970) to work on /home/airflow/.local/lib/python3.12/site-packages/airflow/example_dags/example_xcomargs.py
[2024-05-20T02:59:48.778+0000] {processor.py:830} INFO - Processing file /home/airflow/.local/lib/python3.12/site-packages/airflow/example_dags/example_xcomargs.py for tasks to queue
[2024-05-20T02:59:48.779+0000] {logging_mixin.py:188} INFO - [2024-05-20T02:59:48.779+0000] {dagbag.py:545} INFO - Filling up the DagBag from /home/airflow/.local/lib/python3.12/site-packages/airflow/example_dags/example_xcomargs.py
[2024-05-20T02:59:48.784+0000] {processor.py:840} INFO - DAG(s) 'example_xcom_args', 'example_xcom_args_with_operators' retrieved from /home/airflow/.local/lib/python3.12/site-packages/airflow/example_dags/example_xcomargs.py
[2024-05-20T02:59:48.797+0000] {logging_mixin.py:188} INFO - [2024-05-20T02:59:48.796+0000] {dag.py:3096} INFO - Sync 2 DAGs
[2024-05-20T02:59:48.803+0000] {logging_mixin.py:188} INFO - [2024-05-20T02:59:48.803+0000] {dag.py:3954} INFO - Setting next_dagrun for example_xcom_args to None, run_after=None
[2024-05-20T02:59:48.805+0000] {logging_mixin.py:188} INFO - [2024-05-20T02:59:48.805+0000] {dag.py:3954} INFO - Setting next_dagrun for example_xcom_args_with_operators to None, run_after=None
[2024-05-20T02:59:48.813+0000] {processor.py:183} INFO - Processing /home/airflow/.local/lib/python3.12/site-packages/airflow/example_dags/example_xcomargs.py took 0.038 seconds
[2024-05-20T03:00:19.629+0000] {processor.py:161} INFO - Started process (PID=1028) to work on /home/airflow/.local/lib/python3.12/site-packages/airflow/example_dags/example_xcomargs.py
[2024-05-20T03:00:19.630+0000] {processor.py:830} INFO - Processing file /home/airflow/.local/lib/python3.12/site-packages/airflow/example_dags/example_xcomargs.py for tasks to queue
[2024-05-20T03:00:19.631+0000] {logging_mixin.py:188} INFO - [2024-05-20T03:00:19.631+0000] {dagbag.py:545} INFO - Filling up the DagBag from /home/airflow/.local/lib/python3.12/site-packages/airflow/example_dags/example_xcomargs.py
[2024-05-20T03:00:19.635+0000] {processor.py:840} INFO - DAG(s) 'example_xcom_args_with_operators', 'example_xcom_args' retrieved from /home/airflow/.local/lib/python3.12/site-packages/airflow/example_dags/example_xcomargs.py
[2024-05-20T03:00:19.647+0000] {logging_mixin.py:188} INFO - [2024-05-20T03:00:19.647+0000] {dag.py:3096} INFO - Sync 2 DAGs
[2024-05-20T03:00:19.653+0000] {logging_mixin.py:188} INFO - [2024-05-20T03:00:19.653+0000] {dag.py:3954} INFO - Setting next_dagrun for example_xcom_args to None, run_after=None
[2024-05-20T03:00:19.655+0000] {logging_mixin.py:188} INFO - [2024-05-20T03:00:19.655+0000] {dag.py:3954} INFO - Setting next_dagrun for example_xcom_args_with_operators to None, run_after=None
[2024-05-20T03:00:19.662+0000] {processor.py:183} INFO - Processing /home/airflow/.local/lib/python3.12/site-packages/airflow/example_dags/example_xcomargs.py took 0.036 seconds
[2024-05-20T03:00:50.233+0000] {processor.py:161} INFO - Started process (PID=1086) to work on /home/airflow/.local/lib/python3.12/site-packages/airflow/example_dags/example_xcomargs.py
[2024-05-20T03:00:50.234+0000] {processor.py:830} INFO - Processing file /home/airflow/.local/lib/python3.12/site-packages/airflow/example_dags/example_xcomargs.py for tasks to queue
[2024-05-20T03:00:50.235+0000] {logging_mixin.py:188} INFO - [2024-05-20T03:00:50.235+0000] {dagbag.py:545} INFO - Filling up the DagBag from /home/airflow/.local/lib/python3.12/site-packages/airflow/example_dags/example_xcomargs.py
[2024-05-20T03:00:50.240+0000] {processor.py:840} INFO - DAG(s) 'example_xcom_args_with_operators', 'example_xcom_args' retrieved from /home/airflow/.local/lib/python3.12/site-packages/airflow/example_dags/example_xcomargs.py
[2024-05-20T03:00:50.252+0000] {logging_mixin.py:188} INFO - [2024-05-20T03:00:50.252+0000] {dag.py:3096} INFO - Sync 2 DAGs
[2024-05-20T03:00:50.258+0000] {logging_mixin.py:188} INFO - [2024-05-20T03:00:50.258+0000] {dag.py:3954} INFO - Setting next_dagrun for example_xcom_args to None, run_after=None
[2024-05-20T03:00:50.260+0000] {logging_mixin.py:188} INFO - [2024-05-20T03:00:50.260+0000] {dag.py:3954} INFO - Setting next_dagrun for example_xcom_args_with_operators to None, run_after=None
[2024-05-20T03:00:50.281+0000] {processor.py:183} INFO - Processing /home/airflow/.local/lib/python3.12/site-packages/airflow/example_dags/example_xcomargs.py took 0.050 seconds
[2024-05-20T03:01:20.445+0000] {processor.py:161} INFO - Started process (PID=1144) to work on /home/airflow/.local/lib/python3.12/site-packages/airflow/example_dags/example_xcomargs.py
[2024-05-20T03:01:20.445+0000] {processor.py:830} INFO - Processing file /home/airflow/.local/lib/python3.12/site-packages/airflow/example_dags/example_xcomargs.py for tasks to queue
[2024-05-20T03:01:20.446+0000] {logging_mixin.py:188} INFO - [2024-05-20T03:01:20.446+0000] {dagbag.py:545} INFO - Filling up the DagBag from /home/airflow/.local/lib/python3.12/site-packages/airflow/example_dags/example_xcomargs.py
[2024-05-20T03:01:20.451+0000] {processor.py:840} INFO - DAG(s) 'example_xcom_args', 'example_xcom_args_with_operators' retrieved from /home/airflow/.local/lib/python3.12/site-packages/airflow/example_dags/example_xcomargs.py
[2024-05-20T03:01:20.463+0000] {logging_mixin.py:188} INFO - [2024-05-20T03:01:20.463+0000] {dag.py:3096} INFO - Sync 2 DAGs
[2024-05-20T03:01:20.469+0000] {logging_mixin.py:188} INFO - [2024-05-20T03:01:20.469+0000] {dag.py:3954} INFO - Setting next_dagrun for example_xcom_args to None, run_after=None
[2024-05-20T03:01:20.471+0000] {logging_mixin.py:188} INFO - [2024-05-20T03:01:20.471+0000] {dag.py:3954} INFO - Setting next_dagrun for example_xcom_args_with_operators to None, run_after=None
[2024-05-20T03:01:20.479+0000] {processor.py:183} INFO - Processing /home/airflow/.local/lib/python3.12/site-packages/airflow/example_dags/example_xcomargs.py took 0.038 seconds
[2024-05-20T03:01:51.181+0000] {processor.py:161} INFO - Started process (PID=1202) to work on /home/airflow/.local/lib/python3.12/site-packages/airflow/example_dags/example_xcomargs.py
[2024-05-20T03:01:51.182+0000] {processor.py:830} INFO - Processing file /home/airflow/.local/lib/python3.12/site-packages/airflow/example_dags/example_xcomargs.py for tasks to queue
[2024-05-20T03:01:51.183+0000] {logging_mixin.py:188} INFO - [2024-05-20T03:01:51.183+0000] {dagbag.py:545} INFO - Filling up the DagBag from /home/airflow/.local/lib/python3.12/site-packages/airflow/example_dags/example_xcomargs.py
[2024-05-20T03:01:51.187+0000] {processor.py:840} INFO - DAG(s) 'example_xcom_args', 'example_xcom_args_with_operators' retrieved from /home/airflow/.local/lib/python3.12/site-packages/airflow/example_dags/example_xcomargs.py
[2024-05-20T03:01:51.200+0000] {logging_mixin.py:188} INFO - [2024-05-20T03:01:51.200+0000] {dag.py:3096} INFO - Sync 2 DAGs
[2024-05-20T03:01:51.206+0000] {logging_mixin.py:188} INFO - [2024-05-20T03:01:51.206+0000] {dag.py:3954} INFO - Setting next_dagrun for example_xcom_args to None, run_after=None
[2024-05-20T03:01:51.209+0000] {logging_mixin.py:188} INFO - [2024-05-20T03:01:51.209+0000] {dag.py:3954} INFO - Setting next_dagrun for example_xcom_args_with_operators to None, run_after=None
[2024-05-20T03:01:51.217+0000] {processor.py:183} INFO - Processing /home/airflow/.local/lib/python3.12/site-packages/airflow/example_dags/example_xcomargs.py took 0.039 seconds
[2024-05-20T03:02:21.954+0000] {processor.py:161} INFO - Started process (PID=1260) to work on /home/airflow/.local/lib/python3.12/site-packages/airflow/example_dags/example_xcomargs.py
[2024-05-20T03:02:21.954+0000] {processor.py:830} INFO - Processing file /home/airflow/.local/lib/python3.12/site-packages/airflow/example_dags/example_xcomargs.py for tasks to queue
[2024-05-20T03:02:21.955+0000] {logging_mixin.py:188} INFO - [2024-05-20T03:02:21.955+0000] {dagbag.py:545} INFO - Filling up the DagBag from /home/airflow/.local/lib/python3.12/site-packages/airflow/example_dags/example_xcomargs.py
[2024-05-20T03:02:21.960+0000] {processor.py:840} INFO - DAG(s) 'example_xcom_args', 'example_xcom_args_with_operators' retrieved from /home/airflow/.local/lib/python3.12/site-packages/airflow/example_dags/example_xcomargs.py
[2024-05-20T03:02:21.973+0000] {logging_mixin.py:188} INFO - [2024-05-20T03:02:21.972+0000] {dag.py:3096} INFO - Sync 2 DAGs
[2024-05-20T03:02:21.979+0000] {logging_mixin.py:188} INFO - [2024-05-20T03:02:21.979+0000] {dag.py:3954} INFO - Setting next_dagrun for example_xcom_args to None, run_after=None
[2024-05-20T03:02:21.981+0000] {logging_mixin.py:188} INFO - [2024-05-20T03:02:21.981+0000] {dag.py:3954} INFO - Setting next_dagrun for example_xcom_args_with_operators to None, run_after=None
[2024-05-20T03:02:21.989+0000] {processor.py:183} INFO - Processing /home/airflow/.local/lib/python3.12/site-packages/airflow/example_dags/example_xcomargs.py took 0.038 seconds
[2024-05-20T03:02:52.040+0000] {processor.py:161} INFO - Started process (PID=1318) to work on /home/airflow/.local/lib/python3.12/site-packages/airflow/example_dags/example_xcomargs.py
[2024-05-20T03:02:52.041+0000] {processor.py:830} INFO - Processing file /home/airflow/.local/lib/python3.12/site-packages/airflow/example_dags/example_xcomargs.py for tasks to queue
[2024-05-20T03:02:52.042+0000] {logging_mixin.py:188} INFO - [2024-05-20T03:02:52.042+0000] {dagbag.py:545} INFO - Filling up the DagBag from /home/airflow/.local/lib/python3.12/site-packages/airflow/example_dags/example_xcomargs.py
[2024-05-20T03:02:52.046+0000] {processor.py:840} INFO - DAG(s) 'example_xcom_args', 'example_xcom_args_with_operators' retrieved from /home/airflow/.local/lib/python3.12/site-packages/airflow/example_dags/example_xcomargs.py
[2024-05-20T03:02:52.058+0000] {logging_mixin.py:188} INFO - [2024-05-20T03:02:52.058+0000] {dag.py:3096} INFO - Sync 2 DAGs
[2024-05-20T03:02:52.065+0000] {logging_mixin.py:188} INFO - [2024-05-20T03:02:52.065+0000] {dag.py:3954} INFO - Setting next_dagrun for example_xcom_args to None, run_after=None
[2024-05-20T03:02:52.067+0000] {logging_mixin.py:188} INFO - [2024-05-20T03:02:52.067+0000] {dag.py:3954} INFO - Setting next_dagrun for example_xcom_args_with_operators to None, run_after=None
[2024-05-20T03:02:52.075+0000] {processor.py:183} INFO - Processing /home/airflow/.local/lib/python3.12/site-packages/airflow/example_dags/example_xcomargs.py took 0.038 seconds
[2024-05-20T03:03:22.216+0000] {processor.py:161} INFO - Started process (PID=1376) to work on /home/airflow/.local/lib/python3.12/site-packages/airflow/example_dags/example_xcomargs.py
[2024-05-20T03:03:22.216+0000] {processor.py:830} INFO - Processing file /home/airflow/.local/lib/python3.12/site-packages/airflow/example_dags/example_xcomargs.py for tasks to queue
[2024-05-20T03:03:22.217+0000] {logging_mixin.py:188} INFO - [2024-05-20T03:03:22.217+0000] {dagbag.py:545} INFO - Filling up the DagBag from /home/airflow/.local/lib/python3.12/site-packages/airflow/example_dags/example_xcomargs.py
[2024-05-20T03:03:22.221+0000] {processor.py:840} INFO - DAG(s) 'example_xcom_args_with_operators', 'example_xcom_args' retrieved from /home/airflow/.local/lib/python3.12/site-packages/airflow/example_dags/example_xcomargs.py
[2024-05-20T03:03:22.232+0000] {logging_mixin.py:188} INFO - [2024-05-20T03:03:22.232+0000] {dag.py:3096} INFO - Sync 2 DAGs
[2024-05-20T03:03:22.238+0000] {logging_mixin.py:188} INFO - [2024-05-20T03:03:22.238+0000] {dag.py:3954} INFO - Setting next_dagrun for example_xcom_args to None, run_after=None
[2024-05-20T03:03:22.240+0000] {logging_mixin.py:188} INFO - [2024-05-20T03:03:22.240+0000] {dag.py:3954} INFO - Setting next_dagrun for example_xcom_args_with_operators to None, run_after=None
[2024-05-20T03:03:22.247+0000] {processor.py:183} INFO - Processing /home/airflow/.local/lib/python3.12/site-packages/airflow/example_dags/example_xcomargs.py took 0.034 seconds
[2024-05-20T03:04:13.039+0000] {processor.py:161} INFO - Started process (PID=41) to work on /home/airflow/.local/lib/python3.12/site-packages/airflow/example_dags/example_xcomargs.py
[2024-05-20T03:04:13.040+0000] {processor.py:830} INFO - Processing file /home/airflow/.local/lib/python3.12/site-packages/airflow/example_dags/example_xcomargs.py for tasks to queue
[2024-05-20T03:04:13.042+0000] {logging_mixin.py:188} INFO - [2024-05-20T03:04:13.042+0000] {dagbag.py:545} INFO - Filling up the DagBag from /home/airflow/.local/lib/python3.12/site-packages/airflow/example_dags/example_xcomargs.py
[2024-05-20T03:04:13.053+0000] {processor.py:840} INFO - DAG(s) 'example_xcom_args', 'example_xcom_args_with_operators' retrieved from /home/airflow/.local/lib/python3.12/site-packages/airflow/example_dags/example_xcomargs.py
[2024-05-20T03:04:13.062+0000] {logging_mixin.py:188} INFO - [2024-05-20T03:04:13.061+0000] {dag.py:3096} INFO - Sync 2 DAGs
[2024-05-20T03:04:13.069+0000] {logging_mixin.py:188} INFO - [2024-05-20T03:04:13.069+0000] {dag.py:3954} INFO - Setting next_dagrun for example_xcom_args to None, run_after=None
[2024-05-20T03:04:13.072+0000] {logging_mixin.py:188} INFO - [2024-05-20T03:04:13.071+0000] {dag.py:3954} INFO - Setting next_dagrun for example_xcom_args_with_operators to None, run_after=None
[2024-05-20T03:04:13.082+0000] {processor.py:183} INFO - Processing /home/airflow/.local/lib/python3.12/site-packages/airflow/example_dags/example_xcomargs.py took 0.047 seconds
[2024-05-20T03:04:43.445+0000] {processor.py:161} INFO - Started process (PID=99) to work on /home/airflow/.local/lib/python3.12/site-packages/airflow/example_dags/example_xcomargs.py
[2024-05-20T03:04:43.445+0000] {processor.py:830} INFO - Processing file /home/airflow/.local/lib/python3.12/site-packages/airflow/example_dags/example_xcomargs.py for tasks to queue
[2024-05-20T03:04:43.447+0000] {logging_mixin.py:188} INFO - [2024-05-20T03:04:43.446+0000] {dagbag.py:545} INFO - Filling up the DagBag from /home/airflow/.local/lib/python3.12/site-packages/airflow/example_dags/example_xcomargs.py
[2024-05-20T03:04:43.452+0000] {processor.py:840} INFO - DAG(s) 'example_xcom_args_with_operators', 'example_xcom_args' retrieved from /home/airflow/.local/lib/python3.12/site-packages/airflow/example_dags/example_xcomargs.py
[2024-05-20T03:04:43.513+0000] {logging_mixin.py:188} INFO - [2024-05-20T03:04:43.513+0000] {dag.py:3096} INFO - Sync 2 DAGs
[2024-05-20T03:04:43.519+0000] {logging_mixin.py:188} INFO - [2024-05-20T03:04:43.519+0000] {dag.py:3954} INFO - Setting next_dagrun for example_xcom_args to None, run_after=None
[2024-05-20T03:04:43.521+0000] {logging_mixin.py:188} INFO - [2024-05-20T03:04:43.521+0000] {dag.py:3954} INFO - Setting next_dagrun for example_xcom_args_with_operators to None, run_after=None
[2024-05-20T03:04:43.529+0000] {processor.py:183} INFO - Processing /home/airflow/.local/lib/python3.12/site-packages/airflow/example_dags/example_xcomargs.py took 0.088 seconds
[2024-05-20T03:05:13.829+0000] {processor.py:161} INFO - Started process (PID=156) to work on /home/airflow/.local/lib/python3.12/site-packages/airflow/example_dags/example_xcomargs.py
[2024-05-20T03:05:13.829+0000] {processor.py:830} INFO - Processing file /home/airflow/.local/lib/python3.12/site-packages/airflow/example_dags/example_xcomargs.py for tasks to queue
[2024-05-20T03:05:13.830+0000] {logging_mixin.py:188} INFO - [2024-05-20T03:05:13.830+0000] {dagbag.py:545} INFO - Filling up the DagBag from /home/airflow/.local/lib/python3.12/site-packages/airflow/example_dags/example_xcomargs.py
[2024-05-20T03:05:13.835+0000] {processor.py:840} INFO - DAG(s) 'example_xcom_args', 'example_xcom_args_with_operators' retrieved from /home/airflow/.local/lib/python3.12/site-packages/airflow/example_dags/example_xcomargs.py
[2024-05-20T03:05:13.846+0000] {logging_mixin.py:188} INFO - [2024-05-20T03:05:13.846+0000] {dag.py:3096} INFO - Sync 2 DAGs
[2024-05-20T03:05:13.853+0000] {logging_mixin.py:188} INFO - [2024-05-20T03:05:13.853+0000] {dag.py:3954} INFO - Setting next_dagrun for example_xcom_args to None, run_after=None
[2024-05-20T03:05:13.855+0000] {logging_mixin.py:188} INFO - [2024-05-20T03:05:13.855+0000] {dag.py:3954} INFO - Setting next_dagrun for example_xcom_args_with_operators to None, run_after=None
[2024-05-20T03:05:13.862+0000] {processor.py:183} INFO - Processing /home/airflow/.local/lib/python3.12/site-packages/airflow/example_dags/example_xcomargs.py took 0.036 seconds
[2024-05-20T03:05:44.476+0000] {processor.py:161} INFO - Started process (PID=214) to work on /home/airflow/.local/lib/python3.12/site-packages/airflow/example_dags/example_xcomargs.py
[2024-05-20T03:05:44.476+0000] {processor.py:830} INFO - Processing file /home/airflow/.local/lib/python3.12/site-packages/airflow/example_dags/example_xcomargs.py for tasks to queue
[2024-05-20T03:05:44.477+0000] {logging_mixin.py:188} INFO - [2024-05-20T03:05:44.477+0000] {dagbag.py:545} INFO - Filling up the DagBag from /home/airflow/.local/lib/python3.12/site-packages/airflow/example_dags/example_xcomargs.py
[2024-05-20T03:05:44.482+0000] {processor.py:840} INFO - DAG(s) 'example_xcom_args', 'example_xcom_args_with_operators' retrieved from /home/airflow/.local/lib/python3.12/site-packages/airflow/example_dags/example_xcomargs.py
[2024-05-20T03:05:44.494+0000] {logging_mixin.py:188} INFO - [2024-05-20T03:05:44.494+0000] {dag.py:3096} INFO - Sync 2 DAGs
[2024-05-20T03:05:44.501+0000] {logging_mixin.py:188} INFO - [2024-05-20T03:05:44.501+0000] {dag.py:3954} INFO - Setting next_dagrun for example_xcom_args to None, run_after=None
[2024-05-20T03:05:44.503+0000] {logging_mixin.py:188} INFO - [2024-05-20T03:05:44.503+0000] {dag.py:3954} INFO - Setting next_dagrun for example_xcom_args_with_operators to None, run_after=None
[2024-05-20T03:05:44.511+0000] {processor.py:183} INFO - Processing /home/airflow/.local/lib/python3.12/site-packages/airflow/example_dags/example_xcomargs.py took 0.038 seconds
[2024-05-20T03:06:15.201+0000] {processor.py:161} INFO - Started process (PID=271) to work on /home/airflow/.local/lib/python3.12/site-packages/airflow/example_dags/example_xcomargs.py
[2024-05-20T03:06:15.201+0000] {processor.py:830} INFO - Processing file /home/airflow/.local/lib/python3.12/site-packages/airflow/example_dags/example_xcomargs.py for tasks to queue
[2024-05-20T03:06:15.202+0000] {logging_mixin.py:188} INFO - [2024-05-20T03:06:15.202+0000] {dagbag.py:545} INFO - Filling up the DagBag from /home/airflow/.local/lib/python3.12/site-packages/airflow/example_dags/example_xcomargs.py
[2024-05-20T03:06:15.207+0000] {processor.py:840} INFO - DAG(s) 'example_xcom_args', 'example_xcom_args_with_operators' retrieved from /home/airflow/.local/lib/python3.12/site-packages/airflow/example_dags/example_xcomargs.py
[2024-05-20T03:06:15.218+0000] {logging_mixin.py:188} INFO - [2024-05-20T03:06:15.218+0000] {dag.py:3096} INFO - Sync 2 DAGs
[2024-05-20T03:06:15.224+0000] {logging_mixin.py:188} INFO - [2024-05-20T03:06:15.224+0000] {dag.py:3954} INFO - Setting next_dagrun for example_xcom_args to None, run_after=None
[2024-05-20T03:06:15.226+0000] {logging_mixin.py:188} INFO - [2024-05-20T03:06:15.226+0000] {dag.py:3954} INFO - Setting next_dagrun for example_xcom_args_with_operators to None, run_after=None
[2024-05-20T03:06:15.233+0000] {processor.py:183} INFO - Processing /home/airflow/.local/lib/python3.12/site-packages/airflow/example_dags/example_xcomargs.py took 0.035 seconds
[2024-05-20T03:06:45.905+0000] {processor.py:161} INFO - Started process (PID=329) to work on /home/airflow/.local/lib/python3.12/site-packages/airflow/example_dags/example_xcomargs.py
[2024-05-20T03:06:45.906+0000] {processor.py:830} INFO - Processing file /home/airflow/.local/lib/python3.12/site-packages/airflow/example_dags/example_xcomargs.py for tasks to queue
[2024-05-20T03:06:45.907+0000] {logging_mixin.py:188} INFO - [2024-05-20T03:06:45.906+0000] {dagbag.py:545} INFO - Filling up the DagBag from /home/airflow/.local/lib/python3.12/site-packages/airflow/example_dags/example_xcomargs.py
[2024-05-20T03:06:45.911+0000] {processor.py:840} INFO - DAG(s) 'example_xcom_args_with_operators', 'example_xcom_args' retrieved from /home/airflow/.local/lib/python3.12/site-packages/airflow/example_dags/example_xcomargs.py
[2024-05-20T03:06:45.923+0000] {logging_mixin.py:188} INFO - [2024-05-20T03:06:45.923+0000] {dag.py:3096} INFO - Sync 2 DAGs
[2024-05-20T03:06:45.929+0000] {logging_mixin.py:188} INFO - [2024-05-20T03:06:45.929+0000] {dag.py:3954} INFO - Setting next_dagrun for example_xcom_args to None, run_after=None
[2024-05-20T03:06:45.931+0000] {logging_mixin.py:188} INFO - [2024-05-20T03:06:45.931+0000] {dag.py:3954} INFO - Setting next_dagrun for example_xcom_args_with_operators to None, run_after=None
[2024-05-20T03:06:45.938+0000] {processor.py:183} INFO - Processing /home/airflow/.local/lib/python3.12/site-packages/airflow/example_dags/example_xcomargs.py took 0.036 seconds
[2024-05-20T03:07:16.582+0000] {processor.py:161} INFO - Started process (PID=387) to work on /home/airflow/.local/lib/python3.12/site-packages/airflow/example_dags/example_xcomargs.py
[2024-05-20T03:07:16.583+0000] {processor.py:830} INFO - Processing file /home/airflow/.local/lib/python3.12/site-packages/airflow/example_dags/example_xcomargs.py for tasks to queue
[2024-05-20T03:07:16.584+0000] {logging_mixin.py:188} INFO - [2024-05-20T03:07:16.584+0000] {dagbag.py:545} INFO - Filling up the DagBag from /home/airflow/.local/lib/python3.12/site-packages/airflow/example_dags/example_xcomargs.py
[2024-05-20T03:07:16.588+0000] {processor.py:840} INFO - DAG(s) 'example_xcom_args', 'example_xcom_args_with_operators' retrieved from /home/airflow/.local/lib/python3.12/site-packages/airflow/example_dags/example_xcomargs.py
[2024-05-20T03:07:16.600+0000] {logging_mixin.py:188} INFO - [2024-05-20T03:07:16.600+0000] {dag.py:3096} INFO - Sync 2 DAGs
[2024-05-20T03:07:16.606+0000] {logging_mixin.py:188} INFO - [2024-05-20T03:07:16.606+0000] {dag.py:3954} INFO - Setting next_dagrun for example_xcom_args to None, run_after=None
[2024-05-20T03:07:16.608+0000] {logging_mixin.py:188} INFO - [2024-05-20T03:07:16.608+0000] {dag.py:3954} INFO - Setting next_dagrun for example_xcom_args_with_operators to None, run_after=None
[2024-05-20T03:07:16.615+0000] {processor.py:183} INFO - Processing /home/airflow/.local/lib/python3.12/site-packages/airflow/example_dags/example_xcomargs.py took 0.035 seconds
[2024-05-20T03:07:58.723+0000] {processor.py:161} INFO - Started process (PID=42) to work on /home/airflow/.local/lib/python3.12/site-packages/airflow/example_dags/example_xcomargs.py
[2024-05-20T03:07:58.723+0000] {processor.py:830} INFO - Processing file /home/airflow/.local/lib/python3.12/site-packages/airflow/example_dags/example_xcomargs.py for tasks to queue
[2024-05-20T03:07:58.724+0000] {logging_mixin.py:188} INFO - [2024-05-20T03:07:58.724+0000] {dagbag.py:545} INFO - Filling up the DagBag from /home/airflow/.local/lib/python3.12/site-packages/airflow/example_dags/example_xcomargs.py
[2024-05-20T03:07:58.731+0000] {processor.py:840} INFO - DAG(s) 'example_xcom_args_with_operators', 'example_xcom_args' retrieved from /home/airflow/.local/lib/python3.12/site-packages/airflow/example_dags/example_xcomargs.py
[2024-05-20T03:07:58.738+0000] {logging_mixin.py:188} INFO - [2024-05-20T03:07:58.738+0000] {dag.py:3096} INFO - Sync 2 DAGs
[2024-05-20T03:07:58.746+0000] {logging_mixin.py:188} INFO - [2024-05-20T03:07:58.745+0000] {dag.py:3954} INFO - Setting next_dagrun for example_xcom_args to None, run_after=None
[2024-05-20T03:07:58.748+0000] {logging_mixin.py:188} INFO - [2024-05-20T03:07:58.748+0000] {dag.py:3954} INFO - Setting next_dagrun for example_xcom_args_with_operators to None, run_after=None
[2024-05-20T03:07:58.757+0000] {processor.py:183} INFO - Processing /home/airflow/.local/lib/python3.12/site-packages/airflow/example_dags/example_xcomargs.py took 0.038 seconds
[2024-05-20T03:08:29.956+0000] {processor.py:161} INFO - Started process (PID=100) to work on /home/airflow/.local/lib/python3.12/site-packages/airflow/example_dags/example_xcomargs.py
[2024-05-20T03:08:29.957+0000] {processor.py:830} INFO - Processing file /home/airflow/.local/lib/python3.12/site-packages/airflow/example_dags/example_xcomargs.py for tasks to queue
[2024-05-20T03:08:29.958+0000] {logging_mixin.py:188} INFO - [2024-05-20T03:08:29.958+0000] {dagbag.py:545} INFO - Filling up the DagBag from /home/airflow/.local/lib/python3.12/site-packages/airflow/example_dags/example_xcomargs.py
[2024-05-20T03:08:29.962+0000] {processor.py:840} INFO - DAG(s) 'example_xcom_args_with_operators', 'example_xcom_args' retrieved from /home/airflow/.local/lib/python3.12/site-packages/airflow/example_dags/example_xcomargs.py
[2024-05-20T03:08:30.011+0000] {logging_mixin.py:188} INFO - [2024-05-20T03:08:30.011+0000] {dag.py:3096} INFO - Sync 2 DAGs
[2024-05-20T03:08:30.018+0000] {logging_mixin.py:188} INFO - [2024-05-20T03:08:30.018+0000] {dag.py:3954} INFO - Setting next_dagrun for example_xcom_args to None, run_after=None
[2024-05-20T03:08:30.020+0000] {logging_mixin.py:188} INFO - [2024-05-20T03:08:30.020+0000] {dag.py:3954} INFO - Setting next_dagrun for example_xcom_args_with_operators to None, run_after=None
[2024-05-20T03:08:30.028+0000] {processor.py:183} INFO - Processing /home/airflow/.local/lib/python3.12/site-packages/airflow/example_dags/example_xcomargs.py took 0.075 seconds
[2024-05-20T03:09:00.310+0000] {processor.py:161} INFO - Started process (PID=158) to work on /home/airflow/.local/lib/python3.12/site-packages/airflow/example_dags/example_xcomargs.py
[2024-05-20T03:09:00.311+0000] {processor.py:830} INFO - Processing file /home/airflow/.local/lib/python3.12/site-packages/airflow/example_dags/example_xcomargs.py for tasks to queue
[2024-05-20T03:09:00.312+0000] {logging_mixin.py:188} INFO - [2024-05-20T03:09:00.312+0000] {dagbag.py:545} INFO - Filling up the DagBag from /home/airflow/.local/lib/python3.12/site-packages/airflow/example_dags/example_xcomargs.py
[2024-05-20T03:09:00.316+0000] {processor.py:840} INFO - DAG(s) 'example_xcom_args', 'example_xcom_args_with_operators' retrieved from /home/airflow/.local/lib/python3.12/site-packages/airflow/example_dags/example_xcomargs.py
[2024-05-20T03:09:00.328+0000] {logging_mixin.py:188} INFO - [2024-05-20T03:09:00.328+0000] {dag.py:3096} INFO - Sync 2 DAGs
[2024-05-20T03:09:00.334+0000] {logging_mixin.py:188} INFO - [2024-05-20T03:09:00.334+0000] {dag.py:3954} INFO - Setting next_dagrun for example_xcom_args to None, run_after=None
[2024-05-20T03:09:00.336+0000] {logging_mixin.py:188} INFO - [2024-05-20T03:09:00.336+0000] {dag.py:3954} INFO - Setting next_dagrun for example_xcom_args_with_operators to None, run_after=None
[2024-05-20T03:09:00.344+0000] {processor.py:183} INFO - Processing /home/airflow/.local/lib/python3.12/site-packages/airflow/example_dags/example_xcomargs.py took 0.037 seconds
