[2024-05-20T02:51:40.840+0000] {processor.py:161} INFO - Started process (PID=48) to work on /home/airflow/.local/lib/python3.12/site-packages/airflow/example_dags/example_complex.py
[2024-05-20T02:51:40.842+0000] {processor.py:830} INFO - Processing file /home/airflow/.local/lib/python3.12/site-packages/airflow/example_dags/example_complex.py for tasks to queue
[2024-05-20T02:51:40.844+0000] {logging_mixin.py:188} INFO - [2024-05-20T02:51:40.843+0000] {dagbag.py:545} INFO - Filling up the DagBag from /home/airflow/.local/lib/python3.12/site-packages/airflow/example_dags/example_complex.py
[2024-05-20T02:51:40.852+0000] {processor.py:840} INFO - DAG(s) 'example_complex' retrieved from /home/airflow/.local/lib/python3.12/site-packages/airflow/example_dags/example_complex.py
[2024-05-20T02:51:40.862+0000] {logging_mixin.py:188} INFO - [2024-05-20T02:51:40.862+0000] {dag.py:3096} INFO - Sync 1 DAGs
[2024-05-20T02:51:40.871+0000] {logging_mixin.py:188} INFO - [2024-05-20T02:51:40.871+0000] {dag.py:3954} INFO - Setting next_dagrun for example_complex to None, run_after=None
[2024-05-20T02:51:40.886+0000] {processor.py:183} INFO - Processing /home/airflow/.local/lib/python3.12/site-packages/airflow/example_dags/example_complex.py took 0.050 seconds
[2024-05-20T02:52:11.019+0000] {processor.py:161} INFO - Started process (PID=106) to work on /home/airflow/.local/lib/python3.12/site-packages/airflow/example_dags/example_complex.py
[2024-05-20T02:52:11.020+0000] {processor.py:830} INFO - Processing file /home/airflow/.local/lib/python3.12/site-packages/airflow/example_dags/example_complex.py for tasks to queue
[2024-05-20T02:52:11.021+0000] {logging_mixin.py:188} INFO - [2024-05-20T02:52:11.020+0000] {dagbag.py:545} INFO - Filling up the DagBag from /home/airflow/.local/lib/python3.12/site-packages/airflow/example_dags/example_complex.py
[2024-05-20T02:52:11.026+0000] {processor.py:840} INFO - DAG(s) 'example_complex' retrieved from /home/airflow/.local/lib/python3.12/site-packages/airflow/example_dags/example_complex.py
[2024-05-20T02:52:11.078+0000] {logging_mixin.py:188} INFO - [2024-05-20T02:52:11.078+0000] {dag.py:3096} INFO - Sync 1 DAGs
[2024-05-20T02:52:11.083+0000] {logging_mixin.py:188} INFO - [2024-05-20T02:52:11.083+0000] {dag.py:3954} INFO - Setting next_dagrun for example_complex to None, run_after=None
[2024-05-20T02:52:11.092+0000] {processor.py:183} INFO - Processing /home/airflow/.local/lib/python3.12/site-packages/airflow/example_dags/example_complex.py took 0.076 seconds
[2024-05-20T02:52:42.080+0000] {processor.py:161} INFO - Started process (PID=164) to work on /home/airflow/.local/lib/python3.12/site-packages/airflow/example_dags/example_complex.py
[2024-05-20T02:52:42.080+0000] {processor.py:830} INFO - Processing file /home/airflow/.local/lib/python3.12/site-packages/airflow/example_dags/example_complex.py for tasks to queue
[2024-05-20T02:52:42.081+0000] {logging_mixin.py:188} INFO - [2024-05-20T02:52:42.081+0000] {dagbag.py:545} INFO - Filling up the DagBag from /home/airflow/.local/lib/python3.12/site-packages/airflow/example_dags/example_complex.py
[2024-05-20T02:52:42.087+0000] {processor.py:840} INFO - DAG(s) 'example_complex' retrieved from /home/airflow/.local/lib/python3.12/site-packages/airflow/example_dags/example_complex.py
[2024-05-20T02:52:42.102+0000] {logging_mixin.py:188} INFO - [2024-05-20T02:52:42.102+0000] {dag.py:3096} INFO - Sync 1 DAGs
[2024-05-20T02:52:42.108+0000] {logging_mixin.py:188} INFO - [2024-05-20T02:52:42.108+0000] {dag.py:3954} INFO - Setting next_dagrun for example_complex to None, run_after=None
[2024-05-20T02:52:42.117+0000] {processor.py:183} INFO - Processing /home/airflow/.local/lib/python3.12/site-packages/airflow/example_dags/example_complex.py took 0.040 seconds
[2024-05-20T02:53:12.359+0000] {processor.py:161} INFO - Started process (PID=222) to work on /home/airflow/.local/lib/python3.12/site-packages/airflow/example_dags/example_complex.py
[2024-05-20T02:53:12.359+0000] {processor.py:830} INFO - Processing file /home/airflow/.local/lib/python3.12/site-packages/airflow/example_dags/example_complex.py for tasks to queue
[2024-05-20T02:53:12.361+0000] {logging_mixin.py:188} INFO - [2024-05-20T02:53:12.361+0000] {dagbag.py:545} INFO - Filling up the DagBag from /home/airflow/.local/lib/python3.12/site-packages/airflow/example_dags/example_complex.py
[2024-05-20T02:53:12.366+0000] {processor.py:840} INFO - DAG(s) 'example_complex' retrieved from /home/airflow/.local/lib/python3.12/site-packages/airflow/example_dags/example_complex.py
[2024-05-20T02:53:12.381+0000] {logging_mixin.py:188} INFO - [2024-05-20T02:53:12.381+0000] {dag.py:3096} INFO - Sync 1 DAGs
[2024-05-20T02:53:12.388+0000] {logging_mixin.py:188} INFO - [2024-05-20T02:53:12.388+0000] {dag.py:3954} INFO - Setting next_dagrun for example_complex to None, run_after=None
[2024-05-20T02:53:12.397+0000] {processor.py:183} INFO - Processing /home/airflow/.local/lib/python3.12/site-packages/airflow/example_dags/example_complex.py took 0.042 seconds
[2024-05-20T02:53:42.463+0000] {processor.py:161} INFO - Started process (PID=280) to work on /home/airflow/.local/lib/python3.12/site-packages/airflow/example_dags/example_complex.py
[2024-05-20T02:53:42.463+0000] {processor.py:830} INFO - Processing file /home/airflow/.local/lib/python3.12/site-packages/airflow/example_dags/example_complex.py for tasks to queue
[2024-05-20T02:53:42.464+0000] {logging_mixin.py:188} INFO - [2024-05-20T02:53:42.464+0000] {dagbag.py:545} INFO - Filling up the DagBag from /home/airflow/.local/lib/python3.12/site-packages/airflow/example_dags/example_complex.py
[2024-05-20T02:53:42.469+0000] {processor.py:840} INFO - DAG(s) 'example_complex' retrieved from /home/airflow/.local/lib/python3.12/site-packages/airflow/example_dags/example_complex.py
[2024-05-20T02:53:42.483+0000] {logging_mixin.py:188} INFO - [2024-05-20T02:53:42.483+0000] {dag.py:3096} INFO - Sync 1 DAGs
[2024-05-20T02:53:42.490+0000] {logging_mixin.py:188} INFO - [2024-05-20T02:53:42.490+0000] {dag.py:3954} INFO - Setting next_dagrun for example_complex to None, run_after=None
[2024-05-20T02:53:42.498+0000] {processor.py:183} INFO - Processing /home/airflow/.local/lib/python3.12/site-packages/airflow/example_dags/example_complex.py took 0.039 seconds
[2024-05-20T02:54:13.187+0000] {processor.py:161} INFO - Started process (PID=338) to work on /home/airflow/.local/lib/python3.12/site-packages/airflow/example_dags/example_complex.py
[2024-05-20T02:54:13.187+0000] {processor.py:830} INFO - Processing file /home/airflow/.local/lib/python3.12/site-packages/airflow/example_dags/example_complex.py for tasks to queue
[2024-05-20T02:54:13.188+0000] {logging_mixin.py:188} INFO - [2024-05-20T02:54:13.188+0000] {dagbag.py:545} INFO - Filling up the DagBag from /home/airflow/.local/lib/python3.12/site-packages/airflow/example_dags/example_complex.py
[2024-05-20T02:54:13.193+0000] {processor.py:840} INFO - DAG(s) 'example_complex' retrieved from /home/airflow/.local/lib/python3.12/site-packages/airflow/example_dags/example_complex.py
[2024-05-20T02:54:13.207+0000] {logging_mixin.py:188} INFO - [2024-05-20T02:54:13.207+0000] {dag.py:3096} INFO - Sync 1 DAGs
[2024-05-20T02:54:13.212+0000] {logging_mixin.py:188} INFO - [2024-05-20T02:54:13.212+0000] {dag.py:3954} INFO - Setting next_dagrun for example_complex to None, run_after=None
[2024-05-20T02:54:13.221+0000] {processor.py:183} INFO - Processing /home/airflow/.local/lib/python3.12/site-packages/airflow/example_dags/example_complex.py took 0.037 seconds
[2024-05-20T02:54:43.898+0000] {processor.py:161} INFO - Started process (PID=396) to work on /home/airflow/.local/lib/python3.12/site-packages/airflow/example_dags/example_complex.py
[2024-05-20T02:54:43.898+0000] {processor.py:830} INFO - Processing file /home/airflow/.local/lib/python3.12/site-packages/airflow/example_dags/example_complex.py for tasks to queue
[2024-05-20T02:54:43.900+0000] {logging_mixin.py:188} INFO - [2024-05-20T02:54:43.900+0000] {dagbag.py:545} INFO - Filling up the DagBag from /home/airflow/.local/lib/python3.12/site-packages/airflow/example_dags/example_complex.py
[2024-05-20T02:54:43.905+0000] {processor.py:840} INFO - DAG(s) 'example_complex' retrieved from /home/airflow/.local/lib/python3.12/site-packages/airflow/example_dags/example_complex.py
[2024-05-20T02:54:43.922+0000] {logging_mixin.py:188} INFO - [2024-05-20T02:54:43.921+0000] {dag.py:3096} INFO - Sync 1 DAGs
[2024-05-20T02:54:43.928+0000] {logging_mixin.py:188} INFO - [2024-05-20T02:54:43.928+0000] {dag.py:3954} INFO - Setting next_dagrun for example_complex to None, run_after=None
[2024-05-20T02:54:43.938+0000] {processor.py:183} INFO - Processing /home/airflow/.local/lib/python3.12/site-packages/airflow/example_dags/example_complex.py took 0.044 seconds
[2024-05-20T02:55:14.739+0000] {processor.py:161} INFO - Started process (PID=454) to work on /home/airflow/.local/lib/python3.12/site-packages/airflow/example_dags/example_complex.py
[2024-05-20T02:55:14.740+0000] {processor.py:830} INFO - Processing file /home/airflow/.local/lib/python3.12/site-packages/airflow/example_dags/example_complex.py for tasks to queue
[2024-05-20T02:55:14.741+0000] {logging_mixin.py:188} INFO - [2024-05-20T02:55:14.741+0000] {dagbag.py:545} INFO - Filling up the DagBag from /home/airflow/.local/lib/python3.12/site-packages/airflow/example_dags/example_complex.py
[2024-05-20T02:55:14.746+0000] {processor.py:840} INFO - DAG(s) 'example_complex' retrieved from /home/airflow/.local/lib/python3.12/site-packages/airflow/example_dags/example_complex.py
[2024-05-20T02:55:14.761+0000] {logging_mixin.py:188} INFO - [2024-05-20T02:55:14.761+0000] {dag.py:3096} INFO - Sync 1 DAGs
[2024-05-20T02:55:14.766+0000] {logging_mixin.py:188} INFO - [2024-05-20T02:55:14.766+0000] {dag.py:3954} INFO - Setting next_dagrun for example_complex to None, run_after=None
[2024-05-20T02:55:14.774+0000] {processor.py:183} INFO - Processing /home/airflow/.local/lib/python3.12/site-packages/airflow/example_dags/example_complex.py took 0.038 seconds
[2024-05-20T02:55:45.473+0000] {processor.py:161} INFO - Started process (PID=512) to work on /home/airflow/.local/lib/python3.12/site-packages/airflow/example_dags/example_complex.py
[2024-05-20T02:55:45.474+0000] {processor.py:830} INFO - Processing file /home/airflow/.local/lib/python3.12/site-packages/airflow/example_dags/example_complex.py for tasks to queue
[2024-05-20T02:55:45.475+0000] {logging_mixin.py:188} INFO - [2024-05-20T02:55:45.475+0000] {dagbag.py:545} INFO - Filling up the DagBag from /home/airflow/.local/lib/python3.12/site-packages/airflow/example_dags/example_complex.py
[2024-05-20T02:55:45.481+0000] {processor.py:840} INFO - DAG(s) 'example_complex' retrieved from /home/airflow/.local/lib/python3.12/site-packages/airflow/example_dags/example_complex.py
[2024-05-20T02:55:45.496+0000] {logging_mixin.py:188} INFO - [2024-05-20T02:55:45.496+0000] {dag.py:3096} INFO - Sync 1 DAGs
[2024-05-20T02:55:45.502+0000] {logging_mixin.py:188} INFO - [2024-05-20T02:55:45.502+0000] {dag.py:3954} INFO - Setting next_dagrun for example_complex to None, run_after=None
[2024-05-20T02:55:45.512+0000] {processor.py:183} INFO - Processing /home/airflow/.local/lib/python3.12/site-packages/airflow/example_dags/example_complex.py took 0.043 seconds
[2024-05-20T02:56:15.636+0000] {processor.py:161} INFO - Started process (PID=570) to work on /home/airflow/.local/lib/python3.12/site-packages/airflow/example_dags/example_complex.py
[2024-05-20T02:56:15.637+0000] {processor.py:830} INFO - Processing file /home/airflow/.local/lib/python3.12/site-packages/airflow/example_dags/example_complex.py for tasks to queue
[2024-05-20T02:56:15.638+0000] {logging_mixin.py:188} INFO - [2024-05-20T02:56:15.638+0000] {dagbag.py:545} INFO - Filling up the DagBag from /home/airflow/.local/lib/python3.12/site-packages/airflow/example_dags/example_complex.py
[2024-05-20T02:56:15.643+0000] {processor.py:840} INFO - DAG(s) 'example_complex' retrieved from /home/airflow/.local/lib/python3.12/site-packages/airflow/example_dags/example_complex.py
[2024-05-20T02:56:15.659+0000] {logging_mixin.py:188} INFO - [2024-05-20T02:56:15.659+0000] {dag.py:3096} INFO - Sync 1 DAGs
[2024-05-20T02:56:15.665+0000] {logging_mixin.py:188} INFO - [2024-05-20T02:56:15.665+0000] {dag.py:3954} INFO - Setting next_dagrun for example_complex to None, run_after=None
[2024-05-20T02:56:15.676+0000] {processor.py:183} INFO - Processing /home/airflow/.local/lib/python3.12/site-packages/airflow/example_dags/example_complex.py took 0.043 seconds
[2024-05-20T02:56:45.861+0000] {processor.py:161} INFO - Started process (PID=628) to work on /home/airflow/.local/lib/python3.12/site-packages/airflow/example_dags/example_complex.py
[2024-05-20T02:56:45.861+0000] {processor.py:830} INFO - Processing file /home/airflow/.local/lib/python3.12/site-packages/airflow/example_dags/example_complex.py for tasks to queue
[2024-05-20T02:56:45.862+0000] {logging_mixin.py:188} INFO - [2024-05-20T02:56:45.862+0000] {dagbag.py:545} INFO - Filling up the DagBag from /home/airflow/.local/lib/python3.12/site-packages/airflow/example_dags/example_complex.py
[2024-05-20T02:56:45.867+0000] {processor.py:840} INFO - DAG(s) 'example_complex' retrieved from /home/airflow/.local/lib/python3.12/site-packages/airflow/example_dags/example_complex.py
[2024-05-20T02:56:45.881+0000] {logging_mixin.py:188} INFO - [2024-05-20T02:56:45.881+0000] {dag.py:3096} INFO - Sync 1 DAGs
[2024-05-20T02:56:45.886+0000] {logging_mixin.py:188} INFO - [2024-05-20T02:56:45.886+0000] {dag.py:3954} INFO - Setting next_dagrun for example_complex to None, run_after=None
[2024-05-20T02:56:45.894+0000] {processor.py:183} INFO - Processing /home/airflow/.local/lib/python3.12/site-packages/airflow/example_dags/example_complex.py took 0.037 seconds
[2024-05-20T02:57:16.660+0000] {processor.py:161} INFO - Started process (PID=686) to work on /home/airflow/.local/lib/python3.12/site-packages/airflow/example_dags/example_complex.py
[2024-05-20T02:57:16.661+0000] {processor.py:830} INFO - Processing file /home/airflow/.local/lib/python3.12/site-packages/airflow/example_dags/example_complex.py for tasks to queue
[2024-05-20T02:57:16.662+0000] {logging_mixin.py:188} INFO - [2024-05-20T02:57:16.662+0000] {dagbag.py:545} INFO - Filling up the DagBag from /home/airflow/.local/lib/python3.12/site-packages/airflow/example_dags/example_complex.py
[2024-05-20T02:57:16.667+0000] {processor.py:840} INFO - DAG(s) 'example_complex' retrieved from /home/airflow/.local/lib/python3.12/site-packages/airflow/example_dags/example_complex.py
[2024-05-20T02:57:16.683+0000] {logging_mixin.py:188} INFO - [2024-05-20T02:57:16.683+0000] {dag.py:3096} INFO - Sync 1 DAGs
[2024-05-20T02:57:16.691+0000] {logging_mixin.py:188} INFO - [2024-05-20T02:57:16.691+0000] {dag.py:3954} INFO - Setting next_dagrun for example_complex to None, run_after=None
[2024-05-20T02:57:16.708+0000] {processor.py:183} INFO - Processing /home/airflow/.local/lib/python3.12/site-packages/airflow/example_dags/example_complex.py took 0.051 seconds
[2024-05-20T02:57:47.513+0000] {processor.py:161} INFO - Started process (PID=744) to work on /home/airflow/.local/lib/python3.12/site-packages/airflow/example_dags/example_complex.py
[2024-05-20T02:57:47.514+0000] {processor.py:830} INFO - Processing file /home/airflow/.local/lib/python3.12/site-packages/airflow/example_dags/example_complex.py for tasks to queue
[2024-05-20T02:57:47.515+0000] {logging_mixin.py:188} INFO - [2024-05-20T02:57:47.515+0000] {dagbag.py:545} INFO - Filling up the DagBag from /home/airflow/.local/lib/python3.12/site-packages/airflow/example_dags/example_complex.py
[2024-05-20T02:57:47.521+0000] {processor.py:840} INFO - DAG(s) 'example_complex' retrieved from /home/airflow/.local/lib/python3.12/site-packages/airflow/example_dags/example_complex.py
[2024-05-20T02:57:47.537+0000] {logging_mixin.py:188} INFO - [2024-05-20T02:57:47.537+0000] {dag.py:3096} INFO - Sync 1 DAGs
[2024-05-20T02:57:47.545+0000] {logging_mixin.py:188} INFO - [2024-05-20T02:57:47.545+0000] {dag.py:3954} INFO - Setting next_dagrun for example_complex to None, run_after=None
[2024-05-20T02:57:47.555+0000] {processor.py:183} INFO - Processing /home/airflow/.local/lib/python3.12/site-packages/airflow/example_dags/example_complex.py took 0.046 seconds
[2024-05-20T02:58:17.592+0000] {processor.py:161} INFO - Started process (PID=802) to work on /home/airflow/.local/lib/python3.12/site-packages/airflow/example_dags/example_complex.py
[2024-05-20T02:58:17.592+0000] {processor.py:830} INFO - Processing file /home/airflow/.local/lib/python3.12/site-packages/airflow/example_dags/example_complex.py for tasks to queue
[2024-05-20T02:58:17.593+0000] {logging_mixin.py:188} INFO - [2024-05-20T02:58:17.593+0000] {dagbag.py:545} INFO - Filling up the DagBag from /home/airflow/.local/lib/python3.12/site-packages/airflow/example_dags/example_complex.py
[2024-05-20T02:58:17.598+0000] {processor.py:840} INFO - DAG(s) 'example_complex' retrieved from /home/airflow/.local/lib/python3.12/site-packages/airflow/example_dags/example_complex.py
[2024-05-20T02:58:17.613+0000] {logging_mixin.py:188} INFO - [2024-05-20T02:58:17.613+0000] {dag.py:3096} INFO - Sync 1 DAGs
[2024-05-20T02:58:17.620+0000] {logging_mixin.py:188} INFO - [2024-05-20T02:58:17.619+0000] {dag.py:3954} INFO - Setting next_dagrun for example_complex to None, run_after=None
[2024-05-20T02:58:17.629+0000] {processor.py:183} INFO - Processing /home/airflow/.local/lib/python3.12/site-packages/airflow/example_dags/example_complex.py took 0.040 seconds
[2024-05-20T02:58:48.318+0000] {processor.py:161} INFO - Started process (PID=860) to work on /home/airflow/.local/lib/python3.12/site-packages/airflow/example_dags/example_complex.py
[2024-05-20T02:58:48.319+0000] {processor.py:830} INFO - Processing file /home/airflow/.local/lib/python3.12/site-packages/airflow/example_dags/example_complex.py for tasks to queue
[2024-05-20T02:58:48.320+0000] {logging_mixin.py:188} INFO - [2024-05-20T02:58:48.320+0000] {dagbag.py:545} INFO - Filling up the DagBag from /home/airflow/.local/lib/python3.12/site-packages/airflow/example_dags/example_complex.py
[2024-05-20T02:58:48.326+0000] {processor.py:840} INFO - DAG(s) 'example_complex' retrieved from /home/airflow/.local/lib/python3.12/site-packages/airflow/example_dags/example_complex.py
[2024-05-20T02:58:48.340+0000] {logging_mixin.py:188} INFO - [2024-05-20T02:58:48.340+0000] {dag.py:3096} INFO - Sync 1 DAGs
[2024-05-20T02:58:48.347+0000] {logging_mixin.py:188} INFO - [2024-05-20T02:58:48.347+0000] {dag.py:3954} INFO - Setting next_dagrun for example_complex to None, run_after=None
[2024-05-20T02:58:48.355+0000] {processor.py:183} INFO - Processing /home/airflow/.local/lib/python3.12/site-packages/airflow/example_dags/example_complex.py took 0.039 seconds
[2024-05-20T02:59:19.151+0000] {processor.py:161} INFO - Started process (PID=918) to work on /home/airflow/.local/lib/python3.12/site-packages/airflow/example_dags/example_complex.py
[2024-05-20T02:59:19.151+0000] {processor.py:830} INFO - Processing file /home/airflow/.local/lib/python3.12/site-packages/airflow/example_dags/example_complex.py for tasks to queue
[2024-05-20T02:59:19.153+0000] {logging_mixin.py:188} INFO - [2024-05-20T02:59:19.152+0000] {dagbag.py:545} INFO - Filling up the DagBag from /home/airflow/.local/lib/python3.12/site-packages/airflow/example_dags/example_complex.py
[2024-05-20T02:59:19.157+0000] {processor.py:840} INFO - DAG(s) 'example_complex' retrieved from /home/airflow/.local/lib/python3.12/site-packages/airflow/example_dags/example_complex.py
[2024-05-20T02:59:19.174+0000] {logging_mixin.py:188} INFO - [2024-05-20T02:59:19.174+0000] {dag.py:3096} INFO - Sync 1 DAGs
[2024-05-20T02:59:19.181+0000] {logging_mixin.py:188} INFO - [2024-05-20T02:59:19.181+0000] {dag.py:3954} INFO - Setting next_dagrun for example_complex to None, run_after=None
[2024-05-20T02:59:19.190+0000] {processor.py:183} INFO - Processing /home/airflow/.local/lib/python3.12/site-packages/airflow/example_dags/example_complex.py took 0.043 seconds
[2024-05-20T02:59:49.990+0000] {processor.py:161} INFO - Started process (PID=976) to work on /home/airflow/.local/lib/python3.12/site-packages/airflow/example_dags/example_complex.py
[2024-05-20T02:59:49.991+0000] {processor.py:830} INFO - Processing file /home/airflow/.local/lib/python3.12/site-packages/airflow/example_dags/example_complex.py for tasks to queue
[2024-05-20T02:59:49.992+0000] {logging_mixin.py:188} INFO - [2024-05-20T02:59:49.992+0000] {dagbag.py:545} INFO - Filling up the DagBag from /home/airflow/.local/lib/python3.12/site-packages/airflow/example_dags/example_complex.py
[2024-05-20T02:59:49.997+0000] {processor.py:840} INFO - DAG(s) 'example_complex' retrieved from /home/airflow/.local/lib/python3.12/site-packages/airflow/example_dags/example_complex.py
[2024-05-20T02:59:50.012+0000] {logging_mixin.py:188} INFO - [2024-05-20T02:59:50.012+0000] {dag.py:3096} INFO - Sync 1 DAGs
[2024-05-20T02:59:50.018+0000] {logging_mixin.py:188} INFO - [2024-05-20T02:59:50.018+0000] {dag.py:3954} INFO - Setting next_dagrun for example_complex to None, run_after=None
[2024-05-20T02:59:50.027+0000] {processor.py:183} INFO - Processing /home/airflow/.local/lib/python3.12/site-packages/airflow/example_dags/example_complex.py took 0.040 seconds
[2024-05-20T03:00:20.799+0000] {processor.py:161} INFO - Started process (PID=1034) to work on /home/airflow/.local/lib/python3.12/site-packages/airflow/example_dags/example_complex.py
[2024-05-20T03:00:20.800+0000] {processor.py:830} INFO - Processing file /home/airflow/.local/lib/python3.12/site-packages/airflow/example_dags/example_complex.py for tasks to queue
[2024-05-20T03:00:20.801+0000] {logging_mixin.py:188} INFO - [2024-05-20T03:00:20.801+0000] {dagbag.py:545} INFO - Filling up the DagBag from /home/airflow/.local/lib/python3.12/site-packages/airflow/example_dags/example_complex.py
[2024-05-20T03:00:20.806+0000] {processor.py:840} INFO - DAG(s) 'example_complex' retrieved from /home/airflow/.local/lib/python3.12/site-packages/airflow/example_dags/example_complex.py
[2024-05-20T03:00:20.823+0000] {logging_mixin.py:188} INFO - [2024-05-20T03:00:20.823+0000] {dag.py:3096} INFO - Sync 1 DAGs
[2024-05-20T03:00:20.829+0000] {logging_mixin.py:188} INFO - [2024-05-20T03:00:20.829+0000] {dag.py:3954} INFO - Setting next_dagrun for example_complex to None, run_after=None
[2024-05-20T03:00:20.839+0000] {processor.py:183} INFO - Processing /home/airflow/.local/lib/python3.12/site-packages/airflow/example_dags/example_complex.py took 0.043 seconds
[2024-05-20T03:00:51.424+0000] {processor.py:161} INFO - Started process (PID=1092) to work on /home/airflow/.local/lib/python3.12/site-packages/airflow/example_dags/example_complex.py
[2024-05-20T03:00:51.425+0000] {processor.py:830} INFO - Processing file /home/airflow/.local/lib/python3.12/site-packages/airflow/example_dags/example_complex.py for tasks to queue
[2024-05-20T03:00:51.426+0000] {logging_mixin.py:188} INFO - [2024-05-20T03:00:51.426+0000] {dagbag.py:545} INFO - Filling up the DagBag from /home/airflow/.local/lib/python3.12/site-packages/airflow/example_dags/example_complex.py
[2024-05-20T03:00:51.432+0000] {processor.py:840} INFO - DAG(s) 'example_complex' retrieved from /home/airflow/.local/lib/python3.12/site-packages/airflow/example_dags/example_complex.py
[2024-05-20T03:00:51.448+0000] {logging_mixin.py:188} INFO - [2024-05-20T03:00:51.448+0000] {dag.py:3096} INFO - Sync 1 DAGs
[2024-05-20T03:00:51.454+0000] {logging_mixin.py:188} INFO - [2024-05-20T03:00:51.454+0000] {dag.py:3954} INFO - Setting next_dagrun for example_complex to None, run_after=None
[2024-05-20T03:00:51.463+0000] {processor.py:183} INFO - Processing /home/airflow/.local/lib/python3.12/site-packages/airflow/example_dags/example_complex.py took 0.042 seconds
[2024-05-20T03:01:21.637+0000] {processor.py:161} INFO - Started process (PID=1150) to work on /home/airflow/.local/lib/python3.12/site-packages/airflow/example_dags/example_complex.py
[2024-05-20T03:01:21.638+0000] {processor.py:830} INFO - Processing file /home/airflow/.local/lib/python3.12/site-packages/airflow/example_dags/example_complex.py for tasks to queue
[2024-05-20T03:01:21.639+0000] {logging_mixin.py:188} INFO - [2024-05-20T03:01:21.639+0000] {dagbag.py:545} INFO - Filling up the DagBag from /home/airflow/.local/lib/python3.12/site-packages/airflow/example_dags/example_complex.py
[2024-05-20T03:01:21.644+0000] {processor.py:840} INFO - DAG(s) 'example_complex' retrieved from /home/airflow/.local/lib/python3.12/site-packages/airflow/example_dags/example_complex.py
[2024-05-20T03:01:21.660+0000] {logging_mixin.py:188} INFO - [2024-05-20T03:01:21.659+0000] {dag.py:3096} INFO - Sync 1 DAGs
[2024-05-20T03:01:21.666+0000] {logging_mixin.py:188} INFO - [2024-05-20T03:01:21.666+0000] {dag.py:3954} INFO - Setting next_dagrun for example_complex to None, run_after=None
[2024-05-20T03:01:21.674+0000] {processor.py:183} INFO - Processing /home/airflow/.local/lib/python3.12/site-packages/airflow/example_dags/example_complex.py took 0.040 seconds
[2024-05-20T03:01:52.364+0000] {processor.py:161} INFO - Started process (PID=1208) to work on /home/airflow/.local/lib/python3.12/site-packages/airflow/example_dags/example_complex.py
[2024-05-20T03:01:52.365+0000] {processor.py:830} INFO - Processing file /home/airflow/.local/lib/python3.12/site-packages/airflow/example_dags/example_complex.py for tasks to queue
[2024-05-20T03:01:52.366+0000] {logging_mixin.py:188} INFO - [2024-05-20T03:01:52.366+0000] {dagbag.py:545} INFO - Filling up the DagBag from /home/airflow/.local/lib/python3.12/site-packages/airflow/example_dags/example_complex.py
[2024-05-20T03:01:52.371+0000] {processor.py:840} INFO - DAG(s) 'example_complex' retrieved from /home/airflow/.local/lib/python3.12/site-packages/airflow/example_dags/example_complex.py
[2024-05-20T03:01:52.385+0000] {logging_mixin.py:188} INFO - [2024-05-20T03:01:52.385+0000] {dag.py:3096} INFO - Sync 1 DAGs
[2024-05-20T03:01:52.390+0000] {logging_mixin.py:188} INFO - [2024-05-20T03:01:52.390+0000] {dag.py:3954} INFO - Setting next_dagrun for example_complex to None, run_after=None
[2024-05-20T03:01:52.398+0000] {processor.py:183} INFO - Processing /home/airflow/.local/lib/python3.12/site-packages/airflow/example_dags/example_complex.py took 0.038 seconds
[2024-05-20T03:02:23.156+0000] {processor.py:161} INFO - Started process (PID=1266) to work on /home/airflow/.local/lib/python3.12/site-packages/airflow/example_dags/example_complex.py
[2024-05-20T03:02:23.157+0000] {processor.py:830} INFO - Processing file /home/airflow/.local/lib/python3.12/site-packages/airflow/example_dags/example_complex.py for tasks to queue
[2024-05-20T03:02:23.158+0000] {logging_mixin.py:188} INFO - [2024-05-20T03:02:23.158+0000] {dagbag.py:545} INFO - Filling up the DagBag from /home/airflow/.local/lib/python3.12/site-packages/airflow/example_dags/example_complex.py
[2024-05-20T03:02:23.163+0000] {processor.py:840} INFO - DAG(s) 'example_complex' retrieved from /home/airflow/.local/lib/python3.12/site-packages/airflow/example_dags/example_complex.py
[2024-05-20T03:02:23.179+0000] {logging_mixin.py:188} INFO - [2024-05-20T03:02:23.179+0000] {dag.py:3096} INFO - Sync 1 DAGs
[2024-05-20T03:02:23.185+0000] {logging_mixin.py:188} INFO - [2024-05-20T03:02:23.185+0000] {dag.py:3954} INFO - Setting next_dagrun for example_complex to None, run_after=None
[2024-05-20T03:02:23.194+0000] {processor.py:183} INFO - Processing /home/airflow/.local/lib/python3.12/site-packages/airflow/example_dags/example_complex.py took 0.042 seconds
[2024-05-20T03:02:53.280+0000] {processor.py:161} INFO - Started process (PID=1324) to work on /home/airflow/.local/lib/python3.12/site-packages/airflow/example_dags/example_complex.py
[2024-05-20T03:02:53.281+0000] {processor.py:830} INFO - Processing file /home/airflow/.local/lib/python3.12/site-packages/airflow/example_dags/example_complex.py for tasks to queue
[2024-05-20T03:02:53.282+0000] {logging_mixin.py:188} INFO - [2024-05-20T03:02:53.282+0000] {dagbag.py:545} INFO - Filling up the DagBag from /home/airflow/.local/lib/python3.12/site-packages/airflow/example_dags/example_complex.py
[2024-05-20T03:02:53.287+0000] {processor.py:840} INFO - DAG(s) 'example_complex' retrieved from /home/airflow/.local/lib/python3.12/site-packages/airflow/example_dags/example_complex.py
[2024-05-20T03:02:53.302+0000] {logging_mixin.py:188} INFO - [2024-05-20T03:02:53.302+0000] {dag.py:3096} INFO - Sync 1 DAGs
[2024-05-20T03:02:53.308+0000] {logging_mixin.py:188} INFO - [2024-05-20T03:02:53.308+0000] {dag.py:3954} INFO - Setting next_dagrun for example_complex to None, run_after=None
[2024-05-20T03:02:53.316+0000] {processor.py:183} INFO - Processing /home/airflow/.local/lib/python3.12/site-packages/airflow/example_dags/example_complex.py took 0.038 seconds
[2024-05-20T03:03:23.399+0000] {processor.py:161} INFO - Started process (PID=1382) to work on /home/airflow/.local/lib/python3.12/site-packages/airflow/example_dags/example_complex.py
[2024-05-20T03:03:23.399+0000] {processor.py:830} INFO - Processing file /home/airflow/.local/lib/python3.12/site-packages/airflow/example_dags/example_complex.py for tasks to queue
[2024-05-20T03:03:23.400+0000] {logging_mixin.py:188} INFO - [2024-05-20T03:03:23.400+0000] {dagbag.py:545} INFO - Filling up the DagBag from /home/airflow/.local/lib/python3.12/site-packages/airflow/example_dags/example_complex.py
[2024-05-20T03:03:23.405+0000] {processor.py:840} INFO - DAG(s) 'example_complex' retrieved from /home/airflow/.local/lib/python3.12/site-packages/airflow/example_dags/example_complex.py
[2024-05-20T03:03:23.418+0000] {logging_mixin.py:188} INFO - [2024-05-20T03:03:23.418+0000] {dag.py:3096} INFO - Sync 1 DAGs
[2024-05-20T03:03:23.424+0000] {logging_mixin.py:188} INFO - [2024-05-20T03:03:23.424+0000] {dag.py:3954} INFO - Setting next_dagrun for example_complex to None, run_after=None
[2024-05-20T03:03:23.432+0000] {processor.py:183} INFO - Processing /home/airflow/.local/lib/python3.12/site-packages/airflow/example_dags/example_complex.py took 0.036 seconds
[2024-05-20T03:04:13.265+0000] {processor.py:161} INFO - Started process (PID=47) to work on /home/airflow/.local/lib/python3.12/site-packages/airflow/example_dags/example_complex.py
[2024-05-20T03:04:13.266+0000] {processor.py:830} INFO - Processing file /home/airflow/.local/lib/python3.12/site-packages/airflow/example_dags/example_complex.py for tasks to queue
[2024-05-20T03:04:13.267+0000] {logging_mixin.py:188} INFO - [2024-05-20T03:04:13.267+0000] {dagbag.py:545} INFO - Filling up the DagBag from /home/airflow/.local/lib/python3.12/site-packages/airflow/example_dags/example_complex.py
[2024-05-20T03:04:13.274+0000] {processor.py:840} INFO - DAG(s) 'example_complex' retrieved from /home/airflow/.local/lib/python3.12/site-packages/airflow/example_dags/example_complex.py
[2024-05-20T03:04:13.281+0000] {logging_mixin.py:188} INFO - [2024-05-20T03:04:13.281+0000] {dag.py:3096} INFO - Sync 1 DAGs
[2024-05-20T03:04:13.288+0000] {logging_mixin.py:188} INFO - [2024-05-20T03:04:13.288+0000] {dag.py:3954} INFO - Setting next_dagrun for example_complex to None, run_after=None
[2024-05-20T03:04:13.302+0000] {processor.py:183} INFO - Processing /home/airflow/.local/lib/python3.12/site-packages/airflow/example_dags/example_complex.py took 0.040 seconds
[2024-05-20T03:04:43.764+0000] {processor.py:161} INFO - Started process (PID=105) to work on /home/airflow/.local/lib/python3.12/site-packages/airflow/example_dags/example_complex.py
[2024-05-20T03:04:43.765+0000] {processor.py:830} INFO - Processing file /home/airflow/.local/lib/python3.12/site-packages/airflow/example_dags/example_complex.py for tasks to queue
[2024-05-20T03:04:43.766+0000] {logging_mixin.py:188} INFO - [2024-05-20T03:04:43.766+0000] {dagbag.py:545} INFO - Filling up the DagBag from /home/airflow/.local/lib/python3.12/site-packages/airflow/example_dags/example_complex.py
[2024-05-20T03:04:43.771+0000] {processor.py:840} INFO - DAG(s) 'example_complex' retrieved from /home/airflow/.local/lib/python3.12/site-packages/airflow/example_dags/example_complex.py
[2024-05-20T03:04:43.835+0000] {logging_mixin.py:188} INFO - [2024-05-20T03:04:43.835+0000] {dag.py:3096} INFO - Sync 1 DAGs
[2024-05-20T03:04:43.840+0000] {logging_mixin.py:188} INFO - [2024-05-20T03:04:43.840+0000] {dag.py:3954} INFO - Setting next_dagrun for example_complex to None, run_after=None
[2024-05-20T03:04:43.851+0000] {processor.py:183} INFO - Processing /home/airflow/.local/lib/python3.12/site-packages/airflow/example_dags/example_complex.py took 0.090 seconds
[2024-05-20T03:05:13.964+0000] {processor.py:161} INFO - Started process (PID=162) to work on /home/airflow/.local/lib/python3.12/site-packages/airflow/example_dags/example_complex.py
[2024-05-20T03:05:13.965+0000] {processor.py:830} INFO - Processing file /home/airflow/.local/lib/python3.12/site-packages/airflow/example_dags/example_complex.py for tasks to queue
[2024-05-20T03:05:13.966+0000] {logging_mixin.py:188} INFO - [2024-05-20T03:05:13.965+0000] {dagbag.py:545} INFO - Filling up the DagBag from /home/airflow/.local/lib/python3.12/site-packages/airflow/example_dags/example_complex.py
[2024-05-20T03:05:13.970+0000] {processor.py:840} INFO - DAG(s) 'example_complex' retrieved from /home/airflow/.local/lib/python3.12/site-packages/airflow/example_dags/example_complex.py
[2024-05-20T03:05:13.984+0000] {logging_mixin.py:188} INFO - [2024-05-20T03:05:13.984+0000] {dag.py:3096} INFO - Sync 1 DAGs
[2024-05-20T03:05:13.990+0000] {logging_mixin.py:188} INFO - [2024-05-20T03:05:13.990+0000] {dag.py:3954} INFO - Setting next_dagrun for example_complex to None, run_after=None
[2024-05-20T03:05:13.999+0000] {processor.py:183} INFO - Processing /home/airflow/.local/lib/python3.12/site-packages/airflow/example_dags/example_complex.py took 0.037 seconds
[2024-05-20T03:05:44.625+0000] {processor.py:161} INFO - Started process (PID=220) to work on /home/airflow/.local/lib/python3.12/site-packages/airflow/example_dags/example_complex.py
[2024-05-20T03:05:44.626+0000] {processor.py:830} INFO - Processing file /home/airflow/.local/lib/python3.12/site-packages/airflow/example_dags/example_complex.py for tasks to queue
[2024-05-20T03:05:44.627+0000] {logging_mixin.py:188} INFO - [2024-05-20T03:05:44.627+0000] {dagbag.py:545} INFO - Filling up the DagBag from /home/airflow/.local/lib/python3.12/site-packages/airflow/example_dags/example_complex.py
[2024-05-20T03:05:44.632+0000] {processor.py:840} INFO - DAG(s) 'example_complex' retrieved from /home/airflow/.local/lib/python3.12/site-packages/airflow/example_dags/example_complex.py
[2024-05-20T03:05:44.647+0000] {logging_mixin.py:188} INFO - [2024-05-20T03:05:44.647+0000] {dag.py:3096} INFO - Sync 1 DAGs
[2024-05-20T03:05:44.654+0000] {logging_mixin.py:188} INFO - [2024-05-20T03:05:44.654+0000] {dag.py:3954} INFO - Setting next_dagrun for example_complex to None, run_after=None
[2024-05-20T03:05:44.664+0000] {processor.py:183} INFO - Processing /home/airflow/.local/lib/python3.12/site-packages/airflow/example_dags/example_complex.py took 0.042 seconds
[2024-05-20T03:06:15.334+0000] {processor.py:161} INFO - Started process (PID=277) to work on /home/airflow/.local/lib/python3.12/site-packages/airflow/example_dags/example_complex.py
[2024-05-20T03:06:15.335+0000] {processor.py:830} INFO - Processing file /home/airflow/.local/lib/python3.12/site-packages/airflow/example_dags/example_complex.py for tasks to queue
[2024-05-20T03:06:15.336+0000] {logging_mixin.py:188} INFO - [2024-05-20T03:06:15.336+0000] {dagbag.py:545} INFO - Filling up the DagBag from /home/airflow/.local/lib/python3.12/site-packages/airflow/example_dags/example_complex.py
[2024-05-20T03:06:15.341+0000] {processor.py:840} INFO - DAG(s) 'example_complex' retrieved from /home/airflow/.local/lib/python3.12/site-packages/airflow/example_dags/example_complex.py
[2024-05-20T03:06:15.355+0000] {logging_mixin.py:188} INFO - [2024-05-20T03:06:15.355+0000] {dag.py:3096} INFO - Sync 1 DAGs
[2024-05-20T03:06:15.361+0000] {logging_mixin.py:188} INFO - [2024-05-20T03:06:15.361+0000] {dag.py:3954} INFO - Setting next_dagrun for example_complex to None, run_after=None
[2024-05-20T03:06:15.371+0000] {processor.py:183} INFO - Processing /home/airflow/.local/lib/python3.12/site-packages/airflow/example_dags/example_complex.py took 0.039 seconds
[2024-05-20T03:06:46.045+0000] {processor.py:161} INFO - Started process (PID=335) to work on /home/airflow/.local/lib/python3.12/site-packages/airflow/example_dags/example_complex.py
[2024-05-20T03:06:46.046+0000] {processor.py:830} INFO - Processing file /home/airflow/.local/lib/python3.12/site-packages/airflow/example_dags/example_complex.py for tasks to queue
[2024-05-20T03:06:46.048+0000] {logging_mixin.py:188} INFO - [2024-05-20T03:06:46.048+0000] {dagbag.py:545} INFO - Filling up the DagBag from /home/airflow/.local/lib/python3.12/site-packages/airflow/example_dags/example_complex.py
[2024-05-20T03:06:46.053+0000] {processor.py:840} INFO - DAG(s) 'example_complex' retrieved from /home/airflow/.local/lib/python3.12/site-packages/airflow/example_dags/example_complex.py
[2024-05-20T03:06:46.068+0000] {logging_mixin.py:188} INFO - [2024-05-20T03:06:46.068+0000] {dag.py:3096} INFO - Sync 1 DAGs
[2024-05-20T03:06:46.074+0000] {logging_mixin.py:188} INFO - [2024-05-20T03:06:46.074+0000] {dag.py:3954} INFO - Setting next_dagrun for example_complex to None, run_after=None
[2024-05-20T03:06:46.083+0000] {processor.py:183} INFO - Processing /home/airflow/.local/lib/python3.12/site-packages/airflow/example_dags/example_complex.py took 0.041 seconds
[2024-05-20T03:07:16.771+0000] {processor.py:161} INFO - Started process (PID=393) to work on /home/airflow/.local/lib/python3.12/site-packages/airflow/example_dags/example_complex.py
[2024-05-20T03:07:16.771+0000] {processor.py:830} INFO - Processing file /home/airflow/.local/lib/python3.12/site-packages/airflow/example_dags/example_complex.py for tasks to queue
[2024-05-20T03:07:16.772+0000] {logging_mixin.py:188} INFO - [2024-05-20T03:07:16.772+0000] {dagbag.py:545} INFO - Filling up the DagBag from /home/airflow/.local/lib/python3.12/site-packages/airflow/example_dags/example_complex.py
[2024-05-20T03:07:16.777+0000] {processor.py:840} INFO - DAG(s) 'example_complex' retrieved from /home/airflow/.local/lib/python3.12/site-packages/airflow/example_dags/example_complex.py
[2024-05-20T03:07:16.793+0000] {logging_mixin.py:188} INFO - [2024-05-20T03:07:16.793+0000] {dag.py:3096} INFO - Sync 1 DAGs
[2024-05-20T03:07:16.798+0000] {logging_mixin.py:188} INFO - [2024-05-20T03:07:16.798+0000] {dag.py:3954} INFO - Setting next_dagrun for example_complex to None, run_after=None
[2024-05-20T03:07:16.806+0000] {processor.py:183} INFO - Processing /home/airflow/.local/lib/python3.12/site-packages/airflow/example_dags/example_complex.py took 0.038 seconds
[2024-05-20T03:07:58.912+0000] {processor.py:161} INFO - Started process (PID=48) to work on /home/airflow/.local/lib/python3.12/site-packages/airflow/example_dags/example_complex.py
[2024-05-20T03:07:58.913+0000] {processor.py:830} INFO - Processing file /home/airflow/.local/lib/python3.12/site-packages/airflow/example_dags/example_complex.py for tasks to queue
[2024-05-20T03:07:58.915+0000] {logging_mixin.py:188} INFO - [2024-05-20T03:07:58.915+0000] {dagbag.py:545} INFO - Filling up the DagBag from /home/airflow/.local/lib/python3.12/site-packages/airflow/example_dags/example_complex.py
[2024-05-20T03:07:58.923+0000] {processor.py:840} INFO - DAG(s) 'example_complex' retrieved from /home/airflow/.local/lib/python3.12/site-packages/airflow/example_dags/example_complex.py
[2024-05-20T03:07:58.932+0000] {logging_mixin.py:188} INFO - [2024-05-20T03:07:58.931+0000] {dag.py:3096} INFO - Sync 1 DAGs
[2024-05-20T03:07:58.940+0000] {logging_mixin.py:188} INFO - [2024-05-20T03:07:58.940+0000] {dag.py:3954} INFO - Setting next_dagrun for example_complex to None, run_after=None
[2024-05-20T03:07:58.952+0000] {processor.py:183} INFO - Processing /home/airflow/.local/lib/python3.12/site-packages/airflow/example_dags/example_complex.py took 0.045 seconds
[2024-05-20T03:08:30.198+0000] {processor.py:161} INFO - Started process (PID=106) to work on /home/airflow/.local/lib/python3.12/site-packages/airflow/example_dags/example_complex.py
[2024-05-20T03:08:30.199+0000] {processor.py:830} INFO - Processing file /home/airflow/.local/lib/python3.12/site-packages/airflow/example_dags/example_complex.py for tasks to queue
[2024-05-20T03:08:30.200+0000] {logging_mixin.py:188} INFO - [2024-05-20T03:08:30.200+0000] {dagbag.py:545} INFO - Filling up the DagBag from /home/airflow/.local/lib/python3.12/site-packages/airflow/example_dags/example_complex.py
[2024-05-20T03:08:30.205+0000] {processor.py:840} INFO - DAG(s) 'example_complex' retrieved from /home/airflow/.local/lib/python3.12/site-packages/airflow/example_dags/example_complex.py
[2024-05-20T03:08:30.255+0000] {logging_mixin.py:188} INFO - [2024-05-20T03:08:30.255+0000] {dag.py:3096} INFO - Sync 1 DAGs
[2024-05-20T03:08:30.259+0000] {logging_mixin.py:188} INFO - [2024-05-20T03:08:30.259+0000] {dag.py:3954} INFO - Setting next_dagrun for example_complex to None, run_after=None
[2024-05-20T03:08:30.269+0000] {processor.py:183} INFO - Processing /home/airflow/.local/lib/python3.12/site-packages/airflow/example_dags/example_complex.py took 0.074 seconds
[2024-05-20T03:09:00.447+0000] {processor.py:161} INFO - Started process (PID=164) to work on /home/airflow/.local/lib/python3.12/site-packages/airflow/example_dags/example_complex.py
[2024-05-20T03:09:00.448+0000] {processor.py:830} INFO - Processing file /home/airflow/.local/lib/python3.12/site-packages/airflow/example_dags/example_complex.py for tasks to queue
[2024-05-20T03:09:00.449+0000] {logging_mixin.py:188} INFO - [2024-05-20T03:09:00.449+0000] {dagbag.py:545} INFO - Filling up the DagBag from /home/airflow/.local/lib/python3.12/site-packages/airflow/example_dags/example_complex.py
[2024-05-20T03:09:00.454+0000] {processor.py:840} INFO - DAG(s) 'example_complex' retrieved from /home/airflow/.local/lib/python3.12/site-packages/airflow/example_dags/example_complex.py
[2024-05-20T03:09:00.470+0000] {logging_mixin.py:188} INFO - [2024-05-20T03:09:00.470+0000] {dag.py:3096} INFO - Sync 1 DAGs
[2024-05-20T03:09:00.476+0000] {logging_mixin.py:188} INFO - [2024-05-20T03:09:00.476+0000] {dag.py:3954} INFO - Setting next_dagrun for example_complex to None, run_after=None
[2024-05-20T03:09:00.485+0000] {processor.py:183} INFO - Processing /home/airflow/.local/lib/python3.12/site-packages/airflow/example_dags/example_complex.py took 0.040 seconds
