[2024-05-20T02:51:41.194+0000] {processor.py:161} INFO - Started process (PID=59) to work on /home/airflow/.local/lib/python3.12/site-packages/airflow/example_dags/example_dag_decorator.py
[2024-05-20T02:51:41.196+0000] {processor.py:830} INFO - Processing file /home/airflow/.local/lib/python3.12/site-packages/airflow/example_dags/example_dag_decorator.py for tasks to queue
[2024-05-20T02:51:41.198+0000] {logging_mixin.py:188} INFO - [2024-05-20T02:51:41.198+0000] {dagbag.py:545} INFO - Filling up the DagBag from /home/airflow/.local/lib/python3.12/site-packages/airflow/example_dags/example_dag_decorator.py
[2024-05-20T02:51:41.338+0000] {processor.py:840} INFO - DAG(s) 'example_dag_decorator' retrieved from /home/airflow/.local/lib/python3.12/site-packages/airflow/example_dags/example_dag_decorator.py
[2024-05-20T02:51:41.348+0000] {logging_mixin.py:188} INFO - [2024-05-20T02:51:41.348+0000] {dag.py:3096} INFO - Sync 1 DAGs
[2024-05-20T02:51:41.357+0000] {logging_mixin.py:188} INFO - [2024-05-20T02:51:41.357+0000] {dag.py:3954} INFO - Setting next_dagrun for example_dag_decorator to None, run_after=None
[2024-05-20T02:51:41.368+0000] {processor.py:183} INFO - Processing /home/airflow/.local/lib/python3.12/site-packages/airflow/example_dags/example_dag_decorator.py took 0.179 seconds
[2024-05-20T02:52:11.526+0000] {processor.py:161} INFO - Started process (PID=118) to work on /home/airflow/.local/lib/python3.12/site-packages/airflow/example_dags/example_dag_decorator.py
[2024-05-20T02:52:11.527+0000] {processor.py:830} INFO - Processing file /home/airflow/.local/lib/python3.12/site-packages/airflow/example_dags/example_dag_decorator.py for tasks to queue
[2024-05-20T02:52:11.528+0000] {logging_mixin.py:188} INFO - [2024-05-20T02:52:11.528+0000] {dagbag.py:545} INFO - Filling up the DagBag from /home/airflow/.local/lib/python3.12/site-packages/airflow/example_dags/example_dag_decorator.py
[2024-05-20T02:52:11.568+0000] {processor.py:840} INFO - DAG(s) 'example_dag_decorator' retrieved from /home/airflow/.local/lib/python3.12/site-packages/airflow/example_dags/example_dag_decorator.py
[2024-05-20T02:52:11.612+0000] {logging_mixin.py:188} INFO - [2024-05-20T02:52:11.612+0000] {dag.py:3096} INFO - Sync 1 DAGs
[2024-05-20T02:52:11.617+0000] {logging_mixin.py:188} INFO - [2024-05-20T02:52:11.617+0000] {dag.py:3954} INFO - Setting next_dagrun for example_dag_decorator to None, run_after=None
[2024-05-20T02:52:11.625+0000] {processor.py:183} INFO - Processing /home/airflow/.local/lib/python3.12/site-packages/airflow/example_dags/example_dag_decorator.py took 0.102 seconds
[2024-05-20T02:52:42.546+0000] {processor.py:161} INFO - Started process (PID=175) to work on /home/airflow/.local/lib/python3.12/site-packages/airflow/example_dags/example_dag_decorator.py
[2024-05-20T02:52:42.548+0000] {processor.py:830} INFO - Processing file /home/airflow/.local/lib/python3.12/site-packages/airflow/example_dags/example_dag_decorator.py for tasks to queue
[2024-05-20T02:52:42.550+0000] {logging_mixin.py:188} INFO - [2024-05-20T02:52:42.550+0000] {dagbag.py:545} INFO - Filling up the DagBag from /home/airflow/.local/lib/python3.12/site-packages/airflow/example_dags/example_dag_decorator.py
[2024-05-20T02:52:42.617+0000] {processor.py:840} INFO - DAG(s) 'example_dag_decorator' retrieved from /home/airflow/.local/lib/python3.12/site-packages/airflow/example_dags/example_dag_decorator.py
[2024-05-20T02:52:42.690+0000] {logging_mixin.py:188} INFO - [2024-05-20T02:52:42.689+0000] {dag.py:3096} INFO - Sync 1 DAGs
[2024-05-20T02:52:42.695+0000] {logging_mixin.py:188} INFO - [2024-05-20T02:52:42.695+0000] {dag.py:3954} INFO - Setting next_dagrun for example_dag_decorator to None, run_after=None
[2024-05-20T02:52:42.707+0000] {processor.py:183} INFO - Processing /home/airflow/.local/lib/python3.12/site-packages/airflow/example_dags/example_dag_decorator.py took 0.165 seconds
[2024-05-20T02:53:12.745+0000] {processor.py:161} INFO - Started process (PID=234) to work on /home/airflow/.local/lib/python3.12/site-packages/airflow/example_dags/example_dag_decorator.py
[2024-05-20T02:53:12.746+0000] {processor.py:830} INFO - Processing file /home/airflow/.local/lib/python3.12/site-packages/airflow/example_dags/example_dag_decorator.py for tasks to queue
[2024-05-20T02:53:12.747+0000] {logging_mixin.py:188} INFO - [2024-05-20T02:53:12.747+0000] {dagbag.py:545} INFO - Filling up the DagBag from /home/airflow/.local/lib/python3.12/site-packages/airflow/example_dags/example_dag_decorator.py
[2024-05-20T02:53:12.818+0000] {processor.py:840} INFO - DAG(s) 'example_dag_decorator' retrieved from /home/airflow/.local/lib/python3.12/site-packages/airflow/example_dags/example_dag_decorator.py
[2024-05-20T02:53:12.869+0000] {logging_mixin.py:188} INFO - [2024-05-20T02:53:12.869+0000] {dag.py:3096} INFO - Sync 1 DAGs
[2024-05-20T02:53:12.876+0000] {logging_mixin.py:188} INFO - [2024-05-20T02:53:12.875+0000] {dag.py:3954} INFO - Setting next_dagrun for example_dag_decorator to None, run_after=None
[2024-05-20T02:53:12.886+0000] {processor.py:183} INFO - Processing /home/airflow/.local/lib/python3.12/site-packages/airflow/example_dags/example_dag_decorator.py took 0.144 seconds
[2024-05-20T02:53:43.865+0000] {processor.py:161} INFO - Started process (PID=292) to work on /home/airflow/.local/lib/python3.12/site-packages/airflow/example_dags/example_dag_decorator.py
[2024-05-20T02:53:43.867+0000] {processor.py:830} INFO - Processing file /home/airflow/.local/lib/python3.12/site-packages/airflow/example_dags/example_dag_decorator.py for tasks to queue
[2024-05-20T02:53:43.869+0000] {logging_mixin.py:188} INFO - [2024-05-20T02:53:43.868+0000] {dagbag.py:545} INFO - Filling up the DagBag from /home/airflow/.local/lib/python3.12/site-packages/airflow/example_dags/example_dag_decorator.py
[2024-05-20T02:53:43.916+0000] {processor.py:840} INFO - DAG(s) 'example_dag_decorator' retrieved from /home/airflow/.local/lib/python3.12/site-packages/airflow/example_dags/example_dag_decorator.py
[2024-05-20T02:53:43.961+0000] {logging_mixin.py:188} INFO - [2024-05-20T02:53:43.961+0000] {dag.py:3096} INFO - Sync 1 DAGs
[2024-05-20T02:53:43.967+0000] {logging_mixin.py:188} INFO - [2024-05-20T02:53:43.967+0000] {dag.py:3954} INFO - Setting next_dagrun for example_dag_decorator to None, run_after=None
[2024-05-20T02:53:43.976+0000] {processor.py:183} INFO - Processing /home/airflow/.local/lib/python3.12/site-packages/airflow/example_dags/example_dag_decorator.py took 0.117 seconds
[2024-05-20T02:54:14.536+0000] {processor.py:161} INFO - Started process (PID=350) to work on /home/airflow/.local/lib/python3.12/site-packages/airflow/example_dags/example_dag_decorator.py
[2024-05-20T02:54:14.538+0000] {processor.py:830} INFO - Processing file /home/airflow/.local/lib/python3.12/site-packages/airflow/example_dags/example_dag_decorator.py for tasks to queue
[2024-05-20T02:54:14.540+0000] {logging_mixin.py:188} INFO - [2024-05-20T02:54:14.540+0000] {dagbag.py:545} INFO - Filling up the DagBag from /home/airflow/.local/lib/python3.12/site-packages/airflow/example_dags/example_dag_decorator.py
[2024-05-20T02:54:14.596+0000] {processor.py:840} INFO - DAG(s) 'example_dag_decorator' retrieved from /home/airflow/.local/lib/python3.12/site-packages/airflow/example_dags/example_dag_decorator.py
[2024-05-20T02:54:14.644+0000] {logging_mixin.py:188} INFO - [2024-05-20T02:54:14.644+0000] {dag.py:3096} INFO - Sync 1 DAGs
[2024-05-20T02:54:14.649+0000] {logging_mixin.py:188} INFO - [2024-05-20T02:54:14.649+0000] {dag.py:3954} INFO - Setting next_dagrun for example_dag_decorator to None, run_after=None
[2024-05-20T02:54:14.660+0000] {processor.py:183} INFO - Processing /home/airflow/.local/lib/python3.12/site-packages/airflow/example_dags/example_dag_decorator.py took 0.131 seconds
[2024-05-20T02:54:45.287+0000] {processor.py:161} INFO - Started process (PID=408) to work on /home/airflow/.local/lib/python3.12/site-packages/airflow/example_dags/example_dag_decorator.py
[2024-05-20T02:54:45.288+0000] {processor.py:830} INFO - Processing file /home/airflow/.local/lib/python3.12/site-packages/airflow/example_dags/example_dag_decorator.py for tasks to queue
[2024-05-20T02:54:45.290+0000] {logging_mixin.py:188} INFO - [2024-05-20T02:54:45.289+0000] {dagbag.py:545} INFO - Filling up the DagBag from /home/airflow/.local/lib/python3.12/site-packages/airflow/example_dags/example_dag_decorator.py
[2024-05-20T02:54:45.348+0000] {processor.py:840} INFO - DAG(s) 'example_dag_decorator' retrieved from /home/airflow/.local/lib/python3.12/site-packages/airflow/example_dags/example_dag_decorator.py
[2024-05-20T02:54:45.398+0000] {logging_mixin.py:188} INFO - [2024-05-20T02:54:45.398+0000] {dag.py:3096} INFO - Sync 1 DAGs
[2024-05-20T02:54:45.404+0000] {logging_mixin.py:188} INFO - [2024-05-20T02:54:45.404+0000] {dag.py:3954} INFO - Setting next_dagrun for example_dag_decorator to None, run_after=None
[2024-05-20T02:54:45.413+0000] {processor.py:183} INFO - Processing /home/airflow/.local/lib/python3.12/site-packages/airflow/example_dags/example_dag_decorator.py took 0.130 seconds
[2024-05-20T02:55:16.074+0000] {processor.py:161} INFO - Started process (PID=466) to work on /home/airflow/.local/lib/python3.12/site-packages/airflow/example_dags/example_dag_decorator.py
[2024-05-20T02:55:16.075+0000] {processor.py:830} INFO - Processing file /home/airflow/.local/lib/python3.12/site-packages/airflow/example_dags/example_dag_decorator.py for tasks to queue
[2024-05-20T02:55:16.076+0000] {logging_mixin.py:188} INFO - [2024-05-20T02:55:16.076+0000] {dagbag.py:545} INFO - Filling up the DagBag from /home/airflow/.local/lib/python3.12/site-packages/airflow/example_dags/example_dag_decorator.py
[2024-05-20T02:55:16.136+0000] {processor.py:840} INFO - DAG(s) 'example_dag_decorator' retrieved from /home/airflow/.local/lib/python3.12/site-packages/airflow/example_dags/example_dag_decorator.py
[2024-05-20T02:55:16.183+0000] {logging_mixin.py:188} INFO - [2024-05-20T02:55:16.183+0000] {dag.py:3096} INFO - Sync 1 DAGs
[2024-05-20T02:55:16.188+0000] {logging_mixin.py:188} INFO - [2024-05-20T02:55:16.188+0000] {dag.py:3954} INFO - Setting next_dagrun for example_dag_decorator to None, run_after=None
[2024-05-20T02:55:16.197+0000] {processor.py:183} INFO - Processing /home/airflow/.local/lib/python3.12/site-packages/airflow/example_dags/example_dag_decorator.py took 0.129 seconds
[2024-05-20T02:55:46.882+0000] {processor.py:161} INFO - Started process (PID=524) to work on /home/airflow/.local/lib/python3.12/site-packages/airflow/example_dags/example_dag_decorator.py
[2024-05-20T02:55:46.883+0000] {processor.py:830} INFO - Processing file /home/airflow/.local/lib/python3.12/site-packages/airflow/example_dags/example_dag_decorator.py for tasks to queue
[2024-05-20T02:55:46.885+0000] {logging_mixin.py:188} INFO - [2024-05-20T02:55:46.884+0000] {dagbag.py:545} INFO - Filling up the DagBag from /home/airflow/.local/lib/python3.12/site-packages/airflow/example_dags/example_dag_decorator.py
[2024-05-20T02:55:46.935+0000] {processor.py:840} INFO - DAG(s) 'example_dag_decorator' retrieved from /home/airflow/.local/lib/python3.12/site-packages/airflow/example_dags/example_dag_decorator.py
[2024-05-20T02:55:46.984+0000] {logging_mixin.py:188} INFO - [2024-05-20T02:55:46.984+0000] {dag.py:3096} INFO - Sync 1 DAGs
[2024-05-20T02:55:46.989+0000] {logging_mixin.py:188} INFO - [2024-05-20T02:55:46.989+0000] {dag.py:3954} INFO - Setting next_dagrun for example_dag_decorator to None, run_after=None
[2024-05-20T02:55:46.999+0000] {processor.py:183} INFO - Processing /home/airflow/.local/lib/python3.12/site-packages/airflow/example_dags/example_dag_decorator.py took 0.123 seconds
[2024-05-20T02:56:17.138+0000] {processor.py:161} INFO - Started process (PID=582) to work on /home/airflow/.local/lib/python3.12/site-packages/airflow/example_dags/example_dag_decorator.py
[2024-05-20T02:56:17.139+0000] {processor.py:830} INFO - Processing file /home/airflow/.local/lib/python3.12/site-packages/airflow/example_dags/example_dag_decorator.py for tasks to queue
[2024-05-20T02:56:17.141+0000] {logging_mixin.py:188} INFO - [2024-05-20T02:56:17.140+0000] {dagbag.py:545} INFO - Filling up the DagBag from /home/airflow/.local/lib/python3.12/site-packages/airflow/example_dags/example_dag_decorator.py
[2024-05-20T02:56:17.197+0000] {processor.py:840} INFO - DAG(s) 'example_dag_decorator' retrieved from /home/airflow/.local/lib/python3.12/site-packages/airflow/example_dags/example_dag_decorator.py
[2024-05-20T02:56:17.273+0000] {logging_mixin.py:188} INFO - [2024-05-20T02:56:17.272+0000] {dag.py:3096} INFO - Sync 1 DAGs
[2024-05-20T02:56:17.289+0000] {logging_mixin.py:188} INFO - [2024-05-20T02:56:17.289+0000] {dag.py:3954} INFO - Setting next_dagrun for example_dag_decorator to None, run_after=None
[2024-05-20T02:56:17.328+0000] {processor.py:183} INFO - Processing /home/airflow/.local/lib/python3.12/site-packages/airflow/example_dags/example_dag_decorator.py took 0.194 seconds
[2024-05-20T02:56:48.275+0000] {processor.py:161} INFO - Started process (PID=641) to work on /home/airflow/.local/lib/python3.12/site-packages/airflow/example_dags/example_dag_decorator.py
[2024-05-20T02:56:48.276+0000] {processor.py:830} INFO - Processing file /home/airflow/.local/lib/python3.12/site-packages/airflow/example_dags/example_dag_decorator.py for tasks to queue
[2024-05-20T02:56:48.280+0000] {logging_mixin.py:188} INFO - [2024-05-20T02:56:48.279+0000] {dagbag.py:545} INFO - Filling up the DagBag from /home/airflow/.local/lib/python3.12/site-packages/airflow/example_dags/example_dag_decorator.py
[2024-05-20T02:56:48.337+0000] {processor.py:840} INFO - DAG(s) 'example_dag_decorator' retrieved from /home/airflow/.local/lib/python3.12/site-packages/airflow/example_dags/example_dag_decorator.py
[2024-05-20T02:56:48.382+0000] {logging_mixin.py:188} INFO - [2024-05-20T02:56:48.382+0000] {dag.py:3096} INFO - Sync 1 DAGs
[2024-05-20T02:56:48.387+0000] {logging_mixin.py:188} INFO - [2024-05-20T02:56:48.387+0000] {dag.py:3954} INFO - Setting next_dagrun for example_dag_decorator to None, run_after=None
[2024-05-20T02:56:48.395+0000] {processor.py:183} INFO - Processing /home/airflow/.local/lib/python3.12/site-packages/airflow/example_dags/example_dag_decorator.py took 0.128 seconds
[2024-05-20T02:57:19.140+0000] {processor.py:161} INFO - Started process (PID=699) to work on /home/airflow/.local/lib/python3.12/site-packages/airflow/example_dags/example_dag_decorator.py
[2024-05-20T02:57:19.142+0000] {processor.py:830} INFO - Processing file /home/airflow/.local/lib/python3.12/site-packages/airflow/example_dags/example_dag_decorator.py for tasks to queue
[2024-05-20T02:57:19.145+0000] {logging_mixin.py:188} INFO - [2024-05-20T02:57:19.144+0000] {dagbag.py:545} INFO - Filling up the DagBag from /home/airflow/.local/lib/python3.12/site-packages/airflow/example_dags/example_dag_decorator.py
[2024-05-20T02:57:19.200+0000] {processor.py:840} INFO - DAG(s) 'example_dag_decorator' retrieved from /home/airflow/.local/lib/python3.12/site-packages/airflow/example_dags/example_dag_decorator.py
[2024-05-20T02:57:19.212+0000] {logging_mixin.py:188} INFO - [2024-05-20T02:57:19.212+0000] {dag.py:3096} INFO - Sync 1 DAGs
[2024-05-20T02:57:19.218+0000] {logging_mixin.py:188} INFO - [2024-05-20T02:57:19.218+0000] {dag.py:3954} INFO - Setting next_dagrun for example_dag_decorator to None, run_after=None
[2024-05-20T02:57:19.226+0000] {processor.py:183} INFO - Processing /home/airflow/.local/lib/python3.12/site-packages/airflow/example_dags/example_dag_decorator.py took 0.094 seconds
[2024-05-20T02:57:50.003+0000] {processor.py:161} INFO - Started process (PID=757) to work on /home/airflow/.local/lib/python3.12/site-packages/airflow/example_dags/example_dag_decorator.py
[2024-05-20T02:57:50.005+0000] {processor.py:830} INFO - Processing file /home/airflow/.local/lib/python3.12/site-packages/airflow/example_dags/example_dag_decorator.py for tasks to queue
[2024-05-20T02:57:50.007+0000] {logging_mixin.py:188} INFO - [2024-05-20T02:57:50.007+0000] {dagbag.py:545} INFO - Filling up the DagBag from /home/airflow/.local/lib/python3.12/site-packages/airflow/example_dags/example_dag_decorator.py
[2024-05-20T02:57:50.065+0000] {processor.py:840} INFO - DAG(s) 'example_dag_decorator' retrieved from /home/airflow/.local/lib/python3.12/site-packages/airflow/example_dags/example_dag_decorator.py
[2024-05-20T02:57:50.113+0000] {logging_mixin.py:188} INFO - [2024-05-20T02:57:50.113+0000] {dag.py:3096} INFO - Sync 1 DAGs
[2024-05-20T02:57:50.119+0000] {logging_mixin.py:188} INFO - [2024-05-20T02:57:50.118+0000] {dag.py:3954} INFO - Setting next_dagrun for example_dag_decorator to None, run_after=None
[2024-05-20T02:57:50.127+0000] {processor.py:183} INFO - Processing /home/airflow/.local/lib/python3.12/site-packages/airflow/example_dags/example_dag_decorator.py took 0.133 seconds
[2024-05-20T02:58:20.950+0000] {processor.py:161} INFO - Started process (PID=815) to work on /home/airflow/.local/lib/python3.12/site-packages/airflow/example_dags/example_dag_decorator.py
[2024-05-20T02:58:20.951+0000] {processor.py:830} INFO - Processing file /home/airflow/.local/lib/python3.12/site-packages/airflow/example_dags/example_dag_decorator.py for tasks to queue
[2024-05-20T02:58:20.952+0000] {logging_mixin.py:188} INFO - [2024-05-20T02:58:20.952+0000] {dagbag.py:545} INFO - Filling up the DagBag from /home/airflow/.local/lib/python3.12/site-packages/airflow/example_dags/example_dag_decorator.py
[2024-05-20T02:58:21.000+0000] {processor.py:840} INFO - DAG(s) 'example_dag_decorator' retrieved from /home/airflow/.local/lib/python3.12/site-packages/airflow/example_dags/example_dag_decorator.py
[2024-05-20T02:58:21.048+0000] {logging_mixin.py:188} INFO - [2024-05-20T02:58:21.048+0000] {dag.py:3096} INFO - Sync 1 DAGs
[2024-05-20T02:58:21.053+0000] {logging_mixin.py:188} INFO - [2024-05-20T02:58:21.053+0000] {dag.py:3954} INFO - Setting next_dagrun for example_dag_decorator to None, run_after=None
[2024-05-20T02:58:21.063+0000] {processor.py:183} INFO - Processing /home/airflow/.local/lib/python3.12/site-packages/airflow/example_dags/example_dag_decorator.py took 0.117 seconds
[2024-05-20T02:58:51.721+0000] {processor.py:161} INFO - Started process (PID=873) to work on /home/airflow/.local/lib/python3.12/site-packages/airflow/example_dags/example_dag_decorator.py
[2024-05-20T02:58:51.723+0000] {processor.py:830} INFO - Processing file /home/airflow/.local/lib/python3.12/site-packages/airflow/example_dags/example_dag_decorator.py for tasks to queue
[2024-05-20T02:58:51.726+0000] {logging_mixin.py:188} INFO - [2024-05-20T02:58:51.725+0000] {dagbag.py:545} INFO - Filling up the DagBag from /home/airflow/.local/lib/python3.12/site-packages/airflow/example_dags/example_dag_decorator.py
[2024-05-20T02:58:51.784+0000] {processor.py:840} INFO - DAG(s) 'example_dag_decorator' retrieved from /home/airflow/.local/lib/python3.12/site-packages/airflow/example_dags/example_dag_decorator.py
[2024-05-20T02:58:51.833+0000] {logging_mixin.py:188} INFO - [2024-05-20T02:58:51.833+0000] {dag.py:3096} INFO - Sync 1 DAGs
[2024-05-20T02:58:51.837+0000] {logging_mixin.py:188} INFO - [2024-05-20T02:58:51.837+0000] {dag.py:3954} INFO - Setting next_dagrun for example_dag_decorator to None, run_after=None
[2024-05-20T02:58:51.846+0000] {processor.py:183} INFO - Processing /home/airflow/.local/lib/python3.12/site-packages/airflow/example_dags/example_dag_decorator.py took 0.134 seconds
[2024-05-20T02:59:22.484+0000] {processor.py:161} INFO - Started process (PID=931) to work on /home/airflow/.local/lib/python3.12/site-packages/airflow/example_dags/example_dag_decorator.py
[2024-05-20T02:59:22.485+0000] {processor.py:830} INFO - Processing file /home/airflow/.local/lib/python3.12/site-packages/airflow/example_dags/example_dag_decorator.py for tasks to queue
[2024-05-20T02:59:22.486+0000] {logging_mixin.py:188} INFO - [2024-05-20T02:59:22.486+0000] {dagbag.py:545} INFO - Filling up the DagBag from /home/airflow/.local/lib/python3.12/site-packages/airflow/example_dags/example_dag_decorator.py
[2024-05-20T02:59:22.530+0000] {processor.py:840} INFO - DAG(s) 'example_dag_decorator' retrieved from /home/airflow/.local/lib/python3.12/site-packages/airflow/example_dags/example_dag_decorator.py
[2024-05-20T02:59:22.594+0000] {logging_mixin.py:188} INFO - [2024-05-20T02:59:22.594+0000] {dag.py:3096} INFO - Sync 1 DAGs
[2024-05-20T02:59:22.704+0000] {logging_mixin.py:188} INFO - [2024-05-20T02:59:22.704+0000] {dag.py:3954} INFO - Setting next_dagrun for example_dag_decorator to None, run_after=None
[2024-05-20T02:59:22.715+0000] {processor.py:183} INFO - Processing /home/airflow/.local/lib/python3.12/site-packages/airflow/example_dags/example_dag_decorator.py took 0.235 seconds
[2024-05-20T02:59:53.374+0000] {processor.py:161} INFO - Started process (PID=989) to work on /home/airflow/.local/lib/python3.12/site-packages/airflow/example_dags/example_dag_decorator.py
[2024-05-20T02:59:53.375+0000] {processor.py:830} INFO - Processing file /home/airflow/.local/lib/python3.12/site-packages/airflow/example_dags/example_dag_decorator.py for tasks to queue
[2024-05-20T02:59:53.377+0000] {logging_mixin.py:188} INFO - [2024-05-20T02:59:53.376+0000] {dagbag.py:545} INFO - Filling up the DagBag from /home/airflow/.local/lib/python3.12/site-packages/airflow/example_dags/example_dag_decorator.py
[2024-05-20T02:59:53.424+0000] {processor.py:840} INFO - DAG(s) 'example_dag_decorator' retrieved from /home/airflow/.local/lib/python3.12/site-packages/airflow/example_dags/example_dag_decorator.py
[2024-05-20T02:59:53.473+0000] {logging_mixin.py:188} INFO - [2024-05-20T02:59:53.473+0000] {dag.py:3096} INFO - Sync 1 DAGs
[2024-05-20T02:59:53.478+0000] {logging_mixin.py:188} INFO - [2024-05-20T02:59:53.478+0000] {dag.py:3954} INFO - Setting next_dagrun for example_dag_decorator to None, run_after=None
[2024-05-20T02:59:53.488+0000] {processor.py:183} INFO - Processing /home/airflow/.local/lib/python3.12/site-packages/airflow/example_dags/example_dag_decorator.py took 0.118 seconds
[2024-05-20T03:00:24.102+0000] {processor.py:161} INFO - Started process (PID=1047) to work on /home/airflow/.local/lib/python3.12/site-packages/airflow/example_dags/example_dag_decorator.py
[2024-05-20T03:00:24.102+0000] {processor.py:830} INFO - Processing file /home/airflow/.local/lib/python3.12/site-packages/airflow/example_dags/example_dag_decorator.py for tasks to queue
[2024-05-20T03:00:24.103+0000] {logging_mixin.py:188} INFO - [2024-05-20T03:00:24.103+0000] {dagbag.py:545} INFO - Filling up the DagBag from /home/airflow/.local/lib/python3.12/site-packages/airflow/example_dags/example_dag_decorator.py
[2024-05-20T03:00:24.144+0000] {processor.py:840} INFO - DAG(s) 'example_dag_decorator' retrieved from /home/airflow/.local/lib/python3.12/site-packages/airflow/example_dags/example_dag_decorator.py
[2024-05-20T03:00:24.193+0000] {logging_mixin.py:188} INFO - [2024-05-20T03:00:24.193+0000] {dag.py:3096} INFO - Sync 1 DAGs
[2024-05-20T03:00:24.198+0000] {logging_mixin.py:188} INFO - [2024-05-20T03:00:24.198+0000] {dag.py:3954} INFO - Setting next_dagrun for example_dag_decorator to None, run_after=None
[2024-05-20T03:00:24.207+0000] {processor.py:183} INFO - Processing /home/airflow/.local/lib/python3.12/site-packages/airflow/example_dags/example_dag_decorator.py took 0.108 seconds
[2024-05-20T03:00:54.802+0000] {processor.py:161} INFO - Started process (PID=1105) to work on /home/airflow/.local/lib/python3.12/site-packages/airflow/example_dags/example_dag_decorator.py
[2024-05-20T03:00:54.803+0000] {processor.py:830} INFO - Processing file /home/airflow/.local/lib/python3.12/site-packages/airflow/example_dags/example_dag_decorator.py for tasks to queue
[2024-05-20T03:00:54.804+0000] {logging_mixin.py:188} INFO - [2024-05-20T03:00:54.804+0000] {dagbag.py:545} INFO - Filling up the DagBag from /home/airflow/.local/lib/python3.12/site-packages/airflow/example_dags/example_dag_decorator.py
[2024-05-20T03:00:54.844+0000] {processor.py:840} INFO - DAG(s) 'example_dag_decorator' retrieved from /home/airflow/.local/lib/python3.12/site-packages/airflow/example_dags/example_dag_decorator.py
[2024-05-20T03:00:54.891+0000] {logging_mixin.py:188} INFO - [2024-05-20T03:00:54.891+0000] {dag.py:3096} INFO - Sync 1 DAGs
[2024-05-20T03:00:55.017+0000] {logging_mixin.py:188} INFO - [2024-05-20T03:00:55.017+0000] {dag.py:3954} INFO - Setting next_dagrun for example_dag_decorator to None, run_after=None
[2024-05-20T03:00:55.038+0000] {processor.py:183} INFO - Processing /home/airflow/.local/lib/python3.12/site-packages/airflow/example_dags/example_dag_decorator.py took 0.239 seconds
[2024-05-20T03:01:25.068+0000] {processor.py:161} INFO - Started process (PID=1163) to work on /home/airflow/.local/lib/python3.12/site-packages/airflow/example_dags/example_dag_decorator.py
[2024-05-20T03:01:25.069+0000] {processor.py:830} INFO - Processing file /home/airflow/.local/lib/python3.12/site-packages/airflow/example_dags/example_dag_decorator.py for tasks to queue
[2024-05-20T03:01:25.070+0000] {logging_mixin.py:188} INFO - [2024-05-20T03:01:25.070+0000] {dagbag.py:545} INFO - Filling up the DagBag from /home/airflow/.local/lib/python3.12/site-packages/airflow/example_dags/example_dag_decorator.py
[2024-05-20T03:01:25.128+0000] {processor.py:840} INFO - DAG(s) 'example_dag_decorator' retrieved from /home/airflow/.local/lib/python3.12/site-packages/airflow/example_dags/example_dag_decorator.py
[2024-05-20T03:01:25.175+0000] {logging_mixin.py:188} INFO - [2024-05-20T03:01:25.175+0000] {dag.py:3096} INFO - Sync 1 DAGs
[2024-05-20T03:01:25.180+0000] {logging_mixin.py:188} INFO - [2024-05-20T03:01:25.180+0000] {dag.py:3954} INFO - Setting next_dagrun for example_dag_decorator to None, run_after=None
[2024-05-20T03:01:25.189+0000] {processor.py:183} INFO - Processing /home/airflow/.local/lib/python3.12/site-packages/airflow/example_dags/example_dag_decorator.py took 0.126 seconds
[2024-05-20T03:01:55.770+0000] {processor.py:161} INFO - Started process (PID=1221) to work on /home/airflow/.local/lib/python3.12/site-packages/airflow/example_dags/example_dag_decorator.py
[2024-05-20T03:01:55.772+0000] {processor.py:830} INFO - Processing file /home/airflow/.local/lib/python3.12/site-packages/airflow/example_dags/example_dag_decorator.py for tasks to queue
[2024-05-20T03:01:55.774+0000] {logging_mixin.py:188} INFO - [2024-05-20T03:01:55.774+0000] {dagbag.py:545} INFO - Filling up the DagBag from /home/airflow/.local/lib/python3.12/site-packages/airflow/example_dags/example_dag_decorator.py
[2024-05-20T03:01:55.827+0000] {processor.py:840} INFO - DAG(s) 'example_dag_decorator' retrieved from /home/airflow/.local/lib/python3.12/site-packages/airflow/example_dags/example_dag_decorator.py
[2024-05-20T03:01:55.876+0000] {logging_mixin.py:188} INFO - [2024-05-20T03:01:55.876+0000] {dag.py:3096} INFO - Sync 1 DAGs
[2024-05-20T03:01:55.881+0000] {logging_mixin.py:188} INFO - [2024-05-20T03:01:55.881+0000] {dag.py:3954} INFO - Setting next_dagrun for example_dag_decorator to None, run_after=None
[2024-05-20T03:01:55.890+0000] {processor.py:183} INFO - Processing /home/airflow/.local/lib/python3.12/site-packages/airflow/example_dags/example_dag_decorator.py took 0.126 seconds
[2024-05-20T03:02:26.601+0000] {processor.py:161} INFO - Started process (PID=1279) to work on /home/airflow/.local/lib/python3.12/site-packages/airflow/example_dags/example_dag_decorator.py
[2024-05-20T03:02:26.601+0000] {processor.py:830} INFO - Processing file /home/airflow/.local/lib/python3.12/site-packages/airflow/example_dags/example_dag_decorator.py for tasks to queue
[2024-05-20T03:02:26.603+0000] {logging_mixin.py:188} INFO - [2024-05-20T03:02:26.602+0000] {dagbag.py:545} INFO - Filling up the DagBag from /home/airflow/.local/lib/python3.12/site-packages/airflow/example_dags/example_dag_decorator.py
[2024-05-20T03:02:26.648+0000] {processor.py:840} INFO - DAG(s) 'example_dag_decorator' retrieved from /home/airflow/.local/lib/python3.12/site-packages/airflow/example_dags/example_dag_decorator.py
[2024-05-20T03:02:26.793+0000] {logging_mixin.py:188} INFO - [2024-05-20T03:02:26.793+0000] {dag.py:3096} INFO - Sync 1 DAGs
[2024-05-20T03:02:26.798+0000] {logging_mixin.py:188} INFO - [2024-05-20T03:02:26.798+0000] {dag.py:3954} INFO - Setting next_dagrun for example_dag_decorator to None, run_after=None
[2024-05-20T03:02:26.807+0000] {processor.py:183} INFO - Processing /home/airflow/.local/lib/python3.12/site-packages/airflow/example_dags/example_dag_decorator.py took 0.212 seconds
[2024-05-20T03:02:56.857+0000] {processor.py:161} INFO - Started process (PID=1340) to work on /home/airflow/.local/lib/python3.12/site-packages/airflow/example_dags/example_dag_decorator.py
[2024-05-20T03:02:56.857+0000] {processor.py:830} INFO - Processing file /home/airflow/.local/lib/python3.12/site-packages/airflow/example_dags/example_dag_decorator.py for tasks to queue
[2024-05-20T03:02:56.858+0000] {logging_mixin.py:188} INFO - [2024-05-20T03:02:56.858+0000] {dagbag.py:545} INFO - Filling up the DagBag from /home/airflow/.local/lib/python3.12/site-packages/airflow/example_dags/example_dag_decorator.py
[2024-05-20T03:02:56.900+0000] {processor.py:840} INFO - DAG(s) 'example_dag_decorator' retrieved from /home/airflow/.local/lib/python3.12/site-packages/airflow/example_dags/example_dag_decorator.py
[2024-05-20T03:02:56.914+0000] {logging_mixin.py:188} INFO - [2024-05-20T03:02:56.914+0000] {dag.py:3096} INFO - Sync 1 DAGs
[2024-05-20T03:02:56.920+0000] {logging_mixin.py:188} INFO - [2024-05-20T03:02:56.920+0000] {dag.py:3954} INFO - Setting next_dagrun for example_dag_decorator to None, run_after=None
[2024-05-20T03:02:56.930+0000] {processor.py:183} INFO - Processing /home/airflow/.local/lib/python3.12/site-packages/airflow/example_dags/example_dag_decorator.py took 0.076 seconds
[2024-05-20T03:03:27.619+0000] {processor.py:161} INFO - Started process (PID=1399) to work on /home/airflow/.local/lib/python3.12/site-packages/airflow/example_dags/example_dag_decorator.py
[2024-05-20T03:03:27.620+0000] {processor.py:830} INFO - Processing file /home/airflow/.local/lib/python3.12/site-packages/airflow/example_dags/example_dag_decorator.py for tasks to queue
[2024-05-20T03:03:27.622+0000] {logging_mixin.py:188} INFO - [2024-05-20T03:03:27.621+0000] {dagbag.py:545} INFO - Filling up the DagBag from /home/airflow/.local/lib/python3.12/site-packages/airflow/example_dags/example_dag_decorator.py
[2024-05-20T03:03:27.662+0000] {processor.py:840} INFO - DAG(s) 'example_dag_decorator' retrieved from /home/airflow/.local/lib/python3.12/site-packages/airflow/example_dags/example_dag_decorator.py
[2024-05-20T03:03:27.806+0000] {logging_mixin.py:188} INFO - [2024-05-20T03:03:27.806+0000] {dag.py:3096} INFO - Sync 1 DAGs
[2024-05-20T03:03:27.811+0000] {logging_mixin.py:188} INFO - [2024-05-20T03:03:27.811+0000] {dag.py:3954} INFO - Setting next_dagrun for example_dag_decorator to None, run_after=None
[2024-05-20T03:03:27.820+0000] {processor.py:183} INFO - Processing /home/airflow/.local/lib/python3.12/site-packages/airflow/example_dags/example_dag_decorator.py took 0.205 seconds
[2024-05-20T03:04:13.720+0000] {processor.py:161} INFO - Started process (PID=58) to work on /home/airflow/.local/lib/python3.12/site-packages/airflow/example_dags/example_dag_decorator.py
[2024-05-20T03:04:13.723+0000] {processor.py:830} INFO - Processing file /home/airflow/.local/lib/python3.12/site-packages/airflow/example_dags/example_dag_decorator.py for tasks to queue
[2024-05-20T03:04:13.725+0000] {logging_mixin.py:188} INFO - [2024-05-20T03:04:13.725+0000] {dagbag.py:545} INFO - Filling up the DagBag from /home/airflow/.local/lib/python3.12/site-packages/airflow/example_dags/example_dag_decorator.py
[2024-05-20T03:04:13.881+0000] {processor.py:840} INFO - DAG(s) 'example_dag_decorator' retrieved from /home/airflow/.local/lib/python3.12/site-packages/airflow/example_dags/example_dag_decorator.py
[2024-05-20T03:04:13.891+0000] {logging_mixin.py:188} INFO - [2024-05-20T03:04:13.891+0000] {dag.py:3096} INFO - Sync 1 DAGs
[2024-05-20T03:04:13.900+0000] {logging_mixin.py:188} INFO - [2024-05-20T03:04:13.900+0000] {dag.py:3954} INFO - Setting next_dagrun for example_dag_decorator to None, run_after=None
[2024-05-20T03:04:13.914+0000] {processor.py:183} INFO - Processing /home/airflow/.local/lib/python3.12/site-packages/airflow/example_dags/example_dag_decorator.py took 0.205 seconds
[2024-05-20T03:04:44.364+0000] {processor.py:161} INFO - Started process (PID=116) to work on /home/airflow/.local/lib/python3.12/site-packages/airflow/example_dags/example_dag_decorator.py
[2024-05-20T03:04:44.365+0000] {processor.py:830} INFO - Processing file /home/airflow/.local/lib/python3.12/site-packages/airflow/example_dags/example_dag_decorator.py for tasks to queue
[2024-05-20T03:04:44.366+0000] {logging_mixin.py:188} INFO - [2024-05-20T03:04:44.366+0000] {dagbag.py:545} INFO - Filling up the DagBag from /home/airflow/.local/lib/python3.12/site-packages/airflow/example_dags/example_dag_decorator.py
[2024-05-20T03:04:44.415+0000] {processor.py:840} INFO - DAG(s) 'example_dag_decorator' retrieved from /home/airflow/.local/lib/python3.12/site-packages/airflow/example_dags/example_dag_decorator.py
[2024-05-20T03:04:44.462+0000] {logging_mixin.py:188} INFO - [2024-05-20T03:04:44.462+0000] {dag.py:3096} INFO - Sync 1 DAGs
[2024-05-20T03:04:44.467+0000] {logging_mixin.py:188} INFO - [2024-05-20T03:04:44.467+0000] {dag.py:3954} INFO - Setting next_dagrun for example_dag_decorator to None, run_after=None
[2024-05-20T03:04:44.476+0000] {processor.py:183} INFO - Processing /home/airflow/.local/lib/python3.12/site-packages/airflow/example_dags/example_dag_decorator.py took 0.114 seconds
[2024-05-20T03:05:15.271+0000] {processor.py:161} INFO - Started process (PID=173) to work on /home/airflow/.local/lib/python3.12/site-packages/airflow/example_dags/example_dag_decorator.py
[2024-05-20T03:05:15.271+0000] {processor.py:830} INFO - Processing file /home/airflow/.local/lib/python3.12/site-packages/airflow/example_dags/example_dag_decorator.py for tasks to queue
[2024-05-20T03:05:15.272+0000] {logging_mixin.py:188} INFO - [2024-05-20T03:05:15.272+0000] {dagbag.py:545} INFO - Filling up the DagBag from /home/airflow/.local/lib/python3.12/site-packages/airflow/example_dags/example_dag_decorator.py
[2024-05-20T03:05:15.319+0000] {processor.py:840} INFO - DAG(s) 'example_dag_decorator' retrieved from /home/airflow/.local/lib/python3.12/site-packages/airflow/example_dags/example_dag_decorator.py
[2024-05-20T03:05:15.370+0000] {logging_mixin.py:188} INFO - [2024-05-20T03:05:15.370+0000] {dag.py:3096} INFO - Sync 1 DAGs
[2024-05-20T03:05:15.375+0000] {logging_mixin.py:188} INFO - [2024-05-20T03:05:15.375+0000] {dag.py:3954} INFO - Setting next_dagrun for example_dag_decorator to None, run_after=None
[2024-05-20T03:05:15.385+0000] {processor.py:183} INFO - Processing /home/airflow/.local/lib/python3.12/site-packages/airflow/example_dags/example_dag_decorator.py took 0.117 seconds
[2024-05-20T03:05:45.946+0000] {processor.py:161} INFO - Started process (PID=231) to work on /home/airflow/.local/lib/python3.12/site-packages/airflow/example_dags/example_dag_decorator.py
[2024-05-20T03:05:45.947+0000] {processor.py:830} INFO - Processing file /home/airflow/.local/lib/python3.12/site-packages/airflow/example_dags/example_dag_decorator.py for tasks to queue
[2024-05-20T03:05:45.948+0000] {logging_mixin.py:188} INFO - [2024-05-20T03:05:45.948+0000] {dagbag.py:545} INFO - Filling up the DagBag from /home/airflow/.local/lib/python3.12/site-packages/airflow/example_dags/example_dag_decorator.py
[2024-05-20T03:05:45.992+0000] {processor.py:840} INFO - DAG(s) 'example_dag_decorator' retrieved from /home/airflow/.local/lib/python3.12/site-packages/airflow/example_dags/example_dag_decorator.py
[2024-05-20T03:05:46.044+0000] {logging_mixin.py:188} INFO - [2024-05-20T03:05:46.044+0000] {dag.py:3096} INFO - Sync 1 DAGs
[2024-05-20T03:05:46.049+0000] {logging_mixin.py:188} INFO - [2024-05-20T03:05:46.049+0000] {dag.py:3954} INFO - Setting next_dagrun for example_dag_decorator to None, run_after=None
[2024-05-20T03:05:46.059+0000] {processor.py:183} INFO - Processing /home/airflow/.local/lib/python3.12/site-packages/airflow/example_dags/example_dag_decorator.py took 0.116 seconds
[2024-05-20T03:06:16.667+0000] {processor.py:161} INFO - Started process (PID=288) to work on /home/airflow/.local/lib/python3.12/site-packages/airflow/example_dags/example_dag_decorator.py
[2024-05-20T03:06:16.667+0000] {processor.py:830} INFO - Processing file /home/airflow/.local/lib/python3.12/site-packages/airflow/example_dags/example_dag_decorator.py for tasks to queue
[2024-05-20T03:06:16.668+0000] {logging_mixin.py:188} INFO - [2024-05-20T03:06:16.668+0000] {dagbag.py:545} INFO - Filling up the DagBag from /home/airflow/.local/lib/python3.12/site-packages/airflow/example_dags/example_dag_decorator.py
[2024-05-20T03:06:16.709+0000] {processor.py:840} INFO - DAG(s) 'example_dag_decorator' retrieved from /home/airflow/.local/lib/python3.12/site-packages/airflow/example_dags/example_dag_decorator.py
[2024-05-20T03:06:16.757+0000] {logging_mixin.py:188} INFO - [2024-05-20T03:06:16.757+0000] {dag.py:3096} INFO - Sync 1 DAGs
[2024-05-20T03:06:16.762+0000] {logging_mixin.py:188} INFO - [2024-05-20T03:06:16.762+0000] {dag.py:3954} INFO - Setting next_dagrun for example_dag_decorator to None, run_after=None
[2024-05-20T03:06:16.772+0000] {processor.py:183} INFO - Processing /home/airflow/.local/lib/python3.12/site-packages/airflow/example_dags/example_dag_decorator.py took 0.108 seconds
[2024-05-20T03:06:47.358+0000] {processor.py:161} INFO - Started process (PID=346) to work on /home/airflow/.local/lib/python3.12/site-packages/airflow/example_dags/example_dag_decorator.py
[2024-05-20T03:06:47.358+0000] {processor.py:830} INFO - Processing file /home/airflow/.local/lib/python3.12/site-packages/airflow/example_dags/example_dag_decorator.py for tasks to queue
[2024-05-20T03:06:47.359+0000] {logging_mixin.py:188} INFO - [2024-05-20T03:06:47.359+0000] {dagbag.py:545} INFO - Filling up the DagBag from /home/airflow/.local/lib/python3.12/site-packages/airflow/example_dags/example_dag_decorator.py
[2024-05-20T03:06:47.400+0000] {processor.py:840} INFO - DAG(s) 'example_dag_decorator' retrieved from /home/airflow/.local/lib/python3.12/site-packages/airflow/example_dags/example_dag_decorator.py
[2024-05-20T03:06:47.444+0000] {logging_mixin.py:188} INFO - [2024-05-20T03:06:47.444+0000] {dag.py:3096} INFO - Sync 1 DAGs
[2024-05-20T03:06:47.449+0000] {logging_mixin.py:188} INFO - [2024-05-20T03:06:47.449+0000] {dag.py:3954} INFO - Setting next_dagrun for example_dag_decorator to None, run_after=None
[2024-05-20T03:06:47.458+0000] {processor.py:183} INFO - Processing /home/airflow/.local/lib/python3.12/site-packages/airflow/example_dags/example_dag_decorator.py took 0.103 seconds
[2024-05-20T03:07:18.117+0000] {processor.py:161} INFO - Started process (PID=404) to work on /home/airflow/.local/lib/python3.12/site-packages/airflow/example_dags/example_dag_decorator.py
[2024-05-20T03:07:18.118+0000] {processor.py:830} INFO - Processing file /home/airflow/.local/lib/python3.12/site-packages/airflow/example_dags/example_dag_decorator.py for tasks to queue
[2024-05-20T03:07:18.119+0000] {logging_mixin.py:188} INFO - [2024-05-20T03:07:18.119+0000] {dagbag.py:545} INFO - Filling up the DagBag from /home/airflow/.local/lib/python3.12/site-packages/airflow/example_dags/example_dag_decorator.py
[2024-05-20T03:07:18.158+0000] {processor.py:840} INFO - DAG(s) 'example_dag_decorator' retrieved from /home/airflow/.local/lib/python3.12/site-packages/airflow/example_dags/example_dag_decorator.py
[2024-05-20T03:07:18.204+0000] {logging_mixin.py:188} INFO - [2024-05-20T03:07:18.204+0000] {dag.py:3096} INFO - Sync 1 DAGs
[2024-05-20T03:07:18.209+0000] {logging_mixin.py:188} INFO - [2024-05-20T03:07:18.209+0000] {dag.py:3954} INFO - Setting next_dagrun for example_dag_decorator to None, run_after=None
[2024-05-20T03:07:18.218+0000] {processor.py:183} INFO - Processing /home/airflow/.local/lib/python3.12/site-packages/airflow/example_dags/example_dag_decorator.py took 0.104 seconds
[2024-05-20T03:07:59.254+0000] {processor.py:161} INFO - Started process (PID=59) to work on /home/airflow/.local/lib/python3.12/site-packages/airflow/example_dags/example_dag_decorator.py
[2024-05-20T03:07:59.255+0000] {processor.py:830} INFO - Processing file /home/airflow/.local/lib/python3.12/site-packages/airflow/example_dags/example_dag_decorator.py for tasks to queue
[2024-05-20T03:07:59.256+0000] {logging_mixin.py:188} INFO - [2024-05-20T03:07:59.256+0000] {dagbag.py:545} INFO - Filling up the DagBag from /home/airflow/.local/lib/python3.12/site-packages/airflow/example_dags/example_dag_decorator.py
[2024-05-20T03:07:59.407+0000] {processor.py:840} INFO - DAG(s) 'example_dag_decorator' retrieved from /home/airflow/.local/lib/python3.12/site-packages/airflow/example_dags/example_dag_decorator.py
[2024-05-20T03:07:59.416+0000] {logging_mixin.py:188} INFO - [2024-05-20T03:07:59.415+0000] {dag.py:3096} INFO - Sync 1 DAGs
[2024-05-20T03:07:59.427+0000] {logging_mixin.py:188} INFO - [2024-05-20T03:07:59.426+0000] {dag.py:3954} INFO - Setting next_dagrun for example_dag_decorator to None, run_after=None
[2024-05-20T03:07:59.439+0000] {processor.py:183} INFO - Processing /home/airflow/.local/lib/python3.12/site-packages/airflow/example_dags/example_dag_decorator.py took 0.190 seconds
[2024-05-20T03:08:30.774+0000] {processor.py:161} INFO - Started process (PID=118) to work on /home/airflow/.local/lib/python3.12/site-packages/airflow/example_dags/example_dag_decorator.py
[2024-05-20T03:08:30.775+0000] {processor.py:830} INFO - Processing file /home/airflow/.local/lib/python3.12/site-packages/airflow/example_dags/example_dag_decorator.py for tasks to queue
[2024-05-20T03:08:30.776+0000] {logging_mixin.py:188} INFO - [2024-05-20T03:08:30.775+0000] {dagbag.py:545} INFO - Filling up the DagBag from /home/airflow/.local/lib/python3.12/site-packages/airflow/example_dags/example_dag_decorator.py
[2024-05-20T03:08:30.819+0000] {processor.py:840} INFO - DAG(s) 'example_dag_decorator' retrieved from /home/airflow/.local/lib/python3.12/site-packages/airflow/example_dags/example_dag_decorator.py
[2024-05-20T03:08:30.875+0000] {logging_mixin.py:188} INFO - [2024-05-20T03:08:30.875+0000] {dag.py:3096} INFO - Sync 1 DAGs
[2024-05-20T03:08:30.880+0000] {logging_mixin.py:188} INFO - [2024-05-20T03:08:30.880+0000] {dag.py:3954} INFO - Setting next_dagrun for example_dag_decorator to None, run_after=None
[2024-05-20T03:08:30.889+0000] {processor.py:183} INFO - Processing /home/airflow/.local/lib/python3.12/site-packages/airflow/example_dags/example_dag_decorator.py took 0.118 seconds
[2024-05-20T03:09:01.752+0000] {processor.py:161} INFO - Started process (PID=175) to work on /home/airflow/.local/lib/python3.12/site-packages/airflow/example_dags/example_dag_decorator.py
[2024-05-20T03:09:01.753+0000] {processor.py:830} INFO - Processing file /home/airflow/.local/lib/python3.12/site-packages/airflow/example_dags/example_dag_decorator.py for tasks to queue
[2024-05-20T03:09:01.754+0000] {logging_mixin.py:188} INFO - [2024-05-20T03:09:01.754+0000] {dagbag.py:545} INFO - Filling up the DagBag from /home/airflow/.local/lib/python3.12/site-packages/airflow/example_dags/example_dag_decorator.py
[2024-05-20T03:09:01.794+0000] {processor.py:840} INFO - DAG(s) 'example_dag_decorator' retrieved from /home/airflow/.local/lib/python3.12/site-packages/airflow/example_dags/example_dag_decorator.py
[2024-05-20T03:09:01.841+0000] {logging_mixin.py:188} INFO - [2024-05-20T03:09:01.841+0000] {dag.py:3096} INFO - Sync 1 DAGs
[2024-05-20T03:09:01.846+0000] {logging_mixin.py:188} INFO - [2024-05-20T03:09:01.846+0000] {dag.py:3954} INFO - Setting next_dagrun for example_dag_decorator to None, run_after=None
[2024-05-20T03:09:01.854+0000] {processor.py:183} INFO - Processing /home/airflow/.local/lib/python3.12/site-packages/airflow/example_dags/example_dag_decorator.py took 0.105 seconds
