[2024-05-20T02:51:41.652+0000] {processor.py:161} INFO - Started process (PID=71) to work on /home/airflow/.local/lib/python3.12/site-packages/airflow/example_dags/example_skip_dag.py
[2024-05-20T02:51:41.654+0000] {processor.py:830} INFO - Processing file /home/airflow/.local/lib/python3.12/site-packages/airflow/example_dags/example_skip_dag.py for tasks to queue
[2024-05-20T02:51:41.656+0000] {logging_mixin.py:188} INFO - [2024-05-20T02:51:41.656+0000] {dagbag.py:545} INFO - Filling up the DagBag from /home/airflow/.local/lib/python3.12/site-packages/airflow/example_dags/example_skip_dag.py
[2024-05-20T02:51:41.663+0000] {processor.py:840} INFO - DAG(s) 'example_skip_dag' retrieved from /home/airflow/.local/lib/python3.12/site-packages/airflow/example_dags/example_skip_dag.py
[2024-05-20T02:51:41.674+0000] {logging_mixin.py:188} INFO - [2024-05-20T02:51:41.674+0000] {dag.py:3096} INFO - Sync 1 DAGs
[2024-05-20T02:51:41.691+0000] {logging_mixin.py:188} INFO - [2024-05-20T02:51:41.691+0000] {dag.py:3954} INFO - Setting next_dagrun for example_skip_dag to 2024-05-19 00:00:00+00:00, run_after=2024-05-20 00:00:00+00:00
[2024-05-20T02:51:41.702+0000] {processor.py:183} INFO - Processing /home/airflow/.local/lib/python3.12/site-packages/airflow/example_dags/example_skip_dag.py took 0.057 seconds
[2024-05-20T02:52:12.005+0000] {processor.py:161} INFO - Started process (PID=129) to work on /home/airflow/.local/lib/python3.12/site-packages/airflow/example_dags/example_skip_dag.py
[2024-05-20T02:52:12.006+0000] {processor.py:830} INFO - Processing file /home/airflow/.local/lib/python3.12/site-packages/airflow/example_dags/example_skip_dag.py for tasks to queue
[2024-05-20T02:52:12.007+0000] {logging_mixin.py:188} INFO - [2024-05-20T02:52:12.007+0000] {dagbag.py:545} INFO - Filling up the DagBag from /home/airflow/.local/lib/python3.12/site-packages/airflow/example_dags/example_skip_dag.py
[2024-05-20T02:52:12.010+0000] {processor.py:840} INFO - DAG(s) 'example_skip_dag' retrieved from /home/airflow/.local/lib/python3.12/site-packages/airflow/example_dags/example_skip_dag.py
[2024-05-20T02:52:12.053+0000] {logging_mixin.py:188} INFO - [2024-05-20T02:52:12.053+0000] {dag.py:3096} INFO - Sync 1 DAGs
[2024-05-20T02:52:12.063+0000] {logging_mixin.py:188} INFO - [2024-05-20T02:52:12.063+0000] {dag.py:3954} INFO - Setting next_dagrun for example_skip_dag to 2024-05-19 00:00:00+00:00, run_after=2024-05-20 00:00:00+00:00
[2024-05-20T02:52:12.072+0000] {processor.py:183} INFO - Processing /home/airflow/.local/lib/python3.12/site-packages/airflow/example_dags/example_skip_dag.py took 0.069 seconds
[2024-05-20T02:52:42.994+0000] {processor.py:161} INFO - Started process (PID=187) to work on /home/airflow/.local/lib/python3.12/site-packages/airflow/example_dags/example_skip_dag.py
[2024-05-20T02:52:42.994+0000] {processor.py:830} INFO - Processing file /home/airflow/.local/lib/python3.12/site-packages/airflow/example_dags/example_skip_dag.py for tasks to queue
[2024-05-20T02:52:42.996+0000] {logging_mixin.py:188} INFO - [2024-05-20T02:52:42.996+0000] {dagbag.py:545} INFO - Filling up the DagBag from /home/airflow/.local/lib/python3.12/site-packages/airflow/example_dags/example_skip_dag.py
[2024-05-20T02:52:43.000+0000] {processor.py:840} INFO - DAG(s) 'example_skip_dag' retrieved from /home/airflow/.local/lib/python3.12/site-packages/airflow/example_dags/example_skip_dag.py
[2024-05-20T02:52:43.013+0000] {logging_mixin.py:188} INFO - [2024-05-20T02:52:43.012+0000] {dag.py:3096} INFO - Sync 1 DAGs
[2024-05-20T02:52:43.024+0000] {logging_mixin.py:188} INFO - [2024-05-20T02:52:43.024+0000] {dag.py:3954} INFO - Setting next_dagrun for example_skip_dag to 2024-05-19 00:00:00+00:00, run_after=2024-05-20 00:00:00+00:00
[2024-05-20T02:52:43.035+0000] {processor.py:183} INFO - Processing /home/airflow/.local/lib/python3.12/site-packages/airflow/example_dags/example_skip_dag.py took 0.044 seconds
[2024-05-20T02:53:13.118+0000] {processor.py:161} INFO - Started process (PID=245) to work on /home/airflow/.local/lib/python3.12/site-packages/airflow/example_dags/example_skip_dag.py
[2024-05-20T02:53:13.119+0000] {processor.py:830} INFO - Processing file /home/airflow/.local/lib/python3.12/site-packages/airflow/example_dags/example_skip_dag.py for tasks to queue
[2024-05-20T02:53:13.120+0000] {logging_mixin.py:188} INFO - [2024-05-20T02:53:13.120+0000] {dagbag.py:545} INFO - Filling up the DagBag from /home/airflow/.local/lib/python3.12/site-packages/airflow/example_dags/example_skip_dag.py
[2024-05-20T02:53:13.124+0000] {processor.py:840} INFO - DAG(s) 'example_skip_dag' retrieved from /home/airflow/.local/lib/python3.12/site-packages/airflow/example_dags/example_skip_dag.py
[2024-05-20T02:53:13.136+0000] {logging_mixin.py:188} INFO - [2024-05-20T02:53:13.135+0000] {dag.py:3096} INFO - Sync 1 DAGs
[2024-05-20T02:53:13.145+0000] {logging_mixin.py:188} INFO - [2024-05-20T02:53:13.145+0000] {dag.py:3954} INFO - Setting next_dagrun for example_skip_dag to 2024-05-19 00:00:00+00:00, run_after=2024-05-20 00:00:00+00:00
[2024-05-20T02:53:13.155+0000] {processor.py:183} INFO - Processing /home/airflow/.local/lib/python3.12/site-packages/airflow/example_dags/example_skip_dag.py took 0.040 seconds
[2024-05-20T02:53:44.166+0000] {processor.py:161} INFO - Started process (PID=303) to work on /home/airflow/.local/lib/python3.12/site-packages/airflow/example_dags/example_skip_dag.py
[2024-05-20T02:53:44.166+0000] {processor.py:830} INFO - Processing file /home/airflow/.local/lib/python3.12/site-packages/airflow/example_dags/example_skip_dag.py for tasks to queue
[2024-05-20T02:53:44.167+0000] {logging_mixin.py:188} INFO - [2024-05-20T02:53:44.167+0000] {dagbag.py:545} INFO - Filling up the DagBag from /home/airflow/.local/lib/python3.12/site-packages/airflow/example_dags/example_skip_dag.py
[2024-05-20T02:53:44.170+0000] {processor.py:840} INFO - DAG(s) 'example_skip_dag' retrieved from /home/airflow/.local/lib/python3.12/site-packages/airflow/example_dags/example_skip_dag.py
[2024-05-20T02:53:44.181+0000] {logging_mixin.py:188} INFO - [2024-05-20T02:53:44.181+0000] {dag.py:3096} INFO - Sync 1 DAGs
[2024-05-20T02:53:44.191+0000] {logging_mixin.py:188} INFO - [2024-05-20T02:53:44.191+0000] {dag.py:3954} INFO - Setting next_dagrun for example_skip_dag to 2024-05-19 00:00:00+00:00, run_after=2024-05-20 00:00:00+00:00
[2024-05-20T02:53:44.201+0000] {processor.py:183} INFO - Processing /home/airflow/.local/lib/python3.12/site-packages/airflow/example_dags/example_skip_dag.py took 0.038 seconds
[2024-05-20T02:54:14.844+0000] {processor.py:161} INFO - Started process (PID=361) to work on /home/airflow/.local/lib/python3.12/site-packages/airflow/example_dags/example_skip_dag.py
[2024-05-20T02:54:14.845+0000] {processor.py:830} INFO - Processing file /home/airflow/.local/lib/python3.12/site-packages/airflow/example_dags/example_skip_dag.py for tasks to queue
[2024-05-20T02:54:14.846+0000] {logging_mixin.py:188} INFO - [2024-05-20T02:54:14.846+0000] {dagbag.py:545} INFO - Filling up the DagBag from /home/airflow/.local/lib/python3.12/site-packages/airflow/example_dags/example_skip_dag.py
[2024-05-20T02:54:14.850+0000] {processor.py:840} INFO - DAG(s) 'example_skip_dag' retrieved from /home/airflow/.local/lib/python3.12/site-packages/airflow/example_dags/example_skip_dag.py
[2024-05-20T02:54:14.860+0000] {logging_mixin.py:188} INFO - [2024-05-20T02:54:14.860+0000] {dag.py:3096} INFO - Sync 1 DAGs
[2024-05-20T02:54:14.871+0000] {logging_mixin.py:188} INFO - [2024-05-20T02:54:14.870+0000] {dag.py:3954} INFO - Setting next_dagrun for example_skip_dag to 2024-05-19 00:00:00+00:00, run_after=2024-05-20 00:00:00+00:00
[2024-05-20T02:54:14.880+0000] {processor.py:183} INFO - Processing /home/airflow/.local/lib/python3.12/site-packages/airflow/example_dags/example_skip_dag.py took 0.039 seconds
[2024-05-20T02:54:45.605+0000] {processor.py:161} INFO - Started process (PID=419) to work on /home/airflow/.local/lib/python3.12/site-packages/airflow/example_dags/example_skip_dag.py
[2024-05-20T02:54:45.606+0000] {processor.py:830} INFO - Processing file /home/airflow/.local/lib/python3.12/site-packages/airflow/example_dags/example_skip_dag.py for tasks to queue
[2024-05-20T02:54:45.607+0000] {logging_mixin.py:188} INFO - [2024-05-20T02:54:45.607+0000] {dagbag.py:545} INFO - Filling up the DagBag from /home/airflow/.local/lib/python3.12/site-packages/airflow/example_dags/example_skip_dag.py
[2024-05-20T02:54:45.611+0000] {processor.py:840} INFO - DAG(s) 'example_skip_dag' retrieved from /home/airflow/.local/lib/python3.12/site-packages/airflow/example_dags/example_skip_dag.py
[2024-05-20T02:54:45.622+0000] {logging_mixin.py:188} INFO - [2024-05-20T02:54:45.622+0000] {dag.py:3096} INFO - Sync 1 DAGs
[2024-05-20T02:54:45.634+0000] {logging_mixin.py:188} INFO - [2024-05-20T02:54:45.633+0000] {dag.py:3954} INFO - Setting next_dagrun for example_skip_dag to 2024-05-19 00:00:00+00:00, run_after=2024-05-20 00:00:00+00:00
[2024-05-20T02:54:45.644+0000] {processor.py:183} INFO - Processing /home/airflow/.local/lib/python3.12/site-packages/airflow/example_dags/example_skip_dag.py took 0.042 seconds
[2024-05-20T02:55:16.391+0000] {processor.py:161} INFO - Started process (PID=477) to work on /home/airflow/.local/lib/python3.12/site-packages/airflow/example_dags/example_skip_dag.py
[2024-05-20T02:55:16.392+0000] {processor.py:830} INFO - Processing file /home/airflow/.local/lib/python3.12/site-packages/airflow/example_dags/example_skip_dag.py for tasks to queue
[2024-05-20T02:55:16.393+0000] {logging_mixin.py:188} INFO - [2024-05-20T02:55:16.393+0000] {dagbag.py:545} INFO - Filling up the DagBag from /home/airflow/.local/lib/python3.12/site-packages/airflow/example_dags/example_skip_dag.py
[2024-05-20T02:55:16.397+0000] {processor.py:840} INFO - DAG(s) 'example_skip_dag' retrieved from /home/airflow/.local/lib/python3.12/site-packages/airflow/example_dags/example_skip_dag.py
[2024-05-20T02:55:16.408+0000] {logging_mixin.py:188} INFO - [2024-05-20T02:55:16.408+0000] {dag.py:3096} INFO - Sync 1 DAGs
[2024-05-20T02:55:16.418+0000] {logging_mixin.py:188} INFO - [2024-05-20T02:55:16.418+0000] {dag.py:3954} INFO - Setting next_dagrun for example_skip_dag to 2024-05-19 00:00:00+00:00, run_after=2024-05-20 00:00:00+00:00
[2024-05-20T02:55:16.427+0000] {processor.py:183} INFO - Processing /home/airflow/.local/lib/python3.12/site-packages/airflow/example_dags/example_skip_dag.py took 0.038 seconds
[2024-05-20T02:55:47.261+0000] {processor.py:161} INFO - Started process (PID=535) to work on /home/airflow/.local/lib/python3.12/site-packages/airflow/example_dags/example_skip_dag.py
[2024-05-20T02:55:47.263+0000] {processor.py:830} INFO - Processing file /home/airflow/.local/lib/python3.12/site-packages/airflow/example_dags/example_skip_dag.py for tasks to queue
[2024-05-20T02:55:47.264+0000] {logging_mixin.py:188} INFO - [2024-05-20T02:55:47.264+0000] {dagbag.py:545} INFO - Filling up the DagBag from /home/airflow/.local/lib/python3.12/site-packages/airflow/example_dags/example_skip_dag.py
[2024-05-20T02:55:47.268+0000] {processor.py:840} INFO - DAG(s) 'example_skip_dag' retrieved from /home/airflow/.local/lib/python3.12/site-packages/airflow/example_dags/example_skip_dag.py
[2024-05-20T02:55:47.281+0000] {logging_mixin.py:188} INFO - [2024-05-20T02:55:47.281+0000] {dag.py:3096} INFO - Sync 1 DAGs
[2024-05-20T02:55:47.292+0000] {logging_mixin.py:188} INFO - [2024-05-20T02:55:47.292+0000] {dag.py:3954} INFO - Setting next_dagrun for example_skip_dag to 2024-05-19 00:00:00+00:00, run_after=2024-05-20 00:00:00+00:00
[2024-05-20T02:55:47.301+0000] {processor.py:183} INFO - Processing /home/airflow/.local/lib/python3.12/site-packages/airflow/example_dags/example_skip_dag.py took 0.043 seconds
[2024-05-20T02:56:17.708+0000] {processor.py:161} INFO - Started process (PID=593) to work on /home/airflow/.local/lib/python3.12/site-packages/airflow/example_dags/example_skip_dag.py
[2024-05-20T02:56:17.709+0000] {processor.py:830} INFO - Processing file /home/airflow/.local/lib/python3.12/site-packages/airflow/example_dags/example_skip_dag.py for tasks to queue
[2024-05-20T02:56:17.710+0000] {logging_mixin.py:188} INFO - [2024-05-20T02:56:17.710+0000] {dagbag.py:545} INFO - Filling up the DagBag from /home/airflow/.local/lib/python3.12/site-packages/airflow/example_dags/example_skip_dag.py
[2024-05-20T02:56:17.714+0000] {processor.py:840} INFO - DAG(s) 'example_skip_dag' retrieved from /home/airflow/.local/lib/python3.12/site-packages/airflow/example_dags/example_skip_dag.py
[2024-05-20T02:56:17.727+0000] {logging_mixin.py:188} INFO - [2024-05-20T02:56:17.727+0000] {dag.py:3096} INFO - Sync 1 DAGs
[2024-05-20T02:56:17.739+0000] {logging_mixin.py:188} INFO - [2024-05-20T02:56:17.738+0000] {dag.py:3954} INFO - Setting next_dagrun for example_skip_dag to 2024-05-19 00:00:00+00:00, run_after=2024-05-20 00:00:00+00:00
[2024-05-20T02:56:17.749+0000] {processor.py:183} INFO - Processing /home/airflow/.local/lib/python3.12/site-packages/airflow/example_dags/example_skip_dag.py took 0.045 seconds
[2024-05-20T02:56:48.563+0000] {processor.py:161} INFO - Started process (PID=651) to work on /home/airflow/.local/lib/python3.12/site-packages/airflow/example_dags/example_skip_dag.py
[2024-05-20T02:56:48.564+0000] {processor.py:830} INFO - Processing file /home/airflow/.local/lib/python3.12/site-packages/airflow/example_dags/example_skip_dag.py for tasks to queue
[2024-05-20T02:56:48.565+0000] {logging_mixin.py:188} INFO - [2024-05-20T02:56:48.565+0000] {dagbag.py:545} INFO - Filling up the DagBag from /home/airflow/.local/lib/python3.12/site-packages/airflow/example_dags/example_skip_dag.py
[2024-05-20T02:56:48.568+0000] {processor.py:840} INFO - DAG(s) 'example_skip_dag' retrieved from /home/airflow/.local/lib/python3.12/site-packages/airflow/example_dags/example_skip_dag.py
[2024-05-20T02:56:48.579+0000] {logging_mixin.py:188} INFO - [2024-05-20T02:56:48.579+0000] {dag.py:3096} INFO - Sync 1 DAGs
[2024-05-20T02:56:48.589+0000] {logging_mixin.py:188} INFO - [2024-05-20T02:56:48.589+0000] {dag.py:3954} INFO - Setting next_dagrun for example_skip_dag to 2024-05-19 00:00:00+00:00, run_after=2024-05-20 00:00:00+00:00
[2024-05-20T02:56:48.599+0000] {processor.py:183} INFO - Processing /home/airflow/.local/lib/python3.12/site-packages/airflow/example_dags/example_skip_dag.py took 0.039 seconds
[2024-05-20T02:57:19.409+0000] {processor.py:161} INFO - Started process (PID=709) to work on /home/airflow/.local/lib/python3.12/site-packages/airflow/example_dags/example_skip_dag.py
[2024-05-20T02:57:19.410+0000] {processor.py:830} INFO - Processing file /home/airflow/.local/lib/python3.12/site-packages/airflow/example_dags/example_skip_dag.py for tasks to queue
[2024-05-20T02:57:19.411+0000] {logging_mixin.py:188} INFO - [2024-05-20T02:57:19.411+0000] {dagbag.py:545} INFO - Filling up the DagBag from /home/airflow/.local/lib/python3.12/site-packages/airflow/example_dags/example_skip_dag.py
[2024-05-20T02:57:19.414+0000] {processor.py:840} INFO - DAG(s) 'example_skip_dag' retrieved from /home/airflow/.local/lib/python3.12/site-packages/airflow/example_dags/example_skip_dag.py
[2024-05-20T02:57:19.424+0000] {logging_mixin.py:188} INFO - [2024-05-20T02:57:19.424+0000] {dag.py:3096} INFO - Sync 1 DAGs
[2024-05-20T02:57:19.434+0000] {logging_mixin.py:188} INFO - [2024-05-20T02:57:19.434+0000] {dag.py:3954} INFO - Setting next_dagrun for example_skip_dag to 2024-05-19 00:00:00+00:00, run_after=2024-05-20 00:00:00+00:00
[2024-05-20T02:57:19.442+0000] {processor.py:183} INFO - Processing /home/airflow/.local/lib/python3.12/site-packages/airflow/example_dags/example_skip_dag.py took 0.035 seconds
[2024-05-20T02:57:50.342+0000] {processor.py:161} INFO - Started process (PID=767) to work on /home/airflow/.local/lib/python3.12/site-packages/airflow/example_dags/example_skip_dag.py
[2024-05-20T02:57:50.342+0000] {processor.py:830} INFO - Processing file /home/airflow/.local/lib/python3.12/site-packages/airflow/example_dags/example_skip_dag.py for tasks to queue
[2024-05-20T02:57:50.343+0000] {logging_mixin.py:188} INFO - [2024-05-20T02:57:50.343+0000] {dagbag.py:545} INFO - Filling up the DagBag from /home/airflow/.local/lib/python3.12/site-packages/airflow/example_dags/example_skip_dag.py
[2024-05-20T02:57:50.347+0000] {processor.py:840} INFO - DAG(s) 'example_skip_dag' retrieved from /home/airflow/.local/lib/python3.12/site-packages/airflow/example_dags/example_skip_dag.py
[2024-05-20T02:57:50.357+0000] {logging_mixin.py:188} INFO - [2024-05-20T02:57:50.357+0000] {dag.py:3096} INFO - Sync 1 DAGs
[2024-05-20T02:57:50.367+0000] {logging_mixin.py:188} INFO - [2024-05-20T02:57:50.367+0000] {dag.py:3954} INFO - Setting next_dagrun for example_skip_dag to 2024-05-19 00:00:00+00:00, run_after=2024-05-20 00:00:00+00:00
[2024-05-20T02:57:50.375+0000] {processor.py:183} INFO - Processing /home/airflow/.local/lib/python3.12/site-packages/airflow/example_dags/example_skip_dag.py took 0.037 seconds
[2024-05-20T02:58:21.288+0000] {processor.py:161} INFO - Started process (PID=825) to work on /home/airflow/.local/lib/python3.12/site-packages/airflow/example_dags/example_skip_dag.py
[2024-05-20T02:58:21.289+0000] {processor.py:830} INFO - Processing file /home/airflow/.local/lib/python3.12/site-packages/airflow/example_dags/example_skip_dag.py for tasks to queue
[2024-05-20T02:58:21.290+0000] {logging_mixin.py:188} INFO - [2024-05-20T02:58:21.290+0000] {dagbag.py:545} INFO - Filling up the DagBag from /home/airflow/.local/lib/python3.12/site-packages/airflow/example_dags/example_skip_dag.py
[2024-05-20T02:58:21.294+0000] {processor.py:840} INFO - DAG(s) 'example_skip_dag' retrieved from /home/airflow/.local/lib/python3.12/site-packages/airflow/example_dags/example_skip_dag.py
[2024-05-20T02:58:21.306+0000] {logging_mixin.py:188} INFO - [2024-05-20T02:58:21.306+0000] {dag.py:3096} INFO - Sync 1 DAGs
[2024-05-20T02:58:21.318+0000] {logging_mixin.py:188} INFO - [2024-05-20T02:58:21.318+0000] {dag.py:3954} INFO - Setting next_dagrun for example_skip_dag to 2024-05-19 00:00:00+00:00, run_after=2024-05-20 00:00:00+00:00
[2024-05-20T02:58:21.327+0000] {processor.py:183} INFO - Processing /home/airflow/.local/lib/python3.12/site-packages/airflow/example_dags/example_skip_dag.py took 0.042 seconds
[2024-05-20T02:58:52.057+0000] {processor.py:161} INFO - Started process (PID=883) to work on /home/airflow/.local/lib/python3.12/site-packages/airflow/example_dags/example_skip_dag.py
[2024-05-20T02:58:52.058+0000] {processor.py:830} INFO - Processing file /home/airflow/.local/lib/python3.12/site-packages/airflow/example_dags/example_skip_dag.py for tasks to queue
[2024-05-20T02:58:52.059+0000] {logging_mixin.py:188} INFO - [2024-05-20T02:58:52.058+0000] {dagbag.py:545} INFO - Filling up the DagBag from /home/airflow/.local/lib/python3.12/site-packages/airflow/example_dags/example_skip_dag.py
[2024-05-20T02:58:52.062+0000] {processor.py:840} INFO - DAG(s) 'example_skip_dag' retrieved from /home/airflow/.local/lib/python3.12/site-packages/airflow/example_dags/example_skip_dag.py
[2024-05-20T02:58:52.074+0000] {logging_mixin.py:188} INFO - [2024-05-20T02:58:52.074+0000] {dag.py:3096} INFO - Sync 1 DAGs
[2024-05-20T02:58:52.083+0000] {logging_mixin.py:188} INFO - [2024-05-20T02:58:52.083+0000] {dag.py:3954} INFO - Setting next_dagrun for example_skip_dag to 2024-05-19 00:00:00+00:00, run_after=2024-05-20 00:00:00+00:00
[2024-05-20T02:58:52.092+0000] {processor.py:183} INFO - Processing /home/airflow/.local/lib/python3.12/site-packages/airflow/example_dags/example_skip_dag.py took 0.038 seconds
[2024-05-20T02:59:22.899+0000] {processor.py:161} INFO - Started process (PID=941) to work on /home/airflow/.local/lib/python3.12/site-packages/airflow/example_dags/example_skip_dag.py
[2024-05-20T02:59:22.900+0000] {processor.py:830} INFO - Processing file /home/airflow/.local/lib/python3.12/site-packages/airflow/example_dags/example_skip_dag.py for tasks to queue
[2024-05-20T02:59:22.902+0000] {logging_mixin.py:188} INFO - [2024-05-20T02:59:22.902+0000] {dagbag.py:545} INFO - Filling up the DagBag from /home/airflow/.local/lib/python3.12/site-packages/airflow/example_dags/example_skip_dag.py
[2024-05-20T02:59:22.906+0000] {processor.py:840} INFO - DAG(s) 'example_skip_dag' retrieved from /home/airflow/.local/lib/python3.12/site-packages/airflow/example_dags/example_skip_dag.py
[2024-05-20T02:59:22.919+0000] {logging_mixin.py:188} INFO - [2024-05-20T02:59:22.918+0000] {dag.py:3096} INFO - Sync 1 DAGs
[2024-05-20T02:59:22.931+0000] {logging_mixin.py:188} INFO - [2024-05-20T02:59:22.930+0000] {dag.py:3954} INFO - Setting next_dagrun for example_skip_dag to 2024-05-19 00:00:00+00:00, run_after=2024-05-20 00:00:00+00:00
[2024-05-20T02:59:22.941+0000] {processor.py:183} INFO - Processing /home/airflow/.local/lib/python3.12/site-packages/airflow/example_dags/example_skip_dag.py took 0.045 seconds
[2024-05-20T02:59:53.722+0000] {processor.py:161} INFO - Started process (PID=999) to work on /home/airflow/.local/lib/python3.12/site-packages/airflow/example_dags/example_skip_dag.py
[2024-05-20T02:59:53.722+0000] {processor.py:830} INFO - Processing file /home/airflow/.local/lib/python3.12/site-packages/airflow/example_dags/example_skip_dag.py for tasks to queue
[2024-05-20T02:59:53.723+0000] {logging_mixin.py:188} INFO - [2024-05-20T02:59:53.723+0000] {dagbag.py:545} INFO - Filling up the DagBag from /home/airflow/.local/lib/python3.12/site-packages/airflow/example_dags/example_skip_dag.py
[2024-05-20T02:59:53.727+0000] {processor.py:840} INFO - DAG(s) 'example_skip_dag' retrieved from /home/airflow/.local/lib/python3.12/site-packages/airflow/example_dags/example_skip_dag.py
[2024-05-20T02:59:53.738+0000] {logging_mixin.py:188} INFO - [2024-05-20T02:59:53.738+0000] {dag.py:3096} INFO - Sync 1 DAGs
[2024-05-20T02:59:53.749+0000] {logging_mixin.py:188} INFO - [2024-05-20T02:59:53.748+0000] {dag.py:3954} INFO - Setting next_dagrun for example_skip_dag to 2024-05-19 00:00:00+00:00, run_after=2024-05-20 00:00:00+00:00
[2024-05-20T02:59:53.757+0000] {processor.py:183} INFO - Processing /home/airflow/.local/lib/python3.12/site-packages/airflow/example_dags/example_skip_dag.py took 0.039 seconds
[2024-05-20T03:00:24.374+0000] {processor.py:161} INFO - Started process (PID=1057) to work on /home/airflow/.local/lib/python3.12/site-packages/airflow/example_dags/example_skip_dag.py
[2024-05-20T03:00:24.374+0000] {processor.py:830} INFO - Processing file /home/airflow/.local/lib/python3.12/site-packages/airflow/example_dags/example_skip_dag.py for tasks to queue
[2024-05-20T03:00:24.376+0000] {logging_mixin.py:188} INFO - [2024-05-20T03:00:24.375+0000] {dagbag.py:545} INFO - Filling up the DagBag from /home/airflow/.local/lib/python3.12/site-packages/airflow/example_dags/example_skip_dag.py
[2024-05-20T03:00:24.379+0000] {processor.py:840} INFO - DAG(s) 'example_skip_dag' retrieved from /home/airflow/.local/lib/python3.12/site-packages/airflow/example_dags/example_skip_dag.py
[2024-05-20T03:00:24.389+0000] {logging_mixin.py:188} INFO - [2024-05-20T03:00:24.389+0000] {dag.py:3096} INFO - Sync 1 DAGs
[2024-05-20T03:00:24.398+0000] {logging_mixin.py:188} INFO - [2024-05-20T03:00:24.398+0000] {dag.py:3954} INFO - Setting next_dagrun for example_skip_dag to 2024-05-19 00:00:00+00:00, run_after=2024-05-20 00:00:00+00:00
[2024-05-20T03:00:24.408+0000] {processor.py:183} INFO - Processing /home/airflow/.local/lib/python3.12/site-packages/airflow/example_dags/example_skip_dag.py took 0.037 seconds
[2024-05-20T03:00:55.295+0000] {processor.py:161} INFO - Started process (PID=1115) to work on /home/airflow/.local/lib/python3.12/site-packages/airflow/example_dags/example_skip_dag.py
[2024-05-20T03:00:55.295+0000] {processor.py:830} INFO - Processing file /home/airflow/.local/lib/python3.12/site-packages/airflow/example_dags/example_skip_dag.py for tasks to queue
[2024-05-20T03:00:55.296+0000] {logging_mixin.py:188} INFO - [2024-05-20T03:00:55.296+0000] {dagbag.py:545} INFO - Filling up the DagBag from /home/airflow/.local/lib/python3.12/site-packages/airflow/example_dags/example_skip_dag.py
[2024-05-20T03:00:55.300+0000] {processor.py:840} INFO - DAG(s) 'example_skip_dag' retrieved from /home/airflow/.local/lib/python3.12/site-packages/airflow/example_dags/example_skip_dag.py
[2024-05-20T03:00:55.313+0000] {logging_mixin.py:188} INFO - [2024-05-20T03:00:55.313+0000] {dag.py:3096} INFO - Sync 1 DAGs
[2024-05-20T03:00:55.325+0000] {logging_mixin.py:188} INFO - [2024-05-20T03:00:55.325+0000] {dag.py:3954} INFO - Setting next_dagrun for example_skip_dag to 2024-05-19 00:00:00+00:00, run_after=2024-05-20 00:00:00+00:00
[2024-05-20T03:00:55.335+0000] {processor.py:183} INFO - Processing /home/airflow/.local/lib/python3.12/site-packages/airflow/example_dags/example_skip_dag.py took 0.043 seconds
[2024-05-20T03:01:25.407+0000] {processor.py:161} INFO - Started process (PID=1173) to work on /home/airflow/.local/lib/python3.12/site-packages/airflow/example_dags/example_skip_dag.py
[2024-05-20T03:01:25.408+0000] {processor.py:830} INFO - Processing file /home/airflow/.local/lib/python3.12/site-packages/airflow/example_dags/example_skip_dag.py for tasks to queue
[2024-05-20T03:01:25.409+0000] {logging_mixin.py:188} INFO - [2024-05-20T03:01:25.409+0000] {dagbag.py:545} INFO - Filling up the DagBag from /home/airflow/.local/lib/python3.12/site-packages/airflow/example_dags/example_skip_dag.py
[2024-05-20T03:01:25.412+0000] {processor.py:840} INFO - DAG(s) 'example_skip_dag' retrieved from /home/airflow/.local/lib/python3.12/site-packages/airflow/example_dags/example_skip_dag.py
[2024-05-20T03:01:25.424+0000] {logging_mixin.py:188} INFO - [2024-05-20T03:01:25.423+0000] {dag.py:3096} INFO - Sync 1 DAGs
[2024-05-20T03:01:25.434+0000] {logging_mixin.py:188} INFO - [2024-05-20T03:01:25.434+0000] {dag.py:3954} INFO - Setting next_dagrun for example_skip_dag to 2024-05-19 00:00:00+00:00, run_after=2024-05-20 00:00:00+00:00
[2024-05-20T03:01:25.443+0000] {processor.py:183} INFO - Processing /home/airflow/.local/lib/python3.12/site-packages/airflow/example_dags/example_skip_dag.py took 0.039 seconds
[2024-05-20T03:01:56.057+0000] {processor.py:161} INFO - Started process (PID=1231) to work on /home/airflow/.local/lib/python3.12/site-packages/airflow/example_dags/example_skip_dag.py
[2024-05-20T03:01:56.058+0000] {processor.py:830} INFO - Processing file /home/airflow/.local/lib/python3.12/site-packages/airflow/example_dags/example_skip_dag.py for tasks to queue
[2024-05-20T03:01:56.059+0000] {logging_mixin.py:188} INFO - [2024-05-20T03:01:56.059+0000] {dagbag.py:545} INFO - Filling up the DagBag from /home/airflow/.local/lib/python3.12/site-packages/airflow/example_dags/example_skip_dag.py
[2024-05-20T03:01:56.062+0000] {processor.py:840} INFO - DAG(s) 'example_skip_dag' retrieved from /home/airflow/.local/lib/python3.12/site-packages/airflow/example_dags/example_skip_dag.py
[2024-05-20T03:01:56.073+0000] {logging_mixin.py:188} INFO - [2024-05-20T03:01:56.073+0000] {dag.py:3096} INFO - Sync 1 DAGs
[2024-05-20T03:01:56.083+0000] {logging_mixin.py:188} INFO - [2024-05-20T03:01:56.083+0000] {dag.py:3954} INFO - Setting next_dagrun for example_skip_dag to 2024-05-19 00:00:00+00:00, run_after=2024-05-20 00:00:00+00:00
[2024-05-20T03:01:56.092+0000] {processor.py:183} INFO - Processing /home/airflow/.local/lib/python3.12/site-packages/airflow/example_dags/example_skip_dag.py took 0.038 seconds
[2024-05-20T03:02:26.952+0000] {processor.py:161} INFO - Started process (PID=1289) to work on /home/airflow/.local/lib/python3.12/site-packages/airflow/example_dags/example_skip_dag.py
[2024-05-20T03:02:26.953+0000] {processor.py:830} INFO - Processing file /home/airflow/.local/lib/python3.12/site-packages/airflow/example_dags/example_skip_dag.py for tasks to queue
[2024-05-20T03:02:26.954+0000] {logging_mixin.py:188} INFO - [2024-05-20T03:02:26.954+0000] {dagbag.py:545} INFO - Filling up the DagBag from /home/airflow/.local/lib/python3.12/site-packages/airflow/example_dags/example_skip_dag.py
[2024-05-20T03:02:26.958+0000] {processor.py:840} INFO - DAG(s) 'example_skip_dag' retrieved from /home/airflow/.local/lib/python3.12/site-packages/airflow/example_dags/example_skip_dag.py
[2024-05-20T03:02:26.971+0000] {logging_mixin.py:188} INFO - [2024-05-20T03:02:26.971+0000] {dag.py:3096} INFO - Sync 1 DAGs
[2024-05-20T03:02:26.982+0000] {logging_mixin.py:188} INFO - [2024-05-20T03:02:26.982+0000] {dag.py:3954} INFO - Setting next_dagrun for example_skip_dag to 2024-05-19 00:00:00+00:00, run_after=2024-05-20 00:00:00+00:00
[2024-05-20T03:02:26.992+0000] {processor.py:183} INFO - Processing /home/airflow/.local/lib/python3.12/site-packages/airflow/example_dags/example_skip_dag.py took 0.044 seconds
[2024-05-20T03:02:57.048+0000] {processor.py:161} INFO - Started process (PID=1347) to work on /home/airflow/.local/lib/python3.12/site-packages/airflow/example_dags/example_skip_dag.py
[2024-05-20T03:02:57.049+0000] {processor.py:830} INFO - Processing file /home/airflow/.local/lib/python3.12/site-packages/airflow/example_dags/example_skip_dag.py for tasks to queue
[2024-05-20T03:02:57.050+0000] {logging_mixin.py:188} INFO - [2024-05-20T03:02:57.050+0000] {dagbag.py:545} INFO - Filling up the DagBag from /home/airflow/.local/lib/python3.12/site-packages/airflow/example_dags/example_skip_dag.py
[2024-05-20T03:02:57.054+0000] {processor.py:840} INFO - DAG(s) 'example_skip_dag' retrieved from /home/airflow/.local/lib/python3.12/site-packages/airflow/example_dags/example_skip_dag.py
[2024-05-20T03:02:57.066+0000] {logging_mixin.py:188} INFO - [2024-05-20T03:02:57.066+0000] {dag.py:3096} INFO - Sync 1 DAGs
[2024-05-20T03:02:57.078+0000] {logging_mixin.py:188} INFO - [2024-05-20T03:02:57.078+0000] {dag.py:3954} INFO - Setting next_dagrun for example_skip_dag to 2024-05-19 00:00:00+00:00, run_after=2024-05-20 00:00:00+00:00
[2024-05-20T03:02:57.091+0000] {processor.py:183} INFO - Processing /home/airflow/.local/lib/python3.12/site-packages/airflow/example_dags/example_skip_dag.py took 0.046 seconds
[2024-05-20T03:03:27.845+0000] {processor.py:161} INFO - Started process (PID=1405) to work on /home/airflow/.local/lib/python3.12/site-packages/airflow/example_dags/example_skip_dag.py
[2024-05-20T03:03:27.846+0000] {processor.py:830} INFO - Processing file /home/airflow/.local/lib/python3.12/site-packages/airflow/example_dags/example_skip_dag.py for tasks to queue
[2024-05-20T03:03:27.847+0000] {logging_mixin.py:188} INFO - [2024-05-20T03:03:27.847+0000] {dagbag.py:545} INFO - Filling up the DagBag from /home/airflow/.local/lib/python3.12/site-packages/airflow/example_dags/example_skip_dag.py
[2024-05-20T03:03:27.851+0000] {processor.py:840} INFO - DAG(s) 'example_skip_dag' retrieved from /home/airflow/.local/lib/python3.12/site-packages/airflow/example_dags/example_skip_dag.py
[2024-05-20T03:03:27.862+0000] {logging_mixin.py:188} INFO - [2024-05-20T03:03:27.862+0000] {dag.py:3096} INFO - Sync 1 DAGs
[2024-05-20T03:03:27.873+0000] {logging_mixin.py:188} INFO - [2024-05-20T03:03:27.873+0000] {dag.py:3954} INFO - Setting next_dagrun for example_skip_dag to 2024-05-19 00:00:00+00:00, run_after=2024-05-20 00:00:00+00:00
[2024-05-20T03:03:27.883+0000] {processor.py:183} INFO - Processing /home/airflow/.local/lib/python3.12/site-packages/airflow/example_dags/example_skip_dag.py took 0.042 seconds
[2024-05-20T03:04:14.224+0000] {processor.py:161} INFO - Started process (PID=70) to work on /home/airflow/.local/lib/python3.12/site-packages/airflow/example_dags/example_skip_dag.py
[2024-05-20T03:04:14.225+0000] {processor.py:830} INFO - Processing file /home/airflow/.local/lib/python3.12/site-packages/airflow/example_dags/example_skip_dag.py for tasks to queue
[2024-05-20T03:04:14.227+0000] {logging_mixin.py:188} INFO - [2024-05-20T03:04:14.226+0000] {dagbag.py:545} INFO - Filling up the DagBag from /home/airflow/.local/lib/python3.12/site-packages/airflow/example_dags/example_skip_dag.py
[2024-05-20T03:04:14.232+0000] {processor.py:840} INFO - DAG(s) 'example_skip_dag' retrieved from /home/airflow/.local/lib/python3.12/site-packages/airflow/example_dags/example_skip_dag.py
[2024-05-20T03:04:14.241+0000] {logging_mixin.py:188} INFO - [2024-05-20T03:04:14.241+0000] {dag.py:3096} INFO - Sync 1 DAGs
[2024-05-20T03:04:14.257+0000] {logging_mixin.py:188} INFO - [2024-05-20T03:04:14.257+0000] {dag.py:3954} INFO - Setting next_dagrun for example_skip_dag to 2024-05-19 00:00:00+00:00, run_after=2024-05-20 00:00:00+00:00
[2024-05-20T03:04:14.268+0000] {processor.py:183} INFO - Processing /home/airflow/.local/lib/python3.12/site-packages/airflow/example_dags/example_skip_dag.py took 0.049 seconds
[2024-05-20T03:04:44.941+0000] {processor.py:161} INFO - Started process (PID=128) to work on /home/airflow/.local/lib/python3.12/site-packages/airflow/example_dags/example_skip_dag.py
[2024-05-20T03:04:44.941+0000] {processor.py:830} INFO - Processing file /home/airflow/.local/lib/python3.12/site-packages/airflow/example_dags/example_skip_dag.py for tasks to queue
[2024-05-20T03:04:44.942+0000] {logging_mixin.py:188} INFO - [2024-05-20T03:04:44.942+0000] {dagbag.py:545} INFO - Filling up the DagBag from /home/airflow/.local/lib/python3.12/site-packages/airflow/example_dags/example_skip_dag.py
[2024-05-20T03:04:44.946+0000] {processor.py:840} INFO - DAG(s) 'example_skip_dag' retrieved from /home/airflow/.local/lib/python3.12/site-packages/airflow/example_dags/example_skip_dag.py
[2024-05-20T03:04:44.992+0000] {logging_mixin.py:188} INFO - [2024-05-20T03:04:44.992+0000] {dag.py:3096} INFO - Sync 1 DAGs
[2024-05-20T03:04:45.001+0000] {logging_mixin.py:188} INFO - [2024-05-20T03:04:45.001+0000] {dag.py:3954} INFO - Setting next_dagrun for example_skip_dag to 2024-05-19 00:00:00+00:00, run_after=2024-05-20 00:00:00+00:00
[2024-05-20T03:04:45.009+0000] {processor.py:183} INFO - Processing /home/airflow/.local/lib/python3.12/site-packages/airflow/example_dags/example_skip_dag.py took 0.071 seconds
[2024-05-20T03:05:15.653+0000] {processor.py:161} INFO - Started process (PID=185) to work on /home/airflow/.local/lib/python3.12/site-packages/airflow/example_dags/example_skip_dag.py
[2024-05-20T03:05:15.653+0000] {processor.py:830} INFO - Processing file /home/airflow/.local/lib/python3.12/site-packages/airflow/example_dags/example_skip_dag.py for tasks to queue
[2024-05-20T03:05:15.654+0000] {logging_mixin.py:188} INFO - [2024-05-20T03:05:15.654+0000] {dagbag.py:545} INFO - Filling up the DagBag from /home/airflow/.local/lib/python3.12/site-packages/airflow/example_dags/example_skip_dag.py
[2024-05-20T03:05:15.658+0000] {processor.py:840} INFO - DAG(s) 'example_skip_dag' retrieved from /home/airflow/.local/lib/python3.12/site-packages/airflow/example_dags/example_skip_dag.py
[2024-05-20T03:05:15.670+0000] {logging_mixin.py:188} INFO - [2024-05-20T03:05:15.669+0000] {dag.py:3096} INFO - Sync 1 DAGs
[2024-05-20T03:05:15.680+0000] {logging_mixin.py:188} INFO - [2024-05-20T03:05:15.680+0000] {dag.py:3954} INFO - Setting next_dagrun for example_skip_dag to 2024-05-19 00:00:00+00:00, run_after=2024-05-20 00:00:00+00:00
[2024-05-20T03:05:15.690+0000] {processor.py:183} INFO - Processing /home/airflow/.local/lib/python3.12/site-packages/airflow/example_dags/example_skip_dag.py took 0.040 seconds
[2024-05-20T03:05:46.319+0000] {processor.py:161} INFO - Started process (PID=243) to work on /home/airflow/.local/lib/python3.12/site-packages/airflow/example_dags/example_skip_dag.py
[2024-05-20T03:05:46.319+0000] {processor.py:830} INFO - Processing file /home/airflow/.local/lib/python3.12/site-packages/airflow/example_dags/example_skip_dag.py for tasks to queue
[2024-05-20T03:05:46.320+0000] {logging_mixin.py:188} INFO - [2024-05-20T03:05:46.320+0000] {dagbag.py:545} INFO - Filling up the DagBag from /home/airflow/.local/lib/python3.12/site-packages/airflow/example_dags/example_skip_dag.py
[2024-05-20T03:05:46.324+0000] {processor.py:840} INFO - DAG(s) 'example_skip_dag' retrieved from /home/airflow/.local/lib/python3.12/site-packages/airflow/example_dags/example_skip_dag.py
[2024-05-20T03:05:46.335+0000] {logging_mixin.py:188} INFO - [2024-05-20T03:05:46.334+0000] {dag.py:3096} INFO - Sync 1 DAGs
[2024-05-20T03:05:46.346+0000] {logging_mixin.py:188} INFO - [2024-05-20T03:05:46.346+0000] {dag.py:3954} INFO - Setting next_dagrun for example_skip_dag to 2024-05-19 00:00:00+00:00, run_after=2024-05-20 00:00:00+00:00
[2024-05-20T03:05:46.355+0000] {processor.py:183} INFO - Processing /home/airflow/.local/lib/python3.12/site-packages/airflow/example_dags/example_skip_dag.py took 0.039 seconds
[2024-05-20T03:06:16.994+0000] {processor.py:161} INFO - Started process (PID=300) to work on /home/airflow/.local/lib/python3.12/site-packages/airflow/example_dags/example_skip_dag.py
[2024-05-20T03:06:16.994+0000] {processor.py:830} INFO - Processing file /home/airflow/.local/lib/python3.12/site-packages/airflow/example_dags/example_skip_dag.py for tasks to queue
[2024-05-20T03:06:16.995+0000] {logging_mixin.py:188} INFO - [2024-05-20T03:06:16.995+0000] {dagbag.py:545} INFO - Filling up the DagBag from /home/airflow/.local/lib/python3.12/site-packages/airflow/example_dags/example_skip_dag.py
[2024-05-20T03:06:16.999+0000] {processor.py:840} INFO - DAG(s) 'example_skip_dag' retrieved from /home/airflow/.local/lib/python3.12/site-packages/airflow/example_dags/example_skip_dag.py
[2024-05-20T03:06:17.009+0000] {logging_mixin.py:188} INFO - [2024-05-20T03:06:17.009+0000] {dag.py:3096} INFO - Sync 1 DAGs
[2024-05-20T03:06:17.019+0000] {logging_mixin.py:188} INFO - [2024-05-20T03:06:17.019+0000] {dag.py:3954} INFO - Setting next_dagrun for example_skip_dag to 2024-05-19 00:00:00+00:00, run_after=2024-05-20 00:00:00+00:00
[2024-05-20T03:06:17.027+0000] {processor.py:183} INFO - Processing /home/airflow/.local/lib/python3.12/site-packages/airflow/example_dags/example_skip_dag.py took 0.036 seconds
[2024-05-20T03:06:47.711+0000] {processor.py:161} INFO - Started process (PID=358) to work on /home/airflow/.local/lib/python3.12/site-packages/airflow/example_dags/example_skip_dag.py
[2024-05-20T03:06:47.711+0000] {processor.py:830} INFO - Processing file /home/airflow/.local/lib/python3.12/site-packages/airflow/example_dags/example_skip_dag.py for tasks to queue
[2024-05-20T03:06:47.712+0000] {logging_mixin.py:188} INFO - [2024-05-20T03:06:47.712+0000] {dagbag.py:545} INFO - Filling up the DagBag from /home/airflow/.local/lib/python3.12/site-packages/airflow/example_dags/example_skip_dag.py
[2024-05-20T03:06:47.716+0000] {processor.py:840} INFO - DAG(s) 'example_skip_dag' retrieved from /home/airflow/.local/lib/python3.12/site-packages/airflow/example_dags/example_skip_dag.py
[2024-05-20T03:06:47.726+0000] {logging_mixin.py:188} INFO - [2024-05-20T03:06:47.726+0000] {dag.py:3096} INFO - Sync 1 DAGs
[2024-05-20T03:06:47.737+0000] {logging_mixin.py:188} INFO - [2024-05-20T03:06:47.737+0000] {dag.py:3954} INFO - Setting next_dagrun for example_skip_dag to 2024-05-19 00:00:00+00:00, run_after=2024-05-20 00:00:00+00:00
[2024-05-20T03:06:47.747+0000] {processor.py:183} INFO - Processing /home/airflow/.local/lib/python3.12/site-packages/airflow/example_dags/example_skip_dag.py took 0.039 seconds
[2024-05-20T03:07:18.486+0000] {processor.py:161} INFO - Started process (PID=416) to work on /home/airflow/.local/lib/python3.12/site-packages/airflow/example_dags/example_skip_dag.py
[2024-05-20T03:07:18.487+0000] {processor.py:830} INFO - Processing file /home/airflow/.local/lib/python3.12/site-packages/airflow/example_dags/example_skip_dag.py for tasks to queue
[2024-05-20T03:07:18.488+0000] {logging_mixin.py:188} INFO - [2024-05-20T03:07:18.488+0000] {dagbag.py:545} INFO - Filling up the DagBag from /home/airflow/.local/lib/python3.12/site-packages/airflow/example_dags/example_skip_dag.py
[2024-05-20T03:07:18.491+0000] {processor.py:840} INFO - DAG(s) 'example_skip_dag' retrieved from /home/airflow/.local/lib/python3.12/site-packages/airflow/example_dags/example_skip_dag.py
[2024-05-20T03:07:18.501+0000] {logging_mixin.py:188} INFO - [2024-05-20T03:07:18.501+0000] {dag.py:3096} INFO - Sync 1 DAGs
[2024-05-20T03:07:18.510+0000] {logging_mixin.py:188} INFO - [2024-05-20T03:07:18.510+0000] {dag.py:3954} INFO - Setting next_dagrun for example_skip_dag to 2024-05-19 00:00:00+00:00, run_after=2024-05-20 00:00:00+00:00
[2024-05-20T03:07:18.518+0000] {processor.py:183} INFO - Processing /home/airflow/.local/lib/python3.12/site-packages/airflow/example_dags/example_skip_dag.py took 0.035 seconds
[2024-05-20T03:07:59.751+0000] {processor.py:161} INFO - Started process (PID=71) to work on /home/airflow/.local/lib/python3.12/site-packages/airflow/example_dags/example_skip_dag.py
[2024-05-20T03:07:59.751+0000] {processor.py:830} INFO - Processing file /home/airflow/.local/lib/python3.12/site-packages/airflow/example_dags/example_skip_dag.py for tasks to queue
[2024-05-20T03:07:59.753+0000] {logging_mixin.py:188} INFO - [2024-05-20T03:07:59.753+0000] {dagbag.py:545} INFO - Filling up the DagBag from /home/airflow/.local/lib/python3.12/site-packages/airflow/example_dags/example_skip_dag.py
[2024-05-20T03:07:59.757+0000] {processor.py:840} INFO - DAG(s) 'example_skip_dag' retrieved from /home/airflow/.local/lib/python3.12/site-packages/airflow/example_dags/example_skip_dag.py
[2024-05-20T03:07:59.765+0000] {logging_mixin.py:188} INFO - [2024-05-20T03:07:59.765+0000] {dag.py:3096} INFO - Sync 1 DAGs
[2024-05-20T03:07:59.782+0000] {logging_mixin.py:188} INFO - [2024-05-20T03:07:59.782+0000] {dag.py:3954} INFO - Setting next_dagrun for example_skip_dag to 2024-05-19 00:00:00+00:00, run_after=2024-05-20 00:00:00+00:00
[2024-05-20T03:07:59.793+0000] {processor.py:183} INFO - Processing /home/airflow/.local/lib/python3.12/site-packages/airflow/example_dags/example_skip_dag.py took 0.046 seconds
[2024-05-20T03:08:31.314+0000] {processor.py:161} INFO - Started process (PID=129) to work on /home/airflow/.local/lib/python3.12/site-packages/airflow/example_dags/example_skip_dag.py
[2024-05-20T03:08:31.315+0000] {processor.py:830} INFO - Processing file /home/airflow/.local/lib/python3.12/site-packages/airflow/example_dags/example_skip_dag.py for tasks to queue
[2024-05-20T03:08:31.316+0000] {logging_mixin.py:188} INFO - [2024-05-20T03:08:31.316+0000] {dagbag.py:545} INFO - Filling up the DagBag from /home/airflow/.local/lib/python3.12/site-packages/airflow/example_dags/example_skip_dag.py
[2024-05-20T03:08:31.319+0000] {processor.py:840} INFO - DAG(s) 'example_skip_dag' retrieved from /home/airflow/.local/lib/python3.12/site-packages/airflow/example_dags/example_skip_dag.py
[2024-05-20T03:08:31.364+0000] {logging_mixin.py:188} INFO - [2024-05-20T03:08:31.364+0000] {dag.py:3096} INFO - Sync 1 DAGs
[2024-05-20T03:08:31.373+0000] {logging_mixin.py:188} INFO - [2024-05-20T03:08:31.372+0000] {dag.py:3954} INFO - Setting next_dagrun for example_skip_dag to 2024-05-19 00:00:00+00:00, run_after=2024-05-20 00:00:00+00:00
[2024-05-20T03:08:31.381+0000] {processor.py:183} INFO - Processing /home/airflow/.local/lib/python3.12/site-packages/airflow/example_dags/example_skip_dag.py took 0.070 seconds
[2024-05-20T03:09:02.193+0000] {processor.py:161} INFO - Started process (PID=187) to work on /home/airflow/.local/lib/python3.12/site-packages/airflow/example_dags/example_skip_dag.py
[2024-05-20T03:09:02.194+0000] {processor.py:830} INFO - Processing file /home/airflow/.local/lib/python3.12/site-packages/airflow/example_dags/example_skip_dag.py for tasks to queue
[2024-05-20T03:09:02.195+0000] {logging_mixin.py:188} INFO - [2024-05-20T03:09:02.195+0000] {dagbag.py:545} INFO - Filling up the DagBag from /home/airflow/.local/lib/python3.12/site-packages/airflow/example_dags/example_skip_dag.py
[2024-05-20T03:09:02.199+0000] {processor.py:840} INFO - DAG(s) 'example_skip_dag' retrieved from /home/airflow/.local/lib/python3.12/site-packages/airflow/example_dags/example_skip_dag.py
[2024-05-20T03:09:02.209+0000] {logging_mixin.py:188} INFO - [2024-05-20T03:09:02.209+0000] {dag.py:3096} INFO - Sync 1 DAGs
[2024-05-20T03:09:02.220+0000] {logging_mixin.py:188} INFO - [2024-05-20T03:09:02.219+0000] {dag.py:3954} INFO - Setting next_dagrun for example_skip_dag to 2024-05-19 00:00:00+00:00, run_after=2024-05-20 00:00:00+00:00
[2024-05-20T03:09:02.228+0000] {processor.py:183} INFO - Processing /home/airflow/.local/lib/python3.12/site-packages/airflow/example_dags/example_skip_dag.py took 0.038 seconds
