[2024-05-20T02:51:40.528+0000] {processor.py:161} INFO - Started process (PID=43) to work on /home/airflow/.local/lib/python3.12/site-packages/airflow/example_dags/example_latest_only.py
[2024-05-20T02:51:40.529+0000] {processor.py:830} INFO - Processing file /home/airflow/.local/lib/python3.12/site-packages/airflow/example_dags/example_latest_only.py for tasks to queue
[2024-05-20T02:51:40.531+0000] {logging_mixin.py:188} INFO - [2024-05-20T02:51:40.531+0000] {dagbag.py:545} INFO - Filling up the DagBag from /home/airflow/.local/lib/python3.12/site-packages/airflow/example_dags/example_latest_only.py
[2024-05-20T02:51:40.539+0000] {processor.py:840} INFO - DAG(s) 'latest_only' retrieved from /home/airflow/.local/lib/python3.12/site-packages/airflow/example_dags/example_latest_only.py
[2024-05-20T02:51:40.550+0000] {logging_mixin.py:188} INFO - [2024-05-20T02:51:40.550+0000] {dag.py:3096} INFO - Sync 1 DAGs
[2024-05-20T02:51:40.567+0000] {logging_mixin.py:188} INFO - [2024-05-20T02:51:40.567+0000] {dag.py:3954} INFO - Setting next_dagrun for latest_only to 2024-05-19 20:00:00+00:00, run_after=2024-05-20 00:00:00+00:00
[2024-05-20T02:51:40.579+0000] {processor.py:183} INFO - Processing /home/airflow/.local/lib/python3.12/site-packages/airflow/example_dags/example_latest_only.py took 0.057 seconds
[2024-05-20T02:52:10.784+0000] {processor.py:161} INFO - Started process (PID=101) to work on /home/airflow/.local/lib/python3.12/site-packages/airflow/example_dags/example_latest_only.py
[2024-05-20T02:52:10.785+0000] {processor.py:830} INFO - Processing file /home/airflow/.local/lib/python3.12/site-packages/airflow/example_dags/example_latest_only.py for tasks to queue
[2024-05-20T02:52:10.786+0000] {logging_mixin.py:188} INFO - [2024-05-20T02:52:10.786+0000] {dagbag.py:545} INFO - Filling up the DagBag from /home/airflow/.local/lib/python3.12/site-packages/airflow/example_dags/example_latest_only.py
[2024-05-20T02:52:10.789+0000] {processor.py:840} INFO - DAG(s) 'latest_only' retrieved from /home/airflow/.local/lib/python3.12/site-packages/airflow/example_dags/example_latest_only.py
[2024-05-20T02:52:10.832+0000] {logging_mixin.py:188} INFO - [2024-05-20T02:52:10.832+0000] {dag.py:3096} INFO - Sync 1 DAGs
[2024-05-20T02:52:10.841+0000] {logging_mixin.py:188} INFO - [2024-05-20T02:52:10.841+0000] {dag.py:3954} INFO - Setting next_dagrun for latest_only to 2024-05-19 20:00:00+00:00, run_after=2024-05-20 00:00:00+00:00
[2024-05-20T02:52:10.849+0000] {processor.py:183} INFO - Processing /home/airflow/.local/lib/python3.12/site-packages/airflow/example_dags/example_latest_only.py took 0.068 seconds
[2024-05-20T02:52:40.919+0000] {processor.py:161} INFO - Started process (PID=159) to work on /home/airflow/.local/lib/python3.12/site-packages/airflow/example_dags/example_latest_only.py
[2024-05-20T02:52:40.919+0000] {processor.py:830} INFO - Processing file /home/airflow/.local/lib/python3.12/site-packages/airflow/example_dags/example_latest_only.py for tasks to queue
[2024-05-20T02:52:40.920+0000] {logging_mixin.py:188} INFO - [2024-05-20T02:52:40.920+0000] {dagbag.py:545} INFO - Filling up the DagBag from /home/airflow/.local/lib/python3.12/site-packages/airflow/example_dags/example_latest_only.py
[2024-05-20T02:52:40.923+0000] {processor.py:840} INFO - DAG(s) 'latest_only' retrieved from /home/airflow/.local/lib/python3.12/site-packages/airflow/example_dags/example_latest_only.py
[2024-05-20T02:52:40.933+0000] {logging_mixin.py:188} INFO - [2024-05-20T02:52:40.933+0000] {dag.py:3096} INFO - Sync 1 DAGs
[2024-05-20T02:52:40.942+0000] {logging_mixin.py:188} INFO - [2024-05-20T02:52:40.942+0000] {dag.py:3954} INFO - Setting next_dagrun for latest_only to 2024-05-19 20:00:00+00:00, run_after=2024-05-20 00:00:00+00:00
[2024-05-20T02:52:40.951+0000] {processor.py:183} INFO - Processing /home/airflow/.local/lib/python3.12/site-packages/airflow/example_dags/example_latest_only.py took 0.035 seconds
[2024-05-20T02:53:11.132+0000] {processor.py:161} INFO - Started process (PID=217) to work on /home/airflow/.local/lib/python3.12/site-packages/airflow/example_dags/example_latest_only.py
[2024-05-20T02:53:11.133+0000] {processor.py:830} INFO - Processing file /home/airflow/.local/lib/python3.12/site-packages/airflow/example_dags/example_latest_only.py for tasks to queue
[2024-05-20T02:53:11.140+0000] {logging_mixin.py:188} INFO - [2024-05-20T02:53:11.140+0000] {dagbag.py:545} INFO - Filling up the DagBag from /home/airflow/.local/lib/python3.12/site-packages/airflow/example_dags/example_latest_only.py
[2024-05-20T02:53:11.144+0000] {processor.py:840} INFO - DAG(s) 'latest_only' retrieved from /home/airflow/.local/lib/python3.12/site-packages/airflow/example_dags/example_latest_only.py
[2024-05-20T02:53:11.177+0000] {logging_mixin.py:188} INFO - [2024-05-20T02:53:11.177+0000] {dag.py:3096} INFO - Sync 1 DAGs
[2024-05-20T02:53:11.189+0000] {logging_mixin.py:188} INFO - [2024-05-20T02:53:11.189+0000] {dag.py:3954} INFO - Setting next_dagrun for latest_only to 2024-05-19 20:00:00+00:00, run_after=2024-05-20 00:00:00+00:00
[2024-05-20T02:53:11.205+0000] {processor.py:183} INFO - Processing /home/airflow/.local/lib/python3.12/site-packages/airflow/example_dags/example_latest_only.py took 0.076 seconds
[2024-05-20T02:53:41.281+0000] {processor.py:161} INFO - Started process (PID=275) to work on /home/airflow/.local/lib/python3.12/site-packages/airflow/example_dags/example_latest_only.py
[2024-05-20T02:53:41.281+0000] {processor.py:830} INFO - Processing file /home/airflow/.local/lib/python3.12/site-packages/airflow/example_dags/example_latest_only.py for tasks to queue
[2024-05-20T02:53:41.282+0000] {logging_mixin.py:188} INFO - [2024-05-20T02:53:41.282+0000] {dagbag.py:545} INFO - Filling up the DagBag from /home/airflow/.local/lib/python3.12/site-packages/airflow/example_dags/example_latest_only.py
[2024-05-20T02:53:41.285+0000] {processor.py:840} INFO - DAG(s) 'latest_only' retrieved from /home/airflow/.local/lib/python3.12/site-packages/airflow/example_dags/example_latest_only.py
[2024-05-20T02:53:41.294+0000] {logging_mixin.py:188} INFO - [2024-05-20T02:53:41.294+0000] {dag.py:3096} INFO - Sync 1 DAGs
[2024-05-20T02:53:41.304+0000] {logging_mixin.py:188} INFO - [2024-05-20T02:53:41.304+0000] {dag.py:3954} INFO - Setting next_dagrun for latest_only to 2024-05-19 20:00:00+00:00, run_after=2024-05-20 00:00:00+00:00
[2024-05-20T02:53:41.313+0000] {processor.py:183} INFO - Processing /home/airflow/.local/lib/python3.12/site-packages/airflow/example_dags/example_latest_only.py took 0.035 seconds
[2024-05-20T02:54:12.000+0000] {processor.py:161} INFO - Started process (PID=333) to work on /home/airflow/.local/lib/python3.12/site-packages/airflow/example_dags/example_latest_only.py
[2024-05-20T02:54:12.001+0000] {processor.py:830} INFO - Processing file /home/airflow/.local/lib/python3.12/site-packages/airflow/example_dags/example_latest_only.py for tasks to queue
[2024-05-20T02:54:12.002+0000] {logging_mixin.py:188} INFO - [2024-05-20T02:54:12.002+0000] {dagbag.py:545} INFO - Filling up the DagBag from /home/airflow/.local/lib/python3.12/site-packages/airflow/example_dags/example_latest_only.py
[2024-05-20T02:54:12.004+0000] {processor.py:840} INFO - DAG(s) 'latest_only' retrieved from /home/airflow/.local/lib/python3.12/site-packages/airflow/example_dags/example_latest_only.py
[2024-05-20T02:54:12.014+0000] {logging_mixin.py:188} INFO - [2024-05-20T02:54:12.014+0000] {dag.py:3096} INFO - Sync 1 DAGs
[2024-05-20T02:54:12.024+0000] {logging_mixin.py:188} INFO - [2024-05-20T02:54:12.024+0000] {dag.py:3954} INFO - Setting next_dagrun for latest_only to 2024-05-19 20:00:00+00:00, run_after=2024-05-20 00:00:00+00:00
[2024-05-20T02:54:12.033+0000] {processor.py:183} INFO - Processing /home/airflow/.local/lib/python3.12/site-packages/airflow/example_dags/example_latest_only.py took 0.035 seconds
[2024-05-20T02:54:42.715+0000] {processor.py:161} INFO - Started process (PID=391) to work on /home/airflow/.local/lib/python3.12/site-packages/airflow/example_dags/example_latest_only.py
[2024-05-20T02:54:42.715+0000] {processor.py:830} INFO - Processing file /home/airflow/.local/lib/python3.12/site-packages/airflow/example_dags/example_latest_only.py for tasks to queue
[2024-05-20T02:54:42.717+0000] {logging_mixin.py:188} INFO - [2024-05-20T02:54:42.716+0000] {dagbag.py:545} INFO - Filling up the DagBag from /home/airflow/.local/lib/python3.12/site-packages/airflow/example_dags/example_latest_only.py
[2024-05-20T02:54:42.719+0000] {processor.py:840} INFO - DAG(s) 'latest_only' retrieved from /home/airflow/.local/lib/python3.12/site-packages/airflow/example_dags/example_latest_only.py
[2024-05-20T02:54:42.729+0000] {logging_mixin.py:188} INFO - [2024-05-20T02:54:42.729+0000] {dag.py:3096} INFO - Sync 1 DAGs
[2024-05-20T02:54:42.739+0000] {logging_mixin.py:188} INFO - [2024-05-20T02:54:42.739+0000] {dag.py:3954} INFO - Setting next_dagrun for latest_only to 2024-05-19 20:00:00+00:00, run_after=2024-05-20 00:00:00+00:00
[2024-05-20T02:54:42.749+0000] {processor.py:183} INFO - Processing /home/airflow/.local/lib/python3.12/site-packages/airflow/example_dags/example_latest_only.py took 0.037 seconds
[2024-05-20T02:55:13.601+0000] {processor.py:161} INFO - Started process (PID=449) to work on /home/airflow/.local/lib/python3.12/site-packages/airflow/example_dags/example_latest_only.py
[2024-05-20T02:55:13.601+0000] {processor.py:830} INFO - Processing file /home/airflow/.local/lib/python3.12/site-packages/airflow/example_dags/example_latest_only.py for tasks to queue
[2024-05-20T02:55:13.603+0000] {logging_mixin.py:188} INFO - [2024-05-20T02:55:13.602+0000] {dagbag.py:545} INFO - Filling up the DagBag from /home/airflow/.local/lib/python3.12/site-packages/airflow/example_dags/example_latest_only.py
[2024-05-20T02:55:13.606+0000] {processor.py:840} INFO - DAG(s) 'latest_only' retrieved from /home/airflow/.local/lib/python3.12/site-packages/airflow/example_dags/example_latest_only.py
[2024-05-20T02:55:13.618+0000] {logging_mixin.py:188} INFO - [2024-05-20T02:55:13.617+0000] {dag.py:3096} INFO - Sync 1 DAGs
[2024-05-20T02:55:13.629+0000] {logging_mixin.py:188} INFO - [2024-05-20T02:55:13.629+0000] {dag.py:3954} INFO - Setting next_dagrun for latest_only to 2024-05-19 20:00:00+00:00, run_after=2024-05-20 00:00:00+00:00
[2024-05-20T02:55:13.639+0000] {processor.py:183} INFO - Processing /home/airflow/.local/lib/python3.12/site-packages/airflow/example_dags/example_latest_only.py took 0.042 seconds
[2024-05-20T02:55:44.251+0000] {processor.py:161} INFO - Started process (PID=507) to work on /home/airflow/.local/lib/python3.12/site-packages/airflow/example_dags/example_latest_only.py
[2024-05-20T02:55:44.252+0000] {processor.py:830} INFO - Processing file /home/airflow/.local/lib/python3.12/site-packages/airflow/example_dags/example_latest_only.py for tasks to queue
[2024-05-20T02:55:44.253+0000] {logging_mixin.py:188} INFO - [2024-05-20T02:55:44.253+0000] {dagbag.py:545} INFO - Filling up the DagBag from /home/airflow/.local/lib/python3.12/site-packages/airflow/example_dags/example_latest_only.py
[2024-05-20T02:55:44.256+0000] {processor.py:840} INFO - DAG(s) 'latest_only' retrieved from /home/airflow/.local/lib/python3.12/site-packages/airflow/example_dags/example_latest_only.py
[2024-05-20T02:55:44.266+0000] {logging_mixin.py:188} INFO - [2024-05-20T02:55:44.266+0000] {dag.py:3096} INFO - Sync 1 DAGs
[2024-05-20T02:55:44.277+0000] {logging_mixin.py:188} INFO - [2024-05-20T02:55:44.277+0000] {dag.py:3954} INFO - Setting next_dagrun for latest_only to 2024-05-19 20:00:00+00:00, run_after=2024-05-20 00:00:00+00:00
[2024-05-20T02:55:44.286+0000] {processor.py:183} INFO - Processing /home/airflow/.local/lib/python3.12/site-packages/airflow/example_dags/example_latest_only.py took 0.038 seconds
[2024-05-20T02:56:14.438+0000] {processor.py:161} INFO - Started process (PID=565) to work on /home/airflow/.local/lib/python3.12/site-packages/airflow/example_dags/example_latest_only.py
[2024-05-20T02:56:14.439+0000] {processor.py:830} INFO - Processing file /home/airflow/.local/lib/python3.12/site-packages/airflow/example_dags/example_latest_only.py for tasks to queue
[2024-05-20T02:56:14.440+0000] {logging_mixin.py:188} INFO - [2024-05-20T02:56:14.440+0000] {dagbag.py:545} INFO - Filling up the DagBag from /home/airflow/.local/lib/python3.12/site-packages/airflow/example_dags/example_latest_only.py
[2024-05-20T02:56:14.443+0000] {processor.py:840} INFO - DAG(s) 'latest_only' retrieved from /home/airflow/.local/lib/python3.12/site-packages/airflow/example_dags/example_latest_only.py
[2024-05-20T02:56:14.453+0000] {logging_mixin.py:188} INFO - [2024-05-20T02:56:14.453+0000] {dag.py:3096} INFO - Sync 1 DAGs
[2024-05-20T02:56:14.464+0000] {logging_mixin.py:188} INFO - [2024-05-20T02:56:14.464+0000] {dag.py:3954} INFO - Setting next_dagrun for latest_only to 2024-05-19 20:00:00+00:00, run_after=2024-05-20 00:00:00+00:00
[2024-05-20T02:56:14.474+0000] {processor.py:183} INFO - Processing /home/airflow/.local/lib/python3.12/site-packages/airflow/example_dags/example_latest_only.py took 0.039 seconds
[2024-05-20T02:56:44.679+0000] {processor.py:161} INFO - Started process (PID=623) to work on /home/airflow/.local/lib/python3.12/site-packages/airflow/example_dags/example_latest_only.py
[2024-05-20T02:56:44.680+0000] {processor.py:830} INFO - Processing file /home/airflow/.local/lib/python3.12/site-packages/airflow/example_dags/example_latest_only.py for tasks to queue
[2024-05-20T02:56:44.681+0000] {logging_mixin.py:188} INFO - [2024-05-20T02:56:44.681+0000] {dagbag.py:545} INFO - Filling up the DagBag from /home/airflow/.local/lib/python3.12/site-packages/airflow/example_dags/example_latest_only.py
[2024-05-20T02:56:44.685+0000] {processor.py:840} INFO - DAG(s) 'latest_only' retrieved from /home/airflow/.local/lib/python3.12/site-packages/airflow/example_dags/example_latest_only.py
[2024-05-20T02:56:44.696+0000] {logging_mixin.py:188} INFO - [2024-05-20T02:56:44.696+0000] {dag.py:3096} INFO - Sync 1 DAGs
[2024-05-20T02:56:44.707+0000] {logging_mixin.py:188} INFO - [2024-05-20T02:56:44.707+0000] {dag.py:3954} INFO - Setting next_dagrun for latest_only to 2024-05-19 20:00:00+00:00, run_after=2024-05-20 00:00:00+00:00
[2024-05-20T02:56:44.718+0000] {processor.py:183} INFO - Processing /home/airflow/.local/lib/python3.12/site-packages/airflow/example_dags/example_latest_only.py took 0.042 seconds
[2024-05-20T02:57:15.463+0000] {processor.py:161} INFO - Started process (PID=681) to work on /home/airflow/.local/lib/python3.12/site-packages/airflow/example_dags/example_latest_only.py
[2024-05-20T02:57:15.464+0000] {processor.py:830} INFO - Processing file /home/airflow/.local/lib/python3.12/site-packages/airflow/example_dags/example_latest_only.py for tasks to queue
[2024-05-20T02:57:15.465+0000] {logging_mixin.py:188} INFO - [2024-05-20T02:57:15.465+0000] {dagbag.py:545} INFO - Filling up the DagBag from /home/airflow/.local/lib/python3.12/site-packages/airflow/example_dags/example_latest_only.py
[2024-05-20T02:57:15.468+0000] {processor.py:840} INFO - DAG(s) 'latest_only' retrieved from /home/airflow/.local/lib/python3.12/site-packages/airflow/example_dags/example_latest_only.py
[2024-05-20T02:57:15.478+0000] {logging_mixin.py:188} INFO - [2024-05-20T02:57:15.478+0000] {dag.py:3096} INFO - Sync 1 DAGs
[2024-05-20T02:57:15.488+0000] {logging_mixin.py:188} INFO - [2024-05-20T02:57:15.488+0000] {dag.py:3954} INFO - Setting next_dagrun for latest_only to 2024-05-19 20:00:00+00:00, run_after=2024-05-20 00:00:00+00:00
[2024-05-20T02:57:15.498+0000] {processor.py:183} INFO - Processing /home/airflow/.local/lib/python3.12/site-packages/airflow/example_dags/example_latest_only.py took 0.037 seconds
[2024-05-20T02:57:46.341+0000] {processor.py:161} INFO - Started process (PID=739) to work on /home/airflow/.local/lib/python3.12/site-packages/airflow/example_dags/example_latest_only.py
[2024-05-20T02:57:46.341+0000] {processor.py:830} INFO - Processing file /home/airflow/.local/lib/python3.12/site-packages/airflow/example_dags/example_latest_only.py for tasks to queue
[2024-05-20T02:57:46.342+0000] {logging_mixin.py:188} INFO - [2024-05-20T02:57:46.342+0000] {dagbag.py:545} INFO - Filling up the DagBag from /home/airflow/.local/lib/python3.12/site-packages/airflow/example_dags/example_latest_only.py
[2024-05-20T02:57:46.345+0000] {processor.py:840} INFO - DAG(s) 'latest_only' retrieved from /home/airflow/.local/lib/python3.12/site-packages/airflow/example_dags/example_latest_only.py
[2024-05-20T02:57:46.357+0000] {logging_mixin.py:188} INFO - [2024-05-20T02:57:46.356+0000] {dag.py:3096} INFO - Sync 1 DAGs
[2024-05-20T02:57:46.367+0000] {logging_mixin.py:188} INFO - [2024-05-20T02:57:46.367+0000] {dag.py:3954} INFO - Setting next_dagrun for latest_only to 2024-05-19 20:00:00+00:00, run_after=2024-05-20 00:00:00+00:00
[2024-05-20T02:57:46.377+0000] {processor.py:183} INFO - Processing /home/airflow/.local/lib/python3.12/site-packages/airflow/example_dags/example_latest_only.py took 0.040 seconds
[2024-05-20T02:58:16.436+0000] {processor.py:161} INFO - Started process (PID=797) to work on /home/airflow/.local/lib/python3.12/site-packages/airflow/example_dags/example_latest_only.py
[2024-05-20T02:58:16.436+0000] {processor.py:830} INFO - Processing file /home/airflow/.local/lib/python3.12/site-packages/airflow/example_dags/example_latest_only.py for tasks to queue
[2024-05-20T02:58:16.438+0000] {logging_mixin.py:188} INFO - [2024-05-20T02:58:16.437+0000] {dagbag.py:545} INFO - Filling up the DagBag from /home/airflow/.local/lib/python3.12/site-packages/airflow/example_dags/example_latest_only.py
[2024-05-20T02:58:16.441+0000] {processor.py:840} INFO - DAG(s) 'latest_only' retrieved from /home/airflow/.local/lib/python3.12/site-packages/airflow/example_dags/example_latest_only.py
[2024-05-20T02:58:16.453+0000] {logging_mixin.py:188} INFO - [2024-05-20T02:58:16.452+0000] {dag.py:3096} INFO - Sync 1 DAGs
[2024-05-20T02:58:16.463+0000] {logging_mixin.py:188} INFO - [2024-05-20T02:58:16.463+0000] {dag.py:3954} INFO - Setting next_dagrun for latest_only to 2024-05-19 20:00:00+00:00, run_after=2024-05-20 00:00:00+00:00
[2024-05-20T02:58:16.471+0000] {processor.py:183} INFO - Processing /home/airflow/.local/lib/python3.12/site-packages/airflow/example_dags/example_latest_only.py took 0.038 seconds
[2024-05-20T02:58:47.134+0000] {processor.py:161} INFO - Started process (PID=855) to work on /home/airflow/.local/lib/python3.12/site-packages/airflow/example_dags/example_latest_only.py
[2024-05-20T02:58:47.134+0000] {processor.py:830} INFO - Processing file /home/airflow/.local/lib/python3.12/site-packages/airflow/example_dags/example_latest_only.py for tasks to queue
[2024-05-20T02:58:47.135+0000] {logging_mixin.py:188} INFO - [2024-05-20T02:58:47.135+0000] {dagbag.py:545} INFO - Filling up the DagBag from /home/airflow/.local/lib/python3.12/site-packages/airflow/example_dags/example_latest_only.py
[2024-05-20T02:58:47.138+0000] {processor.py:840} INFO - DAG(s) 'latest_only' retrieved from /home/airflow/.local/lib/python3.12/site-packages/airflow/example_dags/example_latest_only.py
[2024-05-20T02:58:47.149+0000] {logging_mixin.py:188} INFO - [2024-05-20T02:58:47.149+0000] {dag.py:3096} INFO - Sync 1 DAGs
[2024-05-20T02:58:47.159+0000] {logging_mixin.py:188} INFO - [2024-05-20T02:58:47.159+0000] {dag.py:3954} INFO - Setting next_dagrun for latest_only to 2024-05-19 20:00:00+00:00, run_after=2024-05-20 00:00:00+00:00
[2024-05-20T02:58:47.168+0000] {processor.py:183} INFO - Processing /home/airflow/.local/lib/python3.12/site-packages/airflow/example_dags/example_latest_only.py took 0.038 seconds
[2024-05-20T02:59:17.978+0000] {processor.py:161} INFO - Started process (PID=913) to work on /home/airflow/.local/lib/python3.12/site-packages/airflow/example_dags/example_latest_only.py
[2024-05-20T02:59:17.978+0000] {processor.py:830} INFO - Processing file /home/airflow/.local/lib/python3.12/site-packages/airflow/example_dags/example_latest_only.py for tasks to queue
[2024-05-20T02:59:17.980+0000] {logging_mixin.py:188} INFO - [2024-05-20T02:59:17.979+0000] {dagbag.py:545} INFO - Filling up the DagBag from /home/airflow/.local/lib/python3.12/site-packages/airflow/example_dags/example_latest_only.py
[2024-05-20T02:59:17.983+0000] {processor.py:840} INFO - DAG(s) 'latest_only' retrieved from /home/airflow/.local/lib/python3.12/site-packages/airflow/example_dags/example_latest_only.py
[2024-05-20T02:59:17.994+0000] {logging_mixin.py:188} INFO - [2024-05-20T02:59:17.994+0000] {dag.py:3096} INFO - Sync 1 DAGs
[2024-05-20T02:59:18.005+0000] {logging_mixin.py:188} INFO - [2024-05-20T02:59:18.005+0000] {dag.py:3954} INFO - Setting next_dagrun for latest_only to 2024-05-19 20:00:00+00:00, run_after=2024-05-20 00:00:00+00:00
[2024-05-20T02:59:18.014+0000] {processor.py:183} INFO - Processing /home/airflow/.local/lib/python3.12/site-packages/airflow/example_dags/example_latest_only.py took 0.040 seconds
[2024-05-20T02:59:48.795+0000] {processor.py:161} INFO - Started process (PID=971) to work on /home/airflow/.local/lib/python3.12/site-packages/airflow/example_dags/example_latest_only.py
[2024-05-20T02:59:48.796+0000] {processor.py:830} INFO - Processing file /home/airflow/.local/lib/python3.12/site-packages/airflow/example_dags/example_latest_only.py for tasks to queue
[2024-05-20T02:59:48.797+0000] {logging_mixin.py:188} INFO - [2024-05-20T02:59:48.797+0000] {dagbag.py:545} INFO - Filling up the DagBag from /home/airflow/.local/lib/python3.12/site-packages/airflow/example_dags/example_latest_only.py
[2024-05-20T02:59:48.800+0000] {processor.py:840} INFO - DAG(s) 'latest_only' retrieved from /home/airflow/.local/lib/python3.12/site-packages/airflow/example_dags/example_latest_only.py
[2024-05-20T02:59:48.810+0000] {logging_mixin.py:188} INFO - [2024-05-20T02:59:48.810+0000] {dag.py:3096} INFO - Sync 1 DAGs
[2024-05-20T02:59:48.821+0000] {logging_mixin.py:188} INFO - [2024-05-20T02:59:48.820+0000] {dag.py:3954} INFO - Setting next_dagrun for latest_only to 2024-05-19 20:00:00+00:00, run_after=2024-05-20 00:00:00+00:00
[2024-05-20T02:59:48.830+0000] {processor.py:183} INFO - Processing /home/airflow/.local/lib/python3.12/site-packages/airflow/example_dags/example_latest_only.py took 0.038 seconds
[2024-05-20T03:00:19.638+0000] {processor.py:161} INFO - Started process (PID=1029) to work on /home/airflow/.local/lib/python3.12/site-packages/airflow/example_dags/example_latest_only.py
[2024-05-20T03:00:19.639+0000] {processor.py:830} INFO - Processing file /home/airflow/.local/lib/python3.12/site-packages/airflow/example_dags/example_latest_only.py for tasks to queue
[2024-05-20T03:00:19.640+0000] {logging_mixin.py:188} INFO - [2024-05-20T03:00:19.639+0000] {dagbag.py:545} INFO - Filling up the DagBag from /home/airflow/.local/lib/python3.12/site-packages/airflow/example_dags/example_latest_only.py
[2024-05-20T03:00:19.642+0000] {processor.py:840} INFO - DAG(s) 'latest_only' retrieved from /home/airflow/.local/lib/python3.12/site-packages/airflow/example_dags/example_latest_only.py
[2024-05-20T03:00:19.652+0000] {logging_mixin.py:188} INFO - [2024-05-20T03:00:19.651+0000] {dag.py:3096} INFO - Sync 1 DAGs
[2024-05-20T03:00:19.661+0000] {logging_mixin.py:188} INFO - [2024-05-20T03:00:19.661+0000] {dag.py:3954} INFO - Setting next_dagrun for latest_only to 2024-05-19 20:00:00+00:00, run_after=2024-05-20 00:00:00+00:00
[2024-05-20T03:00:19.670+0000] {processor.py:183} INFO - Processing /home/airflow/.local/lib/python3.12/site-packages/airflow/example_dags/example_latest_only.py took 0.035 seconds
[2024-05-20T03:00:50.239+0000] {processor.py:161} INFO - Started process (PID=1087) to work on /home/airflow/.local/lib/python3.12/site-packages/airflow/example_dags/example_latest_only.py
[2024-05-20T03:00:50.239+0000] {processor.py:830} INFO - Processing file /home/airflow/.local/lib/python3.12/site-packages/airflow/example_dags/example_latest_only.py for tasks to queue
[2024-05-20T03:00:50.240+0000] {logging_mixin.py:188} INFO - [2024-05-20T03:00:50.240+0000] {dagbag.py:545} INFO - Filling up the DagBag from /home/airflow/.local/lib/python3.12/site-packages/airflow/example_dags/example_latest_only.py
[2024-05-20T03:00:50.243+0000] {processor.py:840} INFO - DAG(s) 'latest_only' retrieved from /home/airflow/.local/lib/python3.12/site-packages/airflow/example_dags/example_latest_only.py
[2024-05-20T03:00:50.254+0000] {logging_mixin.py:188} INFO - [2024-05-20T03:00:50.254+0000] {dag.py:3096} INFO - Sync 1 DAGs
[2024-05-20T03:00:50.265+0000] {logging_mixin.py:188} INFO - [2024-05-20T03:00:50.265+0000] {dag.py:3954} INFO - Setting next_dagrun for latest_only to 2024-05-19 20:00:00+00:00, run_after=2024-05-20 00:00:00+00:00
[2024-05-20T03:00:50.287+0000] {processor.py:183} INFO - Processing /home/airflow/.local/lib/python3.12/site-packages/airflow/example_dags/example_latest_only.py took 0.051 seconds
[2024-05-20T03:01:20.450+0000] {processor.py:161} INFO - Started process (PID=1145) to work on /home/airflow/.local/lib/python3.12/site-packages/airflow/example_dags/example_latest_only.py
[2024-05-20T03:01:20.451+0000] {processor.py:830} INFO - Processing file /home/airflow/.local/lib/python3.12/site-packages/airflow/example_dags/example_latest_only.py for tasks to queue
[2024-05-20T03:01:20.452+0000] {logging_mixin.py:188} INFO - [2024-05-20T03:01:20.452+0000] {dagbag.py:545} INFO - Filling up the DagBag from /home/airflow/.local/lib/python3.12/site-packages/airflow/example_dags/example_latest_only.py
[2024-05-20T03:01:20.455+0000] {processor.py:840} INFO - DAG(s) 'latest_only' retrieved from /home/airflow/.local/lib/python3.12/site-packages/airflow/example_dags/example_latest_only.py
[2024-05-20T03:01:20.465+0000] {logging_mixin.py:188} INFO - [2024-05-20T03:01:20.465+0000] {dag.py:3096} INFO - Sync 1 DAGs
[2024-05-20T03:01:20.475+0000] {logging_mixin.py:188} INFO - [2024-05-20T03:01:20.475+0000] {dag.py:3954} INFO - Setting next_dagrun for latest_only to 2024-05-19 20:00:00+00:00, run_after=2024-05-20 00:00:00+00:00
[2024-05-20T03:01:20.483+0000] {processor.py:183} INFO - Processing /home/airflow/.local/lib/python3.12/site-packages/airflow/example_dags/example_latest_only.py took 0.037 seconds
[2024-05-20T03:01:51.194+0000] {processor.py:161} INFO - Started process (PID=1203) to work on /home/airflow/.local/lib/python3.12/site-packages/airflow/example_dags/example_latest_only.py
[2024-05-20T03:01:51.195+0000] {processor.py:830} INFO - Processing file /home/airflow/.local/lib/python3.12/site-packages/airflow/example_dags/example_latest_only.py for tasks to queue
[2024-05-20T03:01:51.196+0000] {logging_mixin.py:188} INFO - [2024-05-20T03:01:51.196+0000] {dagbag.py:545} INFO - Filling up the DagBag from /home/airflow/.local/lib/python3.12/site-packages/airflow/example_dags/example_latest_only.py
[2024-05-20T03:01:51.199+0000] {processor.py:840} INFO - DAG(s) 'latest_only' retrieved from /home/airflow/.local/lib/python3.12/site-packages/airflow/example_dags/example_latest_only.py
[2024-05-20T03:01:51.209+0000] {logging_mixin.py:188} INFO - [2024-05-20T03:01:51.209+0000] {dag.py:3096} INFO - Sync 1 DAGs
[2024-05-20T03:01:51.220+0000] {logging_mixin.py:188} INFO - [2024-05-20T03:01:51.219+0000] {dag.py:3954} INFO - Setting next_dagrun for latest_only to 2024-05-19 20:00:00+00:00, run_after=2024-05-20 00:00:00+00:00
[2024-05-20T03:01:51.228+0000] {processor.py:183} INFO - Processing /home/airflow/.local/lib/python3.12/site-packages/airflow/example_dags/example_latest_only.py took 0.037 seconds
[2024-05-20T03:02:21.966+0000] {processor.py:161} INFO - Started process (PID=1261) to work on /home/airflow/.local/lib/python3.12/site-packages/airflow/example_dags/example_latest_only.py
[2024-05-20T03:02:21.967+0000] {processor.py:830} INFO - Processing file /home/airflow/.local/lib/python3.12/site-packages/airflow/example_dags/example_latest_only.py for tasks to queue
[2024-05-20T03:02:21.968+0000] {logging_mixin.py:188} INFO - [2024-05-20T03:02:21.968+0000] {dagbag.py:545} INFO - Filling up the DagBag from /home/airflow/.local/lib/python3.12/site-packages/airflow/example_dags/example_latest_only.py
[2024-05-20T03:02:21.971+0000] {processor.py:840} INFO - DAG(s) 'latest_only' retrieved from /home/airflow/.local/lib/python3.12/site-packages/airflow/example_dags/example_latest_only.py
[2024-05-20T03:02:21.981+0000] {logging_mixin.py:188} INFO - [2024-05-20T03:02:21.981+0000] {dag.py:3096} INFO - Sync 1 DAGs
[2024-05-20T03:02:21.991+0000] {logging_mixin.py:188} INFO - [2024-05-20T03:02:21.991+0000] {dag.py:3954} INFO - Setting next_dagrun for latest_only to 2024-05-19 20:00:00+00:00, run_after=2024-05-20 00:00:00+00:00
[2024-05-20T03:02:22.001+0000] {processor.py:183} INFO - Processing /home/airflow/.local/lib/python3.12/site-packages/airflow/example_dags/example_latest_only.py took 0.037 seconds
[2024-05-20T03:02:52.076+0000] {processor.py:161} INFO - Started process (PID=1319) to work on /home/airflow/.local/lib/python3.12/site-packages/airflow/example_dags/example_latest_only.py
[2024-05-20T03:02:52.078+0000] {processor.py:830} INFO - Processing file /home/airflow/.local/lib/python3.12/site-packages/airflow/example_dags/example_latest_only.py for tasks to queue
[2024-05-20T03:02:52.080+0000] {logging_mixin.py:188} INFO - [2024-05-20T03:02:52.079+0000] {dagbag.py:545} INFO - Filling up the DagBag from /home/airflow/.local/lib/python3.12/site-packages/airflow/example_dags/example_latest_only.py
[2024-05-20T03:02:52.082+0000] {processor.py:840} INFO - DAG(s) 'latest_only' retrieved from /home/airflow/.local/lib/python3.12/site-packages/airflow/example_dags/example_latest_only.py
[2024-05-20T03:02:52.093+0000] {logging_mixin.py:188} INFO - [2024-05-20T03:02:52.093+0000] {dag.py:3096} INFO - Sync 1 DAGs
[2024-05-20T03:02:52.103+0000] {logging_mixin.py:188} INFO - [2024-05-20T03:02:52.103+0000] {dag.py:3954} INFO - Setting next_dagrun for latest_only to 2024-05-19 20:00:00+00:00, run_after=2024-05-20 00:00:00+00:00
[2024-05-20T03:02:52.112+0000] {processor.py:183} INFO - Processing /home/airflow/.local/lib/python3.12/site-packages/airflow/example_dags/example_latest_only.py took 0.039 seconds
[2024-05-20T03:03:22.258+0000] {processor.py:161} INFO - Started process (PID=1377) to work on /home/airflow/.local/lib/python3.12/site-packages/airflow/example_dags/example_latest_only.py
[2024-05-20T03:03:22.259+0000] {processor.py:830} INFO - Processing file /home/airflow/.local/lib/python3.12/site-packages/airflow/example_dags/example_latest_only.py for tasks to queue
[2024-05-20T03:03:22.260+0000] {logging_mixin.py:188} INFO - [2024-05-20T03:03:22.260+0000] {dagbag.py:545} INFO - Filling up the DagBag from /home/airflow/.local/lib/python3.12/site-packages/airflow/example_dags/example_latest_only.py
[2024-05-20T03:03:22.262+0000] {processor.py:840} INFO - DAG(s) 'latest_only' retrieved from /home/airflow/.local/lib/python3.12/site-packages/airflow/example_dags/example_latest_only.py
[2024-05-20T03:03:22.273+0000] {logging_mixin.py:188} INFO - [2024-05-20T03:03:22.272+0000] {dag.py:3096} INFO - Sync 1 DAGs
[2024-05-20T03:03:22.282+0000] {logging_mixin.py:188} INFO - [2024-05-20T03:03:22.282+0000] {dag.py:3954} INFO - Setting next_dagrun for latest_only to 2024-05-19 20:00:00+00:00, run_after=2024-05-20 00:00:00+00:00
[2024-05-20T03:03:22.291+0000] {processor.py:183} INFO - Processing /home/airflow/.local/lib/python3.12/site-packages/airflow/example_dags/example_latest_only.py took 0.035 seconds
[2024-05-20T03:04:13.046+0000] {processor.py:161} INFO - Started process (PID=42) to work on /home/airflow/.local/lib/python3.12/site-packages/airflow/example_dags/example_latest_only.py
[2024-05-20T03:04:13.047+0000] {processor.py:830} INFO - Processing file /home/airflow/.local/lib/python3.12/site-packages/airflow/example_dags/example_latest_only.py for tasks to queue
[2024-05-20T03:04:13.049+0000] {logging_mixin.py:188} INFO - [2024-05-20T03:04:13.049+0000] {dagbag.py:545} INFO - Filling up the DagBag from /home/airflow/.local/lib/python3.12/site-packages/airflow/example_dags/example_latest_only.py
[2024-05-20T03:04:13.056+0000] {processor.py:840} INFO - DAG(s) 'latest_only' retrieved from /home/airflow/.local/lib/python3.12/site-packages/airflow/example_dags/example_latest_only.py
[2024-05-20T03:04:13.063+0000] {logging_mixin.py:188} INFO - [2024-05-20T03:04:13.063+0000] {dag.py:3096} INFO - Sync 1 DAGs
[2024-05-20T03:04:13.075+0000] {logging_mixin.py:188} INFO - [2024-05-20T03:04:13.075+0000] {dag.py:3954} INFO - Setting next_dagrun for latest_only to 2024-05-19 20:00:00+00:00, run_after=2024-05-20 00:00:00+00:00
[2024-05-20T03:04:13.086+0000] {processor.py:183} INFO - Processing /home/airflow/.local/lib/python3.12/site-packages/airflow/example_dags/example_latest_only.py took 0.047 seconds
[2024-05-20T03:04:43.468+0000] {processor.py:161} INFO - Started process (PID=100) to work on /home/airflow/.local/lib/python3.12/site-packages/airflow/example_dags/example_latest_only.py
[2024-05-20T03:04:43.469+0000] {processor.py:830} INFO - Processing file /home/airflow/.local/lib/python3.12/site-packages/airflow/example_dags/example_latest_only.py for tasks to queue
[2024-05-20T03:04:43.470+0000] {logging_mixin.py:188} INFO - [2024-05-20T03:04:43.470+0000] {dagbag.py:545} INFO - Filling up the DagBag from /home/airflow/.local/lib/python3.12/site-packages/airflow/example_dags/example_latest_only.py
[2024-05-20T03:04:43.474+0000] {processor.py:840} INFO - DAG(s) 'latest_only' retrieved from /home/airflow/.local/lib/python3.12/site-packages/airflow/example_dags/example_latest_only.py
[2024-05-20T03:04:43.524+0000] {logging_mixin.py:188} INFO - [2024-05-20T03:04:43.524+0000] {dag.py:3096} INFO - Sync 1 DAGs
[2024-05-20T03:04:43.535+0000] {logging_mixin.py:188} INFO - [2024-05-20T03:04:43.535+0000] {dag.py:3954} INFO - Setting next_dagrun for latest_only to 2024-05-19 20:00:00+00:00, run_after=2024-05-20 00:00:00+00:00
[2024-05-20T03:04:43.558+0000] {processor.py:183} INFO - Processing /home/airflow/.local/lib/python3.12/site-packages/airflow/example_dags/example_latest_only.py took 0.093 seconds
[2024-05-20T03:05:13.846+0000] {processor.py:161} INFO - Started process (PID=157) to work on /home/airflow/.local/lib/python3.12/site-packages/airflow/example_dags/example_latest_only.py
[2024-05-20T03:05:13.846+0000] {processor.py:830} INFO - Processing file /home/airflow/.local/lib/python3.12/site-packages/airflow/example_dags/example_latest_only.py for tasks to queue
[2024-05-20T03:05:13.847+0000] {logging_mixin.py:188} INFO - [2024-05-20T03:05:13.847+0000] {dagbag.py:545} INFO - Filling up the DagBag from /home/airflow/.local/lib/python3.12/site-packages/airflow/example_dags/example_latest_only.py
[2024-05-20T03:05:13.850+0000] {processor.py:840} INFO - DAG(s) 'latest_only' retrieved from /home/airflow/.local/lib/python3.12/site-packages/airflow/example_dags/example_latest_only.py
[2024-05-20T03:05:13.860+0000] {logging_mixin.py:188} INFO - [2024-05-20T03:05:13.859+0000] {dag.py:3096} INFO - Sync 1 DAGs
[2024-05-20T03:05:13.870+0000] {logging_mixin.py:188} INFO - [2024-05-20T03:05:13.870+0000] {dag.py:3954} INFO - Setting next_dagrun for latest_only to 2024-05-19 20:00:00+00:00, run_after=2024-05-20 00:00:00+00:00
[2024-05-20T03:05:13.879+0000] {processor.py:183} INFO - Processing /home/airflow/.local/lib/python3.12/site-packages/airflow/example_dags/example_latest_only.py took 0.036 seconds
[2024-05-20T03:05:44.490+0000] {processor.py:161} INFO - Started process (PID=215) to work on /home/airflow/.local/lib/python3.12/site-packages/airflow/example_dags/example_latest_only.py
[2024-05-20T03:05:44.491+0000] {processor.py:830} INFO - Processing file /home/airflow/.local/lib/python3.12/site-packages/airflow/example_dags/example_latest_only.py for tasks to queue
[2024-05-20T03:05:44.492+0000] {logging_mixin.py:188} INFO - [2024-05-20T03:05:44.492+0000] {dagbag.py:545} INFO - Filling up the DagBag from /home/airflow/.local/lib/python3.12/site-packages/airflow/example_dags/example_latest_only.py
[2024-05-20T03:05:44.495+0000] {processor.py:840} INFO - DAG(s) 'latest_only' retrieved from /home/airflow/.local/lib/python3.12/site-packages/airflow/example_dags/example_latest_only.py
[2024-05-20T03:05:44.505+0000] {logging_mixin.py:188} INFO - [2024-05-20T03:05:44.505+0000] {dag.py:3096} INFO - Sync 1 DAGs
[2024-05-20T03:05:44.516+0000] {logging_mixin.py:188} INFO - [2024-05-20T03:05:44.516+0000] {dag.py:3954} INFO - Setting next_dagrun for latest_only to 2024-05-19 20:00:00+00:00, run_after=2024-05-20 00:00:00+00:00
[2024-05-20T03:05:44.526+0000] {processor.py:183} INFO - Processing /home/airflow/.local/lib/python3.12/site-packages/airflow/example_dags/example_latest_only.py took 0.039 seconds
[2024-05-20T03:06:15.213+0000] {processor.py:161} INFO - Started process (PID=272) to work on /home/airflow/.local/lib/python3.12/site-packages/airflow/example_dags/example_latest_only.py
[2024-05-20T03:06:15.213+0000] {processor.py:830} INFO - Processing file /home/airflow/.local/lib/python3.12/site-packages/airflow/example_dags/example_latest_only.py for tasks to queue
[2024-05-20T03:06:15.214+0000] {logging_mixin.py:188} INFO - [2024-05-20T03:06:15.214+0000] {dagbag.py:545} INFO - Filling up the DagBag from /home/airflow/.local/lib/python3.12/site-packages/airflow/example_dags/example_latest_only.py
[2024-05-20T03:06:15.217+0000] {processor.py:840} INFO - DAG(s) 'latest_only' retrieved from /home/airflow/.local/lib/python3.12/site-packages/airflow/example_dags/example_latest_only.py
[2024-05-20T03:06:15.227+0000] {logging_mixin.py:188} INFO - [2024-05-20T03:06:15.226+0000] {dag.py:3096} INFO - Sync 1 DAGs
[2024-05-20T03:06:15.236+0000] {logging_mixin.py:188} INFO - [2024-05-20T03:06:15.236+0000] {dag.py:3954} INFO - Setting next_dagrun for latest_only to 2024-05-19 20:00:00+00:00, run_after=2024-05-20 00:00:00+00:00
[2024-05-20T03:06:15.245+0000] {processor.py:183} INFO - Processing /home/airflow/.local/lib/python3.12/site-packages/airflow/example_dags/example_latest_only.py took 0.035 seconds
[2024-05-20T03:06:45.921+0000] {processor.py:161} INFO - Started process (PID=330) to work on /home/airflow/.local/lib/python3.12/site-packages/airflow/example_dags/example_latest_only.py
[2024-05-20T03:06:45.921+0000] {processor.py:830} INFO - Processing file /home/airflow/.local/lib/python3.12/site-packages/airflow/example_dags/example_latest_only.py for tasks to queue
[2024-05-20T03:06:45.922+0000] {logging_mixin.py:188} INFO - [2024-05-20T03:06:45.922+0000] {dagbag.py:545} INFO - Filling up the DagBag from /home/airflow/.local/lib/python3.12/site-packages/airflow/example_dags/example_latest_only.py
[2024-05-20T03:06:45.925+0000] {processor.py:840} INFO - DAG(s) 'latest_only' retrieved from /home/airflow/.local/lib/python3.12/site-packages/airflow/example_dags/example_latest_only.py
[2024-05-20T03:06:45.935+0000] {logging_mixin.py:188} INFO - [2024-05-20T03:06:45.935+0000] {dag.py:3096} INFO - Sync 1 DAGs
[2024-05-20T03:06:45.945+0000] {logging_mixin.py:188} INFO - [2024-05-20T03:06:45.945+0000] {dag.py:3954} INFO - Setting next_dagrun for latest_only to 2024-05-19 20:00:00+00:00, run_after=2024-05-20 00:00:00+00:00
[2024-05-20T03:06:45.954+0000] {processor.py:183} INFO - Processing /home/airflow/.local/lib/python3.12/site-packages/airflow/example_dags/example_latest_only.py took 0.037 seconds
[2024-05-20T03:07:16.628+0000] {processor.py:161} INFO - Started process (PID=388) to work on /home/airflow/.local/lib/python3.12/site-packages/airflow/example_dags/example_latest_only.py
[2024-05-20T03:07:16.628+0000] {processor.py:830} INFO - Processing file /home/airflow/.local/lib/python3.12/site-packages/airflow/example_dags/example_latest_only.py for tasks to queue
[2024-05-20T03:07:16.629+0000] {logging_mixin.py:188} INFO - [2024-05-20T03:07:16.629+0000] {dagbag.py:545} INFO - Filling up the DagBag from /home/airflow/.local/lib/python3.12/site-packages/airflow/example_dags/example_latest_only.py
[2024-05-20T03:07:16.632+0000] {processor.py:840} INFO - DAG(s) 'latest_only' retrieved from /home/airflow/.local/lib/python3.12/site-packages/airflow/example_dags/example_latest_only.py
[2024-05-20T03:07:16.643+0000] {logging_mixin.py:188} INFO - [2024-05-20T03:07:16.643+0000] {dag.py:3096} INFO - Sync 1 DAGs
[2024-05-20T03:07:16.652+0000] {logging_mixin.py:188} INFO - [2024-05-20T03:07:16.652+0000] {dag.py:3954} INFO - Setting next_dagrun for latest_only to 2024-05-19 20:00:00+00:00, run_after=2024-05-20 00:00:00+00:00
[2024-05-20T03:07:16.661+0000] {processor.py:183} INFO - Processing /home/airflow/.local/lib/python3.12/site-packages/airflow/example_dags/example_latest_only.py took 0.037 seconds
[2024-05-20T03:07:58.745+0000] {processor.py:161} INFO - Started process (PID=43) to work on /home/airflow/.local/lib/python3.12/site-packages/airflow/example_dags/example_latest_only.py
[2024-05-20T03:07:58.746+0000] {processor.py:830} INFO - Processing file /home/airflow/.local/lib/python3.12/site-packages/airflow/example_dags/example_latest_only.py for tasks to queue
[2024-05-20T03:07:58.747+0000] {logging_mixin.py:188} INFO - [2024-05-20T03:07:58.747+0000] {dagbag.py:545} INFO - Filling up the DagBag from /home/airflow/.local/lib/python3.12/site-packages/airflow/example_dags/example_latest_only.py
[2024-05-20T03:07:58.752+0000] {processor.py:840} INFO - DAG(s) 'latest_only' retrieved from /home/airflow/.local/lib/python3.12/site-packages/airflow/example_dags/example_latest_only.py
[2024-05-20T03:07:58.759+0000] {logging_mixin.py:188} INFO - [2024-05-20T03:07:58.759+0000] {dag.py:3096} INFO - Sync 1 DAGs
[2024-05-20T03:07:58.774+0000] {logging_mixin.py:188} INFO - [2024-05-20T03:07:58.774+0000] {dag.py:3954} INFO - Setting next_dagrun for latest_only to 2024-05-19 20:00:00+00:00, run_after=2024-05-20 00:00:00+00:00
[2024-05-20T03:07:58.784+0000] {processor.py:183} INFO - Processing /home/airflow/.local/lib/python3.12/site-packages/airflow/example_dags/example_latest_only.py took 0.042 seconds
[2024-05-20T03:08:29.962+0000] {processor.py:161} INFO - Started process (PID=101) to work on /home/airflow/.local/lib/python3.12/site-packages/airflow/example_dags/example_latest_only.py
[2024-05-20T03:08:29.963+0000] {processor.py:830} INFO - Processing file /home/airflow/.local/lib/python3.12/site-packages/airflow/example_dags/example_latest_only.py for tasks to queue
[2024-05-20T03:08:29.964+0000] {logging_mixin.py:188} INFO - [2024-05-20T03:08:29.964+0000] {dagbag.py:545} INFO - Filling up the DagBag from /home/airflow/.local/lib/python3.12/site-packages/airflow/example_dags/example_latest_only.py
[2024-05-20T03:08:29.967+0000] {processor.py:840} INFO - DAG(s) 'latest_only' retrieved from /home/airflow/.local/lib/python3.12/site-packages/airflow/example_dags/example_latest_only.py
[2024-05-20T03:08:30.010+0000] {logging_mixin.py:188} INFO - [2024-05-20T03:08:30.010+0000] {dag.py:3096} INFO - Sync 1 DAGs
[2024-05-20T03:08:30.019+0000] {logging_mixin.py:188} INFO - [2024-05-20T03:08:30.019+0000] {dag.py:3954} INFO - Setting next_dagrun for latest_only to 2024-05-19 20:00:00+00:00, run_after=2024-05-20 00:00:00+00:00
[2024-05-20T03:08:30.028+0000] {processor.py:183} INFO - Processing /home/airflow/.local/lib/python3.12/site-packages/airflow/example_dags/example_latest_only.py took 0.068 seconds
[2024-05-20T03:09:00.325+0000] {processor.py:161} INFO - Started process (PID=159) to work on /home/airflow/.local/lib/python3.12/site-packages/airflow/example_dags/example_latest_only.py
[2024-05-20T03:09:00.326+0000] {processor.py:830} INFO - Processing file /home/airflow/.local/lib/python3.12/site-packages/airflow/example_dags/example_latest_only.py for tasks to queue
[2024-05-20T03:09:00.327+0000] {logging_mixin.py:188} INFO - [2024-05-20T03:09:00.327+0000] {dagbag.py:545} INFO - Filling up the DagBag from /home/airflow/.local/lib/python3.12/site-packages/airflow/example_dags/example_latest_only.py
[2024-05-20T03:09:00.330+0000] {processor.py:840} INFO - DAG(s) 'latest_only' retrieved from /home/airflow/.local/lib/python3.12/site-packages/airflow/example_dags/example_latest_only.py
[2024-05-20T03:09:00.340+0000] {logging_mixin.py:188} INFO - [2024-05-20T03:09:00.340+0000] {dag.py:3096} INFO - Sync 1 DAGs
[2024-05-20T03:09:00.350+0000] {logging_mixin.py:188} INFO - [2024-05-20T03:09:00.350+0000] {dag.py:3954} INFO - Setting next_dagrun for latest_only to 2024-05-19 20:00:00+00:00, run_after=2024-05-20 00:00:00+00:00
[2024-05-20T03:09:00.359+0000] {processor.py:183} INFO - Processing /home/airflow/.local/lib/python3.12/site-packages/airflow/example_dags/example_latest_only.py took 0.037 seconds
