[2024-05-20T02:51:41.092+0000] {processor.py:161} INFO - Started process (PID=56) to work on /home/airflow/.local/lib/python3.12/site-packages/airflow/example_dags/example_short_circuit_operator.py
[2024-05-20T02:51:41.093+0000] {processor.py:830} INFO - Processing file /home/airflow/.local/lib/python3.12/site-packages/airflow/example_dags/example_short_circuit_operator.py for tasks to queue
[2024-05-20T02:51:41.094+0000] {logging_mixin.py:188} INFO - [2024-05-20T02:51:41.094+0000] {dagbag.py:545} INFO - Filling up the DagBag from /home/airflow/.local/lib/python3.12/site-packages/airflow/example_dags/example_short_circuit_operator.py
[2024-05-20T02:51:41.099+0000] {processor.py:840} INFO - DAG(s) 'example_short_circuit_operator' retrieved from /home/airflow/.local/lib/python3.12/site-packages/airflow/example_dags/example_short_circuit_operator.py
[2024-05-20T02:51:41.109+0000] {logging_mixin.py:188} INFO - [2024-05-20T02:51:41.109+0000] {dag.py:3096} INFO - Sync 1 DAGs
[2024-05-20T02:51:41.122+0000] {logging_mixin.py:188} INFO - [2024-05-20T02:51:41.122+0000] {dag.py:3954} INFO - Setting next_dagrun for example_short_circuit_operator to 2024-05-19 00:00:00+00:00, run_after=2024-05-20 00:00:00+00:00
[2024-05-20T02:51:41.134+0000] {processor.py:183} INFO - Processing /home/airflow/.local/lib/python3.12/site-packages/airflow/example_dags/example_short_circuit_operator.py took 0.046 seconds
[2024-05-20T02:52:11.348+0000] {processor.py:161} INFO - Started process (PID=114) to work on /home/airflow/.local/lib/python3.12/site-packages/airflow/example_dags/example_short_circuit_operator.py
[2024-05-20T02:52:11.348+0000] {processor.py:830} INFO - Processing file /home/airflow/.local/lib/python3.12/site-packages/airflow/example_dags/example_short_circuit_operator.py for tasks to queue
[2024-05-20T02:52:11.349+0000] {logging_mixin.py:188} INFO - [2024-05-20T02:52:11.349+0000] {dagbag.py:545} INFO - Filling up the DagBag from /home/airflow/.local/lib/python3.12/site-packages/airflow/example_dags/example_short_circuit_operator.py
[2024-05-20T02:52:11.353+0000] {processor.py:840} INFO - DAG(s) 'example_short_circuit_operator' retrieved from /home/airflow/.local/lib/python3.12/site-packages/airflow/example_dags/example_short_circuit_operator.py
[2024-05-20T02:52:11.400+0000] {logging_mixin.py:188} INFO - [2024-05-20T02:52:11.400+0000] {dag.py:3096} INFO - Sync 1 DAGs
[2024-05-20T02:52:11.409+0000] {logging_mixin.py:188} INFO - [2024-05-20T02:52:11.409+0000] {dag.py:3954} INFO - Setting next_dagrun for example_short_circuit_operator to 2024-05-19 00:00:00+00:00, run_after=2024-05-20 00:00:00+00:00
[2024-05-20T02:52:11.418+0000] {processor.py:183} INFO - Processing /home/airflow/.local/lib/python3.12/site-packages/airflow/example_dags/example_short_circuit_operator.py took 0.074 seconds
[2024-05-20T02:52:42.345+0000] {processor.py:161} INFO - Started process (PID=172) to work on /home/airflow/.local/lib/python3.12/site-packages/airflow/example_dags/example_short_circuit_operator.py
[2024-05-20T02:52:42.346+0000] {processor.py:830} INFO - Processing file /home/airflow/.local/lib/python3.12/site-packages/airflow/example_dags/example_short_circuit_operator.py for tasks to queue
[2024-05-20T02:52:42.351+0000] {logging_mixin.py:188} INFO - [2024-05-20T02:52:42.351+0000] {dagbag.py:545} INFO - Filling up the DagBag from /home/airflow/.local/lib/python3.12/site-packages/airflow/example_dags/example_short_circuit_operator.py
[2024-05-20T02:52:42.355+0000] {processor.py:840} INFO - DAG(s) 'example_short_circuit_operator' retrieved from /home/airflow/.local/lib/python3.12/site-packages/airflow/example_dags/example_short_circuit_operator.py
[2024-05-20T02:52:42.367+0000] {logging_mixin.py:188} INFO - [2024-05-20T02:52:42.367+0000] {dag.py:3096} INFO - Sync 1 DAGs
[2024-05-20T02:52:42.384+0000] {logging_mixin.py:188} INFO - [2024-05-20T02:52:42.384+0000] {dag.py:3954} INFO - Setting next_dagrun for example_short_circuit_operator to 2024-05-19 00:00:00+00:00, run_after=2024-05-20 00:00:00+00:00
[2024-05-20T02:52:42.402+0000] {processor.py:183} INFO - Processing /home/airflow/.local/lib/python3.12/site-packages/airflow/example_dags/example_short_circuit_operator.py took 0.061 seconds
[2024-05-20T02:53:12.626+0000] {processor.py:161} INFO - Started process (PID=230) to work on /home/airflow/.local/lib/python3.12/site-packages/airflow/example_dags/example_short_circuit_operator.py
[2024-05-20T02:53:12.627+0000] {processor.py:830} INFO - Processing file /home/airflow/.local/lib/python3.12/site-packages/airflow/example_dags/example_short_circuit_operator.py for tasks to queue
[2024-05-20T02:53:12.629+0000] {logging_mixin.py:188} INFO - [2024-05-20T02:53:12.629+0000] {dagbag.py:545} INFO - Filling up the DagBag from /home/airflow/.local/lib/python3.12/site-packages/airflow/example_dags/example_short_circuit_operator.py
[2024-05-20T02:53:12.633+0000] {processor.py:840} INFO - DAG(s) 'example_short_circuit_operator' retrieved from /home/airflow/.local/lib/python3.12/site-packages/airflow/example_dags/example_short_circuit_operator.py
[2024-05-20T02:53:12.646+0000] {logging_mixin.py:188} INFO - [2024-05-20T02:53:12.646+0000] {dag.py:3096} INFO - Sync 1 DAGs
[2024-05-20T02:53:12.658+0000] {logging_mixin.py:188} INFO - [2024-05-20T02:53:12.658+0000] {dag.py:3954} INFO - Setting next_dagrun for example_short_circuit_operator to 2024-05-19 00:00:00+00:00, run_after=2024-05-20 00:00:00+00:00
[2024-05-20T02:53:12.668+0000] {processor.py:183} INFO - Processing /home/airflow/.local/lib/python3.12/site-packages/airflow/example_dags/example_short_circuit_operator.py took 0.045 seconds
[2024-05-20T02:53:42.692+0000] {processor.py:161} INFO - Started process (PID=288) to work on /home/airflow/.local/lib/python3.12/site-packages/airflow/example_dags/example_short_circuit_operator.py
[2024-05-20T02:53:42.693+0000] {processor.py:830} INFO - Processing file /home/airflow/.local/lib/python3.12/site-packages/airflow/example_dags/example_short_circuit_operator.py for tasks to queue
[2024-05-20T02:53:42.694+0000] {logging_mixin.py:188} INFO - [2024-05-20T02:53:42.694+0000] {dagbag.py:545} INFO - Filling up the DagBag from /home/airflow/.local/lib/python3.12/site-packages/airflow/example_dags/example_short_circuit_operator.py
[2024-05-20T02:53:42.698+0000] {processor.py:840} INFO - DAG(s) 'example_short_circuit_operator' retrieved from /home/airflow/.local/lib/python3.12/site-packages/airflow/example_dags/example_short_circuit_operator.py
[2024-05-20T02:53:42.708+0000] {logging_mixin.py:188} INFO - [2024-05-20T02:53:42.708+0000] {dag.py:3096} INFO - Sync 1 DAGs
[2024-05-20T02:53:42.717+0000] {logging_mixin.py:188} INFO - [2024-05-20T02:53:42.717+0000] {dag.py:3954} INFO - Setting next_dagrun for example_short_circuit_operator to 2024-05-19 00:00:00+00:00, run_after=2024-05-20 00:00:00+00:00
[2024-05-20T02:53:42.725+0000] {processor.py:183} INFO - Processing /home/airflow/.local/lib/python3.12/site-packages/airflow/example_dags/example_short_circuit_operator.py took 0.035 seconds
[2024-05-20T02:54:13.410+0000] {processor.py:161} INFO - Started process (PID=346) to work on /home/airflow/.local/lib/python3.12/site-packages/airflow/example_dags/example_short_circuit_operator.py
[2024-05-20T02:54:13.410+0000] {processor.py:830} INFO - Processing file /home/airflow/.local/lib/python3.12/site-packages/airflow/example_dags/example_short_circuit_operator.py for tasks to queue
[2024-05-20T02:54:13.411+0000] {logging_mixin.py:188} INFO - [2024-05-20T02:54:13.411+0000] {dagbag.py:545} INFO - Filling up the DagBag from /home/airflow/.local/lib/python3.12/site-packages/airflow/example_dags/example_short_circuit_operator.py
[2024-05-20T02:54:13.415+0000] {processor.py:840} INFO - DAG(s) 'example_short_circuit_operator' retrieved from /home/airflow/.local/lib/python3.12/site-packages/airflow/example_dags/example_short_circuit_operator.py
[2024-05-20T02:54:13.426+0000] {logging_mixin.py:188} INFO - [2024-05-20T02:54:13.425+0000] {dag.py:3096} INFO - Sync 1 DAGs
[2024-05-20T02:54:13.435+0000] {logging_mixin.py:188} INFO - [2024-05-20T02:54:13.435+0000] {dag.py:3954} INFO - Setting next_dagrun for example_short_circuit_operator to 2024-05-19 00:00:00+00:00, run_after=2024-05-20 00:00:00+00:00
[2024-05-20T02:54:13.444+0000] {processor.py:183} INFO - Processing /home/airflow/.local/lib/python3.12/site-packages/airflow/example_dags/example_short_circuit_operator.py took 0.037 seconds
[2024-05-20T02:54:44.159+0000] {processor.py:161} INFO - Started process (PID=404) to work on /home/airflow/.local/lib/python3.12/site-packages/airflow/example_dags/example_short_circuit_operator.py
[2024-05-20T02:54:44.160+0000] {processor.py:830} INFO - Processing file /home/airflow/.local/lib/python3.12/site-packages/airflow/example_dags/example_short_circuit_operator.py for tasks to queue
[2024-05-20T02:54:44.161+0000] {logging_mixin.py:188} INFO - [2024-05-20T02:54:44.161+0000] {dagbag.py:545} INFO - Filling up the DagBag from /home/airflow/.local/lib/python3.12/site-packages/airflow/example_dags/example_short_circuit_operator.py
[2024-05-20T02:54:44.165+0000] {processor.py:840} INFO - DAG(s) 'example_short_circuit_operator' retrieved from /home/airflow/.local/lib/python3.12/site-packages/airflow/example_dags/example_short_circuit_operator.py
[2024-05-20T02:54:44.176+0000] {logging_mixin.py:188} INFO - [2024-05-20T02:54:44.176+0000] {dag.py:3096} INFO - Sync 1 DAGs
[2024-05-20T02:54:44.187+0000] {logging_mixin.py:188} INFO - [2024-05-20T02:54:44.187+0000] {dag.py:3954} INFO - Setting next_dagrun for example_short_circuit_operator to 2024-05-19 00:00:00+00:00, run_after=2024-05-20 00:00:00+00:00
[2024-05-20T02:54:44.197+0000] {processor.py:183} INFO - Processing /home/airflow/.local/lib/python3.12/site-packages/airflow/example_dags/example_short_circuit_operator.py took 0.041 seconds
[2024-05-20T02:55:14.941+0000] {processor.py:161} INFO - Started process (PID=462) to work on /home/airflow/.local/lib/python3.12/site-packages/airflow/example_dags/example_short_circuit_operator.py
[2024-05-20T02:55:14.941+0000] {processor.py:830} INFO - Processing file /home/airflow/.local/lib/python3.12/site-packages/airflow/example_dags/example_short_circuit_operator.py for tasks to queue
[2024-05-20T02:55:14.942+0000] {logging_mixin.py:188} INFO - [2024-05-20T02:55:14.942+0000] {dagbag.py:545} INFO - Filling up the DagBag from /home/airflow/.local/lib/python3.12/site-packages/airflow/example_dags/example_short_circuit_operator.py
[2024-05-20T02:55:14.946+0000] {processor.py:840} INFO - DAG(s) 'example_short_circuit_operator' retrieved from /home/airflow/.local/lib/python3.12/site-packages/airflow/example_dags/example_short_circuit_operator.py
[2024-05-20T02:55:14.957+0000] {logging_mixin.py:188} INFO - [2024-05-20T02:55:14.957+0000] {dag.py:3096} INFO - Sync 1 DAGs
[2024-05-20T02:55:14.966+0000] {logging_mixin.py:188} INFO - [2024-05-20T02:55:14.966+0000] {dag.py:3954} INFO - Setting next_dagrun for example_short_circuit_operator to 2024-05-19 00:00:00+00:00, run_after=2024-05-20 00:00:00+00:00
[2024-05-20T02:55:14.975+0000] {processor.py:183} INFO - Processing /home/airflow/.local/lib/python3.12/site-packages/airflow/example_dags/example_short_circuit_operator.py took 0.037 seconds
[2024-05-20T02:55:45.706+0000] {processor.py:161} INFO - Started process (PID=520) to work on /home/airflow/.local/lib/python3.12/site-packages/airflow/example_dags/example_short_circuit_operator.py
[2024-05-20T02:55:45.707+0000] {processor.py:830} INFO - Processing file /home/airflow/.local/lib/python3.12/site-packages/airflow/example_dags/example_short_circuit_operator.py for tasks to queue
[2024-05-20T02:55:45.708+0000] {logging_mixin.py:188} INFO - [2024-05-20T02:55:45.708+0000] {dagbag.py:545} INFO - Filling up the DagBag from /home/airflow/.local/lib/python3.12/site-packages/airflow/example_dags/example_short_circuit_operator.py
[2024-05-20T02:55:45.712+0000] {processor.py:840} INFO - DAG(s) 'example_short_circuit_operator' retrieved from /home/airflow/.local/lib/python3.12/site-packages/airflow/example_dags/example_short_circuit_operator.py
[2024-05-20T02:55:45.723+0000] {logging_mixin.py:188} INFO - [2024-05-20T02:55:45.723+0000] {dag.py:3096} INFO - Sync 1 DAGs
[2024-05-20T02:55:45.732+0000] {logging_mixin.py:188} INFO - [2024-05-20T02:55:45.732+0000] {dag.py:3954} INFO - Setting next_dagrun for example_short_circuit_operator to 2024-05-19 00:00:00+00:00, run_after=2024-05-20 00:00:00+00:00
[2024-05-20T02:55:45.742+0000] {processor.py:183} INFO - Processing /home/airflow/.local/lib/python3.12/site-packages/airflow/example_dags/example_short_circuit_operator.py took 0.039 seconds
[2024-05-20T02:56:15.946+0000] {processor.py:161} INFO - Started process (PID=578) to work on /home/airflow/.local/lib/python3.12/site-packages/airflow/example_dags/example_short_circuit_operator.py
[2024-05-20T02:56:15.947+0000] {processor.py:830} INFO - Processing file /home/airflow/.local/lib/python3.12/site-packages/airflow/example_dags/example_short_circuit_operator.py for tasks to queue
[2024-05-20T02:56:15.948+0000] {logging_mixin.py:188} INFO - [2024-05-20T02:56:15.948+0000] {dagbag.py:545} INFO - Filling up the DagBag from /home/airflow/.local/lib/python3.12/site-packages/airflow/example_dags/example_short_circuit_operator.py
[2024-05-20T02:56:15.952+0000] {processor.py:840} INFO - DAG(s) 'example_short_circuit_operator' retrieved from /home/airflow/.local/lib/python3.12/site-packages/airflow/example_dags/example_short_circuit_operator.py
[2024-05-20T02:56:15.965+0000] {logging_mixin.py:188} INFO - [2024-05-20T02:56:15.965+0000] {dag.py:3096} INFO - Sync 1 DAGs
[2024-05-20T02:56:15.978+0000] {logging_mixin.py:188} INFO - [2024-05-20T02:56:15.978+0000] {dag.py:3954} INFO - Setting next_dagrun for example_short_circuit_operator to 2024-05-19 00:00:00+00:00, run_after=2024-05-20 00:00:00+00:00
[2024-05-20T02:56:15.991+0000] {processor.py:183} INFO - Processing /home/airflow/.local/lib/python3.12/site-packages/airflow/example_dags/example_short_circuit_operator.py took 0.048 seconds
[2024-05-20T02:56:46.091+0000] {processor.py:161} INFO - Started process (PID=636) to work on /home/airflow/.local/lib/python3.12/site-packages/airflow/example_dags/example_short_circuit_operator.py
[2024-05-20T02:56:46.092+0000] {processor.py:830} INFO - Processing file /home/airflow/.local/lib/python3.12/site-packages/airflow/example_dags/example_short_circuit_operator.py for tasks to queue
[2024-05-20T02:56:46.093+0000] {logging_mixin.py:188} INFO - [2024-05-20T02:56:46.093+0000] {dagbag.py:545} INFO - Filling up the DagBag from /home/airflow/.local/lib/python3.12/site-packages/airflow/example_dags/example_short_circuit_operator.py
[2024-05-20T02:56:46.097+0000] {processor.py:840} INFO - DAG(s) 'example_short_circuit_operator' retrieved from /home/airflow/.local/lib/python3.12/site-packages/airflow/example_dags/example_short_circuit_operator.py
[2024-05-20T02:56:46.107+0000] {logging_mixin.py:188} INFO - [2024-05-20T02:56:46.107+0000] {dag.py:3096} INFO - Sync 1 DAGs
[2024-05-20T02:56:46.116+0000] {logging_mixin.py:188} INFO - [2024-05-20T02:56:46.116+0000] {dag.py:3954} INFO - Setting next_dagrun for example_short_circuit_operator to 2024-05-19 00:00:00+00:00, run_after=2024-05-20 00:00:00+00:00
[2024-05-20T02:56:46.125+0000] {processor.py:183} INFO - Processing /home/airflow/.local/lib/python3.12/site-packages/airflow/example_dags/example_short_circuit_operator.py took 0.037 seconds
[2024-05-20T02:57:16.872+0000] {processor.py:161} INFO - Started process (PID=694) to work on /home/airflow/.local/lib/python3.12/site-packages/airflow/example_dags/example_short_circuit_operator.py
[2024-05-20T02:57:16.872+0000] {processor.py:830} INFO - Processing file /home/airflow/.local/lib/python3.12/site-packages/airflow/example_dags/example_short_circuit_operator.py for tasks to queue
[2024-05-20T02:57:16.873+0000] {logging_mixin.py:188} INFO - [2024-05-20T02:57:16.873+0000] {dagbag.py:545} INFO - Filling up the DagBag from /home/airflow/.local/lib/python3.12/site-packages/airflow/example_dags/example_short_circuit_operator.py
[2024-05-20T02:57:16.877+0000] {processor.py:840} INFO - DAG(s) 'example_short_circuit_operator' retrieved from /home/airflow/.local/lib/python3.12/site-packages/airflow/example_dags/example_short_circuit_operator.py
[2024-05-20T02:57:16.889+0000] {logging_mixin.py:188} INFO - [2024-05-20T02:57:16.889+0000] {dag.py:3096} INFO - Sync 1 DAGs
[2024-05-20T02:57:16.899+0000] {logging_mixin.py:188} INFO - [2024-05-20T02:57:16.899+0000] {dag.py:3954} INFO - Setting next_dagrun for example_short_circuit_operator to 2024-05-19 00:00:00+00:00, run_after=2024-05-20 00:00:00+00:00
[2024-05-20T02:57:16.908+0000] {processor.py:183} INFO - Processing /home/airflow/.local/lib/python3.12/site-packages/airflow/example_dags/example_short_circuit_operator.py took 0.039 seconds
[2024-05-20T02:57:47.840+0000] {processor.py:161} INFO - Started process (PID=752) to work on /home/airflow/.local/lib/python3.12/site-packages/airflow/example_dags/example_short_circuit_operator.py
[2024-05-20T02:57:47.840+0000] {processor.py:830} INFO - Processing file /home/airflow/.local/lib/python3.12/site-packages/airflow/example_dags/example_short_circuit_operator.py for tasks to queue
[2024-05-20T02:57:47.842+0000] {logging_mixin.py:188} INFO - [2024-05-20T02:57:47.841+0000] {dagbag.py:545} INFO - Filling up the DagBag from /home/airflow/.local/lib/python3.12/site-packages/airflow/example_dags/example_short_circuit_operator.py
[2024-05-20T02:57:47.846+0000] {processor.py:840} INFO - DAG(s) 'example_short_circuit_operator' retrieved from /home/airflow/.local/lib/python3.12/site-packages/airflow/example_dags/example_short_circuit_operator.py
[2024-05-20T02:57:47.857+0000] {logging_mixin.py:188} INFO - [2024-05-20T02:57:47.857+0000] {dag.py:3096} INFO - Sync 1 DAGs
[2024-05-20T02:57:47.867+0000] {logging_mixin.py:188} INFO - [2024-05-20T02:57:47.867+0000] {dag.py:3954} INFO - Setting next_dagrun for example_short_circuit_operator to 2024-05-19 00:00:00+00:00, run_after=2024-05-20 00:00:00+00:00
[2024-05-20T02:57:47.876+0000] {processor.py:183} INFO - Processing /home/airflow/.local/lib/python3.12/site-packages/airflow/example_dags/example_short_circuit_operator.py took 0.040 seconds
[2024-05-20T02:58:18.805+0000] {processor.py:161} INFO - Started process (PID=810) to work on /home/airflow/.local/lib/python3.12/site-packages/airflow/example_dags/example_short_circuit_operator.py
[2024-05-20T02:58:18.806+0000] {processor.py:830} INFO - Processing file /home/airflow/.local/lib/python3.12/site-packages/airflow/example_dags/example_short_circuit_operator.py for tasks to queue
[2024-05-20T02:58:18.807+0000] {logging_mixin.py:188} INFO - [2024-05-20T02:58:18.807+0000] {dagbag.py:545} INFO - Filling up the DagBag from /home/airflow/.local/lib/python3.12/site-packages/airflow/example_dags/example_short_circuit_operator.py
[2024-05-20T02:58:18.811+0000] {processor.py:840} INFO - DAG(s) 'example_short_circuit_operator' retrieved from /home/airflow/.local/lib/python3.12/site-packages/airflow/example_dags/example_short_circuit_operator.py
[2024-05-20T02:58:18.823+0000] {logging_mixin.py:188} INFO - [2024-05-20T02:58:18.823+0000] {dag.py:3096} INFO - Sync 1 DAGs
[2024-05-20T02:58:18.833+0000] {logging_mixin.py:188} INFO - [2024-05-20T02:58:18.833+0000] {dag.py:3954} INFO - Setting next_dagrun for example_short_circuit_operator to 2024-05-19 00:00:00+00:00, run_after=2024-05-20 00:00:00+00:00
[2024-05-20T02:58:18.843+0000] {processor.py:183} INFO - Processing /home/airflow/.local/lib/python3.12/site-packages/airflow/example_dags/example_short_circuit_operator.py took 0.041 seconds
[2024-05-20T02:58:49.554+0000] {processor.py:161} INFO - Started process (PID=868) to work on /home/airflow/.local/lib/python3.12/site-packages/airflow/example_dags/example_short_circuit_operator.py
[2024-05-20T02:58:49.555+0000] {processor.py:830} INFO - Processing file /home/airflow/.local/lib/python3.12/site-packages/airflow/example_dags/example_short_circuit_operator.py for tasks to queue
[2024-05-20T02:58:49.556+0000] {logging_mixin.py:188} INFO - [2024-05-20T02:58:49.556+0000] {dagbag.py:545} INFO - Filling up the DagBag from /home/airflow/.local/lib/python3.12/site-packages/airflow/example_dags/example_short_circuit_operator.py
[2024-05-20T02:58:49.561+0000] {processor.py:840} INFO - DAG(s) 'example_short_circuit_operator' retrieved from /home/airflow/.local/lib/python3.12/site-packages/airflow/example_dags/example_short_circuit_operator.py
[2024-05-20T02:58:49.574+0000] {logging_mixin.py:188} INFO - [2024-05-20T02:58:49.574+0000] {dag.py:3096} INFO - Sync 1 DAGs
[2024-05-20T02:58:49.586+0000] {logging_mixin.py:188} INFO - [2024-05-20T02:58:49.586+0000] {dag.py:3954} INFO - Setting next_dagrun for example_short_circuit_operator to 2024-05-19 00:00:00+00:00, run_after=2024-05-20 00:00:00+00:00
[2024-05-20T02:58:49.598+0000] {processor.py:183} INFO - Processing /home/airflow/.local/lib/python3.12/site-packages/airflow/example_dags/example_short_circuit_operator.py took 0.050 seconds
[2024-05-20T02:59:20.313+0000] {processor.py:161} INFO - Started process (PID=926) to work on /home/airflow/.local/lib/python3.12/site-packages/airflow/example_dags/example_short_circuit_operator.py
[2024-05-20T02:59:20.313+0000] {processor.py:830} INFO - Processing file /home/airflow/.local/lib/python3.12/site-packages/airflow/example_dags/example_short_circuit_operator.py for tasks to queue
[2024-05-20T02:59:20.314+0000] {logging_mixin.py:188} INFO - [2024-05-20T02:59:20.314+0000] {dagbag.py:545} INFO - Filling up the DagBag from /home/airflow/.local/lib/python3.12/site-packages/airflow/example_dags/example_short_circuit_operator.py
[2024-05-20T02:59:20.319+0000] {processor.py:840} INFO - DAG(s) 'example_short_circuit_operator' retrieved from /home/airflow/.local/lib/python3.12/site-packages/airflow/example_dags/example_short_circuit_operator.py
[2024-05-20T02:59:20.330+0000] {logging_mixin.py:188} INFO - [2024-05-20T02:59:20.330+0000] {dag.py:3096} INFO - Sync 1 DAGs
[2024-05-20T02:59:20.340+0000] {logging_mixin.py:188} INFO - [2024-05-20T02:59:20.340+0000] {dag.py:3954} INFO - Setting next_dagrun for example_short_circuit_operator to 2024-05-19 00:00:00+00:00, run_after=2024-05-20 00:00:00+00:00
[2024-05-20T02:59:20.349+0000] {processor.py:183} INFO - Processing /home/airflow/.local/lib/python3.12/site-packages/airflow/example_dags/example_short_circuit_operator.py took 0.039 seconds
[2024-05-20T02:59:51.201+0000] {processor.py:161} INFO - Started process (PID=984) to work on /home/airflow/.local/lib/python3.12/site-packages/airflow/example_dags/example_short_circuit_operator.py
[2024-05-20T02:59:51.201+0000] {processor.py:830} INFO - Processing file /home/airflow/.local/lib/python3.12/site-packages/airflow/example_dags/example_short_circuit_operator.py for tasks to queue
[2024-05-20T02:59:51.202+0000] {logging_mixin.py:188} INFO - [2024-05-20T02:59:51.202+0000] {dagbag.py:545} INFO - Filling up the DagBag from /home/airflow/.local/lib/python3.12/site-packages/airflow/example_dags/example_short_circuit_operator.py
[2024-05-20T02:59:51.206+0000] {processor.py:840} INFO - DAG(s) 'example_short_circuit_operator' retrieved from /home/airflow/.local/lib/python3.12/site-packages/airflow/example_dags/example_short_circuit_operator.py
[2024-05-20T02:59:51.218+0000] {logging_mixin.py:188} INFO - [2024-05-20T02:59:51.218+0000] {dag.py:3096} INFO - Sync 1 DAGs
[2024-05-20T02:59:51.228+0000] {logging_mixin.py:188} INFO - [2024-05-20T02:59:51.228+0000] {dag.py:3954} INFO - Setting next_dagrun for example_short_circuit_operator to 2024-05-19 00:00:00+00:00, run_after=2024-05-20 00:00:00+00:00
[2024-05-20T02:59:51.237+0000] {processor.py:183} INFO - Processing /home/airflow/.local/lib/python3.12/site-packages/airflow/example_dags/example_short_circuit_operator.py took 0.039 seconds
[2024-05-20T03:00:21.985+0000] {processor.py:161} INFO - Started process (PID=1042) to work on /home/airflow/.local/lib/python3.12/site-packages/airflow/example_dags/example_short_circuit_operator.py
[2024-05-20T03:00:21.985+0000] {processor.py:830} INFO - Processing file /home/airflow/.local/lib/python3.12/site-packages/airflow/example_dags/example_short_circuit_operator.py for tasks to queue
[2024-05-20T03:00:21.987+0000] {logging_mixin.py:188} INFO - [2024-05-20T03:00:21.986+0000] {dagbag.py:545} INFO - Filling up the DagBag from /home/airflow/.local/lib/python3.12/site-packages/airflow/example_dags/example_short_circuit_operator.py
[2024-05-20T03:00:21.991+0000] {processor.py:840} INFO - DAG(s) 'example_short_circuit_operator' retrieved from /home/airflow/.local/lib/python3.12/site-packages/airflow/example_dags/example_short_circuit_operator.py
[2024-05-20T03:00:22.004+0000] {logging_mixin.py:188} INFO - [2024-05-20T03:00:22.004+0000] {dag.py:3096} INFO - Sync 1 DAGs
[2024-05-20T03:00:22.015+0000] {logging_mixin.py:188} INFO - [2024-05-20T03:00:22.015+0000] {dag.py:3954} INFO - Setting next_dagrun for example_short_circuit_operator to 2024-05-19 00:00:00+00:00, run_after=2024-05-20 00:00:00+00:00
[2024-05-20T03:00:22.025+0000] {processor.py:183} INFO - Processing /home/airflow/.local/lib/python3.12/site-packages/airflow/example_dags/example_short_circuit_operator.py took 0.044 seconds
[2024-05-20T03:00:52.668+0000] {processor.py:161} INFO - Started process (PID=1100) to work on /home/airflow/.local/lib/python3.12/site-packages/airflow/example_dags/example_short_circuit_operator.py
[2024-05-20T03:00:52.669+0000] {processor.py:830} INFO - Processing file /home/airflow/.local/lib/python3.12/site-packages/airflow/example_dags/example_short_circuit_operator.py for tasks to queue
[2024-05-20T03:00:52.670+0000] {logging_mixin.py:188} INFO - [2024-05-20T03:00:52.670+0000] {dagbag.py:545} INFO - Filling up the DagBag from /home/airflow/.local/lib/python3.12/site-packages/airflow/example_dags/example_short_circuit_operator.py
[2024-05-20T03:00:52.674+0000] {processor.py:840} INFO - DAG(s) 'example_short_circuit_operator' retrieved from /home/airflow/.local/lib/python3.12/site-packages/airflow/example_dags/example_short_circuit_operator.py
[2024-05-20T03:00:52.688+0000] {logging_mixin.py:188} INFO - [2024-05-20T03:00:52.687+0000] {dag.py:3096} INFO - Sync 1 DAGs
[2024-05-20T03:00:52.699+0000] {logging_mixin.py:188} INFO - [2024-05-20T03:00:52.699+0000] {dag.py:3954} INFO - Setting next_dagrun for example_short_circuit_operator to 2024-05-19 00:00:00+00:00, run_after=2024-05-20 00:00:00+00:00
[2024-05-20T03:00:52.709+0000] {processor.py:183} INFO - Processing /home/airflow/.local/lib/python3.12/site-packages/airflow/example_dags/example_short_circuit_operator.py took 0.044 seconds
[2024-05-20T03:01:22.852+0000] {processor.py:161} INFO - Started process (PID=1158) to work on /home/airflow/.local/lib/python3.12/site-packages/airflow/example_dags/example_short_circuit_operator.py
[2024-05-20T03:01:22.852+0000] {processor.py:830} INFO - Processing file /home/airflow/.local/lib/python3.12/site-packages/airflow/example_dags/example_short_circuit_operator.py for tasks to queue
[2024-05-20T03:01:22.854+0000] {logging_mixin.py:188} INFO - [2024-05-20T03:01:22.853+0000] {dagbag.py:545} INFO - Filling up the DagBag from /home/airflow/.local/lib/python3.12/site-packages/airflow/example_dags/example_short_circuit_operator.py
[2024-05-20T03:01:22.857+0000] {processor.py:840} INFO - DAG(s) 'example_short_circuit_operator' retrieved from /home/airflow/.local/lib/python3.12/site-packages/airflow/example_dags/example_short_circuit_operator.py
[2024-05-20T03:01:22.868+0000] {logging_mixin.py:188} INFO - [2024-05-20T03:01:22.868+0000] {dag.py:3096} INFO - Sync 1 DAGs
[2024-05-20T03:01:22.878+0000] {logging_mixin.py:188} INFO - [2024-05-20T03:01:22.878+0000] {dag.py:3954} INFO - Setting next_dagrun for example_short_circuit_operator to 2024-05-19 00:00:00+00:00, run_after=2024-05-20 00:00:00+00:00
[2024-05-20T03:01:22.888+0000] {processor.py:183} INFO - Processing /home/airflow/.local/lib/python3.12/site-packages/airflow/example_dags/example_short_circuit_operator.py took 0.039 seconds
[2024-05-20T03:01:53.569+0000] {processor.py:161} INFO - Started process (PID=1216) to work on /home/airflow/.local/lib/python3.12/site-packages/airflow/example_dags/example_short_circuit_operator.py
[2024-05-20T03:01:53.569+0000] {processor.py:830} INFO - Processing file /home/airflow/.local/lib/python3.12/site-packages/airflow/example_dags/example_short_circuit_operator.py for tasks to queue
[2024-05-20T03:01:53.570+0000] {logging_mixin.py:188} INFO - [2024-05-20T03:01:53.570+0000] {dagbag.py:545} INFO - Filling up the DagBag from /home/airflow/.local/lib/python3.12/site-packages/airflow/example_dags/example_short_circuit_operator.py
[2024-05-20T03:01:53.574+0000] {processor.py:840} INFO - DAG(s) 'example_short_circuit_operator' retrieved from /home/airflow/.local/lib/python3.12/site-packages/airflow/example_dags/example_short_circuit_operator.py
[2024-05-20T03:01:53.586+0000] {logging_mixin.py:188} INFO - [2024-05-20T03:01:53.585+0000] {dag.py:3096} INFO - Sync 1 DAGs
[2024-05-20T03:01:53.596+0000] {logging_mixin.py:188} INFO - [2024-05-20T03:01:53.596+0000] {dag.py:3954} INFO - Setting next_dagrun for example_short_circuit_operator to 2024-05-19 00:00:00+00:00, run_after=2024-05-20 00:00:00+00:00
[2024-05-20T03:01:53.604+0000] {processor.py:183} INFO - Processing /home/airflow/.local/lib/python3.12/site-packages/airflow/example_dags/example_short_circuit_operator.py took 0.038 seconds
[2024-05-20T03:02:24.423+0000] {processor.py:161} INFO - Started process (PID=1274) to work on /home/airflow/.local/lib/python3.12/site-packages/airflow/example_dags/example_short_circuit_operator.py
[2024-05-20T03:02:24.423+0000] {processor.py:830} INFO - Processing file /home/airflow/.local/lib/python3.12/site-packages/airflow/example_dags/example_short_circuit_operator.py for tasks to queue
[2024-05-20T03:02:24.425+0000] {logging_mixin.py:188} INFO - [2024-05-20T03:02:24.425+0000] {dagbag.py:545} INFO - Filling up the DagBag from /home/airflow/.local/lib/python3.12/site-packages/airflow/example_dags/example_short_circuit_operator.py
[2024-05-20T03:02:24.429+0000] {processor.py:840} INFO - DAG(s) 'example_short_circuit_operator' retrieved from /home/airflow/.local/lib/python3.12/site-packages/airflow/example_dags/example_short_circuit_operator.py
[2024-05-20T03:02:24.442+0000] {logging_mixin.py:188} INFO - [2024-05-20T03:02:24.442+0000] {dag.py:3096} INFO - Sync 1 DAGs
[2024-05-20T03:02:24.452+0000] {logging_mixin.py:188} INFO - [2024-05-20T03:02:24.452+0000] {dag.py:3954} INFO - Setting next_dagrun for example_short_circuit_operator to 2024-05-19 00:00:00+00:00, run_after=2024-05-20 00:00:00+00:00
[2024-05-20T03:02:24.462+0000] {processor.py:183} INFO - Processing /home/airflow/.local/lib/python3.12/site-packages/airflow/example_dags/example_short_circuit_operator.py took 0.043 seconds
[2024-05-20T03:02:54.523+0000] {processor.py:161} INFO - Started process (PID=1332) to work on /home/airflow/.local/lib/python3.12/site-packages/airflow/example_dags/example_short_circuit_operator.py
[2024-05-20T03:02:54.523+0000] {processor.py:830} INFO - Processing file /home/airflow/.local/lib/python3.12/site-packages/airflow/example_dags/example_short_circuit_operator.py for tasks to queue
[2024-05-20T03:02:54.524+0000] {logging_mixin.py:188} INFO - [2024-05-20T03:02:54.524+0000] {dagbag.py:545} INFO - Filling up the DagBag from /home/airflow/.local/lib/python3.12/site-packages/airflow/example_dags/example_short_circuit_operator.py
[2024-05-20T03:02:54.528+0000] {processor.py:840} INFO - DAG(s) 'example_short_circuit_operator' retrieved from /home/airflow/.local/lib/python3.12/site-packages/airflow/example_dags/example_short_circuit_operator.py
[2024-05-20T03:02:54.539+0000] {logging_mixin.py:188} INFO - [2024-05-20T03:02:54.539+0000] {dag.py:3096} INFO - Sync 1 DAGs
[2024-05-20T03:02:54.548+0000] {logging_mixin.py:188} INFO - [2024-05-20T03:02:54.548+0000] {dag.py:3954} INFO - Setting next_dagrun for example_short_circuit_operator to 2024-05-19 00:00:00+00:00, run_after=2024-05-20 00:00:00+00:00
[2024-05-20T03:02:54.556+0000] {processor.py:183} INFO - Processing /home/airflow/.local/lib/python3.12/site-packages/airflow/example_dags/example_short_circuit_operator.py took 0.036 seconds
[2024-05-20T03:03:24.630+0000] {processor.py:161} INFO - Started process (PID=1390) to work on /home/airflow/.local/lib/python3.12/site-packages/airflow/example_dags/example_short_circuit_operator.py
[2024-05-20T03:03:24.631+0000] {processor.py:830} INFO - Processing file /home/airflow/.local/lib/python3.12/site-packages/airflow/example_dags/example_short_circuit_operator.py for tasks to queue
[2024-05-20T03:03:24.632+0000] {logging_mixin.py:188} INFO - [2024-05-20T03:03:24.632+0000] {dagbag.py:545} INFO - Filling up the DagBag from /home/airflow/.local/lib/python3.12/site-packages/airflow/example_dags/example_short_circuit_operator.py
[2024-05-20T03:03:24.636+0000] {processor.py:840} INFO - DAG(s) 'example_short_circuit_operator' retrieved from /home/airflow/.local/lib/python3.12/site-packages/airflow/example_dags/example_short_circuit_operator.py
[2024-05-20T03:03:24.647+0000] {logging_mixin.py:188} INFO - [2024-05-20T03:03:24.647+0000] {dag.py:3096} INFO - Sync 1 DAGs
[2024-05-20T03:03:24.657+0000] {logging_mixin.py:188} INFO - [2024-05-20T03:03:24.657+0000] {dag.py:3954} INFO - Setting next_dagrun for example_short_circuit_operator to 2024-05-19 00:00:00+00:00, run_after=2024-05-20 00:00:00+00:00
[2024-05-20T03:03:24.666+0000] {processor.py:183} INFO - Processing /home/airflow/.local/lib/python3.12/site-packages/airflow/example_dags/example_short_circuit_operator.py took 0.039 seconds
[2024-05-20T03:04:13.527+0000] {processor.py:161} INFO - Started process (PID=55) to work on /home/airflow/.local/lib/python3.12/site-packages/airflow/example_dags/example_short_circuit_operator.py
[2024-05-20T03:04:13.527+0000] {processor.py:830} INFO - Processing file /home/airflow/.local/lib/python3.12/site-packages/airflow/example_dags/example_short_circuit_operator.py for tasks to queue
[2024-05-20T03:04:13.529+0000] {logging_mixin.py:188} INFO - [2024-05-20T03:04:13.528+0000] {dagbag.py:545} INFO - Filling up the DagBag from /home/airflow/.local/lib/python3.12/site-packages/airflow/example_dags/example_short_circuit_operator.py
[2024-05-20T03:04:13.534+0000] {processor.py:840} INFO - DAG(s) 'example_short_circuit_operator' retrieved from /home/airflow/.local/lib/python3.12/site-packages/airflow/example_dags/example_short_circuit_operator.py
[2024-05-20T03:04:13.546+0000] {logging_mixin.py:188} INFO - [2024-05-20T03:04:13.546+0000] {dag.py:3096} INFO - Sync 1 DAGs
[2024-05-20T03:04:13.562+0000] {logging_mixin.py:188} INFO - [2024-05-20T03:04:13.562+0000] {dag.py:3954} INFO - Setting next_dagrun for example_short_circuit_operator to 2024-05-19 00:00:00+00:00, run_after=2024-05-20 00:00:00+00:00
[2024-05-20T03:04:13.574+0000] {processor.py:183} INFO - Processing /home/airflow/.local/lib/python3.12/site-packages/airflow/example_dags/example_short_circuit_operator.py took 0.051 seconds
[2024-05-20T03:04:44.217+0000] {processor.py:161} INFO - Started process (PID=113) to work on /home/airflow/.local/lib/python3.12/site-packages/airflow/example_dags/example_short_circuit_operator.py
[2024-05-20T03:04:44.217+0000] {processor.py:830} INFO - Processing file /home/airflow/.local/lib/python3.12/site-packages/airflow/example_dags/example_short_circuit_operator.py for tasks to queue
[2024-05-20T03:04:44.219+0000] {logging_mixin.py:188} INFO - [2024-05-20T03:04:44.218+0000] {dagbag.py:545} INFO - Filling up the DagBag from /home/airflow/.local/lib/python3.12/site-packages/airflow/example_dags/example_short_circuit_operator.py
[2024-05-20T03:04:44.223+0000] {processor.py:840} INFO - DAG(s) 'example_short_circuit_operator' retrieved from /home/airflow/.local/lib/python3.12/site-packages/airflow/example_dags/example_short_circuit_operator.py
[2024-05-20T03:04:44.292+0000] {logging_mixin.py:188} INFO - [2024-05-20T03:04:44.292+0000] {dag.py:3096} INFO - Sync 1 DAGs
[2024-05-20T03:04:44.305+0000] {logging_mixin.py:188} INFO - [2024-05-20T03:04:44.305+0000] {dag.py:3954} INFO - Setting next_dagrun for example_short_circuit_operator to 2024-05-19 00:00:00+00:00, run_after=2024-05-20 00:00:00+00:00
[2024-05-20T03:04:44.319+0000] {processor.py:183} INFO - Processing /home/airflow/.local/lib/python3.12/site-packages/airflow/example_dags/example_short_circuit_operator.py took 0.106 seconds
[2024-05-20T03:05:15.210+0000] {processor.py:161} INFO - Started process (PID=170) to work on /home/airflow/.local/lib/python3.12/site-packages/airflow/example_dags/example_short_circuit_operator.py
[2024-05-20T03:05:15.211+0000] {processor.py:830} INFO - Processing file /home/airflow/.local/lib/python3.12/site-packages/airflow/example_dags/example_short_circuit_operator.py for tasks to queue
[2024-05-20T03:05:15.212+0000] {logging_mixin.py:188} INFO - [2024-05-20T03:05:15.212+0000] {dagbag.py:545} INFO - Filling up the DagBag from /home/airflow/.local/lib/python3.12/site-packages/airflow/example_dags/example_short_circuit_operator.py
[2024-05-20T03:05:15.216+0000] {processor.py:840} INFO - DAG(s) 'example_short_circuit_operator' retrieved from /home/airflow/.local/lib/python3.12/site-packages/airflow/example_dags/example_short_circuit_operator.py
[2024-05-20T03:05:15.227+0000] {logging_mixin.py:188} INFO - [2024-05-20T03:05:15.227+0000] {dag.py:3096} INFO - Sync 1 DAGs
[2024-05-20T03:05:15.238+0000] {logging_mixin.py:188} INFO - [2024-05-20T03:05:15.238+0000] {dag.py:3954} INFO - Setting next_dagrun for example_short_circuit_operator to 2024-05-19 00:00:00+00:00, run_after=2024-05-20 00:00:00+00:00
[2024-05-20T03:05:15.247+0000] {processor.py:183} INFO - Processing /home/airflow/.local/lib/python3.12/site-packages/airflow/example_dags/example_short_circuit_operator.py took 0.040 seconds
[2024-05-20T03:05:45.879+0000] {processor.py:161} INFO - Started process (PID=228) to work on /home/airflow/.local/lib/python3.12/site-packages/airflow/example_dags/example_short_circuit_operator.py
[2024-05-20T03:05:45.880+0000] {processor.py:830} INFO - Processing file /home/airflow/.local/lib/python3.12/site-packages/airflow/example_dags/example_short_circuit_operator.py for tasks to queue
[2024-05-20T03:05:45.881+0000] {logging_mixin.py:188} INFO - [2024-05-20T03:05:45.881+0000] {dagbag.py:545} INFO - Filling up the DagBag from /home/airflow/.local/lib/python3.12/site-packages/airflow/example_dags/example_short_circuit_operator.py
[2024-05-20T03:05:45.886+0000] {processor.py:840} INFO - DAG(s) 'example_short_circuit_operator' retrieved from /home/airflow/.local/lib/python3.12/site-packages/airflow/example_dags/example_short_circuit_operator.py
[2024-05-20T03:05:45.899+0000] {logging_mixin.py:188} INFO - [2024-05-20T03:05:45.899+0000] {dag.py:3096} INFO - Sync 1 DAGs
[2024-05-20T03:05:45.911+0000] {logging_mixin.py:188} INFO - [2024-05-20T03:05:45.910+0000] {dag.py:3954} INFO - Setting next_dagrun for example_short_circuit_operator to 2024-05-19 00:00:00+00:00, run_after=2024-05-20 00:00:00+00:00
[2024-05-20T03:05:45.921+0000] {processor.py:183} INFO - Processing /home/airflow/.local/lib/python3.12/site-packages/airflow/example_dags/example_short_circuit_operator.py took 0.045 seconds
[2024-05-20T03:06:16.557+0000] {processor.py:161} INFO - Started process (PID=285) to work on /home/airflow/.local/lib/python3.12/site-packages/airflow/example_dags/example_short_circuit_operator.py
[2024-05-20T03:06:16.557+0000] {processor.py:830} INFO - Processing file /home/airflow/.local/lib/python3.12/site-packages/airflow/example_dags/example_short_circuit_operator.py for tasks to queue
[2024-05-20T03:06:16.558+0000] {logging_mixin.py:188} INFO - [2024-05-20T03:06:16.558+0000] {dagbag.py:545} INFO - Filling up the DagBag from /home/airflow/.local/lib/python3.12/site-packages/airflow/example_dags/example_short_circuit_operator.py
[2024-05-20T03:06:16.562+0000] {processor.py:840} INFO - DAG(s) 'example_short_circuit_operator' retrieved from /home/airflow/.local/lib/python3.12/site-packages/airflow/example_dags/example_short_circuit_operator.py
[2024-05-20T03:06:16.573+0000] {logging_mixin.py:188} INFO - [2024-05-20T03:06:16.573+0000] {dag.py:3096} INFO - Sync 1 DAGs
[2024-05-20T03:06:16.583+0000] {logging_mixin.py:188} INFO - [2024-05-20T03:06:16.582+0000] {dag.py:3954} INFO - Setting next_dagrun for example_short_circuit_operator to 2024-05-19 00:00:00+00:00, run_after=2024-05-20 00:00:00+00:00
[2024-05-20T03:06:16.591+0000] {processor.py:183} INFO - Processing /home/airflow/.local/lib/python3.12/site-packages/airflow/example_dags/example_short_circuit_operator.py took 0.038 seconds
[2024-05-20T03:06:47.260+0000] {processor.py:161} INFO - Started process (PID=343) to work on /home/airflow/.local/lib/python3.12/site-packages/airflow/example_dags/example_short_circuit_operator.py
[2024-05-20T03:06:47.260+0000] {processor.py:830} INFO - Processing file /home/airflow/.local/lib/python3.12/site-packages/airflow/example_dags/example_short_circuit_operator.py for tasks to queue
[2024-05-20T03:06:47.261+0000] {logging_mixin.py:188} INFO - [2024-05-20T03:06:47.261+0000] {dagbag.py:545} INFO - Filling up the DagBag from /home/airflow/.local/lib/python3.12/site-packages/airflow/example_dags/example_short_circuit_operator.py
[2024-05-20T03:06:47.265+0000] {processor.py:840} INFO - DAG(s) 'example_short_circuit_operator' retrieved from /home/airflow/.local/lib/python3.12/site-packages/airflow/example_dags/example_short_circuit_operator.py
[2024-05-20T03:06:47.276+0000] {logging_mixin.py:188} INFO - [2024-05-20T03:06:47.276+0000] {dag.py:3096} INFO - Sync 1 DAGs
[2024-05-20T03:06:47.285+0000] {logging_mixin.py:188} INFO - [2024-05-20T03:06:47.285+0000] {dag.py:3954} INFO - Setting next_dagrun for example_short_circuit_operator to 2024-05-19 00:00:00+00:00, run_after=2024-05-20 00:00:00+00:00
[2024-05-20T03:06:47.293+0000] {processor.py:183} INFO - Processing /home/airflow/.local/lib/python3.12/site-packages/airflow/example_dags/example_short_circuit_operator.py took 0.037 seconds
[2024-05-20T03:07:18.055+0000] {processor.py:161} INFO - Started process (PID=401) to work on /home/airflow/.local/lib/python3.12/site-packages/airflow/example_dags/example_short_circuit_operator.py
[2024-05-20T03:07:18.055+0000] {processor.py:830} INFO - Processing file /home/airflow/.local/lib/python3.12/site-packages/airflow/example_dags/example_short_circuit_operator.py for tasks to queue
[2024-05-20T03:07:18.056+0000] {logging_mixin.py:188} INFO - [2024-05-20T03:07:18.056+0000] {dagbag.py:545} INFO - Filling up the DagBag from /home/airflow/.local/lib/python3.12/site-packages/airflow/example_dags/example_short_circuit_operator.py
[2024-05-20T03:07:18.060+0000] {processor.py:840} INFO - DAG(s) 'example_short_circuit_operator' retrieved from /home/airflow/.local/lib/python3.12/site-packages/airflow/example_dags/example_short_circuit_operator.py
[2024-05-20T03:07:18.072+0000] {logging_mixin.py:188} INFO - [2024-05-20T03:07:18.071+0000] {dag.py:3096} INFO - Sync 1 DAGs
[2024-05-20T03:07:18.081+0000] {logging_mixin.py:188} INFO - [2024-05-20T03:07:18.081+0000] {dag.py:3954} INFO - Setting next_dagrun for example_short_circuit_operator to 2024-05-19 00:00:00+00:00, run_after=2024-05-20 00:00:00+00:00
[2024-05-20T03:07:18.091+0000] {processor.py:183} INFO - Processing /home/airflow/.local/lib/python3.12/site-packages/airflow/example_dags/example_short_circuit_operator.py took 0.040 seconds
[2024-05-20T03:07:59.157+0000] {processor.py:161} INFO - Started process (PID=56) to work on /home/airflow/.local/lib/python3.12/site-packages/airflow/example_dags/example_short_circuit_operator.py
[2024-05-20T03:07:59.157+0000] {processor.py:830} INFO - Processing file /home/airflow/.local/lib/python3.12/site-packages/airflow/example_dags/example_short_circuit_operator.py for tasks to queue
[2024-05-20T03:07:59.159+0000] {logging_mixin.py:188} INFO - [2024-05-20T03:07:59.159+0000] {dagbag.py:545} INFO - Filling up the DagBag from /home/airflow/.local/lib/python3.12/site-packages/airflow/example_dags/example_short_circuit_operator.py
[2024-05-20T03:07:59.166+0000] {processor.py:840} INFO - DAG(s) 'example_short_circuit_operator' retrieved from /home/airflow/.local/lib/python3.12/site-packages/airflow/example_dags/example_short_circuit_operator.py
[2024-05-20T03:07:59.183+0000] {logging_mixin.py:188} INFO - [2024-05-20T03:07:59.182+0000] {dag.py:3096} INFO - Sync 1 DAGs
[2024-05-20T03:07:59.197+0000] {logging_mixin.py:188} INFO - [2024-05-20T03:07:59.197+0000] {dag.py:3954} INFO - Setting next_dagrun for example_short_circuit_operator to 2024-05-19 00:00:00+00:00, run_after=2024-05-20 00:00:00+00:00
[2024-05-20T03:07:59.209+0000] {processor.py:183} INFO - Processing /home/airflow/.local/lib/python3.12/site-packages/airflow/example_dags/example_short_circuit_operator.py took 0.055 seconds
[2024-05-20T03:08:30.616+0000] {processor.py:161} INFO - Started process (PID=114) to work on /home/airflow/.local/lib/python3.12/site-packages/airflow/example_dags/example_short_circuit_operator.py
[2024-05-20T03:08:30.616+0000] {processor.py:830} INFO - Processing file /home/airflow/.local/lib/python3.12/site-packages/airflow/example_dags/example_short_circuit_operator.py for tasks to queue
[2024-05-20T03:08:30.617+0000] {logging_mixin.py:188} INFO - [2024-05-20T03:08:30.617+0000] {dagbag.py:545} INFO - Filling up the DagBag from /home/airflow/.local/lib/python3.12/site-packages/airflow/example_dags/example_short_circuit_operator.py
[2024-05-20T03:08:30.621+0000] {processor.py:840} INFO - DAG(s) 'example_short_circuit_operator' retrieved from /home/airflow/.local/lib/python3.12/site-packages/airflow/example_dags/example_short_circuit_operator.py
[2024-05-20T03:08:30.667+0000] {logging_mixin.py:188} INFO - [2024-05-20T03:08:30.667+0000] {dag.py:3096} INFO - Sync 1 DAGs
[2024-05-20T03:08:30.676+0000] {logging_mixin.py:188} INFO - [2024-05-20T03:08:30.675+0000] {dag.py:3954} INFO - Setting next_dagrun for example_short_circuit_operator to 2024-05-19 00:00:00+00:00, run_after=2024-05-20 00:00:00+00:00
[2024-05-20T03:08:30.685+0000] {processor.py:183} INFO - Processing /home/airflow/.local/lib/python3.12/site-packages/airflow/example_dags/example_short_circuit_operator.py took 0.072 seconds
[2024-05-20T03:09:01.675+0000] {processor.py:161} INFO - Started process (PID=172) to work on /home/airflow/.local/lib/python3.12/site-packages/airflow/example_dags/example_short_circuit_operator.py
[2024-05-20T03:09:01.677+0000] {processor.py:830} INFO - Processing file /home/airflow/.local/lib/python3.12/site-packages/airflow/example_dags/example_short_circuit_operator.py for tasks to queue
[2024-05-20T03:09:01.680+0000] {logging_mixin.py:188} INFO - [2024-05-20T03:09:01.679+0000] {dagbag.py:545} INFO - Filling up the DagBag from /home/airflow/.local/lib/python3.12/site-packages/airflow/example_dags/example_short_circuit_operator.py
[2024-05-20T03:09:01.689+0000] {processor.py:840} INFO - DAG(s) 'example_short_circuit_operator' retrieved from /home/airflow/.local/lib/python3.12/site-packages/airflow/example_dags/example_short_circuit_operator.py
[2024-05-20T03:09:01.709+0000] {logging_mixin.py:188} INFO - [2024-05-20T03:09:01.709+0000] {dag.py:3096} INFO - Sync 1 DAGs
[2024-05-20T03:09:01.721+0000] {logging_mixin.py:188} INFO - [2024-05-20T03:09:01.721+0000] {dag.py:3954} INFO - Setting next_dagrun for example_short_circuit_operator to 2024-05-19 00:00:00+00:00, run_after=2024-05-20 00:00:00+00:00
[2024-05-20T03:09:01.731+0000] {processor.py:183} INFO - Processing /home/airflow/.local/lib/python3.12/site-packages/airflow/example_dags/example_short_circuit_operator.py took 0.064 seconds
