[2024-05-20T02:51:40.805+0000] {processor.py:161} INFO - Started process (PID=47) to work on /home/airflow/.local/lib/python3.12/site-packages/airflow/example_dags/example_branch_day_of_week_operator.py
[2024-05-20T02:51:40.806+0000] {processor.py:830} INFO - Processing file /home/airflow/.local/lib/python3.12/site-packages/airflow/example_dags/example_branch_day_of_week_operator.py for tasks to queue
[2024-05-20T02:51:40.808+0000] {logging_mixin.py:188} INFO - [2024-05-20T02:51:40.808+0000] {dagbag.py:545} INFO - Filling up the DagBag from /home/airflow/.local/lib/python3.12/site-packages/airflow/example_dags/example_branch_day_of_week_operator.py
[2024-05-20T02:51:40.816+0000] {processor.py:840} INFO - DAG(s) 'example_weekday_branch_operator' retrieved from /home/airflow/.local/lib/python3.12/site-packages/airflow/example_dags/example_branch_day_of_week_operator.py
[2024-05-20T02:51:40.826+0000] {logging_mixin.py:188} INFO - [2024-05-20T02:51:40.826+0000] {dag.py:3096} INFO - Sync 1 DAGs
[2024-05-20T02:51:40.840+0000] {logging_mixin.py:188} INFO - [2024-05-20T02:51:40.840+0000] {dag.py:3954} INFO - Setting next_dagrun for example_weekday_branch_operator to 2024-05-19 00:00:00+00:00, run_after=2024-05-20 00:00:00+00:00
[2024-05-20T02:51:40.852+0000] {processor.py:183} INFO - Processing /home/airflow/.local/lib/python3.12/site-packages/airflow/example_dags/example_branch_day_of_week_operator.py took 0.053 seconds
[2024-05-20T02:52:10.954+0000] {processor.py:161} INFO - Started process (PID=105) to work on /home/airflow/.local/lib/python3.12/site-packages/airflow/example_dags/example_branch_day_of_week_operator.py
[2024-05-20T02:52:10.954+0000] {processor.py:830} INFO - Processing file /home/airflow/.local/lib/python3.12/site-packages/airflow/example_dags/example_branch_day_of_week_operator.py for tasks to queue
[2024-05-20T02:52:10.956+0000] {logging_mixin.py:188} INFO - [2024-05-20T02:52:10.955+0000] {dagbag.py:545} INFO - Filling up the DagBag from /home/airflow/.local/lib/python3.12/site-packages/airflow/example_dags/example_branch_day_of_week_operator.py
[2024-05-20T02:52:10.960+0000] {processor.py:840} INFO - DAG(s) 'example_weekday_branch_operator' retrieved from /home/airflow/.local/lib/python3.12/site-packages/airflow/example_dags/example_branch_day_of_week_operator.py
[2024-05-20T02:52:11.005+0000] {logging_mixin.py:188} INFO - [2024-05-20T02:52:11.005+0000] {dag.py:3096} INFO - Sync 1 DAGs
[2024-05-20T02:52:11.014+0000] {logging_mixin.py:188} INFO - [2024-05-20T02:52:11.014+0000] {dag.py:3954} INFO - Setting next_dagrun for example_weekday_branch_operator to 2024-05-19 00:00:00+00:00, run_after=2024-05-20 00:00:00+00:00
[2024-05-20T02:52:11.024+0000] {processor.py:183} INFO - Processing /home/airflow/.local/lib/python3.12/site-packages/airflow/example_dags/example_branch_day_of_week_operator.py took 0.073 seconds
[2024-05-20T02:52:42.024+0000] {processor.py:161} INFO - Started process (PID=163) to work on /home/airflow/.local/lib/python3.12/site-packages/airflow/example_dags/example_branch_day_of_week_operator.py
[2024-05-20T02:52:42.025+0000] {processor.py:830} INFO - Processing file /home/airflow/.local/lib/python3.12/site-packages/airflow/example_dags/example_branch_day_of_week_operator.py for tasks to queue
[2024-05-20T02:52:42.026+0000] {logging_mixin.py:188} INFO - [2024-05-20T02:52:42.026+0000] {dagbag.py:545} INFO - Filling up the DagBag from /home/airflow/.local/lib/python3.12/site-packages/airflow/example_dags/example_branch_day_of_week_operator.py
[2024-05-20T02:52:42.030+0000] {processor.py:840} INFO - DAG(s) 'example_weekday_branch_operator' retrieved from /home/airflow/.local/lib/python3.12/site-packages/airflow/example_dags/example_branch_day_of_week_operator.py
[2024-05-20T02:52:42.045+0000] {logging_mixin.py:188} INFO - [2024-05-20T02:52:42.045+0000] {dag.py:3096} INFO - Sync 1 DAGs
[2024-05-20T02:52:42.057+0000] {logging_mixin.py:188} INFO - [2024-05-20T02:52:42.057+0000] {dag.py:3954} INFO - Setting next_dagrun for example_weekday_branch_operator to 2024-05-19 00:00:00+00:00, run_after=2024-05-20 00:00:00+00:00
[2024-05-20T02:52:42.067+0000] {processor.py:183} INFO - Processing /home/airflow/.local/lib/python3.12/site-packages/airflow/example_dags/example_branch_day_of_week_operator.py took 0.045 seconds
[2024-05-20T02:53:12.301+0000] {processor.py:161} INFO - Started process (PID=221) to work on /home/airflow/.local/lib/python3.12/site-packages/airflow/example_dags/example_branch_day_of_week_operator.py
[2024-05-20T02:53:12.302+0000] {processor.py:830} INFO - Processing file /home/airflow/.local/lib/python3.12/site-packages/airflow/example_dags/example_branch_day_of_week_operator.py for tasks to queue
[2024-05-20T02:53:12.304+0000] {logging_mixin.py:188} INFO - [2024-05-20T02:53:12.303+0000] {dagbag.py:545} INFO - Filling up the DagBag from /home/airflow/.local/lib/python3.12/site-packages/airflow/example_dags/example_branch_day_of_week_operator.py
[2024-05-20T02:53:12.308+0000] {processor.py:840} INFO - DAG(s) 'example_weekday_branch_operator' retrieved from /home/airflow/.local/lib/python3.12/site-packages/airflow/example_dags/example_branch_day_of_week_operator.py
[2024-05-20T02:53:12.322+0000] {logging_mixin.py:188} INFO - [2024-05-20T02:53:12.321+0000] {dag.py:3096} INFO - Sync 1 DAGs
[2024-05-20T02:53:12.335+0000] {logging_mixin.py:188} INFO - [2024-05-20T02:53:12.334+0000] {dag.py:3954} INFO - Setting next_dagrun for example_weekday_branch_operator to 2024-05-19 00:00:00+00:00, run_after=2024-05-20 00:00:00+00:00
[2024-05-20T02:53:12.346+0000] {processor.py:183} INFO - Processing /home/airflow/.local/lib/python3.12/site-packages/airflow/example_dags/example_branch_day_of_week_operator.py took 0.049 seconds
[2024-05-20T02:53:42.405+0000] {processor.py:161} INFO - Started process (PID=279) to work on /home/airflow/.local/lib/python3.12/site-packages/airflow/example_dags/example_branch_day_of_week_operator.py
[2024-05-20T02:53:42.406+0000] {processor.py:830} INFO - Processing file /home/airflow/.local/lib/python3.12/site-packages/airflow/example_dags/example_branch_day_of_week_operator.py for tasks to queue
[2024-05-20T02:53:42.408+0000] {logging_mixin.py:188} INFO - [2024-05-20T02:53:42.407+0000] {dagbag.py:545} INFO - Filling up the DagBag from /home/airflow/.local/lib/python3.12/site-packages/airflow/example_dags/example_branch_day_of_week_operator.py
[2024-05-20T02:53:42.415+0000] {processor.py:840} INFO - DAG(s) 'example_weekday_branch_operator' retrieved from /home/airflow/.local/lib/python3.12/site-packages/airflow/example_dags/example_branch_day_of_week_operator.py
[2024-05-20T02:53:42.429+0000] {logging_mixin.py:188} INFO - [2024-05-20T02:53:42.429+0000] {dag.py:3096} INFO - Sync 1 DAGs
[2024-05-20T02:53:42.442+0000] {logging_mixin.py:188} INFO - [2024-05-20T02:53:42.441+0000] {dag.py:3954} INFO - Setting next_dagrun for example_weekday_branch_operator to 2024-05-19 00:00:00+00:00, run_after=2024-05-20 00:00:00+00:00
[2024-05-20T02:53:42.452+0000] {processor.py:183} INFO - Processing /home/airflow/.local/lib/python3.12/site-packages/airflow/example_dags/example_branch_day_of_week_operator.py took 0.052 seconds
[2024-05-20T02:54:13.122+0000] {processor.py:161} INFO - Started process (PID=337) to work on /home/airflow/.local/lib/python3.12/site-packages/airflow/example_dags/example_branch_day_of_week_operator.py
[2024-05-20T02:54:13.124+0000] {processor.py:830} INFO - Processing file /home/airflow/.local/lib/python3.12/site-packages/airflow/example_dags/example_branch_day_of_week_operator.py for tasks to queue
[2024-05-20T02:54:13.126+0000] {logging_mixin.py:188} INFO - [2024-05-20T02:54:13.126+0000] {dagbag.py:545} INFO - Filling up the DagBag from /home/airflow/.local/lib/python3.12/site-packages/airflow/example_dags/example_branch_day_of_week_operator.py
[2024-05-20T02:54:13.135+0000] {processor.py:840} INFO - DAG(s) 'example_weekday_branch_operator' retrieved from /home/airflow/.local/lib/python3.12/site-packages/airflow/example_dags/example_branch_day_of_week_operator.py
[2024-05-20T02:54:13.153+0000] {logging_mixin.py:188} INFO - [2024-05-20T02:54:13.153+0000] {dag.py:3096} INFO - Sync 1 DAGs
[2024-05-20T02:54:13.165+0000] {logging_mixin.py:188} INFO - [2024-05-20T02:54:13.165+0000] {dag.py:3954} INFO - Setting next_dagrun for example_weekday_branch_operator to 2024-05-19 00:00:00+00:00, run_after=2024-05-20 00:00:00+00:00
[2024-05-20T02:54:13.174+0000] {processor.py:183} INFO - Processing /home/airflow/.local/lib/python3.12/site-packages/airflow/example_dags/example_branch_day_of_week_operator.py took 0.058 seconds
[2024-05-20T02:54:43.828+0000] {processor.py:161} INFO - Started process (PID=395) to work on /home/airflow/.local/lib/python3.12/site-packages/airflow/example_dags/example_branch_day_of_week_operator.py
[2024-05-20T02:54:43.829+0000] {processor.py:830} INFO - Processing file /home/airflow/.local/lib/python3.12/site-packages/airflow/example_dags/example_branch_day_of_week_operator.py for tasks to queue
[2024-05-20T02:54:43.831+0000] {logging_mixin.py:188} INFO - [2024-05-20T02:54:43.831+0000] {dagbag.py:545} INFO - Filling up the DagBag from /home/airflow/.local/lib/python3.12/site-packages/airflow/example_dags/example_branch_day_of_week_operator.py
[2024-05-20T02:54:43.840+0000] {processor.py:840} INFO - DAG(s) 'example_weekday_branch_operator' retrieved from /home/airflow/.local/lib/python3.12/site-packages/airflow/example_dags/example_branch_day_of_week_operator.py
[2024-05-20T02:54:43.858+0000] {logging_mixin.py:188} INFO - [2024-05-20T02:54:43.858+0000] {dag.py:3096} INFO - Sync 1 DAGs
[2024-05-20T02:54:43.872+0000] {logging_mixin.py:188} INFO - [2024-05-20T02:54:43.872+0000] {dag.py:3954} INFO - Setting next_dagrun for example_weekday_branch_operator to 2024-05-19 00:00:00+00:00, run_after=2024-05-20 00:00:00+00:00
[2024-05-20T02:54:43.884+0000] {processor.py:183} INFO - Processing /home/airflow/.local/lib/python3.12/site-packages/airflow/example_dags/example_branch_day_of_week_operator.py took 0.062 seconds
[2024-05-20T02:55:14.683+0000] {processor.py:161} INFO - Started process (PID=453) to work on /home/airflow/.local/lib/python3.12/site-packages/airflow/example_dags/example_branch_day_of_week_operator.py
[2024-05-20T02:55:14.684+0000] {processor.py:830} INFO - Processing file /home/airflow/.local/lib/python3.12/site-packages/airflow/example_dags/example_branch_day_of_week_operator.py for tasks to queue
[2024-05-20T02:55:14.685+0000] {logging_mixin.py:188} INFO - [2024-05-20T02:55:14.685+0000] {dagbag.py:545} INFO - Filling up the DagBag from /home/airflow/.local/lib/python3.12/site-packages/airflow/example_dags/example_branch_day_of_week_operator.py
[2024-05-20T02:55:14.689+0000] {processor.py:840} INFO - DAG(s) 'example_weekday_branch_operator' retrieved from /home/airflow/.local/lib/python3.12/site-packages/airflow/example_dags/example_branch_day_of_week_operator.py
[2024-05-20T02:55:14.701+0000] {logging_mixin.py:188} INFO - [2024-05-20T02:55:14.701+0000] {dag.py:3096} INFO - Sync 1 DAGs
[2024-05-20T02:55:14.715+0000] {logging_mixin.py:188} INFO - [2024-05-20T02:55:14.715+0000] {dag.py:3954} INFO - Setting next_dagrun for example_weekday_branch_operator to 2024-05-19 00:00:00+00:00, run_after=2024-05-20 00:00:00+00:00
[2024-05-20T02:55:14.725+0000] {processor.py:183} INFO - Processing /home/airflow/.local/lib/python3.12/site-packages/airflow/example_dags/example_branch_day_of_week_operator.py took 0.045 seconds
[2024-05-20T02:55:45.416+0000] {processor.py:161} INFO - Started process (PID=511) to work on /home/airflow/.local/lib/python3.12/site-packages/airflow/example_dags/example_branch_day_of_week_operator.py
[2024-05-20T02:55:45.417+0000] {processor.py:830} INFO - Processing file /home/airflow/.local/lib/python3.12/site-packages/airflow/example_dags/example_branch_day_of_week_operator.py for tasks to queue
[2024-05-20T02:55:45.418+0000] {logging_mixin.py:188} INFO - [2024-05-20T02:55:45.418+0000] {dagbag.py:545} INFO - Filling up the DagBag from /home/airflow/.local/lib/python3.12/site-packages/airflow/example_dags/example_branch_day_of_week_operator.py
[2024-05-20T02:55:45.423+0000] {processor.py:840} INFO - DAG(s) 'example_weekday_branch_operator' retrieved from /home/airflow/.local/lib/python3.12/site-packages/airflow/example_dags/example_branch_day_of_week_operator.py
[2024-05-20T02:55:45.437+0000] {logging_mixin.py:188} INFO - [2024-05-20T02:55:45.437+0000] {dag.py:3096} INFO - Sync 1 DAGs
[2024-05-20T02:55:45.448+0000] {logging_mixin.py:188} INFO - [2024-05-20T02:55:45.448+0000] {dag.py:3954} INFO - Setting next_dagrun for example_weekday_branch_operator to 2024-05-19 00:00:00+00:00, run_after=2024-05-20 00:00:00+00:00
[2024-05-20T02:55:45.458+0000] {processor.py:183} INFO - Processing /home/airflow/.local/lib/python3.12/site-packages/airflow/example_dags/example_branch_day_of_week_operator.py took 0.045 seconds
[2024-05-20T02:56:15.576+0000] {processor.py:161} INFO - Started process (PID=569) to work on /home/airflow/.local/lib/python3.12/site-packages/airflow/example_dags/example_branch_day_of_week_operator.py
[2024-05-20T02:56:15.577+0000] {processor.py:830} INFO - Processing file /home/airflow/.local/lib/python3.12/site-packages/airflow/example_dags/example_branch_day_of_week_operator.py for tasks to queue
[2024-05-20T02:56:15.579+0000] {logging_mixin.py:188} INFO - [2024-05-20T02:56:15.579+0000] {dagbag.py:545} INFO - Filling up the DagBag from /home/airflow/.local/lib/python3.12/site-packages/airflow/example_dags/example_branch_day_of_week_operator.py
[2024-05-20T02:56:15.587+0000] {processor.py:840} INFO - DAG(s) 'example_weekday_branch_operator' retrieved from /home/airflow/.local/lib/python3.12/site-packages/airflow/example_dags/example_branch_day_of_week_operator.py
[2024-05-20T02:56:15.603+0000] {logging_mixin.py:188} INFO - [2024-05-20T02:56:15.602+0000] {dag.py:3096} INFO - Sync 1 DAGs
[2024-05-20T02:56:15.615+0000] {logging_mixin.py:188} INFO - [2024-05-20T02:56:15.615+0000] {dag.py:3954} INFO - Setting next_dagrun for example_weekday_branch_operator to 2024-05-19 00:00:00+00:00, run_after=2024-05-20 00:00:00+00:00
[2024-05-20T02:56:15.624+0000] {processor.py:183} INFO - Processing /home/airflow/.local/lib/python3.12/site-packages/airflow/example_dags/example_branch_day_of_week_operator.py took 0.056 seconds
[2024-05-20T02:56:45.800+0000] {processor.py:161} INFO - Started process (PID=627) to work on /home/airflow/.local/lib/python3.12/site-packages/airflow/example_dags/example_branch_day_of_week_operator.py
[2024-05-20T02:56:45.801+0000] {processor.py:830} INFO - Processing file /home/airflow/.local/lib/python3.12/site-packages/airflow/example_dags/example_branch_day_of_week_operator.py for tasks to queue
[2024-05-20T02:56:45.803+0000] {logging_mixin.py:188} INFO - [2024-05-20T02:56:45.803+0000] {dagbag.py:545} INFO - Filling up the DagBag from /home/airflow/.local/lib/python3.12/site-packages/airflow/example_dags/example_branch_day_of_week_operator.py
[2024-05-20T02:56:45.811+0000] {processor.py:840} INFO - DAG(s) 'example_weekday_branch_operator' retrieved from /home/airflow/.local/lib/python3.12/site-packages/airflow/example_dags/example_branch_day_of_week_operator.py
[2024-05-20T02:56:45.825+0000] {logging_mixin.py:188} INFO - [2024-05-20T02:56:45.825+0000] {dag.py:3096} INFO - Sync 1 DAGs
[2024-05-20T02:56:45.837+0000] {logging_mixin.py:188} INFO - [2024-05-20T02:56:45.837+0000] {dag.py:3954} INFO - Setting next_dagrun for example_weekday_branch_operator to 2024-05-19 00:00:00+00:00, run_after=2024-05-20 00:00:00+00:00
[2024-05-20T02:56:45.846+0000] {processor.py:183} INFO - Processing /home/airflow/.local/lib/python3.12/site-packages/airflow/example_dags/example_branch_day_of_week_operator.py took 0.053 seconds
[2024-05-20T02:57:16.600+0000] {processor.py:161} INFO - Started process (PID=685) to work on /home/airflow/.local/lib/python3.12/site-packages/airflow/example_dags/example_branch_day_of_week_operator.py
[2024-05-20T02:57:16.602+0000] {processor.py:830} INFO - Processing file /home/airflow/.local/lib/python3.12/site-packages/airflow/example_dags/example_branch_day_of_week_operator.py for tasks to queue
[2024-05-20T02:57:16.604+0000] {logging_mixin.py:188} INFO - [2024-05-20T02:57:16.603+0000] {dagbag.py:545} INFO - Filling up the DagBag from /home/airflow/.local/lib/python3.12/site-packages/airflow/example_dags/example_branch_day_of_week_operator.py
[2024-05-20T02:57:16.612+0000] {processor.py:840} INFO - DAG(s) 'example_weekday_branch_operator' retrieved from /home/airflow/.local/lib/python3.12/site-packages/airflow/example_dags/example_branch_day_of_week_operator.py
[2024-05-20T02:57:16.626+0000] {logging_mixin.py:188} INFO - [2024-05-20T02:57:16.626+0000] {dag.py:3096} INFO - Sync 1 DAGs
[2024-05-20T02:57:16.638+0000] {logging_mixin.py:188} INFO - [2024-05-20T02:57:16.638+0000] {dag.py:3954} INFO - Setting next_dagrun for example_weekday_branch_operator to 2024-05-19 00:00:00+00:00, run_after=2024-05-20 00:00:00+00:00
[2024-05-20T02:57:16.646+0000] {processor.py:183} INFO - Processing /home/airflow/.local/lib/python3.12/site-packages/airflow/example_dags/example_branch_day_of_week_operator.py took 0.053 seconds
[2024-05-20T02:57:47.454+0000] {processor.py:161} INFO - Started process (PID=743) to work on /home/airflow/.local/lib/python3.12/site-packages/airflow/example_dags/example_branch_day_of_week_operator.py
[2024-05-20T02:57:47.455+0000] {processor.py:830} INFO - Processing file /home/airflow/.local/lib/python3.12/site-packages/airflow/example_dags/example_branch_day_of_week_operator.py for tasks to queue
[2024-05-20T02:57:47.458+0000] {logging_mixin.py:188} INFO - [2024-05-20T02:57:47.458+0000] {dagbag.py:545} INFO - Filling up the DagBag from /home/airflow/.local/lib/python3.12/site-packages/airflow/example_dags/example_branch_day_of_week_operator.py
[2024-05-20T02:57:47.467+0000] {processor.py:840} INFO - DAG(s) 'example_weekday_branch_operator' retrieved from /home/airflow/.local/lib/python3.12/site-packages/airflow/example_dags/example_branch_day_of_week_operator.py
[2024-05-20T02:57:47.478+0000] {logging_mixin.py:188} INFO - [2024-05-20T02:57:47.478+0000] {dag.py:3096} INFO - Sync 1 DAGs
[2024-05-20T02:57:47.490+0000] {logging_mixin.py:188} INFO - [2024-05-20T02:57:47.490+0000] {dag.py:3954} INFO - Setting next_dagrun for example_weekday_branch_operator to 2024-05-19 00:00:00+00:00, run_after=2024-05-20 00:00:00+00:00
[2024-05-20T02:57:47.500+0000] {processor.py:183} INFO - Processing /home/airflow/.local/lib/python3.12/site-packages/airflow/example_dags/example_branch_day_of_week_operator.py took 0.050 seconds
[2024-05-20T02:58:17.543+0000] {processor.py:161} INFO - Started process (PID=801) to work on /home/airflow/.local/lib/python3.12/site-packages/airflow/example_dags/example_branch_day_of_week_operator.py
[2024-05-20T02:58:17.543+0000] {processor.py:830} INFO - Processing file /home/airflow/.local/lib/python3.12/site-packages/airflow/example_dags/example_branch_day_of_week_operator.py for tasks to queue
[2024-05-20T02:58:17.544+0000] {logging_mixin.py:188} INFO - [2024-05-20T02:58:17.544+0000] {dagbag.py:545} INFO - Filling up the DagBag from /home/airflow/.local/lib/python3.12/site-packages/airflow/example_dags/example_branch_day_of_week_operator.py
[2024-05-20T02:58:17.548+0000] {processor.py:840} INFO - DAG(s) 'example_weekday_branch_operator' retrieved from /home/airflow/.local/lib/python3.12/site-packages/airflow/example_dags/example_branch_day_of_week_operator.py
[2024-05-20T02:58:17.559+0000] {logging_mixin.py:188} INFO - [2024-05-20T02:58:17.558+0000] {dag.py:3096} INFO - Sync 1 DAGs
[2024-05-20T02:58:17.569+0000] {logging_mixin.py:188} INFO - [2024-05-20T02:58:17.568+0000] {dag.py:3954} INFO - Setting next_dagrun for example_weekday_branch_operator to 2024-05-19 00:00:00+00:00, run_after=2024-05-20 00:00:00+00:00
[2024-05-20T02:58:17.578+0000] {processor.py:183} INFO - Processing /home/airflow/.local/lib/python3.12/site-packages/airflow/example_dags/example_branch_day_of_week_operator.py took 0.039 seconds
[2024-05-20T02:58:48.258+0000] {processor.py:161} INFO - Started process (PID=859) to work on /home/airflow/.local/lib/python3.12/site-packages/airflow/example_dags/example_branch_day_of_week_operator.py
[2024-05-20T02:58:48.260+0000] {processor.py:830} INFO - Processing file /home/airflow/.local/lib/python3.12/site-packages/airflow/example_dags/example_branch_day_of_week_operator.py for tasks to queue
[2024-05-20T02:58:48.262+0000] {logging_mixin.py:188} INFO - [2024-05-20T02:58:48.261+0000] {dagbag.py:545} INFO - Filling up the DagBag from /home/airflow/.local/lib/python3.12/site-packages/airflow/example_dags/example_branch_day_of_week_operator.py
[2024-05-20T02:58:48.269+0000] {processor.py:840} INFO - DAG(s) 'example_weekday_branch_operator' retrieved from /home/airflow/.local/lib/python3.12/site-packages/airflow/example_dags/example_branch_day_of_week_operator.py
[2024-05-20T02:58:48.283+0000] {logging_mixin.py:188} INFO - [2024-05-20T02:58:48.283+0000] {dag.py:3096} INFO - Sync 1 DAGs
[2024-05-20T02:58:48.295+0000] {logging_mixin.py:188} INFO - [2024-05-20T02:58:48.295+0000] {dag.py:3954} INFO - Setting next_dagrun for example_weekday_branch_operator to 2024-05-19 00:00:00+00:00, run_after=2024-05-20 00:00:00+00:00
[2024-05-20T02:58:48.305+0000] {processor.py:183} INFO - Processing /home/airflow/.local/lib/python3.12/site-packages/airflow/example_dags/example_branch_day_of_week_operator.py took 0.053 seconds
[2024-05-20T02:59:19.088+0000] {processor.py:161} INFO - Started process (PID=917) to work on /home/airflow/.local/lib/python3.12/site-packages/airflow/example_dags/example_branch_day_of_week_operator.py
[2024-05-20T02:59:19.089+0000] {processor.py:830} INFO - Processing file /home/airflow/.local/lib/python3.12/site-packages/airflow/example_dags/example_branch_day_of_week_operator.py for tasks to queue
[2024-05-20T02:59:19.091+0000] {logging_mixin.py:188} INFO - [2024-05-20T02:59:19.091+0000] {dagbag.py:545} INFO - Filling up the DagBag from /home/airflow/.local/lib/python3.12/site-packages/airflow/example_dags/example_branch_day_of_week_operator.py
[2024-05-20T02:59:19.099+0000] {processor.py:840} INFO - DAG(s) 'example_weekday_branch_operator' retrieved from /home/airflow/.local/lib/python3.12/site-packages/airflow/example_dags/example_branch_day_of_week_operator.py
[2024-05-20T02:59:19.117+0000] {logging_mixin.py:188} INFO - [2024-05-20T02:59:19.117+0000] {dag.py:3096} INFO - Sync 1 DAGs
[2024-05-20T02:59:19.130+0000] {logging_mixin.py:188} INFO - [2024-05-20T02:59:19.130+0000] {dag.py:3954} INFO - Setting next_dagrun for example_weekday_branch_operator to 2024-05-19 00:00:00+00:00, run_after=2024-05-20 00:00:00+00:00
[2024-05-20T02:59:19.141+0000] {processor.py:183} INFO - Processing /home/airflow/.local/lib/python3.12/site-packages/airflow/example_dags/example_branch_day_of_week_operator.py took 0.059 seconds
[2024-05-20T02:59:49.925+0000] {processor.py:161} INFO - Started process (PID=975) to work on /home/airflow/.local/lib/python3.12/site-packages/airflow/example_dags/example_branch_day_of_week_operator.py
[2024-05-20T02:59:49.926+0000] {processor.py:830} INFO - Processing file /home/airflow/.local/lib/python3.12/site-packages/airflow/example_dags/example_branch_day_of_week_operator.py for tasks to queue
[2024-05-20T02:59:49.929+0000] {logging_mixin.py:188} INFO - [2024-05-20T02:59:49.928+0000] {dagbag.py:545} INFO - Filling up the DagBag from /home/airflow/.local/lib/python3.12/site-packages/airflow/example_dags/example_branch_day_of_week_operator.py
[2024-05-20T02:59:49.937+0000] {processor.py:840} INFO - DAG(s) 'example_weekday_branch_operator' retrieved from /home/airflow/.local/lib/python3.12/site-packages/airflow/example_dags/example_branch_day_of_week_operator.py
[2024-05-20T02:59:49.955+0000] {logging_mixin.py:188} INFO - [2024-05-20T02:59:49.955+0000] {dag.py:3096} INFO - Sync 1 DAGs
[2024-05-20T02:59:49.968+0000] {logging_mixin.py:188} INFO - [2024-05-20T02:59:49.968+0000] {dag.py:3954} INFO - Setting next_dagrun for example_weekday_branch_operator to 2024-05-19 00:00:00+00:00, run_after=2024-05-20 00:00:00+00:00
[2024-05-20T02:59:49.977+0000] {processor.py:183} INFO - Processing /home/airflow/.local/lib/python3.12/site-packages/airflow/example_dags/example_branch_day_of_week_operator.py took 0.060 seconds
[2024-05-20T03:00:20.749+0000] {processor.py:161} INFO - Started process (PID=1033) to work on /home/airflow/.local/lib/python3.12/site-packages/airflow/example_dags/example_branch_day_of_week_operator.py
[2024-05-20T03:00:20.749+0000] {processor.py:830} INFO - Processing file /home/airflow/.local/lib/python3.12/site-packages/airflow/example_dags/example_branch_day_of_week_operator.py for tasks to queue
[2024-05-20T03:00:20.751+0000] {logging_mixin.py:188} INFO - [2024-05-20T03:00:20.750+0000] {dagbag.py:545} INFO - Filling up the DagBag from /home/airflow/.local/lib/python3.12/site-packages/airflow/example_dags/example_branch_day_of_week_operator.py
[2024-05-20T03:00:20.755+0000] {processor.py:840} INFO - DAG(s) 'example_weekday_branch_operator' retrieved from /home/airflow/.local/lib/python3.12/site-packages/airflow/example_dags/example_branch_day_of_week_operator.py
[2024-05-20T03:00:20.768+0000] {logging_mixin.py:188} INFO - [2024-05-20T03:00:20.768+0000] {dag.py:3096} INFO - Sync 1 DAGs
[2024-05-20T03:00:20.779+0000] {logging_mixin.py:188} INFO - [2024-05-20T03:00:20.779+0000] {dag.py:3954} INFO - Setting next_dagrun for example_weekday_branch_operator to 2024-05-19 00:00:00+00:00, run_after=2024-05-20 00:00:00+00:00
[2024-05-20T03:00:20.790+0000] {processor.py:183} INFO - Processing /home/airflow/.local/lib/python3.12/site-packages/airflow/example_dags/example_branch_day_of_week_operator.py took 0.044 seconds
[2024-05-20T03:00:51.369+0000] {processor.py:161} INFO - Started process (PID=1091) to work on /home/airflow/.local/lib/python3.12/site-packages/airflow/example_dags/example_branch_day_of_week_operator.py
[2024-05-20T03:00:51.370+0000] {processor.py:830} INFO - Processing file /home/airflow/.local/lib/python3.12/site-packages/airflow/example_dags/example_branch_day_of_week_operator.py for tasks to queue
[2024-05-20T03:00:51.371+0000] {logging_mixin.py:188} INFO - [2024-05-20T03:00:51.371+0000] {dagbag.py:545} INFO - Filling up the DagBag from /home/airflow/.local/lib/python3.12/site-packages/airflow/example_dags/example_branch_day_of_week_operator.py
[2024-05-20T03:00:51.376+0000] {processor.py:840} INFO - DAG(s) 'example_weekday_branch_operator' retrieved from /home/airflow/.local/lib/python3.12/site-packages/airflow/example_dags/example_branch_day_of_week_operator.py
[2024-05-20T03:00:51.389+0000] {logging_mixin.py:188} INFO - [2024-05-20T03:00:51.389+0000] {dag.py:3096} INFO - Sync 1 DAGs
[2024-05-20T03:00:51.400+0000] {logging_mixin.py:188} INFO - [2024-05-20T03:00:51.400+0000] {dag.py:3954} INFO - Setting next_dagrun for example_weekday_branch_operator to 2024-05-19 00:00:00+00:00, run_after=2024-05-20 00:00:00+00:00
[2024-05-20T03:00:51.410+0000] {processor.py:183} INFO - Processing /home/airflow/.local/lib/python3.12/site-packages/airflow/example_dags/example_branch_day_of_week_operator.py took 0.044 seconds
[2024-05-20T03:01:21.573+0000] {processor.py:161} INFO - Started process (PID=1149) to work on /home/airflow/.local/lib/python3.12/site-packages/airflow/example_dags/example_branch_day_of_week_operator.py
[2024-05-20T03:01:21.574+0000] {processor.py:830} INFO - Processing file /home/airflow/.local/lib/python3.12/site-packages/airflow/example_dags/example_branch_day_of_week_operator.py for tasks to queue
[2024-05-20T03:01:21.577+0000] {logging_mixin.py:188} INFO - [2024-05-20T03:01:21.576+0000] {dagbag.py:545} INFO - Filling up the DagBag from /home/airflow/.local/lib/python3.12/site-packages/airflow/example_dags/example_branch_day_of_week_operator.py
[2024-05-20T03:01:21.586+0000] {processor.py:840} INFO - DAG(s) 'example_weekday_branch_operator' retrieved from /home/airflow/.local/lib/python3.12/site-packages/airflow/example_dags/example_branch_day_of_week_operator.py
[2024-05-20T03:01:21.603+0000] {logging_mixin.py:188} INFO - [2024-05-20T03:01:21.602+0000] {dag.py:3096} INFO - Sync 1 DAGs
[2024-05-20T03:01:21.617+0000] {logging_mixin.py:188} INFO - [2024-05-20T03:01:21.617+0000] {dag.py:3954} INFO - Setting next_dagrun for example_weekday_branch_operator to 2024-05-19 00:00:00+00:00, run_after=2024-05-20 00:00:00+00:00
[2024-05-20T03:01:21.626+0000] {processor.py:183} INFO - Processing /home/airflow/.local/lib/python3.12/site-packages/airflow/example_dags/example_branch_day_of_week_operator.py took 0.059 seconds
[2024-05-20T03:01:52.309+0000] {processor.py:161} INFO - Started process (PID=1207) to work on /home/airflow/.local/lib/python3.12/site-packages/airflow/example_dags/example_branch_day_of_week_operator.py
[2024-05-20T03:01:52.310+0000] {processor.py:830} INFO - Processing file /home/airflow/.local/lib/python3.12/site-packages/airflow/example_dags/example_branch_day_of_week_operator.py for tasks to queue
[2024-05-20T03:01:52.312+0000] {logging_mixin.py:188} INFO - [2024-05-20T03:01:52.311+0000] {dagbag.py:545} INFO - Filling up the DagBag from /home/airflow/.local/lib/python3.12/site-packages/airflow/example_dags/example_branch_day_of_week_operator.py
[2024-05-20T03:01:52.320+0000] {processor.py:840} INFO - DAG(s) 'example_weekday_branch_operator' retrieved from /home/airflow/.local/lib/python3.12/site-packages/airflow/example_dags/example_branch_day_of_week_operator.py
[2024-05-20T03:01:52.336+0000] {logging_mixin.py:188} INFO - [2024-05-20T03:01:52.335+0000] {dag.py:3096} INFO - Sync 1 DAGs
[2024-05-20T03:01:52.349+0000] {logging_mixin.py:188} INFO - [2024-05-20T03:01:52.349+0000] {dag.py:3954} INFO - Setting next_dagrun for example_weekday_branch_operator to 2024-05-19 00:00:00+00:00, run_after=2024-05-20 00:00:00+00:00
[2024-05-20T03:01:52.360+0000] {processor.py:183} INFO - Processing /home/airflow/.local/lib/python3.12/site-packages/airflow/example_dags/example_branch_day_of_week_operator.py took 0.057 seconds
[2024-05-20T03:02:23.091+0000] {processor.py:161} INFO - Started process (PID=1265) to work on /home/airflow/.local/lib/python3.12/site-packages/airflow/example_dags/example_branch_day_of_week_operator.py
[2024-05-20T03:02:23.093+0000] {processor.py:830} INFO - Processing file /home/airflow/.local/lib/python3.12/site-packages/airflow/example_dags/example_branch_day_of_week_operator.py for tasks to queue
[2024-05-20T03:02:23.095+0000] {logging_mixin.py:188} INFO - [2024-05-20T03:02:23.095+0000] {dagbag.py:545} INFO - Filling up the DagBag from /home/airflow/.local/lib/python3.12/site-packages/airflow/example_dags/example_branch_day_of_week_operator.py
[2024-05-20T03:02:23.104+0000] {processor.py:840} INFO - DAG(s) 'example_weekday_branch_operator' retrieved from /home/airflow/.local/lib/python3.12/site-packages/airflow/example_dags/example_branch_day_of_week_operator.py
[2024-05-20T03:02:23.121+0000] {logging_mixin.py:188} INFO - [2024-05-20T03:02:23.120+0000] {dag.py:3096} INFO - Sync 1 DAGs
[2024-05-20T03:02:23.133+0000] {logging_mixin.py:188} INFO - [2024-05-20T03:02:23.133+0000] {dag.py:3954} INFO - Setting next_dagrun for example_weekday_branch_operator to 2024-05-19 00:00:00+00:00, run_after=2024-05-20 00:00:00+00:00
[2024-05-20T03:02:23.143+0000] {processor.py:183} INFO - Processing /home/airflow/.local/lib/python3.12/site-packages/airflow/example_dags/example_branch_day_of_week_operator.py took 0.059 seconds
[2024-05-20T03:02:53.220+0000] {processor.py:161} INFO - Started process (PID=1323) to work on /home/airflow/.local/lib/python3.12/site-packages/airflow/example_dags/example_branch_day_of_week_operator.py
[2024-05-20T03:02:53.222+0000] {processor.py:830} INFO - Processing file /home/airflow/.local/lib/python3.12/site-packages/airflow/example_dags/example_branch_day_of_week_operator.py for tasks to queue
[2024-05-20T03:02:53.224+0000] {logging_mixin.py:188} INFO - [2024-05-20T03:02:53.223+0000] {dagbag.py:545} INFO - Filling up the DagBag from /home/airflow/.local/lib/python3.12/site-packages/airflow/example_dags/example_branch_day_of_week_operator.py
[2024-05-20T03:02:53.232+0000] {processor.py:840} INFO - DAG(s) 'example_weekday_branch_operator' retrieved from /home/airflow/.local/lib/python3.12/site-packages/airflow/example_dags/example_branch_day_of_week_operator.py
[2024-05-20T03:02:53.246+0000] {logging_mixin.py:188} INFO - [2024-05-20T03:02:53.246+0000] {dag.py:3096} INFO - Sync 1 DAGs
[2024-05-20T03:02:53.259+0000] {logging_mixin.py:188} INFO - [2024-05-20T03:02:53.258+0000] {dag.py:3954} INFO - Setting next_dagrun for example_weekday_branch_operator to 2024-05-19 00:00:00+00:00, run_after=2024-05-20 00:00:00+00:00
[2024-05-20T03:02:53.267+0000] {processor.py:183} INFO - Processing /home/airflow/.local/lib/python3.12/site-packages/airflow/example_dags/example_branch_day_of_week_operator.py took 0.054 seconds
[2024-05-20T03:03:23.340+0000] {processor.py:161} INFO - Started process (PID=1381) to work on /home/airflow/.local/lib/python3.12/site-packages/airflow/example_dags/example_branch_day_of_week_operator.py
[2024-05-20T03:03:23.341+0000] {processor.py:830} INFO - Processing file /home/airflow/.local/lib/python3.12/site-packages/airflow/example_dags/example_branch_day_of_week_operator.py for tasks to queue
[2024-05-20T03:03:23.343+0000] {logging_mixin.py:188} INFO - [2024-05-20T03:03:23.343+0000] {dagbag.py:545} INFO - Filling up the DagBag from /home/airflow/.local/lib/python3.12/site-packages/airflow/example_dags/example_branch_day_of_week_operator.py
[2024-05-20T03:03:23.351+0000] {processor.py:840} INFO - DAG(s) 'example_weekday_branch_operator' retrieved from /home/airflow/.local/lib/python3.12/site-packages/airflow/example_dags/example_branch_day_of_week_operator.py
[2024-05-20T03:03:23.368+0000] {logging_mixin.py:188} INFO - [2024-05-20T03:03:23.367+0000] {dag.py:3096} INFO - Sync 1 DAGs
[2024-05-20T03:03:23.381+0000] {logging_mixin.py:188} INFO - [2024-05-20T03:03:23.381+0000] {dag.py:3954} INFO - Setting next_dagrun for example_weekday_branch_operator to 2024-05-19 00:00:00+00:00, run_after=2024-05-20 00:00:00+00:00
[2024-05-20T03:03:23.391+0000] {processor.py:183} INFO - Processing /home/airflow/.local/lib/python3.12/site-packages/airflow/example_dags/example_branch_day_of_week_operator.py took 0.058 seconds
[2024-05-20T03:04:13.261+0000] {processor.py:161} INFO - Started process (PID=46) to work on /home/airflow/.local/lib/python3.12/site-packages/airflow/example_dags/example_branch_day_of_week_operator.py
[2024-05-20T03:04:13.266+0000] {processor.py:830} INFO - Processing file /home/airflow/.local/lib/python3.12/site-packages/airflow/example_dags/example_branch_day_of_week_operator.py for tasks to queue
[2024-05-20T03:04:13.267+0000] {logging_mixin.py:188} INFO - [2024-05-20T03:04:13.267+0000] {dagbag.py:545} INFO - Filling up the DagBag from /home/airflow/.local/lib/python3.12/site-packages/airflow/example_dags/example_branch_day_of_week_operator.py
[2024-05-20T03:04:13.272+0000] {processor.py:840} INFO - DAG(s) 'example_weekday_branch_operator' retrieved from /home/airflow/.local/lib/python3.12/site-packages/airflow/example_dags/example_branch_day_of_week_operator.py
[2024-05-20T03:04:13.280+0000] {logging_mixin.py:188} INFO - [2024-05-20T03:04:13.280+0000] {dag.py:3096} INFO - Sync 1 DAGs
[2024-05-20T03:04:13.294+0000] {logging_mixin.py:188} INFO - [2024-05-20T03:04:13.294+0000] {dag.py:3954} INFO - Setting next_dagrun for example_weekday_branch_operator to 2024-05-19 00:00:00+00:00, run_after=2024-05-20 00:00:00+00:00
[2024-05-20T03:04:13.307+0000] {processor.py:183} INFO - Processing /home/airflow/.local/lib/python3.12/site-packages/airflow/example_dags/example_branch_day_of_week_operator.py took 0.052 seconds
[2024-05-20T03:04:43.692+0000] {processor.py:161} INFO - Started process (PID=104) to work on /home/airflow/.local/lib/python3.12/site-packages/airflow/example_dags/example_branch_day_of_week_operator.py
[2024-05-20T03:04:43.692+0000] {processor.py:830} INFO - Processing file /home/airflow/.local/lib/python3.12/site-packages/airflow/example_dags/example_branch_day_of_week_operator.py for tasks to queue
[2024-05-20T03:04:43.693+0000] {logging_mixin.py:188} INFO - [2024-05-20T03:04:43.693+0000] {dagbag.py:545} INFO - Filling up the DagBag from /home/airflow/.local/lib/python3.12/site-packages/airflow/example_dags/example_branch_day_of_week_operator.py
[2024-05-20T03:04:43.698+0000] {processor.py:840} INFO - DAG(s) 'example_weekday_branch_operator' retrieved from /home/airflow/.local/lib/python3.12/site-packages/airflow/example_dags/example_branch_day_of_week_operator.py
[2024-05-20T03:04:43.746+0000] {logging_mixin.py:188} INFO - [2024-05-20T03:04:43.746+0000] {dag.py:3096} INFO - Sync 1 DAGs
[2024-05-20T03:04:43.756+0000] {logging_mixin.py:188} INFO - [2024-05-20T03:04:43.756+0000] {dag.py:3954} INFO - Setting next_dagrun for example_weekday_branch_operator to 2024-05-19 00:00:00+00:00, run_after=2024-05-20 00:00:00+00:00
[2024-05-20T03:04:43.766+0000] {processor.py:183} INFO - Processing /home/airflow/.local/lib/python3.12/site-packages/airflow/example_dags/example_branch_day_of_week_operator.py took 0.078 seconds
[2024-05-20T03:05:13.954+0000] {processor.py:161} INFO - Started process (PID=161) to work on /home/airflow/.local/lib/python3.12/site-packages/airflow/example_dags/example_branch_day_of_week_operator.py
[2024-05-20T03:05:13.954+0000] {processor.py:830} INFO - Processing file /home/airflow/.local/lib/python3.12/site-packages/airflow/example_dags/example_branch_day_of_week_operator.py for tasks to queue
[2024-05-20T03:05:13.955+0000] {logging_mixin.py:188} INFO - [2024-05-20T03:05:13.955+0000] {dagbag.py:545} INFO - Filling up the DagBag from /home/airflow/.local/lib/python3.12/site-packages/airflow/example_dags/example_branch_day_of_week_operator.py
[2024-05-20T03:05:13.960+0000] {processor.py:840} INFO - DAG(s) 'example_weekday_branch_operator' retrieved from /home/airflow/.local/lib/python3.12/site-packages/airflow/example_dags/example_branch_day_of_week_operator.py
[2024-05-20T03:05:13.970+0000] {logging_mixin.py:188} INFO - [2024-05-20T03:05:13.970+0000] {dag.py:3096} INFO - Sync 1 DAGs
[2024-05-20T03:05:13.980+0000] {logging_mixin.py:188} INFO - [2024-05-20T03:05:13.980+0000] {dag.py:3954} INFO - Setting next_dagrun for example_weekday_branch_operator to 2024-05-19 00:00:00+00:00, run_after=2024-05-20 00:00:00+00:00
[2024-05-20T03:05:13.989+0000] {processor.py:183} INFO - Processing /home/airflow/.local/lib/python3.12/site-packages/airflow/example_dags/example_branch_day_of_week_operator.py took 0.038 seconds
[2024-05-20T03:05:44.603+0000] {processor.py:161} INFO - Started process (PID=219) to work on /home/airflow/.local/lib/python3.12/site-packages/airflow/example_dags/example_branch_day_of_week_operator.py
[2024-05-20T03:05:44.603+0000] {processor.py:830} INFO - Processing file /home/airflow/.local/lib/python3.12/site-packages/airflow/example_dags/example_branch_day_of_week_operator.py for tasks to queue
[2024-05-20T03:05:44.605+0000] {logging_mixin.py:188} INFO - [2024-05-20T03:05:44.604+0000] {dagbag.py:545} INFO - Filling up the DagBag from /home/airflow/.local/lib/python3.12/site-packages/airflow/example_dags/example_branch_day_of_week_operator.py
[2024-05-20T03:05:44.609+0000] {processor.py:840} INFO - DAG(s) 'example_weekday_branch_operator' retrieved from /home/airflow/.local/lib/python3.12/site-packages/airflow/example_dags/example_branch_day_of_week_operator.py
[2024-05-20T03:05:44.620+0000] {logging_mixin.py:188} INFO - [2024-05-20T03:05:44.620+0000] {dag.py:3096} INFO - Sync 1 DAGs
[2024-05-20T03:05:44.632+0000] {logging_mixin.py:188} INFO - [2024-05-20T03:05:44.631+0000] {dag.py:3954} INFO - Setting next_dagrun for example_weekday_branch_operator to 2024-05-19 00:00:00+00:00, run_after=2024-05-20 00:00:00+00:00
[2024-05-20T03:05:44.640+0000] {processor.py:183} INFO - Processing /home/airflow/.local/lib/python3.12/site-packages/airflow/example_dags/example_branch_day_of_week_operator.py took 0.041 seconds
[2024-05-20T03:06:15.312+0000] {processor.py:161} INFO - Started process (PID=276) to work on /home/airflow/.local/lib/python3.12/site-packages/airflow/example_dags/example_branch_day_of_week_operator.py
[2024-05-20T03:06:15.313+0000] {processor.py:830} INFO - Processing file /home/airflow/.local/lib/python3.12/site-packages/airflow/example_dags/example_branch_day_of_week_operator.py for tasks to queue
[2024-05-20T03:06:15.314+0000] {logging_mixin.py:188} INFO - [2024-05-20T03:06:15.314+0000] {dagbag.py:545} INFO - Filling up the DagBag from /home/airflow/.local/lib/python3.12/site-packages/airflow/example_dags/example_branch_day_of_week_operator.py
[2024-05-20T03:06:15.318+0000] {processor.py:840} INFO - DAG(s) 'example_weekday_branch_operator' retrieved from /home/airflow/.local/lib/python3.12/site-packages/airflow/example_dags/example_branch_day_of_week_operator.py
[2024-05-20T03:06:15.328+0000] {logging_mixin.py:188} INFO - [2024-05-20T03:06:15.328+0000] {dag.py:3096} INFO - Sync 1 DAGs
[2024-05-20T03:06:15.339+0000] {logging_mixin.py:188} INFO - [2024-05-20T03:06:15.339+0000] {dag.py:3954} INFO - Setting next_dagrun for example_weekday_branch_operator to 2024-05-19 00:00:00+00:00, run_after=2024-05-20 00:00:00+00:00
[2024-05-20T03:06:15.347+0000] {processor.py:183} INFO - Processing /home/airflow/.local/lib/python3.12/site-packages/airflow/example_dags/example_branch_day_of_week_operator.py took 0.038 seconds
[2024-05-20T03:06:46.022+0000] {processor.py:161} INFO - Started process (PID=334) to work on /home/airflow/.local/lib/python3.12/site-packages/airflow/example_dags/example_branch_day_of_week_operator.py
[2024-05-20T03:06:46.022+0000] {processor.py:830} INFO - Processing file /home/airflow/.local/lib/python3.12/site-packages/airflow/example_dags/example_branch_day_of_week_operator.py for tasks to queue
[2024-05-20T03:06:46.023+0000] {logging_mixin.py:188} INFO - [2024-05-20T03:06:46.023+0000] {dagbag.py:545} INFO - Filling up the DagBag from /home/airflow/.local/lib/python3.12/site-packages/airflow/example_dags/example_branch_day_of_week_operator.py
[2024-05-20T03:06:46.028+0000] {processor.py:840} INFO - DAG(s) 'example_weekday_branch_operator' retrieved from /home/airflow/.local/lib/python3.12/site-packages/airflow/example_dags/example_branch_day_of_week_operator.py
[2024-05-20T03:06:46.038+0000] {logging_mixin.py:188} INFO - [2024-05-20T03:06:46.038+0000] {dag.py:3096} INFO - Sync 1 DAGs
[2024-05-20T03:06:46.048+0000] {logging_mixin.py:188} INFO - [2024-05-20T03:06:46.048+0000] {dag.py:3954} INFO - Setting next_dagrun for example_weekday_branch_operator to 2024-05-19 00:00:00+00:00, run_after=2024-05-20 00:00:00+00:00
[2024-05-20T03:06:46.057+0000] {processor.py:183} INFO - Processing /home/airflow/.local/lib/python3.12/site-packages/airflow/example_dags/example_branch_day_of_week_operator.py took 0.038 seconds
[2024-05-20T03:07:16.727+0000] {processor.py:161} INFO - Started process (PID=392) to work on /home/airflow/.local/lib/python3.12/site-packages/airflow/example_dags/example_branch_day_of_week_operator.py
[2024-05-20T03:07:16.727+0000] {processor.py:830} INFO - Processing file /home/airflow/.local/lib/python3.12/site-packages/airflow/example_dags/example_branch_day_of_week_operator.py for tasks to queue
[2024-05-20T03:07:16.728+0000] {logging_mixin.py:188} INFO - [2024-05-20T03:07:16.728+0000] {dagbag.py:545} INFO - Filling up the DagBag from /home/airflow/.local/lib/python3.12/site-packages/airflow/example_dags/example_branch_day_of_week_operator.py
[2024-05-20T03:07:16.732+0000] {processor.py:840} INFO - DAG(s) 'example_weekday_branch_operator' retrieved from /home/airflow/.local/lib/python3.12/site-packages/airflow/example_dags/example_branch_day_of_week_operator.py
[2024-05-20T03:07:16.742+0000] {logging_mixin.py:188} INFO - [2024-05-20T03:07:16.741+0000] {dag.py:3096} INFO - Sync 1 DAGs
[2024-05-20T03:07:16.751+0000] {logging_mixin.py:188} INFO - [2024-05-20T03:07:16.751+0000] {dag.py:3954} INFO - Setting next_dagrun for example_weekday_branch_operator to 2024-05-19 00:00:00+00:00, run_after=2024-05-20 00:00:00+00:00
[2024-05-20T03:07:16.759+0000] {processor.py:183} INFO - Processing /home/airflow/.local/lib/python3.12/site-packages/airflow/example_dags/example_branch_day_of_week_operator.py took 0.035 seconds
[2024-05-20T03:07:58.873+0000] {processor.py:161} INFO - Started process (PID=47) to work on /home/airflow/.local/lib/python3.12/site-packages/airflow/example_dags/example_branch_day_of_week_operator.py
[2024-05-20T03:07:58.874+0000] {processor.py:830} INFO - Processing file /home/airflow/.local/lib/python3.12/site-packages/airflow/example_dags/example_branch_day_of_week_operator.py for tasks to queue
[2024-05-20T03:07:58.876+0000] {logging_mixin.py:188} INFO - [2024-05-20T03:07:58.876+0000] {dagbag.py:545} INFO - Filling up the DagBag from /home/airflow/.local/lib/python3.12/site-packages/airflow/example_dags/example_branch_day_of_week_operator.py
[2024-05-20T03:07:58.887+0000] {processor.py:840} INFO - DAG(s) 'example_weekday_branch_operator' retrieved from /home/airflow/.local/lib/python3.12/site-packages/airflow/example_dags/example_branch_day_of_week_operator.py
[2024-05-20T03:07:58.897+0000] {logging_mixin.py:188} INFO - [2024-05-20T03:07:58.897+0000] {dag.py:3096} INFO - Sync 1 DAGs
[2024-05-20T03:07:58.914+0000] {logging_mixin.py:188} INFO - [2024-05-20T03:07:58.914+0000] {dag.py:3954} INFO - Setting next_dagrun for example_weekday_branch_operator to 2024-05-19 00:00:00+00:00, run_after=2024-05-20 00:00:00+00:00
[2024-05-20T03:07:58.925+0000] {processor.py:183} INFO - Processing /home/airflow/.local/lib/python3.12/site-packages/airflow/example_dags/example_branch_day_of_week_operator.py took 0.057 seconds
[2024-05-20T03:08:30.129+0000] {processor.py:161} INFO - Started process (PID=105) to work on /home/airflow/.local/lib/python3.12/site-packages/airflow/example_dags/example_branch_day_of_week_operator.py
[2024-05-20T03:08:30.130+0000] {processor.py:830} INFO - Processing file /home/airflow/.local/lib/python3.12/site-packages/airflow/example_dags/example_branch_day_of_week_operator.py for tasks to queue
[2024-05-20T03:08:30.131+0000] {logging_mixin.py:188} INFO - [2024-05-20T03:08:30.131+0000] {dagbag.py:545} INFO - Filling up the DagBag from /home/airflow/.local/lib/python3.12/site-packages/airflow/example_dags/example_branch_day_of_week_operator.py
[2024-05-20T03:08:30.135+0000] {processor.py:840} INFO - DAG(s) 'example_weekday_branch_operator' retrieved from /home/airflow/.local/lib/python3.12/site-packages/airflow/example_dags/example_branch_day_of_week_operator.py
[2024-05-20T03:08:30.179+0000] {logging_mixin.py:188} INFO - [2024-05-20T03:08:30.179+0000] {dag.py:3096} INFO - Sync 1 DAGs
[2024-05-20T03:08:30.188+0000] {logging_mixin.py:188} INFO - [2024-05-20T03:08:30.188+0000] {dag.py:3954} INFO - Setting next_dagrun for example_weekday_branch_operator to 2024-05-19 00:00:00+00:00, run_after=2024-05-20 00:00:00+00:00
[2024-05-20T03:08:30.197+0000] {processor.py:183} INFO - Processing /home/airflow/.local/lib/python3.12/site-packages/airflow/example_dags/example_branch_day_of_week_operator.py took 0.070 seconds
[2024-05-20T03:09:00.427+0000] {processor.py:161} INFO - Started process (PID=163) to work on /home/airflow/.local/lib/python3.12/site-packages/airflow/example_dags/example_branch_day_of_week_operator.py
[2024-05-20T03:09:00.427+0000] {processor.py:830} INFO - Processing file /home/airflow/.local/lib/python3.12/site-packages/airflow/example_dags/example_branch_day_of_week_operator.py for tasks to queue
[2024-05-20T03:09:00.428+0000] {logging_mixin.py:188} INFO - [2024-05-20T03:09:00.428+0000] {dagbag.py:545} INFO - Filling up the DagBag from /home/airflow/.local/lib/python3.12/site-packages/airflow/example_dags/example_branch_day_of_week_operator.py
[2024-05-20T03:09:00.432+0000] {processor.py:840} INFO - DAG(s) 'example_weekday_branch_operator' retrieved from /home/airflow/.local/lib/python3.12/site-packages/airflow/example_dags/example_branch_day_of_week_operator.py
[2024-05-20T03:09:00.443+0000] {logging_mixin.py:188} INFO - [2024-05-20T03:09:00.442+0000] {dag.py:3096} INFO - Sync 1 DAGs
[2024-05-20T03:09:00.454+0000] {logging_mixin.py:188} INFO - [2024-05-20T03:09:00.454+0000] {dag.py:3954} INFO - Setting next_dagrun for example_weekday_branch_operator to 2024-05-19 00:00:00+00:00, run_after=2024-05-20 00:00:00+00:00
[2024-05-20T03:09:00.464+0000] {processor.py:183} INFO - Processing /home/airflow/.local/lib/python3.12/site-packages/airflow/example_dags/example_branch_day_of_week_operator.py took 0.040 seconds
