[2024-05-20T02:51:41.153+0000] {processor.py:161} INFO - Started process (PID=58) to work on /home/airflow/.local/lib/python3.12/site-packages/airflow/example_dags/tutorial_dag.py
[2024-05-20T02:51:41.154+0000] {processor.py:830} INFO - Processing file /home/airflow/.local/lib/python3.12/site-packages/airflow/example_dags/tutorial_dag.py for tasks to queue
[2024-05-20T02:51:41.156+0000] {logging_mixin.py:188} INFO - [2024-05-20T02:51:41.156+0000] {dagbag.py:545} INFO - Filling up the DagBag from /home/airflow/.local/lib/python3.12/site-packages/airflow/example_dags/tutorial_dag.py
[2024-05-20T02:51:41.162+0000] {processor.py:840} INFO - DAG(s) 'tutorial_dag' retrieved from /home/airflow/.local/lib/python3.12/site-packages/airflow/example_dags/tutorial_dag.py
[2024-05-20T02:51:41.174+0000] {logging_mixin.py:188} INFO - [2024-05-20T02:51:41.174+0000] {dag.py:3096} INFO - Sync 1 DAGs
[2024-05-20T02:51:41.183+0000] {logging_mixin.py:188} INFO - [2024-05-20T02:51:41.183+0000] {dag.py:3954} INFO - Setting next_dagrun for tutorial_dag to None, run_after=None
[2024-05-20T02:51:41.195+0000] {processor.py:183} INFO - Processing /home/airflow/.local/lib/python3.12/site-packages/airflow/example_dags/tutorial_dag.py took 0.048 seconds
[2024-05-20T02:52:11.434+0000] {processor.py:161} INFO - Started process (PID=116) to work on /home/airflow/.local/lib/python3.12/site-packages/airflow/example_dags/tutorial_dag.py
[2024-05-20T02:52:11.435+0000] {processor.py:830} INFO - Processing file /home/airflow/.local/lib/python3.12/site-packages/airflow/example_dags/tutorial_dag.py for tasks to queue
[2024-05-20T02:52:11.436+0000] {logging_mixin.py:188} INFO - [2024-05-20T02:52:11.436+0000] {dagbag.py:545} INFO - Filling up the DagBag from /home/airflow/.local/lib/python3.12/site-packages/airflow/example_dags/tutorial_dag.py
[2024-05-20T02:52:11.439+0000] {processor.py:840} INFO - DAG(s) 'tutorial_dag' retrieved from /home/airflow/.local/lib/python3.12/site-packages/airflow/example_dags/tutorial_dag.py
[2024-05-20T02:52:11.486+0000] {logging_mixin.py:188} INFO - [2024-05-20T02:52:11.486+0000] {dag.py:3096} INFO - Sync 1 DAGs
[2024-05-20T02:52:11.491+0000] {logging_mixin.py:188} INFO - [2024-05-20T02:52:11.491+0000] {dag.py:3954} INFO - Setting next_dagrun for tutorial_dag to None, run_after=None
[2024-05-20T02:52:11.500+0000] {processor.py:183} INFO - Processing /home/airflow/.local/lib/python3.12/site-packages/airflow/example_dags/tutorial_dag.py took 0.068 seconds
[2024-05-20T02:52:42.486+0000] {processor.py:161} INFO - Started process (PID=174) to work on /home/airflow/.local/lib/python3.12/site-packages/airflow/example_dags/tutorial_dag.py
[2024-05-20T02:52:42.505+0000] {processor.py:830} INFO - Processing file /home/airflow/.local/lib/python3.12/site-packages/airflow/example_dags/tutorial_dag.py for tasks to queue
[2024-05-20T02:52:42.508+0000] {logging_mixin.py:188} INFO - [2024-05-20T02:52:42.507+0000] {dagbag.py:545} INFO - Filling up the DagBag from /home/airflow/.local/lib/python3.12/site-packages/airflow/example_dags/tutorial_dag.py
[2024-05-20T02:52:42.513+0000] {processor.py:840} INFO - DAG(s) 'tutorial_dag' retrieved from /home/airflow/.local/lib/python3.12/site-packages/airflow/example_dags/tutorial_dag.py
[2024-05-20T02:52:42.548+0000] {logging_mixin.py:188} INFO - [2024-05-20T02:52:42.548+0000] {dag.py:3096} INFO - Sync 1 DAGs
[2024-05-20T02:52:42.557+0000] {logging_mixin.py:188} INFO - [2024-05-20T02:52:42.557+0000] {dag.py:3954} INFO - Setting next_dagrun for tutorial_dag to None, run_after=None
[2024-05-20T02:52:42.588+0000] {processor.py:183} INFO - Processing /home/airflow/.local/lib/python3.12/site-packages/airflow/example_dags/tutorial_dag.py took 0.108 seconds
[2024-05-20T02:53:12.685+0000] {processor.py:161} INFO - Started process (PID=232) to work on /home/airflow/.local/lib/python3.12/site-packages/airflow/example_dags/tutorial_dag.py
[2024-05-20T02:53:12.685+0000] {processor.py:830} INFO - Processing file /home/airflow/.local/lib/python3.12/site-packages/airflow/example_dags/tutorial_dag.py for tasks to queue
[2024-05-20T02:53:12.687+0000] {logging_mixin.py:188} INFO - [2024-05-20T02:53:12.687+0000] {dagbag.py:545} INFO - Filling up the DagBag from /home/airflow/.local/lib/python3.12/site-packages/airflow/example_dags/tutorial_dag.py
[2024-05-20T02:53:12.689+0000] {processor.py:840} INFO - DAG(s) 'tutorial_dag' retrieved from /home/airflow/.local/lib/python3.12/site-packages/airflow/example_dags/tutorial_dag.py
[2024-05-20T02:53:12.701+0000] {logging_mixin.py:188} INFO - [2024-05-20T02:53:12.700+0000] {dag.py:3096} INFO - Sync 1 DAGs
[2024-05-20T02:53:12.707+0000] {logging_mixin.py:188} INFO - [2024-05-20T02:53:12.707+0000] {dag.py:3954} INFO - Setting next_dagrun for tutorial_dag to None, run_after=None
[2024-05-20T02:53:12.717+0000] {processor.py:183} INFO - Processing /home/airflow/.local/lib/python3.12/site-packages/airflow/example_dags/tutorial_dag.py took 0.035 seconds
[2024-05-20T02:53:42.736+0000] {processor.py:161} INFO - Started process (PID=289) to work on /home/airflow/.local/lib/python3.12/site-packages/airflow/example_dags/tutorial_dag.py
[2024-05-20T02:53:42.736+0000] {processor.py:830} INFO - Processing file /home/airflow/.local/lib/python3.12/site-packages/airflow/example_dags/tutorial_dag.py for tasks to queue
[2024-05-20T02:53:42.737+0000] {logging_mixin.py:188} INFO - [2024-05-20T02:53:42.737+0000] {dagbag.py:545} INFO - Filling up the DagBag from /home/airflow/.local/lib/python3.12/site-packages/airflow/example_dags/tutorial_dag.py
[2024-05-20T02:53:42.740+0000] {processor.py:840} INFO - DAG(s) 'tutorial_dag' retrieved from /home/airflow/.local/lib/python3.12/site-packages/airflow/example_dags/tutorial_dag.py
[2024-05-20T02:53:42.749+0000] {logging_mixin.py:188} INFO - [2024-05-20T02:53:42.749+0000] {dag.py:3096} INFO - Sync 1 DAGs
[2024-05-20T02:53:42.754+0000] {logging_mixin.py:188} INFO - [2024-05-20T02:53:42.754+0000] {dag.py:3954} INFO - Setting next_dagrun for tutorial_dag to None, run_after=None
[2024-05-20T02:53:42.763+0000] {processor.py:183} INFO - Processing /home/airflow/.local/lib/python3.12/site-packages/airflow/example_dags/tutorial_dag.py took 0.030 seconds
[2024-05-20T02:54:13.456+0000] {processor.py:161} INFO - Started process (PID=348) to work on /home/airflow/.local/lib/python3.12/site-packages/airflow/example_dags/tutorial_dag.py
[2024-05-20T02:54:13.457+0000] {processor.py:830} INFO - Processing file /home/airflow/.local/lib/python3.12/site-packages/airflow/example_dags/tutorial_dag.py for tasks to queue
[2024-05-20T02:54:13.458+0000] {logging_mixin.py:188} INFO - [2024-05-20T02:54:13.458+0000] {dagbag.py:545} INFO - Filling up the DagBag from /home/airflow/.local/lib/python3.12/site-packages/airflow/example_dags/tutorial_dag.py
[2024-05-20T02:54:13.461+0000] {processor.py:840} INFO - DAG(s) 'tutorial_dag' retrieved from /home/airflow/.local/lib/python3.12/site-packages/airflow/example_dags/tutorial_dag.py
[2024-05-20T02:54:13.471+0000] {logging_mixin.py:188} INFO - [2024-05-20T02:54:13.471+0000] {dag.py:3096} INFO - Sync 1 DAGs
[2024-05-20T02:54:13.477+0000] {logging_mixin.py:188} INFO - [2024-05-20T02:54:13.477+0000] {dag.py:3954} INFO - Setting next_dagrun for tutorial_dag to None, run_after=None
[2024-05-20T02:54:13.487+0000] {processor.py:183} INFO - Processing /home/airflow/.local/lib/python3.12/site-packages/airflow/example_dags/tutorial_dag.py took 0.033 seconds
[2024-05-20T02:54:44.209+0000] {processor.py:161} INFO - Started process (PID=406) to work on /home/airflow/.local/lib/python3.12/site-packages/airflow/example_dags/tutorial_dag.py
[2024-05-20T02:54:44.210+0000] {processor.py:830} INFO - Processing file /home/airflow/.local/lib/python3.12/site-packages/airflow/example_dags/tutorial_dag.py for tasks to queue
[2024-05-20T02:54:44.211+0000] {logging_mixin.py:188} INFO - [2024-05-20T02:54:44.211+0000] {dagbag.py:545} INFO - Filling up the DagBag from /home/airflow/.local/lib/python3.12/site-packages/airflow/example_dags/tutorial_dag.py
[2024-05-20T02:54:44.214+0000] {processor.py:840} INFO - DAG(s) 'tutorial_dag' retrieved from /home/airflow/.local/lib/python3.12/site-packages/airflow/example_dags/tutorial_dag.py
[2024-05-20T02:54:44.225+0000] {logging_mixin.py:188} INFO - [2024-05-20T02:54:44.225+0000] {dag.py:3096} INFO - Sync 1 DAGs
[2024-05-20T02:54:44.231+0000] {logging_mixin.py:188} INFO - [2024-05-20T02:54:44.231+0000] {dag.py:3954} INFO - Setting next_dagrun for tutorial_dag to None, run_after=None
[2024-05-20T02:54:44.241+0000] {processor.py:183} INFO - Processing /home/airflow/.local/lib/python3.12/site-packages/airflow/example_dags/tutorial_dag.py took 0.034 seconds
[2024-05-20T02:55:14.989+0000] {processor.py:161} INFO - Started process (PID=464) to work on /home/airflow/.local/lib/python3.12/site-packages/airflow/example_dags/tutorial_dag.py
[2024-05-20T02:55:14.989+0000] {processor.py:830} INFO - Processing file /home/airflow/.local/lib/python3.12/site-packages/airflow/example_dags/tutorial_dag.py for tasks to queue
[2024-05-20T02:55:14.991+0000] {logging_mixin.py:188} INFO - [2024-05-20T02:55:14.990+0000] {dagbag.py:545} INFO - Filling up the DagBag from /home/airflow/.local/lib/python3.12/site-packages/airflow/example_dags/tutorial_dag.py
[2024-05-20T02:55:14.993+0000] {processor.py:840} INFO - DAG(s) 'tutorial_dag' retrieved from /home/airflow/.local/lib/python3.12/site-packages/airflow/example_dags/tutorial_dag.py
[2024-05-20T02:55:15.004+0000] {logging_mixin.py:188} INFO - [2024-05-20T02:55:15.004+0000] {dag.py:3096} INFO - Sync 1 DAGs
[2024-05-20T02:55:15.010+0000] {logging_mixin.py:188} INFO - [2024-05-20T02:55:15.010+0000] {dag.py:3954} INFO - Setting next_dagrun for tutorial_dag to None, run_after=None
[2024-05-20T02:55:15.019+0000] {processor.py:183} INFO - Processing /home/airflow/.local/lib/python3.12/site-packages/airflow/example_dags/tutorial_dag.py took 0.033 seconds
[2024-05-20T02:55:45.816+0000] {processor.py:161} INFO - Started process (PID=522) to work on /home/airflow/.local/lib/python3.12/site-packages/airflow/example_dags/tutorial_dag.py
[2024-05-20T02:55:45.816+0000] {processor.py:830} INFO - Processing file /home/airflow/.local/lib/python3.12/site-packages/airflow/example_dags/tutorial_dag.py for tasks to queue
[2024-05-20T02:55:45.817+0000] {logging_mixin.py:188} INFO - [2024-05-20T02:55:45.817+0000] {dagbag.py:545} INFO - Filling up the DagBag from /home/airflow/.local/lib/python3.12/site-packages/airflow/example_dags/tutorial_dag.py
[2024-05-20T02:55:45.820+0000] {processor.py:840} INFO - DAG(s) 'tutorial_dag' retrieved from /home/airflow/.local/lib/python3.12/site-packages/airflow/example_dags/tutorial_dag.py
[2024-05-20T02:55:45.831+0000] {logging_mixin.py:188} INFO - [2024-05-20T02:55:45.831+0000] {dag.py:3096} INFO - Sync 1 DAGs
[2024-05-20T02:55:45.837+0000] {logging_mixin.py:188} INFO - [2024-05-20T02:55:45.837+0000] {dag.py:3954} INFO - Setting next_dagrun for tutorial_dag to None, run_after=None
[2024-05-20T02:55:45.847+0000] {processor.py:183} INFO - Processing /home/airflow/.local/lib/python3.12/site-packages/airflow/example_dags/tutorial_dag.py took 0.034 seconds
[2024-05-20T02:56:16.008+0000] {processor.py:161} INFO - Started process (PID=580) to work on /home/airflow/.local/lib/python3.12/site-packages/airflow/example_dags/tutorial_dag.py
[2024-05-20T02:56:16.008+0000] {processor.py:830} INFO - Processing file /home/airflow/.local/lib/python3.12/site-packages/airflow/example_dags/tutorial_dag.py for tasks to queue
[2024-05-20T02:56:16.010+0000] {logging_mixin.py:188} INFO - [2024-05-20T02:56:16.010+0000] {dagbag.py:545} INFO - Filling up the DagBag from /home/airflow/.local/lib/python3.12/site-packages/airflow/example_dags/tutorial_dag.py
[2024-05-20T02:56:16.013+0000] {processor.py:840} INFO - DAG(s) 'tutorial_dag' retrieved from /home/airflow/.local/lib/python3.12/site-packages/airflow/example_dags/tutorial_dag.py
[2024-05-20T02:56:16.031+0000] {logging_mixin.py:188} INFO - [2024-05-20T02:56:16.031+0000] {dag.py:3096} INFO - Sync 1 DAGs
[2024-05-20T02:56:16.049+0000] {logging_mixin.py:188} INFO - [2024-05-20T02:56:16.049+0000] {dag.py:3954} INFO - Setting next_dagrun for tutorial_dag to None, run_after=None
[2024-05-20T02:56:16.085+0000] {processor.py:183} INFO - Processing /home/airflow/.local/lib/python3.12/site-packages/airflow/example_dags/tutorial_dag.py took 0.081 seconds
[2024-05-20T02:56:46.142+0000] {processor.py:161} INFO - Started process (PID=638) to work on /home/airflow/.local/lib/python3.12/site-packages/airflow/example_dags/tutorial_dag.py
[2024-05-20T02:56:46.143+0000] {processor.py:830} INFO - Processing file /home/airflow/.local/lib/python3.12/site-packages/airflow/example_dags/tutorial_dag.py for tasks to queue
[2024-05-20T02:56:46.144+0000] {logging_mixin.py:188} INFO - [2024-05-20T02:56:46.144+0000] {dagbag.py:545} INFO - Filling up the DagBag from /home/airflow/.local/lib/python3.12/site-packages/airflow/example_dags/tutorial_dag.py
[2024-05-20T02:56:46.146+0000] {processor.py:840} INFO - DAG(s) 'tutorial_dag' retrieved from /home/airflow/.local/lib/python3.12/site-packages/airflow/example_dags/tutorial_dag.py
[2024-05-20T02:56:46.157+0000] {logging_mixin.py:188} INFO - [2024-05-20T02:56:46.157+0000] {dag.py:3096} INFO - Sync 1 DAGs
[2024-05-20T02:56:46.166+0000] {logging_mixin.py:188} INFO - [2024-05-20T02:56:46.166+0000] {dag.py:3954} INFO - Setting next_dagrun for tutorial_dag to None, run_after=None
[2024-05-20T02:56:46.176+0000] {processor.py:183} INFO - Processing /home/airflow/.local/lib/python3.12/site-packages/airflow/example_dags/tutorial_dag.py took 0.037 seconds
[2024-05-20T02:57:16.982+0000] {processor.py:161} INFO - Started process (PID=696) to work on /home/airflow/.local/lib/python3.12/site-packages/airflow/example_dags/tutorial_dag.py
[2024-05-20T02:57:16.983+0000] {processor.py:830} INFO - Processing file /home/airflow/.local/lib/python3.12/site-packages/airflow/example_dags/tutorial_dag.py for tasks to queue
[2024-05-20T02:57:16.984+0000] {logging_mixin.py:188} INFO - [2024-05-20T02:57:16.984+0000] {dagbag.py:545} INFO - Filling up the DagBag from /home/airflow/.local/lib/python3.12/site-packages/airflow/example_dags/tutorial_dag.py
[2024-05-20T02:57:16.987+0000] {processor.py:840} INFO - DAG(s) 'tutorial_dag' retrieved from /home/airflow/.local/lib/python3.12/site-packages/airflow/example_dags/tutorial_dag.py
[2024-05-20T02:57:16.999+0000] {logging_mixin.py:188} INFO - [2024-05-20T02:57:16.999+0000] {dag.py:3096} INFO - Sync 1 DAGs
[2024-05-20T02:57:17.005+0000] {logging_mixin.py:188} INFO - [2024-05-20T02:57:17.005+0000] {dag.py:3954} INFO - Setting next_dagrun for tutorial_dag to None, run_after=None
[2024-05-20T02:57:17.036+0000] {processor.py:183} INFO - Processing /home/airflow/.local/lib/python3.12/site-packages/airflow/example_dags/tutorial_dag.py took 0.056 seconds
[2024-05-20T02:57:47.889+0000] {processor.py:161} INFO - Started process (PID=754) to work on /home/airflow/.local/lib/python3.12/site-packages/airflow/example_dags/tutorial_dag.py
[2024-05-20T02:57:47.889+0000] {processor.py:830} INFO - Processing file /home/airflow/.local/lib/python3.12/site-packages/airflow/example_dags/tutorial_dag.py for tasks to queue
[2024-05-20T02:57:47.890+0000] {logging_mixin.py:188} INFO - [2024-05-20T02:57:47.890+0000] {dagbag.py:545} INFO - Filling up the DagBag from /home/airflow/.local/lib/python3.12/site-packages/airflow/example_dags/tutorial_dag.py
[2024-05-20T02:57:47.893+0000] {processor.py:840} INFO - DAG(s) 'tutorial_dag' retrieved from /home/airflow/.local/lib/python3.12/site-packages/airflow/example_dags/tutorial_dag.py
[2024-05-20T02:57:47.904+0000] {logging_mixin.py:188} INFO - [2024-05-20T02:57:47.904+0000] {dag.py:3096} INFO - Sync 1 DAGs
[2024-05-20T02:57:47.911+0000] {logging_mixin.py:188} INFO - [2024-05-20T02:57:47.911+0000] {dag.py:3954} INFO - Setting next_dagrun for tutorial_dag to None, run_after=None
[2024-05-20T02:57:47.920+0000] {processor.py:183} INFO - Processing /home/airflow/.local/lib/python3.12/site-packages/airflow/example_dags/tutorial_dag.py took 0.035 seconds
[2024-05-20T02:58:18.857+0000] {processor.py:161} INFO - Started process (PID=812) to work on /home/airflow/.local/lib/python3.12/site-packages/airflow/example_dags/tutorial_dag.py
[2024-05-20T02:58:18.858+0000] {processor.py:830} INFO - Processing file /home/airflow/.local/lib/python3.12/site-packages/airflow/example_dags/tutorial_dag.py for tasks to queue
[2024-05-20T02:58:18.859+0000] {logging_mixin.py:188} INFO - [2024-05-20T02:58:18.859+0000] {dagbag.py:545} INFO - Filling up the DagBag from /home/airflow/.local/lib/python3.12/site-packages/airflow/example_dags/tutorial_dag.py
[2024-05-20T02:58:18.863+0000] {processor.py:840} INFO - DAG(s) 'tutorial_dag' retrieved from /home/airflow/.local/lib/python3.12/site-packages/airflow/example_dags/tutorial_dag.py
[2024-05-20T02:58:18.874+0000] {logging_mixin.py:188} INFO - [2024-05-20T02:58:18.874+0000] {dag.py:3096} INFO - Sync 1 DAGs
[2024-05-20T02:58:18.881+0000] {logging_mixin.py:188} INFO - [2024-05-20T02:58:18.881+0000] {dag.py:3954} INFO - Setting next_dagrun for tutorial_dag to None, run_after=None
[2024-05-20T02:58:18.890+0000] {processor.py:183} INFO - Processing /home/airflow/.local/lib/python3.12/site-packages/airflow/example_dags/tutorial_dag.py took 0.037 seconds
[2024-05-20T02:58:49.612+0000] {processor.py:161} INFO - Started process (PID=870) to work on /home/airflow/.local/lib/python3.12/site-packages/airflow/example_dags/tutorial_dag.py
[2024-05-20T02:58:49.614+0000] {processor.py:830} INFO - Processing file /home/airflow/.local/lib/python3.12/site-packages/airflow/example_dags/tutorial_dag.py for tasks to queue
[2024-05-20T02:58:49.615+0000] {logging_mixin.py:188} INFO - [2024-05-20T02:58:49.615+0000] {dagbag.py:545} INFO - Filling up the DagBag from /home/airflow/.local/lib/python3.12/site-packages/airflow/example_dags/tutorial_dag.py
[2024-05-20T02:58:49.620+0000] {processor.py:840} INFO - DAG(s) 'tutorial_dag' retrieved from /home/airflow/.local/lib/python3.12/site-packages/airflow/example_dags/tutorial_dag.py
[2024-05-20T02:58:49.632+0000] {logging_mixin.py:188} INFO - [2024-05-20T02:58:49.632+0000] {dag.py:3096} INFO - Sync 1 DAGs
[2024-05-20T02:58:49.639+0000] {logging_mixin.py:188} INFO - [2024-05-20T02:58:49.639+0000] {dag.py:3954} INFO - Setting next_dagrun for tutorial_dag to None, run_after=None
[2024-05-20T02:58:49.650+0000] {processor.py:183} INFO - Processing /home/airflow/.local/lib/python3.12/site-packages/airflow/example_dags/tutorial_dag.py took 0.041 seconds
[2024-05-20T02:59:20.419+0000] {processor.py:161} INFO - Started process (PID=928) to work on /home/airflow/.local/lib/python3.12/site-packages/airflow/example_dags/tutorial_dag.py
[2024-05-20T02:59:20.419+0000] {processor.py:830} INFO - Processing file /home/airflow/.local/lib/python3.12/site-packages/airflow/example_dags/tutorial_dag.py for tasks to queue
[2024-05-20T02:59:20.420+0000] {logging_mixin.py:188} INFO - [2024-05-20T02:59:20.420+0000] {dagbag.py:545} INFO - Filling up the DagBag from /home/airflow/.local/lib/python3.12/site-packages/airflow/example_dags/tutorial_dag.py
[2024-05-20T02:59:20.424+0000] {processor.py:840} INFO - DAG(s) 'tutorial_dag' retrieved from /home/airflow/.local/lib/python3.12/site-packages/airflow/example_dags/tutorial_dag.py
[2024-05-20T02:59:20.435+0000] {logging_mixin.py:188} INFO - [2024-05-20T02:59:20.435+0000] {dag.py:3096} INFO - Sync 1 DAGs
[2024-05-20T02:59:20.441+0000] {logging_mixin.py:188} INFO - [2024-05-20T02:59:20.441+0000] {dag.py:3954} INFO - Setting next_dagrun for tutorial_dag to None, run_after=None
[2024-05-20T02:59:20.450+0000] {processor.py:183} INFO - Processing /home/airflow/.local/lib/python3.12/site-packages/airflow/example_dags/tutorial_dag.py took 0.034 seconds
[2024-05-20T02:59:51.312+0000] {processor.py:161} INFO - Started process (PID=986) to work on /home/airflow/.local/lib/python3.12/site-packages/airflow/example_dags/tutorial_dag.py
[2024-05-20T02:59:51.313+0000] {processor.py:830} INFO - Processing file /home/airflow/.local/lib/python3.12/site-packages/airflow/example_dags/tutorial_dag.py for tasks to queue
[2024-05-20T02:59:51.314+0000] {logging_mixin.py:188} INFO - [2024-05-20T02:59:51.314+0000] {dagbag.py:545} INFO - Filling up the DagBag from /home/airflow/.local/lib/python3.12/site-packages/airflow/example_dags/tutorial_dag.py
[2024-05-20T02:59:51.317+0000] {processor.py:840} INFO - DAG(s) 'tutorial_dag' retrieved from /home/airflow/.local/lib/python3.12/site-packages/airflow/example_dags/tutorial_dag.py
[2024-05-20T02:59:51.329+0000] {logging_mixin.py:188} INFO - [2024-05-20T02:59:51.329+0000] {dag.py:3096} INFO - Sync 1 DAGs
[2024-05-20T02:59:51.335+0000] {logging_mixin.py:188} INFO - [2024-05-20T02:59:51.335+0000] {dag.py:3954} INFO - Setting next_dagrun for tutorial_dag to None, run_after=None
[2024-05-20T02:59:51.343+0000] {processor.py:183} INFO - Processing /home/airflow/.local/lib/python3.12/site-packages/airflow/example_dags/tutorial_dag.py took 0.035 seconds
[2024-05-20T03:00:22.040+0000] {processor.py:161} INFO - Started process (PID=1044) to work on /home/airflow/.local/lib/python3.12/site-packages/airflow/example_dags/tutorial_dag.py
[2024-05-20T03:00:22.040+0000] {processor.py:830} INFO - Processing file /home/airflow/.local/lib/python3.12/site-packages/airflow/example_dags/tutorial_dag.py for tasks to queue
[2024-05-20T03:00:22.041+0000] {logging_mixin.py:188} INFO - [2024-05-20T03:00:22.041+0000] {dagbag.py:545} INFO - Filling up the DagBag from /home/airflow/.local/lib/python3.12/site-packages/airflow/example_dags/tutorial_dag.py
[2024-05-20T03:00:22.045+0000] {processor.py:840} INFO - DAG(s) 'tutorial_dag' retrieved from /home/airflow/.local/lib/python3.12/site-packages/airflow/example_dags/tutorial_dag.py
[2024-05-20T03:00:22.057+0000] {logging_mixin.py:188} INFO - [2024-05-20T03:00:22.057+0000] {dag.py:3096} INFO - Sync 1 DAGs
[2024-05-20T03:00:22.066+0000] {logging_mixin.py:188} INFO - [2024-05-20T03:00:22.065+0000] {dag.py:3954} INFO - Setting next_dagrun for tutorial_dag to None, run_after=None
[2024-05-20T03:00:22.076+0000] {processor.py:183} INFO - Processing /home/airflow/.local/lib/python3.12/site-packages/airflow/example_dags/tutorial_dag.py took 0.039 seconds
[2024-05-20T03:00:52.722+0000] {processor.py:161} INFO - Started process (PID=1102) to work on /home/airflow/.local/lib/python3.12/site-packages/airflow/example_dags/tutorial_dag.py
[2024-05-20T03:00:52.723+0000] {processor.py:830} INFO - Processing file /home/airflow/.local/lib/python3.12/site-packages/airflow/example_dags/tutorial_dag.py for tasks to queue
[2024-05-20T03:00:52.724+0000] {logging_mixin.py:188} INFO - [2024-05-20T03:00:52.724+0000] {dagbag.py:545} INFO - Filling up the DagBag from /home/airflow/.local/lib/python3.12/site-packages/airflow/example_dags/tutorial_dag.py
[2024-05-20T03:00:52.727+0000] {processor.py:840} INFO - DAG(s) 'tutorial_dag' retrieved from /home/airflow/.local/lib/python3.12/site-packages/airflow/example_dags/tutorial_dag.py
[2024-05-20T03:00:52.739+0000] {logging_mixin.py:188} INFO - [2024-05-20T03:00:52.739+0000] {dag.py:3096} INFO - Sync 1 DAGs
[2024-05-20T03:00:52.745+0000] {logging_mixin.py:188} INFO - [2024-05-20T03:00:52.745+0000] {dag.py:3954} INFO - Setting next_dagrun for tutorial_dag to None, run_after=None
[2024-05-20T03:00:52.755+0000] {processor.py:183} INFO - Processing /home/airflow/.local/lib/python3.12/site-packages/airflow/example_dags/tutorial_dag.py took 0.036 seconds
[2024-05-20T03:01:22.960+0000] {processor.py:161} INFO - Started process (PID=1160) to work on /home/airflow/.local/lib/python3.12/site-packages/airflow/example_dags/tutorial_dag.py
[2024-05-20T03:01:22.960+0000] {processor.py:830} INFO - Processing file /home/airflow/.local/lib/python3.12/site-packages/airflow/example_dags/tutorial_dag.py for tasks to queue
[2024-05-20T03:01:22.961+0000] {logging_mixin.py:188} INFO - [2024-05-20T03:01:22.961+0000] {dagbag.py:545} INFO - Filling up the DagBag from /home/airflow/.local/lib/python3.12/site-packages/airflow/example_dags/tutorial_dag.py
[2024-05-20T03:01:22.964+0000] {processor.py:840} INFO - DAG(s) 'tutorial_dag' retrieved from /home/airflow/.local/lib/python3.12/site-packages/airflow/example_dags/tutorial_dag.py
[2024-05-20T03:01:22.976+0000] {logging_mixin.py:188} INFO - [2024-05-20T03:01:22.976+0000] {dag.py:3096} INFO - Sync 1 DAGs
[2024-05-20T03:01:22.982+0000] {logging_mixin.py:188} INFO - [2024-05-20T03:01:22.982+0000] {dag.py:3954} INFO - Setting next_dagrun for tutorial_dag to None, run_after=None
[2024-05-20T03:01:22.992+0000] {processor.py:183} INFO - Processing /home/airflow/.local/lib/python3.12/site-packages/airflow/example_dags/tutorial_dag.py took 0.036 seconds
[2024-05-20T03:01:53.671+0000] {processor.py:161} INFO - Started process (PID=1218) to work on /home/airflow/.local/lib/python3.12/site-packages/airflow/example_dags/tutorial_dag.py
[2024-05-20T03:01:53.672+0000] {processor.py:830} INFO - Processing file /home/airflow/.local/lib/python3.12/site-packages/airflow/example_dags/tutorial_dag.py for tasks to queue
[2024-05-20T03:01:53.673+0000] {logging_mixin.py:188} INFO - [2024-05-20T03:01:53.673+0000] {dagbag.py:545} INFO - Filling up the DagBag from /home/airflow/.local/lib/python3.12/site-packages/airflow/example_dags/tutorial_dag.py
[2024-05-20T03:01:53.676+0000] {processor.py:840} INFO - DAG(s) 'tutorial_dag' retrieved from /home/airflow/.local/lib/python3.12/site-packages/airflow/example_dags/tutorial_dag.py
[2024-05-20T03:01:53.686+0000] {logging_mixin.py:188} INFO - [2024-05-20T03:01:53.686+0000] {dag.py:3096} INFO - Sync 1 DAGs
[2024-05-20T03:01:53.693+0000] {logging_mixin.py:188} INFO - [2024-05-20T03:01:53.693+0000] {dag.py:3954} INFO - Setting next_dagrun for tutorial_dag to None, run_after=None
[2024-05-20T03:01:53.701+0000] {processor.py:183} INFO - Processing /home/airflow/.local/lib/python3.12/site-packages/airflow/example_dags/tutorial_dag.py took 0.033 seconds
[2024-05-20T03:02:24.476+0000] {processor.py:161} INFO - Started process (PID=1276) to work on /home/airflow/.local/lib/python3.12/site-packages/airflow/example_dags/tutorial_dag.py
[2024-05-20T03:02:24.477+0000] {processor.py:830} INFO - Processing file /home/airflow/.local/lib/python3.12/site-packages/airflow/example_dags/tutorial_dag.py for tasks to queue
[2024-05-20T03:02:24.478+0000] {logging_mixin.py:188} INFO - [2024-05-20T03:02:24.478+0000] {dagbag.py:545} INFO - Filling up the DagBag from /home/airflow/.local/lib/python3.12/site-packages/airflow/example_dags/tutorial_dag.py
[2024-05-20T03:02:24.481+0000] {processor.py:840} INFO - DAG(s) 'tutorial_dag' retrieved from /home/airflow/.local/lib/python3.12/site-packages/airflow/example_dags/tutorial_dag.py
[2024-05-20T03:02:24.493+0000] {logging_mixin.py:188} INFO - [2024-05-20T03:02:24.493+0000] {dag.py:3096} INFO - Sync 1 DAGs
[2024-05-20T03:02:24.499+0000] {logging_mixin.py:188} INFO - [2024-05-20T03:02:24.499+0000] {dag.py:3954} INFO - Setting next_dagrun for tutorial_dag to None, run_after=None
[2024-05-20T03:02:24.509+0000] {processor.py:183} INFO - Processing /home/airflow/.local/lib/python3.12/site-packages/airflow/example_dags/tutorial_dag.py took 0.037 seconds
[2024-05-20T03:02:54.570+0000] {processor.py:161} INFO - Started process (PID=1334) to work on /home/airflow/.local/lib/python3.12/site-packages/airflow/example_dags/tutorial_dag.py
[2024-05-20T03:02:54.570+0000] {processor.py:830} INFO - Processing file /home/airflow/.local/lib/python3.12/site-packages/airflow/example_dags/tutorial_dag.py for tasks to queue
[2024-05-20T03:02:54.571+0000] {logging_mixin.py:188} INFO - [2024-05-20T03:02:54.571+0000] {dagbag.py:545} INFO - Filling up the DagBag from /home/airflow/.local/lib/python3.12/site-packages/airflow/example_dags/tutorial_dag.py
[2024-05-20T03:02:54.574+0000] {processor.py:840} INFO - DAG(s) 'tutorial_dag' retrieved from /home/airflow/.local/lib/python3.12/site-packages/airflow/example_dags/tutorial_dag.py
[2024-05-20T03:02:54.584+0000] {logging_mixin.py:188} INFO - [2024-05-20T03:02:54.584+0000] {dag.py:3096} INFO - Sync 1 DAGs
[2024-05-20T03:02:54.589+0000] {logging_mixin.py:188} INFO - [2024-05-20T03:02:54.589+0000] {dag.py:3954} INFO - Setting next_dagrun for tutorial_dag to None, run_after=None
[2024-05-20T03:02:54.598+0000] {processor.py:183} INFO - Processing /home/airflow/.local/lib/python3.12/site-packages/airflow/example_dags/tutorial_dag.py took 0.031 seconds
[2024-05-20T03:03:24.679+0000] {processor.py:161} INFO - Started process (PID=1392) to work on /home/airflow/.local/lib/python3.12/site-packages/airflow/example_dags/tutorial_dag.py
[2024-05-20T03:03:24.679+0000] {processor.py:830} INFO - Processing file /home/airflow/.local/lib/python3.12/site-packages/airflow/example_dags/tutorial_dag.py for tasks to queue
[2024-05-20T03:03:24.680+0000] {logging_mixin.py:188} INFO - [2024-05-20T03:03:24.680+0000] {dagbag.py:545} INFO - Filling up the DagBag from /home/airflow/.local/lib/python3.12/site-packages/airflow/example_dags/tutorial_dag.py
[2024-05-20T03:03:24.683+0000] {processor.py:840} INFO - DAG(s) 'tutorial_dag' retrieved from /home/airflow/.local/lib/python3.12/site-packages/airflow/example_dags/tutorial_dag.py
[2024-05-20T03:03:24.694+0000] {logging_mixin.py:188} INFO - [2024-05-20T03:03:24.694+0000] {dag.py:3096} INFO - Sync 1 DAGs
[2024-05-20T03:03:24.700+0000] {logging_mixin.py:188} INFO - [2024-05-20T03:03:24.700+0000] {dag.py:3954} INFO - Setting next_dagrun for tutorial_dag to None, run_after=None
[2024-05-20T03:03:24.709+0000] {processor.py:183} INFO - Processing /home/airflow/.local/lib/python3.12/site-packages/airflow/example_dags/tutorial_dag.py took 0.034 seconds
[2024-05-20T03:04:13.612+0000] {processor.py:161} INFO - Started process (PID=57) to work on /home/airflow/.local/lib/python3.12/site-packages/airflow/example_dags/tutorial_dag.py
[2024-05-20T03:04:13.624+0000] {processor.py:830} INFO - Processing file /home/airflow/.local/lib/python3.12/site-packages/airflow/example_dags/tutorial_dag.py for tasks to queue
[2024-05-20T03:04:13.629+0000] {logging_mixin.py:188} INFO - [2024-05-20T03:04:13.629+0000] {dagbag.py:545} INFO - Filling up the DagBag from /home/airflow/.local/lib/python3.12/site-packages/airflow/example_dags/tutorial_dag.py
[2024-05-20T03:04:13.644+0000] {processor.py:840} INFO - DAG(s) 'tutorial_dag' retrieved from /home/airflow/.local/lib/python3.12/site-packages/airflow/example_dags/tutorial_dag.py
[2024-05-20T03:04:13.676+0000] {logging_mixin.py:188} INFO - [2024-05-20T03:04:13.675+0000] {dag.py:3096} INFO - Sync 1 DAGs
[2024-05-20T03:04:13.687+0000] {logging_mixin.py:188} INFO - [2024-05-20T03:04:13.687+0000] {dag.py:3954} INFO - Setting next_dagrun for tutorial_dag to None, run_after=None
[2024-05-20T03:04:13.717+0000] {processor.py:183} INFO - Processing /home/airflow/.local/lib/python3.12/site-packages/airflow/example_dags/tutorial_dag.py took 0.124 seconds
[2024-05-20T03:04:44.333+0000] {processor.py:161} INFO - Started process (PID=115) to work on /home/airflow/.local/lib/python3.12/site-packages/airflow/example_dags/tutorial_dag.py
[2024-05-20T03:04:44.334+0000] {processor.py:830} INFO - Processing file /home/airflow/.local/lib/python3.12/site-packages/airflow/example_dags/tutorial_dag.py for tasks to queue
[2024-05-20T03:04:44.335+0000] {logging_mixin.py:188} INFO - [2024-05-20T03:04:44.335+0000] {dagbag.py:545} INFO - Filling up the DagBag from /home/airflow/.local/lib/python3.12/site-packages/airflow/example_dags/tutorial_dag.py
[2024-05-20T03:04:44.338+0000] {processor.py:840} INFO - DAG(s) 'tutorial_dag' retrieved from /home/airflow/.local/lib/python3.12/site-packages/airflow/example_dags/tutorial_dag.py
[2024-05-20T03:04:44.392+0000] {logging_mixin.py:188} INFO - [2024-05-20T03:04:44.391+0000] {dag.py:3096} INFO - Sync 1 DAGs
[2024-05-20T03:04:44.397+0000] {logging_mixin.py:188} INFO - [2024-05-20T03:04:44.397+0000] {dag.py:3954} INFO - Setting next_dagrun for tutorial_dag to None, run_after=None
[2024-05-20T03:04:44.407+0000] {processor.py:183} INFO - Processing /home/airflow/.local/lib/python3.12/site-packages/airflow/example_dags/tutorial_dag.py took 0.077 seconds
[2024-05-20T03:05:15.259+0000] {processor.py:161} INFO - Started process (PID=172) to work on /home/airflow/.local/lib/python3.12/site-packages/airflow/example_dags/tutorial_dag.py
[2024-05-20T03:05:15.260+0000] {processor.py:830} INFO - Processing file /home/airflow/.local/lib/python3.12/site-packages/airflow/example_dags/tutorial_dag.py for tasks to queue
[2024-05-20T03:05:15.261+0000] {logging_mixin.py:188} INFO - [2024-05-20T03:05:15.261+0000] {dagbag.py:545} INFO - Filling up the DagBag from /home/airflow/.local/lib/python3.12/site-packages/airflow/example_dags/tutorial_dag.py
[2024-05-20T03:05:15.264+0000] {processor.py:840} INFO - DAG(s) 'tutorial_dag' retrieved from /home/airflow/.local/lib/python3.12/site-packages/airflow/example_dags/tutorial_dag.py
[2024-05-20T03:05:15.274+0000] {logging_mixin.py:188} INFO - [2024-05-20T03:05:15.274+0000] {dag.py:3096} INFO - Sync 1 DAGs
[2024-05-20T03:05:15.282+0000] {logging_mixin.py:188} INFO - [2024-05-20T03:05:15.281+0000] {dag.py:3954} INFO - Setting next_dagrun for tutorial_dag to None, run_after=None
[2024-05-20T03:05:15.291+0000] {processor.py:183} INFO - Processing /home/airflow/.local/lib/python3.12/site-packages/airflow/example_dags/tutorial_dag.py took 0.034 seconds
[2024-05-20T03:05:45.935+0000] {processor.py:161} INFO - Started process (PID=230) to work on /home/airflow/.local/lib/python3.12/site-packages/airflow/example_dags/tutorial_dag.py
[2024-05-20T03:05:45.935+0000] {processor.py:830} INFO - Processing file /home/airflow/.local/lib/python3.12/site-packages/airflow/example_dags/tutorial_dag.py for tasks to queue
[2024-05-20T03:05:45.936+0000] {logging_mixin.py:188} INFO - [2024-05-20T03:05:45.936+0000] {dagbag.py:545} INFO - Filling up the DagBag from /home/airflow/.local/lib/python3.12/site-packages/airflow/example_dags/tutorial_dag.py
[2024-05-20T03:05:45.939+0000] {processor.py:840} INFO - DAG(s) 'tutorial_dag' retrieved from /home/airflow/.local/lib/python3.12/site-packages/airflow/example_dags/tutorial_dag.py
[2024-05-20T03:05:45.951+0000] {logging_mixin.py:188} INFO - [2024-05-20T03:05:45.951+0000] {dag.py:3096} INFO - Sync 1 DAGs
[2024-05-20T03:05:45.958+0000] {logging_mixin.py:188} INFO - [2024-05-20T03:05:45.958+0000] {dag.py:3954} INFO - Setting next_dagrun for tutorial_dag to None, run_after=None
[2024-05-20T03:05:45.967+0000] {processor.py:183} INFO - Processing /home/airflow/.local/lib/python3.12/site-packages/airflow/example_dags/tutorial_dag.py took 0.036 seconds
[2024-05-20T03:06:16.665+0000] {processor.py:161} INFO - Started process (PID=287) to work on /home/airflow/.local/lib/python3.12/site-packages/airflow/example_dags/tutorial_dag.py
[2024-05-20T03:06:16.665+0000] {processor.py:830} INFO - Processing file /home/airflow/.local/lib/python3.12/site-packages/airflow/example_dags/tutorial_dag.py for tasks to queue
[2024-05-20T03:06:16.667+0000] {logging_mixin.py:188} INFO - [2024-05-20T03:06:16.666+0000] {dagbag.py:545} INFO - Filling up the DagBag from /home/airflow/.local/lib/python3.12/site-packages/airflow/example_dags/tutorial_dag.py
[2024-05-20T03:06:16.669+0000] {processor.py:840} INFO - DAG(s) 'tutorial_dag' retrieved from /home/airflow/.local/lib/python3.12/site-packages/airflow/example_dags/tutorial_dag.py
[2024-05-20T03:06:16.680+0000] {logging_mixin.py:188} INFO - [2024-05-20T03:06:16.680+0000] {dag.py:3096} INFO - Sync 1 DAGs
[2024-05-20T03:06:16.685+0000] {logging_mixin.py:188} INFO - [2024-05-20T03:06:16.685+0000] {dag.py:3954} INFO - Setting next_dagrun for tutorial_dag to None, run_after=None
[2024-05-20T03:06:16.695+0000] {processor.py:183} INFO - Processing /home/airflow/.local/lib/python3.12/site-packages/airflow/example_dags/tutorial_dag.py took 0.033 seconds
[2024-05-20T03:06:47.356+0000] {processor.py:161} INFO - Started process (PID=345) to work on /home/airflow/.local/lib/python3.12/site-packages/airflow/example_dags/tutorial_dag.py
[2024-05-20T03:06:47.357+0000] {processor.py:830} INFO - Processing file /home/airflow/.local/lib/python3.12/site-packages/airflow/example_dags/tutorial_dag.py for tasks to queue
[2024-05-20T03:06:47.358+0000] {logging_mixin.py:188} INFO - [2024-05-20T03:06:47.357+0000] {dagbag.py:545} INFO - Filling up the DagBag from /home/airflow/.local/lib/python3.12/site-packages/airflow/example_dags/tutorial_dag.py
[2024-05-20T03:06:47.360+0000] {processor.py:840} INFO - DAG(s) 'tutorial_dag' retrieved from /home/airflow/.local/lib/python3.12/site-packages/airflow/example_dags/tutorial_dag.py
[2024-05-20T03:06:47.371+0000] {logging_mixin.py:188} INFO - [2024-05-20T03:06:47.370+0000] {dag.py:3096} INFO - Sync 1 DAGs
[2024-05-20T03:06:47.376+0000] {logging_mixin.py:188} INFO - [2024-05-20T03:06:47.376+0000] {dag.py:3954} INFO - Setting next_dagrun for tutorial_dag to None, run_after=None
[2024-05-20T03:06:47.384+0000] {processor.py:183} INFO - Processing /home/airflow/.local/lib/python3.12/site-packages/airflow/example_dags/tutorial_dag.py took 0.031 seconds
[2024-05-20T03:07:18.106+0000] {processor.py:161} INFO - Started process (PID=403) to work on /home/airflow/.local/lib/python3.12/site-packages/airflow/example_dags/tutorial_dag.py
[2024-05-20T03:07:18.106+0000] {processor.py:830} INFO - Processing file /home/airflow/.local/lib/python3.12/site-packages/airflow/example_dags/tutorial_dag.py for tasks to queue
[2024-05-20T03:07:18.108+0000] {logging_mixin.py:188} INFO - [2024-05-20T03:07:18.107+0000] {dagbag.py:545} INFO - Filling up the DagBag from /home/airflow/.local/lib/python3.12/site-packages/airflow/example_dags/tutorial_dag.py
[2024-05-20T03:07:18.111+0000] {processor.py:840} INFO - DAG(s) 'tutorial_dag' retrieved from /home/airflow/.local/lib/python3.12/site-packages/airflow/example_dags/tutorial_dag.py
[2024-05-20T03:07:18.121+0000] {logging_mixin.py:188} INFO - [2024-05-20T03:07:18.121+0000] {dag.py:3096} INFO - Sync 1 DAGs
[2024-05-20T03:07:18.127+0000] {logging_mixin.py:188} INFO - [2024-05-20T03:07:18.127+0000] {dag.py:3954} INFO - Setting next_dagrun for tutorial_dag to None, run_after=None
[2024-05-20T03:07:18.135+0000] {processor.py:183} INFO - Processing /home/airflow/.local/lib/python3.12/site-packages/airflow/example_dags/tutorial_dag.py took 0.032 seconds
[2024-05-20T03:07:59.223+0000] {processor.py:161} INFO - Started process (PID=58) to work on /home/airflow/.local/lib/python3.12/site-packages/airflow/example_dags/tutorial_dag.py
[2024-05-20T03:07:59.223+0000] {processor.py:830} INFO - Processing file /home/airflow/.local/lib/python3.12/site-packages/airflow/example_dags/tutorial_dag.py for tasks to queue
[2024-05-20T03:07:59.226+0000] {logging_mixin.py:188} INFO - [2024-05-20T03:07:59.225+0000] {dagbag.py:545} INFO - Filling up the DagBag from /home/airflow/.local/lib/python3.12/site-packages/airflow/example_dags/tutorial_dag.py
[2024-05-20T03:07:59.230+0000] {processor.py:840} INFO - DAG(s) 'tutorial_dag' retrieved from /home/airflow/.local/lib/python3.12/site-packages/airflow/example_dags/tutorial_dag.py
[2024-05-20T03:07:59.240+0000] {logging_mixin.py:188} INFO - [2024-05-20T03:07:59.239+0000] {dag.py:3096} INFO - Sync 1 DAGs
[2024-05-20T03:07:59.247+0000] {logging_mixin.py:188} INFO - [2024-05-20T03:07:59.247+0000] {dag.py:3954} INFO - Setting next_dagrun for tutorial_dag to None, run_after=None
[2024-05-20T03:07:59.258+0000] {processor.py:183} INFO - Processing /home/airflow/.local/lib/python3.12/site-packages/airflow/example_dags/tutorial_dag.py took 0.038 seconds
[2024-05-20T03:08:30.697+0000] {processor.py:161} INFO - Started process (PID=116) to work on /home/airflow/.local/lib/python3.12/site-packages/airflow/example_dags/tutorial_dag.py
[2024-05-20T03:08:30.698+0000] {processor.py:830} INFO - Processing file /home/airflow/.local/lib/python3.12/site-packages/airflow/example_dags/tutorial_dag.py for tasks to queue
[2024-05-20T03:08:30.699+0000] {logging_mixin.py:188} INFO - [2024-05-20T03:08:30.699+0000] {dagbag.py:545} INFO - Filling up the DagBag from /home/airflow/.local/lib/python3.12/site-packages/airflow/example_dags/tutorial_dag.py
[2024-05-20T03:08:30.702+0000] {processor.py:840} INFO - DAG(s) 'tutorial_dag' retrieved from /home/airflow/.local/lib/python3.12/site-packages/airflow/example_dags/tutorial_dag.py
[2024-05-20T03:08:30.748+0000] {logging_mixin.py:188} INFO - [2024-05-20T03:08:30.748+0000] {dag.py:3096} INFO - Sync 1 DAGs
[2024-05-20T03:08:30.753+0000] {logging_mixin.py:188} INFO - [2024-05-20T03:08:30.753+0000] {dag.py:3954} INFO - Setting next_dagrun for tutorial_dag to None, run_after=None
[2024-05-20T03:08:30.762+0000] {processor.py:183} INFO - Processing /home/airflow/.local/lib/python3.12/site-packages/airflow/example_dags/tutorial_dag.py took 0.068 seconds
[2024-05-20T03:09:01.742+0000] {processor.py:161} INFO - Started process (PID=174) to work on /home/airflow/.local/lib/python3.12/site-packages/airflow/example_dags/tutorial_dag.py
[2024-05-20T03:09:01.742+0000] {processor.py:830} INFO - Processing file /home/airflow/.local/lib/python3.12/site-packages/airflow/example_dags/tutorial_dag.py for tasks to queue
[2024-05-20T03:09:01.743+0000] {logging_mixin.py:188} INFO - [2024-05-20T03:09:01.743+0000] {dagbag.py:545} INFO - Filling up the DagBag from /home/airflow/.local/lib/python3.12/site-packages/airflow/example_dags/tutorial_dag.py
[2024-05-20T03:09:01.746+0000] {processor.py:840} INFO - DAG(s) 'tutorial_dag' retrieved from /home/airflow/.local/lib/python3.12/site-packages/airflow/example_dags/tutorial_dag.py
[2024-05-20T03:09:01.756+0000] {logging_mixin.py:188} INFO - [2024-05-20T03:09:01.756+0000] {dag.py:3096} INFO - Sync 1 DAGs
[2024-05-20T03:09:01.762+0000] {logging_mixin.py:188} INFO - [2024-05-20T03:09:01.762+0000] {dag.py:3954} INFO - Setting next_dagrun for tutorial_dag to None, run_after=None
[2024-05-20T03:09:01.769+0000] {processor.py:183} INFO - Processing /home/airflow/.local/lib/python3.12/site-packages/airflow/example_dags/tutorial_dag.py took 0.031 seconds
